#
# There is insufficient memory for the Java Runtime Environment to continue.
# Native memory allocation (malloc) failed to allocate 32744 bytes for ChunkPool::allocate
# Possible reasons:
#   The system is out of physical RAM or swap space
#   In 32 bit mode, the process size limit was hit
# Possible solutions:
#   Reduce memory load on the system
#   Increase physical memory or swap space
#   Check if swap backing store is full
#   Use 64 bit Java on a 64 bit OS
#   Decrease Java heap size (-Xmx/-Xms)
#   Decrease number of Java threads
#   Decrease Java thread stack sizes (-Xss)
#   Set larger code cache with -XX:ReservedCodeCacheSize=
# This output file may be truncated or incomplete.
#
#  Out of Memory Error (allocation.cpp:273), pid=66384, tid=0x000000000000fd2c
#
# JRE version: OpenJDK Runtime Environment (8.0_76-b01) (build 1.8.0_76-release-b01)
# Java VM: OpenJDK 64-Bit Server VM (25.76-b01 mixed mode windows-amd64 compressed oops)
# Failed to write core dump. Minidumps are not enabled by default on client versions of Windows
#

---------------  T H R E A D  ---------------

Current thread (0x0000000016462000):  JavaThread "C2 CompilerThread1" daemon [_thread_in_native, id=64812, stack(0x0000000016810000,0x0000000016910000)]

Stack: [0x0000000016810000,0x0000000016910000]
[error occurred during error reporting (printing stack bounds), id 0xc0000005]

Native frames: (J=compiled Java code, j=interpreted, Vv=VM code, C=native code)


Current CompileTask:
C2:   2117  580       4       java.util.HashSet::contains (9 bytes)


---------------  P R O C E S S  ---------------

Java Threads: ( => current thread )
  0x0000000016679000 JavaThread "pool-1-thread-4" [_thread_in_Java, id=66124, stack(0x0000000017010000,0x0000000017110000)]
  0x0000000016677000 JavaThread "pool-1-thread-3" [_thread_in_Java, id=65720, stack(0x0000000016f10000,0x0000000017010000)]
  0x0000000016672800 JavaThread "pool-1-thread-2" [_thread_in_Java, id=65976, stack(0x0000000016e10000,0x0000000016f10000)]
  0x000000001666c800 JavaThread "pool-2-thread-1" [_thread_blocked, id=63944, stack(0x0000000016d10000,0x0000000016e10000)]
  0x000000001666b800 JavaThread "pool-1-thread-1" [_thread_in_Java, id=65644, stack(0x0000000016c10000,0x0000000016d10000)]
  0x000000001646f800 JavaThread "Service Thread" daemon [_thread_blocked, id=65900, stack(0x0000000016a10000,0x0000000016b10000)]
  0x0000000016468000 JavaThread "C1 CompilerThread2" daemon [_thread_in_vm, id=66288, stack(0x0000000016910000,0x0000000016a10000)]
=>0x0000000016462000 JavaThread "C2 CompilerThread1" daemon [_thread_in_native, id=64812, stack(0x0000000016810000,0x0000000016910000)]
  0x0000000014de7000 JavaThread "C2 CompilerThread0" daemon [_thread_in_native, id=66496, stack(0x0000000016310000,0x0000000016410000)]
  0x0000000014d9c800 JavaThread "Attach Listener" daemon [_thread_blocked, id=65292, stack(0x0000000016210000,0x0000000016310000)]
  0x0000000014d9b000 JavaThread "Signal Dispatcher" daemon [_thread_blocked, id=65904, stack(0x0000000016110000,0x0000000016210000)]
  0x00000000026ba000 JavaThread "Finalizer" daemon [_thread_blocked, id=29412, stack(0x0000000016010000,0x0000000016110000)]
  0x00000000026b0000 JavaThread "Reference Handler" daemon [_thread_blocked, id=65672, stack(0x0000000015f10000,0x0000000016010000)]
  0x00000000025c0800 JavaThread "main" [_thread_blocked, id=64636, stack(0x00000000024c0000,0x00000000025c0000)]

Other Threads:
  0x0000000014d55800 VMThread [stack: 0x0000000015e10000,0x0000000015f10000] [id=66192]
  0x0000000016473000 WatcherThread [stack: 0x0000000016b10000,0x0000000016c10000] [id=65960]

VM state:not at safepoint (normal execution)

VM Mutex/Monitor currently owned by a thread: None

Heap:
 PSYoungGen      total 36864K, used 12709K [0x00000000eab00000, 0x00000000ed400000, 0x0000000100000000)
  eden space 31744K, 40% used [0x00000000eab00000,0x00000000eb7695c8,0x00000000eca00000)
  from space 5120K, 0% used [0x00000000ecf00000,0x00000000ecf00000,0x00000000ed400000)
  to   space 5120K, 0% used [0x00000000eca00000,0x00000000eca00000,0x00000000ecf00000)
 ParOldGen       total 84992K, used 0K [0x00000000c0000000, 0x00000000c5300000, 0x00000000eab00000)
  object space 84992K, 0% used [0x00000000c0000000,0x00000000c0000000,0x00000000c5300000)
 Metaspace       used 5563K, capacity 6576K, committed 6784K, reserved 1056768K
  class space    used 572K, capacity 616K, committed 640K, reserved 1048576K

Card table byte_map: [0x0000000011a80000,0x0000000011c90000] byte_map_base: 0x0000000011480000

Marking Bits: (ParMarkBitMap*) 0x0000000076459d00
 Begin Bits: [0x00000000121f0000, 0x00000000131f0000)
 End Bits:   [0x00000000131f0000, 0x00000000141f0000)

Polling page: 0x0000000000510000

CodeCache: size=245760Kb used=2286Kb max_used=2286Kb free=243473Kb
 bounds [0x00000000026c0000, 0x0000000002930000, 0x00000000116c0000]
 total_blobs=831 nmethods=558 adapters=187
 compilation: enabled

Compilation events (10 events):
Event: 2.099 Thread 0x0000000014de7000  567       4       java.util.BitSet::set (58 bytes)
Event: 2.100 Thread 0x0000000016462000 nmethod 560 0x00000000028d7c90 code [0x00000000028d7de0, 0x00000000028d8098]
Event: 2.101 Thread 0x0000000014de7000 nmethod 567 0x00000000028dbf90 code [0x00000000028dc0e0, 0x00000000028dc1f8]
Event: 2.102 Thread 0x0000000016462000  574       4       java.util.ArrayList::iterator (10 bytes)
Event: 2.104 Thread 0x0000000016462000 nmethod 574 0x00000000028d7910 code [0x00000000028d7a60, 0x00000000028d7b68]
Event: 2.107 Thread 0x0000000014de7000  578       4       java.lang.String::compareTo (78 bytes)
Event: 2.110 Thread 0x0000000016462000  579       4       com.android.dx.ssa.NormalSsaInsn::getOpcode (8 bytes)
Event: 2.110 Thread 0x0000000016462000 nmethod 579 0x00000000028defd0 code [0x00000000028df100, 0x00000000028df178]
Event: 2.110 Thread 0x0000000014de7000 nmethod 578 0x00000000028debd0 code [0x00000000028ded20, 0x00000000028deeb8]
Event: 2.111 Thread 0x0000000016462000  580       4       java.util.HashSet::contains (9 bytes)

GC Heap History (0 events):
No events

Deoptimization events (2 events):
Event: 1.427 Thread 0x00000000025c0800 Uncommon trap: reason=unstable_if action=reinterpret pc=0x00000000027fae14 method=java.lang.String.indexOf(II)I @ 49
Event: 2.077 Thread 0x0000000016677000 Uncommon trap: reason=unstable_if action=reinterpret pc=0x00000000028a12c4 method=java.util.HashMap.getNode(ILjava/lang/Object;)Ljava/util/HashMap$Node; @ 62

Internal exceptions (2 events):
Event: 0.196 Thread 0x00000000025c0800 Exception <a 'java/lang/NoSuchMethodError': Method sun.misc.Unsafe.defineClass(Ljava/lang/String;[BII)Ljava/lang/Class; name or signature does not match> (0x00000000eab07cc0) thrown at [C:\src\android\AOSP-openjdk\external\jetbrains\jdk\hotspot\src\share\v è˝À∆…?
Event: 0.196 Thread 0x00000000025c0800 Exception <a 'java/lang/NoSuchMethodError': Method sun.misc.Unsafe.prefetchRead(Ljava/lang/Object;J)V name or signature does not match> (0x00000000eab07fa8) thrown at [C:\src\android\AOSP-openjdk\external\jetbrains\jdk\hotspot\src\share\vm\prims\jni.cpp, l

Events (10 events):
Event: 2.032 loading class com/android/dx/ssa/PhiInsn$Operand done
Event: 2.045 loading class com/android/dx/ssa/back/FirstFitLocalCombiningAllocator$Multiset
Event: 2.045 loading class com/android/dx/ssa/back/FirstFitLocalCombiningAllocator$Multiset done
Event: 2.050 loading class com/android/dx/dex/file/MethodAnnotationStruct
Event: 2.050 loading class com/android/dx/dex/file/MethodAnnotationStruct done
Event: 2.076 loading class com/android/dx/cf/code/Ropper$ExceptionHandlerSetup
Event: 2.076 loading class com/android/dx/cf/code/Ropper$ExceptionHandlerSetup done
Event: 2.077 Thread 0x0000000016677000 Uncommon trap: trap_request=0xffffff65 fr.pc=0x00000000028a12c4
Event: 2.077 Thread 0x0000000016677000 DEOPT PACKING pc=0x00000000028a12c4 sp=0x000000001700e420
Event: 2.077 Thread 0x0000000016677000 DEOPT UNPACKING pc=0x000000000270556a sp=0x000000001700e398 mode 2


Dynamic libraries:
0x00007ff6beda0000 - 0x00007ff6bedd5000 	E:\Android\android-studio-ide-145.2915834-windows\jre\bin\java.exe
0x00007ffc71010000 - 0x00007ffc711d1000 	C:\Windows\SYSTEM32\ntdll.dll
0x00007ffc70e50000 - 0x00007ffc70efd000 	C:\Windows\system32\KERNEL32.DLL
0x00007ffc6da90000 - 0x00007ffc6dc78000 	C:\Windows\system32\KERNELBASE.dll
0x00007ffc6eb70000 - 0x00007ffc6ec17000 	C:\Windows\system32\ADVAPI32.dll
0x00007ffc70f00000 - 0x00007ffc70f9d000 	C:\Windows\system32\msvcrt.dll
0x00007ffc6eb10000 - 0x00007ffc6eb6b000 	C:\Windows\system32\sechost.dll
0x00007ffc6ec80000 - 0x00007ffc6ed9c000 	C:\Windows\system32\RPCRT4.dll
0x00007ffc6f0f0000 - 0x00007ffc6f246000 	C:\Windows\system32\USER32.dll
0x00007ffc70960000 - 0x00007ffc70ae6000 	C:\Windows\system32\GDI32.dll
0x00007ffc5ff30000 - 0x00007ffc601a4000 	C:\Windows\WinSxS\amd64_microsoft.windows.common-controls_6595b64144ccf1df_6.0.10586.0_none_8c15ae12515e1c22\COMCTL32.dll
0x00007ffc6eda0000 - 0x00007ffc6f01d000 	C:\Windows\system32\combase.dll
0x00007ffc6d9a0000 - 0x00007ffc6da0a000 	C:\Windows\system32\bcryptPrimitives.dll
0x00007ffc6ec20000 - 0x00007ffc6ec5b000 	C:\Windows\system32\IMM32.DLL
0x0000000075bc0000 - 0x0000000075c92000 	E:\Android\android-studio-ide-145.2915834-windows\jre\jre\bin\msvcr100.dll
0x0000000075ca0000 - 0x00000000764d4000 	E:\Android\android-studio-ide-145.2915834-windows\jre\jre\bin\server\jvm.dll
0x00007ffc70c70000 - 0x00007ffc70c78000 	C:\Windows\system32\PSAPI.DLL
0x00007ffc6bc20000 - 0x00007ffc6bc29000 	C:\Windows\SYSTEM32\WSOCK32.dll
0x00007ffc70af0000 - 0x00007ffc70b5b000 	C:\Windows\system32\WS2_32.dll
0x00007ffc6b5f0000 - 0x00007ffc6b613000 	C:\Windows\SYSTEM32\WINMM.dll
0x00007ffc62e40000 - 0x00007ffc62e4a000 	C:\Windows\SYSTEM32\VERSION.dll
0x00007ffc6b590000 - 0x00007ffc6b5bc000 	C:\Windows\SYSTEM32\WINMMBASE.dll
0x00007ffc6d780000 - 0x00007ffc6d7c3000 	C:\Windows\system32\cfgmgr32.dll
0x00007ffc6bc10000 - 0x00007ffc6bc1f000 	E:\Android\android-studio-ide-145.2915834-windows\jre\jre\bin\verify.dll
0x00007ffc68150000 - 0x00007ffc68179000 	E:\Android\android-studio-ide-145.2915834-windows\jre\jre\bin\java.dll
0x00007ffc6bbd0000 - 0x00007ffc6bbe6000 	E:\Android\android-studio-ide-145.2915834-windows\jre\jre\bin\zip.dll
0x00007ffc6f400000 - 0x00007ffc7095c000 	C:\Windows\system32\SHELL32.dll
0x00007ffc6ddc0000 - 0x00007ffc6e405000 	C:\Windows\system32\windows.storage.dll
0x00007ffc70c80000 - 0x00007ffc70cd2000 	C:\Windows\system32\shlwapi.dll
0x00007ffc6d660000 - 0x00007ffc6d66f000 	C:\Windows\system32\kernel.appcore.dll
0x00007ffc6d6c0000 - 0x00007ffc6d775000 	C:\Windows\system32\shcore.dll
0x00007ffc6d670000 - 0x00007ffc6d6bb000 	C:\Windows\system32\powrprof.dll
0x00007ffc6d630000 - 0x00007ffc6d644000 	C:\Windows\system32\profapi.dll

VM Arguments:
jvm_args: -Djava.awt.headless=true -Xmx1024M -Dfile.encoding=GBK -Duser.country=CN -Duser.language=zh -Duser.variant 
java_command: com.android.dx.command.Main --dex --num-threads=4 --output E:\Teapopo\app\build\intermediates\pre-dexed\debug\ShareSDK-Instagram-2.7.1_cf990fdc21f53fd2cf2c24e6492aaea44f652c4c.jar E:\Teapopo\app\libs\ShareSDK-Instagram-2.7.1.jar
java_class_path (initial): C:\Users\lhq\AppData\Local\Android\sdk\build-tools\23.0.3\lib\dx.jar
Launcher Type: SUN_STANDARD

Environment Variables:
JAVA_HOME=C:\Program Files\Java\jdk1.8.0_91
PATH=C:\ProgramData\Oracle\Java\javapath;C:\Windows\system32;C:\Windows;C:\Windows\System32\Wbem;C:\Windows\System32\WindowsPowerShell\v1.0\;C:\Users\lhq\AppData\Local\Android\sdk\platform-tools;C:\Users\lhq\AppData\Local\Android\sdk\tools;C:\Program Files\Java\jdk1.8.0_91\bin;C:\Program Files\Java\jdk1.8.0_91\jre\bin
USERNAME=lhq
OS=Windows_NT
PROCESSOR_IDENTIFIER=Intel64 Family 6 Model 69 Stepping 1, GenuineIntel



---------------  S Y S T E M  ---------------

OS: Windows 10.0 , 64 bit Build 10586 (10.0.10586.0)

CPU:total 4 (2 cores per cpu, 2 threads per core) family 6 model 69 stepping 1, cmov, cx8, fxsr, mmx, sse, sse2, sse3, ssse3, sse4.1, sse4.2, popcnt, avx, avx2, aes, clmul, erms, lzcnt, ht, tsc, tscinvbit, bmi1, bmi2

Memory: 4k page, physical 8067548k(1119632k free), swap 8067548k(4112k free)

vm_info: OpenJDK 64-Bit Server VM (25.76-b01) for windows-amd64 JRE (1.8.0_76-release-b01), built on May 12 2016 23:29:00 by "ralucas" with MS VC++ 10.0 (VS2010)

time: Mon Jul 04 16:19:05 2016
elapsed time: 2 seconds (0d 0h 0m 2s)

