#
# There is insufficient memory for the Java Runtime Environment to continue.
# Native memory allocation (malloc) failed to allocate 32744 bytes for ChunkPool::allocate
# Possible reasons:
#   The system is out of physical RAM or swap space
#   In 32 bit mode, the process size limit was hit
# Possible solutions:
#   Reduce memory load on the system
#   Increase physical memory or swap space
#   Check if swap backing store is full
#   Use 64 bit Java on a 64 bit OS
#   Decrease Java heap size (-Xmx/-Xms)
#   Decrease number of Java threads
#   Decrease Java thread stack sizes (-Xss)
#   Set larger code cache with -XX:ReservedCodeCacheSize=
# This output file may be truncated or incomplete.
#
#  Out of Memory Error (allocation.cpp:273), pid=102744, tid=0x00000000000192e0
#
# JRE version: OpenJDK Runtime Environment (8.0_76-b01) (build 1.8.0_76-release-b01)
# Java VM: OpenJDK 64-Bit Server VM (25.76-b01 mixed mode windows-amd64 compressed oops)
# Failed to write core dump. Minidumps are not enabled by default on client versions of Windows
#

---------------  T H R E A D  ---------------

Current thread (0x0000000016426000):  JavaThread "C1 CompilerThread2" daemon [_thread_in_native, id=103136, stack(0x00000000167d0000,0x00000000168d0000)]

Stack: [0x00000000167d0000,0x00000000168d0000]
[error occurred during error reporting (printing stack bounds), id 0xc0000005]

Native frames: (J=compiled Java code, j=interpreted, Vv=VM code, C=native code)


Current CompileTask:
C1:   2013  539   !   3       com.android.dx.cf.code.BytecodeArray::parseInstruction (2764 bytes)


---------------  P R O C E S S  ---------------

Java Threads: ( => current thread )
  0x00000000165ad000 JavaThread "pool-1-thread-4" [_thread_new, id=102640, stack(0x0000000000000000,0x0000000000000000)]
  0x00000000165ac000 JavaThread "pool-1-thread-3" [_thread_new, id=102912, stack(0x0000000000000000,0x0000000000000000)]
  0x00000000165a7000 JavaThread "pool-1-thread-2" [_thread_new, id=100992, stack(0x0000000000000000,0x0000000000000000)]
  0x00000000165a3800 JavaThread "pool-2-thread-1" [_thread_blocked, id=96776, stack(0x0000000016bd0000,0x0000000016cd0000)]
  0x00000000165a1000 JavaThread "pool-1-thread-1" [_thread_in_Java, id=100468, stack(0x0000000016ad0000,0x0000000016bd0000)]
  0x0000000016430000 JavaThread "Service Thread" daemon [_thread_blocked, id=101776, stack(0x00000000168d0000,0x00000000169d0000)]
=>0x0000000016426000 JavaThread "C1 CompilerThread2" daemon [_thread_in_native, id=103136, stack(0x00000000167d0000,0x00000000168d0000)]
  0x0000000014c6a800 JavaThread "C2 CompilerThread1" daemon [_thread_blocked, id=103404, stack(0x00000000162d0000,0x00000000163d0000)]
  0x0000000014c68000 JavaThread "C2 CompilerThread0" daemon [_thread_blocked, id=101528, stack(0x00000000161d0000,0x00000000162d0000)]
  0x0000000014c1d000 JavaThread "Attach Listener" daemon [_thread_blocked, id=103276, stack(0x00000000160d0000,0x00000000161d0000)]
  0x0000000014c1c000 JavaThread "Signal Dispatcher" daemon [_thread_blocked, id=81428, stack(0x0000000015fd0000,0x00000000160d0000)]
  0x0000000014bf8800 JavaThread "Finalizer" daemon [_thread_blocked, id=102588, stack(0x0000000015e70000,0x0000000015f70000)]
  0x0000000002530000 JavaThread "Reference Handler" daemon [_thread_blocked, id=102536, stack(0x0000000015d70000,0x0000000015e70000)]
  0x0000000002440800 JavaThread "main" [_thread_in_Java, id=102836, stack(0x0000000002240000,0x0000000002340000)]

Other Threads:
  0x0000000014bd5800 VMThread [stack: 0x0000000015c70000,0x0000000015d70000] [id=102716]
  0x0000000016432000 WatcherThread [stack: 0x00000000169d0000,0x0000000016ad0000] [id=101072]

VM state:not at safepoint (normal execution)

VM Mutex/Monitor currently owned by a thread: None

Heap:
 PSYoungGen      total 36864K, used 11724K [0x00000000eab00000, 0x00000000ed400000, 0x0000000100000000)
  eden space 31744K, 36% used [0x00000000eab00000,0x00000000eb6733a8,0x00000000eca00000)
  from space 5120K, 0% used [0x00000000ecf00000,0x00000000ecf00000,0x00000000ed400000)
  to   space 5120K, 0% used [0x00000000eca00000,0x00000000eca00000,0x00000000ecf00000)
 ParOldGen       total 84992K, used 0K [0x00000000c0000000, 0x00000000c5300000, 0x00000000eab00000)
  object space 84992K, 0% used [0x00000000c0000000,0x00000000c0000000,0x00000000c5300000)
 Metaspace       used 5455K, capacity 6448K, committed 6528K, reserved 1056768K
  class space    used 570K, capacity 616K, committed 640K, reserved 1048576K

Card table byte_map: [0x0000000011900000,0x0000000011b10000] byte_map_base: 0x0000000011300000

Marking Bits: (ParMarkBitMap*) 0x000000005f499d00
 Begin Bits: [0x0000000012070000, 0x0000000013070000)
 End Bits:   [0x0000000013070000, 0x0000000014070000)

Polling page: 0x0000000000500000

CodeCache: size=245760Kb used=2207Kb max_used=2209Kb free=243553Kb
 bounds [0x0000000002540000, 0x00000000027b0000, 0x0000000011540000]
 total_blobs=808 nmethods=538 adapters=184
 compilation: enabled

Compilation events (10 events):
Event: 1.997 Thread 0x0000000016426000 nmethod 534 0x0000000002765550 code [0x00000000027656c0, 0x0000000002765988]
Event: 1.997 Thread 0x0000000016426000  535       3       com.android.dx.ssa.SsaBasicBlock::getCountPhiInsns (45 bytes)
Event: 1.998 Thread 0x0000000016426000 nmethod 535 0x0000000002764850 code [0x0000000002764a20, 0x0000000002765118]
Event: 1.998 Thread 0x0000000016426000  536       3       java.util.ArrayList::subList (22 bytes)
Event: 1.998 Thread 0x0000000016426000 nmethod 536 0x0000000002768c90 code [0x0000000002768e00, 0x0000000002769058]
Event: 1.998 Thread 0x0000000016426000  537       3       java.util.ArrayList$SubList::size (9 bytes)
Event: 1.998 Thread 0x0000000016426000 nmethod 537 0x0000000002768750 code [0x00000000027688c0, 0x0000000002768b48]
Event: 1.999 Thread 0x0000000016426000  538       1       com.android.dx.dex.code.DalvInsn::getPosition (5 bytes)
Event: 1.999 Thread 0x0000000016426000 nmethod 538 0x0000000002768490 code [0x00000000027685e0, 0x00000000027686f0]
Event: 1.999 Thread 0x0000000016426000  539   !   3       com.android.dx.cf.code.BytecodeArray::parseInstruction (2764 bytes)

GC Heap History (0 events):
No events

Deoptimization events (1 events):
Event: 0.898 Thread 0x0000000002440800 Uncommon trap: reason=unstable_if action=reinterpret pc=0x0000000002679dd0 method=java.lang.String.indexOf(II)I @ 49

Internal exceptions (2 events):
Event: 0.076 Thread 0x0000000002440800 Exception <a 'java/lang/NoSuchMethodError': Method sun.misc.Unsafe.defineClass(Ljava/lang/String;[BII)Ljava/lang/Class; name or signature does not match> (0x00000000eab07cc0) thrown at [C:\src\android\AOSP-openjdk\external\jetbrains\jdk\hotspot\src\share\vc"íw³?
Event: 0.076 Thread 0x0000000002440800 Exception <a 'java/lang/NoSuchMethodError': Method sun.misc.Unsafe.prefetchRead(Ljava/lang/Object;J)V name or signature does not match> (0x00000000eab07fa8) thrown at [C:\src\android\AOSP-openjdk\external\jetbrains\jdk\hotspot\src\share\vm\prims\jni.cpp, l

Events (10 events):
Event: 1.890 loading class com/android/dx/dex/file/DebugInfoItem
Event: 1.890 loading class com/android/dx/dex/file/DebugInfoItem done
Event: 1.891 loading class com/android/dx/rop/annotation/AnnotationsList
Event: 1.891 loading class com/android/dx/rop/annotation/AnnotationsList done
Event: 1.891 loading class com/android/dx/dex/file/MethodIdItem
Event: 1.891 loading class com/android/dx/dex/file/MethodIdItem done
Event: 1.930 loading class com/android/dx/rop/cst/CstArray$List
Event: 1.930 loading class com/android/dx/rop/cst/CstArray$List done
Event: 1.969 loading class com/android/dx/ssa/PhiInsn$Operand
Event: 1.969 loading class com/android/dx/ssa/PhiInsn$Operand done


Dynamic libraries:
0x00007ff6a3010000 - 0x00007ff6a3045000 	E:\Android\android-studio-ide-145.2915834-windows\jre\bin\java.exe
0x00007ffecf410000 - 0x00007ffecf5d1000 	C:\Windows\SYSTEM32\ntdll.dll
0x00007ffecef70000 - 0x00007ffecf01d000 	C:\Windows\system32\KERNEL32.DLL
0x00007ffecc330000 - 0x00007ffecc518000 	C:\Windows\system32\KERNELBASE.dll
0x00007ffecc9e0000 - 0x00007ffecca87000 	C:\Windows\system32\ADVAPI32.dll
0x00007ffece4c0000 - 0x00007ffece55d000 	C:\Windows\system32\msvcrt.dll
0x00007ffeccd10000 - 0x00007ffeccd6b000 	C:\Windows\system32\sechost.dll
0x00007ffece730000 - 0x00007ffece84c000 	C:\Windows\system32\RPCRT4.dll
0x00007ffece920000 - 0x00007ffecea76000 	C:\Windows\system32\USER32.dll
0x00007ffeccd90000 - 0x00007ffeccf16000 	C:\Windows\system32\GDI32.dll
0x00007ffebe600000 - 0x00007ffebe874000 	C:\Windows\WinSxS\amd64_microsoft.windows.common-controls_6595b64144ccf1df_6.0.10586.0_none_8c15ae12515e1c22\COMCTL32.dll
0x00007ffecca90000 - 0x00007ffeccd0d000 	C:\Windows\system32\combase.dll
0x00007ffecc520000 - 0x00007ffecc58a000 	C:\Windows\system32\bcryptPrimitives.dll
0x00007ffeccf20000 - 0x00007ffeccf5b000 	C:\Windows\system32\IMM32.DLL
0x00000000600f0000 - 0x00000000601c2000 	E:\Android\android-studio-ide-145.2915834-windows\jre\jre\bin\msvcr100.dll
0x000000005ece0000 - 0x000000005f514000 	E:\Android\android-studio-ide-145.2915834-windows\jre\jre\bin\server\jvm.dll
0x00007ffecf1d0000 - 0x00007ffecf1d8000 	C:\Windows\system32\PSAPI.DLL
0x00007ffec9c20000 - 0x00007ffec9c29000 	C:\Windows\SYSTEM32\WSOCK32.dll
0x00007ffece560000 - 0x00007ffece5cb000 	C:\Windows\system32\WS2_32.dll
0x00007ffec9d40000 - 0x00007ffec9d63000 	C:\Windows\SYSTEM32\WINMM.dll
0x00007ffec1700000 - 0x00007ffec170a000 	C:\Windows\SYSTEM32\VERSION.dll
0x00007ffec9bf0000 - 0x00007ffec9c1c000 	C:\Windows\SYSTEM32\WINMMBASE.dll
0x00007ffecbbd0000 - 0x00007ffecbc13000 	C:\Windows\system32\cfgmgr32.dll
0x00007ffec8ed0000 - 0x00007ffec8edf000 	E:\Android\android-studio-ide-145.2915834-windows\jre\jre\bin\verify.dll
0x00007ffec8d20000 - 0x00007ffec8d49000 	E:\Android\android-studio-ide-145.2915834-windows\jre\jre\bin\java.dll
0x00007ffec8d00000 - 0x00007ffec8d16000 	E:\Android\android-studio-ide-145.2915834-windows\jre\jre\bin\zip.dll
0x00007ffeccf60000 - 0x00007ffece4bc000 	C:\Windows\system32\SHELL32.dll
0x00007ffecbce0000 - 0x00007ffecc325000 	C:\Windows\system32\windows.storage.dll
0x00007ffecea80000 - 0x00007ffecead2000 	C:\Windows\system32\shlwapi.dll
0x00007ffecba90000 - 0x00007ffecba9f000 	C:\Windows\system32\kernel.appcore.dll
0x00007ffecbc20000 - 0x00007ffecbcd5000 	C:\Windows\system32\shcore.dll
0x00007ffecba30000 - 0x00007ffecba7b000 	C:\Windows\system32\powrprof.dll
0x00007ffecbaa0000 - 0x00007ffecbab4000 	C:\Windows\system32\profapi.dll

VM Arguments:
jvm_args: -Djava.awt.headless=true -Xmx1024M -Dfile.encoding=GBK -Duser.country=CN -Duser.language=zh -Duser.variant 
java_command: com.android.dx.command.Main --dex --num-threads=4 --output E:\Teapopo\app\build\intermediates\pre-dexed\debug\com.squareup.leakcanary-leakcanary-android-1.4-beta2_1e99f656349be8d1f2a522053efe5c5077f80e7c.jar E:\Teapopo\app\build\intermediates\exploded-aar\com.squareup.leakcanary\leakcanary-android\1.4-beta2\jars\classes.jar
java_class_path (initial): C:\Users\lhq\AppData\Local\Android\sdk\build-tools\23.0.3\lib\dx.jar
Launcher Type: SUN_STANDARD

Environment Variables:
JAVA_HOME=C:\Program Files\Java\jdk1.8.0_91
PATH=C:\ProgramData\Oracle\Java\javapath;C:\Windows\system32;C:\Windows;C:\Windows\System32\Wbem;C:\Windows\System32\WindowsPowerShell\v1.0\;C:\Users\lhq\AppData\Local\Android\sdk\platform-tools;C:\Users\lhq\AppData\Local\Android\sdk\tools;C:\Program Files\Java\jdk1.8.0_91\bin;C:\Program Files\Java\jdk1.8.0_91\jre\bin
USERNAME=lhq
OS=Windows_NT
PROCESSOR_IDENTIFIER=Intel64 Family 6 Model 69 Stepping 1, GenuineIntel



---------------  S Y S T E M  ---------------

OS: Windows 10.0 , 64 bit Build 10586 (10.0.10586.0)

CPU:total 4 (2 cores per cpu, 2 threads per core) family 6 model 69 stepping 1, cmov, cx8, fxsr, mmx, sse, sse2, sse3, ssse3, sse4.1, sse4.2, popcnt, avx, avx2, aes, clmul, erms, lzcnt, ht, tsc, tscinvbit, bmi1, bmi2

Memory: 4k page, physical 8067548k(1319152k free), swap 8067548k(5136k free)

vm_info: OpenJDK 64-Bit Server VM (25.76-b01) for windows-amd64 JRE (1.8.0_76-release-b01), built on May 12 2016 23:29:00 by "ralucas" with MS VC++ 10.0 (VS2010)

time: Thu Jul 07 11:09:57 2016
elapsed time: 2 seconds (0d 0h 0m 2s)

