#
# There is insufficient memory for the Java Runtime Environment to continue.
# Native memory allocation (malloc) failed to allocate 251056 bytes for Chunk::new
# Possible reasons:
#   The system is out of physical RAM or swap space
#   In 32 bit mode, the process size limit was hit
# Possible solutions:
#   Reduce memory load on the system
#   Increase physical memory or swap space
#   Check if swap backing store is full
#   Use 64 bit Java on a 64 bit OS
#   Decrease Java heap size (-Xmx/-Xms)
#   Decrease number of Java threads
#   Decrease Java thread stack sizes (-Xss)
#   Set larger code cache with -XX:ReservedCodeCacheSize=
# This output file may be truncated or incomplete.
#
#  Out of Memory Error (allocation.cpp:390), pid=168568, tid=0x00000000000298bc
#
# JRE version: OpenJDK Runtime Environment (8.0_76-b01) (build 1.8.0_76-release-b01)
# Java VM: OpenJDK 64-Bit Server VM (25.76-b01 mixed mode windows-amd64 compressed oops)
# Failed to write core dump. Minidumps are not enabled by default on client versions of Windows
#

---------------  T H R E A D  ---------------

Current thread (0x0000000014d1d800):  JavaThread "C2 CompilerThread0" daemon [_thread_in_native, id=170172, stack(0x0000000016260000,0x0000000016360000)]

Stack: [0x0000000016260000,0x0000000016360000]
[error occurred during error reporting (printing stack bounds), id 0xc0000005]

Native frames: (J=compiled Java code, j=interpreted, Vv=VM code, C=native code)


Current CompileTask:
C2:  10950 2280       4       com.android.dx.ssa.SCCP::simulateBranch (666 bytes)


---------------  P R O C E S S  ---------------

Java Threads: ( => current thread )
  0x00000000164bd800 JavaThread "Service Thread" daemon [_thread_blocked, id=171004, stack(0x0000000016960000,0x0000000016a60000)]
  0x00000000164b5800 JavaThread "C1 CompilerThread2" daemon [_thread_in_vm, id=168732, stack(0x0000000016860000,0x0000000016960000)]
  0x0000000014d6b800 JavaThread "C2 CompilerThread1" daemon [_thread_in_native, id=169560, stack(0x0000000016360000,0x0000000016460000)]
=>0x0000000014d1d800 JavaThread "C2 CompilerThread0" daemon [_thread_in_native, id=170172, stack(0x0000000016260000,0x0000000016360000)]
  0x0000000014d1c000 JavaThread "Attach Listener" daemon [_thread_blocked, id=167220, stack(0x0000000016160000,0x0000000016260000)]
  0x0000000014d1b000 JavaThread "Signal Dispatcher" daemon [_thread_blocked, id=169124, stack(0x0000000016060000,0x0000000016160000)]
  0x0000000014cf8000 JavaThread "Finalizer" daemon [_thread_blocked, id=161732, stack(0x0000000015f60000,0x0000000016060000)]
  0x0000000002630000 JavaThread "Reference Handler" daemon [_thread_blocked, id=170520, stack(0x0000000015e60000,0x0000000015f60000)]
  0x0000000002540800 JavaThread "main" [_thread_in_vm, id=170960, stack(0x0000000002440000,0x0000000002540000)]

Other Threads:
  0x0000000014cd5800 VMThread [stack: 0x0000000015d60000,0x0000000015e60000] [id=167412]
  0x00000000164bf800 WatcherThread [stack: 0x0000000016a60000,0x0000000016b60000] [id=169548]

VM state:not at safepoint (normal execution)

VM Mutex/Monitor currently owned by a thread:  ([mutex/lock_event])
[0x000000000243cff0] MethodData_lock - owner thread: 0x0000000000000000

Heap:
 PSYoungGen      total 53248K, used 6699K [0x00000000eab00000, 0x00000000f4f00000, 0x0000000100000000)
  eden space 48128K, 3% used [0x00000000eab00000,0x00000000eac8acb8,0x00000000eda00000)
  from space 5120K, 100% used [0x00000000eee00000,0x00000000ef300000,0x00000000ef300000)
  to   space 20480K, 0% used [0x00000000eda00000,0x00000000eda00000,0x00000000eee00000)
 ParOldGen       total 84992K, used 54673K [0x00000000c0000000, 0x00000000c5300000, 0x00000000eab00000)
  object space 84992K, 64% used [0x00000000c0000000,0x00000000c35645e0,0x00000000c5300000)
 Metaspace       used 6531K, capacity 7224K, committed 7296K, reserved 1056768K
  class space    used 602K, capacity 624K, committed 640K, reserved 1048576K

Card table byte_map: [0x0000000011a00000,0x0000000011c10000] byte_map_base: 0x0000000011400000

Marking Bits: (ParMarkBitMap*) 0x000000005f499d00
 Begin Bits: [0x0000000012170000, 0x0000000013170000)
 End Bits:   [0x0000000013170000, 0x0000000014170000)

Polling page: 0x0000000000520000

CodeCache: size=245760Kb used=10002Kb max_used=10079Kb free=235757Kb
 bounds [0x0000000002640000, 0x0000000003030000, 0x0000000011640000]
 total_blobs=2436 nmethods=2165 adapters=184
 compilation: enabled

Compilation events (10 events):
Event: 10.941 Thread 0x00000000164b5800 nmethod 2299 0x000000000274f110 code [0x000000000274f260, 0x000000000274f370]
Event: 10.941 Thread 0x00000000164b5800 2300       1       com.android.dx.dex.file.DexFile::getWordData (5 bytes)
Event: 10.941 Thread 0x00000000164b5800 nmethod 2300 0x0000000002fce890 code [0x0000000002fce9e0, 0x0000000002fceaf0]
Event: 10.941 Thread 0x00000000164b5800 2301       1       com.android.dx.dex.file.DexFile::getTypeLists (5 bytes)
Event: 10.942 Thread 0x00000000164b5800 nmethod 2301 0x000000000274ca50 code [0x000000000274cba0, 0x000000000274ccb0]
Event: 10.943 Thread 0x00000000164b5800 2302       1       com.android.dx.dex.file.DexFile::getClassData (5 bytes)
Event: 10.943 Thread 0x00000000164b5800 nmethod 2302 0x0000000002786bd0 code [0x0000000002786d20, 0x0000000002786e30]
Event: 10.944 Thread 0x00000000164b5800 2303       2       java.util.Arrays::hashCode (56 bytes)
Event: 10.944 Thread 0x00000000164b5800 nmethod 2303 0x0000000002fa2ad0 code [0x0000000002fa2c40, 0x0000000002fa2e68]
Event: 10.945 Thread 0x00000000164b5800 2304  s    2       com.android.dx.dex.file.MixedItemSection::intern (39 bytes)

GC Heap History (10 events):
Event: 5.931 GC heap before
{Heap before GC invocations=4 (full 0):
 PSYoungGen      total 36864K, used 36863K [0x00000000eab00000, 0x00000000ef300000, 0x0000000100000000)
  eden space 31744K, 100% used [0x00000000eab00000,0x00000000eca00000,0x00000000eca00000)
  from space 5120K, 99% used [0x00000000eca00000,0x00000000eceffcb8,0x00000000ecf00000)
  to   space 5120K, 0% used [0x00000000eee00000,0x00000000eee00000,0x00000000ef300000)
 ParOldGen       total 84992K, used 9157K [0x00000000c0000000, 0x00000000c5300000, 0x00000000eab00000)
  object space 84992K, 10% used [0x00000000c0000000,0x00000000c08f16c0,0x00000000c5300000)
 Metaspace       used 6309K, capacity 7152K, committed 7296K, reserved 1056768K
  class space    used 576K, capacity 616K, committed 640K, reserved 1048576K
Event: 6.013 GC heap after
Heap after GC invocations=4 (full 0):
 PSYoungGen      total 68608K, used 5119K [0x00000000eab00000, 0x00000000ef300000, 0x0000000100000000)
  eden space 63488K, 0% used [0x00000000eab00000,0x00000000eab00000,0x00000000ee900000)
  from space 5120K, 99% used [0x00000000eee00000,0x00000000ef2ffc98,0x00000000ef300000)
  to   space 5120K, 0% used [0x00000000ee900000,0x00000000ee900000,0x00000000eee00000)
 ParOldGen       total 84992K, used 14196K [0x00000000c0000000, 0x00000000c5300000, 0x00000000eab00000)
  object space 84992K, 16% used [0x00000000c0000000,0x00000000c0ddd3f8,0x00000000c5300000)
 Metaspace       used 6309K, capacity 7152K, committed 7296K, reserved 1056768K
  class space    used 576K, capacity 616K, committed 640K, reserved 1048576K
}
Event: 7.507 GC heap before
{Heap before GC invocations=5 (full 0):
 PSYoungGen      total 68608K, used 68607K [0x00000000eab00000, 0x00000000ef300000, 0x0000000100000000)
  eden space 63488K, 100% used [0x00000000eab00000,0x00000000ee900000,0x00000000ee900000)
  from space 5120K, 99% used [0x00000000eee00000,0x00000000ef2ffc98,0x00000000ef300000)
  to   space 5120K, 0% used [0x00000000ee900000,0x00000000ee900000,0x00000000eee00000)
 ParOldGen       total 84992K, used 14196K [0x00000000c0000000, 0x00000000c5300000, 0x00000000eab00000)
  object space 84992K, 16% used [0x00000000c0000000,0x00000000c0ddd3f8,0x00000000c5300000)
 Metaspace       used 6361K, capacity 7152K, committed 7296K, reserved 1056768K
  class space    used 577K, capacity 616K, committed 640K, reserved 1048576K
Event: 7.662 GC heap after
Heap after GC invocations=5 (full 0):
 PSYoungGen      total 68608K, used 5103K [0x00000000eab00000, 0x00000000ef300000, 0x0000000100000000)
  eden space 63488K, 0% used [0x00000000eab00000,0x00000000eab00000,0x00000000ee900000)
  from space 5120K, 99% used [0x00000000ee900000,0x00000000eedfbca8,0x00000000eee00000)
  to   space 5120K, 0% used [0x00000000eee00000,0x00000000eee00000,0x00000000ef300000)
 ParOldGen       total 84992K, used 24355K [0x00000000c0000000, 0x00000000c5300000, 0x00000000eab00000)
  object space 84992K, 28% used [0x00000000c0000000,0x00000000c17c8eb8,0x00000000c5300000)
 Metaspace       used 6361K, capacity 7152K, committed 7296K, reserved 1056768K
  class space    used 577K, capacity 616K, committed 640K, reserved 1048576K
}
Event: 9.361 GC heap before
{Heap before GC invocations=6 (full 0):
 PSYoungGen      total 68608K, used 68591K [0x00000000eab00000, 0x00000000ef300000, 0x0000000100000000)
  eden space 63488K, 100% used [0x00000000eab00000,0x00000000ee900000,0x00000000ee900000)
  from space 5120K, 99% used [0x00000000ee900000,0x00000000eedfbca8,0x00000000eee00000)
  to   space 5120K, 0% used [0x00000000eee00000,0x00000000eee00000,0x00000000ef300000)
 ParOldGen       total 84992K, used 24355K [0x00000000c0000000, 0x00000000c5300000, 0x00000000eab00000)
  object space 84992K, 28% used [0x00000000c0000000,0x00000000c17c8eb8,0x00000000c5300000)
 Metaspace       used 6464K, capacity 7154K, committed 7296K, reserved 1056768K
  class space    used 596K, capacity 618K, committed 640K, reserved 1048576K
Event: 9.489 GC heap after
Heap after GC invocations=6 (full 0):
 PSYoungGen      total 68608K, used 5110K [0x00000000eab00000, 0x00000000ef300000, 0x0000000100000000)
  eden space 63488K, 0% used [0x00000000eab00000,0x00000000eab00000,0x00000000ee900000)
  from space 5120K, 99% used [0x00000000eee00000,0x00000000ef2fd968,0x00000000ef300000)
  to   space 5120K, 0% used [0x00000000ee900000,0x00000000ee900000,0x00000000eee00000)
 ParOldGen       total 84992K, used 34177K [0x00000000c0000000, 0x00000000c5300000, 0x00000000eab00000)
  object space 84992K, 40% used [0x00000000c0000000,0x00000000c2160460,0x00000000c5300000)
 Metaspace       used 6464K, capacity 7154K, committed 7296K, reserved 1056768K
  class space    used 596K, capacity 618K, committed 640K, reserved 1048576K
}
Event: 9.969 GC heap before
{Heap before GC invocations=7 (full 0):
 PSYoungGen      total 68608K, used 68598K [0x00000000eab00000, 0x00000000ef300000, 0x0000000100000000)
  eden space 63488K, 100% used [0x00000000eab00000,0x00000000ee900000,0x00000000ee900000)
  from space 5120K, 99% used [0x00000000eee00000,0x00000000ef2fd968,0x00000000ef300000)
  to   space 5120K, 0% used [0x00000000ee900000,0x00000000ee900000,0x00000000eee00000)
 ParOldGen       total 84992K, used 34177K [0x00000000c0000000, 0x00000000c5300000, 0x00000000eab00000)
  object space 84992K, 40% used [0x00000000c0000000,0x00000000c2160460,0x00000000c5300000)
 Metaspace       used 6480K, capacity 7218K, committed 7296K, reserved 1056768K
  class space    used 596K, capacity 618K, committed 640K, reserved 1048576K
Event: 10.096 GC heap after
Heap after GC invocations=7 (full 0):
 PSYoungGen      total 68608K, used 5120K [0x00000000eab00000, 0x00000000ef300000, 0x0000000100000000)
  eden space 63488K, 0% used [0x00000000eab00000,0x00000000eab00000,0x00000000ee900000)
  from space 5120K, 100% used [0x00000000ee900000,0x00000000eee00000,0x00000000eee00000)
  to   space 5120K, 0% used [0x00000000eee00000,0x00000000eee00000,0x00000000ef300000)
 ParOldGen       total 84992K, used 44430K [0x00000000c0000000, 0x00000000c5300000, 0x00000000eab00000)
  object space 84992K, 52% used [0x00000000c0000000,0x00000000c2b63ac0,0x00000000c5300000)
 Metaspace       used 6480K, capacity 7218K, committed 7296K, reserved 1056768K
  class space    used 596K, capacity 618K, committed 640K, reserved 1048576K
}
Event: 10.839 GC heap before
{Heap before GC invocations=8 (full 0):
 PSYoungGen      total 68608K, used 68608K [0x00000000eab00000, 0x00000000ef300000, 0x0000000100000000)
  eden space 63488K, 100% used [0x00000000eab00000,0x00000000ee900000,0x00000000ee900000)
  from space 5120K, 100% used [0x00000000ee900000,0x00000000eee00000,0x00000000eee00000)
  to   space 5120K, 0% used [0x00000000eee00000,0x00000000eee00000,0x00000000ef300000)
 ParOldGen       total 84992K, used 44430K [0x00000000c0000000, 0x00000000c5300000, 0x00000000eab00000)
  object space 84992K, 52% used [0x00000000c0000000,0x00000000c2b63ac0,0x00000000c5300000)
 Metaspace       used 6483K, capacity 7218K, committed 7296K, reserved 1056768K
  class space    used 596K, capacity 618K, committed 640K, reserved 1048576K
Event: 10.908 GC heap after
Heap after GC invocations=8 (full 0):
 PSYoungGen      total 53248K, used 5120K [0x00000000eab00000, 0x00000000f4f00000, 0x0000000100000000)
  eden space 48128K, 0% used [0x00000000eab00000,0x00000000eab00000,0x00000000eda00000)
  from space 5120K, 100% used [0x00000000eee00000,0x00000000ef300000,0x00000000ef300000)
  to   space 20480K, 0% used [0x00000000eda00000,0x00000000eda00000,0x00000000eee00000)
 ParOldGen       total 84992K, used 54673K [0x00000000c0000000, 0x00000000c5300000, 0x00000000eab00000)
  object space 84992K, 64% used [0x00000000c0000000,0x00000000c35645e0,0x00000000c5300000)
 Metaspace       used 6483K, capacity 7218K, committed 7296K, reserved 1056768K
  class space    used 596K, capacity 618K, committed 640K, reserved 1048576K
}

Deoptimization events (10 events):
Event: 10.436 Thread 0x00000000166c3000 Uncommon trap: reason=unstable_if action=reinterpret pc=0x0000000002edf48c method=com.android.dx.rop.code.LocalItem.compareHandlesNulls(Lcom/android/dx/rop/cst/CstString;Lcom/android/dx/rop/cst/CstString;)I @ 8
Event: 10.441 Thread 0x00000000166c3000 Uncommon trap: reason=unstable_if action=reinterpret pc=0x0000000002e8bd68 method=com.android.dx.rop.code.LocalItem.compareHandlesNulls(Lcom/android/dx/rop/cst/CstString;Lcom/android/dx/rop/cst/CstString;)I @ 8
Event: 10.442 Thread 0x00000000166c3000 Uncommon trap: reason=unstable_if action=reinterpret pc=0x0000000002c5bc68 method=com.android.dx.rop.code.LocalItem.compareHandlesNulls(Lcom/android/dx/rop/cst/CstString;Lcom/android/dx/rop/cst/CstString;)I @ 8
Event: 10.465 Thread 0x00000000166ce000 Uncommon trap: reason=bimorphic action=maybe_recompile pc=0x0000000002d104f0 method=com.android.dx.ssa.LiteralOpUpgrader.tryReplacingWithConstant(Lcom/android/dx/ssa/NormalSsaInsn;)Z @ 62
Event: 10.587 Thread 0x00000000166c3000 Uncommon trap: reason=bimorphic action=maybe_recompile pc=0x0000000002d104f0 method=com.android.dx.ssa.LiteralOpUpgrader.tryReplacingWithConstant(Lcom/android/dx/ssa/NormalSsaInsn;)Z @ 62
Event: 10.931 Thread 0x0000000002540800 Uncommon trap: reason=class_check action=maybe_recompile pc=0x0000000002af25c8 method=java.util.Arrays.hashCode([Ljava/lang/Object;)I @ 43
Event: 10.931 Thread 0x0000000002540800 Uncommon trap: reason=class_check action=maybe_recompile pc=0x0000000002af25c8 method=java.util.Arrays.hashCode([Ljava/lang/Object;)I @ 43
Event: 10.932 Thread 0x0000000002540800 Uncommon trap: reason=class_check action=maybe_recompile pc=0x0000000002af25c8 method=java.util.Arrays.hashCode([Ljava/lang/Object;)I @ 43
Event: 10.932 Thread 0x0000000002540800 Uncommon trap: reason=class_check action=maybe_recompile pc=0x0000000002af25c8 method=java.util.Arrays.hashCode([Ljava/lang/Object;)I @ 43
Event: 10.932 Thread 0x0000000002540800 Uncommon trap: reason=class_check action=maybe_recompile pc=0x0000000002ac42e8 method=java.util.Arrays.hashCode([Ljava/lang/Object;)I @ 43

Internal exceptions (10 events):
Event: 2.312 Thread 0x00000000166ce000 Implicit null exception at 0x0000000002acd938 to 0x0000000002acf151
Event: 2.312 Thread 0x00000000166ce000 Implicit null exception at 0x0000000002af723a to 0x0000000002af8835
Event: 6.237 Thread 0x0000000002540800 Implicit null exception at 0x0000000002d06e9a to 0x0000000002d08d61
Event: 7.966 Thread 0x00000000166cc800 Exception <a 'java/lang/ArrayIndexOutOfBoundsException': 18> (0x00000000eb912c00) thrown at [C:\src\android\AOSP-openjdk\external\jetbrains\jdk\hotspot\src\share\vm\interpreter\interpreterRuntime.cpp, line 366]
Event: 7.967 Thread 0x00000000166cc800 Exception <a 'java/lang/ArrayIndexOutOfBoundsException'> (0x00000000eb914780) thrown at [C:\src\android\AOSP-openjdk\external\jetbrains\jdk\hotspot\src\share\vm\runtime\sharedRuntime.cpp, line 605]
Event: 7.968 Thread 0x00000000166cc800 Exception <a 'java/lang/ArrayIndexOutOfBoundsException'> (0x00000000eb915a68) thrown at [C:\src\android\AOSP-openjdk\external\jetbrains\jdk\hotspot\src\share\vm\runtime\sharedRuntime.cpp, line 605]
Event: 10.436 Thread 0x00000000166c3000 Implicit null exception at 0x0000000002f94a32 to 0x0000000002f95d81
Event: 10.436 Thread 0x00000000166c3000 Implicit null exception at 0x0000000002edf117 to 0x0000000002edf461
Event: 10.441 Thread 0x00000000166c3000 Implicit null exception at 0x0000000002e8ac92 to 0x0000000002e8bd41
Event: 10.442 Thread 0x00000000166c3000 Implicit null exception at 0x0000000002c5baa6 to 0x0000000002c5bc55

Events (10 events):
Event: 10.932 Thread 0x0000000002540800 DEOPT PACKING pc=0x0000000002af25c8 sp=0x000000000253eef0
Event: 10.932 Thread 0x0000000002540800 DEOPT UNPACKING pc=0x000000000268556a sp=0x000000000253ee20 mode 2
Event: 10.932 Thread 0x0000000002540800 Uncommon trap: trap_request=0xffffffde fr.pc=0x0000000002af25c8
Event: 10.932 Thread 0x0000000002540800 DEOPT PACKING pc=0x0000000002af25c8 sp=0x000000000253eea0
Event: 10.932 Thread 0x0000000002540800 DEOPT UNPACKING pc=0x000000000268556a sp=0x000000000253edd0 mode 2
Event: 10.932 Thread 0x0000000002540800 Uncommon trap: trap_request=0xffffffde fr.pc=0x0000000002ac42e8
Event: 10.932 Thread 0x0000000002540800 DEOPT PACKING pc=0x0000000002ac42e8 sp=0x000000000253eb70
Event: 10.932 Thread 0x0000000002540800 DEOPT UNPACKING pc=0x000000000268556a sp=0x000000000253eaf8 mode 2
Event: 10.942 loading class com/android/dx/rop/cst/Zeroes
Event: 10.942 loading class com/android/dx/rop/cst/Zeroes done


Dynamic libraries:
0x00007ff75f820000 - 0x00007ff75f855000 	E:\Android\android-studio-ide-145.2915834-windows\jre\bin\java.exe
0x00007ffecf410000 - 0x00007ffecf5d1000 	C:\Windows\SYSTEM32\ntdll.dll
0x00007ffecef70000 - 0x00007ffecf01d000 	C:\Windows\system32\KERNEL32.DLL
0x00007ffecc330000 - 0x00007ffecc518000 	C:\Windows\system32\KERNELBASE.dll
0x00007ffecc9e0000 - 0x00007ffecca87000 	C:\Windows\system32\ADVAPI32.dll
0x00007ffece4c0000 - 0x00007ffece55d000 	C:\Windows\system32\msvcrt.dll
0x00007ffeccd10000 - 0x00007ffeccd6b000 	C:\Windows\system32\sechost.dll
0x00007ffece730000 - 0x00007ffece84c000 	C:\Windows\system32\RPCRT4.dll
0x00007ffece920000 - 0x00007ffecea76000 	C:\Windows\system32\USER32.dll
0x00007ffeccd90000 - 0x00007ffeccf16000 	C:\Windows\system32\GDI32.dll
0x00007ffebe600000 - 0x00007ffebe874000 	C:\Windows\WinSxS\amd64_microsoft.windows.common-controls_6595b64144ccf1df_6.0.10586.0_none_8c15ae12515e1c22\COMCTL32.dll
0x00007ffecca90000 - 0x00007ffeccd0d000 	C:\Windows\system32\combase.dll
0x00007ffecc520000 - 0x00007ffecc58a000 	C:\Windows\system32\bcryptPrimitives.dll
0x00007ffeccf20000 - 0x00007ffeccf5b000 	C:\Windows\system32\IMM32.DLL
0x000000005fdc0000 - 0x000000005fe92000 	E:\Android\android-studio-ide-145.2915834-windows\jre\jre\bin\msvcr100.dll
0x000000005ece0000 - 0x000000005f514000 	E:\Android\android-studio-ide-145.2915834-windows\jre\jre\bin\server\jvm.dll
0x00007ffecf1d0000 - 0x00007ffecf1d8000 	C:\Windows\system32\PSAPI.DLL
0x00007ffeca010000 - 0x00007ffeca019000 	C:\Windows\SYSTEM32\WSOCK32.dll
0x00007ffece560000 - 0x00007ffece5cb000 	C:\Windows\system32\WS2_32.dll
0x00007ffec9d40000 - 0x00007ffec9d63000 	C:\Windows\SYSTEM32\WINMM.dll
0x00007ffec1700000 - 0x00007ffec170a000 	C:\Windows\SYSTEM32\VERSION.dll
0x00007ffec9bf0000 - 0x00007ffec9c1c000 	C:\Windows\SYSTEM32\WINMMBASE.dll
0x00007ffecbbd0000 - 0x00007ffecbc13000 	C:\Windows\system32\cfgmgr32.dll
0x00007ffeca000000 - 0x00007ffeca00f000 	E:\Android\android-studio-ide-145.2915834-windows\jre\jre\bin\verify.dll
0x00007ffec8e10000 - 0x00007ffec8e39000 	E:\Android\android-studio-ide-145.2915834-windows\jre\jre\bin\java.dll
0x00007ffec91d0000 - 0x00007ffec91e6000 	E:\Android\android-studio-ide-145.2915834-windows\jre\jre\bin\zip.dll
0x00007ffeccf60000 - 0x00007ffece4bc000 	C:\Windows\system32\SHELL32.dll
0x00007ffecbce0000 - 0x00007ffecc325000 	C:\Windows\system32\windows.storage.dll
0x00007ffecea80000 - 0x00007ffecead2000 	C:\Windows\system32\shlwapi.dll
0x00007ffecba90000 - 0x00007ffecba9f000 	C:\Windows\system32\kernel.appcore.dll
0x00007ffecbc20000 - 0x00007ffecbcd5000 	C:\Windows\system32\shcore.dll
0x00007ffecba30000 - 0x00007ffecba7b000 	C:\Windows\system32\powrprof.dll
0x00007ffecbaa0000 - 0x00007ffecbab4000 	C:\Windows\system32\profapi.dll

VM Arguments:
jvm_args: -Djava.awt.headless=true -Xmx1024M -Dfile.encoding=GBK -Duser.country=CN -Duser.language=zh -Duser.variant 
java_command: com.android.dx.command.Main --dex --num-threads=4 --output E:\Teapopo\app\build\intermediates\pre-dexed\debug\rxjava-1.1.6_d51a0e7434c5de2580b328ed5c01a26b0ed600b8.jar C:\Users\lhq\.gradle\caches\modules-2\files-2.1\io.reactivex\rxjava\1.1.6\2586312cd2b8a511e4c6236736f5a039fc0f2273\rxjava-1.1.6.jar
java_class_path (initial): C:\Users\lhq\AppData\Local\Android\sdk\build-tools\23.0.3\lib\dx.jar
Launcher Type: SUN_STANDARD

Environment Variables:
JAVA_HOME=C:\Program Files\Java\jdk1.8.0_91
PATH=C:\ProgramData\Oracle\Java\javapath;C:\Windows\system32;C:\Windows;C:\Windows\System32\Wbem;C:\Windows\System32\WindowsPowerShell\v1.0\;C:\Users\lhq\AppData\Local\Android\sdk\platform-tools;C:\Users\lhq\AppData\Local\Android\sdk\tools;C:\Program Files\Java\jdk1.8.0_91\bin;C:\Program Files\Java\jdk1.8.0_91\jre\bin
USERNAME=lhq
OS=Windows_NT
PROCESSOR_IDENTIFIER=Intel64 Family 6 Model 69 Stepping 1, GenuineIntel



---------------  S Y S T E M  ---------------

OS: Windows 10.0 , 64 bit Build 10586 (10.0.10586.0)

CPU:total 4 (2 cores per cpu, 2 threads per core) family 6 model 69 stepping 1, cmov, cx8, fxsr, mmx, sse, sse2, sse3, ssse3, sse4.1, sse4.2, popcnt, avx, avx2, aes, clmul, erms, lzcnt, ht, tsc, tscinvbit, bmi1, bmi2

Memory: 4k page, physical 8067548k(1109060k free), swap 8067548k(5368k free)

vm_info: OpenJDK 64-Bit Server VM (25.76-b01) for windows-amd64 JRE (1.8.0_76-release-b01), built on May 12 2016 23:29:00 by "ralucas" with MS VC++ 10.0 (VS2010)

time: Fri Jul 08 14:40:36 2016
elapsed time: 10 seconds (0d 0h 0m 10s)

