#
# There is insufficient memory for the Java Runtime Environment to continue.
# Native memory allocation (malloc) failed to allocate 32744 bytes for ChunkPool::allocate
# Possible reasons:
#   The system is out of physical RAM or swap space
#   In 32 bit mode, the process size limit was hit
# Possible solutions:
#   Reduce memory load on the system
#   Increase physical memory or swap space
#   Check if swap backing store is full
#   Use 64 bit Java on a 64 bit OS
#   Decrease Java heap size (-Xmx/-Xms)
#   Decrease number of Java threads
#   Decrease Java thread stack sizes (-Xss)
#   Set larger code cache with -XX:ReservedCodeCacheSize=
# This output file may be truncated or incomplete.
#
#  Out of Memory Error (allocation.cpp:273), pid=73852, tid=0x0000000000015de0
#
# JRE version: OpenJDK Runtime Environment (8.0_76-b01) (build 1.8.0_76-release-b01)
# Java VM: OpenJDK 64-Bit Server VM (25.76-b01 mixed mode windows-amd64 compressed oops)
# Failed to write core dump. Minidumps are not enabled by default on client versions of Windows
#

---------------  T H R E A D  ---------------

Current thread (0x0000000016338000):  JavaThread "C1 CompilerThread2" daemon [_thread_in_native, id=89568, stack(0x00000000167e0000,0x00000000168e0000)]

Stack: [0x00000000167e0000,0x00000000168e0000]
[error occurred during error reporting (printing stack bounds), id 0xc0000005]

Native frames: (J=compiled Java code, j=interpreted, Vv=VM code, C=native code)


Current CompileTask:
C1:    303  144   !   3       com.android.dx.cf.cst.ConstantPoolParser::parse0 (731 bytes)


---------------  P R O C E S S  ---------------

Java Threads: ( => current thread )
  0x0000000016346800 JavaThread "Service Thread" daemon [_thread_blocked, id=87084, stack(0x00000000168e0000,0x00000000169e0000)]
=>0x0000000016338000 JavaThread "C1 CompilerThread2" daemon [_thread_in_native, id=89568, stack(0x00000000167e0000,0x00000000168e0000)]
  0x000000001632d800 JavaThread "C2 CompilerThread1" daemon [_thread_blocked, id=88728, stack(0x00000000166e0000,0x00000000167e0000)]
  0x0000000014c9d800 JavaThread "C2 CompilerThread0" daemon [_thread_blocked, id=89912, stack(0x00000000161e0000,0x00000000162e0000)]
  0x0000000014c9c000 JavaThread "Attach Listener" daemon [_thread_blocked, id=88600, stack(0x00000000160e0000,0x00000000161e0000)]
  0x0000000014c9b000 JavaThread "Signal Dispatcher" daemon [_thread_blocked, id=89844, stack(0x0000000015fe0000,0x00000000160e0000)]
  0x0000000014c78800 JavaThread "Finalizer" daemon [_thread_blocked, id=89400, stack(0x0000000015ee0000,0x0000000015fe0000)]
  0x00000000025b0000 JavaThread "Reference Handler" daemon [_thread_blocked, id=90008, stack(0x0000000015de0000,0x0000000015ee0000)]
  0x00000000024c0800 JavaThread "main" [_thread_in_Java, id=82972, stack(0x00000000022c0000,0x00000000023c0000)]

Other Threads:
  0x0000000014c55800 VMThread [stack: 0x0000000015ce0000,0x0000000015de0000] [id=89204]
  0x000000001634a000 WatcherThread [stack: 0x00000000169e0000,0x0000000016ae0000] [id=89808]

VM state:not at safepoint (normal execution)

VM Mutex/Monitor currently owned by a thread: None

Heap:
 PSYoungGen      total 36864K, used 3817K [0x00000000eab00000, 0x00000000ed400000, 0x0000000100000000)
  eden space 31744K, 12% used [0x00000000eab00000,0x00000000eaeba730,0x00000000eca00000)
  from space 5120K, 0% used [0x00000000ecf00000,0x00000000ecf00000,0x00000000ed400000)
  to   space 5120K, 0% used [0x00000000eca00000,0x00000000eca00000,0x00000000ecf00000)
 ParOldGen       total 84992K, used 0K [0x00000000c0000000, 0x00000000c5300000, 0x00000000eab00000)
  object space 84992K, 0% used [0x00000000c0000000,0x00000000c0000000,0x00000000c5300000)
 Metaspace       used 3724K, capacity 4944K, committed 5120K, reserved 1056768K
  class space    used 399K, capacity 456K, committed 512K, reserved 1048576K

Card table byte_map: [0x0000000011980000,0x0000000011b90000] byte_map_base: 0x0000000011380000

Marking Bits: (ParMarkBitMap*) 0x000000005f499d00
 Begin Bits: [0x00000000120f0000, 0x00000000130f0000)
 End Bits:   [0x00000000130f0000, 0x00000000140f0000)

Polling page: 0x0000000000460000

CodeCache: size=245760Kb used=1343Kb max_used=1354Kb free=244416Kb
 bounds [0x00000000025c0000, 0x0000000002830000, 0x00000000115c0000]
 total_blobs=397 nmethods=144 adapters=167
 compilation: enabled

Compilation events (10 events):
Event: 0.289 Thread 0x0000000016338000 nmethod 140 0x000000000270dd50 code [0x000000000270dea0, 0x000000000270dfb0]
Event: 0.293 Thread 0x0000000016338000  141       3       java.lang.String::indexOf (70 bytes)
Event: 0.293 Thread 0x0000000016338000 nmethod 141 0x000000000270e010 code [0x000000000270e1a0, 0x000000000270e528]
Event: 0.294 Thread 0x0000000016338000  142   !   3       com.android.dx.rop.cst.StdConstantPool::getOrNull (13 bytes)
Event: 0.295 Thread 0x0000000016338000 nmethod 142 0x000000000270e690 code [0x000000000270e880, 0x000000000270f188]
Event: 0.295 Thread 0x0000000016338000  143       3       com.android.dx.util.MutabilityControl::throwIfImmutable (18 bytes)
Event: 0.295 Thread 0x0000000016338000 nmethod 143 0x000000000270f750 code [0x000000000270f8c0, 0x000000000270fb28]
Event: 0.295 Thread 0x0000000016338000  144   !   3       com.android.dx.cf.cst.ConstantPoolParser::parse0 (731 bytes)
Event: 0.295 Thread 0x000000001632d800  148       4       com.android.dx.util.ByteArray::checkOffsets (66 bytes)
Event: 0.296 Thread 0x000000001632d800 nmethod 148 0x00000000027128d0 code [0x0000000002712a00, 0x0000000002712ab8]

GC Heap History (0 events):
No events

Deoptimization events (1 events):
Event: 0.291 Thread 0x00000000024c0800 Uncommon trap: reason=unstable_if action=reinterpret pc=0x00000000027030d4 method=java.lang.String.indexOf(II)I @ 49

Internal exceptions (2 events):
Event: 0.055 Thread 0x00000000024c0800 Exception <a 'java/lang/NoSuchMethodError': Method sun.misc.Unsafe.defineClass(Ljava/lang/String;[BII)Ljava/lang/Class; name or signature does not match> (0x00000000eab07cc0) thrown at [C:\src\android\AOSP-openjdk\external\jetbrains\jdk\hotspot\src\share\v›CG_¬?
Event: 0.055 Thread 0x00000000024c0800 Exception <a 'java/lang/NoSuchMethodError': Method sun.misc.Unsafe.prefetchRead(Ljava/lang/Object;J)V name or signature does not match> (0x00000000eab07fa8) thrown at [C:\src\android\AOSP-openjdk\external\jetbrains\jdk\hotspot\src\share\vm\prims\jni.cpp, l

Events (10 events):
Event: 0.296 loading class com/android/dx/cf/direct/FieldListParser
Event: 0.296 loading class com/android/dx/cf/direct/FieldListParser done
Event: 0.297 loading class com/android/dx/cf/direct/MemberListParser
Event: 0.297 loading class com/android/dx/cf/direct/MemberListParser done
Event: 0.299 loading class com/android/dx/cf/iface/Field
Event: 0.299 loading class com/android/dx/cf/iface/Field done
Event: 0.299 loading class com/android/dx/cf/iface/Member
Event: 0.299 loading class com/android/dx/cf/iface/Member done
Event: 0.301 loading class com/android/dx/cf/iface/StdFieldList
Event: 0.301 loading class com/android/dx/cf/iface/StdFieldList done


Dynamic libraries:
0x00007ff6a3010000 - 0x00007ff6a3045000 	E:\Android\android-studio-ide-145.2915834-windows\jre\bin\java.exe
0x00007ffecf410000 - 0x00007ffecf5d1000 	C:\Windows\SYSTEM32\ntdll.dll
0x00007ffecef70000 - 0x00007ffecf01d000 	C:\Windows\system32\KERNEL32.DLL
0x00007ffecc330000 - 0x00007ffecc518000 	C:\Windows\system32\KERNELBASE.dll
0x00007ffecc9e0000 - 0x00007ffecca87000 	C:\Windows\system32\ADVAPI32.dll
0x00007ffece4c0000 - 0x00007ffece55d000 	C:\Windows\system32\msvcrt.dll
0x00007ffeccd10000 - 0x00007ffeccd6b000 	C:\Windows\system32\sechost.dll
0x00007ffece730000 - 0x00007ffece84c000 	C:\Windows\system32\RPCRT4.dll
0x00007ffece920000 - 0x00007ffecea76000 	C:\Windows\system32\USER32.dll
0x00007ffeccd90000 - 0x00007ffeccf16000 	C:\Windows\system32\GDI32.dll
0x00007ffebe600000 - 0x00007ffebe874000 	C:\Windows\WinSxS\amd64_microsoft.windows.common-controls_6595b64144ccf1df_6.0.10586.0_none_8c15ae12515e1c22\COMCTL32.dll
0x00007ffecca90000 - 0x00007ffeccd0d000 	C:\Windows\system32\combase.dll
0x00007ffecc520000 - 0x00007ffecc58a000 	C:\Windows\system32\bcryptPrimitives.dll
0x00007ffeccf20000 - 0x00007ffeccf5b000 	C:\Windows\system32\IMM32.DLL
0x00000000600f0000 - 0x00000000601c2000 	E:\Android\android-studio-ide-145.2915834-windows\jre\jre\bin\msvcr100.dll
0x000000005ece0000 - 0x000000005f514000 	E:\Android\android-studio-ide-145.2915834-windows\jre\jre\bin\server\jvm.dll
0x00007ffecf1d0000 - 0x00007ffecf1d8000 	C:\Windows\system32\PSAPI.DLL
0x00007ffec8ed0000 - 0x00007ffec8ed9000 	C:\Windows\SYSTEM32\WSOCK32.dll
0x00007ffece560000 - 0x00007ffece5cb000 	C:\Windows\system32\WS2_32.dll
0x00007ffec9d40000 - 0x00007ffec9d63000 	C:\Windows\SYSTEM32\WINMM.dll
0x00007ffec1700000 - 0x00007ffec170a000 	C:\Windows\SYSTEM32\VERSION.dll
0x00007ffec9bf0000 - 0x00007ffec9c1c000 	C:\Windows\SYSTEM32\WINMMBASE.dll
0x00007ffecbbd0000 - 0x00007ffecbc13000 	C:\Windows\system32\cfgmgr32.dll
0x00007ffec8e10000 - 0x00007ffec8e1f000 	E:\Android\android-studio-ide-145.2915834-windows\jre\jre\bin\verify.dll
0x00007ffec8d10000 - 0x00007ffec8d39000 	E:\Android\android-studio-ide-145.2915834-windows\jre\jre\bin\java.dll
0x00007ffec8cd0000 - 0x00007ffec8ce6000 	E:\Android\android-studio-ide-145.2915834-windows\jre\jre\bin\zip.dll
0x00007ffeccf60000 - 0x00007ffece4bc000 	C:\Windows\system32\SHELL32.dll
0x00007ffecbce0000 - 0x00007ffecc325000 	C:\Windows\system32\windows.storage.dll
0x00007ffecea80000 - 0x00007ffecead2000 	C:\Windows\system32\shlwapi.dll
0x00007ffecba90000 - 0x00007ffecba9f000 	C:\Windows\system32\kernel.appcore.dll
0x00007ffecbc20000 - 0x00007ffecbcd5000 	C:\Windows\system32\shcore.dll
0x00007ffecba30000 - 0x00007ffecba7b000 	C:\Windows\system32\powrprof.dll
0x00007ffecbaa0000 - 0x00007ffecbab4000 	C:\Windows\system32\profapi.dll

VM Arguments:
jvm_args: -Djava.awt.headless=true -Xmx1024M -Dfile.encoding=GBK -Duser.country=CN -Duser.language=zh -Duser.variant 
java_command: com.android.dx.command.Main --dex --num-threads=4 --output E:\Teapopo\app\build\intermediates\pre-dexed\debug\ShareSDK-Instagram-2.7.1_cf990fdc21f53fd2cf2c24e6492aaea44f652c4c.jar E:\Teapopo\app\libs\ShareSDK-Instagram-2.7.1.jar
java_class_path (initial): C:\Users\lhq\AppData\Local\Android\sdk\build-tools\23.0.3\lib\dx.jar
Launcher Type: SUN_STANDARD

Environment Variables:
JAVA_HOME=C:\Program Files\Java\jdk1.8.0_91
PATH=C:\ProgramData\Oracle\Java\javapath;C:\Windows\system32;C:\Windows;C:\Windows\System32\Wbem;C:\Windows\System32\WindowsPowerShell\v1.0\;C:\Users\lhq\AppData\Local\Android\sdk\platform-tools;C:\Users\lhq\AppData\Local\Android\sdk\tools;C:\Program Files\Java\jdk1.8.0_91\bin;C:\Program Files\Java\jdk1.8.0_91\jre\bin
USERNAME=lhq
OS=Windows_NT
PROCESSOR_IDENTIFIER=Intel64 Family 6 Model 69 Stepping 1, GenuineIntel



---------------  S Y S T E M  ---------------

OS: Windows 10.0 , 64 bit Build 10586 (10.0.10586.0)

CPU:total 4 (2 cores per cpu, 2 threads per core) family 6 model 69 stepping 1, cmov, cx8, fxsr, mmx, sse, sse2, sse3, ssse3, sse4.1, sse4.2, popcnt, avx, avx2, aes, clmul, erms, lzcnt, ht, tsc, tscinvbit, bmi1, bmi2

Memory: 4k page, physical 8067548k(763016k free), swap 8067548k(135012k free)

vm_info: OpenJDK 64-Bit Server VM (25.76-b01) for windows-amd64 JRE (1.8.0_76-release-b01), built on May 12 2016 23:29:00 by "ralucas" with MS VC++ 10.0 (VS2010)

time: Thu Jul 07 09:33:00 2016
elapsed time: 0 seconds (0d 0h 0m 0s)

