#
# There is insufficient memory for the Java Runtime Environment to continue.
# Native memory allocation (malloc) failed to allocate 590704 bytes for Chunk::new
# Possible reasons:
#   The system is out of physical RAM or swap space
#   In 32 bit mode, the process size limit was hit
# Possible solutions:
#   Reduce memory load on the system
#   Increase physical memory or swap space
#   Check if swap backing store is full
#   Use 64 bit Java on a 64 bit OS
#   Decrease Java heap size (-Xmx/-Xms)
#   Decrease number of Java threads
#   Decrease Java thread stack sizes (-Xss)
#   Set larger code cache with -XX:ReservedCodeCacheSize=
# This output file may be truncated or incomplete.
#
#  Out of Memory Error (allocation.cpp:390), pid=4776, tid=0x00000000000015f4
#
# JRE version: OpenJDK Runtime Environment (8.0_76-b01) (build 1.8.0_76-release-b01)
# Java VM: OpenJDK 64-Bit Server VM (25.76-b01 mixed mode windows-amd64 compressed oops)
# Failed to write core dump. Minidumps are not enabled by default on client versions of Windows
#

---------------  T H R E A D  ---------------

Current thread (0x0000000014bdd800):  JavaThread "C2 CompilerThread0" daemon [_thread_in_native, id=5620, stack(0x00000000162a0000,0x00000000163a0000)]

Stack: [0x00000000162a0000,0x00000000163a0000]
[error occurred during error reporting (printing stack bounds), id 0xc0000005]

Native frames: (J=compiled Java code, j=interpreted, Vv=VM code, C=native code)


Current CompileTask:
C2:   1059 1183   !   4       com.android.dx.cf.code.BytecodeArray::parseInstruction (2764 bytes)


---------------  P R O C E S S  ---------------

Java Threads: ( => current thread )
  0x0000000016623000 JavaThread "pool-1-thread-4" [_thread_in_Java, id=6032, stack(0x0000000016fa0000,0x00000000170a0000)]
  0x0000000016621000 JavaThread "pool-1-thread-3" [_thread_blocked, id=2488, stack(0x0000000016ea0000,0x0000000016fa0000)]
  0x0000000016620800 JavaThread "pool-1-thread-2" [_thread_blocked, id=3684, stack(0x0000000016da0000,0x0000000016ea0000)]
  0x000000001661d800 JavaThread "pool-2-thread-1" [_thread_blocked, id=2836, stack(0x0000000016ca0000,0x0000000016da0000)]
  0x000000001661d000 JavaThread "pool-1-thread-1" [_thread_in_Java, id=5860, stack(0x0000000016ba0000,0x0000000016ca0000)]
  0x0000000016406800 JavaThread "Service Thread" daemon [_thread_blocked, id=5040, stack(0x00000000169a0000,0x0000000016aa0000)]
  0x0000000016400000 JavaThread "C1 CompilerThread2" daemon [_thread_in_native, id=384, stack(0x00000000168a0000,0x00000000169a0000)]
  0x00000000163ed000 JavaThread "C2 CompilerThread1" daemon [_thread_in_native, id=3920, stack(0x00000000167a0000,0x00000000168a0000)]
=>0x0000000014bdd800 JavaThread "C2 CompilerThread0" daemon [_thread_in_native, id=5620, stack(0x00000000162a0000,0x00000000163a0000)]
  0x0000000014bdc000 JavaThread "Attach Listener" daemon [_thread_blocked, id=2036, stack(0x00000000161a0000,0x00000000162a0000)]
  0x0000000014bdb000 JavaThread "Signal Dispatcher" daemon [_thread_blocked, id=6012, stack(0x00000000160a0000,0x00000000161a0000)]
  0x0000000014bb8800 JavaThread "Finalizer" daemon [_thread_blocked, id=4620, stack(0x0000000015e40000,0x0000000015f40000)]
  0x00000000024f0000 JavaThread "Reference Handler" daemon [_thread_blocked, id=5648, stack(0x0000000015d40000,0x0000000015e40000)]
  0x0000000002400800 JavaThread "main" [_thread_in_Java, id=5360, stack(0x0000000002300000,0x0000000002400000)]

Other Threads:
  0x0000000014b95800 VMThread [stack: 0x0000000015c40000,0x0000000015d40000] [id=5696]
  0x0000000016409000 WatcherThread [stack: 0x0000000016aa0000,0x0000000016ba0000] [id=1164]

VM state:not at safepoint (normal execution)

VM Mutex/Monitor currently owned by a thread: None

Heap:
 PSYoungGen      total 36864K, used 13456K [0x00000000eab00000, 0x00000000ef300000, 0x0000000100000000)
  eden space 31744K, 26% used [0x00000000eab00000,0x00000000eb32b698,0x00000000eca00000)
  from space 5120K, 99% used [0x00000000eca00000,0x00000000ecef8ae8,0x00000000ecf00000)
  to   space 5120K, 0% used [0x00000000eee00000,0x00000000eee00000,0x00000000ef300000)
 ParOldGen       total 84992K, used 1712K [0x00000000c0000000, 0x00000000c5300000, 0x00000000eab00000)
  object space 84992K, 2% used [0x00000000c0000000,0x00000000c01ac1e0,0x00000000c5300000)
 Metaspace       used 6040K, capacity 6960K, committed 7040K, reserved 1056768K
  class space    used 575K, capacity 616K, committed 640K, reserved 1048576K

Card table byte_map: [0x00000000118c0000,0x0000000011ad0000] byte_map_base: 0x00000000112c0000

Marking Bits: (ParMarkBitMap*) 0x0000000076459d00
 Begin Bits: [0x0000000012030000, 0x0000000013030000)
 End Bits:   [0x0000000013030000, 0x0000000014030000)

Polling page: 0x0000000001f50000

CodeCache: size=245760Kb used=5326Kb max_used=5326Kb free=240433Kb
 bounds [0x0000000002500000, 0x0000000002a40000, 0x0000000011500000]
 total_blobs=1596 nmethods=1326 adapters=184
 compilation: enabled

Compilation events (10 events):
Event: 1.052 Thread 0x0000000016400000 nmethod 1327 0x0000000002a2b550 code [0x0000000002a2b8e0, 0x0000000002a2d808]
Event: 1.052 Thread 0x0000000016400000 1328       3       com.android.dx.rop.cst.CstType::hashCode (8 bytes)
Event: 1.053 Thread 0x0000000016400000 nmethod 1328 0x0000000002a2edd0 code [0x0000000002a2ef40, 0x0000000002a2f228]
Event: 1.053 Thread 0x0000000016400000 1329       3       com.android.dx.cf.code.Simulator$SimVisitor::checkReturnType (64 bytes)
Event: 1.053 Thread 0x0000000016400000 nmethod 1329 0x0000000002a2f350 code [0x0000000002a2f5a0, 0x0000000002a30328]
Event: 1.054 Thread 0x0000000016400000 1330       3       com.android.dx.rop.annotation.Annotations::<init> (16 bytes)
Event: 1.054 Thread 0x0000000016400000 nmethod 1330 0x0000000002a30950 code [0x0000000002a30ae0, 0x0000000002a30e90]
Event: 1.054 Thread 0x0000000016400000 1331       3       java.util.ArrayList::add (54 bytes)
Event: 1.055 Thread 0x0000000016400000 nmethod 1331 0x0000000002a31050 code [0x0000000002a31220, 0x0000000002a319f8]
Event: 1.056 Thread 0x0000000016400000 1332       3       com.android.dx.rop.code.DexTranslationAdvice::hasConstantOperation (163 bytes)

GC Heap History (2 events):
Event: 0.977 GC heap before
{Heap before GC invocations=1 (full 0):
 PSYoungGen      total 36864K, used 31744K [0x00000000eab00000, 0x00000000ed400000, 0x0000000100000000)
  eden space 31744K, 100% used [0x00000000eab00000,0x00000000eca00000,0x00000000eca00000)
  from space 5120K, 0% used [0x00000000ecf00000,0x00000000ecf00000,0x00000000ed400000)
  to   space 5120K, 0% used [0x00000000eca00000,0x00000000eca00000,0x00000000ecf00000)
 ParOldGen       total 84992K, used 0K [0x00000000c0000000, 0x00000000c5300000, 0x00000000eab00000)
  object space 84992K, 0% used [0x00000000c0000000,0x00000000c0000000,0x00000000c5300000)
 Metaspace       used 5994K, capacity 6960K, committed 7040K, reserved 1056768K
  class space    used 573K, capacity 616K, committed 640K, reserved 1048576K
Event: 0.993 GC heap after
Heap after GC invocations=1 (full 0):
 PSYoungGen      total 36864K, used 5090K [0x00000000eab00000, 0x00000000ef300000, 0x0000000100000000)
  eden space 31744K, 0% used [0x00000000eab00000,0x00000000eab00000,0x00000000eca00000)
  from space 5120K, 99% used [0x00000000eca00000,0x00000000ecef8ae8,0x00000000ecf00000)
  to   space 5120K, 0% used [0x00000000eee00000,0x00000000eee00000,0x00000000ef300000)
 ParOldGen       total 84992K, used 1712K [0x00000000c0000000, 0x00000000c5300000, 0x00000000eab00000)
  object space 84992K, 2% used [0x00000000c0000000,0x00000000c01ac1e0,0x00000000c5300000)
 Metaspace       used 5994K, capacity 6960K, committed 7040K, reserved 1056768K
  class space    used 573K, capacity 616K, committed 640K, reserved 1048576K
}

Deoptimization events (10 events):
Event: 0.280 Thread 0x0000000002400800 Uncommon trap: reason=unstable_if action=reinterpret pc=0x000000000263fc10 method=java.lang.String.indexOf(II)I @ 49
Event: 0.483 Thread 0x000000001661d000 Uncommon trap: reason=unstable_if action=reinterpret pc=0x000000000271b708 method=java.util.HashMap.getNode(ILjava/lang/Object;)Ljava/util/HashMap$Node; @ 62
Event: 0.503 Thread 0x0000000002400800 Uncommon trap: reason=unstable_if action=reinterpret pc=0x00000000026c01dc method=java.lang.String.<init>([CII)V @ 18
Event: 0.649 Thread 0x000000001661d000 Uncommon trap: reason=null_check action=make_not_entrant pc=0x00000000028047a8 method=com.android.dx.rop.type.Type.equals(Ljava/lang/Object;)Z @ 8
Event: 0.653 Thread 0x0000000016620800 Uncommon trap: reason=null_check action=make_not_entrant pc=0x0000000002814dd8 method=com.android.dx.ssa.SsaRenamer.getLocalForNewReg(I)Lcom/android/dx/rop/code/LocalItem; @ 19
Event: 0.677 Thread 0x0000000002400800 Uncommon trap: reason=unstable_if action=reinterpret pc=0x000000000280c0ec method=com.android.dx.rop.code.RegisterSpecSet.put(Lcom/android/dx/rop/code/RegisterSpec;)V @ 77
Event: 0.741 Thread 0x000000001661d000 Uncommon trap: reason=unstable_if action=reinterpret pc=0x00000000028a6204 method=com.android.dx.rop.code.RegisterSpec.equals(ILcom/android/dx/rop/type/TypeBearer;Lcom/android/dx/rop/code/LocalItem;)Z @ 42
Event: 0.855 Thread 0x0000000016620800 Uncommon trap: reason=unstable_if action=reinterpret pc=0x000000000280bc9c method=com.android.dx.rop.cst.Constant.compareTo(Lcom/android/dx/rop/cst/Constant;)I @ 12
Event: 0.933 Thread 0x0000000002400800 Uncommon trap: reason=unstable_if action=reinterpret pc=0x00000000026cfc28 method=java.lang.String.<init>([CII)V @ 18
Event: 1.051 Thread 0x000000001661d000 Uncommon trap: reason=unstable_if action=reinterpret pc=0x0000000002959838 method=com.android.dx.cf.code.Ropper.labelToResultIndex(I)I @ 34

Internal exceptions (4 events):
Event: 0.040 Thread 0x0000000002400800 Exception <a 'java/lang/NoSuchMethodError': Method sun.misc.Unsafe.defineClass(Ljava/lang/String;[BII)Ljava/lang/Class; name or signature does not match> (0x00000000eab07cc0) thrown at [C:\src\android\AOSP-openjdk\external\jetbrains\jdk\hotspot\src\share\v∆»Ú	xó§?
Event: 0.040 Thread 0x0000000002400800 Exception <a 'java/lang/NoSuchMethodError': Method sun.misc.Unsafe.prefetchRead(Ljava/lang/Object;J)V name or signature does not match> (0x00000000eab07fa8) thrown at [C:\src\android\AOSP-openjdk\external\jetbrains\jdk\hotspot\src\share\vm\prims\jni.cpp, lvW4La»‰?
Event: 0.649 Thread 0x000000001661d000 Implicit null exception at 0x00000000028046a2 to 0x000000000280479a
Event: 0.653 Thread 0x0000000016620800 Implicit null exception at 0x0000000002811e5d to 0x0000000002814d95

Events (10 events):
Event: 0.993 Executing VM operation: ParallelGCFailedAllocation done
Event: 1.050 loading class com/android/dx/cf/code/Ropper$ExceptionHandlerSetup
Event: 1.050 loading class com/android/dx/cf/code/Ropper$ExceptionHandlerSetup done
Event: 1.051 loading class java/util/HashMap$Values
Event: 1.051 loading class java/util/HashMap$Values done
Event: 1.051 loading class java/util/HashMap$ValueIterator
Event: 1.051 loading class java/util/HashMap$ValueIterator done
Event: 1.051 Thread 0x000000001661d000 Uncommon trap: trap_request=0xffffff65 fr.pc=0x0000000002959838
Event: 1.051 Thread 0x000000001661d000 DEOPT PACKING pc=0x0000000002959838 sp=0x0000000016c9e7c0
Event: 1.051 Thread 0x000000001661d000 DEOPT UNPACKING pc=0x000000000254556a sp=0x0000000016c9e768 mode 2


Dynamic libraries:
0x00007ff701100000 - 0x00007ff701135000 	E:\Android\android-studio-ide-145.2915834-windows\jre\bin\java.exe
0x00007ffc71010000 - 0x00007ffc711d1000 	C:\Windows\SYSTEM32\ntdll.dll
0x00007ffc70e50000 - 0x00007ffc70efd000 	C:\Windows\system32\KERNEL32.DLL
0x00007ffc6da90000 - 0x00007ffc6dc78000 	C:\Windows\system32\KERNELBASE.dll
0x00007ffc6eb70000 - 0x00007ffc6ec17000 	C:\Windows\system32\ADVAPI32.dll
0x00007ffc70f00000 - 0x00007ffc70f9d000 	C:\Windows\system32\msvcrt.dll
0x00007ffc6eb10000 - 0x00007ffc6eb6b000 	C:\Windows\system32\sechost.dll
0x00007ffc6ec80000 - 0x00007ffc6ed9c000 	C:\Windows\system32\RPCRT4.dll
0x00007ffc6f0f0000 - 0x00007ffc6f246000 	C:\Windows\system32\USER32.dll
0x00007ffc70960000 - 0x00007ffc70ae6000 	C:\Windows\system32\GDI32.dll
0x00007ffc5ff30000 - 0x00007ffc601a4000 	C:\Windows\WinSxS\amd64_microsoft.windows.common-controls_6595b64144ccf1df_6.0.10586.0_none_8c15ae12515e1c22\COMCTL32.dll
0x00007ffc6eda0000 - 0x00007ffc6f01d000 	C:\Windows\system32\combase.dll
0x00007ffc6d9a0000 - 0x00007ffc6da0a000 	C:\Windows\system32\bcryptPrimitives.dll
0x00007ffc6ec20000 - 0x00007ffc6ec5b000 	C:\Windows\system32\IMM32.DLL
0x0000000075bc0000 - 0x0000000075c92000 	E:\Android\android-studio-ide-145.2915834-windows\jre\jre\bin\msvcr100.dll
0x0000000075ca0000 - 0x00000000764d4000 	E:\Android\android-studio-ide-145.2915834-windows\jre\jre\bin\server\jvm.dll
0x00007ffc70c70000 - 0x00007ffc70c78000 	C:\Windows\system32\PSAPI.DLL
0x00007ffc61f00000 - 0x00007ffc61f09000 	C:\Windows\SYSTEM32\WSOCK32.dll
0x00007ffc70af0000 - 0x00007ffc70b5b000 	C:\Windows\system32\WS2_32.dll
0x00007ffc6b5f0000 - 0x00007ffc6b613000 	C:\Windows\SYSTEM32\WINMM.dll
0x00007ffc62e40000 - 0x00007ffc62e4a000 	C:\Windows\SYSTEM32\VERSION.dll
0x00007ffc6b590000 - 0x00007ffc6b5bc000 	C:\Windows\SYSTEM32\WINMMBASE.dll
0x00007ffc6d780000 - 0x00007ffc6d7c3000 	C:\Windows\system32\cfgmgr32.dll
0x00007ffc61e90000 - 0x00007ffc61e9f000 	E:\Android\android-studio-ide-145.2915834-windows\jre\jre\bin\verify.dll
0x00007ffc5f4d0000 - 0x00007ffc5f4f9000 	E:\Android\android-studio-ide-145.2915834-windows\jre\jre\bin\java.dll
0x00007ffc5fbf0000 - 0x00007ffc5fc06000 	E:\Android\android-studio-ide-145.2915834-windows\jre\jre\bin\zip.dll
0x00007ffc6f400000 - 0x00007ffc7095c000 	C:\Windows\system32\SHELL32.dll
0x00007ffc6ddc0000 - 0x00007ffc6e405000 	C:\Windows\system32\windows.storage.dll
0x00007ffc70c80000 - 0x00007ffc70cd2000 	C:\Windows\system32\shlwapi.dll
0x00007ffc6d660000 - 0x00007ffc6d66f000 	C:\Windows\system32\kernel.appcore.dll
0x00007ffc6d6c0000 - 0x00007ffc6d775000 	C:\Windows\system32\shcore.dll
0x00007ffc6d670000 - 0x00007ffc6d6bb000 	C:\Windows\system32\powrprof.dll
0x00007ffc6d630000 - 0x00007ffc6d644000 	C:\Windows\system32\profapi.dll

VM Arguments:
jvm_args: -Djava.awt.headless=true -Xmx1024M -Dfile.encoding=GBK -Duser.country=CN -Duser.language=zh -Duser.variant 
java_command: com.android.dx.command.Main --dex --num-threads=4 --output E:\Teapopo\app\build\intermediates\pre-dexed\debug\jackson-core-2.5.1_9851aa8e09bd9550729a788673a05bbcacef8540.jar C:\Users\lhq\.gradle\caches\modules-2\files-2.1\com.fasterxml.jackson.core\jackson-core\2.5.1\e2a00ad1d7e540ec395e9296a34da484c8888d4d\jackson-core-2.5.1.jar
java_class_path (initial): C:\Users\lhq\AppData\Local\Android\sdk\build-tools\23.0.3\lib\dx.jar
Launcher Type: SUN_STANDARD

Environment Variables:
JAVA_HOME=C:\Program Files\Java\jdk1.8.0_91
PATH=C:\ProgramData\Oracle\Java\javapath;C:\Windows\system32;C:\Windows;C:\Windows\System32\Wbem;C:\Windows\System32\WindowsPowerShell\v1.0\;C:\Users\lhq\AppData\Local\Android\sdk\platform-tools;C:\Users\lhq\AppData\Local\Android\sdk\tools;C:\Program Files\Java\jdk1.8.0_91\bin;C:\Program Files\Java\jdk1.8.0_91\jre\bin
USERNAME=lhq
OS=Windows_NT
PROCESSOR_IDENTIFIER=Intel64 Family 6 Model 69 Stepping 1, GenuineIntel



---------------  S Y S T E M  ---------------

OS: Windows 10.0 , 64 bit Build 10586 (10.0.10586.0)

CPU:total 4 (2 cores per cpu, 2 threads per core) family 6 model 69 stepping 1, cmov, cx8, fxsr, mmx, sse, sse2, sse3, ssse3, sse4.1, sse4.2, popcnt, avx, avx2, aes, clmul, erms, lzcnt, ht, tsc, tscinvbit, bmi1, bmi2

Memory: 4k page, physical 8067548k(1062580k free), swap 8067548k(4088k free)

vm_info: OpenJDK 64-Bit Server VM (25.76-b01) for windows-amd64 JRE (1.8.0_76-release-b01), built on May 12 2016 23:29:00 by "ralucas" with MS VC++ 10.0 (VS2010)

time: Sat Jul 02 11:30:19 2016
elapsed time: 1 seconds (0d 0h 0m 1s)

