#
# There is insufficient memory for the Java Runtime Environment to continue.
# Native memory allocation (malloc) failed to allocate 108976 bytes for Chunk::new
# Possible reasons:
#   The system is out of physical RAM or swap space
#   In 32 bit mode, the process size limit was hit
# Possible solutions:
#   Reduce memory load on the system
#   Increase physical memory or swap space
#   Check if swap backing store is full
#   Use 64 bit Java on a 64 bit OS
#   Decrease Java heap size (-Xmx/-Xms)
#   Decrease number of Java threads
#   Decrease Java thread stack sizes (-Xss)
#   Set larger code cache with -XX:ReservedCodeCacheSize=
# This output file may be truncated or incomplete.
#
#  Out of Memory Error (allocation.cpp:390), pid=148680, tid=0x0000000000024ce0
#
# JRE version: OpenJDK Runtime Environment (8.0_76-b01) (build 1.8.0_76-release-b01)
# Java VM: OpenJDK 64-Bit Server VM (25.76-b01 mixed mode windows-amd64 compressed oops)
# Failed to write core dump. Minidumps are not enabled by default on client versions of Windows
#

---------------  T H R E A D  ---------------

Current thread (0x0000000014d0a800):  JavaThread "C2 CompilerThread1" daemon [_thread_in_native, id=150752, stack(0x0000000016310000,0x0000000016410000)]

Stack: [0x0000000016310000,0x0000000016410000]
[error occurred during error reporting (printing stack bounds), id 0xc0000005]

Native frames: (J=compiled Java code, j=interpreted, Vv=VM code, C=native code)


Current CompileTask:
C2:   1318 1024       4       com.android.dx.dex.code.OutputFinisher::addConstants (93 bytes)


---------------  P R O C E S S  ---------------

Java Threads: ( => current thread )
  0x000000001646c800 JavaThread "Service Thread" daemon [_thread_blocked, id=150780, stack(0x0000000016910000,0x0000000016a10000)]
  0x0000000014d0e000 JavaThread "C1 CompilerThread2" daemon [_thread_blocked, id=150760, stack(0x0000000016810000,0x0000000016910000)]
=>0x0000000014d0a800 JavaThread "C2 CompilerThread1" daemon [_thread_in_native, id=150752, stack(0x0000000016310000,0x0000000016410000)]
  0x0000000014cbd800 JavaThread "C2 CompilerThread0" daemon [_thread_in_native, id=150740, stack(0x0000000016210000,0x0000000016310000)]
  0x0000000014cbc000 JavaThread "Attach Listener" daemon [_thread_blocked, id=150736, stack(0x0000000016110000,0x0000000016210000)]
  0x0000000014cbb000 JavaThread "Signal Dispatcher" daemon [_thread_blocked, id=150732, stack(0x0000000016010000,0x0000000016110000)]
  0x0000000014c98800 JavaThread "Finalizer" daemon [_thread_blocked, id=150616, stack(0x0000000015f10000,0x0000000016010000)]
  0x0000000002540000 JavaThread "Reference Handler" daemon [_thread_blocked, id=150580, stack(0x0000000015e10000,0x0000000015f10000)]
  0x0000000002450800 JavaThread "main" [_thread_in_vm, id=147972, stack(0x0000000001fa0000,0x00000000020a0000)]

Other Threads:
  0x0000000014c75800 VMThread [stack: 0x0000000015d10000,0x0000000015e10000] [id=150572]
  0x000000001646e800 WatcherThread [stack: 0x0000000016a10000,0x0000000016b10000] [id=150784]

VM state:not at safepoint (normal execution)

VM Mutex/Monitor currently owned by a thread: None

Heap:
 PSYoungGen      total 36864K, used 23130K [0x00000000eab00000, 0x00000000ed400000, 0x0000000100000000)
  eden space 31744K, 72% used [0x00000000eab00000,0x00000000ec196980,0x00000000eca00000)
  from space 5120K, 0% used [0x00000000ecf00000,0x00000000ecf00000,0x00000000ed400000)
  to   space 5120K, 0% used [0x00000000eca00000,0x00000000eca00000,0x00000000ecf00000)
 ParOldGen       total 84992K, used 0K [0x00000000c0000000, 0x00000000c5300000, 0x00000000eab00000)
  object space 84992K, 0% used [0x00000000c0000000,0x00000000c0000000,0x00000000c5300000)
 Metaspace       used 5947K, capacity 6896K, committed 7040K, reserved 1056768K
  class space    used 589K, capacity 616K, committed 640K, reserved 1048576K

Card table byte_map: [0x00000000119a0000,0x0000000011bb0000] byte_map_base: 0x00000000113a0000

Marking Bits: (ParMarkBitMap*) 0x000000005f499d00
 Begin Bits: [0x0000000012110000, 0x0000000013110000)
 End Bits:   [0x0000000013110000, 0x0000000014110000)

Polling page: 0x0000000000810000

CodeCache: size=245760Kb used=4221Kb max_used=4232Kb free=241538Kb
 bounds [0x00000000025e0000, 0x0000000002a10000, 0x00000000115e0000]
 total_blobs=1365 nmethods=1095 adapters=184
 compilation: enabled

Compilation events (10 events):
Event: 1.312 Thread 0x0000000014d0e000 nmethod 1092 0x00000000029fcbd0 code [0x00000000029fcd60, 0x00000000029fd098]
Event: 1.313 Thread 0x0000000014d0e000 1093       3       com.android.dx.dex.code.InsnFormat::unsignedFitsInShort (14 bytes)
Event: 1.313 Thread 0x0000000014d0e000 nmethod 1093 0x00000000029f9790 code [0x00000000029f98e0, 0x00000000029f9a70]
Event: 1.313 Thread 0x0000000014d0e000 1094       3       com.android.dx.dex.code.CstInsn::getIndex (42 bytes)
Event: 1.314 Thread 0x0000000014d0e000 nmethod 1094 0x0000000002a01ad0 code [0x0000000002a01ce0, 0x0000000002a02768]
Event: 1.314 Thread 0x0000000014d0e000 1095       1       com.android.dx.dex.code.form.Form11x::codeSize (2 bytes)
Event: 1.314 Thread 0x0000000014d0e000 nmethod 1095 0x00000000029f94d0 code [0x00000000029f9620, 0x00000000029f9730]
Event: 1.315 Thread 0x0000000014cbd800 1096       4       com.android.dx.rop.cst.Constant::compareTo (33 bytes)
Event: 1.316 Thread 0x0000000014cbd800 nmethod 1096 0x00000000029f91d0 code [0x00000000029f9320, 0x00000000029f93d8]
Event: 1.316 Thread 0x0000000014cbd800 1097       4       com.android.dx.util.FixedSizeList::equals (41 bytes)

GC Heap History (0 events):
No events

Deoptimization events (10 events):
Event: 1.235 Thread 0x0000000002450800 Uncommon trap: reason=bimorphic action=maybe_recompile pc=0x00000000027ffef4 method=java.util.HashMap.getNode(ILjava/lang/Object;)Ljava/util/HashMap$Node; @ 126
Event: 1.244 Thread 0x0000000002450800 Uncommon trap: reason=class_check action=maybe_recompile pc=0x00000000029b8850 method=java.util.HashMap.putVal(ILjava/lang/Object;Ljava/lang/Object;ZZ)Ljava/lang/Object; @ 203
Event: 1.258 Thread 0x0000000002450800 Uncommon trap: reason=bimorphic action=maybe_recompile pc=0x00000000027ffef4 method=java.util.HashMap.getNode(ILjava/lang/Object;)Ljava/util/HashMap$Node; @ 126
Event: 1.258 Thread 0x0000000002450800 Uncommon trap: reason=bimorphic action=maybe_recompile pc=0x00000000027ffef4 method=java.util.HashMap.getNode(ILjava/lang/Object;)Ljava/util/HashMap$Node; @ 126
Event: 1.258 Thread 0x0000000002450800 Uncommon trap: reason=bimorphic action=maybe_recompile pc=0x00000000027ffef4 method=java.util.HashMap.getNode(ILjava/lang/Object;)Ljava/util/HashMap$Node; @ 126
Event: 1.272 Thread 0x0000000002450800 Uncommon trap: reason=speculate_class_check action=maybe_recompile pc=0x000000000294f3fc method=com.android.dx.util.FixedSizeList.equals(Ljava/lang/Object;)Z @ 25
Event: 1.272 Thread 0x0000000002450800 Uncommon trap: reason=unstable_if action=reinterpret pc=0x000000000294c57c method=java.util.Arrays.equals([Ljava/lang/Object;[Ljava/lang/Object;)Z @ 23
Event: 1.277 Thread 0x0000000002450800 Uncommon trap: reason=speculate_class_check action=maybe_recompile pc=0x000000000294f3fc method=com.android.dx.util.FixedSizeList.equals(Ljava/lang/Object;)Z @ 25
Event: 1.277 Thread 0x0000000002450800 Uncommon trap: reason=speculate_class_check action=maybe_recompile pc=0x000000000294f3fc method=com.android.dx.util.FixedSizeList.equals(Ljava/lang/Object;)Z @ 25
Event: 1.277 Thread 0x0000000002450800 Uncommon trap: reason=speculate_class_check action=maybe_recompile pc=0x000000000294f3fc method=com.android.dx.util.FixedSizeList.equals(Ljava/lang/Object;)Z @ 25

Internal exceptions (2 events):
Event: 0.053 Thread 0x0000000002450800 Exception <a 'java/lang/NoSuchMethodError': Method sun.misc.Unsafe.defineClass(Ljava/lang/String;[BII)Ljava/lang/Class; name or signature does not match> (0x00000000eab07cc0) thrown at [C:\src\android\AOSP-openjdk\external\jetbrains\jdk\hotspot\src\share\v­&XËk«?
Event: 0.053 Thread 0x0000000002450800 Exception <a 'java/lang/NoSuchMethodError': Method sun.misc.Unsafe.prefetchRead(Ljava/lang/Object;J)V name or signature does not match> (0x00000000eab07fa8) thrown at [C:\src\android\AOSP-openjdk\external\jetbrains\jdk\hotspot\src\share\vm\prims\jni.cpp, l

Events (10 events):
Event: 1.273 loading class com/android/dx/util/ByteArrayAnnotatedOutput done
Event: 1.277 Thread 0x0000000002450800 Uncommon trap: trap_request=0xffffff76 fr.pc=0x000000000294f3fc
Event: 1.277 Thread 0x0000000002450800 DEOPT PACKING pc=0x000000000294f3fc sp=0x000000000209ec80
Event: 1.277 Thread 0x0000000002450800 DEOPT UNPACKING pc=0x000000000262556a sp=0x000000000209ec40 mode 2
Event: 1.277 Thread 0x0000000002450800 Uncommon trap: trap_request=0xffffff76 fr.pc=0x000000000294f3fc
Event: 1.277 Thread 0x0000000002450800 DEOPT PACKING pc=0x000000000294f3fc sp=0x000000000209ec80
Event: 1.277 Thread 0x0000000002450800 DEOPT UNPACKING pc=0x000000000262556a sp=0x000000000209ec40 mode 2
Event: 1.277 Thread 0x0000000002450800 Uncommon trap: trap_request=0xffffff76 fr.pc=0x000000000294f3fc
Event: 1.277 Thread 0x0000000002450800 DEOPT PACKING pc=0x000000000294f3fc sp=0x000000000209ec80
Event: 1.277 Thread 0x0000000002450800 DEOPT UNPACKING pc=0x000000000262556a sp=0x000000000209ec40 mode 2


Dynamic libraries:
0x00007ff75f820000 - 0x00007ff75f855000 	E:\Android\android-studio-ide-145.2915834-windows\jre\bin\java.exe
0x00007ffecf410000 - 0x00007ffecf5d1000 	C:\Windows\SYSTEM32\ntdll.dll
0x00007ffecef70000 - 0x00007ffecf01d000 	C:\Windows\system32\KERNEL32.DLL
0x00007ffecc330000 - 0x00007ffecc518000 	C:\Windows\system32\KERNELBASE.dll
0x00007ffecc9e0000 - 0x00007ffecca87000 	C:\Windows\system32\ADVAPI32.dll
0x00007ffece4c0000 - 0x00007ffece55d000 	C:\Windows\system32\msvcrt.dll
0x00007ffeccd10000 - 0x00007ffeccd6b000 	C:\Windows\system32\sechost.dll
0x00007ffece730000 - 0x00007ffece84c000 	C:\Windows\system32\RPCRT4.dll
0x00007ffece920000 - 0x00007ffecea76000 	C:\Windows\system32\USER32.dll
0x00007ffeccd90000 - 0x00007ffeccf16000 	C:\Windows\system32\GDI32.dll
0x00007ffebe600000 - 0x00007ffebe874000 	C:\Windows\WinSxS\amd64_microsoft.windows.common-controls_6595b64144ccf1df_6.0.10586.0_none_8c15ae12515e1c22\COMCTL32.dll
0x00007ffecca90000 - 0x00007ffeccd0d000 	C:\Windows\system32\combase.dll
0x00007ffecc520000 - 0x00007ffecc58a000 	C:\Windows\system32\bcryptPrimitives.dll
0x00007ffeccf20000 - 0x00007ffeccf5b000 	C:\Windows\system32\IMM32.DLL
0x000000005fdc0000 - 0x000000005fe92000 	E:\Android\android-studio-ide-145.2915834-windows\jre\jre\bin\msvcr100.dll
0x000000005ece0000 - 0x000000005f514000 	E:\Android\android-studio-ide-145.2915834-windows\jre\jre\bin\server\jvm.dll
0x00007ffecf1d0000 - 0x00007ffecf1d8000 	C:\Windows\system32\PSAPI.DLL
0x00007ffec8cd0000 - 0x00007ffec8cd9000 	C:\Windows\SYSTEM32\WSOCK32.dll
0x00007ffece560000 - 0x00007ffece5cb000 	C:\Windows\system32\WS2_32.dll
0x00007ffec9d40000 - 0x00007ffec9d63000 	C:\Windows\SYSTEM32\WINMM.dll
0x00007ffec1700000 - 0x00007ffec170a000 	C:\Windows\SYSTEM32\VERSION.dll
0x00007ffec9bf0000 - 0x00007ffec9c1c000 	C:\Windows\SYSTEM32\WINMMBASE.dll
0x00007ffecbbd0000 - 0x00007ffecbc13000 	C:\Windows\system32\cfgmgr32.dll
0x00007ffec6a80000 - 0x00007ffec6a8f000 	E:\Android\android-studio-ide-145.2915834-windows\jre\jre\bin\verify.dll
0x00007ffec3b90000 - 0x00007ffec3bb9000 	E:\Android\android-studio-ide-145.2915834-windows\jre\jre\bin\java.dll
0x00007ffec3b70000 - 0x00007ffec3b86000 	E:\Android\android-studio-ide-145.2915834-windows\jre\jre\bin\zip.dll
0x00007ffeccf60000 - 0x00007ffece4bc000 	C:\Windows\system32\SHELL32.dll
0x00007ffecbce0000 - 0x00007ffecc325000 	C:\Windows\system32\windows.storage.dll
0x00007ffecea80000 - 0x00007ffecead2000 	C:\Windows\system32\shlwapi.dll
0x00007ffecba90000 - 0x00007ffecba9f000 	C:\Windows\system32\kernel.appcore.dll
0x00007ffecbc20000 - 0x00007ffecbcd5000 	C:\Windows\system32\shcore.dll
0x00007ffecba30000 - 0x00007ffecba7b000 	C:\Windows\system32\powrprof.dll
0x00007ffecbaa0000 - 0x00007ffecbab4000 	C:\Windows\system32\profapi.dll

VM Arguments:
jvm_args: -Djava.awt.headless=true -Xmx1024M -Dfile.encoding=GBK -Duser.country=CN -Duser.language=zh -Duser.variant 
java_command: com.android.dx.command.Main --dex --num-threads=4 --output E:\Teapopo\app\build\intermediates\pre-dexed\debug\ShareSDK-YouDao-2.7.1_0132f184e6715533640a2311237a9f4b85602a77.jar E:\Teapopo\app\libs\ShareSDK-YouDao-2.7.1.jar
java_class_path (initial): C:\Users\lhq\AppData\Local\Android\sdk\build-tools\23.0.3\lib\dx.jar
Launcher Type: SUN_STANDARD

Environment Variables:
JAVA_HOME=C:\Program Files\Java\jdk1.8.0_91
PATH=C:\ProgramData\Oracle\Java\javapath;C:\Windows\system32;C:\Windows;C:\Windows\System32\Wbem;C:\Windows\System32\WindowsPowerShell\v1.0\;C:\Users\lhq\AppData\Local\Android\sdk\platform-tools;C:\Users\lhq\AppData\Local\Android\sdk\tools;C:\Program Files\Java\jdk1.8.0_91\bin;C:\Program Files\Java\jdk1.8.0_91\jre\bin
USERNAME=lhq
OS=Windows_NT
PROCESSOR_IDENTIFIER=Intel64 Family 6 Model 69 Stepping 1, GenuineIntel



---------------  S Y S T E M  ---------------

OS: Windows 10.0 , 64 bit Build 10586 (10.0.10586.0)

CPU:total 4 (2 cores per cpu, 2 threads per core) family 6 model 69 stepping 1, cmov, cx8, fxsr, mmx, sse, sse2, sse3, ssse3, sse4.1, sse4.2, popcnt, avx, avx2, aes, clmul, erms, lzcnt, ht, tsc, tscinvbit, bmi1, bmi2

Memory: 4k page, physical 8067548k(693216k free), swap 8067548k(5120k free)

vm_info: OpenJDK 64-Bit Server VM (25.76-b01) for windows-amd64 JRE (1.8.0_76-release-b01), built on May 12 2016 23:29:00 by "ralucas" with MS VC++ 10.0 (VS2010)

time: Fri Jul 08 10:35:21 2016
elapsed time: 1 seconds (0d 0h 0m 1s)

