#
# There is insufficient memory for the Java Runtime Environment to continue.
# Native memory allocation (malloc) failed to allocate 32744 bytes for ChunkPool::allocate
# Possible reasons:
#   The system is out of physical RAM or swap space
#   In 32 bit mode, the process size limit was hit
# Possible solutions:
#   Reduce memory load on the system
#   Increase physical memory or swap space
#   Check if swap backing store is full
#   Use 64 bit Java on a 64 bit OS
#   Decrease Java heap size (-Xmx/-Xms)
#   Decrease number of Java threads
#   Decrease Java thread stack sizes (-Xss)
#   Set larger code cache with -XX:ReservedCodeCacheSize=
# This output file may be truncated or incomplete.
#
#  Out of Memory Error (allocation.cpp:273), pid=34388, tid=0x0000000000007da8
#
# JRE version: OpenJDK Runtime Environment (8.0_76-b01) (build 1.8.0_76-release-b01)
# Java VM: OpenJDK 64-Bit Server VM (25.76-b01 mixed mode windows-amd64 compressed oops)
# Failed to write core dump. Minidumps are not enabled by default on client versions of Windows
#

---------------  T H R E A D  ---------------

Current thread (0x00000000164a4000):  JavaThread "C1 CompilerThread2" daemon [_thread_in_native, id=32168, stack(0x0000000016880000,0x0000000016980000)]

Stack: [0x0000000016880000,0x0000000016980000]
[error occurred during error reporting (printing stack bounds), id 0xc0000005]

Native frames: (J=compiled Java code, j=interpreted, Vv=VM code, C=native code)


Current CompileTask:
C1:   1298 1267       3       com.android.dx.ssa.SCCP::simulateMath (424 bytes)


---------------  P R O C E S S  ---------------

Java Threads: ( => current thread )
  0x00000000167df000 JavaThread "pool-1-thread-4" [_thread_in_Java, id=34772, stack(0x0000000016f80000,0x0000000017080000)]
  0x00000000167d0800 JavaThread "pool-1-thread-3" [_thread_blocked, id=34808, stack(0x0000000016e80000,0x0000000016f80000)]
  0x0000000016773800 JavaThread "pool-1-thread-2" [_thread_blocked, id=34788, stack(0x0000000016d80000,0x0000000016e80000)]
  0x0000000016766000 JavaThread "pool-2-thread-1" [_thread_blocked, id=34796, stack(0x0000000016c80000,0x0000000016d80000)]
  0x0000000016709000 JavaThread "pool-1-thread-1" [_thread_blocked, id=34792, stack(0x0000000016b80000,0x0000000016c80000)]
  0x0000000016510800 JavaThread "Service Thread" daemon [_thread_blocked, id=33092, stack(0x0000000016980000,0x0000000016a80000)]
=>0x00000000164a4000 JavaThread "C1 CompilerThread2" daemon [_thread_in_native, id=32168, stack(0x0000000016880000,0x0000000016980000)]
  0x0000000014d89800 JavaThread "C2 CompilerThread1" daemon [_thread_in_native, id=34804, stack(0x0000000016380000,0x0000000016480000)]
  0x0000000014d3d800 JavaThread "C2 CompilerThread0" daemon [_thread_in_native, id=34744, stack(0x0000000016280000,0x0000000016380000)]
  0x0000000014d3c000 JavaThread "Attach Listener" daemon [_thread_blocked, id=34700, stack(0x0000000016180000,0x0000000016280000)]
  0x0000000014d3b000 JavaThread "Signal Dispatcher" daemon [_thread_blocked, id=34716, stack(0x0000000016080000,0x0000000016180000)]
  0x0000000014d18800 JavaThread "Finalizer" daemon [_thread_blocked, id=34768, stack(0x0000000015f80000,0x0000000016080000)]
  0x00000000025c0000 JavaThread "Reference Handler" daemon [_thread_blocked, id=34760, stack(0x0000000015e80000,0x0000000015f80000)]
  0x00000000024d0800 JavaThread "main" [_thread_in_Java, id=34512, stack(0x0000000002040000,0x0000000002140000)]

Other Threads:
  0x0000000014cf5800 VMThread [stack: 0x0000000015d80000,0x0000000015e80000] [id=34684]
  0x0000000016513800 WatcherThread [stack: 0x0000000016a80000,0x0000000016b80000] [id=34780]

VM state:not at safepoint (normal execution)

VM Mutex/Monitor currently owned by a thread: None

Heap:
 PSYoungGen      total 36864K, used 9214K [0x00000000eab00000, 0x00000000ed400000, 0x0000000100000000)
  eden space 31744K, 12% used [0x00000000eab00000,0x00000000eaf015e0,0x00000000eca00000)
  from space 5120K, 99% used [0x00000000eca00000,0x00000000ecefe5c0,0x00000000ecf00000)
  to   space 5120K, 0% used [0x00000000ecf00000,0x00000000ecf00000,0x00000000ed400000)
 ParOldGen       total 84992K, used 1362K [0x00000000c0000000, 0x00000000c5300000, 0x00000000eab00000)
  object space 84992K, 1% used [0x00000000c0000000,0x00000000c0154a48,0x00000000c5300000)
 Metaspace       used 6003K, capacity 6960K, committed 7040K, reserved 1056768K
  class space    used 577K, capacity 616K, committed 640K, reserved 1048576K

Card table byte_map: [0x0000000011a20000,0x0000000011c30000] byte_map_base: 0x0000000011420000

Marking Bits: (ParMarkBitMap*) 0x0000000076459d00
 Begin Bits: [0x0000000012190000, 0x0000000013190000)
 End Bits:   [0x0000000013190000, 0x0000000014190000)

Polling page: 0x0000000000450000

CodeCache: size=245760Kb used=5026Kb max_used=5026Kb free=240733Kb
 bounds [0x0000000002660000, 0x0000000002b50000, 0x0000000011660000]
 total_blobs=1530 nmethods=1260 adapters=184
 compilation: enabled

Compilation events (10 events):
Event: 1.291 Thread 0x00000000164a4000 nmethod 1264 0x0000000002b43950 code [0x0000000002b43b00, 0x0000000002b43f38]
Event: 1.291 Thread 0x00000000164a4000 1262       3       java.util.HashMap::tableSizeFor (59 bytes)
Event: 1.292 Thread 0x00000000164a4000 nmethod 1262 0x0000000002b434d0 code [0x0000000002b43640, 0x0000000002b43850]
Event: 1.292 Thread 0x00000000164a4000 1265       3       com.android.dx.ssa.SCCP::<init> (142 bytes)
Event: 1.293 Thread 0x00000000164a4000 nmethod 1265 0x0000000002b49290 code [0x0000000002b49500, 0x0000000002b4a628]
Event: 1.293 Thread 0x00000000164a4000 1266       3       com.android.dx.ssa.back.SsaToRop::moveParametersToHighRegisters (88 bytes)
Event: 1.293 Thread 0x00000000164a4000 nmethod 1266 0x0000000002b4af10 code [0x0000000002b4b0e0, 0x0000000002b4b9b8]
Event: 1.293 Thread 0x00000000164a4000 1268       3       com.android.dx.ssa.back.FirstFitLocalCombiningAllocator::handleUnassociatedParameters (60 bytes)
Event: 1.294 Thread 0x00000000164a4000 nmethod 1268 0x0000000002b4bd10 code [0x0000000002b4bec0, 0x0000000002b4c578]
Event: 1.294 Thread 0x00000000164a4000 1267       3       com.android.dx.ssa.SCCP::simulateMath (424 bytes)

GC Heap History (2 events):
Event: 1.215 GC heap before
{Heap before GC invocations=1 (full 0):
 PSYoungGen      total 36864K, used 31744K [0x00000000eab00000, 0x00000000ed400000, 0x0000000100000000)
  eden space 31744K, 100% used [0x00000000eab00000,0x00000000eca00000,0x00000000eca00000)
  from space 5120K, 0% used [0x00000000ecf00000,0x00000000ecf00000,0x00000000ed400000)
  to   space 5120K, 0% used [0x00000000eca00000,0x00000000eca00000,0x00000000ecf00000)
 ParOldGen       total 84992K, used 0K [0x00000000c0000000, 0x00000000c5300000, 0x00000000eab00000)
  object space 84992K, 0% used [0x00000000c0000000,0x00000000c0000000,0x00000000c5300000)
 Metaspace       used 5961K, capacity 6896K, committed 7040K, reserved 1056768K
  class space    used 577K, capacity 616K, committed 640K, reserved 1048576K
Event: 1.240 GC heap after
Heap after GC invocations=1 (full 0):
 PSYoungGen      total 36864K, used 5113K [0x00000000eab00000, 0x00000000ed400000, 0x0000000100000000)
  eden space 31744K, 0% used [0x00000000eab00000,0x00000000eab00000,0x00000000eca00000)
  from space 5120K, 99% used [0x00000000eca00000,0x00000000ecefe5c0,0x00000000ecf00000)
  to   space 5120K, 0% used [0x00000000ecf00000,0x00000000ecf00000,0x00000000ed400000)
 ParOldGen       total 84992K, used 1362K [0x00000000c0000000, 0x00000000c5300000, 0x00000000eab00000)
  object space 84992K, 1% used [0x00000000c0000000,0x00000000c0154a48,0x00000000c5300000)
 Metaspace       used 5961K, capacity 6896K, committed 7040K, reserved 1056768K
  class space    used 577K, capacity 616K, committed 640K, reserved 1048576K
}

Deoptimization events (9 events):
Event: 0.315 Thread 0x00000000024d0800 Uncommon trap: reason=unstable_if action=reinterpret pc=0x00000000027a2110 method=java.lang.String.indexOf(II)I @ 49
Event: 0.636 Thread 0x0000000016709000 Uncommon trap: reason=unstable_if action=reinterpret pc=0x0000000002882948 method=java.util.HashMap.getNode(ILjava/lang/Object;)Ljava/util/HashMap$Node; @ 62
Event: 0.856 Thread 0x00000000167d0800 Uncommon trap: reason=unstable_if action=reinterpret pc=0x00000000028916b0 method=java.util.BitSet.nextSetBit(I)I @ 87
Event: 1.042 Thread 0x00000000167d0800 Uncommon trap: reason=unstable_if action=reinterpret pc=0x00000000028a3074 method=java.util.BitSet.ensureCapacity(I)V @ 6
Event: 1.085 Thread 0x00000000024d0800 Uncommon trap: reason=unstable_if action=reinterpret pc=0x0000000002980d0c method=com.android.dx.rop.code.RegisterSpec.equals(ILcom/android/dx/rop/type/TypeBearer;Lcom/android/dx/rop/code/LocalItem;)Z @ 16
Event: 1.086 Thread 0x00000000024d0800 Uncommon trap: reason=unstable_if action=reinterpret pc=0x00000000029785b0 method=com.android.dx.rop.code.RegisterSpec.equals(ILcom/android/dx/rop/type/TypeBearer;Lcom/android/dx/rop/code/LocalItem;)Z @ 16
Event: 1.087 Thread 0x00000000024d0800 Uncommon trap: reason=unstable_if action=reinterpret pc=0x00000000028a876c method=com.android.dx.rop.code.RegisterSpec.equals(ILcom/android/dx/rop/type/TypeBearer;Lcom/android/dx/rop/code/LocalItem;)Z @ 16
Event: 1.153 Thread 0x0000000016709000 Uncommon trap: reason=bimorphic action=maybe_recompile pc=0x0000000002aa3efc method=java.util.HashMap.putVal(ILjava/lang/Object;Ljava/lang/Object;ZZ)Ljava/lang/Object; @ 91
Event: 1.243 Thread 0x0000000016709000 Uncommon trap: reason=null_check action=make_not_entrant pc=0x0000000002a263e8 method=com.android.dx.rop.type.Type.equals(Ljava/lang/Object;)Z @ 8

Internal exceptions (3 events):
Event: 0.047 Thread 0x00000000024d0800 Exception <a 'java/lang/NoSuchMethodError': Method sun.misc.Unsafe.defineClass(Ljava/lang/String;[BII)Ljava/lang/Class; name or signature does not match> (0x00000000eab07cc0) thrown at [C:\src\android\AOSP-openjdk\external\jetbrains\jdk\hotspot\src\share\vcy¢Mþí§?
Event: 0.047 Thread 0x00000000024d0800 Exception <a 'java/lang/NoSuchMethodError': Method sun.misc.Unsafe.prefetchRead(Ljava/lang/Object;J)V name or signature does not match> (0x00000000eab07fa8) thrown at [C:\src\android\AOSP-openjdk\external\jetbrains\jdk\hotspot\src\share\vm\prims\jni.cpp, ló2”K¹ãó?
Event: 1.243 Thread 0x0000000016709000 Implicit null exception at 0x0000000002a262e2 to 0x0000000002a263da

Events (10 events):
Event: 1.145 Executing VM operation: Deoptimize
Event: 1.147 Executing VM operation: Deoptimize done
Event: 1.153 Thread 0x0000000016709000 Uncommon trap: trap_request=0xffffffc6 fr.pc=0x0000000002aa3efc
Event: 1.153 Thread 0x0000000016709000 DEOPT PACKING pc=0x0000000002aa3efc sp=0x0000000016c7eb60
Event: 1.153 Thread 0x0000000016709000 DEOPT UNPACKING pc=0x00000000026a556a sp=0x0000000016c7eae8 mode 2
Event: 1.187 Executing VM operation: ParallelGCFailedAllocation
Event: 1.240 Executing VM operation: ParallelGCFailedAllocation done
Event: 1.243 Thread 0x0000000016709000 Uncommon trap: trap_request=0xfffffff4 fr.pc=0x0000000002a263e8
Event: 1.243 Thread 0x0000000016709000 DEOPT PACKING pc=0x0000000002a263e8 sp=0x0000000016c7e850
Event: 1.243 Thread 0x0000000016709000 DEOPT UNPACKING pc=0x00000000026a556a sp=0x0000000016c7e7d8 mode 2


Dynamic libraries:
0x00007ff6beda0000 - 0x00007ff6bedd5000 	E:\Android\android-studio-ide-145.2915834-windows\jre\bin\java.exe
0x00007ffc71010000 - 0x00007ffc711d1000 	C:\Windows\SYSTEM32\ntdll.dll
0x00007ffc70e50000 - 0x00007ffc70efd000 	C:\Windows\system32\KERNEL32.DLL
0x00007ffc6da90000 - 0x00007ffc6dc78000 	C:\Windows\system32\KERNELBASE.dll
0x00007ffc6eb70000 - 0x00007ffc6ec17000 	C:\Windows\system32\ADVAPI32.dll
0x00007ffc70f00000 - 0x00007ffc70f9d000 	C:\Windows\system32\msvcrt.dll
0x00007ffc6eb10000 - 0x00007ffc6eb6b000 	C:\Windows\system32\sechost.dll
0x00007ffc6ec80000 - 0x00007ffc6ed9c000 	C:\Windows\system32\RPCRT4.dll
0x00007ffc6f0f0000 - 0x00007ffc6f246000 	C:\Windows\system32\USER32.dll
0x00007ffc70960000 - 0x00007ffc70ae6000 	C:\Windows\system32\GDI32.dll
0x00007ffc5ff30000 - 0x00007ffc601a4000 	C:\Windows\WinSxS\amd64_microsoft.windows.common-controls_6595b64144ccf1df_6.0.10586.0_none_8c15ae12515e1c22\COMCTL32.dll
0x00007ffc6eda0000 - 0x00007ffc6f01d000 	C:\Windows\system32\combase.dll
0x00007ffc6d9a0000 - 0x00007ffc6da0a000 	C:\Windows\system32\bcryptPrimitives.dll
0x00007ffc6ec20000 - 0x00007ffc6ec5b000 	C:\Windows\system32\IMM32.DLL
0x0000000075bc0000 - 0x0000000075c92000 	E:\Android\android-studio-ide-145.2915834-windows\jre\jre\bin\msvcr100.dll
0x0000000075ca0000 - 0x00000000764d4000 	E:\Android\android-studio-ide-145.2915834-windows\jre\jre\bin\server\jvm.dll
0x00007ffc70c70000 - 0x00007ffc70c78000 	C:\Windows\system32\PSAPI.DLL
0x00007ffc6bbe0000 - 0x00007ffc6bbe9000 	C:\Windows\SYSTEM32\WSOCK32.dll
0x00007ffc70af0000 - 0x00007ffc70b5b000 	C:\Windows\system32\WS2_32.dll
0x00007ffc6b5f0000 - 0x00007ffc6b613000 	C:\Windows\SYSTEM32\WINMM.dll
0x00007ffc62e40000 - 0x00007ffc62e4a000 	C:\Windows\SYSTEM32\VERSION.dll
0x00007ffc6b590000 - 0x00007ffc6b5bc000 	C:\Windows\SYSTEM32\WINMMBASE.dll
0x00007ffc6d780000 - 0x00007ffc6d7c3000 	C:\Windows\system32\cfgmgr32.dll
0x00007ffc6bbd0000 - 0x00007ffc6bbdf000 	E:\Android\android-studio-ide-145.2915834-windows\jre\jre\bin\verify.dll
0x00007ffc68150000 - 0x00007ffc68179000 	E:\Android\android-studio-ide-145.2915834-windows\jre\jre\bin\java.dll
0x00007ffc6ad40000 - 0x00007ffc6ad56000 	E:\Android\android-studio-ide-145.2915834-windows\jre\jre\bin\zip.dll
0x00007ffc6f400000 - 0x00007ffc7095c000 	C:\Windows\system32\SHELL32.dll
0x00007ffc6ddc0000 - 0x00007ffc6e405000 	C:\Windows\system32\windows.storage.dll
0x00007ffc70c80000 - 0x00007ffc70cd2000 	C:\Windows\system32\shlwapi.dll
0x00007ffc6d660000 - 0x00007ffc6d66f000 	C:\Windows\system32\kernel.appcore.dll
0x00007ffc6d6c0000 - 0x00007ffc6d775000 	C:\Windows\system32\shcore.dll
0x00007ffc6d670000 - 0x00007ffc6d6bb000 	C:\Windows\system32\powrprof.dll
0x00007ffc6d630000 - 0x00007ffc6d644000 	C:\Windows\system32\profapi.dll

VM Arguments:
jvm_args: -Djava.awt.headless=true -Xmx1024M -Dfile.encoding=GBK -Duser.country=CN -Duser.language=zh -Duser.variant 
java_command: com.android.dx.command.Main --dex --num-threads=4 --output E:\Teapopo\app\build\intermediates\pre-dexed\debug\com.android.support-design-23.3.0_a393777e91d2ca5abd5bcb30009b7e0561c9cfda.jar E:\Teapopo\app\build\intermediates\exploded-aar\com.android.support\design\23.3.0\jars\classes.jar
java_class_path (initial): C:\Users\lhq\AppData\Local\Android\sdk\build-tools\23.0.3\lib\dx.jar
Launcher Type: SUN_STANDARD

Environment Variables:
JAVA_HOME=C:\Program Files\Java\jdk1.8.0_91
PATH=C:\ProgramData\Oracle\Java\javapath;C:\Windows\system32;C:\Windows;C:\Windows\System32\Wbem;C:\Windows\System32\WindowsPowerShell\v1.0\;C:\Users\lhq\AppData\Local\Android\sdk\platform-tools;C:\Users\lhq\AppData\Local\Android\sdk\tools;C:\Program Files\Java\jdk1.8.0_91\bin;C:\Program Files\Java\jdk1.8.0_91\jre\bin
USERNAME=lhq
OS=Windows_NT
PROCESSOR_IDENTIFIER=Intel64 Family 6 Model 69 Stepping 1, GenuineIntel



---------------  S Y S T E M  ---------------

OS: Windows 10.0 , 64 bit Build 10586 (10.0.10586.0)

CPU:total 4 (2 cores per cpu, 2 threads per core) family 6 model 69 stepping 1, cmov, cx8, fxsr, mmx, sse, sse2, sse3, ssse3, sse4.1, sse4.2, popcnt, avx, avx2, aes, clmul, erms, lzcnt, ht, tsc, tscinvbit, bmi1, bmi2

Memory: 4k page, physical 8067548k(1092068k free), swap 8067548k(4096k free)

vm_info: OpenJDK 64-Bit Server VM (25.76-b01) for windows-amd64 JRE (1.8.0_76-release-b01), built on May 12 2016 23:29:00 by "ralucas" with MS VC++ 10.0 (VS2010)

time: Mon Jul 04 09:55:02 2016
elapsed time: 1 seconds (0d 0h 0m 1s)

