#
# There is insufficient memory for the Java Runtime Environment to continue.
# Native memory allocation (malloc) failed to allocate 301136 bytes for Chunk::new
# Possible reasons:
#   The system is out of physical RAM or swap space
#   In 32 bit mode, the process size limit was hit
# Possible solutions:
#   Reduce memory load on the system
#   Increase physical memory or swap space
#   Check if swap backing store is full
#   Use 64 bit Java on a 64 bit OS
#   Decrease Java heap size (-Xmx/-Xms)
#   Decrease number of Java threads
#   Decrease Java thread stack sizes (-Xss)
#   Set larger code cache with -XX:ReservedCodeCacheSize=
# This output file may be truncated or incomplete.
#
#  Out of Memory Error (allocation.cpp:390), pid=82724, tid=0x0000000000016154
#
# JRE version: OpenJDK Runtime Environment (8.0_76-b01) (build 1.8.0_76-release-b01)
# Java VM: OpenJDK 64-Bit Server VM (25.76-b01 mixed mode windows-amd64 compressed oops)
# Failed to write core dump. Minidumps are not enabled by default on client versions of Windows
#

---------------  T H R E A D  ---------------

Current thread (0x0000000016385000):  JavaThread "C2 CompilerThread1" daemon [_thread_in_native, id=90452, stack(0x0000000016730000,0x0000000016830000)]

Stack: [0x0000000016730000,0x0000000016830000]
[error occurred during error reporting (printing stack bounds), id 0xc0000005]

Native frames: (J=compiled Java code, j=interpreted, Vv=VM code, C=native code)


Current CompileTask:
C2:   1985  598       4       com.android.dx.ssa.NormalSsaInsn::accept (25 bytes)


---------------  P R O C E S S  ---------------

Java Threads: ( => current thread )
  0x00000000165a7000 JavaThread "pool-1-thread-3" [_thread_in_Java, id=85344, stack(0x0000000016e30000,0x0000000016f30000)]
  0x00000000165a2000 JavaThread "pool-1-thread-2" [_thread_in_vm, id=90264, stack(0x0000000016d30000,0x0000000016e30000)]
  0x0000000016599800 JavaThread "pool-2-thread-1" [_thread_blocked, id=90008, stack(0x0000000016c30000,0x0000000016d30000)]
  0x0000000016598800 JavaThread "pool-1-thread-1" [_thread_in_Java, id=84084, stack(0x0000000016b30000,0x0000000016c30000)]
  0x000000001638d800 JavaThread "Service Thread" daemon [_thread_blocked, id=90728, stack(0x0000000016930000,0x0000000016a30000)]
  0x0000000016388000 JavaThread "C1 CompilerThread2" daemon [_thread_in_vm, id=90376, stack(0x0000000016830000,0x0000000016930000)]
=>0x0000000016385000 JavaThread "C2 CompilerThread1" daemon [_thread_in_native, id=90452, stack(0x0000000016730000,0x0000000016830000)]
  0x0000000014ced800 JavaThread "C2 CompilerThread0" daemon [_thread_in_native, id=23600, stack(0x0000000016230000,0x0000000016330000)]
  0x0000000014cec800 JavaThread "Attach Listener" daemon [_thread_blocked, id=13628, stack(0x0000000016130000,0x0000000016230000)]
  0x0000000014ceb000 JavaThread "Signal Dispatcher" daemon [_thread_blocked, id=74784, stack(0x0000000016030000,0x0000000016130000)]
  0x0000000014cc8000 JavaThread "Finalizer" daemon [_thread_blocked, id=90164, stack(0x0000000015f30000,0x0000000016030000)]
  0x0000000002600000 JavaThread "Reference Handler" daemon [_thread_blocked, id=90932, stack(0x0000000015e30000,0x0000000015f30000)]
  0x0000000002510800 JavaThread "main" [_thread_blocked, id=62800, stack(0x0000000002310000,0x0000000002410000)]

Other Threads:
  0x0000000014ca5800 VMThread [stack: 0x0000000015d30000,0x0000000015e30000] [id=84892]
  0x000000001638f800 WatcherThread [stack: 0x0000000016a30000,0x0000000016b30000] [id=89832]

VM state:not at safepoint (normal execution)

VM Mutex/Monitor currently owned by a thread: None

Heap:
 PSYoungGen      total 36864K, used 13640K [0x00000000eab00000, 0x00000000ed400000, 0x0000000100000000)
  eden space 31744K, 42% used [0x00000000eab00000,0x00000000eb852118,0x00000000eca00000)
  from space 5120K, 0% used [0x00000000ecf00000,0x00000000ecf00000,0x00000000ed400000)
  to   space 5120K, 0% used [0x00000000eca00000,0x00000000eca00000,0x00000000ecf00000)
 ParOldGen       total 84992K, used 0K [0x00000000c0000000, 0x00000000c5300000, 0x00000000eab00000)
  object space 84992K, 0% used [0x00000000c0000000,0x00000000c0000000,0x00000000c5300000)
 Metaspace       used 5585K, capacity 6576K, committed 6784K, reserved 1056768K
  class space    used 573K, capacity 616K, committed 640K, reserved 1048576K

Card table byte_map: [0x00000000119d0000,0x0000000011be0000] byte_map_base: 0x00000000113d0000

Marking Bits: (ParMarkBitMap*) 0x000000005f499d00
 Begin Bits: [0x0000000012140000, 0x0000000013140000)
 End Bits:   [0x0000000013140000, 0x0000000014140000)

Polling page: 0x0000000000520000

CodeCache: size=245760Kb used=2597Kb max_used=2597Kb free=243162Kb
 bounds [0x0000000002610000, 0x00000000028a0000, 0x0000000011610000]
 total_blobs=910 nmethods=640 adapters=184
 compilation: enabled

Compilation events (10 events):
Event: 1.972 Thread 0x0000000016388000  638       3       com.android.dx.ssa.InterferenceRegisterMapper::interferes (78 bytes)
Event: 1.973 Thread 0x0000000016388000 nmethod 638 0x0000000002893850 code [0x0000000002893a80, 0x00000000028946a8]
Event: 1.973 Thread 0x0000000016388000  639       3       com.android.dx.ssa.back.FirstFitLocalCombiningAllocator::canMapReg (32 bytes)
Event: 1.974 Thread 0x0000000016388000 nmethod 639 0x0000000002894e10 code [0x0000000002895000, 0x0000000002895928]
Event: 1.974 Thread 0x0000000016388000  640       3       java.util.BitSet::nextClearBit (116 bytes)
Event: 1.975 Thread 0x0000000016388000 nmethod 640 0x0000000002895d10 code [0x0000000002895f20, 0x0000000002896a18]
Event: 1.975 Thread 0x0000000016388000  641       3       com.android.dx.ssa.back.FirstFitLocalCombiningAllocator$Alignment$3::nextClearBit (6 bytes)
Event: 1.975 Thread 0x0000000016388000 nmethod 641 0x0000000002896fd0 code [0x0000000002897140, 0x00000000028972e8]
Event: 1.975 Thread 0x0000000016388000  642       3       com.android.dx.ssa.back.FirstFitLocalCombiningAllocator::getAlignment (32 bytes)
Event: 1.975 Thread 0x0000000016388000 nmethod 642 0x00000000028973d0 code [0x0000000002897540, 0x0000000002897810]

GC Heap History (0 events):
No events

Deoptimization events (3 events):
Event: 0.460 Thread 0x0000000002510800 Uncommon trap: reason=unstable_if action=reinterpret pc=0x0000000002747914 method=java.lang.String.indexOf(II)I @ 49
Event: 1.576 Thread 0x0000000016598800 Uncommon trap: reason=unstable_if action=reinterpret pc=0x0000000002805e0c method=java.util.HashMap.getNode(ILjava/lang/Object;)Ljava/util/HashMap$Node; @ 62
Event: 1.896 Thread 0x0000000016598800 Uncommon trap: reason=unstable_if action=reinterpret pc=0x00000000027f3cb0 method=java.util.BitSet.nextSetBit(I)I @ 87

Internal exceptions (2 events):
Event: 0.085 Thread 0x0000000002510800 Exception <a 'java/lang/NoSuchMethodError': Method sun.misc.Unsafe.defineClass(Ljava/lang/String;[BII)Ljava/lang/Class; name or signature does not match> (0x00000000eab07cc0) thrown at [C:\src\android\AOSP-openjdk\external\jetbrains\jdk\hotspot\src\share\vÅ³«ÅÂÕµ?
Event: 0.085 Thread 0x0000000002510800 Exception <a 'java/lang/NoSuchMethodError': Method sun.misc.Unsafe.prefetchRead(Ljava/lang/Object;J)V name or signature does not match> (0x00000000eab07fa8) thrown at [C:\src\android\AOSP-openjdk\external\jetbrains\jdk\hotspot\src\share\vm\prims\jni.cpp, l

Events (10 events):
Event: 1.895 loading class java/util/HashMap$ValueIterator done
Event: 1.896 Thread 0x0000000016598800 Uncommon trap: trap_request=0xffffff65 fr.pc=0x00000000027f3cb0
Event: 1.896 Thread 0x0000000016598800 DEOPT PACKING pc=0x00000000027f3cb0 sp=0x0000000016c2e990
Event: 1.896 Thread 0x0000000016598800 DEOPT UNPACKING pc=0x000000000265556a sp=0x0000000016c2e928 mode 2
Event: 1.937 loading class java/util/ArrayList$1
Event: 1.937 loading class java/util/ArrayList$1 done
Event: 1.969 loading class java/util/TreeMap$EntrySet
Event: 1.969 loading class java/util/TreeMap$EntrySet done
Event: 1.970 loading class java/util/TreeMap$EntryIterator
Event: 1.970 loading class java/util/TreeMap$EntryIterator done


Dynamic libraries:
0x00007ff6a3010000 - 0x00007ff6a3045000 	E:\Android\android-studio-ide-145.2915834-windows\jre\bin\java.exe
0x00007ffecf410000 - 0x00007ffecf5d1000 	C:\Windows\SYSTEM32\ntdll.dll
0x00007ffecef70000 - 0x00007ffecf01d000 	C:\Windows\system32\KERNEL32.DLL
0x00007ffecc330000 - 0x00007ffecc518000 	C:\Windows\system32\KERNELBASE.dll
0x00007ffecc9e0000 - 0x00007ffecca87000 	C:\Windows\system32\ADVAPI32.dll
0x00007ffece4c0000 - 0x00007ffece55d000 	C:\Windows\system32\msvcrt.dll
0x00007ffeccd10000 - 0x00007ffeccd6b000 	C:\Windows\system32\sechost.dll
0x00007ffece730000 - 0x00007ffece84c000 	C:\Windows\system32\RPCRT4.dll
0x00007ffece920000 - 0x00007ffecea76000 	C:\Windows\system32\USER32.dll
0x00007ffeccd90000 - 0x00007ffeccf16000 	C:\Windows\system32\GDI32.dll
0x00007ffebe600000 - 0x00007ffebe874000 	C:\Windows\WinSxS\amd64_microsoft.windows.common-controls_6595b64144ccf1df_6.0.10586.0_none_8c15ae12515e1c22\COMCTL32.dll
0x00007ffecca90000 - 0x00007ffeccd0d000 	C:\Windows\system32\combase.dll
0x00007ffecc520000 - 0x00007ffecc58a000 	C:\Windows\system32\bcryptPrimitives.dll
0x00007ffeccf20000 - 0x00007ffeccf5b000 	C:\Windows\system32\IMM32.DLL
0x00000000600f0000 - 0x00000000601c2000 	E:\Android\android-studio-ide-145.2915834-windows\jre\jre\bin\msvcr100.dll
0x000000005ece0000 - 0x000000005f514000 	E:\Android\android-studio-ide-145.2915834-windows\jre\jre\bin\server\jvm.dll
0x00007ffecf1d0000 - 0x00007ffecf1d8000 	C:\Windows\system32\PSAPI.DLL
0x00007ffec8ed0000 - 0x00007ffec8ed9000 	C:\Windows\SYSTEM32\WSOCK32.dll
0x00007ffece560000 - 0x00007ffece5cb000 	C:\Windows\system32\WS2_32.dll
0x00007ffec9d40000 - 0x00007ffec9d63000 	C:\Windows\SYSTEM32\WINMM.dll
0x00007ffec1700000 - 0x00007ffec170a000 	C:\Windows\SYSTEM32\VERSION.dll
0x00007ffec9bf0000 - 0x00007ffec9c1c000 	C:\Windows\SYSTEM32\WINMMBASE.dll
0x00007ffecbbd0000 - 0x00007ffecbc13000 	C:\Windows\system32\cfgmgr32.dll
0x00007ffec8e10000 - 0x00007ffec8e1f000 	E:\Android\android-studio-ide-145.2915834-windows\jre\jre\bin\verify.dll
0x00007ffec8d10000 - 0x00007ffec8d39000 	E:\Android\android-studio-ide-145.2915834-windows\jre\jre\bin\java.dll
0x00007ffec8cd0000 - 0x00007ffec8ce6000 	E:\Android\android-studio-ide-145.2915834-windows\jre\jre\bin\zip.dll
0x00007ffeccf60000 - 0x00007ffece4bc000 	C:\Windows\system32\SHELL32.dll
0x00007ffecbce0000 - 0x00007ffecc325000 	C:\Windows\system32\windows.storage.dll
0x00007ffecea80000 - 0x00007ffecead2000 	C:\Windows\system32\shlwapi.dll
0x00007ffecba90000 - 0x00007ffecba9f000 	C:\Windows\system32\kernel.appcore.dll
0x00007ffecbc20000 - 0x00007ffecbcd5000 	C:\Windows\system32\shcore.dll
0x00007ffecba30000 - 0x00007ffecba7b000 	C:\Windows\system32\powrprof.dll
0x00007ffecbaa0000 - 0x00007ffecbab4000 	C:\Windows\system32\profapi.dll

VM Arguments:
jvm_args: -Djava.awt.headless=true -Xmx1024M -Dfile.encoding=GBK -Duser.country=CN -Duser.language=zh -Duser.variant 
java_command: com.android.dx.command.Main --dex --num-threads=4 --output E:\Teapopo\app\build\intermediates\pre-dexed\debug\ShareSDK-KakaoStory-2.7.1_71abfd92b5ce1bf07ffa02a2b04a9a12c86b9564.jar E:\Teapopo\app\libs\ShareSDK-KakaoStory-2.7.1.jar
java_class_path (initial): C:\Users\lhq\AppData\Local\Android\sdk\build-tools\23.0.3\lib\dx.jar
Launcher Type: SUN_STANDARD

Environment Variables:
JAVA_HOME=C:\Program Files\Java\jdk1.8.0_91
PATH=C:\ProgramData\Oracle\Java\javapath;C:\Windows\system32;C:\Windows;C:\Windows\System32\Wbem;C:\Windows\System32\WindowsPowerShell\v1.0\;C:\Users\lhq\AppData\Local\Android\sdk\platform-tools;C:\Users\lhq\AppData\Local\Android\sdk\tools;C:\Program Files\Java\jdk1.8.0_91\bin;C:\Program Files\Java\jdk1.8.0_91\jre\bin
USERNAME=lhq
OS=Windows_NT
PROCESSOR_IDENTIFIER=Intel64 Family 6 Model 69 Stepping 1, GenuineIntel



---------------  S Y S T E M  ---------------

OS: Windows 10.0 , 64 bit Build 10586 (10.0.10586.0)

CPU:total 4 (2 cores per cpu, 2 threads per core) family 6 model 69 stepping 1, cmov, cx8, fxsr, mmx, sse, sse2, sse3, ssse3, sse4.1, sse4.2, popcnt, avx, avx2, aes, clmul, erms, lzcnt, ht, tsc, tscinvbit, bmi1, bmi2

Memory: 4k page, physical 8067548k(1031524k free), swap 8067548k(4196k free)

vm_info: OpenJDK 64-Bit Server VM (25.76-b01) for windows-amd64 JRE (1.8.0_76-release-b01), built on May 12 2016 23:29:00 by "ralucas" with MS VC++ 10.0 (VS2010)

time: Thu Jul 07 09:33:45 2016
elapsed time: 1 seconds (0d 0h 0m 1s)

