#
# There is insufficient memory for the Java Runtime Environment to continue.
# Native memory allocation (malloc) failed to allocate 32744 bytes for ChunkPool::allocate
# Possible reasons:
#   The system is out of physical RAM or swap space
#   In 32 bit mode, the process size limit was hit
# Possible solutions:
#   Reduce memory load on the system
#   Increase physical memory or swap space
#   Check if swap backing store is full
#   Use 64 bit Java on a 64 bit OS
#   Decrease Java heap size (-Xmx/-Xms)
#   Decrease number of Java threads
#   Decrease Java thread stack sizes (-Xss)
#   Set larger code cache with -XX:ReservedCodeCacheSize=
# This output file may be truncated or incomplete.
#
#  Out of Memory Error (allocation.cpp:273), pid=34144, tid=0x0000000000013d00
#
# JRE version: OpenJDK Runtime Environment (8.0_76-b01) (build 1.8.0_76-release-b01)
# Java VM: OpenJDK 64-Bit Server VM (25.76-b01 mixed mode windows-amd64 compressed oops)
# Failed to write core dump. Minidumps are not enabled by default on client versions of Windows
#

---------------  T H R E A D  ---------------

Current thread (0x00000000162ff000):  JavaThread "C1 CompilerThread2" daemon [_thread_in_native, id=81152, stack(0x00000000167a0000,0x00000000168a0000)]

Stack: [0x00000000167a0000,0x00000000168a0000]
[error occurred during error reporting (printing stack bounds), id 0xc0000005]

Native frames: (J=compiled Java code, j=interpreted, Vv=VM code, C=native code)


Current CompileTask:
C1:   1978  540   !   3       com.android.dx.cf.code.BytecodeArray::
[error occurred during error reporting (printing current compile task), id 0xe0000001]


---------------  P R O C E S S  ---------------

Java Threads: ( => current thread )
  0x00000000164b1000 JavaThread "pool-1-thread-4" [_thread_blocked, id=67116, stack(0x0000000016ea0000,0x0000000016fa0000)]
  0x00000000164b0800 JavaThread "pool-1-thread-3" [_thread_blocked, id=87656, stack(0x0000000016da0000,0x0000000016ea0000)]
  0x00000000164b0000 JavaThread "pool-1-thread-2" [_thread_blocked, id=84856, stack(0x0000000016ca0000,0x0000000016da0000)]
  0x00000000164ad000 JavaThread "pool-2-thread-1" [_thread_blocked, id=84724, stack(0x0000000016ba0000,0x0000000016ca0000)]
  0x00000000164ac800 JavaThread "pool-1-thread-1" [_thread_in_vm, id=90564, stack(0x0000000016aa0000,0x0000000016ba0000)]
  0x0000000016307000 JavaThread "Service Thread" daemon [_thread_blocked, id=80496, stack(0x00000000168a0000,0x00000000169a0000)]
=>0x00000000162ff000 JavaThread "C1 CompilerThread2" daemon [_thread_in_native, id=81152, stack(0x00000000167a0000,0x00000000168a0000)]
  0x00000000162f3800 JavaThread "C2 CompilerThread1" daemon [_thread_in_native, id=90520, stack(0x00000000166a0000,0x00000000167a0000)]
  0x0000000014c5d800 JavaThread "C2 CompilerThread0" daemon [_thread_in_native, id=85448, stack(0x00000000161a0000,0x00000000162a0000)]
  0x0000000014c5c000 JavaThread "Attach Listener" daemon [_thread_blocked, id=90976, stack(0x00000000160a0000,0x00000000161a0000)]
  0x0000000014c5b000 JavaThread "Signal Dispatcher" daemon [_thread_blocked, id=90788, stack(0x0000000015fa0000,0x00000000160a0000)]
  0x0000000014c38800 JavaThread "Finalizer" daemon [_thread_blocked, id=90208, stack(0x0000000015ea0000,0x0000000015fa0000)]
  0x0000000002570000 JavaThread "Reference Handler" daemon [_thread_blocked, id=82972, stack(0x0000000015da0000,0x0000000015ea0000)]
  0x0000000002480800 JavaThread "main" [_thread_blocked, id=90668, stack(0x0000000002250000,0x0000000002350000)]

Other Threads:
  0x0000000014c15800 VMThread [stack: 0x0000000015ca0000,0x0000000015da0000] [id=84092]
  0x0000000016309000 WatcherThread [stack: 0x00000000169a0000,0x0000000016aa0000] [id=90956]

VM state:not at safepoint (normal execution)

VM Mutex/Monitor currently owned by a thread:  ([mutex/lock_event])
[0x000000000237ce60] MethodData_lock - owner thread: 0x00000000164ac800

Heap:
 PSYoungGen      total 36864K, used 13974K [0x00000000eab00000, 0x00000000ed400000, 0x0000000100000000)
  eden space 31744K, 44% used [0x00000000eab00000,0x00000000eb8a5918,0x00000000eca00000)
  from space 5120K, 0% used [0x00000000ecf00000,0x00000000ecf00000,0x00000000ed400000)
  to   space 5120K, 0% used [0x00000000eca00000,0x00000000eca00000,0x00000000ecf00000)
 ParOldGen       total 84992K, used 0K [0x00000000c0000000, 0x00000000c5300000, 0x00000000eab00000)
  object space 84992K, 0% used [0x00000000c0000000,0x00000000c0000000,0x00000000c5300000)
 Metaspace       used 5466K, capacity 6448K, committed 6528K, reserved 1056768K
  class space    used 571K, capacity 616K, committed 640K, reserved 1048576K

Card table byte_map: [0x0000000011940000,0x0000000011b50000] byte_map_base: 0x0000000011340000

Marking Bits: (ParMarkBitMap*) 0x000000005f499d00
 Begin Bits: [0x00000000120b0000, 0x00000000130b0000)
 End Bits:   [0x00000000130b0000, 0x00000000140b0000)

Polling page: 0x0000000000510000

CodeCache: size=245760Kb used=2146Kb max_used=2157Kb free=243614Kb
 bounds [0x0000000002580000, 0x00000000027f0000, 0x0000000011580000]
 total_blobs=811 nmethods=541 adapters=184
 compilation: enabled

Compilation events (10 events):
Event: 1.966 Thread 0x00000000162ff000  551       1       java.util.HashMap::afterNodeInsertion (1 bytes)
Event: 1.966 Thread 0x00000000162ff000 nmethod 551 0x0000000002798b50 code [0x0000000002798ca0, 0x0000000002798db0]
Event: 1.966 Thread 0x00000000162ff000  539       3       com.android.dx.util.Bits::get (25 bytes)
Event: 1.966 Thread 0x00000000162ff000 nmethod 539 0x0000000002798710 code [0x0000000002798880, 0x0000000002798a50]
Event: 1.966 Thread 0x00000000162ff000  555       3       java.util.HashMap::<init> (11 bytes)
Event: 1.967 Thread 0x00000000162ff000 nmethod 555 0x00000000027982d0 code [0x0000000002798440, 0x0000000002798650]
Event: 1.967 Thread 0x00000000162ff000  540   !   3       com.android.dx.cf.code.BytecodeArray::parseInstruction (2764 bytes)
Event: 1.969 Thread 0x00000000162f3800 nmethod 521 0x0000000002797c10 code [0x0000000002797d60, 0x0000000002798078]
Event: 1.969 Thread 0x00000000162f3800  557   !   4       com.android.dx.util.IntList::get (36 bytes)
Event: 1.970 Thread 0x00000000162f3800 nmethod 557 0x0000000002797950 code [0x0000000002797a80, 0x0000000002797b38]

GC Heap History (0 events):
No events

Deoptimization events (1 events):
Event: 0.668 Thread 0x0000000002480800 Uncommon trap: reason=unstable_if action=reinterpret pc=0x00000000026b9e10 method=java.lang.String.indexOf(II)I @ 49

Internal exceptions (2 events):
Event: 0.099 Thread 0x0000000002480800 Exception <a 'java/lang/NoSuchMethodError': Method sun.misc.Unsafe.defineClass(Ljava/lang/String;[BII)Ljava/lang/Class; name or signature does not match> (0x00000000eab07cc0) thrown at [C:\src\android\AOSP-openjdk\external\jetbrains\jdk\hotspot\src\share\vñ¿‘q…^π?
Event: 0.099 Thread 0x0000000002480800 Exception <a 'java/lang/NoSuchMethodError': Method sun.misc.Unsafe.prefetchRead(Ljava/lang/Object;J)V name or signature does not match> (0x00000000eab07fa8) thrown at [C:\src\android\AOSP-openjdk\external\jetbrains\jdk\hotspot\src\share\vm\prims\jni.cpp, l

Events (10 events):
Event: 1.526 loading class com/android/dx/ssa/back/FirstFitLocalCombiningAllocator$Multiset
Event: 1.526 loading class com/android/dx/ssa/back/FirstFitLocalCombiningAllocator$Multiset done
Event: 1.526 loading class com/android/dx/dex/file/MethodAnnotationStruct
Event: 1.526 loading class com/android/dx/dex/file/MethodAnnotationStruct done
Event: 1.527 loading class java/util/DualPivotQuicksort
Event: 1.527 loading class java/util/DualPivotQuicksort done
Event: 1.974 loading class java/util/TreeMap$EntrySet
Event: 1.974 loading class java/util/TreeMap$EntrySet done
Event: 1.974 loading class java/util/TreeMap$EntryIterator
Event: 1.974 loading class java/util/TreeMap$EntryIterator done


Dynamic libraries:
0x00007ff6a3010000 - 0x00007ff6a3045000 	E:\Android\android-studio-ide-145.2915834-windows\jre\bin\java.exe
0x00007ffecf410000 - 0x00007ffecf5d1000 	C:\Windows\SYSTEM32\ntdll.dll
0x00007ffecef70000 - 0x00007ffecf01d000 	C:\Windows\system32\KERNEL32.DLL
0x00007ffecc330000 - 0x00007ffecc518000 	C:\Windows\system32\KERNELBASE.dll
0x00007ffecc9e0000 - 0x00007ffecca87000 	C:\Windows\system32\ADVAPI32.dll
0x00007ffece4c0000 - 0x00007ffece55d000 	C:\Windows\system32\msvcrt.dll
0x00007ffeccd10000 - 0x00007ffeccd6b000 	C:\Windows\system32\sechost.dll
0x00007ffece730000 - 0x00007ffece84c000 	C:\Windows\system32\RPCRT4.dll
0x00007ffece920000 - 0x00007ffecea76000 	C:\Windows\system32\USER32.dll
0x00007ffeccd90000 - 0x00007ffeccf16000 	C:\Windows\system32\GDI32.dll
0x00007ffebe600000 - 0x00007ffebe874000 	C:\Windows\WinSxS\amd64_microsoft.windows.common-controls_6595b64144ccf1df_6.0.10586.0_none_8c15ae12515e1c22\COMCTL32.dll
0x00007ffecca90000 - 0x00007ffeccd0d000 	C:\Windows\system32\combase.dll
0x00007ffecc520000 - 0x00007ffecc58a000 	C:\Windows\system32\bcryptPrimitives.dll
0x00007ffeccf20000 - 0x00007ffeccf5b000 	C:\Windows\system32\IMM32.DLL
0x00000000600f0000 - 0x00000000601c2000 	E:\Android\android-studio-ide-145.2915834-windows\jre\jre\bin\msvcr100.dll
0x000000005ece0000 - 0x000000005f514000 	E:\Android\android-studio-ide-145.2915834-windows\jre\jre\bin\server\jvm.dll
0x00007ffecf1d0000 - 0x00007ffecf1d8000 	C:\Windows\system32\PSAPI.DLL
0x00007ffec8ed0000 - 0x00007ffec8ed9000 	C:\Windows\SYSTEM32\WSOCK32.dll
0x00007ffece560000 - 0x00007ffece5cb000 	C:\Windows\system32\WS2_32.dll
0x00007ffec9d40000 - 0x00007ffec9d63000 	C:\Windows\SYSTEM32\WINMM.dll
0x00007ffec1700000 - 0x00007ffec170a000 	C:\Windows\SYSTEM32\VERSION.dll
0x00007ffec9bf0000 - 0x00007ffec9c1c000 	C:\Windows\SYSTEM32\WINMMBASE.dll
0x00007ffecbbd0000 - 0x00007ffecbc13000 	C:\Windows\system32\cfgmgr32.dll
0x00007ffec8e10000 - 0x00007ffec8e1f000 	E:\Android\android-studio-ide-145.2915834-windows\jre\jre\bin\verify.dll
0x00007ffec8d10000 - 0x00007ffec8d39000 	E:\Android\android-studio-ide-145.2915834-windows\jre\jre\bin\java.dll
0x00007ffec8cd0000 - 0x00007ffec8ce6000 	E:\Android\android-studio-ide-145.2915834-windows\jre\jre\bin\zip.dll
0x00007ffeccf60000 - 0x00007ffece4bc000 	C:\Windows\system32\SHELL32.dll
0x00007ffecbce0000 - 0x00007ffecc325000 	C:\Windows\system32\windows.storage.dll
0x00007ffecea80000 - 0x00007ffecead2000 	C:\Windows\system32\shlwapi.dll
0x00007ffecba90000 - 0x00007ffecba9f000 	C:\Windows\system32\kernel.appcore.dll
0x00007ffecbc20000 - 0x00007ffecbcd5000 	C:\Windows\system32\shcore.dll
0x00007ffecba30000 - 0x00007ffecba7b000 	C:\Windows\system32\powrprof.dll
0x00007ffecbaa0000 - 0x00007ffecbab4000 	C:\Windows\system32\profapi.dll

VM Arguments:
jvm_args: -Djava.awt.headless=true -Xmx1024M -Dfile.encoding=GBK -Duser.country=CN -Duser.language=zh -Duser.variant 
java_command: com.android.dx.command.Main --dex --num-threads=4 --output E:\Teapopo\app\build\intermediates\pre-dexed\debug\com.android.databinding-adapters-1.1_64c1a195ac47103049a80975a6ddc7e372696779.jar E:\Teapopo\app\build\intermediates\exploded-aar\com.android.databinding\adapters\1.1\jars\classes.jar
java_class_path (initial): C:\Users\lhq\AppData\Local\Android\sdk\build-tools\23.0.3\lib\dx.jar
Launcher Type: SUN_STANDARD

Environment Variables:
JAVA_HOME=C:\Program Files\Java\jdk1.8.0_91
PATH=C:\ProgramData\Oracle\Java\javapath;C:\Windows\system32;C:\Windows;C:\Windows\System32\Wbem;C:\Windows\System32\WindowsPowerShell\v1.0\;C:\Users\lhq\AppData\Local\Android\sdk\platform-tools;C:\Users\lhq\AppData\Local\Android\sdk\tools;C:\Program Files\Java\jdk1.8.0_91\bin;C:\Program Files\Java\jdk1.8.0_91\jre\bin
USERNAME=lhq
OS=Windows_NT
PROCESSOR_IDENTIFIER=Intel64 Family 6 Model 69 Stepping 1, GenuineIntel



---------------  S Y S T E M  ---------------

OS: Windows 10.0 , 64 bit Build 10586 (10.0.10586.0)

CPU:total 4 (2 cores per cpu, 2 threads per core) family 6 model 69 stepping 1, cmov, cx8, fxsr, mmx, sse, sse2, sse3, ssse3, sse4.1, sse4.2, popcnt, avx, avx2, aes, clmul, erms, lzcnt, ht, tsc, tscinvbit, bmi1, bmi2

Memory: 4k page, physical 8067548k(1017308k free), swap 8067548k(4396k free)

vm_info: OpenJDK 64-Bit Server VM (25.76-b01) for windows-amd64 JRE (1.8.0_76-release-b01), built on May 12 2016 23:29:00 by "ralucas" with MS VC++ 10.0 (VS2010)

time: Thu Jul 07 09:33:56 2016
elapsed time: 1 seconds (0d 0h 0m 1s)

