#
# There is insufficient memory for the Java Runtime Environment to continue.
# Native memory allocation (malloc) failed to allocate 32744 bytes for ChunkPool::allocate
# Possible reasons:
#   The system is out of physical RAM or swap space
#   In 32 bit mode, the process size limit was hit
# Possible solutions:
#   Reduce memory load on the system
#   Increase physical memory or swap space
#   Check if swap backing store is full
#   Use 64 bit Java on a 64 bit OS
#   Decrease Java heap size (-Xmx/-Xms)
#   Decrease number of Java threads
#   Decrease Java thread stack sizes (-Xss)
#   Set larger code cache with -XX:ReservedCodeCacheSize=
# This output file may be truncated or incomplete.
#
#  Out of Memory Error (allocation.cpp:273), pid=91568, tid=0x0000000000018824
#
# JRE version: OpenJDK Runtime Environment (8.0_76-b01) (build 1.8.0_76-release-b01)
# Java VM: OpenJDK 64-Bit Server VM (25.76-b01 mixed mode windows-amd64 compressed oops)
# Failed to write core dump. Minidumps are not enabled by default on client versions of Windows
#

---------------  T H R E A D  ---------------

Current thread (0x00000000163a5000):  JavaThread "C1 CompilerThread2" daemon [_thread_in_native, id=100388, stack(0x0000000016850000,0x0000000016950000)]

Stack: [0x0000000016850000,0x0000000016950000]
[error occurred during error reporting (printing stack bounds), id 0xc0000005]

Native frames: (J=compiled Java code, j=interpreted, Vv=VM code, C=native code)


Current CompileTask:
C1:   2678 1400   !   3       com.android.dx.cf.direct.StdAttributeFactory::parseLocalVariables (274 bytes)


---------------  P R O C E S S  ---------------

Java Threads: ( => current thread )
  0x000000001661f800 JavaThread "pool-1-thread-4" [_thread_blocked, id=101108, stack(0x0000000016f50000,0x0000000017050000)]
  0x0000000016618800 JavaThread "pool-1-thread-3" [_thread_in_Java, id=83108, stack(0x0000000016e50000,0x0000000016f50000)]
  0x0000000016617800 JavaThread "pool-1-thread-2" [_thread_in_Java, id=100424, stack(0x0000000016d50000,0x0000000016e50000)]
  0x0000000016613800 JavaThread "pool-2-thread-1" [_thread_blocked, id=91772, stack(0x0000000016c50000,0x0000000016d50000)]
  0x0000000016612800 JavaThread "pool-1-thread-1" [_thread_in_Java, id=98624, stack(0x0000000016b50000,0x0000000016c50000)]
  0x00000000163ae800 JavaThread "Service Thread" daemon [_thread_blocked, id=101960, stack(0x0000000016950000,0x0000000016a50000)]
=>0x00000000163a5000 JavaThread "C1 CompilerThread2" daemon [_thread_in_native, id=100388, stack(0x0000000016850000,0x0000000016950000)]
  0x00000000163a2000 JavaThread "C2 CompilerThread1" daemon [_thread_in_native, id=93200, stack(0x0000000016750000,0x0000000016850000)]
  0x0000000014cfd800 JavaThread "C2 CompilerThread0" daemon [_thread_in_native, id=91152, stack(0x0000000016250000,0x0000000016350000)]
  0x0000000014cfc000 JavaThread "Attach Listener" daemon [_thread_blocked, id=83832, stack(0x0000000016150000,0x0000000016250000)]
  0x0000000014cfb000 JavaThread "Signal Dispatcher" daemon [_thread_blocked, id=96840, stack(0x0000000016050000,0x0000000016150000)]
  0x0000000014cd8800 JavaThread "Finalizer" daemon [_thread_blocked, id=100512, stack(0x0000000015f50000,0x0000000016050000)]
  0x0000000002610000 JavaThread "Reference Handler" daemon [_thread_blocked, id=100904, stack(0x0000000015e50000,0x0000000015f50000)]
  0x0000000002520800 JavaThread "main" [_thread_in_vm, id=100968, stack(0x0000000002420000,0x0000000002520000)]

Other Threads:
  0x0000000014cb5800 VMThread [stack: 0x0000000015d50000,0x0000000015e50000] [id=101596]
  0x00000000163b1000 WatcherThread [stack: 0x0000000016a50000,0x0000000016b50000] [id=88972]

VM state:not at safepoint (normal execution)

VM Mutex/Monitor currently owned by a thread: None

Heap:
 PSYoungGen      total 36864K, used 20838K [0x00000000eab00000, 0x00000000ed400000, 0x0000000100000000)
  eden space 31744K, 49% used [0x00000000eab00000,0x00000000eba5ce08,0x00000000eca00000)
  from space 5120K, 99% used [0x00000000eca00000,0x00000000ecefcae8,0x00000000ecf00000)
  to   space 5120K, 0% used [0x00000000ecf00000,0x00000000ecf00000,0x00000000ed400000)
 ParOldGen       total 84992K, used 1560K [0x00000000c0000000, 0x00000000c5300000, 0x00000000eab00000)
  object space 84992K, 1% used [0x00000000c0000000,0x00000000c0186370,0x00000000c5300000)
 Metaspace       used 6124K, capacity 7024K, committed 7296K, reserved 1056768K
  class space    used 578K, capacity 616K, committed 640K, reserved 1048576K

Card table byte_map: [0x00000000119e0000,0x0000000011bf0000] byte_map_base: 0x00000000113e0000

Marking Bits: (ParMarkBitMap*) 0x000000005f499d00
 Begin Bits: [0x0000000012150000, 0x0000000013150000)
 End Bits:   [0x0000000013150000, 0x0000000014150000)

Polling page: 0x0000000001f40000

CodeCache: size=245760Kb used=5408Kb max_used=5408Kb free=240351Kb
 bounds [0x0000000002620000, 0x0000000002b70000, 0x0000000011620000]
 total_blobs=1652 nmethods=1382 adapters=184
 compilation: enabled

Compilation events (10 events):
Event: 2.673 Thread 0x00000000163a5000 nmethod 1388 0x0000000002b68a90 code [0x0000000002b68d20, 0x0000000002b69e88]
Event: 2.673 Thread 0x00000000163a5000 1390       3       com.android.dx.util.Bits::isEmpty (26 bytes)
Event: 2.673 Thread 0x00000000163a5000 nmethod 1390 0x0000000002b6a690 code [0x0000000002b6a800, 0x0000000002b6aa50]
Event: 2.673 Thread 0x00000000163a5000 1392       3       com.android.dx.cf.code.ConcreteMethod::<init> (262 bytes)
Event: 2.675 Thread 0x00000000163a5000 nmethod 1392 0x0000000002b6ab50 code [0x0000000002b6ae20, 0x0000000002b6c298]
Event: 2.675 Thread 0x00000000163a5000 1396       3       com.android.dx.cf.code.ConcreteMethod::getMaxLocals (8 bytes)
Event: 2.675 Thread 0x00000000163a5000 nmethod 1396 0x0000000002b6cc90 code [0x0000000002b6cde0, 0x0000000002b6cfd0]
Event: 2.675 Thread 0x00000000163a5000 1391       3       com.android.dx.cf.code.ConcreteMethod::<init> (21 bytes)
Event: 2.676 Thread 0x00000000163a5000 nmethod 1391 0x0000000002b6d090 code [0x0000000002b6d280, 0x0000000002b6da98]
Event: 2.676 Thread 0x00000000163a5000 1400   !   3       com.android.dx.cf.direct.StdAttributeFactory::parseLocalVariables (274 bytes)

GC Heap History (2 events):
Event: 2.421 GC heap before
{Heap before GC invocations=1 (full 0):
 PSYoungGen      total 36864K, used 31744K [0x00000000eab00000, 0x00000000ed400000, 0x0000000100000000)
  eden space 31744K, 100% used [0x00000000eab00000,0x00000000eca00000,0x00000000eca00000)
  from space 5120K, 0% used [0x00000000ecf00000,0x00000000ecf00000,0x00000000ed400000)
  to   space 5120K, 0% used [0x00000000eca00000,0x00000000eca00000,0x00000000ecf00000)
 ParOldGen       total 84992K, used 0K [0x00000000c0000000, 0x00000000c5300000, 0x00000000eab00000)
  object space 84992K, 0% used [0x00000000c0000000,0x00000000c0000000,0x00000000c5300000)
 Metaspace       used 5988K, capacity 6896K, committed 7040K, reserved 1056768K
  class space    used 578K, capacity 616K, committed 640K, reserved 1048576K
Event: 2.466 GC heap after
Heap after GC invocations=1 (full 0):
 PSYoungGen      total 36864K, used 5106K [0x00000000eab00000, 0x00000000ed400000, 0x0000000100000000)
  eden space 31744K, 0% used [0x00000000eab00000,0x00000000eab00000,0x00000000eca00000)
  from space 5120K, 99% used [0x00000000eca00000,0x00000000ecefcae8,0x00000000ecf00000)
  to   space 5120K, 0% used [0x00000000ecf00000,0x00000000ecf00000,0x00000000ed400000)
 ParOldGen       total 84992K, used 1560K [0x00000000c0000000, 0x00000000c5300000, 0x00000000eab00000)
  object space 84992K, 1% used [0x00000000c0000000,0x00000000c0186370,0x00000000c5300000)
 Metaspace       used 5988K, capacity 6896K, committed 7040K, reserved 1056768K
  class space    used 578K, capacity 616K, committed 640K, reserved 1048576K
}

Deoptimization events (10 events):
Event: 2.080 Thread 0x000000001661f800 Uncommon trap: reason=class_check action=maybe_recompile pc=0x0000000002906dc0 method=com.android.dx.rop.type.Type.equals(Ljava/lang/Object;)Z @ 8
Event: 2.092 Thread 0x0000000016612800 Uncommon trap: reason=class_check action=maybe_recompile pc=0x000000000290d3d4 method=com.android.dx.ssa.NormalSsaInsn.accept(Lcom/android/dx/ssa/SsaInsn$Visitor;)V @ 9
Event: 2.105 Thread 0x0000000016612800 Uncommon trap: reason=class_check action=maybe_recompile pc=0x000000000286e970 method=com.android.dx.ssa.NormalSsaInsn.accept(Lcom/android/dx/ssa/SsaInsn$Visitor;)V @ 9
Event: 2.141 Thread 0x000000001661f800 Uncommon trap: reason=unstable_if action=reinterpret pc=0x00000000029067dc method=java.util.HashMap.getNode(ILjava/lang/Object;)Ljava/util/HashMap$Node; @ 129
Event: 2.166 Thread 0x0000000002520800 Uncommon trap: reason=null_check action=make_not_entrant pc=0x00000000029ec4bc method=com.android.dx.ssa.SsaRenamer.getLocalForNewReg(I)Lcom/android/dx/rop/code/LocalItem; @ 19
Event: 2.182 Thread 0x0000000002520800 Uncommon trap: reason=null_check action=make_not_entrant pc=0x0000000002a119fc method=com.android.dx.ssa.SsaRenamer.getLocalForNewReg(I)Lcom/android/dx/rop/code/LocalItem; @ 19
Event: 2.404 Thread 0x0000000016612800 Uncommon trap: reason=null_check action=make_not_entrant pc=0x000000000299ed28 method=com.android.dx.rop.type.Type.equals(Ljava/lang/Object;)Z @ 8
Event: 2.569 Thread 0x0000000016617800 Uncommon trap: reason=unstable_if action=reinterpret pc=0x0000000002aa49ec method=com.android.dx.rop.code.RegisterSpecSet.put(Lcom/android/dx/rop/code/RegisterSpec;)V @ 77
Event: 2.569 Thread 0x0000000016617800 Uncommon trap: reason=unstable_if action=reinterpret pc=0x0000000002a804ac method=com.android.dx.rop.code.RegisterSpecSet.put(Lcom/android/dx/rop/code/RegisterSpec;)V @ 77
Event: 2.617 Thread 0x0000000016617800 Uncommon trap: reason=unstable_if action=reinterpret pc=0x0000000002ae4cdc method=com.android.dx.rop.cst.Constant.compareTo(Lcom/android/dx/rop/cst/Constant;)I @ 12

Internal exceptions (5 events):
Event: 0.155 Thread 0x0000000002520800 Exception <a 'java/lang/NoSuchMethodError': Method sun.misc.Unsafe.defineClass(Ljava/lang/String;[BII)Ljava/lang/Class; name or signature does not match> (0x00000000eab07cc0) thrown at [C:\src\android\AOSP-openjdk\external\jetbrains\jdk\hotspot\src\share\v∆@Xõ‚√?
Event: 0.155 Thread 0x0000000002520800 Exception <a 'java/lang/NoSuchMethodError': Method sun.misc.Unsafe.prefetchRead(Ljava/lang/Object;J)V name or signature does not match> (0x00000000eab07fa8) thrown at [C:\src\android\AOSP-openjdk\external\jetbrains\jdk\hotspot\src\share\vm\prims\jni.cpp, lﬂÍ"
€S@
Event: 2.166 Thread 0x0000000002520800 Implicit null exception at 0x00000000029eaec3 to 0x00000000029ec489
Event: 2.182 Thread 0x0000000002520800 Implicit null exception at 0x0000000002a10146 to 0x0000000002a119b1
Event: 2.404 Thread 0x0000000016612800 Implicit null exception at 0x000000000299ec22 to 0x000000000299ed1a

Events (10 events):
Event: 2.466 Executing VM operation: ParallelGCFailedAllocation done
Event: 2.569 Thread 0x0000000016617800 Uncommon trap: trap_request=0xffffff65 fr.pc=0x0000000002aa49ec
Event: 2.569 Thread 0x0000000016617800 DEOPT PACKING pc=0x0000000002aa49ec sp=0x0000000016e4eb20
Event: 2.569 Thread 0x0000000016617800 DEOPT UNPACKING pc=0x000000000266556a sp=0x0000000016e4eaa8 mode 2
Event: 2.569 Thread 0x0000000016617800 Uncommon trap: trap_request=0xffffff65 fr.pc=0x0000000002a804ac
Event: 2.569 Thread 0x0000000016617800 DEOPT PACKING pc=0x0000000002a804ac sp=0x0000000016e4eb10
Event: 2.569 Thread 0x0000000016617800 DEOPT UNPACKING pc=0x000000000266556a sp=0x0000000016e4ea30 mode 2
Event: 2.617 Thread 0x0000000016617800 Uncommon trap: trap_request=0xffffff65 fr.pc=0x0000000002ae4cdc
Event: 2.617 Thread 0x0000000016617800 DEOPT PACKING pc=0x0000000002ae4cdc sp=0x0000000016e4e850
Event: 2.617 Thread 0x0000000016617800 DEOPT UNPACKING pc=0x000000000266556a sp=0x0000000016e4e7f0 mode 2


Dynamic libraries:
0x00007ff6a3010000 - 0x00007ff6a3045000 	E:\Android\android-studio-ide-145.2915834-windows\jre\bin\java.exe
0x00007ffecf410000 - 0x00007ffecf5d1000 	C:\Windows\SYSTEM32\ntdll.dll
0x00007ffecef70000 - 0x00007ffecf01d000 	C:\Windows\system32\KERNEL32.DLL
0x00007ffecc330000 - 0x00007ffecc518000 	C:\Windows\system32\KERNELBASE.dll
0x00007ffecc9e0000 - 0x00007ffecca87000 	C:\Windows\system32\ADVAPI32.dll
0x00007ffece4c0000 - 0x00007ffece55d000 	C:\Windows\system32\msvcrt.dll
0x00007ffeccd10000 - 0x00007ffeccd6b000 	C:\Windows\system32\sechost.dll
0x00007ffece730000 - 0x00007ffece84c000 	C:\Windows\system32\RPCRT4.dll
0x00007ffece920000 - 0x00007ffecea76000 	C:\Windows\system32\USER32.dll
0x00007ffeccd90000 - 0x00007ffeccf16000 	C:\Windows\system32\GDI32.dll
0x00007ffebe600000 - 0x00007ffebe874000 	C:\Windows\WinSxS\amd64_microsoft.windows.common-controls_6595b64144ccf1df_6.0.10586.0_none_8c15ae12515e1c22\COMCTL32.dll
0x00007ffecca90000 - 0x00007ffeccd0d000 	C:\Windows\system32\combase.dll
0x00007ffecc520000 - 0x00007ffecc58a000 	C:\Windows\system32\bcryptPrimitives.dll
0x00007ffeccf20000 - 0x00007ffeccf5b000 	C:\Windows\system32\IMM32.DLL
0x00000000600f0000 - 0x00000000601c2000 	E:\Android\android-studio-ide-145.2915834-windows\jre\jre\bin\msvcr100.dll
0x000000005ece0000 - 0x000000005f514000 	E:\Android\android-studio-ide-145.2915834-windows\jre\jre\bin\server\jvm.dll
0x00007ffecf1d0000 - 0x00007ffecf1d8000 	C:\Windows\system32\PSAPI.DLL
0x00007ffec9c20000 - 0x00007ffec9c29000 	C:\Windows\SYSTEM32\WSOCK32.dll
0x00007ffece560000 - 0x00007ffece5cb000 	C:\Windows\system32\WS2_32.dll
0x00007ffec9d40000 - 0x00007ffec9d63000 	C:\Windows\SYSTEM32\WINMM.dll
0x00007ffec1700000 - 0x00007ffec170a000 	C:\Windows\SYSTEM32\VERSION.dll
0x00007ffec9bf0000 - 0x00007ffec9c1c000 	C:\Windows\SYSTEM32\WINMMBASE.dll
0x00007ffecbbd0000 - 0x00007ffecbc13000 	C:\Windows\system32\cfgmgr32.dll
0x00007ffec8ed0000 - 0x00007ffec8edf000 	E:\Android\android-studio-ide-145.2915834-windows\jre\jre\bin\verify.dll
0x00007ffec8d20000 - 0x00007ffec8d49000 	E:\Android\android-studio-ide-145.2915834-windows\jre\jre\bin\java.dll
0x00007ffec8d00000 - 0x00007ffec8d16000 	E:\Android\android-studio-ide-145.2915834-windows\jre\jre\bin\zip.dll
0x00007ffeccf60000 - 0x00007ffece4bc000 	C:\Windows\system32\SHELL32.dll
0x00007ffecbce0000 - 0x00007ffecc325000 	C:\Windows\system32\windows.storage.dll
0x00007ffecea80000 - 0x00007ffecead2000 	C:\Windows\system32\shlwapi.dll
0x00007ffecba90000 - 0x00007ffecba9f000 	C:\Windows\system32\kernel.appcore.dll
0x00007ffecbc20000 - 0x00007ffecbcd5000 	C:\Windows\system32\shcore.dll
0x00007ffecba30000 - 0x00007ffecba7b000 	C:\Windows\system32\powrprof.dll
0x00007ffecbaa0000 - 0x00007ffecbab4000 	C:\Windows\system32\profapi.dll

VM Arguments:
jvm_args: -Djava.awt.headless=true -Xmx1024M -Dfile.encoding=GBK -Duser.country=CN -Duser.language=zh -Duser.variant 
java_command: com.android.dx.command.Main --dex --num-threads=4 --output E:\Teapopo\app\build\intermediates\pre-dexed\debug\haha-2.0.2_f038cb451aad782a1726824a257bd4c54d2f357a.jar C:\Users\lhq\.gradle\caches\modules-2\files-2.1\com.squareup.haha\haha\2.0.2\fd65b84d12d6adc77ec0e4fcaca623fc391d8679\haha-2.0.2.jar
java_class_path (initial): C:\Users\lhq\AppData\Local\Android\sdk\build-tools\23.0.3\lib\dx.jar
Launcher Type: SUN_STANDARD

Environment Variables:
JAVA_HOME=C:\Program Files\Java\jdk1.8.0_91
PATH=C:\ProgramData\Oracle\Java\javapath;C:\Windows\system32;C:\Windows;C:\Windows\System32\Wbem;C:\Windows\System32\WindowsPowerShell\v1.0\;C:\Users\lhq\AppData\Local\Android\sdk\platform-tools;C:\Users\lhq\AppData\Local\Android\sdk\tools;C:\Program Files\Java\jdk1.8.0_91\bin;C:\Program Files\Java\jdk1.8.0_91\jre\bin
USERNAME=lhq
OS=Windows_NT
PROCESSOR_IDENTIFIER=Intel64 Family 6 Model 69 Stepping 1, GenuineIntel



---------------  S Y S T E M  ---------------

OS: Windows 10.0 , 64 bit Build 10586 (10.0.10586.0)

CPU:total 4 (2 cores per cpu, 2 threads per core) family 6 model 69 stepping 1, cmov, cx8, fxsr, mmx, sse, sse2, sse3, ssse3, sse4.1, sse4.2, popcnt, avx, avx2, aes, clmul, erms, lzcnt, ht, tsc, tscinvbit, bmi1, bmi2

Memory: 4k page, physical 8067548k(1114036k free), swap 8067548k(5132k free)

vm_info: OpenJDK 64-Bit Server VM (25.76-b01) for windows-amd64 JRE (1.8.0_76-release-b01), built on May 12 2016 23:29:00 by "ralucas" with MS VC++ 10.0 (VS2010)

time: Thu Jul 07 11:07:03 2016
elapsed time: 2 seconds (0d 0h 0m 2s)

