#
# There is insufficient memory for the Java Runtime Environment to continue.
# Native memory allocation (malloc) failed to allocate 256176 bytes for Chunk::new
# Possible reasons:
#   The system is out of physical RAM or swap space
#   In 32 bit mode, the process size limit was hit
# Possible solutions:
#   Reduce memory load on the system
#   Increase physical memory or swap space
#   Check if swap backing store is full
#   Use 64 bit Java on a 64 bit OS
#   Decrease Java heap size (-Xmx/-Xms)
#   Decrease number of Java threads
#   Decrease Java thread stack sizes (-Xss)
#   Set larger code cache with -XX:ReservedCodeCacheSize=
# This output file may be truncated or incomplete.
#
#  Out of Memory Error (allocation.cpp:390), pid=171280, tid=0x0000000000029e04
#
# JRE version: OpenJDK Runtime Environment (8.0_76-b01) (build 1.8.0_76-release-b01)
# Java VM: OpenJDK 64-Bit Server VM (25.76-b01 mixed mode windows-amd64 compressed oops)
# Failed to write core dump. Minidumps are not enabled by default on client versions of Windows
#

---------------  T H R E A D  ---------------

Current thread (0x0000000014cda800):  JavaThread "C2 CompilerThread1" daemon [_thread_in_native, id=171524, stack(0x00000000162d0000,0x00000000163d0000)]

Stack: [0x00000000162d0000,0x00000000163d0000]
[error occurred during error reporting (printing stack bounds), id 0xc0000005]

Native frames: (J=compiled Java code, j=interpreted, Vv=VM code, C=native code)


Current CompileTask:
C2:   4003  708   !   4       com.android.dx.rop.code.RegisterSpec::intern (70 bytes)


---------------  P R O C E S S  ---------------

Java Threads: ( => current thread )
  0x000000001667b800 JavaThread "pool-1-thread-4" [_thread_in_Java, id=171620, stack(0x0000000016ed0000,0x0000000016fd0000)]
  0x000000001667a800 JavaThread "pool-1-thread-3" [_thread_in_Java, id=171616, stack(0x0000000016dd0000,0x0000000016ed0000)]
  0x00000000165a6800 JavaThread "pool-1-thread-2" [_thread_in_Java, id=171608, stack(0x0000000016cd0000,0x0000000016dd0000)]
  0x00000000165a3000 JavaThread "pool-2-thread-1" [_thread_blocked, id=171600, stack(0x0000000016bd0000,0x0000000016cd0000)]
  0x0000000016573800 JavaThread "pool-1-thread-1" [_thread_in_Java, id=171592, stack(0x0000000016ad0000,0x0000000016bd0000)]
  0x0000000016436800 JavaThread "Service Thread" daemon [_thread_blocked, id=171532, stack(0x00000000168d0000,0x00000000169d0000)]
  0x0000000016430000 JavaThread "C1 CompilerThread2" daemon [_thread_in_native, id=171528, stack(0x00000000167d0000,0x00000000168d0000)]
=>0x0000000014cda800 JavaThread "C2 CompilerThread1" daemon [_thread_in_native, id=171524, stack(0x00000000162d0000,0x00000000163d0000)]
  0x0000000014c8d800 JavaThread "C2 CompilerThread0" daemon [_thread_in_native, id=171512, stack(0x00000000161d0000,0x00000000162d0000)]
  0x0000000014c8c800 JavaThread "Attach Listener" daemon [_thread_blocked, id=171508, stack(0x00000000160d0000,0x00000000161d0000)]
  0x0000000014c8b000 JavaThread "Signal Dispatcher" daemon [_thread_blocked, id=171504, stack(0x0000000015fd0000,0x00000000160d0000)]
  0x0000000014c68000 JavaThread "Finalizer" daemon [_thread_blocked, id=171424, stack(0x0000000015ed0000,0x0000000015fd0000)]
  0x00000000025a0000 JavaThread "Reference Handler" daemon [_thread_blocked, id=171420, stack(0x0000000015dd0000,0x0000000015ed0000)]
  0x00000000024b0800 JavaThread "main" [_thread_in_Java, id=171384, stack(0x0000000002330000,0x0000000002430000)]

Other Threads:
  0x0000000014c45800 VMThread [stack: 0x0000000015cd0000,0x0000000015dd0000] [id=171416]
  0x000000001643a000 WatcherThread [stack: 0x00000000169d0000,0x0000000016ad0000] [id=171536]

VM state:not at safepoint (normal execution)

VM Mutex/Monitor currently owned by a thread: None

Heap:
 PSYoungGen      total 36864K, used 14613K [0x00000000eab00000, 0x00000000ed400000, 0x0000000100000000)
  eden space 31744K, 46% used [0x00000000eab00000,0x00000000eb945610,0x00000000eca00000)
  from space 5120K, 0% used [0x00000000ecf00000,0x00000000ecf00000,0x00000000ed400000)
  to   space 5120K, 0% used [0x00000000eca00000,0x00000000eca00000,0x00000000ecf00000)
 ParOldGen       total 84992K, used 0K [0x00000000c0000000, 0x00000000c5300000, 0x00000000eab00000)
  object space 84992K, 0% used [0x00000000c0000000,0x00000000c0000000,0x00000000c5300000)
 Metaspace       used 5663K, capacity 6640K, committed 6784K, reserved 1056768K
  class space    used 569K, capacity 616K, committed 640K, reserved 1048576K

Card table byte_map: [0x0000000011970000,0x0000000011b80000] byte_map_base: 0x0000000011370000

Marking Bits: (ParMarkBitMap*) 0x000000005f499d00
 Begin Bits: [0x00000000120e0000, 0x00000000130e0000)
 End Bits:   [0x00000000130e0000, 0x00000000140e0000)

Polling page: 0x0000000000510000

CodeCache: size=245760Kb used=3030Kb max_used=3042Kb free=242729Kb
 bounds [0x00000000025b0000, 0x00000000028b0000, 0x00000000115b0000]
 total_blobs=979 nmethods=709 adapters=184
 compilation: enabled

Compilation events (10 events):
Event: 3.993 Thread 0x0000000014cda800  708   !   4       com.android.dx.rop.code.RegisterSpec::intern (70 bytes)
Event: 3.995 Thread 0x0000000014c8d800  727       4       java.util.BitSet::get (69 bytes)
Event: 3.995 Thread 0x0000000016430000 nmethod 707 0x00000000028a6710 code [0x00000000028a6b20, 0x00000000028a9058]
Event: 3.996 Thread 0x0000000016430000  711   !   3       com.android.dx.cf.code.Ropper::processBlock (1101 bytes)
Event: 3.996 Thread 0x0000000014c8d800 nmethod 727 0x00000000028a4c90 code [0x00000000028a4dc0, 0x00000000028a4e98]
Event: 3.996 Thread 0x0000000014c8d800  730       4       java.lang.Math::min (11 bytes)
Event: 3.997 Thread 0x0000000014c8d800 nmethod 730 0x000000000288b690 code [0x000000000288b7c0, 0x000000000288b818]
Event: 3.997 Thread 0x0000000014c8d800  731       4       com.android.dx.rop.type.Type::equals (31 bytes)
Event: 3.998 Thread 0x0000000014c8d800 nmethod 731 0x00000000028a4890 code [0x00000000028a49e0, 0x00000000028a4b78]
Event: 3.998 Thread 0x0000000014c8d800  732       4       com.android.dx.rop.code.RegisterSpec$ForComparison::equals (31 bytes)

GC Heap History (0 events):
No events

Deoptimization events (2 events):
Event: 0.678 Thread 0x00000000024b0800 Uncommon trap: reason=unstable_if action=reinterpret pc=0x00000000026ec810 method=java.lang.String.indexOf(II)I @ 49
Event: 3.912 Thread 0x0000000016573800 Uncommon trap: reason=unstable_if action=reinterpret pc=0x00000000027ddb64 method=java.util.HashMap.getNode(ILjava/lang/Object;)Ljava/util/HashMap$Node; @ 129

Internal exceptions (2 events):
Event: 0.042 Thread 0x00000000024b0800 Exception <a 'java/lang/NoSuchMethodError': Method sun.misc.Unsafe.defineClass(Ljava/lang/String;[BII)Ljava/lang/Class; name or signature does not match> (0x00000000eab07cc0) thrown at [C:\src\android\AOSP-openjdk\external\jetbrains\jdk\hotspot\src\share\vÓŠvß«­¥?
Event: 0.042 Thread 0x00000000024b0800 Exception <a 'java/lang/NoSuchMethodError': Method sun.misc.Unsafe.prefetchRead(Ljava/lang/Object;J)V name or signature does not match> (0x00000000eab07fa8) thrown at [C:\src\android\AOSP-openjdk\external\jetbrains\jdk\hotspot\src\share\vm\prims\jni.cpp, l

Events (10 events):
Event: 3.912 Thread 0x0000000016573800 DEOPT PACKING pc=0x00000000027ddb64 sp=0x0000000016bce290
Event: 3.912 Thread 0x0000000016573800 DEOPT UNPACKING pc=0x00000000025f556a sp=0x0000000016bce208 mode 2
Event: 3.959 Thread 0x00000000165a6800 DEOPT PACKING pc=0x000000000278f222 sp=0x0000000016dcea50
Event: 3.960 Thread 0x00000000165a6800 DEOPT UNPACKING pc=0x00000000025f75bf sp=0x0000000016dce7c8 mode 0
Event: 3.960 Thread 0x00000000165a6800 DEOPT PACKING pc=0x000000000278f222 sp=0x0000000016dcea50
Event: 3.960 Thread 0x00000000165a6800 DEOPT UNPACKING pc=0x00000000025f75bf sp=0x0000000016dce7c8 mode 0
Event: 3.982 Thread 0x000000001667b800 DEOPT PACKING pc=0x0000000002853afa sp=0x0000000016fce9d0
Event: 3.982 Thread 0x000000001667b800 DEOPT UNPACKING pc=0x00000000025f75bf sp=0x0000000016fce740 mode 0
Event: 3.982 Thread 0x00000000165a6800 DEOPT PACKING pc=0x0000000002853afa sp=0x0000000016dcead0
Event: 3.982 Thread 0x00000000165a6800 DEOPT UNPACKING pc=0x00000000025f75bf sp=0x0000000016dce840 mode 0


Dynamic libraries:
0x00007ff75f820000 - 0x00007ff75f855000 	E:\Android\android-studio-ide-145.2915834-windows\jre\bin\java.exe
0x00007ffecf410000 - 0x00007ffecf5d1000 	C:\Windows\SYSTEM32\ntdll.dll
0x00007ffecef70000 - 0x00007ffecf01d000 	C:\Windows\system32\KERNEL32.DLL
0x00007ffecc330000 - 0x00007ffecc518000 	C:\Windows\system32\KERNELBASE.dll
0x00007ffecc9e0000 - 0x00007ffecca87000 	C:\Windows\system32\ADVAPI32.dll
0x00007ffece4c0000 - 0x00007ffece55d000 	C:\Windows\system32\msvcrt.dll
0x00007ffeccd10000 - 0x00007ffeccd6b000 	C:\Windows\system32\sechost.dll
0x00007ffece730000 - 0x00007ffece84c000 	C:\Windows\system32\RPCRT4.dll
0x00007ffece920000 - 0x00007ffecea76000 	C:\Windows\system32\USER32.dll
0x00007ffeccd90000 - 0x00007ffeccf16000 	C:\Windows\system32\GDI32.dll
0x00007ffebe600000 - 0x00007ffebe874000 	C:\Windows\WinSxS\amd64_microsoft.windows.common-controls_6595b64144ccf1df_6.0.10586.0_none_8c15ae12515e1c22\COMCTL32.dll
0x00007ffecca90000 - 0x00007ffeccd0d000 	C:\Windows\system32\combase.dll
0x00007ffecc520000 - 0x00007ffecc58a000 	C:\Windows\system32\bcryptPrimitives.dll
0x00007ffeccf20000 - 0x00007ffeccf5b000 	C:\Windows\system32\IMM32.DLL
0x000000005fdc0000 - 0x000000005fe92000 	E:\Android\android-studio-ide-145.2915834-windows\jre\jre\bin\msvcr100.dll
0x000000005ece0000 - 0x000000005f514000 	E:\Android\android-studio-ide-145.2915834-windows\jre\jre\bin\server\jvm.dll
0x00007ffecf1d0000 - 0x00007ffecf1d8000 	C:\Windows\system32\PSAPI.DLL
0x00007ffeca010000 - 0x00007ffeca019000 	C:\Windows\SYSTEM32\WSOCK32.dll
0x00007ffece560000 - 0x00007ffece5cb000 	C:\Windows\system32\WS2_32.dll
0x00007ffec9d40000 - 0x00007ffec9d63000 	C:\Windows\SYSTEM32\WINMM.dll
0x00007ffec1700000 - 0x00007ffec170a000 	C:\Windows\SYSTEM32\VERSION.dll
0x00007ffec9bf0000 - 0x00007ffec9c1c000 	C:\Windows\SYSTEM32\WINMMBASE.dll
0x00007ffecbbd0000 - 0x00007ffecbc13000 	C:\Windows\system32\cfgmgr32.dll
0x00007ffeca000000 - 0x00007ffeca00f000 	E:\Android\android-studio-ide-145.2915834-windows\jre\jre\bin\verify.dll
0x00007ffec8e10000 - 0x00007ffec8e39000 	E:\Android\android-studio-ide-145.2915834-windows\jre\jre\bin\java.dll
0x00007ffec91d0000 - 0x00007ffec91e6000 	E:\Android\android-studio-ide-145.2915834-windows\jre\jre\bin\zip.dll
0x00007ffeccf60000 - 0x00007ffece4bc000 	C:\Windows\system32\SHELL32.dll
0x00007ffecbce0000 - 0x00007ffecc325000 	C:\Windows\system32\windows.storage.dll
0x00007ffecea80000 - 0x00007ffecead2000 	C:\Windows\system32\shlwapi.dll
0x00007ffecba90000 - 0x00007ffecba9f000 	C:\Windows\system32\kernel.appcore.dll
0x00007ffecbc20000 - 0x00007ffecbcd5000 	C:\Windows\system32\shcore.dll
0x00007ffecba30000 - 0x00007ffecba7b000 	C:\Windows\system32\powrprof.dll
0x00007ffecbaa0000 - 0x00007ffecbab4000 	C:\Windows\system32\profapi.dll

VM Arguments:
jvm_args: -Djava.awt.headless=true -Xmx1024M -Dfile.encoding=GBK -Duser.country=CN -Duser.language=zh -Duser.variant 
java_command: com.android.dx.command.Main --dex --num-threads=4 --output E:\Teapopo\app\build\intermediates\pre-dexed\debug\prettytime-3.2.7.Final_6045bf371a9f4ed5e779901eba4bdd457bd5ea74.jar C:\Users\lhq\.gradle\caches\modules-2\files-2.1\org.ocpsoft.prettytime\prettytime\3.2.7.Final\4b216ebcf284752a40e11c39c2ea62bc45528c33\prettytime-3.2.7.Final.jar
java_class_path (initial): C:\Users\lhq\AppData\Local\Android\sdk\build-tools\23.0.3\lib\dx.jar
Launcher Type: SUN_STANDARD

Environment Variables:
JAVA_HOME=C:\Program Files\Java\jdk1.8.0_91
PATH=C:\ProgramData\Oracle\Java\javapath;C:\Windows\system32;C:\Windows;C:\Windows\System32\Wbem;C:\Windows\System32\WindowsPowerShell\v1.0\;C:\Users\lhq\AppData\Local\Android\sdk\platform-tools;C:\Users\lhq\AppData\Local\Android\sdk\tools;C:\Program Files\Java\jdk1.8.0_91\bin;C:\Program Files\Java\jdk1.8.0_91\jre\bin
USERNAME=lhq
OS=Windows_NT
PROCESSOR_IDENTIFIER=Intel64 Family 6 Model 69 Stepping 1, GenuineIntel



---------------  S Y S T E M  ---------------

OS: Windows 10.0 , 64 bit Build 10586 (10.0.10586.0)

CPU:total 4 (2 cores per cpu, 2 threads per core) family 6 model 69 stepping 1, cmov, cx8, fxsr, mmx, sse, sse2, sse3, ssse3, sse4.1, sse4.2, popcnt, avx, avx2, aes, clmul, erms, lzcnt, ht, tsc, tscinvbit, bmi1, bmi2

Memory: 4k page, physical 8067548k(1177356k free), swap 8067548k(3244k free)

vm_info: OpenJDK 64-Bit Server VM (25.76-b01) for windows-amd64 JRE (1.8.0_76-release-b01), built on May 12 2016 23:29:00 by "ralucas" with MS VC++ 10.0 (VS2010)

time: Fri Jul 08 14:40:56 2016
elapsed time: 4 seconds (0d 0h 0m 4s)

