#
# There is insufficient memory for the Java Runtime Environment to continue.
# Native memory allocation (malloc) failed to allocate 550736 bytes for Chunk::new
# Possible reasons:
#   The system is out of physical RAM or swap space
#   In 32 bit mode, the process size limit was hit
# Possible solutions:
#   Reduce memory load on the system
#   Increase physical memory or swap space
#   Check if swap backing store is full
#   Use 64 bit Java on a 64 bit OS
#   Decrease Java heap size (-Xmx/-Xms)
#   Decrease number of Java threads
#   Decrease Java thread stack sizes (-Xss)
#   Set larger code cache with -XX:ReservedCodeCacheSize=
# This output file may be truncated or incomplete.
#
#  Out of Memory Error (allocation.cpp:390), pid=5096, tid=0x0000000000000db8
#
# JRE version: OpenJDK Runtime Environment (8.0_76-b01) (build 1.8.0_76-release-b01)
# Java VM: OpenJDK 64-Bit Server VM (25.76-b01 mixed mode windows-amd64 compressed oops)
# Failed to write core dump. Minidumps are not enabled by default on client versions of Windows
#

---------------  T H R E A D  ---------------

Current thread (0x0000000014e0d800):  JavaThread "C2 CompilerThread0" daemon [_thread_in_native, id=3512, stack(0x0000000016380000,0x0000000016480000)]

Stack: [0x0000000016380000,0x0000000016480000]
[error occurred during error reporting (printing stack bounds), id 0xc0000005]

Native frames: (J=compiled Java code, j=interpreted, Vv=VM code, C=native code)


Current CompileTask:
C2:   6657 1739       4       com.android.dx.cf.code.Simulator$SimVisitor::visitConstant (332 bytes)


---------------  P R O C E S S  ---------------

Java Threads: ( => current thread )
  0x0000000016706000 JavaThread "pool-1-thread-4" [_thread_blocked, id=6960, stack(0x0000000017080000,0x0000000017180000)]
  0x0000000016704800 JavaThread "pool-1-thread-3" [_thread_in_Java, id=5708, stack(0x0000000016f80000,0x0000000017080000)]
  0x0000000016703800 JavaThread "pool-1-thread-2" [_thread_blocked, id=6416, stack(0x0000000016e80000,0x0000000016f80000)]
  0x0000000016701000 JavaThread "pool-2-thread-1" [_thread_blocked, id=6932, stack(0x0000000016d80000,0x0000000016e80000)]
  0x0000000016700800 JavaThread "pool-1-thread-1" [_thread_blocked, id=6272, stack(0x0000000016c80000,0x0000000016d80000)]
  0x00000000164dc800 JavaThread "Service Thread" daemon [_thread_blocked, id=924, stack(0x0000000016a80000,0x0000000016b80000)]
  0x00000000164d4800 JavaThread "C1 CompilerThread2" daemon [_thread_blocked, id=7068, stack(0x0000000016980000,0x0000000016a80000)]
  0x00000000164c2000 JavaThread "C2 CompilerThread1" daemon [_thread_in_native, id=7072, stack(0x0000000016880000,0x0000000016980000)]
=>0x0000000014e0d800 JavaThread "C2 CompilerThread0" daemon [_thread_in_native, id=3512, stack(0x0000000016380000,0x0000000016480000)]
  0x0000000014e0c000 JavaThread "Attach Listener" daemon [_thread_blocked, id=6224, stack(0x0000000016280000,0x0000000016380000)]
  0x0000000014e0b000 JavaThread "Signal Dispatcher" daemon [_thread_blocked, id=1600, stack(0x0000000016180000,0x0000000016280000)]
  0x0000000014de8800 JavaThread "Finalizer" daemon [_thread_blocked, id=5440, stack(0x0000000016080000,0x0000000016180000)]
  0x0000000002720000 JavaThread "Reference Handler" daemon [_thread_blocked, id=6668, stack(0x0000000015f80000,0x0000000016080000)]
  0x0000000002630800 JavaThread "main" [_thread_blocked, id=6364, stack(0x0000000002530000,0x0000000002630000)]

Other Threads:
  0x0000000014dc5800 VMThread [stack: 0x0000000015e80000,0x0000000015f80000] [id=5688]
  0x00000000164de800 WatcherThread [stack: 0x0000000016b80000,0x0000000016c80000] [id=6712]

VM state:not at safepoint (normal execution)

VM Mutex/Monitor currently owned by a thread: None

Heap:
 PSYoungGen      total 36864K, used 10717K [0x00000000eab00000, 0x00000000ed400000, 0x0000000100000000)
  eden space 31744K, 17% used [0x00000000eab00000,0x00000000eb07ada0,0x00000000eca00000)
  from space 5120K, 99% used [0x00000000eca00000,0x00000000ecefc850,0x00000000ecf00000)
  to   space 5120K, 0% used [0x00000000ecf00000,0x00000000ecf00000,0x00000000ed400000)
 ParOldGen       total 84992K, used 10479K [0x00000000c0000000, 0x00000000c5300000, 0x00000000eab00000)
  object space 84992K, 12% used [0x00000000c0000000,0x00000000c0a3be70,0x00000000c5300000)
 Metaspace       used 6281K, capacity 7090K, committed 7296K, reserved 1056768K
  class space    used 595K, capacity 618K, committed 640K, reserved 1048576K

Card table byte_map: [0x0000000011af0000,0x0000000011d00000] byte_map_base: 0x00000000114f0000

Marking Bits: (ParMarkBitMap*) 0x000000005e0b9d00
 Begin Bits: [0x0000000012260000, 0x0000000013260000)
 End Bits:   [0x0000000013260000, 0x0000000014260000)

Polling page: 0x0000000000510000

CodeCache: size=245760Kb used=7986Kb max_used=8004Kb free=237773Kb
 bounds [0x0000000002730000, 0x0000000002f10000, 0x0000000011730000]
 total_blobs=1979 nmethods=1709 adapters=184
 compilation: enabled

Compilation events (10 events):
Event: 6.402 Thread 0x0000000014e0d800 nmethod 1734 0x0000000002ef5ed0 code [0x0000000002ef6020, 0x0000000002ef63d8]
Event: 6.406 Thread 0x0000000014e0d800 1735       4       com.android.dx.rop.type.Type::getFrameType (5 bytes)
Event: 6.406 Thread 0x0000000014e0d800 nmethod 1735 0x0000000002e43b90 code [0x0000000002e43cc0, 0x0000000002e43d58]
Event: 6.408 Thread 0x0000000014e0d800 1736       4       com.android.dx.dex.code.RopTranslator::getRegs (64 bytes)
Event: 6.418 Thread 0x0000000014e0d800 nmethod 1736 0x0000000002ef9890 code [0x0000000002ef9a20, 0x0000000002ef9ea8]
Event: 6.421 Thread 0x0000000014e0d800 1737       4       com.android.dx.dex.code.RopTranslator$LocalVariableAwareTranslationVisitor::visitThrowingCstInsn (11 bytes)
Event: 6.509 Thread 0x0000000014e0d800 nmethod 1737 0x0000000002f03d90 code [0x0000000002f04060, 0x0000000002f06440]
Event: 6.513 Thread 0x0000000014e0d800 1738       4       com.android.dx.dex.code.RopTranslator$TranslationVisitor::visitThrowingCstInsn (225 bytes)
Event: 6.578 Thread 0x0000000014e0d800 nmethod 1738 0x0000000002f09a50 code [0x0000000002f09ca0, 0x0000000002f0b868]
Event: 6.582 Thread 0x0000000014e0d800 1739       4       com.android.dx.cf.code.Simulator$SimVisitor::visitConstant (332 bytes)

GC Heap History (6 events):
Event: 1.513 GC heap before
{Heap before GC invocations=1 (full 0):
 PSYoungGen      total 36864K, used 31744K [0x00000000eab00000, 0x00000000ed400000, 0x0000000100000000)
  eden space 31744K, 100% used [0x00000000eab00000,0x00000000eca00000,0x00000000eca00000)
  from space 5120K, 0% used [0x00000000ecf00000,0x00000000ecf00000,0x00000000ed400000)
  to   space 5120K, 0% used [0x00000000eca00000,0x00000000eca00000,0x00000000ecf00000)
 ParOldGen       total 84992K, used 0K [0x00000000c0000000, 0x00000000c5300000, 0x00000000eab00000)
  object space 84992K, 0% used [0x00000000c0000000,0x00000000c0000000,0x00000000c5300000)
 Metaspace       used 5984K, capacity 6960K, committed 7040K, reserved 1056768K
  class space    used 574K, capacity 616K, committed 640K, reserved 1048576K
Event: 1.527 GC heap after
Heap after GC invocations=1 (full 0):
 PSYoungGen      total 36864K, used 5119K [0x00000000eab00000, 0x00000000ed400000, 0x0000000100000000)
  eden space 31744K, 0% used [0x00000000eab00000,0x00000000eab00000,0x00000000eca00000)
  from space 5120K, 99% used [0x00000000eca00000,0x00000000eceffca8,0x00000000ecf00000)
  to   space 5120K, 0% used [0x00000000ecf00000,0x00000000ecf00000,0x00000000ed400000)
 ParOldGen       total 84992K, used 1613K [0x00000000c0000000, 0x00000000c5300000, 0x00000000eab00000)
  object space 84992K, 1% used [0x00000000c0000000,0x00000000c01936f0,0x00000000c5300000)
 Metaspace       used 5984K, capacity 6960K, committed 7040K, reserved 1056768K
  class space    used 574K, capacity 616K, committed 640K, reserved 1048576K
}
Event: 3.692 GC heap before
{Heap before GC invocations=2 (full 0):
 PSYoungGen      total 36864K, used 36863K [0x00000000eab00000, 0x00000000ed400000, 0x0000000100000000)
  eden space 31744K, 100% used [0x00000000eab00000,0x00000000eca00000,0x00000000eca00000)
  from space 5120K, 99% used [0x00000000eca00000,0x00000000eceffca8,0x00000000ecf00000)
  to   space 5120K, 0% used [0x00000000ecf00000,0x00000000ecf00000,0x00000000ed400000)
 ParOldGen       total 84992K, used 1613K [0x00000000c0000000, 0x00000000c5300000, 0x00000000eab00000)
  object space 84992K, 1% used [0x00000000c0000000,0x00000000c01936f0,0x00000000c5300000)
 Metaspace       used 6254K, capacity 7090K, committed 7296K, reserved 1056768K
  class space    used 595K, capacity 618K, committed 640K, reserved 1048576K
Event: 3.779 GC heap after
Heap after GC invocations=2 (full 0):
 PSYoungGen      total 36864K, used 5106K [0x00000000eab00000, 0x00000000ed400000, 0x0000000100000000)
  eden space 31744K, 0% used [0x00000000eab00000,0x00000000eab00000,0x00000000eca00000)
  from space 5120K, 99% used [0x00000000ecf00000,0x00000000ed3fc830,0x00000000ed400000)
  to   space 5120K, 0% used [0x00000000eca00000,0x00000000eca00000,0x00000000ecf00000)
 ParOldGen       total 84992K, used 6551K [0x00000000c0000000, 0x00000000c5300000, 0x00000000eab00000)
  object space 84992K, 7% used [0x00000000c0000000,0x00000000c0665e70,0x00000000c5300000)
 Metaspace       used 6254K, capacity 7090K, committed 7296K, reserved 1056768K
  class space    used 595K, capacity 618K, committed 640K, reserved 1048576K
}
Event: 6.015 GC heap before
{Heap before GC invocations=3 (full 0):
 PSYoungGen      total 36864K, used 36850K [0x00000000eab00000, 0x00000000ed400000, 0x0000000100000000)
  eden space 31744K, 100% used [0x00000000eab00000,0x00000000eca00000,0x00000000eca00000)
  from space 5120K, 99% used [0x00000000ecf00000,0x00000000ed3fc830,0x00000000ed400000)
  to   space 5120K, 0% used [0x00000000eca00000,0x00000000eca00000,0x00000000ecf00000)
 ParOldGen       total 84992K, used 6551K [0x00000000c0000000, 0x00000000c5300000, 0x00000000eab00000)
  object space 84992K, 7% used [0x00000000c0000000,0x00000000c0665e70,0x00000000c5300000)
 Metaspace       used 6279K, capacity 7090K, committed 7296K, reserved 1056768K
  class space    used 595K, capacity 618K, committed 640K, reserved 1048576K
Event: 6.120 GC heap after
Heap after GC invocations=3 (full 0):
 PSYoungGen      total 36864K, used 5106K [0x00000000eab00000, 0x00000000ed400000, 0x0000000100000000)
  eden space 31744K, 0% used [0x00000000eab00000,0x00000000eab00000,0x00000000eca00000)
  from space 5120K, 99% used [0x00000000eca00000,0x00000000ecefc850,0x00000000ecf00000)
  to   space 5120K, 0% used [0x00000000ecf00000,0x00000000ecf00000,0x00000000ed400000)
 ParOldGen       total 84992K, used 10479K [0x00000000c0000000, 0x00000000c5300000, 0x00000000eab00000)
  object space 84992K, 12% used [0x00000000c0000000,0x00000000c0a3be70,0x00000000c5300000)
 Metaspace       used 6279K, capacity 7090K, committed 7296K, reserved 1056768K
  class space    used 595K, capacity 618K, committed 640K, reserved 1048576K
}

Deoptimization events (10 events):
Event: 3.153 Thread 0x0000000016706000 Uncommon trap: reason=bimorphic action=maybe_recompile pc=0x000000000297f4a8 method=java.util.HashMap.getNode(ILjava/lang/Object;)Ljava/util/HashMap$Node; @ 126
Event: 3.153 Thread 0x0000000016706000 Uncommon trap: reason=bimorphic action=maybe_recompile pc=0x0000000002992804 method=java.util.HashMap.getNode(ILjava/lang/Object;)Ljava/util/HashMap$Node; @ 126
Event: 3.372 Thread 0x0000000016700800 Uncommon trap: reason=unstable_if action=reinterpret pc=0x0000000002d93828 method=java.util.BitSet.clone()Ljava/lang/Object; @ 4
Event: 3.372 Thread 0x0000000016700800 Uncommon trap: reason=unstable_if action=reinterpret pc=0x0000000002cac104 method=java.util.BitSet.clone()Ljava/lang/Object; @ 4
Event: 3.408 Thread 0x0000000016700800 Uncommon trap: reason=unstable_if action=reinterpret pc=0x0000000002c7303c method=com.android.dx.ssa.SCCP.simulateStmt(Lcom/android/dx/ssa/SsaInsn;)V @ 53
Event: 3.496 Thread 0x0000000016703800 Uncommon trap: reason=unstable_if action=reinterpret pc=0x0000000002a6aa14 method=java.util.HashMap.putVal(ILjava/lang/Object;Ljava/lang/Object;ZZ)Ljava/lang/Object; @ 162
Event: 3.504 Thread 0x0000000016703800 Uncommon trap: reason=unstable_if action=reinterpret pc=0x0000000002dd7d44 method=java.util.HashMap.getNode(ILjava/lang/Object;)Ljava/util/HashMap$Node; @ 84
Event: 3.934 Thread 0x0000000016706000 Uncommon trap: reason=unstable_if action=reinterpret pc=0x0000000002c7fb34 method=java.util.HashMap.putVal(ILjava/lang/Object;Ljava/lang/Object;ZZ)Ljava/lang/Object; @ 162
Event: 4.509 Thread 0x0000000016704800 Uncommon trap: reason=unstable_if action=reinterpret pc=0x0000000002c92cec method=java.util.HashMap.putVal(ILjava/lang/Object;Ljava/lang/Object;ZZ)Ljava/lang/Object; @ 109
Event: 4.596 Thread 0x0000000016700800 Uncommon trap: reason=unstable_if action=reinterpret pc=0x0000000002c94038 method=com.android.dx.util.BitIntSet.has(I)Z @ 8

Internal exceptions (7 events):
Event: 0.038 Thread 0x0000000002630800 Exception <a 'java/lang/NoSuchMethodError': Method sun.misc.Unsafe.defineClass(Ljava/lang/String;[BII)Ljava/lang/Class; name or signature does not match> (0x00000000eab07cc0) thrown at [C:\src\android\AOSP-openjdk\external\jetbrains\jdk\hotspot\src\share\v¡R†ÑB£?
Event: 0.038 Thread 0x0000000002630800 Exception <a 'java/lang/NoSuchMethodError': Method sun.misc.Unsafe.prefetchRead(Ljava/lang/Object;J)V name or signature does not match> (0x00000000eab07fa8) thrown at [C:\src\android\AOSP-openjdk\external\jetbrains\jdk\hotspot\src\share\vm\prims\jni.cpp, lëº;2'Ò?
Event: 1.072 Thread 0x0000000016706000 Implicit null exception at 0x0000000002a1fd9d to 0x0000000002a22d05
Event: 1.224 Thread 0x0000000016700800 Implicit null exception at 0x0000000002a66fa2 to 0x0000000002a6709a
Event: 3.502 Thread 0x0000000016703800 Exception <a 'java/lang/ArrayIndexOutOfBoundsException': 18> (0x00000000ec72f290) thrown at [C:\src\android\AOSP-openjdk\external\jetbrains\jdk\hotspot\src\share\vm\interpreter\interpreterRuntime.cpp, line 366]
Event: 3.502 Thread 0x0000000016703800 Exception <a 'java/lang/ArrayIndexOutOfBoundsException'> (0x00000000ec730e10) thrown at [C:\src\android\AOSP-openjdk\external\jetbrains\jdk\hotspot\src\share\vm\runtime\sharedRuntime.cpp, line 605]
Event: 3.503 Thread 0x0000000016703800 Exception <a 'java/lang/ArrayIndexOutOfBoundsException'> (0x00000000ec7320f8) thrown at [C:\src\android\AOSP-openjdk\external\jetbrains\jdk\hotspot\src\share\vm\runtime\sharedRuntime.cpp, line 605]

Events (10 events):
Event: 4.596 Thread 0x0000000016700800 DEOPT PACKING pc=0x0000000002c94038 sp=0x0000000016d7e570
Event: 4.596 Thread 0x0000000016700800 DEOPT UNPACKING pc=0x000000000277556a sp=0x0000000016d7e4a8 mode 2
Event: 5.735 loading class com/android/dx/rop/code/RegisterSpec$1
Event: 5.735 loading class com/android/dx/rop/code/RegisterSpec$1 done
Event: 6.015 Executing VM operation: ParallelGCFailedAllocation
Event: 6.120 Executing VM operation: ParallelGCFailedAllocation done
Event: 6.317 Thread 0x0000000016704800 DEOPT PACKING pc=0x0000000002b676ec sp=0x000000001707e6d0
Event: 6.317 Thread 0x0000000016704800 DEOPT UNPACKING pc=0x00000000027775bf sp=0x000000001707e3e0 mode 0
Event: 6.390 Thread 0x0000000016704800 DEOPT PACKING pc=0x0000000002ba838c sp=0x000000001707eae0
Event: 6.390 Thread 0x0000000016704800 DEOPT UNPACKING pc=0x00000000027775bf sp=0x000000001707e830 mode 0


Dynamic libraries:
0x00007ff6012a0000 - 0x00007ff6012d5000 	E:\Android\android-studio-ide-145.2915834-windows\jre\bin\java.exe
0x00007ffbe4110000 - 0x00007ffbe42d1000 	C:\Windows\SYSTEM32\ntdll.dll
0x00007ffbe2080000 - 0x00007ffbe212d000 	C:\Windows\system32\KERNEL32.DLL
0x00007ffbe0ec0000 - 0x00007ffbe10a8000 	C:\Windows\system32\KERNELBASE.dll
0x00007ffbe3c80000 - 0x00007ffbe3d27000 	C:\Windows\system32\ADVAPI32.dll
0x00007ffbe4070000 - 0x00007ffbe410d000 	C:\Windows\system32\msvcrt.dll
0x00007ffbe22d0000 - 0x00007ffbe232b000 	C:\Windows\system32\sechost.dll
0x00007ffbe1d60000 - 0x00007ffbe1e7c000 	C:\Windows\system32\RPCRT4.dll
0x00007ffbe1970000 - 0x00007ffbe1ac6000 	C:\Windows\system32\USER32.dll
0x00007ffbe2140000 - 0x00007ffbe22c6000 	C:\Windows\system32\GDI32.dll
0x00007ffbd4c10000 - 0x00007ffbd4e84000 	C:\Windows\WinSxS\amd64_microsoft.windows.common-controls_6595b64144ccf1df_6.0.10586.0_none_8c15ae12515e1c22\COMCTL32.dll
0x00007ffbe24a0000 - 0x00007ffbe271d000 	C:\Windows\system32\combase.dll
0x00007ffbe14a0000 - 0x00007ffbe150a000 	C:\Windows\system32\bcryptPrimitives.dll
0x00007ffbe1ef0000 - 0x00007ffbe1f2b000 	C:\Windows\system32\IMM32.DLL
0x000000005d820000 - 0x000000005d8f2000 	E:\Android\android-studio-ide-145.2915834-windows\jre\jre\bin\msvcr100.dll
0x000000005d900000 - 0x000000005e134000 	E:\Android\android-studio-ide-145.2915834-windows\jre\jre\bin\server\jvm.dll
0x00007ffbe1530000 - 0x00007ffbe1538000 	C:\Windows\system32\PSAPI.DLL
0x00007ffbd92f0000 - 0x00007ffbd92f9000 	C:\Windows\SYSTEM32\WSOCK32.dll
0x00007ffbe3d30000 - 0x00007ffbe3d9b000 	C:\Windows\system32\WS2_32.dll
0x00007ffbdea60000 - 0x00007ffbdea83000 	C:\Windows\SYSTEM32\WINMM.dll
0x00007ffbd61b0000 - 0x00007ffbd61ba000 	C:\Windows\SYSTEM32\VERSION.dll
0x00007ffbdea00000 - 0x00007ffbdea2c000 	C:\Windows\SYSTEM32\WINMMBASE.dll
0x00007ffbe1300000 - 0x00007ffbe1343000 	C:\Windows\system32\cfgmgr32.dll
0x00007ffbd92e0000 - 0x00007ffbd92ef000 	E:\Android\android-studio-ide-145.2915834-windows\jre\jre\bin\verify.dll
0x00007ffbd92b0000 - 0x00007ffbd92d9000 	E:\Android\android-studio-ide-145.2915834-windows\jre\jre\bin\java.dll
0x00007ffbd9110000 - 0x00007ffbd9126000 	E:\Android\android-studio-ide-145.2915834-windows\jre\jre\bin\zip.dll
0x00007ffbe2720000 - 0x00007ffbe3c7c000 	C:\Windows\system32\SHELL32.dll
0x00007ffbe07c0000 - 0x00007ffbe0e05000 	C:\Windows\system32\windows.storage.dll
0x00007ffbe2440000 - 0x00007ffbe2492000 	C:\Windows\system32\shlwapi.dll
0x00007ffbe0730000 - 0x00007ffbe073f000 	C:\Windows\system32\kernel.appcore.dll
0x00007ffbe1350000 - 0x00007ffbe1405000 	C:\Windows\system32\shcore.dll
0x00007ffbe0770000 - 0x00007ffbe07bb000 	C:\Windows\system32\powrprof.dll
0x00007ffbe0740000 - 0x00007ffbe0754000 	C:\Windows\system32\profapi.dll

VM Arguments:
jvm_args: -Djava.awt.headless=true -Xmx1024M -Dfile.encoding=GBK -Duser.country=CN -Duser.language=zh -Duser.variant 
java_command: com.android.dx.command.Main --dex --num-threads=4 --output E:\Teapopo\app\build\intermediates\pre-dexed\debug\jackson-core-2.5.1_9851aa8e09bd9550729a788673a05bbcacef8540.jar C:\Users\lhq\.gradle\caches\modules-2\files-2.1\com.fasterxml.jackson.core\jackson-core\2.5.1\e2a00ad1d7e540ec395e9296a34da484c8888d4d\jackson-core-2.5.1.jar
java_class_path (initial): C:\Users\lhq\AppData\Local\Android\sdk\build-tools\23.0.3\lib\dx.jar
Launcher Type: SUN_STANDARD

Environment Variables:
JAVA_HOME=C:\Program Files\Java\jdk1.8.0_91
PATH=C:\ProgramData\Oracle\Java\javapath;C:\Windows\system32;C:\Windows;C:\Windows\System32\Wbem;C:\Windows\System32\WindowsPowerShell\v1.0\;C:\Users\lhq\AppData\Local\Android\sdk\platform-tools;C:\Users\lhq\AppData\Local\Android\sdk\tools;C:\Program Files\Java\jdk1.8.0_91\bin;C:\Program Files\Java\jdk1.8.0_91\jre\bin
USERNAME=lhq
OS=Windows_NT
PROCESSOR_IDENTIFIER=Intel64 Family 6 Model 69 Stepping 1, GenuineIntel



---------------  S Y S T E M  ---------------

OS: Windows 10.0 , 64 bit Build 10586 (10.0.10586.0)

CPU:total 4 (2 cores per cpu, 2 threads per core) family 6 model 69 stepping 1, cmov, cx8, fxsr, mmx, sse, sse2, sse3, ssse3, sse4.1, sse4.2, popcnt, avx, avx2, aes, clmul, erms, lzcnt, ht, tsc, tscinvbit, bmi1, bmi2

Memory: 4k page, physical 8067548k(921084k free), swap 8067548k(4308k free)

vm_info: OpenJDK 64-Bit Server VM (25.76-b01) for windows-amd64 JRE (1.8.0_76-release-b01), built on May 12 2016 23:29:00 by "ralucas" with MS VC++ 10.0 (VS2010)

time: Wed Jul 13 11:05:53 2016
elapsed time: 6 seconds (0d 0h 0m 6s)

