#
# There is insufficient memory for the Java Runtime Environment to continue.
# Native memory allocation (malloc) failed to allocate 32744 bytes for ChunkPool::allocate
# Possible reasons:
#   The system is out of physical RAM or swap space
#   In 32 bit mode, the process size limit was hit
# Possible solutions:
#   Reduce memory load on the system
#   Increase physical memory or swap space
#   Check if swap backing store is full
#   Use 64 bit Java on a 64 bit OS
#   Decrease Java heap size (-Xmx/-Xms)
#   Decrease number of Java threads
#   Decrease Java thread stack sizes (-Xss)
#   Set larger code cache with -XX:ReservedCodeCacheSize=
# This output file may be truncated or incomplete.
#
#  Out of Memory Error (allocation.cpp:273), pid=90876, tid=0x00000000000139fc
#
# JRE version: OpenJDK Runtime Environment (8.0_76-b01) (build 1.8.0_76-release-b01)
# Java VM: OpenJDK 64-Bit Server VM (25.76-b01 mixed mode windows-amd64 compressed oops)
# Failed to write core dump. Minidumps are not enabled by default on client versions of Windows
#

---------------  T H R E A D  ---------------

Current thread (0x000000001636a000):  JavaThread "C1 CompilerThread2" daemon [_thread_in_native, id=80380, stack(0x0000000016810000,0x0000000016910000)]

Stack: [0x0000000016810000,0x0000000016910000]
[error occurred during error reporting (printing stack bounds), id 0xc0000005]

Native frames: (J=compiled Java code, j=interpreted, Vv=VM code, C=native code)


Current CompileTask:
C1:   1616  709   !   3       com.android.dx.cf.code.RopperMachine::run (1550 bytes)


---------------  P R O C E S S  ---------------

Java Threads: ( => current thread )
  0x000000001651c000 JavaThread "pool-1-thread-4" [_thread_in_Java, id=90692, stack(0x0000000016f10000,0x0000000017010000)]
  0x00000000165aa000 JavaThread "pool-1-thread-3" [_thread_in_Java, id=90304, stack(0x0000000016e10000,0x0000000016f10000)]
  0x00000000164d8800 JavaThread "pool-1-thread-2" [_thread_blocked, id=89392, stack(0x0000000016d10000,0x0000000016e10000)]
  0x00000000164c7800 JavaThread "pool-2-thread-1" [_thread_blocked, id=87576, stack(0x0000000016c10000,0x0000000016d10000)]
  0x00000000164c6800 JavaThread "pool-1-thread-1" [_thread_in_Java, id=91044, stack(0x0000000016b10000,0x0000000016c10000)]
  0x0000000016370000 JavaThread "Service Thread" daemon [_thread_blocked, id=83988, stack(0x0000000016910000,0x0000000016a10000)]
=>0x000000001636a000 JavaThread "C1 CompilerThread2" daemon [_thread_in_native, id=80380, stack(0x0000000016810000,0x0000000016910000)]
  0x0000000016362000 JavaThread "C2 CompilerThread1" daemon [_thread_in_native, id=90428, stack(0x0000000016710000,0x0000000016810000)]
  0x0000000014cbd800 JavaThread "C2 CompilerThread0" daemon [_thread_in_native, id=90492, stack(0x0000000016210000,0x0000000016310000)]
  0x0000000014cbc000 JavaThread "Attach Listener" daemon [_thread_blocked, id=90744, stack(0x0000000016110000,0x0000000016210000)]
  0x0000000014cbb000 JavaThread "Signal Dispatcher" daemon [_thread_blocked, id=90420, stack(0x0000000016010000,0x0000000016110000)]
  0x0000000014c98000 JavaThread "Finalizer" daemon [_thread_blocked, id=90796, stack(0x0000000015f10000,0x0000000016010000)]
  0x00000000025d0000 JavaThread "Reference Handler" daemon [_thread_blocked, id=90488, stack(0x0000000015e10000,0x0000000015f10000)]
  0x00000000024e0800 JavaThread "main" [_thread_in_native, id=90840, stack(0x00000000023e0000,0x00000000024e0000)]

Other Threads:
  0x0000000014c75800 VMThread [stack: 0x0000000015d10000,0x0000000015e10000] [id=90592]
  0x0000000016373000 WatcherThread [stack: 0x0000000016a10000,0x0000000016b10000] [id=90536]

VM state:not at safepoint (normal execution)

VM Mutex/Monitor currently owned by a thread: None

Heap:
 PSYoungGen      total 36864K, used 16513K [0x00000000eab00000, 0x00000000ed400000, 0x0000000100000000)
  eden space 31744K, 52% used [0x00000000eab00000,0x00000000ebb20468,0x00000000eca00000)
  from space 5120K, 0% used [0x00000000ecf00000,0x00000000ecf00000,0x00000000ed400000)
  to   space 5120K, 0% used [0x00000000eca00000,0x00000000eca00000,0x00000000ecf00000)
 ParOldGen       total 84992K, used 0K [0x00000000c0000000, 0x00000000c5300000, 0x00000000eab00000)
  object space 84992K, 0% used [0x00000000c0000000,0x00000000c0000000,0x00000000c5300000)
 Metaspace       used 5708K, capacity 6704K, committed 6784K, reserved 1056768K
  class space    used 573K, capacity 616K, committed 640K, reserved 1048576K

Card table byte_map: [0x00000000119a0000,0x0000000011bb0000] byte_map_base: 0x00000000113a0000

Marking Bits: (ParMarkBitMap*) 0x000000005f499d00
 Begin Bits: [0x0000000012110000, 0x0000000013110000)
 End Bits:   [0x0000000013110000, 0x0000000014110000)

Polling page: 0x0000000000810000

CodeCache: size=245760Kb used=2728Kb max_used=2740Kb free=243031Kb
 bounds [0x00000000025e0000, 0x0000000002890000, 0x00000000115e0000]
 total_blobs=978 nmethods=707 adapters=184
 compilation: enabled

Compilation events (10 events):
Event: 1.600 Thread 0x0000000014cbd800 nmethod 731 0x000000000288d650 code [0x000000000288d7c0, 0x000000000288da38]
Event: 1.600 Thread 0x0000000014cbd800  730       4       com.android.dx.ssa.NormalSsaInsn::isNormalMoveInsn (20 bytes)
Event: 1.600 Thread 0x0000000014cbd800 nmethod 730 0x000000000286a550 code [0x000000000286a680, 0x000000000286a718]
Event: 1.600 Thread 0x0000000014cbd800  735  s    4       java.util.Vector::removeElementAt (115 bytes)
Event: 1.602 Thread 0x0000000014cbd800 

Event: 1.602 Thread 0x0000000014cbd800  740       4       com.android.dx.ssa.SsaMethod::getExitBlock (26 bytes)
Event: 1.604 Thread 0x0000000014cbd800 nmethod 740 0x000000000288d210 code [0x000000000288d360, 0x000000000288d478]
Event: 1.604 Thread 0x0000000014cbd800  742       4       com.android.dx.ssa.SsaMethod::getDefinitionForRegister (61 bytes)
Event: 1.607 Thread 0x0000000014cbd800 nmethod 742 0x000000000288cc90 code [0x000000000288ce00, 0x000000000288d048]
Event: 1.607 Thread 0x0000000014cbd800  744       4       com.android.dx.ssa.back.LivenessAnalyzer::handleTailRecursion (94 bytes)

GC Heap History (0 events):
No events

Deoptimization events (3 events):
Event: 0.377 Thread 0x00000000024e0800 Uncommon trap: reason=unstable_if action=reinterpret pc=0x0000000002716310 method=java.lang.String.indexOf(II)I @ 49
Event: 1.354 Thread 0x00000000024e0800 Uncommon trap: reason=unstable_if action=reinterpret pc=0x00000000027cd430 method=java.util.HashMap.getNode(ILjava/lang/Object;)Ljava/util/HashMap$Node; @ 129
Event: 1.375 Thread 0x00000000164c6800 Uncommon trap: reason=unstable_if action=reinterpret pc=0x00000000027d43f0 method=java.util.BitSet.nextSetBit(I)I @ 87

Internal exceptions (2 events):
Event: 0.057 Thread 0x00000000024e0800 Exception <a 'java/lang/NoSuchMethodError': Method sun.misc.Unsafe.defineClass(Ljava/lang/String;[BII)Ljava/lang/Class; name or signature does not match> (0x00000000eab07cc0) thrown at [C:\src\android\AOSP-openjdk\external\jetbrains\jdk\hotspot\src\share\vëýŠs)r­?
Event: 0.058 Thread 0x00000000024e0800 Exception <a 'java/lang/NoSuchMethodError': Method sun.misc.Unsafe.prefetchRead(Ljava/lang/Object;J)V name or signature does not match> (0x00000000eab07fa8) thrown at [C:\src\android\AOSP-openjdk\external\jetbrains\jdk\hotspot\src\share\vm\prims\jni.cpp, l

Events (10 events):
Event: 1.373 loading class java/util/DualPivotQuicksort done
Event: 1.375 Thread 0x00000000164c6800 Uncommon trap: trap_request=0xffffff65 fr.pc=0x00000000027d43f0
Event: 1.375 Thread 0x00000000164c6800 DEOPT PACKING pc=0x00000000027d43f0 sp=0x0000000016c0eab0
Event: 1.375 Thread 0x00000000164c6800 DEOPT UNPACKING pc=0x000000000262556a sp=0x0000000016c0ea48 mode 2
Event: 1.417 loading class java/util/TreeMap$EntrySet
Event: 1.417 loading class java/util/TreeMap$EntrySet done
Event: 1.417 loading class java/util/TreeMap$EntryIterator
Event: 1.417 loading class java/util/TreeMap$EntryIterator done
Event: 1.562 loading class java/util/ArrayList$1
Event: 1.565 loading class java/util/ArrayList$1 done


Dynamic libraries:
0x00007ff6a3010000 - 0x00007ff6a3045000 	E:\Android\android-studio-ide-145.2915834-windows\jre\bin\java.exe
0x00007ffecf410000 - 0x00007ffecf5d1000 	C:\Windows\SYSTEM32\ntdll.dll
0x00007ffecef70000 - 0x00007ffecf01d000 	C:\Windows\system32\KERNEL32.DLL
0x00007ffecc330000 - 0x00007ffecc518000 	C:\Windows\system32\KERNELBASE.dll
0x00007ffecc9e0000 - 0x00007ffecca87000 	C:\Windows\system32\ADVAPI32.dll
0x00007ffece4c0000 - 0x00007ffece55d000 	C:\Windows\system32\msvcrt.dll
0x00007ffeccd10000 - 0x00007ffeccd6b000 	C:\Windows\system32\sechost.dll
0x00007ffece730000 - 0x00007ffece84c000 	C:\Windows\system32\RPCRT4.dll
0x00007ffece920000 - 0x00007ffecea76000 	C:\Windows\system32\USER32.dll
0x00007ffeccd90000 - 0x00007ffeccf16000 	C:\Windows\system32\GDI32.dll
0x00007ffebe600000 - 0x00007ffebe874000 	C:\Windows\WinSxS\amd64_microsoft.windows.common-controls_6595b64144ccf1df_6.0.10586.0_none_8c15ae12515e1c22\COMCTL32.dll
0x00007ffecca90000 - 0x00007ffeccd0d000 	C:\Windows\system32\combase.dll
0x00007ffecc520000 - 0x00007ffecc58a000 	C:\Windows\system32\bcryptPrimitives.dll
0x00007ffeccf20000 - 0x00007ffeccf5b000 	C:\Windows\system32\IMM32.DLL
0x00000000600f0000 - 0x00000000601c2000 	E:\Android\android-studio-ide-145.2915834-windows\jre\jre\bin\msvcr100.dll
0x000000005ece0000 - 0x000000005f514000 	E:\Android\android-studio-ide-145.2915834-windows\jre\jre\bin\server\jvm.dll
0x00007ffecf1d0000 - 0x00007ffecf1d8000 	C:\Windows\system32\PSAPI.DLL
0x00007ffec8ed0000 - 0x00007ffec8ed9000 	C:\Windows\SYSTEM32\WSOCK32.dll
0x00007ffece560000 - 0x00007ffece5cb000 	C:\Windows\system32\WS2_32.dll
0x00007ffec9d40000 - 0x00007ffec9d63000 	C:\Windows\SYSTEM32\WINMM.dll
0x00007ffec1700000 - 0x00007ffec170a000 	C:\Windows\SYSTEM32\VERSION.dll
0x00007ffec9bf0000 - 0x00007ffec9c1c000 	C:\Windows\SYSTEM32\WINMMBASE.dll
0x00007ffecbbd0000 - 0x00007ffecbc13000 	C:\Windows\system32\cfgmgr32.dll
0x00007ffec8e10000 - 0x00007ffec8e1f000 	E:\Android\android-studio-ide-145.2915834-windows\jre\jre\bin\verify.dll
0x00007ffec8d10000 - 0x00007ffec8d39000 	E:\Android\android-studio-ide-145.2915834-windows\jre\jre\bin\java.dll
0x00007ffec8cd0000 - 0x00007ffec8ce6000 	E:\Android\android-studio-ide-145.2915834-windows\jre\jre\bin\zip.dll
0x00007ffeccf60000 - 0x00007ffece4bc000 	C:\Windows\system32\SHELL32.dll
0x00007ffecbce0000 - 0x00007ffecc325000 	C:\Windows\system32\windows.storage.dll
0x00007ffecea80000 - 0x00007ffecead2000 	C:\Windows\system32\shlwapi.dll
0x00007ffecba90000 - 0x00007ffecba9f000 	C:\Windows\system32\kernel.appcore.dll
0x00007ffecbc20000 - 0x00007ffecbcd5000 	C:\Windows\system32\shcore.dll
0x00007ffecba30000 - 0x00007ffecba7b000 	C:\Windows\system32\powrprof.dll
0x00007ffecbaa0000 - 0x00007ffecbab4000 	C:\Windows\system32\profapi.dll

VM Arguments:
jvm_args: -Djava.awt.headless=true -Xmx1024M -Dfile.encoding=GBK -Duser.country=CN -Duser.language=zh -Duser.variant 
java_command: com.android.dx.command.Main --dex --num-threads=4 --output E:\Teapopo\app\build\intermediates\pre-dexed\debug\ShareSDK-GooglePlus-2.7.1_058906105980c9cf9528c42146e08f04eee5c6ce.jar E:\Teapopo\app\libs\ShareSDK-GooglePlus-2.7.1.jar
java_class_path (initial): C:\Users\lhq\AppData\Local\Android\sdk\build-tools\23.0.3\lib\dx.jar
Launcher Type: SUN_STANDARD

Environment Variables:
JAVA_HOME=C:\Program Files\Java\jdk1.8.0_91
PATH=C:\ProgramData\Oracle\Java\javapath;C:\Windows\system32;C:\Windows;C:\Windows\System32\Wbem;C:\Windows\System32\WindowsPowerShell\v1.0\;C:\Users\lhq\AppData\Local\Android\sdk\platform-tools;C:\Users\lhq\AppData\Local\Android\sdk\tools;C:\Program Files\Java\jdk1.8.0_91\bin;C:\Program Files\Java\jdk1.8.0_91\jre\bin
USERNAME=lhq
OS=Windows_NT
PROCESSOR_IDENTIFIER=Intel64 Family 6 Model 69 Stepping 1, GenuineIntel



---------------  S Y S T E M  ---------------

OS: Windows 10.0 , 64 bit Build 10586 (10.0.10586.0)

CPU:total 4 (2 cores per cpu, 2 threads per core) family 6 model 69 stepping 1, cmov, cx8, fxsr, mmx, sse, sse2, sse3, ssse3, sse4.1, sse4.2, popcnt, avx, avx2, aes, clmul, erms, lzcnt, ht, tsc, tscinvbit, bmi1, bmi2

Memory: 4k page, physical 8067548k(1019416k free), swap 8067548k(2080k free)

vm_info: OpenJDK 64-Bit Server VM (25.76-b01) for windows-amd64 JRE (1.8.0_76-release-b01), built on May 12 2016 23:29:00 by "ralucas" with MS VC++ 10.0 (VS2010)

time: Thu Jul 07 09:33:47 2016
elapsed time: 1 seconds (0d 0h 0m 1s)

