#
# There is insufficient memory for the Java Runtime Environment to continue.
# Native memory allocation (malloc) failed to allocate 32744 bytes for ChunkPool::allocate
# Possible reasons:
#   The system is out of physical RAM or swap space
#   In 32 bit mode, the process size limit was hit
# Possible solutions:
#   Reduce memory load on the system
#   Increase physical memory or swap space
#   Check if swap backing store is full
#   Use 64 bit Java on a 64 bit OS
#   Decrease Java heap size (-Xmx/-Xms)
#   Decrease number of Java threads
#   Decrease Java thread stack sizes (-Xss)
#   Set larger code cache with -XX:ReservedCodeCacheSize=
# This output file may be truncated or incomplete.
#
#  Out of Memory Error (allocation.cpp:273), pid=90376, tid=0x000000000001484c
#
# JRE version: OpenJDK Runtime Environment (8.0_76-b01) (build 1.8.0_76-release-b01)
# Java VM: OpenJDK 64-Bit Server VM (25.76-b01 mixed mode windows-amd64 compressed oops)
# Failed to write core dump. Minidumps are not enabled by default on client versions of Windows
#

---------------  T H R E A D  ---------------

Current thread (0x0000000016478000):  JavaThread "C1 CompilerThread2" daemon [_thread_in_native, id=84044, stack(0x0000000016820000,0x0000000016920000)]

Stack: [0x0000000016820000,0x0000000016920000]
[error occurred during error reporting (printing stack bounds), id 0xc0000005]

Native frames: (J=compiled Java code, j=interpreted, Vv=VM code, C=native code)


Current CompileTask:
C1:   1623  199   !   3       com.android.dx.cf.cst.ConstantPoolParser::parse0 (731 bytes)


---------------  P R O C E S S  ---------------

Java Threads: ( => current thread )
  0x00000000165af800 JavaThread "pool-1-thread-4" [_thread_new, id=84984, stack(0x0000000000000000,0x0000000000000000)]
  0x00000000165ae800 JavaThread "pool-1-thread-3" [_thread_new, id=30528, stack(0x0000000000000000,0x0000000000000000)]
  0x0000000016599800 JavaThread "pool-1-thread-2" [_thread_new, id=90908, stack(0x0000000000000000,0x0000000000000000)]
  0x0000000016592000 JavaThread "pool-2-thread-1" [_thread_new, id=13628, stack(0x0000000000000000,0x0000000000000000)]
  0x000000001658a000 JavaThread "pool-1-thread-1" [_thread_new, id=90720, stack(0x0000000000000000,0x0000000000000000)]
  0x000000001647f800 JavaThread "Service Thread" daemon [_thread_blocked, id=90636, stack(0x0000000016920000,0x0000000016a20000)]
=>0x0000000016478000 JavaThread "C1 CompilerThread2" daemon [_thread_in_native, id=84044, stack(0x0000000016820000,0x0000000016920000)]
  0x0000000014d0a800 JavaThread "C2 CompilerThread1" daemon [_thread_blocked, id=82008, stack(0x0000000016320000,0x0000000016420000)]
  0x0000000014cbd800 JavaThread "C2 CompilerThread0" daemon [_thread_blocked, id=59208, stack(0x0000000016220000,0x0000000016320000)]
  0x0000000014cbc000 JavaThread "Attach Listener" daemon [_thread_blocked, id=89788, stack(0x0000000016120000,0x0000000016220000)]
  0x0000000014cbb000 JavaThread "Signal Dispatcher" daemon [_thread_blocked, id=91068, stack(0x0000000016020000,0x0000000016120000)]
  0x0000000014c98000 JavaThread "Finalizer" daemon [_thread_blocked, id=91044, stack(0x0000000015f20000,0x0000000016020000)]
  0x00000000025d0000 JavaThread "Reference Handler" daemon [_thread_blocked, id=83988, stack(0x0000000015e20000,0x0000000015f20000)]
  0x00000000024e0800 JavaThread "main" [_thread_in_Java, id=90396, stack(0x00000000022e0000,0x00000000023e0000)]

Other Threads:
  0x0000000014c75800 VMThread [stack: 0x0000000015d20000,0x0000000015e20000] [id=79740]
  0x0000000016482000 WatcherThread [stack: 0x0000000016a20000,0x0000000016b20000] [id=90568]

VM state:not at safepoint (normal execution)

VM Mutex/Monitor currently owned by a thread: None

Heap:
 PSYoungGen      total 36864K, used 4453K [0x00000000eab00000, 0x00000000ed400000, 0x0000000100000000)
  eden space 31744K, 14% used [0x00000000eab00000,0x00000000eaf59530,0x00000000eca00000)
  from space 5120K, 0% used [0x00000000ecf00000,0x00000000ecf00000,0x00000000ed400000)
  to   space 5120K, 0% used [0x00000000eca00000,0x00000000eca00000,0x00000000ecf00000)
 ParOldGen       total 84992K, used 0K [0x00000000c0000000, 0x00000000c5300000, 0x00000000eab00000)
  object space 84992K, 0% used [0x00000000c0000000,0x00000000c0000000,0x00000000c5300000)
 Metaspace       used 3954K, capacity 5104K, committed 5376K, reserved 1056768K
  class space    used 430K, capacity 488K, committed 512K, reserved 1048576K

Card table byte_map: [0x00000000119a0000,0x0000000011bb0000] byte_map_base: 0x00000000113a0000

Marking Bits: (ParMarkBitMap*) 0x000000005f499d00
 Begin Bits: [0x0000000012110000, 0x0000000013110000)
 End Bits:   [0x0000000013110000, 0x0000000014110000)

Polling page: 0x0000000000460000

CodeCache: size=245760Kb used=1458Kb max_used=1469Kb free=244301Kb
 bounds [0x00000000025e0000, 0x0000000002850000, 0x00000000115e0000]
 total_blobs=458 nmethods=199 adapters=173
 compilation: enabled

Compilation events (10 events):
Event: 1.618 Thread 0x0000000016478000 nmethod 195 0x000000000274acd0 code [0x000000000274ae20, 0x000000000274afd0]
Event: 1.618 Thread 0x0000000016478000  196   !   3       com.android.dx.util.FixedSizeList::set0 (22 bytes)
Event: 1.619 Thread 0x0000000016478000 nmethod 196 0x000000000274b090 code [0x000000000274b260, 0x000000000274b968]
Event: 1.619 Thread 0x0000000016478000  197       3       com.android.dx.util.ByteArray$MyInputStream::read (40 bytes)
Event: 1.619 Thread 0x0000000016478000 nmethod 197 0x000000000274bdd0 code [0x000000000274bf40, 0x000000000274c1f0]
Event: 1.619 Thread 0x0000000016478000  198       3       com.android.dx.util.ByteArray::access$100 (6 bytes)
Event: 1.619 Thread 0x0000000016478000 nmethod 198 0x000000000274c3d0 code [0x000000000274c540, 0x000000000274c710]
Event: 1.619 Thread 0x0000000016478000  199   !   3       com.android.dx.cf.cst.ConstantPoolParser::parse0 (731 bytes)
Event: 1.619 Thread 0x0000000014cbd800  202       4       com.android.dx.util.ByteArray::checkOffsets (66 bytes)
Event: 1.620 Thread 0x0000000014cbd800 nmethod 202 0x000000000274f550 code [0x000000000274f680, 0x000000000274f738]

GC Heap History (0 events):
No events

Deoptimization events (1 events):
Event: 1.582 Thread 0x00000000024e0800 Uncommon trap: reason=unstable_if action=reinterpret pc=0x0000000002734b94 method=java.lang.String.indexOf(II)I @ 49

Internal exceptions (2 events):
Event: 0.210 Thread 0x00000000024e0800 Exception <a 'java/lang/NoSuchMethodError': Method sun.misc.Unsafe.defineClass(Ljava/lang/String;[BII)Ljava/lang/Class; name or signature does not match> (0x00000000eab07cc0) thrown at [C:\src\android\AOSP-openjdk\external\jetbrains\jdk\hotspot\src\share\vjAm≈€ ?
Event: 0.210 Thread 0x00000000024e0800 Exception <a 'java/lang/NoSuchMethodError': Method sun.misc.Unsafe.prefetchRead(Ljava/lang/Object;J)V name or signature does not match> (0x00000000eab07fa8) thrown at [C:\src\android\AOSP-openjdk\external\jetbrains\jdk\hotspot\src\share\vm\prims\jni.cpp, l

Events (10 events):
Event: 1.608 loading class com/android/dx/cf/attrib/AttInnerClasses done
Event: 1.608 Thread 0x0000000016599800 Thread added: 0x0000000016599800
Event: 1.613 Thread 0x00000000165ae800 Thread added: 0x00000000165ae800
Event: 1.617 loading class com/android/dx/cf/code/ByteCatchList$Item
Event: 1.617 loading class com/android/dx/cf/code/ByteCatchList$Item done
Event: 1.618 loading class com/android/dx/cf/attrib/RawAttribute
Event: 1.618 loading class com/android/dx/cf/attrib/RawAttribute done
Event: 1.618 loading class com/android/dx/cf/attrib/AttEnclosingMethod
Event: 1.618 loading class com/android/dx/cf/attrib/AttEnclosingMethod done
Event: 1.619 Thread 0x00000000165af800 Thread added: 0x00000000165af800


Dynamic libraries:
0x00007ff6a3010000 - 0x00007ff6a3045000 	E:\Android\android-studio-ide-145.2915834-windows\jre\bin\java.exe
0x00007ffecf410000 - 0x00007ffecf5d1000 	C:\Windows\SYSTEM32\ntdll.dll
0x00007ffecef70000 - 0x00007ffecf01d000 	C:\Windows\system32\KERNEL32.DLL
0x00007ffecc330000 - 0x00007ffecc518000 	C:\Windows\system32\KERNELBASE.dll
0x00007ffecc9e0000 - 0x00007ffecca87000 	C:\Windows\system32\ADVAPI32.dll
0x00007ffece4c0000 - 0x00007ffece55d000 	C:\Windows\system32\msvcrt.dll
0x00007ffeccd10000 - 0x00007ffeccd6b000 	C:\Windows\system32\sechost.dll
0x00007ffece730000 - 0x00007ffece84c000 	C:\Windows\system32\RPCRT4.dll
0x00007ffece920000 - 0x00007ffecea76000 	C:\Windows\system32\USER32.dll
0x00007ffeccd90000 - 0x00007ffeccf16000 	C:\Windows\system32\GDI32.dll
0x00007ffebe600000 - 0x00007ffebe874000 	C:\Windows\WinSxS\amd64_microsoft.windows.common-controls_6595b64144ccf1df_6.0.10586.0_none_8c15ae12515e1c22\COMCTL32.dll
0x00007ffecca90000 - 0x00007ffeccd0d000 	C:\Windows\system32\combase.dll
0x00007ffecc520000 - 0x00007ffecc58a000 	C:\Windows\system32\bcryptPrimitives.dll
0x00007ffeccf20000 - 0x00007ffeccf5b000 	C:\Windows\system32\IMM32.DLL
0x00000000600f0000 - 0x00000000601c2000 	E:\Android\android-studio-ide-145.2915834-windows\jre\jre\bin\msvcr100.dll
0x000000005ece0000 - 0x000000005f514000 	E:\Android\android-studio-ide-145.2915834-windows\jre\jre\bin\server\jvm.dll
0x00007ffecf1d0000 - 0x00007ffecf1d8000 	C:\Windows\system32\PSAPI.DLL
0x00007ffec8ed0000 - 0x00007ffec8ed9000 	C:\Windows\SYSTEM32\WSOCK32.dll
0x00007ffece560000 - 0x00007ffece5cb000 	C:\Windows\system32\WS2_32.dll
0x00007ffec9d40000 - 0x00007ffec9d63000 	C:\Windows\SYSTEM32\WINMM.dll
0x00007ffec1700000 - 0x00007ffec170a000 	C:\Windows\SYSTEM32\VERSION.dll
0x00007ffec9bf0000 - 0x00007ffec9c1c000 	C:\Windows\SYSTEM32\WINMMBASE.dll
0x00007ffecbbd0000 - 0x00007ffecbc13000 	C:\Windows\system32\cfgmgr32.dll
0x00007ffec8e10000 - 0x00007ffec8e1f000 	E:\Android\android-studio-ide-145.2915834-windows\jre\jre\bin\verify.dll
0x00007ffec8d10000 - 0x00007ffec8d39000 	E:\Android\android-studio-ide-145.2915834-windows\jre\jre\bin\java.dll
0x00007ffec8cd0000 - 0x00007ffec8ce6000 	E:\Android\android-studio-ide-145.2915834-windows\jre\jre\bin\zip.dll
0x00007ffeccf60000 - 0x00007ffece4bc000 	C:\Windows\system32\SHELL32.dll
0x00007ffecbce0000 - 0x00007ffecc325000 	C:\Windows\system32\windows.storage.dll
0x00007ffecea80000 - 0x00007ffecead2000 	C:\Windows\system32\shlwapi.dll
0x00007ffecba90000 - 0x00007ffecba9f000 	C:\Windows\system32\kernel.appcore.dll
0x00007ffecbc20000 - 0x00007ffecbcd5000 	C:\Windows\system32\shcore.dll
0x00007ffecba30000 - 0x00007ffecba7b000 	C:\Windows\system32\powrprof.dll
0x00007ffecbaa0000 - 0x00007ffecbab4000 	C:\Windows\system32\profapi.dll

VM Arguments:
jvm_args: -Djava.awt.headless=true -Xmx1024M -Dfile.encoding=GBK -Duser.country=CN -Duser.language=zh -Duser.variant 
java_command: com.android.dx.command.Main --dex --num-threads=4 --output E:\Teapopo\app\build\intermediates\pre-dexed\debug\api-1.0.0_4819b79dd708d34bbde47e711566ec26d5a3b667.jar C:\Users\lhq\.gradle\caches\modules-2\files-2.1\me.yokeyword.rxsmartsharedpreferences\api\1.0.0\212a54ae5cab3def343ccf201a46afc674013df8\api-1.0.0.jar
java_class_path (initial): C:\Users\lhq\AppData\Local\Android\sdk\build-tools\23.0.3\lib\dx.jar
Launcher Type: SUN_STANDARD

Environment Variables:
JAVA_HOME=C:\Program Files\Java\jdk1.8.0_91
PATH=C:\ProgramData\Oracle\Java\javapath;C:\Windows\system32;C:\Windows;C:\Windows\System32\Wbem;C:\Windows\System32\WindowsPowerShell\v1.0\;C:\Users\lhq\AppData\Local\Android\sdk\platform-tools;C:\Users\lhq\AppData\Local\Android\sdk\tools;C:\Program Files\Java\jdk1.8.0_91\bin;C:\Program Files\Java\jdk1.8.0_91\jre\bin
USERNAME=lhq
OS=Windows_NT
PROCESSOR_IDENTIFIER=Intel64 Family 6 Model 69 Stepping 1, GenuineIntel



---------------  S Y S T E M  ---------------

OS: Windows 10.0 , 64 bit Build 10586 (10.0.10586.0)

CPU:total 4 (2 cores per cpu, 2 threads per core) family 6 model 69 stepping 1, cmov, cx8, fxsr, mmx, sse, sse2, sse3, ssse3, sse4.1, sse4.2, popcnt, avx, avx2, aes, clmul, erms, lzcnt, ht, tsc, tscinvbit, bmi1, bmi2

Memory: 4k page, physical 8067548k(1017320k free), swap 8067548k(4396k free)

vm_info: OpenJDK 64-Bit Server VM (25.76-b01) for windows-amd64 JRE (1.8.0_76-release-b01), built on May 12 2016 23:29:00 by "ralucas" with MS VC++ 10.0 (VS2010)

time: Thu Jul 07 09:33:56 2016
elapsed time: 1 seconds (0d 0h 0m 1s)

