#
# There is insufficient memory for the Java Runtime Environment to continue.
# Native memory allocation (malloc) failed to allocate 134976 bytes for Chunk::new
# Possible reasons:
#   The system is out of physical RAM or swap space
#   In 32 bit mode, the process size limit was hit
# Possible solutions:
#   Reduce memory load on the system
#   Increase physical memory or swap space
#   Check if swap backing store is full
#   Use 64 bit Java on a 64 bit OS
#   Decrease Java heap size (-Xmx/-Xms)
#   Decrease number of Java threads
#   Decrease Java thread stack sizes (-Xss)
#   Set larger code cache with -XX:ReservedCodeCacheSize=
# This output file may be truncated or incomplete.
#
#  Out of Memory Error (allocation.cpp:390), pid=66108, tid=0x000000000001037c
#
# JRE version: OpenJDK Runtime Environment (8.0_76-b01) (build 1.8.0_76-release-b01)
# Java VM: OpenJDK 64-Bit Server VM (25.76-b01 mixed mode windows-amd64 compressed oops)
# Failed to write core dump. Minidumps are not enabled by default on client versions of Windows
#

---------------  T H R E A D  ---------------

Current thread (0x000000001630a000):  JavaThread "C2 CompilerThread1" daemon [_thread_in_native, id=66428, stack(0x00000000166c0000,0x00000000167c0000)]

Stack: [0x00000000166c0000,0x00000000167c0000]
[error occurred during error reporting (printing stack bounds), id 0xc0000005]

Native frames: (J=compiled Java code, j=interpreted, Vv=VM code, C=native code)


Current CompileTask:
C2:   1917 1165 %     4       com.android.dx.rop.code.RopMethod::calcPredecessors @ 35 (227 bytes)


---------------  P R O C E S S  ---------------

Java Threads: ( => current thread )
  0x0000000016544000 JavaThread "pool-1-thread-4" [_thread_blocked, id=66520, stack(0x0000000016ec0000,0x0000000016fc0000)]
  0x0000000016470800 JavaThread "pool-1-thread-3" [_thread_blocked, id=66516, stack(0x0000000016dc0000,0x0000000016ec0000)]
  0x000000001646e000 JavaThread "pool-1-thread-2" [_thread_blocked, id=66512, stack(0x0000000016cc0000,0x0000000016dc0000)]
  0x0000000016460800 JavaThread "pool-2-thread-1" [_thread_blocked, id=66508, stack(0x0000000016bc0000,0x0000000016cc0000)]
  0x000000001645f800 JavaThread "pool-1-thread-1" [_thread_in_Java, id=66504, stack(0x0000000016ac0000,0x0000000016bc0000)]
  0x000000001631a800 JavaThread "Service Thread" daemon [_thread_blocked, id=66444, stack(0x00000000168c0000,0x00000000169c0000)]
  0x0000000016315000 JavaThread "C1 CompilerThread2" daemon [_thread_blocked, id=66440, stack(0x00000000167c0000,0x00000000168c0000)]
=>0x000000001630a000 JavaThread "C2 CompilerThread1" daemon [_thread_in_native, id=66428, stack(0x00000000166c0000,0x00000000167c0000)]
  0x0000000014c57000 JavaThread "C2 CompilerThread0" daemon [_thread_in_native, id=66412, stack(0x00000000161c0000,0x00000000162c0000)]
  0x0000000014c0c800 JavaThread "Attach Listener" daemon [_thread_blocked, id=66408, stack(0x00000000160c0000,0x00000000161c0000)]
  0x0000000014c0b000 JavaThread "Signal Dispatcher" daemon [_thread_blocked, id=66404, stack(0x0000000015fc0000,0x00000000160c0000)]
  0x000000000252a000 JavaThread "Finalizer" daemon [_thread_blocked, id=66328, stack(0x0000000015e60000,0x0000000015f60000)]
  0x0000000002520000 JavaThread "Reference Handler" daemon [_thread_blocked, id=66316, stack(0x0000000015d60000,0x0000000015e60000)]
  0x0000000002430800 JavaThread "main" [_thread_blocked, id=66232, stack(0x0000000001f60000,0x0000000002060000)]

Other Threads:
  0x0000000014bc5800 VMThread [stack: 0x0000000015c60000,0x0000000015d60000] [id=66300]
  0x000000001631c800 WatcherThread [stack: 0x00000000169c0000,0x0000000016ac0000] [id=66448]

VM state:not at safepoint (normal execution)

VM Mutex/Monitor currently owned by a thread: None

Heap:
 PSYoungGen      total 36864K, used 29851K [0x00000000eab00000, 0x00000000ed400000, 0x0000000100000000)
  eden space 31744K, 94% used [0x00000000eab00000,0x00000000ec826ed8,0x00000000eca00000)
  from space 5120K, 0% used [0x00000000ecf00000,0x00000000ecf00000,0x00000000ed400000)
  to   space 5120K, 0% used [0x00000000eca00000,0x00000000eca00000,0x00000000ecf00000)
 ParOldGen       total 84992K, used 0K [0x00000000c0000000, 0x00000000c5300000, 0x00000000eab00000)
  object space 84992K, 0% used [0x00000000c0000000,0x00000000c0000000,0x00000000c5300000)
 Metaspace       used 5951K, capacity 6896K, committed 7040K, reserved 1056768K
  class space    used 573K, capacity 616K, committed 640K, reserved 1048576K

Card table byte_map: [0x00000000118f0000,0x0000000011b00000] byte_map_base: 0x00000000112f0000

Marking Bits: (ParMarkBitMap*) 0x0000000076459d00
 Begin Bits: [0x0000000012060000, 0x0000000013060000)
 End Bits:   [0x0000000013060000, 0x0000000014060000)

Polling page: 0x00000000004f0000

CodeCache: size=245760Kb used=4770Kb max_used=4770Kb free=240989Kb
 bounds [0x0000000002530000, 0x00000000029e0000, 0x0000000011530000]
 total_blobs=1469 nmethods=1199 adapters=184
 compilation: enabled

Compilation events (10 events):
Event: 1.914 Thread 0x0000000016315000 nmethod 1199 0x00000000029d7850 code [0x00000000029d79e0, 0x00000000029d7f98]
Event: 1.914 Thread 0x0000000016315000 1202       3       com.android.dx.rop.cst.CstFieldRef::getType (8 bytes)
Event: 1.914 Thread 0x0000000016315000 nmethod 1202 0x00000000029d8190 code [0x00000000029d8300, 0x00000000029d86a8]
Event: 1.914 Thread 0x0000000016315000 1201       3       com.android.dx.cf.code.ByteCatchList::<init> (6 bytes)
Event: 1.915 Thread 0x0000000016315000 nmethod 1201 0x00000000029d87d0 code [0x00000000029d8940, 0x00000000029d8ac8]
Event: 1.915 Thread 0x0000000016315000 1194       3       com.android.dx.cf.code.OneLocalsArray::merge (22 bytes)
Event: 1.915 Thread 0x0000000016315000 nmethod 1194 0x00000000029d8b50 code [0x00000000029d8d20, 0x00000000029d9458]
Event: 1.915 Thread 0x0000000016315000 1195   !   3       com.android.dx.cf.code.OneLocalsArray::merge (31 bytes)
Event: 1.915 Thread 0x0000000016315000 nmethod 1195 0x00000000029d9690 code [0x00000000029d9840, 0x00000000029d9c08]
Event: 1.915 Thread 0x0000000016315000 1203       3       com.android.dx.dex.file.IdItem::<init> (24 bytes)

GC Heap History (0 events):
No events

Deoptimization events (10 events):
Event: 0.569 Thread 0x0000000002430800 Uncommon trap: reason=unstable_if action=reinterpret pc=0x000000000266c690 method=java.lang.String.indexOf(II)I @ 49
Event: 1.207 Thread 0x000000001645f800 Uncommon trap: reason=unstable_if action=reinterpret pc=0x000000000275c1ec method=java.util.HashMap.getNode(ILjava/lang/Object;)Ljava/util/HashMap$Node; @ 129
Event: 1.470 Thread 0x0000000002430800 Uncommon trap: reason=unstable_if action=reinterpret pc=0x0000000002785130 method=java.util.BitSet.nextSetBit(I)I @ 87
Event: 1.470 Thread 0x0000000002430800 Uncommon trap: reason=unstable_if action=reinterpret pc=0x00000000027d1ff4 method=java.util.BitSet.ensureCapacity(I)V @ 6
Event: 1.525 Thread 0x000000001646e000 Uncommon trap: reason=class_check action=maybe_recompile pc=0x00000000027d2370 method=com.android.dx.ssa.NormalSsaInsn.accept(Lcom/android/dx/ssa/SsaInsn$Visitor;)V @ 9
Event: 1.525 Thread 0x000000001646e000 Uncommon trap: reason=class_check action=maybe_recompile pc=0x00000000027d2370 method=com.android.dx.ssa.NormalSsaInsn.accept(Lcom/android/dx/ssa/SsaInsn$Visitor;)V @ 9
Event: 1.525 Thread 0x000000001646e000 Uncommon trap: reason=class_check action=maybe_recompile pc=0x00000000027d2370 method=com.android.dx.ssa.NormalSsaInsn.accept(Lcom/android/dx/ssa/SsaInsn$Visitor;)V @ 9
Event: 1.525 Thread 0x000000001646e000 Uncommon trap: reason=class_check action=maybe_recompile pc=0x00000000027d2370 method=com.android.dx.ssa.NormalSsaInsn.accept(Lcom/android/dx/ssa/SsaInsn$Visitor;)V @ 9
Event: 1.679 Thread 0x0000000016544000 Uncommon trap: reason=null_check action=make_not_entrant pc=0x00000000028bc4a8 method=com.android.dx.rop.type.Type.equals(Ljava/lang/Object;)Z @ 8
Event: 1.823 Thread 0x0000000002430800 Uncommon trap: reason=class_check action=maybe_recompile pc=0x00000000028b4bec method=com.android.dx.ssa.NormalSsaInsn.accept(Lcom/android/dx/ssa/SsaInsn$Visitor;)V @ 9

Internal exceptions (3 events):
Event: 0.040 Thread 0x0000000002430800 Exception <a 'java/lang/NoSuchMethodError': Method sun.misc.Unsafe.defineClass(Ljava/lang/String;[BII)Ljava/lang/Class; name or signature does not match> (0x00000000eab07cc0) thrown at [C:\src\android\AOSP-openjdk\external\jetbrains\jdk\hotspot\src\share\vòšãŒE‡¤?
Event: 0.040 Thread 0x0000000002430800 Exception <a 'java/lang/NoSuchMethodError': Method sun.misc.Unsafe.prefetchRead(Ljava/lang/Object;J)V name or signature does not match> (0x00000000eab07fa8) thrown at [C:\src\android\AOSP-openjdk\external\jetbrains\jdk\hotspot\src\share\vm\prims\jni.cpp, lUæ&‘cÛú?
Event: 1.679 Thread 0x0000000016544000 Implicit null exception at 0x00000000028bc3a2 to 0x00000000028bc49a

Events (10 events):
Event: 1.679 Thread 0x0000000016544000 Uncommon trap: trap_request=0xfffffff4 fr.pc=0x00000000028bc4a8
Event: 1.679 Thread 0x0000000016544000 DEOPT PACKING pc=0x00000000028bc4a8 sp=0x0000000016fbe340
Event: 1.679 Thread 0x0000000016544000 DEOPT UNPACKING pc=0x000000000257556a sp=0x0000000016fbe2c8 mode 2
Event: 1.805 Executing VM operation: ForceSafepoint
Event: 1.806 Executing VM operation: ForceSafepoint done
Event: 1.823 Thread 0x0000000002430800 Uncommon trap: trap_request=0xffffffde fr.pc=0x00000000028b4bec
Event: 1.823 Thread 0x0000000002430800 DEOPT PACKING pc=0x00000000028b4bec sp=0x000000000205e540
Event: 1.823 Thread 0x0000000002430800 DEOPT UNPACKING pc=0x000000000257556a sp=0x000000000205e530 mode 2
Event: 1.895 loading class com/android/dx/cf/code/BytecodeArray$ConstantParserVisitor
Event: 1.895 loading class com/android/dx/cf/code/BytecodeArray$ConstantParserVisitor done


Dynamic libraries:
0x00007ff6beda0000 - 0x00007ff6bedd5000 	E:\Android\android-studio-ide-145.2915834-windows\jre\bin\java.exe
0x00007ffc71010000 - 0x00007ffc711d1000 	C:\Windows\SYSTEM32\ntdll.dll
0x00007ffc70e50000 - 0x00007ffc70efd000 	C:\Windows\system32\KERNEL32.DLL
0x00007ffc6da90000 - 0x00007ffc6dc78000 	C:\Windows\system32\KERNELBASE.dll
0x00007ffc6eb70000 - 0x00007ffc6ec17000 	C:\Windows\system32\ADVAPI32.dll
0x00007ffc70f00000 - 0x00007ffc70f9d000 	C:\Windows\system32\msvcrt.dll
0x00007ffc6eb10000 - 0x00007ffc6eb6b000 	C:\Windows\system32\sechost.dll
0x00007ffc6ec80000 - 0x00007ffc6ed9c000 	C:\Windows\system32\RPCRT4.dll
0x00007ffc6f0f0000 - 0x00007ffc6f246000 	C:\Windows\system32\USER32.dll
0x00007ffc70960000 - 0x00007ffc70ae6000 	C:\Windows\system32\GDI32.dll
0x00007ffc5ff30000 - 0x00007ffc601a4000 	C:\Windows\WinSxS\amd64_microsoft.windows.common-controls_6595b64144ccf1df_6.0.10586.0_none_8c15ae12515e1c22\COMCTL32.dll
0x00007ffc6eda0000 - 0x00007ffc6f01d000 	C:\Windows\system32\combase.dll
0x00007ffc6d9a0000 - 0x00007ffc6da0a000 	C:\Windows\system32\bcryptPrimitives.dll
0x00007ffc6ec20000 - 0x00007ffc6ec5b000 	C:\Windows\system32\IMM32.DLL
0x0000000075bc0000 - 0x0000000075c92000 	E:\Android\android-studio-ide-145.2915834-windows\jre\jre\bin\msvcr100.dll
0x0000000075ca0000 - 0x00000000764d4000 	E:\Android\android-studio-ide-145.2915834-windows\jre\jre\bin\server\jvm.dll
0x00007ffc70c70000 - 0x00007ffc70c78000 	C:\Windows\system32\PSAPI.DLL
0x00007ffc6bc20000 - 0x00007ffc6bc29000 	C:\Windows\SYSTEM32\WSOCK32.dll
0x00007ffc70af0000 - 0x00007ffc70b5b000 	C:\Windows\system32\WS2_32.dll
0x00007ffc6b5f0000 - 0x00007ffc6b613000 	C:\Windows\SYSTEM32\WINMM.dll
0x00007ffc62e40000 - 0x00007ffc62e4a000 	C:\Windows\SYSTEM32\VERSION.dll
0x00007ffc6b590000 - 0x00007ffc6b5bc000 	C:\Windows\SYSTEM32\WINMMBASE.dll
0x00007ffc6d780000 - 0x00007ffc6d7c3000 	C:\Windows\system32\cfgmgr32.dll
0x00007ffc6bc10000 - 0x00007ffc6bc1f000 	E:\Android\android-studio-ide-145.2915834-windows\jre\jre\bin\verify.dll
0x00007ffc68150000 - 0x00007ffc68179000 	E:\Android\android-studio-ide-145.2915834-windows\jre\jre\bin\java.dll
0x00007ffc6bbd0000 - 0x00007ffc6bbe6000 	E:\Android\android-studio-ide-145.2915834-windows\jre\jre\bin\zip.dll
0x00007ffc6f400000 - 0x00007ffc7095c000 	C:\Windows\system32\SHELL32.dll
0x00007ffc6ddc0000 - 0x00007ffc6e405000 	C:\Windows\system32\windows.storage.dll
0x00007ffc70c80000 - 0x00007ffc70cd2000 	C:\Windows\system32\shlwapi.dll
0x00007ffc6d660000 - 0x00007ffc6d66f000 	C:\Windows\system32\kernel.appcore.dll
0x00007ffc6d6c0000 - 0x00007ffc6d775000 	C:\Windows\system32\shcore.dll
0x00007ffc6d670000 - 0x00007ffc6d6bb000 	C:\Windows\system32\powrprof.dll
0x00007ffc6d630000 - 0x00007ffc6d644000 	C:\Windows\system32\profapi.dll

VM Arguments:
jvm_args: -Djava.awt.headless=true -Xmx1024M -Dfile.encoding=GBK -Duser.country=CN -Duser.language=zh -Duser.variant 
java_command: com.android.dx.command.Main --dex --num-threads=4 --output E:\Teapopo\app\build\intermediates\pre-dexed\debug\ShareSDK-Core-2.7.1_c724f22a79fb515842248cb067d367e61f2b10a2.jar E:\Teapopo\app\libs\ShareSDK-Core-2.7.1.jar
java_class_path (initial): C:\Users\lhq\AppData\Local\Android\sdk\build-tools\23.0.3\lib\dx.jar
Launcher Type: SUN_STANDARD

Environment Variables:
JAVA_HOME=C:\Program Files\Java\jdk1.8.0_91
PATH=C:\ProgramData\Oracle\Java\javapath;C:\Windows\system32;C:\Windows;C:\Windows\System32\Wbem;C:\Windows\System32\WindowsPowerShell\v1.0\;C:\Users\lhq\AppData\Local\Android\sdk\platform-tools;C:\Users\lhq\AppData\Local\Android\sdk\tools;C:\Program Files\Java\jdk1.8.0_91\bin;C:\Program Files\Java\jdk1.8.0_91\jre\bin
USERNAME=lhq
OS=Windows_NT
PROCESSOR_IDENTIFIER=Intel64 Family 6 Model 69 Stepping 1, GenuineIntel



---------------  S Y S T E M  ---------------

OS: Windows 10.0 , 64 bit Build 10586 (10.0.10586.0)

CPU:total 4 (2 cores per cpu, 2 threads per core) family 6 model 69 stepping 1, cmov, cx8, fxsr, mmx, sse, sse2, sse3, ssse3, sse4.1, sse4.2, popcnt, avx, avx2, aes, clmul, erms, lzcnt, ht, tsc, tscinvbit, bmi1, bmi2

Memory: 4k page, physical 8067548k(1019848k free), swap 8067548k(5440k free)

vm_info: OpenJDK 64-Bit Server VM (25.76-b01) for windows-amd64 JRE (1.8.0_76-release-b01), built on May 12 2016 23:29:00 by "ralucas" with MS VC++ 10.0 (VS2010)

time: Mon Jul 04 16:18:47 2016
elapsed time: 1 seconds (0d 0h 0m 1s)

