#
# There is insufficient memory for the Java Runtime Environment to continue.
# Native memory allocation (malloc) failed to allocate 992576 bytes for Chunk::new
# Possible reasons:
#   The system is out of physical RAM or swap space
#   In 32 bit mode, the process size limit was hit
# Possible solutions:
#   Reduce memory load on the system
#   Increase physical memory or swap space
#   Check if swap backing store is full
#   Use 64 bit Java on a 64 bit OS
#   Decrease Java heap size (-Xmx/-Xms)
#   Decrease number of Java threads
#   Decrease Java thread stack sizes (-Xss)
#   Set larger code cache with -XX:ReservedCodeCacheSize=
# This output file may be truncated or incomplete.
#
#  Out of Memory Error (allocation.cpp:390), pid=155928, tid=0x00000000000261a0
#
# JRE version: OpenJDK Runtime Environment (8.0_76-b01) (build 1.8.0_76-release-b01)
# Java VM: OpenJDK 64-Bit Server VM (25.76-b01 mixed mode windows-amd64 compressed oops)
# Failed to write core dump. Minidumps are not enabled by default on client versions of Windows
#

---------------  T H R E A D  ---------------

Current thread (0x0000000014c2a800):  JavaThread "C2 CompilerThread1" daemon [_thread_in_native, id=156064, stack(0x0000000016280000,0x0000000016380000)]

Stack: [0x0000000016280000,0x0000000016380000]
[error occurred during error reporting (printing stack bounds), id 0xc0000005]

Native frames: (J=compiled Java code, j=interpreted, Vv=VM code, C=native code)


Current CompileTask:
C2:   4245 1351   !   4       com.android.dx.cf.code.BytecodeArray::parseInstruction (2764 bytes)


---------------  P R O C E S S  ---------------

Java Threads: ( => current thread )
  0x000000001662e800 JavaThread "pool-1-thread-4" [_thread_in_Java, id=155756, stack(0x0000000016e80000,0x0000000016f80000)]
  0x000000001662d800 JavaThread "pool-1-thread-3" [_thread_in_Java, id=156264, stack(0x0000000016d80000,0x0000000016e80000)]
  0x0000000016660000 JavaThread "pool-1-thread-2" [_thread_in_Java, id=156220, stack(0x0000000016c80000,0x0000000016d80000)]
  0x000000001665f000 JavaThread "pool-2-thread-1" [_thread_blocked, id=156216, stack(0x0000000016b80000,0x0000000016c80000)]
  0x000000001665d000 JavaThread "pool-1-thread-1" [_thread_in_Java, id=156188, stack(0x0000000016a80000,0x0000000016b80000)]
  0x00000000163dc800 JavaThread "Service Thread" daemon [_thread_blocked, id=156380, stack(0x0000000016880000,0x0000000016980000)]
  0x00000000163d8000 JavaThread "C1 CompilerThread2" daemon [_thread_blocked, id=142140, stack(0x0000000016780000,0x0000000016880000)]
=>0x0000000014c2a800 JavaThread "C2 CompilerThread1" daemon [_thread_in_native, id=156064, stack(0x0000000016280000,0x0000000016380000)]
  0x0000000014bdd800 JavaThread "C2 CompilerThread0" daemon [_thread_in_native, id=156100, stack(0x0000000016180000,0x0000000016280000)]
  0x0000000014bdc000 JavaThread "Attach Listener" daemon [_thread_blocked, id=156268, stack(0x0000000016080000,0x0000000016180000)]
  0x0000000014bdb000 JavaThread "Signal Dispatcher" daemon [_thread_blocked, id=156104, stack(0x0000000015f80000,0x0000000016080000)]
  0x0000000014bb8000 JavaThread "Finalizer" daemon [_thread_blocked, id=155740, stack(0x0000000015e20000,0x0000000015f20000)]
  0x00000000024d0000 JavaThread "Reference Handler" daemon [_thread_blocked, id=154964, stack(0x0000000015d20000,0x0000000015e20000)]
  0x00000000023e0800 JavaThread "main" [_thread_in_Java, id=156148, stack(0x00000000022e0000,0x00000000023e0000)]

Other Threads:
  0x0000000014b95800 VMThread [stack: 0x0000000015c20000,0x0000000015d20000] [id=141880]
  0x00000000163de800 WatcherThread [stack: 0x0000000016980000,0x0000000016a80000] [id=156496]

VM state:not at safepoint (normal execution)

VM Mutex/Monitor currently owned by a thread: None

Heap:
 PSYoungGen      total 141824K, used 47703K [0x00000000eab00000, 0x00000000f4800000, 0x0000000100000000)
  eden space 124928K, 27% used [0x00000000eab00000,0x00000000eccc2f78,0x00000000f2500000)
  from space 16896K, 77% used [0x00000000f2500000,0x00000000f31d2f90,0x00000000f3580000)
  to   space 14848K, 0% used [0x00000000f3580000,0x00000000f3580000,0x00000000f4400000)
 ParOldGen       total 84992K, used 26715K [0x00000000c0000000, 0x00000000c5300000, 0x00000000eab00000)
  object space 84992K, 31% used [0x00000000c0000000,0x00000000c1a16de0,0x00000000c5300000)
 Metaspace       used 6429K, capacity 7218K, committed 7296K, reserved 1056768K
  class space    used 599K, capacity 618K, committed 640K, reserved 1048576K

Card table byte_map: [0x00000000118a0000,0x0000000011ab0000] byte_map_base: 0x00000000112a0000

Marking Bits: (ParMarkBitMap*) 0x000000005f499d00
 Begin Bits: [0x0000000012010000, 0x0000000013010000)
 End Bits:   [0x0000000013010000, 0x0000000014010000)

Polling page: 0x0000000000540000

CodeCache: size=245760Kb used=7329Kb max_used=7329Kb free=238430Kb
 bounds [0x00000000024e0000, 0x0000000002c10000, 0x00000000114e0000]
 total_blobs=2110 nmethods=1839 adapters=184
 compilation: enabled

Compilation events (10 events):
Event: 4.169 Thread 0x00000000163d8000 1886       2       com.android.dx.cf.direct.AnnotationParser::requireLength (22 bytes)
Event: 4.170 Thread 0x00000000163d8000 nmethod 1886 0x0000000002be8dd0 code [0x0000000002be8f40, 0x0000000002be9198]
Event: 4.178 Thread 0x00000000163d8000 1887       2       com.android.dx.ssa.SCCP::simulateBranch (666 bytes)
Event: 4.180 Thread 0x00000000163d8000 nmethod 1887 0x0000000002c091d0 code [0x0000000002c094e0, 0x0000000002c0a4b8]
Event: 4.219 Thread 0x00000000163d8000 1889       2       com.android.dx.cf.code.RopperMachine::jopToRopOpcode (1103 bytes)
Event: 4.221 Thread 0x00000000163d8000 nmethod 1889 0x0000000002c0bb50 code [0x0000000002c0bdc0, 0x0000000002c0cb98]
Event: 4.233 Thread 0x00000000163d8000 1893   !   2       com.android.dx.cf.code.ExecutionStack::change (116 bytes)
Event: 4.235 Thread 0x00000000163d8000 nmethod 1893 0x0000000002c0d250 code [0x0000000002c0d4e0, 0x0000000002c0df78]
Event: 4.236 Thread 0x00000000163d8000 1895       2       com.android.dx.rop.code.RegisterSpecList::indexOfRegister (38 bytes)
Event: 4.236 Thread 0x00000000163d8000 nmethod 1895 0x0000000002be8850 code [0x0000000002be89c0, 0x0000000002be8c28]

GC Heap History (10 events):
Event: 2.507 GC heap before
{Heap before GC invocations=3 (full 0):
 PSYoungGen      total 36864K, used 36834K [0x00000000eab00000, 0x00000000ef300000, 0x0000000100000000)
  eden space 31744K, 100% used [0x00000000eab00000,0x00000000eca00000,0x00000000eca00000)
  from space 5120K, 99% used [0x00000000ecf00000,0x00000000ed3f8ac0,0x00000000ed400000)
  to   space 5120K, 0% used [0x00000000eca00000,0x00000000eca00000,0x00000000ecf00000)
 ParOldGen       total 84992K, used 5849K [0x00000000c0000000, 0x00000000c5300000, 0x00000000eab00000)
  object space 84992K, 6% used [0x00000000c0000000,0x00000000c05b6430,0x00000000c5300000)
 Metaspace       used 6212K, capacity 7088K, committed 7296K, reserved 1056768K
  class space    used 580K, capacity 616K, committed 640K, reserved 1048576K
Event: 2.536 GC heap after
Heap after GC invocations=3 (full 0):
 PSYoungGen      total 36864K, used 5119K [0x00000000eab00000, 0x00000000ef300000, 0x0000000100000000)
  eden space 31744K, 0% used [0x00000000eab00000,0x00000000eab00000,0x00000000eca00000)
  from space 5120K, 99% used [0x00000000eca00000,0x00000000eceffca0,0x00000000ecf00000)
  to   space 5120K, 0% used [0x00000000eee00000,0x00000000eee00000,0x00000000ef300000)
 ParOldGen       total 84992K, used 10295K [0x00000000c0000000, 0x00000000c5300000, 0x00000000eab00000)
  object space 84992K, 12% used [0x00000000c0000000,0x00000000c0a0df20,0x00000000c5300000)
 Metaspace       used 6212K, capacity 7088K, committed 7296K, reserved 1056768K
  class space    used 580K, capacity 616K, committed 640K, reserved 1048576K
}
Event: 2.748 GC heap before
{Heap before GC invocations=4 (full 0):
 PSYoungGen      total 36864K, used 36863K [0x00000000eab00000, 0x00000000ef300000, 0x0000000100000000)
  eden space 31744K, 100% used [0x00000000eab00000,0x00000000eca00000,0x00000000eca00000)
  from space 5120K, 99% used [0x00000000eca00000,0x00000000eceffca0,0x00000000ecf00000)
  to   space 5120K, 0% used [0x00000000eee00000,0x00000000eee00000,0x00000000ef300000)
 ParOldGen       total 84992K, used 10295K [0x00000000c0000000, 0x00000000c5300000, 0x00000000eab00000)
  object space 84992K, 12% used [0x00000000c0000000,0x00000000c0a0df20,0x00000000c5300000)
 Metaspace       used 6250K, capacity 7152K, committed 7296K, reserved 1056768K
  class space    used 581K, capacity 616K, committed 640K, reserved 1048576K
Event: 2.781 GC heap after
Heap after GC invocations=4 (full 0):
 PSYoungGen      total 68608K, used 5113K [0x00000000eab00000, 0x00000000ef300000, 0x0000000100000000)
  eden space 63488K, 0% used [0x00000000eab00000,0x00000000eab00000,0x00000000ee900000)
  from space 5120K, 99% used [0x00000000eee00000,0x00000000ef2fe440,0x00000000ef300000)
  to   space 5120K, 0% used [0x00000000ee900000,0x00000000ee900000,0x00000000eee00000)
 ParOldGen       total 84992K, used 15346K [0x00000000c0000000, 0x00000000c5300000, 0x00000000eab00000)
  object space 84992K, 18% used [0x00000000c0000000,0x00000000c0efca58,0x00000000c5300000)
 Metaspace       used 6250K, capacity 7152K, committed 7296K, reserved 1056768K
  class space    used 581K, capacity 616K, committed 640K, reserved 1048576K
}
Event: 3.212 GC heap before
{Heap before GC invocations=5 (full 0):
 PSYoungGen      total 68608K, used 68601K [0x00000000eab00000, 0x00000000ef300000, 0x0000000100000000)
  eden space 63488K, 100% used [0x00000000eab00000,0x00000000ee900000,0x00000000ee900000)
  from space 5120K, 99% used [0x00000000eee00000,0x00000000ef2fe440,0x00000000ef300000)
  to   space 5120K, 0% used [0x00000000ee900000,0x00000000ee900000,0x00000000eee00000)
 ParOldGen       total 84992K, used 15346K [0x00000000c0000000, 0x00000000c5300000, 0x00000000eab00000)
  object space 84992K, 18% used [0x00000000c0000000,0x00000000c0efca58,0x00000000c5300000)
 Metaspace       used 6368K, capacity 7154K, committed 7296K, reserved 1056768K
  class space    used 599K, capacity 618K, committed 640K, reserved 1048576K
Event: 3.242 GC heap after
Heap after GC invocations=5 (full 0):
 PSYoungGen      total 68608K, used 5101K [0x00000000eab00000, 0x00000000f4400000, 0x0000000100000000)
  eden space 63488K, 0% used [0x00000000eab00000,0x00000000eab00000,0x00000000ee900000)
  from space 5120K, 99% used [0x00000000ee900000,0x00000000eedfb580,0x00000000eee00000)
  to   space 14848K, 0% used [0x00000000f3580000,0x00000000f3580000,0x00000000f4400000)
 ParOldGen       total 84992K, used 23791K [0x00000000c0000000, 0x00000000c5300000, 0x00000000eab00000)
  object space 84992K, 27% used [0x00000000c0000000,0x00000000c173bfd8,0x00000000c5300000)
 Metaspace       used 6368K, capacity 7154K, committed 7296K, reserved 1056768K
  class space    used 599K, capacity 618K, committed 640K, reserved 1048576K
}
Event: 3.810 GC heap before
{Heap before GC invocations=6 (full 0):
 PSYoungGen      total 68608K, used 68589K [0x00000000eab00000, 0x00000000f4400000, 0x0000000100000000)
  eden space 63488K, 100% used [0x00000000eab00000,0x00000000ee900000,0x00000000ee900000)
  from space 5120K, 99% used [0x00000000ee900000,0x00000000eedfb580,0x00000000eee00000)
  to   space 14848K, 0% used [0x00000000f3580000,0x00000000f3580000,0x00000000f4400000)
 ParOldGen       total 84992K, used 24027K [0x00000000c0000000, 0x00000000c5300000, 0x00000000eab00000)
  object space 84992K, 28% used [0x00000000c0000000,0x00000000c1776ee8,0x00000000c5300000)
 Metaspace       used 6418K, capacity 7154K, committed 7296K, reserved 1056768K
  class space    used 599K, capacity 618K, committed 640K, reserved 1048576K
Event: 3.844 GC heap after
Heap after GC invocations=6 (full 0):
 PSYoungGen      total 139776K, used 14816K [0x00000000eab00000, 0x00000000f4800000, 0x0000000100000000)
  eden space 124928K, 0% used [0x00000000eab00000,0x00000000eab00000,0x00000000f2500000)
  from space 14848K, 99% used [0x00000000f3580000,0x00000000f43f8088,0x00000000f4400000)
  to   space 16896K, 0% used [0x00000000f2500000,0x00000000f2500000,0x00000000f3580000)
 ParOldGen       total 84992K, used 24569K [0x00000000c0000000, 0x00000000c5300000, 0x00000000eab00000)
  object space 84992K, 28% used [0x00000000c0000000,0x00000000c17fe5e8,0x00000000c5300000)
 Metaspace       used 6418K, capacity 7154K, committed 7296K, reserved 1056768K
  class space    used 599K, capacity 618K, committed 640K, reserved 1048576K
}
Event: 4.054 GC heap before
{Heap before GC invocations=7 (full 0):
 PSYoungGen      total 139776K, used 20019K [0x00000000eab00000, 0x00000000f4800000, 0x0000000100000000)
  eden space 124928K, 4% used [0x00000000eab00000,0x00000000eb014db8,0x00000000f2500000)
  from space 14848K, 99% used [0x00000000f3580000,0x00000000f43f8088,0x00000000f4400000)
  to   space 16896K, 0% used [0x00000000f2500000,0x00000000f2500000,0x00000000f3580000)
 ParOldGen       total 84992K, used 24569K [0x00000000c0000000, 0x00000000c5300000, 0x00000000eab00000)
  object space 84992K, 28% used [0x00000000c0000000,0x00000000c17fe5e8,0x00000000c5300000)
 Metaspace       used 6419K, capacity 7154K, committed 7296K, reserved 1056768K
  class space    used 599K, capacity 618K, committed 640K, reserved 1048576K
Event: 4.092 GC heap after
Heap after GC invocations=7 (full 0):
 PSYoungGen      total 141824K, used 13131K [0x00000000eab00000, 0x00000000f4800000, 0x0000000100000000)
  eden space 124928K, 0% used [0x00000000eab00000,0x00000000eab00000,0x00000000f2500000)
  from space 16896K, 77% used [0x00000000f2500000,0x00000000f31d2f90,0x00000000f3580000)
  to   space 14848K, 0% used [0x00000000f3580000,0x00000000f3580000,0x00000000f4400000)
 ParOldGen       total 84992K, used 26715K [0x00000000c0000000, 0x00000000c5300000, 0x00000000eab00000)
  object space 84992K, 31% used [0x00000000c0000000,0x00000000c1a16de0,0x00000000c5300000)
 Metaspace       used 6419K, capacity 7154K, committed 7296K, reserved 1056768K
  class space    used 599K, capacity 618K, committed 640K, reserved 1048576K
}

Deoptimization events (10 events):
Event: 3.021 Thread 0x000000001662e800 Uncommon trap: reason=unstable_if action=reinterpret pc=0x0000000002826644 method=java.util.HashMap.putVal(ILjava/lang/Object;Ljava/lang/Object;ZZ)Ljava/lang/Object; @ 162
Event: 3.025 Thread 0x000000001662e800 Uncommon trap: reason=unstable_if action=reinterpret pc=0x0000000002711610 method=java.util.HashMap.getNode(ILjava/lang/Object;)Ljava/util/HashMap$Node; @ 84
Event: 3.026 Thread 0x000000001662e800 Uncommon trap: reason=unstable_if action=reinterpret pc=0x0000000002700b94 method=java.util.HashMap.getNode(ILjava/lang/Object;)Ljava/util/HashMap$Node; @ 84
Event: 3.026 Thread 0x000000001662e800 Uncommon trap: reason=unstable_if action=reinterpret pc=0x0000000002a0a3dc method=java.util.HashMap.putVal(ILjava/lang/Object;Ljava/lang/Object;ZZ)Ljava/lang/Object; @ 109
Event: 3.077 Thread 0x0000000016660000 Uncommon trap: reason=bimorphic action=maybe_recompile pc=0x0000000002b439c8 method=com.android.dx.rop.code.RegisterSpec.withSimpleType()Lcom/android/dx/rop/code/RegisterSpec; @ 21
Event: 3.116 Thread 0x000000001665d000 Uncommon trap: reason=bimorphic action=maybe_recompile pc=0x0000000002b439c8 method=com.android.dx.rop.code.RegisterSpec.withSimpleType()Lcom/android/dx/rop/code/RegisterSpec; @ 21
Event: 3.662 Thread 0x000000001665d000 Uncommon trap: reason=bimorphic action=maybe_recompile pc=0x0000000002b439c8 method=com.android.dx.rop.code.RegisterSpec.withSimpleType()Lcom/android/dx/rop/code/RegisterSpec; @ 21
Event: 4.098 Thread 0x000000001665d000 Uncommon trap: reason=bimorphic action=maybe_recompile pc=0x0000000002b439c8 method=com.android.dx.rop.code.RegisterSpec.withSimpleType()Lcom/android/dx/rop/code/RegisterSpec; @ 21
Event: 4.177 Thread 0x000000001662e800 Uncommon trap: reason=unstable_if action=reinterpret pc=0x0000000002acdff4 method=com.android.dx.ssa.SCCP.simulateBranch(Lcom/android/dx/ssa/SsaInsn;)V @ 548
Event: 4.218 Thread 0x000000001662d800 Uncommon trap: reason=unstable_if action=reinterpret pc=0x0000000002bc8344 method=com.android.dx.rop.cst.CstNat.equals(Ljava/lang/Object;)Z @ 25

Internal exceptions (5 events):
Event: 0.231 Thread 0x00000000023e0800 Exception <a 'java/lang/NoSuchMethodError': Method sun.misc.Unsafe.defineClass(Ljava/lang/String;[BII)Ljava/lang/Class; name or signature does not match> (0x00000000eab07cc0) thrown at [C:\src\android\AOSP-openjdk\external\jetbrains\jdk\hotspot\src\share\vÍ6o-–Í?
Event: 0.231 Thread 0x00000000023e0800 Exception <a 'java/lang/NoSuchMethodError': Method sun.misc.Unsafe.prefetchRead(Ljava/lang/Object;J)V name or signature does not match> (0x00000000eab07fa8) thrown at [C:\src\android\AOSP-openjdk\external\jetbrains\jdk\hotspot\src\share\vm\prims\jni.cpp, lâiF.@
Event: 3.023 Thread 0x000000001662e800 Exception <a 'java/lang/ArrayIndexOutOfBoundsException': 18> (0x00000000ed1158c8) thrown at [C:\src\android\AOSP-openjdk\external\jetbrains\jdk\hotspot\src\share\vm\interpreter\interpreterRuntime.cpp, line 366]
Event: 3.023 Thread 0x000000001662e800 Exception <a 'java/lang/ArrayIndexOutOfBoundsException': 145> (0x00000000ed117448) thrown at [C:\src\android\AOSP-openjdk\external\jetbrains\jdk\hotspot\src\share\vm\interpreter\interpreterRuntime.cpp, line 366]
Event: 3.024 Thread 0x000000001662e800 Exception <a 'java/lang/ArrayIndexOutOfBoundsException'> (0x00000000ed118730) thrown at [C:\src\android\AOSP-openjdk\external\jetbrains\jdk\hotspot\src\share\vm\runtime\sharedRuntime.cpp, line 605]

Events (10 events):
Event: 4.094 Thread 0x00000000023e0800 DEOPT UNPACKING pc=0x00000000025275bf sp=0x00000000023deae0 mode 0
Event: 4.098 Thread 0x000000001665d000 Uncommon trap: trap_request=0xffffffc6 fr.pc=0x0000000002b439c8
Event: 4.098 Thread 0x000000001665d000 DEOPT PACKING pc=0x0000000002b439c8 sp=0x0000000016b7e690
Event: 4.098 Thread 0x000000001665d000 DEOPT UNPACKING pc=0x000000000252556a sp=0x0000000016b7e628 mode 2
Event: 4.177 Thread 0x000000001662e800 Uncommon trap: trap_request=0xffffff65 fr.pc=0x0000000002acdff4
Event: 4.177 Thread 0x000000001662e800 DEOPT PACKING pc=0x0000000002acdff4 sp=0x0000000016f7eb50
Event: 4.177 Thread 0x000000001662e800 DEOPT UNPACKING pc=0x000000000252556a sp=0x0000000016f7eb28 mode 2
Event: 4.218 Thread 0x000000001662d800 Uncommon trap: trap_request=0xffffff65 fr.pc=0x0000000002bc8344
Event: 4.218 Thread 0x000000001662d800 DEOPT PACKING pc=0x0000000002bc8344 sp=0x0000000016e7e710
Event: 4.218 Thread 0x000000001662d800 DEOPT UNPACKING pc=0x000000000252556a sp=0x0000000016e7e630 mode 2


Dynamic libraries:
0x00007ff75f820000 - 0x00007ff75f855000 	E:\Android\android-studio-ide-145.2915834-windows\jre\bin\java.exe
0x00007ffecf410000 - 0x00007ffecf5d1000 	C:\Windows\SYSTEM32\ntdll.dll
0x00007ffecef70000 - 0x00007ffecf01d000 	C:\Windows\system32\KERNEL32.DLL
0x00007ffecc330000 - 0x00007ffecc518000 	C:\Windows\system32\KERNELBASE.dll
0x00007ffecc9e0000 - 0x00007ffecca87000 	C:\Windows\system32\ADVAPI32.dll
0x00007ffece4c0000 - 0x00007ffece55d000 	C:\Windows\system32\msvcrt.dll
0x00007ffeccd10000 - 0x00007ffeccd6b000 	C:\Windows\system32\sechost.dll
0x00007ffece730000 - 0x00007ffece84c000 	C:\Windows\system32\RPCRT4.dll
0x00007ffece920000 - 0x00007ffecea76000 	C:\Windows\system32\USER32.dll
0x00007ffeccd90000 - 0x00007ffeccf16000 	C:\Windows\system32\GDI32.dll
0x00007ffebe600000 - 0x00007ffebe874000 	C:\Windows\WinSxS\amd64_microsoft.windows.common-controls_6595b64144ccf1df_6.0.10586.0_none_8c15ae12515e1c22\COMCTL32.dll
0x00007ffecca90000 - 0x00007ffeccd0d000 	C:\Windows\system32\combase.dll
0x00007ffecc520000 - 0x00007ffecc58a000 	C:\Windows\system32\bcryptPrimitives.dll
0x00007ffeccf20000 - 0x00007ffeccf5b000 	C:\Windows\system32\IMM32.DLL
0x000000005fdc0000 - 0x000000005fe92000 	E:\Android\android-studio-ide-145.2915834-windows\jre\jre\bin\msvcr100.dll
0x000000005ece0000 - 0x000000005f514000 	E:\Android\android-studio-ide-145.2915834-windows\jre\jre\bin\server\jvm.dll
0x00007ffecf1d0000 - 0x00007ffecf1d8000 	C:\Windows\system32\PSAPI.DLL
0x00007ffeca010000 - 0x00007ffeca019000 	C:\Windows\SYSTEM32\WSOCK32.dll
0x00007ffece560000 - 0x00007ffece5cb000 	C:\Windows\system32\WS2_32.dll
0x00007ffec9d40000 - 0x00007ffec9d63000 	C:\Windows\SYSTEM32\WINMM.dll
0x00007ffec1700000 - 0x00007ffec170a000 	C:\Windows\SYSTEM32\VERSION.dll
0x00007ffec9bf0000 - 0x00007ffec9c1c000 	C:\Windows\SYSTEM32\WINMMBASE.dll
0x00007ffecbbd0000 - 0x00007ffecbc13000 	C:\Windows\system32\cfgmgr32.dll
0x00007ffec91e0000 - 0x00007ffec91ef000 	E:\Android\android-studio-ide-145.2915834-windows\jre\jre\bin\verify.dll
0x00007ffec8e30000 - 0x00007ffec8e59000 	E:\Android\android-studio-ide-145.2915834-windows\jre\jre\bin\java.dll
0x00007ffec8e10000 - 0x00007ffec8e26000 	E:\Android\android-studio-ide-145.2915834-windows\jre\jre\bin\zip.dll
0x00007ffeccf60000 - 0x00007ffece4bc000 	C:\Windows\system32\SHELL32.dll
0x00007ffecbce0000 - 0x00007ffecc325000 	C:\Windows\system32\windows.storage.dll
0x00007ffecea80000 - 0x00007ffecead2000 	C:\Windows\system32\shlwapi.dll
0x00007ffecba90000 - 0x00007ffecba9f000 	C:\Windows\system32\kernel.appcore.dll
0x00007ffecbc20000 - 0x00007ffecbcd5000 	C:\Windows\system32\shcore.dll
0x00007ffecba30000 - 0x00007ffecba7b000 	C:\Windows\system32\powrprof.dll
0x00007ffecbaa0000 - 0x00007ffecbab4000 	C:\Windows\system32\profapi.dll

VM Arguments:
jvm_args: -Djava.awt.headless=true -Xmx1024M -Dfile.encoding=GBK -Duser.country=CN -Duser.language=zh -Duser.variant 
java_command: com.android.dx.command.Main --dex --num-threads=4 --output E:\Teapopo\app\build\intermediates\pre-dexed\debug\com.android.support-appcompat-v7-23.3.0_0577a956f0dc997cf924cae441f21e793614ef30.jar E:\Teapopo\app\build\intermediates\exploded-aar\com.android.support\appcompat-v7\23.3.0\jars\classes.jar
java_class_path (initial): C:\Users\lhq\AppData\Local\Android\sdk\build-tools\23.0.3\lib\dx.jar
Launcher Type: SUN_STANDARD

Environment Variables:
JAVA_HOME=C:\Program Files\Java\jdk1.8.0_91
PATH=C:\ProgramData\Oracle\Java\javapath;C:\Windows\system32;C:\Windows;C:\Windows\System32\Wbem;C:\Windows\System32\WindowsPowerShell\v1.0\;C:\Users\lhq\AppData\Local\Android\sdk\platform-tools;C:\Users\lhq\AppData\Local\Android\sdk\tools;C:\Program Files\Java\jdk1.8.0_91\bin;C:\Program Files\Java\jdk1.8.0_91\jre\bin
USERNAME=lhq
OS=Windows_NT
PROCESSOR_IDENTIFIER=Intel64 Family 6 Model 69 Stepping 1, GenuineIntel



---------------  S Y S T E M  ---------------

OS: Windows 10.0 , 64 bit Build 10586 (10.0.10586.0)

CPU:total 4 (2 cores per cpu, 2 threads per core) family 6 model 69 stepping 1, cmov, cx8, fxsr, mmx, sse, sse2, sse3, ssse3, sse4.1, sse4.2, popcnt, avx, avx2, aes, clmul, erms, lzcnt, ht, tsc, tscinvbit, bmi1, bmi2

Memory: 4k page, physical 8067548k(1295356k free), swap 8067548k(5908k free)

vm_info: OpenJDK 64-Bit Server VM (25.76-b01) for windows-amd64 JRE (1.8.0_76-release-b01), built on May 12 2016 23:29:00 by "ralucas" with MS VC++ 10.0 (VS2010)

time: Fri Jul 08 11:33:12 2016
elapsed time: 4 seconds (0d 0h 0m 4s)

