#
# There is insufficient memory for the Java Runtime Environment to continue.
# Native memory allocation (malloc) failed to allocate 35120 bytes for Chunk::new
# Possible reasons:
#   The system is out of physical RAM or swap space
#   In 32 bit mode, the process size limit was hit
# Possible solutions:
#   Reduce memory load on the system
#   Increase physical memory or swap space
#   Check if swap backing store is full
#   Use 64 bit Java on a 64 bit OS
#   Decrease Java heap size (-Xmx/-Xms)
#   Decrease number of Java threads
#   Decrease Java thread stack sizes (-Xss)
#   Set larger code cache with -XX:ReservedCodeCacheSize=
# This output file may be truncated or incomplete.
#
#  Out of Memory Error (allocation.cpp:390), pid=156036, tid=0x00000000000260e4
#
# JRE version: OpenJDK Runtime Environment (8.0_76-b01) (build 1.8.0_76-release-b01)
# Java VM: OpenJDK 64-Bit Server VM (25.76-b01 mixed mode windows-amd64 compressed oops)
# Failed to write core dump. Minidumps are not enabled by default on client versions of Windows
#

---------------  T H R E A D  ---------------

Current thread (0x0000000014cfa800):  JavaThread "C2 CompilerThread1" daemon [_thread_in_native, id=155876, stack(0x00000000162f0000,0x00000000163f0000)]

Stack: [0x00000000162f0000,0x00000000163f0000]
[error occurred during error reporting (printing stack bounds), id 0xc0000005]

Native frames: (J=compiled Java code, j=interpreted, Vv=VM code, C=native code)


Current CompileTask:
C2:   1646 1026       4       com.android.dx.ssa.SCCP::simulatePhi (169 bytes)


---------------  P R O C E S S  ---------------

Java Threads: ( => current thread )
  0x0000000016632800 JavaThread "pool-1-thread-2" [_thread_in_Java, id=155716, stack(0x0000000016cf0000,0x0000000016df0000)]
  0x000000001662c000 JavaThread "pool-2-thread-1" [_thread_blocked, id=131304, stack(0x0000000016bf0000,0x0000000016cf0000)]
  0x000000001662b000 JavaThread "pool-1-thread-1" [_thread_in_Java, id=154828, stack(0x0000000016af0000,0x0000000016bf0000)]
  0x000000001644e800 JavaThread "Service Thread" daemon [_thread_blocked, id=141340, stack(0x00000000168f0000,0x00000000169f0000)]
  0x0000000016448000 JavaThread "C1 CompilerThread2" daemon [_thread_in_native, id=156000, stack(0x00000000167f0000,0x00000000168f0000)]
=>0x0000000014cfa800 JavaThread "C2 CompilerThread1" daemon [_thread_in_native, id=155876, stack(0x00000000162f0000,0x00000000163f0000)]
  0x0000000014cad800 JavaThread "C2 CompilerThread0" daemon [_thread_in_native, id=156252, stack(0x00000000161f0000,0x00000000162f0000)]
  0x0000000014cac000 JavaThread "Attach Listener" daemon [_thread_blocked, id=154848, stack(0x00000000160f0000,0x00000000161f0000)]
  0x0000000014cab000 JavaThread "Signal Dispatcher" daemon [_thread_blocked, id=156648, stack(0x0000000015ff0000,0x00000000160f0000)]
  0x0000000014c88000 JavaThread "Finalizer" daemon [_thread_blocked, id=156004, stack(0x0000000015ef0000,0x0000000015ff0000)]
  0x00000000025c0000 JavaThread "Reference Handler" daemon [_thread_blocked, id=155940, stack(0x0000000015df0000,0x0000000015ef0000)]
  0x00000000024d0800 JavaThread "main" [_thread_blocked, id=155768, stack(0x0000000002350000,0x0000000002450000)]

Other Threads:
  0x0000000014c65800 VMThread [stack: 0x0000000015cf0000,0x0000000015df0000] [id=142412]
  0x0000000016451800 WatcherThread [stack: 0x00000000169f0000,0x0000000016af0000] [id=156564]

VM state:not at safepoint (normal execution)

VM Mutex/Monitor currently owned by a thread: None

Heap:
 PSYoungGen      total 36864K, used 24403K [0x00000000eab00000, 0x00000000ed400000, 0x0000000100000000)
  eden space 31744K, 76% used [0x00000000eab00000,0x00000000ec2d4f70,0x00000000eca00000)
  from space 5120K, 0% used [0x00000000ecf00000,0x00000000ecf00000,0x00000000ed400000)
  to   space 5120K, 0% used [0x00000000eca00000,0x00000000eca00000,0x00000000ecf00000)
 ParOldGen       total 84992K, used 0K [0x00000000c0000000, 0x00000000c5300000, 0x00000000eab00000)
  object space 84992K, 0% used [0x00000000c0000000,0x00000000c0000000,0x00000000c5300000)
 Metaspace       used 5818K, capacity 6832K, committed 7040K, reserved 1056768K
  class space    used 574K, capacity 616K, committed 640K, reserved 1048576K

Card table byte_map: [0x0000000011990000,0x0000000011ba0000] byte_map_base: 0x0000000011390000

Marking Bits: (ParMarkBitMap*) 0x000000005f499d00
 Begin Bits: [0x0000000012100000, 0x0000000013100000)
 End Bits:   [0x0000000013100000, 0x0000000014100000)

Polling page: 0x0000000000720000

CodeCache: size=245760Kb used=4161Kb max_used=4169Kb free=241598Kb
 bounds [0x00000000025d0000, 0x00000000029f0000, 0x00000000115d0000]
 total_blobs=1302 nmethods=1032 adapters=184
 compilation: enabled

Compilation events (10 events):
Event: 1.606 Thread 0x0000000016448000 1030       3       com.android.dx.rop.cst.CstLiteral64::equals (36 bytes)
Event: 1.607 Thread 0x0000000016448000 nmethod 1030 0x00000000029e2dd0 code [0x00000000029e2f40, 0x00000000029e33b0]
Event: 1.620 Thread 0x0000000014cad800 nmethod 1022 0x00000000029e51d0 code [0x00000000029e5380, 0x00000000029e5d18]
Event: 1.620 Thread 0x0000000014cad800 1027       4       java.util.Collections$UnmodifiableCollection$1::next (10 bytes)
Event: 1.622 Thread 0x0000000014cad800 nmethod 1027 0x00000000029e1410 code [0x00000000029e1560, 0x00000000029e16b8]
Event: 1.622 Thread 0x0000000014cad800 1024       4       com.android.dx.ssa.SsaMethod$1::visitNonMoveInsn (26 bytes)
Event: 1.624 Thread 0x0000000014cad800 nmethod 1024 0x00000000029dc010 code [0x00000000029dc160, 0x00000000029dc258]
Event: 1.641 Thread 0x0000000014cad800 1031       4       com.android.dx.ssa.SCCP::addBlockToWorklist (47 bytes)
Event: 1.641 Thread 0x0000000016448000 1032       3       com.android.dx.rop.cst.TypedConstant::getBasicType (8 bytes)
Event: 1.641 Thread 0x0000000016448000 nmethod 1032 0x00000000029dbb50 code [0x00000000029dbcc0, 0x00000000029dbf68]

GC Heap History (0 events):
No events

Deoptimization events (5 events):
Event: 1.086 Thread 0x0000000016636800 Uncommon trap: reason=unstable_if action=reinterpret pc=0x00000000027b3c64 method=java.util.HashMap.getNode(ILjava/lang/Object;)Ljava/util/HashMap$Node; @ 129
Event: 1.191 Thread 0x0000000016637800 Uncommon trap: reason=unstable_if action=reinterpret pc=0x0000000002817534 method=java.util.BitSet.ensureCapacity(I)V @ 6
Event: 1.209 Thread 0x0000000016636800 Uncommon trap: reason=class_check action=maybe_recompile pc=0x0000000002831470 method=com.android.dx.ssa.NormalSsaInsn.accept(Lcom/android/dx/ssa/SsaInsn$Visitor;)V @ 9
Event: 1.209 Thread 0x0000000016636800 Uncommon trap: reason=class_check action=maybe_recompile pc=0x0000000002831470 method=com.android.dx.ssa.NormalSsaInsn.accept(Lcom/android/dx/ssa/SsaInsn$Visitor;)V @ 9
Event: 1.587 Thread 0x000000001662b000 Uncommon trap: reason=unloaded action=reinterpret pc=0x000000000290477c method=com.android.dx.ssa.SsaRenamer$BlockRenamer.visitMoveInsn(Lcom/android/dx/ssa/NormalSsaInsn;)V @ 208

Internal exceptions (2 events):
Event: 0.088 Thread 0x00000000024d0800 Exception <a 'java/lang/NoSuchMethodError': Method sun.misc.Unsafe.defineClass(Ljava/lang/String;[BII)Ljava/lang/Class; name or signature does not match> (0x00000000eab07cc0) thrown at [C:\src\android\AOSP-openjdk\external\jetbrains\jdk\hotspot\src\share\vãœlKïz¶?
Event: 0.088 Thread 0x00000000024d0800 Exception <a 'java/lang/NoSuchMethodError': Method sun.misc.Unsafe.prefetchRead(Ljava/lang/Object;J)V name or signature does not match> (0x00000000eab07fa8) thrown at [C:\src\android\AOSP-openjdk\external\jetbrains\jdk\hotspot\src\share\vm\prims\jni.cpp, l

Events (10 events):
Event: 1.435 Thread 0x000000001662b000 DEOPT UNPACKING pc=0x00000000026175bf sp=0x0000000016bee848 mode 0
Event: 1.437 Thread 0x000000001662b000 DEOPT PACKING pc=0x000000000283f382 sp=0x0000000016beead0
Event: 1.437 Thread 0x000000001662b000 DEOPT UNPACKING pc=0x00000000026175bf sp=0x0000000016bee848 mode 0
Event: 1.508 Thread 0x0000000016636800 DEOPT PACKING pc=0x00000000028c38ba sp=0x0000000016eee710
Event: 1.508 Thread 0x0000000016636800 DEOPT UNPACKING pc=0x00000000026175bf sp=0x0000000016eee478 mode 0
Event: 1.553 Thread 0x0000000016636800 Thread exited: 0x0000000016636800
Event: 1.558 Thread 0x0000000016637800 Thread exited: 0x0000000016637800
Event: 1.587 Thread 0x000000001662b000 Uncommon trap: trap_request=0x00000034 fr.pc=0x000000000290477c
Event: 1.587 Thread 0x000000001662b000 DEOPT PACKING pc=0x000000000290477c sp=0x0000000016bee940
Event: 1.587 Thread 0x000000001662b000 DEOPT UNPACKING pc=0x000000000261556a sp=0x0000000016bee870 mode 2


Dynamic libraries:
0x00007ff75f820000 - 0x00007ff75f855000 	E:\Android\android-studio-ide-145.2915834-windows\jre\bin\java.exe
0x00007ffecf410000 - 0x00007ffecf5d1000 	C:\Windows\SYSTEM32\ntdll.dll
0x00007ffecef70000 - 0x00007ffecf01d000 	C:\Windows\system32\KERNEL32.DLL
0x00007ffecc330000 - 0x00007ffecc518000 	C:\Windows\system32\KERNELBASE.dll
0x00007ffecc9e0000 - 0x00007ffecca87000 	C:\Windows\system32\ADVAPI32.dll
0x00007ffece4c0000 - 0x00007ffece55d000 	C:\Windows\system32\msvcrt.dll
0x00007ffeccd10000 - 0x00007ffeccd6b000 	C:\Windows\system32\sechost.dll
0x00007ffece730000 - 0x00007ffece84c000 	C:\Windows\system32\RPCRT4.dll
0x00007ffece920000 - 0x00007ffecea76000 	C:\Windows\system32\USER32.dll
0x00007ffeccd90000 - 0x00007ffeccf16000 	C:\Windows\system32\GDI32.dll
0x00007ffebe600000 - 0x00007ffebe874000 	C:\Windows\WinSxS\amd64_microsoft.windows.common-controls_6595b64144ccf1df_6.0.10586.0_none_8c15ae12515e1c22\COMCTL32.dll
0x00007ffecca90000 - 0x00007ffeccd0d000 	C:\Windows\system32\combase.dll
0x00007ffecc520000 - 0x00007ffecc58a000 	C:\Windows\system32\bcryptPrimitives.dll
0x00007ffeccf20000 - 0x00007ffeccf5b000 	C:\Windows\system32\IMM32.DLL
0x000000005fdc0000 - 0x000000005fe92000 	E:\Android\android-studio-ide-145.2915834-windows\jre\jre\bin\msvcr100.dll
0x000000005ece0000 - 0x000000005f514000 	E:\Android\android-studio-ide-145.2915834-windows\jre\jre\bin\server\jvm.dll
0x00007ffecf1d0000 - 0x00007ffecf1d8000 	C:\Windows\system32\PSAPI.DLL
0x00007ffeca010000 - 0x00007ffeca019000 	C:\Windows\SYSTEM32\WSOCK32.dll
0x00007ffece560000 - 0x00007ffece5cb000 	C:\Windows\system32\WS2_32.dll
0x00007ffec9d40000 - 0x00007ffec9d63000 	C:\Windows\SYSTEM32\WINMM.dll
0x00007ffec1700000 - 0x00007ffec170a000 	C:\Windows\SYSTEM32\VERSION.dll
0x00007ffec9bf0000 - 0x00007ffec9c1c000 	C:\Windows\SYSTEM32\WINMMBASE.dll
0x00007ffecbbd0000 - 0x00007ffecbc13000 	C:\Windows\system32\cfgmgr32.dll
0x00007ffec91e0000 - 0x00007ffec91ef000 	E:\Android\android-studio-ide-145.2915834-windows\jre\jre\bin\verify.dll
0x00007ffec8e30000 - 0x00007ffec8e59000 	E:\Android\android-studio-ide-145.2915834-windows\jre\jre\bin\java.dll
0x00007ffec8e10000 - 0x00007ffec8e26000 	E:\Android\android-studio-ide-145.2915834-windows\jre\jre\bin\zip.dll
0x00007ffeccf60000 - 0x00007ffece4bc000 	C:\Windows\system32\SHELL32.dll
0x00007ffecbce0000 - 0x00007ffecc325000 	C:\Windows\system32\windows.storage.dll
0x00007ffecea80000 - 0x00007ffecead2000 	C:\Windows\system32\shlwapi.dll
0x00007ffecba90000 - 0x00007ffecba9f000 	C:\Windows\system32\kernel.appcore.dll
0x00007ffecbc20000 - 0x00007ffecbcd5000 	C:\Windows\system32\shcore.dll
0x00007ffecba30000 - 0x00007ffecba7b000 	C:\Windows\system32\powrprof.dll
0x00007ffecbaa0000 - 0x00007ffecbab4000 	C:\Windows\system32\profapi.dll

VM Arguments:
jvm_args: -Djava.awt.headless=true -Xmx1024M -Dfile.encoding=GBK -Duser.country=CN -Duser.language=zh -Duser.variant 
java_command: com.android.dx.command.Main --dex --num-threads=4 --output E:\Teapopo\app\build\intermediates\pre-dexed\debug\ShareSDK-Renren-2.7.1_0d49c040db188ef6d52953d18f3f43ecc41ef7e4.jar E:\Teapopo\app\libs\ShareSDK-Renren-2.7.1.jar
java_class_path (initial): C:\Users\lhq\AppData\Local\Android\sdk\build-tools\23.0.3\lib\dx.jar
Launcher Type: SUN_STANDARD

Environment Variables:
JAVA_HOME=C:\Program Files\Java\jdk1.8.0_91
PATH=C:\ProgramData\Oracle\Java\javapath;C:\Windows\system32;C:\Windows;C:\Windows\System32\Wbem;C:\Windows\System32\WindowsPowerShell\v1.0\;C:\Users\lhq\AppData\Local\Android\sdk\platform-tools;C:\Users\lhq\AppData\Local\Android\sdk\tools;C:\Program Files\Java\jdk1.8.0_91\bin;C:\Program Files\Java\jdk1.8.0_91\jre\bin
USERNAME=lhq
OS=Windows_NT
PROCESSOR_IDENTIFIER=Intel64 Family 6 Model 69 Stepping 1, GenuineIntel



---------------  S Y S T E M  ---------------

OS: Windows 10.0 , 64 bit Build 10586 (10.0.10586.0)

CPU:total 4 (2 cores per cpu, 2 threads per core) family 6 model 69 stepping 1, cmov, cx8, fxsr, mmx, sse, sse2, sse3, ssse3, sse4.1, sse4.2, popcnt, avx, avx2, aes, clmul, erms, lzcnt, ht, tsc, tscinvbit, bmi1, bmi2

Memory: 4k page, physical 8067548k(1215392k free), swap 8067548k(5520k free)

vm_info: OpenJDK 64-Bit Server VM (25.76-b01) for windows-amd64 JRE (1.8.0_76-release-b01), built on May 12 2016 23:29:00 by "ralucas" with MS VC++ 10.0 (VS2010)

time: Fri Jul 08 11:34:19 2016
elapsed time: 1 seconds (0d 0h 0m 1s)

