#
# There is insufficient memory for the Java Runtime Environment to continue.
# Native memory allocation (malloc) failed to allocate 1240096 bytes for Chunk::new
# Possible reasons:
#   The system is out of physical RAM or swap space
#   In 32 bit mode, the process size limit was hit
# Possible solutions:
#   Reduce memory load on the system
#   Increase physical memory or swap space
#   Check if swap backing store is full
#   Use 64 bit Java on a 64 bit OS
#   Decrease Java heap size (-Xmx/-Xms)
#   Decrease number of Java threads
#   Decrease Java thread stack sizes (-Xss)
#   Set larger code cache with -XX:ReservedCodeCacheSize=
# This output file may be truncated or incomplete.
#
#  Out of Memory Error (allocation.cpp:390), pid=6676, tid=0x0000000000000aa0
#
# JRE version: OpenJDK Runtime Environment (8.0_76-b01) (build 1.8.0_76-release-b01)
# Java VM: OpenJDK 64-Bit Server VM (25.76-b01 mixed mode windows-amd64 compressed oops)
# Failed to write core dump. Minidumps are not enabled by default on client versions of Windows
#

---------------  T H R E A D  ---------------

Current thread (0x0000000014e84800):  JavaThread "C2 CompilerThread1" daemon [_thread_in_native, id=2720, stack(0x00000000168c0000,0x00000000169c0000)]

Stack: [0x00000000168c0000,0x00000000169c0000]
[error occurred during error reporting (printing stack bounds), id 0xc0000005]

Native frames: (J=compiled Java code, j=interpreted, Vv=VM code, C=native code)


Current CompileTask:
C2:   1564 1180       4       com.android.dx.merge.IndexMap$EncodedValueTransformer::transform (495 bytes)


---------------  P R O C E S S  ---------------

Java Threads: ( => current thread )
  0x0000000014ece000 JavaThread "Service Thread" daemon [_thread_blocked, id=6540, stack(0x0000000016ac0000,0x0000000016bc0000)]
  0x0000000014e94000 JavaThread "C1 CompilerThread2" daemon [_thread_blocked, id=3264, stack(0x00000000169c0000,0x0000000016ac0000)]
=>0x0000000014e84800 JavaThread "C2 CompilerThread1" daemon [_thread_in_native, id=2720, stack(0x00000000168c0000,0x00000000169c0000)]
  0x0000000014e82000 JavaThread "C2 CompilerThread0" daemon [_thread_in_native, id=3532, stack(0x00000000167c0000,0x00000000168c0000)]
  0x0000000016203000 JavaThread "Attach Listener" daemon [_thread_blocked, id=7004, stack(0x00000000166c0000,0x00000000167c0000)]
  0x0000000016202800 JavaThread "Signal Dispatcher" daemon [_thread_blocked, id=6696, stack(0x00000000165c0000,0x00000000166c0000)]
  0x0000000014e5d800 JavaThread "Finalizer" daemon [_thread_blocked, id=5512, stack(0x00000000160c0000,0x00000000161c0000)]
  0x0000000014e36800 JavaThread "Reference Handler" daemon [_thread_blocked, id=3560, stack(0x0000000015fc0000,0x00000000160c0000)]
  0x00000000026a7000 JavaThread "main" [_thread_in_Java, id=160, stack(0x00000000025a0000,0x00000000026a0000)]

Other Threads:
  0x0000000014e34800 VMThread [stack: 0x0000000015ec0000,0x0000000015fc0000] [id=4564]
  0x0000000016257800 WatcherThread [stack: 0x0000000016bc0000,0x0000000016cc0000] [id=5624]

VM state:not at safepoint (normal execution)

VM Mutex/Monitor currently owned by a thread: None

Heap:
 PSYoungGen      total 106496K, used 21259K [0x00000000eab00000, 0x00000000f1880000, 0x0000000100000000)
  eden space 101376K, 15% used [0x00000000eab00000,0x00000000ebac5e78,0x00000000f0e00000)
  from space 5120K, 99% used [0x00000000f0e00000,0x00000000f12fce08,0x00000000f1300000)
  to   space 5120K, 0% used [0x00000000f1300000,0x00000000f1300000,0x00000000f1800000)
 ParOldGen       total 108032K, used 27967K [0x00000000c0000000, 0x00000000c6980000, 0x00000000eab00000)
  object space 108032K, 25% used [0x00000000c0000000,0x00000000c1b4ff40,0x00000000c6980000)
 Metaspace       used 4752K, capacity 5424K, committed 5632K, reserved 1056768K
  class space    used 480K, capacity 488K, committed 512K, reserved 1048576K

Card table byte_map: [0x0000000011b60000,0x0000000011d70000] byte_map_base: 0x0000000011560000

Marking Bits: (ParMarkBitMap*) 0x0000000057ac9d00
 Begin Bits: [0x00000000122d0000, 0x00000000132d0000)
 End Bits:   [0x00000000132d0000, 0x00000000142d0000)

Polling page: 0x0000000000520000

CodeCache: size=245760Kb used=4136Kb max_used=4149Kb free=241623Kb
 bounds [0x00000000027a0000, 0x0000000002bc0000, 0x00000000117a0000]
 total_blobs=1512 nmethods=1242 adapters=184
 compilation: enabled

Compilation events (10 events):
Event: 1.540 Thread 0x0000000014e82000 nmethod 1264 0x0000000002ba9bd0 code [0x0000000002ba9d20, 0x0000000002ba9eb8]
Event: 1.540 Thread 0x0000000014e82000 1266       4       com.android.dx.io.instructions.TwoRegisterDecodedInstruction::withIndex (37 bytes)
Event: 1.542 Thread 0x0000000014e82000 nmethod 1266 0x0000000002ba8410 code [0x0000000002ba8560, 0x0000000002ba8818]
Event: 1.542 Thread 0x0000000014e82000 1269       4       com.android.dx.io.instructions.InstructionCodec::encodeRegisterList (48 bytes)
Event: 1.548 Thread 0x0000000014e82000 nmethod 1269 0x0000000002ba4650 code [0x0000000002ba47c0, 0x0000000002ba4b98]
Event: 1.548 Thread 0x0000000014e82000 1271       4       com.android.dx.io.instructions.InstructionCodec$25::encode (6 bytes)
Event: 1.553 Thread 0x0000000014e82000 nmethod 1271 0x0000000002baa6d0 code [0x0000000002baa840, 0x0000000002baac38]
Event: 1.554 Thread 0x0000000014e82000 1272       4       com.android.dx.io.instructions.InstructionCodec::codeUnit (85 bytes)
Event: 1.554 Thread 0x0000000014e82000 nmethod 1272 0x0000000002bab390 code [0x0000000002bab4c0, 0x0000000002bab5d8]
Event: 1.555 Thread 0x0000000014e82000 1270       4       com.android.dx.io.instructions.InstructionCodec::decodeRegisterList (265 bytes)

GC Heap History (10 events):
Event: 0.391 GC heap before
{Heap before GC invocations=2 (full 0):
 PSYoungGen      total 36864K, used 36853K [0x00000000eab00000, 0x00000000ef300000, 0x0000000100000000)
  eden space 31744K, 100% used [0x00000000eab00000,0x00000000eca00000,0x00000000eca00000)
  from space 5120K, 99% used [0x00000000eca00000,0x00000000ecefd620,0x00000000ecf00000)
  to   space 5120K, 0% used [0x00000000eee00000,0x00000000eee00000,0x00000000ef300000)
 ParOldGen       total 84992K, used 4322K [0x00000000c0000000, 0x00000000c5300000, 0x00000000eab00000)
  object space 84992K, 5% used [0x00000000c0000000,0x00000000c0438be0,0x00000000c5300000)
 Metaspace       used 3916K, capacity 4944K, committed 5120K, reserved 1056768K
  class space    used 398K, capacity 456K, committed 512K, reserved 1048576K
Event: 0.403 GC heap after
Heap after GC invocations=2 (full 0):
 PSYoungGen      total 68608K, used 5104K [0x00000000eab00000, 0x00000000ef300000, 0x0000000100000000)
  eden space 63488K, 0% used [0x00000000eab00000,0x00000000eab00000,0x00000000ee900000)
  from space 5120K, 99% used [0x00000000eee00000,0x00000000ef2fc390,0x00000000ef300000)
  to   space 5120K, 0% used [0x00000000ee900000,0x00000000ee900000,0x00000000eee00000)
 ParOldGen       total 84992K, used 41277K [0x00000000c0000000, 0x00000000c5300000, 0x00000000eab00000)
  object space 84992K, 48% used [0x00000000c0000000,0x00000000c284f650,0x00000000c5300000)
 Metaspace       used 3916K, capacity 4944K, committed 5120K, reserved 1056768K
  class space    used 398K, capacity 456K, committed 512K, reserved 1048576K
}
Event: 0.403 GC heap before
{Heap before GC invocations=3 (full 1):
 PSYoungGen      total 68608K, used 5104K [0x00000000eab00000, 0x00000000ef300000, 0x0000000100000000)
  eden space 63488K, 0% used [0x00000000eab00000,0x00000000eab00000,0x00000000ee900000)
  from space 5120K, 99% used [0x00000000eee00000,0x00000000ef2fc390,0x00000000ef300000)
  to   space 5120K, 0% used [0x00000000ee900000,0x00000000ee900000,0x00000000eee00000)
 ParOldGen       total 84992K, used 41277K [0x00000000c0000000, 0x00000000c5300000, 0x00000000eab00000)
  object space 84992K, 48% used [0x00000000c0000000,0x00000000c284f650,0x00000000c5300000)
 Metaspace       used 3916K, capacity 4944K, committed 5120K, reserved 1056768K
  class space    used 398K, capacity 456K, committed 512K, reserved 1048576K
Event: 0.414 GC heap after
Heap after GC invocations=3 (full 1):
 PSYoungGen      total 68608K, used 0K [0x00000000eab00000, 0x00000000ef300000, 0x0000000100000000)
  eden space 63488K, 0% used [0x00000000eab00000,0x00000000eab00000,0x00000000ee900000)
  from space 5120K, 0% used [0x00000000eee00000,0x00000000eee00000,0x00000000ef300000)
  to   space 5120K, 0% used [0x00000000ee900000,0x00000000ee900000,0x00000000eee00000)
 ParOldGen       total 108032K, used 19792K [0x00000000c0000000, 0x00000000c6980000, 0x00000000eab00000)
  object space 108032K, 18% used [0x00000000c0000000,0x00000000c1354068,0x00000000c6980000)
 Metaspace       used 3916K, capacity 4944K, committed 5120K, reserved 1056768K
  class space    used 398K, capacity 456K, committed 512K, reserved 1048576K
}
Event: 0.917 GC heap before
{Heap before GC invocations=4 (full 1):
 PSYoungGen      total 68608K, used 63488K [0x00000000eab00000, 0x00000000ef300000, 0x0000000100000000)
  eden space 63488K, 100% used [0x00000000eab00000,0x00000000ee900000,0x00000000ee900000)
  from space 5120K, 0% used [0x00000000eee00000,0x00000000eee00000,0x00000000ef300000)
  to   space 5120K, 0% used [0x00000000ee900000,0x00000000ee900000,0x00000000eee00000)
 ParOldGen       total 108032K, used 19792K [0x00000000c0000000, 0x00000000c6980000, 0x00000000eab00000)
  object space 108032K, 18% used [0x00000000c0000000,0x00000000c1354068,0x00000000c6980000)
 Metaspace       used 4458K, capacity 5424K, committed 5632K, reserved 1056768K
  class space    used 450K, capacity 488K, committed 512K, reserved 1048576K
Event: 0.925 GC heap after
Heap after GC invocations=4 (full 1):
 PSYoungGen      total 68608K, used 3837K [0x00000000eab00000, 0x00000000f1800000, 0x0000000100000000)
  eden space 63488K, 0% used [0x00000000eab00000,0x00000000eab00000,0x00000000ee900000)
  from space 5120K, 74% used [0x00000000ee900000,0x00000000eecbf518,0x00000000eee00000)
  to   space 5120K, 0% used [0x00000000f1300000,0x00000000f1300000,0x00000000f1800000)
 ParOldGen       total 108032K, used 19800K [0x00000000c0000000, 0x00000000c6980000, 0x00000000eab00000)
  object space 108032K, 18% used [0x00000000c0000000,0x00000000c1356068,0x00000000c6980000)
 Metaspace       used 4458K, capacity 5424K, committed 5632K, reserved 1056768K
  class space    used 450K, capacity 488K, committed 512K, reserved 1048576K
}
Event: 1.120 GC heap before
{Heap before GC invocations=5 (full 1):
 PSYoungGen      total 68608K, used 67325K [0x00000000eab00000, 0x00000000f1800000, 0x0000000100000000)
  eden space 63488K, 100% used [0x00000000eab00000,0x00000000ee900000,0x00000000ee900000)
  from space 5120K, 74% used [0x00000000ee900000,0x00000000eecbf518,0x00000000eee00000)
  to   space 5120K, 0% used [0x00000000f1300000,0x00000000f1300000,0x00000000f1800000)
 ParOldGen       total 108032K, used 19800K [0x00000000c0000000, 0x00000000c6980000, 0x00000000eab00000)
  object space 108032K, 18% used [0x00000000c0000000,0x00000000c1356068,0x00000000c6980000)
 Metaspace       used 4488K, capacity 5424K, committed 5632K, reserved 1056768K
  class space    used 450K, capacity 488K, committed 512K, reserved 1048576K
Event: 1.129 GC heap after
Heap after GC invocations=5 (full 1):
 PSYoungGen      total 106496K, used 3528K [0x00000000eab00000, 0x00000000f1880000, 0x0000000100000000)
  eden space 101376K, 0% used [0x00000000eab00000,0x00000000eab00000,0x00000000f0e00000)
  from space 5120K, 68% used [0x00000000f1300000,0x00000000f1672100,0x00000000f1800000)
  to   space 5120K, 0% used [0x00000000f0e00000,0x00000000f0e00000,0x00000000f1300000)
 ParOldGen       total 108032K, used 19800K [0x00000000c0000000, 0x00000000c6980000, 0x00000000eab00000)
  object space 108032K, 18% used [0x00000000c0000000,0x00000000c1356068,0x00000000c6980000)
 Metaspace       used 4488K, capacity 5424K, committed 5632K, reserved 1056768K
  class space    used 450K, capacity 488K, committed 512K, reserved 1048576K
}
Event: 1.485 GC heap before
{Heap before GC invocations=6 (full 1):
 PSYoungGen      total 106496K, used 104904K [0x00000000eab00000, 0x00000000f1880000, 0x0000000100000000)
  eden space 101376K, 100% used [0x00000000eab00000,0x00000000f0e00000,0x00000000f0e00000)
  from space 5120K, 68% used [0x00000000f1300000,0x00000000f1672100,0x00000000f1800000)
  to   space 5120K, 0% used [0x00000000f0e00000,0x00000000f0e00000,0x00000000f1300000)
 ParOldGen       total 108032K, used 19800K [0x00000000c0000000, 0x00000000c6980000, 0x00000000eab00000)
  object space 108032K, 18% used [0x00000000c0000000,0x00000000c1356068,0x00000000c6980000)
 Metaspace       used 4752K, capacity 5424K, committed 5632K, reserved 1056768K
  class space    used 480K, capacity 488K, committed 512K, reserved 1048576K
Event: 1.495 GC heap after
Heap after GC invocations=6 (full 1):
 PSYoungGen      total 106496K, used 5107K [0x00000000eab00000, 0x00000000f1880000, 0x0000000100000000)
  eden space 101376K, 0% used [0x00000000eab00000,0x00000000eab00000,0x00000000f0e00000)
  from space 5120K, 99% used [0x00000000f0e00000,0x00000000f12fce08,0x00000000f1300000)
  to   space 5120K, 0% used [0x00000000f1300000,0x00000000f1300000,0x00000000f1800000)
 ParOldGen       total 108032K, used 27967K [0x00000000c0000000, 0x00000000c6980000, 0x00000000eab00000)
  object space 108032K, 25% used [0x00000000c0000000,0x00000000c1b4ff40,0x00000000c6980000)
 Metaspace       used 4752K, capacity 5424K, committed 5632K, reserved 1056768K
  class space    used 480K, capacity 488K, committed 512K, reserved 1048576K
}

Deoptimization events (10 events):
Event: 1.154 Thread 0x00000000026a7000 Uncommon trap: reason=speculate_class_check action=maybe_recompile pc=0x0000000002ae8a7c method=java.util.HashMap.putVal(ILjava/lang/Object;Ljava/lang/Object;ZZ)Ljava/lang/Object; @ 152
Event: 1.154 Thread 0x00000000026a7000 Uncommon trap: reason=speculate_class_check action=maybe_recompile pc=0x0000000002ae8a28 method=java.util.HashMap.putVal(ILjava/lang/Object;Ljava/lang/Object;ZZ)Ljava/lang/Object; @ 56
Event: 1.154 Thread 0x00000000026a7000 Uncommon trap: reason=speculate_class_check action=maybe_recompile pc=0x0000000002ae8a28 method=java.util.HashMap.putVal(ILjava/lang/Object;Ljava/lang/Object;ZZ)Ljava/lang/Object; @ 56
Event: 1.155 Thread 0x00000000026a7000 Uncommon trap: reason=unstable_if action=reinterpret pc=0x00000000028e9650 method=java.lang.String.indexOf(II)I @ 49
Event: 1.285 Thread 0x00000000026a7000 Uncommon trap: reason=unstable_if action=reinterpret pc=0x0000000002a1337c method=com.android.dx.merge.DexMerger$IdMerger.readIntoMap(Lcom/android/dex/Dex$Section;Lcom/android/dex/TableOfContents$Section;Lcom/android/dx/merge/IndexMap;ILjava/util/TreeMap;InÁ£≠èÙ?
Event: 1.285 Thread 0x00000000026a7000 Uncommon trap: reason=unstable_if action=reinterpret pc=0x00000000029cc9d0 method=com.android.dex.Mutf8.countBytes(Ljava/lang/String;Z)J @ 28
Event: 1.285 Thread 0x00000000026a7000 Uncommon trap: reason=unstable_if action=reinterpret pc=0x00000000029a2398 method=com.android.dex.Mutf8.encode([BILjava/lang/String;)V @ 24
Event: 1.285 Thread 0x00000000026a7000 Uncommon trap: reason=unstable_if action=reinterpret pc=0x00000000029c5f1c method=com.android.dex.Mutf8.countBytes(Ljava/lang/String;Z)J @ 28
Event: 1.285 Thread 0x00000000026a7000 Uncommon trap: reason=unstable_if action=reinterpret pc=0x0000000002999548 method=com.android.dex.Mutf8.countBytes(Ljava/lang/String;Z)J @ 28
Event: 1.381 Thread 0x00000000026a7000 Uncommon trap: reason=unloaded action=reinterpret pc=0x0000000002b199b4 method=com.android.dx.merge.IndexMap$EncodedValueTransformer.transform(Lcom/android/dex/EncodedValueReader;)V @ 232

Internal exceptions (3 events):
Event: 0.020 Thread 0x00000000026a7000 Exception <a 'java/lang/NoSuchMethodError': Method sun.misc.Unsafe.defineClass(Ljava/lang/String;[BII)Ljava/lang/Class; name or signature does not match> (0x00000000eab07cc0) thrown at [C:\src\android\AOSP-openjdk\external\jetbrains\jdk\hotspot\src\share\v≠µxHèî?
Event: 0.020 Thread 0x00000000026a7000 Exception <a 'java/lang/NoSuchMethodError': Method sun.misc.Unsafe.prefetchRead(Ljava/lang/Object;J)V name or signature does not match> (0x00000000eab07fa8) thrown at [C:\src\android\AOSP-openjdk\external\jetbrains\jdk\hotspot\src\share\vm\prims\jni.cpp, lMNÁâWèÙ?
Event: 1.285 Thread 0x00000000026a7000 Implicit null exception at 0x0000000002a11a75 to 0x0000000002a13359

Events (10 events):
Event: 1.381 Thread 0x00000000026a7000 DEOPT PACKING pc=0x0000000002b199b4 sp=0x000000000269ee60
Event: 1.381 Thread 0x00000000026a7000 DEOPT UNPACKING pc=0x00000000027e556a sp=0x000000000269ee50 mode 2
Event: 1.388 loading class java/util/Collections$EmptyIterator
Event: 1.388 loading class java/util/Collections$EmptyIterator done
Event: 1.394 Thread 0x00000000026a7000 DEOPT PACKING pc=0x0000000002a6a757 sp=0x000000000269eef0
Event: 1.394 Thread 0x00000000026a7000 DEOPT UNPACKING pc=0x00000000027e75bf sp=0x000000000269ec40 mode 0
Event: 1.424 loading class com/android/dex/Dex$1
Event: 1.424 loading class com/android/dex/Dex$1 done
Event: 1.485 Executing VM operation: ParallelGCFailedAllocation
Event: 1.495 Executing VM operation: ParallelGCFailedAllocation done


Dynamic libraries:
0x00007ff7dd770000 - 0x00007ff7dd7a5000 	E:\Android\android-studio-ide-145.2915834-windows\jre\bin\java.exe
0x00007ffbe4100000 - 0x00007ffbe42c1000 	C:\Windows\SYSTEM32\ntdll.dll
0x00007ffbe1510000 - 0x00007ffbe15bd000 	C:\Windows\system32\KERNEL32.DLL
0x00007ffbe1110000 - 0x00007ffbe12f8000 	C:\Windows\system32\KERNELBASE.dll
0x00007ffbe3ee0000 - 0x00007ffbe3f87000 	C:\Windows\system32\ADVAPI32.dll
0x00007ffbe3e40000 - 0x00007ffbe3edd000 	C:\Windows\system32\msvcrt.dll
0x00007ffbe3de0000 - 0x00007ffbe3e3b000 	C:\Windows\system32\sechost.dll
0x00007ffbe37b0000 - 0x00007ffbe38cc000 	C:\Windows\system32\RPCRT4.dll
0x00007ffbe3fa0000 - 0x00007ffbe40f6000 	C:\Windows\system32\USER32.dll
0x00007ffbe1c80000 - 0x00007ffbe1e06000 	C:\Windows\system32\GDI32.dll
0x00007ffbd3250000 - 0x00007ffbd34c4000 	C:\Windows\WinSxS\amd64_microsoft.windows.common-controls_6595b64144ccf1df_6.0.10586.0_none_8c15ae12515e1c22\COMCTL32.dll
0x00007ffbe39e0000 - 0x00007ffbe3c5d000 	C:\Windows\system32\combase.dll
0x00007ffbe07b0000 - 0x00007ffbe081a000 	C:\Windows\system32\bcryptPrimitives.dll
0x00007ffbe38d0000 - 0x00007ffbe390b000 	C:\Windows\system32\IMM32.DLL
0x0000000057230000 - 0x0000000057302000 	E:\Android\android-studio-ide-145.2915834-windows\jre\jre\bin\msvcr100.dll
0x0000000057310000 - 0x0000000057b44000 	E:\Android\android-studio-ide-145.2915834-windows\jre\jre\bin\server\jvm.dll
0x00007ffbe3f90000 - 0x00007ffbe3f98000 	C:\Windows\system32\PSAPI.DLL
0x00007ffbdd270000 - 0x00007ffbdd279000 	C:\Windows\SYSTEM32\WSOCK32.dll
0x00007ffbd4250000 - 0x00007ffbd425a000 	C:\Windows\SYSTEM32\VERSION.dll
0x00007ffbdea40000 - 0x00007ffbdea63000 	C:\Windows\SYSTEM32\WINMM.dll
0x00007ffbe36e0000 - 0x00007ffbe374b000 	C:\Windows\system32\WS2_32.dll
0x00007ffbde9e0000 - 0x00007ffbdea0c000 	C:\Windows\SYSTEM32\WINMMBASE.dll
0x00007ffbe13c0000 - 0x00007ffbe1403000 	C:\Windows\system32\cfgmgr32.dll
0x00007ffbdd180000 - 0x00007ffbdd18f000 	E:\Android\android-studio-ide-145.2915834-windows\jre\jre\bin\verify.dll
0x00007ffbdbb00000 - 0x00007ffbdbb29000 	E:\Android\android-studio-ide-145.2915834-windows\jre\jre\bin\java.dll
0x00007ffbdb6c0000 - 0x00007ffbdb6d6000 	E:\Android\android-studio-ide-145.2915834-windows\jre\jre\bin\zip.dll
0x00007ffbe2180000 - 0x00007ffbe36dc000 	C:\Windows\system32\SHELL32.dll
0x00007ffbe0aa0000 - 0x00007ffbe10e5000 	C:\Windows\system32\windows.storage.dll
0x00007ffbe1690000 - 0x00007ffbe16e2000 	C:\Windows\system32\shlwapi.dll
0x00007ffbe0720000 - 0x00007ffbe072f000 	C:\Windows\system32\kernel.appcore.dll
0x00007ffbe1300000 - 0x00007ffbe13b5000 	C:\Windows\system32\shcore.dll
0x00007ffbe0740000 - 0x00007ffbe078b000 	C:\Windows\system32\powrprof.dll
0x00007ffbe0790000 - 0x00007ffbe07a4000 	C:\Windows\system32\profapi.dll

VM Arguments:
jvm_args: -Djava.awt.headless=true -Xmx1024M -Dfile.encoding=GBK -Duser.country=CN -Duser.language=zh -Duser.variant 
java_command: com.android.dx.command.Main --dex --num-threads=4 --output E:\Teapopo\app\build\intermediates\transforms\dex\debug\folders\1000\1f\main E:\Teapopo\app\build\intermediates\pre-dexed\debug\kenburnsview-1.0.6_7246cce9a56f4a0c7c616d76ac60d9376a09809a.jar E:\Teapopo\app\build\intermediates\pre-dexed\debug\me.yokeyword-fragmentation-0.5.7_31ba2a36b2fa4fd150b2dfa9ebf9ccc7227de868.jar E:\Teapopo\app\build\intermediates\pre-dexed\debug\ShareSDK-Line-2.7.1_9e83aedbc48ab9040e71511adb57c0808b544969.jar E:\Teapopo\app\build\intermediates\pre-dexed\debug\ShareSDK-Wechat-Moments-2.7.1_8acc68db4930c7688661ae216a503abb37cdc916.jar E:\Teapopo\app\build\intermediates\pre-dexed\debug\com.github.dmytrodanylyk.android-process-button-library-1.0.4_0b553d611ef91c854f3f3936b68d52c385c9798c.jar E:\Teapopo\app\build\intermediates\pre-dexed\debug\com.wrapp.floatlabelededittext-library-0.0.6_a8e2eb57d6bfb2cc1240b95e67ff279fbbb63789.jar E:\Teapopo\app\build\intermediates\pre-dexed\debug\ShareSDK-FacebookMessenger-2.7.1_16c524ae5155e0aa49f171952a8a2157c25778b3.jar E:\Teapopo\app\build\intermediates\pre-dexed\debug\ShareSDK-Pocket-2.7.1_82d46b9bc4f864df6e29232a8f7cd19ee6ae7c32.jar E:\Teapopo\app\build\intermediates\pre-dexed\debug\MobCommons-2016.0406.1915_aadbd2256b7018691f3067ff778e48c233d35be3.jar E:\Teapopo\app\build\intermediates\pre-dexed\debug\ShareSDK-Instapaper-2.7.1_402f67658a962a7a73b70ae321219fd46db748c0.jar E:\Teapopo\app\build\intermediates\pre-dexed\debug\ShareSDK-Foursquare-2.7.1_c37870adc6b53f5235b98c753100bc4c86864c17.jar E:\Teapopo\app\build\intermediates\pre-dexed\debug\com.commit451-PhotoView-1.2.5_bc9890e54f5b9c504e282b6b65c985f8c64286c1.jar E:\Teapopo\app\build\intermediates\pre-dexed\debug\logansquare-1.3.7_66792233ed20698d6db078c391784faf406bffe1.jar E:\Teapopo\app\build\intermediates\pre-dexed\debug\okhttp-3.2.0_f55d89d5337775cc52f87f2c7b73539820543a5b.jar E:\Teapopo\app\build\intermediates\pre-dexed\debug\ShareSDK-QZone-2.7.1_8bcd2cba12eecb188ee0658262235
java_class_path (initial): C:\Users\lhq\AppData\Local\Android\sdk\build-tools\23.0.3\lib\dx.jar
Launcher Type: SUN_STANDARD

Environment Variables:
JAVA_HOME=C:\Program Files\Java\jdk1.8.0_91
PATH=C:\ProgramData\Oracle\Java\javapath;C:\Windows\system32;C:\Windows;C:\Windows\System32\Wbem;C:\Windows\System32\WindowsPowerShell\v1.0\;C:\Users\lhq\AppData\Local\Android\sdk\platform-tools;C:\Users\lhq\AppData\Local\Android\sdk\tools;C:\Program Files\Java\jdk1.8.0_91\bin;C:\Program Files\Java\jdk1.8.0_91\jre\bin
USERNAME=lhq
OS=Windows_NT
PROCESSOR_IDENTIFIER=Intel64 Family 6 Model 69 Stepping 1, GenuineIntel



---------------  S Y S T E M  ---------------

OS: Windows 10.0 , 64 bit Build 10586 (10.0.10586.0)

CPU:total 4 (2 cores per cpu, 2 threads per core) family 6 model 69 stepping 1, cmov, cx8, fxsr, mmx, sse, sse2, sse3, ssse3, sse4.1, sse4.2, popcnt, avx, avx2, aes, clmul, erms, lzcnt, ht, tsc, tscinvbit, bmi1, bmi2

Memory: 4k page, physical 8067548k(664180k free), swap 8067548k(6108k free)

vm_info: OpenJDK 64-Bit Server VM (25.76-b01) for windows-amd64 JRE (1.8.0_76-release-b01), built on May 12 2016 23:29:00 by "ralucas" with MS VC++ 10.0 (VS2010)

time: Thu Jun 30 12:25:09 2016
elapsed time: 1 seconds (0d 0h 0m 1s)

