#
# There is insufficient memory for the Java Runtime Environment to continue.
# Native memory allocation (malloc) failed to allocate 1990256 bytes for Chunk::new
# Possible reasons:
#   The system is out of physical RAM or swap space
#   In 32 bit mode, the process size limit was hit
# Possible solutions:
#   Reduce memory load on the system
#   Increase physical memory or swap space
#   Check if swap backing store is full
#   Use 64 bit Java on a 64 bit OS
#   Decrease Java heap size (-Xmx/-Xms)
#   Decrease number of Java threads
#   Decrease Java thread stack sizes (-Xss)
#   Set larger code cache with -XX:ReservedCodeCacheSize=
# This output file may be truncated or incomplete.
#
#  Out of Memory Error (allocation.cpp:390), pid=5456, tid=0x0000000000001768
#
# JRE version: OpenJDK Runtime Environment (8.0_76-b01) (build 1.8.0_76-release-b01)
# Java VM: OpenJDK 64-Bit Server VM (25.76-b01 mixed mode windows-amd64 compressed oops)
# Failed to write core dump. Minidumps are not enabled by default on client versions of Windows
#

---------------  T H R E A D  ---------------

Current thread (0x0000000014e5a800):  JavaThread "C2 CompilerThread1" daemon [_thread_in_native, id=5992, stack(0x0000000016460000,0x0000000016560000)]

Stack: [0x0000000016460000,0x0000000016560000]
[error occurred during error reporting (printing stack bounds), id 0xc0000005]

Native frames: (J=compiled Java code, j=interpreted, Vv=VM code, C=native code)


Current CompileTask:
C2:   2313 1838   !   4       com.android.dx.cf.cst.ConstantPoolParser::parse0 (731 bytes)


---------------  P R O C E S S  ---------------

Java Threads: ( => current thread )
  0x00000000166fa800 JavaThread "pool-1-thread-4" [_thread_in_Java, id=1296, stack(0x0000000017060000,0x0000000017160000)]
  0x00000000166f1800 JavaThread "pool-1-thread-3" [_thread_in_Java, id=3140, stack(0x0000000016f60000,0x0000000017060000)]
  0x00000000166f0800 JavaThread "pool-1-thread-2" [_thread_in_Java, id=2556, stack(0x0000000016e60000,0x0000000016f60000)]
  0x00000000166ea800 JavaThread "pool-2-thread-1" [_thread_blocked, id=6064, stack(0x0000000016d60000,0x0000000016e60000)]
  0x00000000166e9800 JavaThread "pool-1-thread-1" [_thread_in_Java, id=5792, stack(0x0000000016c60000,0x0000000016d60000)]
  0x00000000165ec800 JavaThread "Service Thread" daemon [_thread_blocked, id=5040, stack(0x0000000016a60000,0x0000000016b60000)]
  0x0000000016563800 JavaThread "C1 CompilerThread2" daemon [_thread_blocked, id=1812, stack(0x0000000016960000,0x0000000016a60000)]
=>0x0000000014e5a800 JavaThread "C2 CompilerThread1" daemon [_thread_in_native, id=5992, stack(0x0000000016460000,0x0000000016560000)]
  0x0000000014e0d800 JavaThread "C2 CompilerThread0" daemon [_thread_in_native, id=5104, stack(0x0000000016360000,0x0000000016460000)]
  0x0000000014e0c000 JavaThread "Attach Listener" daemon [_thread_blocked, id=3296, stack(0x0000000016260000,0x0000000016360000)]
  0x0000000014e0b000 JavaThread "Signal Dispatcher" daemon [_thread_blocked, id=3632, stack(0x0000000016160000,0x0000000016260000)]
  0x0000000014de8800 JavaThread "Finalizer" daemon [_thread_blocked, id=3796, stack(0x0000000016060000,0x0000000016160000)]
  0x0000000002720000 JavaThread "Reference Handler" daemon [_thread_blocked, id=5876, stack(0x0000000015f60000,0x0000000016060000)]
  0x0000000002630800 JavaThread "main" [_thread_in_native, id=5212, stack(0x0000000002530000,0x0000000002630000)]

Other Threads:
  0x0000000014dc5800 VMThread [stack: 0x0000000015e60000,0x0000000015f60000] [id=3272]
  0x00000000165a4800 WatcherThread [stack: 0x0000000016b60000,0x0000000016c60000] [id=4308]

VM state:not at safepoint (normal execution)

VM Mutex/Monitor currently owned by a thread: None

Heap:
 PSYoungGen      total 68608K, used 42162K [0x00000000eab00000, 0x00000000ef300000, 0x0000000100000000)
  eden space 63488K, 58% used [0x00000000eab00000,0x00000000ecf2d468,0x00000000ee900000)
  from space 5120K, 99% used [0x00000000eee00000,0x00000000ef2ff6e8,0x00000000ef300000)
  to   space 5120K, 0% used [0x00000000ee900000,0x00000000ee900000,0x00000000eee00000)
 ParOldGen       total 84992K, used 27791K [0x00000000c0000000, 0x00000000c5300000, 0x00000000eab00000)
  object space 84992K, 32% used [0x00000000c0000000,0x00000000c1b23fc8,0x00000000c5300000)
 Metaspace       used 6223K, capacity 7216K, committed 7296K, reserved 1056768K
  class space    used 566K, capacity 616K, committed 640K, reserved 1048576K

Card table byte_map: [0x0000000011af0000,0x0000000011d00000] byte_map_base: 0x00000000114f0000

Marking Bits: (ParMarkBitMap*) 0x0000000076459d00
 Begin Bits: [0x0000000012260000, 0x0000000013260000)
 End Bits:   [0x0000000013260000, 0x0000000014260000)

Polling page: 0x0000000000430000

CodeCache: size=245760Kb used=7684Kb max_used=7684Kb free=238075Kb
 bounds [0x0000000002730000, 0x0000000002ec0000, 0x0000000011730000]
 total_blobs=2146 nmethods=1882 adapters=177
 compilation: enabled

Compilation events (10 events):
Event: 2.225 Thread 0x0000000016563800 1918 % !   3       com.android.dx.rop.type.Type::intern @ 142 (319 bytes)
Event: 2.228 Thread 0x0000000016563800 nmethod 1918% 0x0000000002eaab50 code [0x0000000002eaafc0, 0x0000000002eadaa8]
Event: 2.230 Thread 0x0000000016563800 1919       2       com.android.dx.cf.direct.AnnotationParser::parseAnnotation (214 bytes)
Event: 2.232 Thread 0x0000000016563800 nmethod 1919 0x0000000002eaf1d0 code [0x0000000002eaf580, 0x0000000002eb0888]
Event: 2.245 Thread 0x0000000016563800 1920   !   3       com.android.dx.rop.type.Type::intern (319 bytes)
Event: 2.248 Thread 0x0000000016563800 nmethod 1920 0x0000000002eb1fd0 code [0x0000000002eb2440, 0x0000000002eb4e88]
Event: 2.264 Thread 0x0000000016563800 1922       2       com.android.dx.rop.cst.CstFloat::getType (4 bytes)
Event: 2.264 Thread 0x0000000016563800 nmethod 1922 0x0000000002eb6550 code [0x0000000002eb66a0, 0x0000000002eb67f0]
Event: 2.307 Thread 0x0000000016563800 1925       2       java.util.Arrays::equals (78 bytes)
Event: 2.307 Thread 0x0000000016563800 nmethod 1925 0x0000000002eb6890 code [0x0000000002eb6a00, 0x0000000002eb6ca8]

GC Heap History (8 events):
Event: 0.814 GC heap before
{Heap before GC invocations=1 (full 0):
 PSYoungGen      total 36864K, used 31744K [0x00000000eab00000, 0x00000000ed400000, 0x0000000100000000)
  eden space 31744K, 100% used [0x00000000eab00000,0x00000000eca00000,0x00000000eca00000)
  from space 5120K, 0% used [0x00000000ecf00000,0x00000000ecf00000,0x00000000ed400000)
  to   space 5120K, 0% used [0x00000000eca00000,0x00000000eca00000,0x00000000ecf00000)
 ParOldGen       total 84992K, used 0K [0x00000000c0000000, 0x00000000c5300000, 0x00000000eab00000)
  object space 84992K, 0% used [0x00000000c0000000,0x00000000c0000000,0x00000000c5300000)
 Metaspace       used 5765K, capacity 6896K, committed 7040K, reserved 1056768K
  class space    used 553K, capacity 616K, committed 640K, reserved 1048576K
Event: 0.827 GC heap after
Heap after GC invocations=1 (full 0):
 PSYoungGen      total 36864K, used 5119K [0x00000000eab00000, 0x00000000ef300000, 0x0000000100000000)
  eden space 31744K, 0% used [0x00000000eab00000,0x00000000eab00000,0x00000000eca00000)
  from space 5120K, 99% used [0x00000000eca00000,0x00000000eceffe48,0x00000000ecf00000)
  to   space 5120K, 0% used [0x00000000eee00000,0x00000000eee00000,0x00000000ef300000)
 ParOldGen       total 84992K, used 3919K [0x00000000c0000000, 0x00000000c5300000, 0x00000000eab00000)
  object space 84992K, 4% used [0x00000000c0000000,0x00000000c03d3ed8,0x00000000c5300000)
 Metaspace       used 5765K, capacity 6896K, committed 7040K, reserved 1056768K
  class space    used 553K, capacity 616K, committed 640K, reserved 1048576K
}
Event: 1.215 GC heap before
{Heap before GC invocations=2 (full 0):
 PSYoungGen      total 36864K, used 36863K [0x00000000eab00000, 0x00000000ef300000, 0x0000000100000000)
  eden space 31744K, 100% used [0x00000000eab00000,0x00000000eca00000,0x00000000eca00000)
  from space 5120K, 99% used [0x00000000eca00000,0x00000000eceffe48,0x00000000ecf00000)
  to   space 5120K, 0% used [0x00000000eee00000,0x00000000eee00000,0x00000000ef300000)
 ParOldGen       total 84992K, used 3919K [0x00000000c0000000, 0x00000000c5300000, 0x00000000eab00000)
  object space 84992K, 4% used [0x00000000c0000000,0x00000000c03d3ed8,0x00000000c5300000)
 Metaspace       used 6016K, capacity 7088K, committed 7296K, reserved 1056768K
  class space    used 565K, capacity 616K, committed 640K, reserved 1048576K
Event: 1.236 GC heap after
Heap after GC invocations=2 (full 0):
 PSYoungGen      total 68608K, used 5099K [0x00000000eab00000, 0x00000000ef300000, 0x0000000100000000)
  eden space 63488K, 0% used [0x00000000eab00000,0x00000000eab00000,0x00000000ee900000)
  from space 5120K, 99% used [0x00000000eee00000,0x00000000ef2fadf8,0x00000000ef300000)
  to   space 5120K, 0% used [0x00000000ee900000,0x00000000ee900000,0x00000000eee00000)
 ParOldGen       total 84992K, used 8432K [0x00000000c0000000, 0x00000000c5300000, 0x00000000eab00000)
  object space 84992K, 9% used [0x00000000c0000000,0x00000000c083c290,0x00000000c5300000)
 Metaspace       used 6016K, capacity 7088K, committed 7296K, reserved 1056768K
  class space    used 565K, capacity 616K, committed 640K, reserved 1048576K
}
Event: 1.663 GC heap before
{Heap before GC invocations=3 (full 0):
 PSYoungGen      total 68608K, used 68587K [0x00000000eab00000, 0x00000000ef300000, 0x0000000100000000)
  eden space 63488K, 100% used [0x00000000eab00000,0x00000000ee900000,0x00000000ee900000)
  from space 5120K, 99% used [0x00000000eee00000,0x00000000ef2fadf8,0x00000000ef300000)
  to   space 5120K, 0% used [0x00000000ee900000,0x00000000ee900000,0x00000000eee00000)
 ParOldGen       total 84992K, used 8432K [0x00000000c0000000, 0x00000000c5300000, 0x00000000eab00000)
  object space 84992K, 9% used [0x00000000c0000000,0x00000000c083c290,0x00000000c5300000)
 Metaspace       used 6179K, capacity 7216K, committed 7296K, reserved 1056768K
  class space    used 565K, capacity 616K, committed 640K, reserved 1048576K
Event: 1.698 GC heap after
Heap after GC invocations=3 (full 0):
 PSYoungGen      total 68608K, used 5090K [0x00000000eab00000, 0x00000000ef300000, 0x0000000100000000)
  eden space 63488K, 0% used [0x00000000eab00000,0x00000000eab00000,0x00000000ee900000)
  from space 5120K, 99% used [0x00000000ee900000,0x00000000eedf8bb0,0x00000000eee00000)
  to   space 5120K, 0% used [0x00000000eee00000,0x00000000eee00000,0x00000000ef300000)
 ParOldGen       total 84992K, used 17913K [0x00000000c0000000, 0x00000000c5300000, 0x00000000eab00000)
  object space 84992K, 21% used [0x00000000c0000000,0x00000000c117e550,0x00000000c5300000)
 Metaspace       used 6179K, capacity 7216K, committed 7296K, reserved 1056768K
  class space    used 565K, capacity 616K, committed 640K, reserved 1048576K
}
Event: 2.078 GC heap before
{Heap before GC invocations=4 (full 0):
 PSYoungGen      total 68608K, used 68578K [0x00000000eab00000, 0x00000000ef300000, 0x0000000100000000)
  eden space 63488K, 100% used [0x00000000eab00000,0x00000000ee900000,0x00000000ee900000)
  from space 5120K, 99% used [0x00000000ee900000,0x00000000eedf8bb0,0x00000000eee00000)
  to   space 5120K, 0% used [0x00000000eee00000,0x00000000eee00000,0x00000000ef300000)
 ParOldGen       total 84992K, used 17913K [0x00000000c0000000, 0x00000000c5300000, 0x00000000eab00000)
  object space 84992K, 21% used [0x00000000c0000000,0x00000000c117e550,0x00000000c5300000)
 Metaspace       used 6217K, capacity 7216K, committed 7296K, reserved 1056768K
  class space    used 566K, capacity 616K, committed 640K, reserved 1048576K
Event: 2.103 GC heap after
Heap after GC invocations=4 (full 0):
 PSYoungGen      total 68608K, used 5117K [0x00000000eab00000, 0x00000000ef300000, 0x0000000100000000)
  eden space 63488K, 0% used [0x00000000eab00000,0x00000000eab00000,0x00000000ee900000)
  from space 5120K, 99% used [0x00000000eee00000,0x00000000ef2ff6e8,0x00000000ef300000)
  to   space 5120K, 0% used [0x00000000ee900000,0x00000000ee900000,0x00000000eee00000)
 ParOldGen       total 84992K, used 27791K [0x00000000c0000000, 0x00000000c5300000, 0x00000000eab00000)
  object space 84992K, 32% used [0x00000000c0000000,0x00000000c1b23fc8,0x00000000c5300000)
 Metaspace       used 6217K, capacity 7216K, committed 7296K, reserved 1056768K
  class space    used 566K, capacity 616K, committed 640K, reserved 1048576K
}

Deoptimization events (10 events):
Event: 1.808 Thread 0x0000000002630800 Uncommon trap: reason=unstable_if action=reinterpret pc=0x0000000002ac47c4 method=com.android.dx.rop.type.Type.intern(Ljava/lang/String;)Lcom/android/dx/rop/type/Type; @ 67
Event: 1.923 Thread 0x00000000166e9800 Uncommon trap: reason=unstable_if action=reinterpret pc=0x0000000002a80f60 method=com.android.dx.rop.code.RegisterSpec.equals(ILcom/android/dx/rop/type/TypeBearer;Lcom/android/dx/rop/code/LocalItem;)Z @ 16
Event: 1.924 Thread 0x00000000166e9800 Uncommon trap: reason=unstable_if action=reinterpret pc=0x0000000002e2f1a8 method=com.android.dx.ssa.LocalVariableExtractor.processBlock(I)V @ 251
Event: 1.990 Thread 0x00000000166f1800 Uncommon trap: reason=unstable_if action=reinterpret pc=0x0000000002c1b59c method=com.android.dx.ssa.SsaMethod.updateOneDefinition(Lcom/android/dx/ssa/SsaInsn;Lcom/android/dx/rop/code/RegisterSpec;)V @ 4
Event: 2.115 Thread 0x00000000166fa800 Uncommon trap: reason=unstable_if action=reinterpret pc=0x0000000002d9c510 method=com.android.dx.ssa.SCCP.simulateStmt(Lcom/android/dx/ssa/SsaInsn;)V @ 59
Event: 2.123 Thread 0x00000000166fa800 Uncommon trap: reason=unstable_if action=reinterpret pc=0x0000000002ccfd8c method=com.android.dx.ssa.MoveParamCombiner$1.visitNonMoveInsn(Lcom/android/dx/ssa/NormalSsaInsn;)V @ 27
Event: 2.150 Thread 0x00000000166f1800 Uncommon trap: reason=unstable_if action=reinterpret pc=0x0000000002dcfb14 method=com.android.dx.ssa.SCCP.simulateBranch(Lcom/android/dx/ssa/SsaInsn;)V @ 548
Event: 2.150 Thread 0x00000000166f1800 Uncommon trap: reason=uninitialized action=reinterpret pc=0x0000000002e74abc method=com.android.dx.cf.code.BytecodeArray.parseInstruction(ILcom/android/dx/cf/code/BytecodeArray$Visitor;)I @ 1031
Event: 2.170 Thread 0x00000000166f0800 Uncommon trap: reason=class_check action=maybe_recompile pc=0x0000000002a5db0c method=java.util.HashMap.putVal(ILjava/lang/Object;Ljava/lang/Object;ZZ)Ljava/lang/Object; @ 203
Event: 2.220 Thread 0x00000000166e9800 Uncommon trap: reason=unstable_if action=reinterpret pc=0x0000000002e007e0 method=com.android.dx.ssa.SsaRenamer$BlockRenamer.process()V @ 90

Internal exceptions (3 events):
Event: 0.026 Thread 0x0000000002630800 Exception <a 'java/lang/NoSuchMethodError': Method sun.misc.Unsafe.defineClass(Ljava/lang/String;[BII)Ljava/lang/Class; name or signature does not match> (0x00000000eab07cc0) thrown at [C:\src\android\AOSP-openjdk\external\jetbrains\jdk\hotspot\src\share\v(K³ÑuÇš?
Event: 0.026 Thread 0x0000000002630800 Exception <a 'java/lang/NoSuchMethodError': Method sun.misc.Unsafe.prefetchRead(Ljava/lang/Object;J)V name or signature does not match> (0x00000000eab07fa8) thrown at [C:\src\android\AOSP-openjdk\external\jetbrains\jdk\hotspot\src\share\vm\prims\jni.cpp, l˜ð$n_û?
Event: 1.711 Thread 0x00000000166fa800 Implicit null exception at 0x0000000002bf8162 to 0x0000000002bf825a

Events (10 events):
Event: 2.165 Thread 0x00000000166f0800 DEOPT PACKING pc=0x0000000002e62c0d sp=0x0000000016f5edd0
Event: 2.165 Thread 0x00000000166f0800 DEOPT UNPACKING pc=0x00000000027775bf sp=0x0000000016f5eba8 mode 0
Event: 2.170 Thread 0x00000000166f0800 Uncommon trap: trap_request=0xffffffde fr.pc=0x0000000002a5db0c
Event: 2.170 Thread 0x00000000166f0800 DEOPT PACKING pc=0x0000000002a5db0c sp=0x0000000016f5eb40
Event: 2.170 Thread 0x00000000166f0800 DEOPT UNPACKING pc=0x000000000277556a sp=0x0000000016f5eac8 mode 2
Event: 2.196 Thread 0x00000000166fa800 DEOPT PACKING pc=0x0000000002d76509 sp=0x000000001715ee20
Event: 2.196 Thread 0x00000000166fa800 DEOPT UNPACKING pc=0x00000000027775bf sp=0x000000001715eba0 mode 0
Event: 2.219 Thread 0x00000000166e9800 Uncommon trap: trap_request=0xffffff65 fr.pc=0x0000000002e007e0
Event: 2.220 Thread 0x00000000166e9800 DEOPT PACKING pc=0x0000000002e007e0 sp=0x0000000016d5e870
Event: 2.220 Thread 0x00000000166e9800 DEOPT UNPACKING pc=0x000000000277556a sp=0x0000000016d5e880 mode 2


Dynamic libraries:
0x00007ff701100000 - 0x00007ff701135000 	E:\Android\android-studio-ide-145.2915834-windows\jre\bin\java.exe
0x00007ffc71010000 - 0x00007ffc711d1000 	C:\Windows\SYSTEM32\ntdll.dll
0x00007ffc70e50000 - 0x00007ffc70efd000 	C:\Windows\system32\KERNEL32.DLL
0x00007ffc6da90000 - 0x00007ffc6dc78000 	C:\Windows\system32\KERNELBASE.dll
0x00007ffc6eb70000 - 0x00007ffc6ec17000 	C:\Windows\system32\ADVAPI32.dll
0x00007ffc70f00000 - 0x00007ffc70f9d000 	C:\Windows\system32\msvcrt.dll
0x00007ffc6eb10000 - 0x00007ffc6eb6b000 	C:\Windows\system32\sechost.dll
0x00007ffc6ec80000 - 0x00007ffc6ed9c000 	C:\Windows\system32\RPCRT4.dll
0x00007ffc6f0f0000 - 0x00007ffc6f246000 	C:\Windows\system32\USER32.dll
0x00007ffc70960000 - 0x00007ffc70ae6000 	C:\Windows\system32\GDI32.dll
0x00007ffc5ff30000 - 0x00007ffc601a4000 	C:\Windows\WinSxS\amd64_microsoft.windows.common-controls_6595b64144ccf1df_6.0.10586.0_none_8c15ae12515e1c22\COMCTL32.dll
0x00007ffc6eda0000 - 0x00007ffc6f01d000 	C:\Windows\system32\combase.dll
0x00007ffc6d9a0000 - 0x00007ffc6da0a000 	C:\Windows\system32\bcryptPrimitives.dll
0x00007ffc6ec20000 - 0x00007ffc6ec5b000 	C:\Windows\system32\IMM32.DLL
0x0000000075bc0000 - 0x0000000075c92000 	E:\Android\android-studio-ide-145.2915834-windows\jre\jre\bin\msvcr100.dll
0x0000000075ca0000 - 0x00000000764d4000 	E:\Android\android-studio-ide-145.2915834-windows\jre\jre\bin\server\jvm.dll
0x00007ffc70c70000 - 0x00007ffc70c78000 	C:\Windows\system32\PSAPI.DLL
0x00007ffc61f00000 - 0x00007ffc61f09000 	C:\Windows\SYSTEM32\WSOCK32.dll
0x00007ffc6b5f0000 - 0x00007ffc6b613000 	C:\Windows\SYSTEM32\WINMM.dll
0x00007ffc70af0000 - 0x00007ffc70b5b000 	C:\Windows\system32\WS2_32.dll
0x00007ffc62e40000 - 0x00007ffc62e4a000 	C:\Windows\SYSTEM32\VERSION.dll
0x00007ffc6b590000 - 0x00007ffc6b5bc000 	C:\Windows\SYSTEM32\WINMMBASE.dll
0x00007ffc6d780000 - 0x00007ffc6d7c3000 	C:\Windows\system32\cfgmgr32.dll
0x00007ffc61e90000 - 0x00007ffc61e9f000 	E:\Android\android-studio-ide-145.2915834-windows\jre\jre\bin\verify.dll
0x00007ffc5f4d0000 - 0x00007ffc5f4f9000 	E:\Android\android-studio-ide-145.2915834-windows\jre\jre\bin\java.dll
0x00007ffc5fbf0000 - 0x00007ffc5fc06000 	E:\Android\android-studio-ide-145.2915834-windows\jre\jre\bin\zip.dll
0x00007ffc6f400000 - 0x00007ffc7095c000 	C:\Windows\system32\SHELL32.dll
0x00007ffc6ddc0000 - 0x00007ffc6e405000 	C:\Windows\system32\windows.storage.dll
0x00007ffc70c80000 - 0x00007ffc70cd2000 	C:\Windows\system32\shlwapi.dll
0x00007ffc6d660000 - 0x00007ffc6d66f000 	C:\Windows\system32\kernel.appcore.dll
0x00007ffc6d6c0000 - 0x00007ffc6d775000 	C:\Windows\system32\shcore.dll
0x00007ffc6d670000 - 0x00007ffc6d6bb000 	C:\Windows\system32\powrprof.dll
0x00007ffc6d630000 - 0x00007ffc6d644000 	C:\Windows\system32\profapi.dll

VM Arguments:
jvm_args: -Djava.awt.headless=true -Xmx1024M -Dfile.encoding=GBK -Duser.country=CN -Duser.language=zh -Duser.variant 
java_command: com.android.dx.command.Main --dex --num-threads=4 --output E:\Teapopo\app\build\intermediates\pre-dexed\debug\debug_a522b71e7afbff9183502dd320454d14b0b13bcb.jar E:\Teapopo\app\build\intermediates\classes\debug
java_class_path (initial): C:\Users\lhq\AppData\Local\Android\sdk\build-tools\23.0.3\lib\dx.jar
Launcher Type: SUN_STANDARD

Environment Variables:
JAVA_HOME=C:\Program Files\Java\jdk1.8.0_91
PATH=C:\ProgramData\Oracle\Java\javapath;C:\Windows\system32;C:\Windows;C:\Windows\System32\Wbem;C:\Windows\System32\WindowsPowerShell\v1.0\;C:\Users\lhq\AppData\Local\Android\sdk\platform-tools;C:\Users\lhq\AppData\Local\Android\sdk\tools;C:\Program Files\Java\jdk1.8.0_91\bin;C:\Program Files\Java\jdk1.8.0_91\jre\bin
USERNAME=lhq
OS=Windows_NT
PROCESSOR_IDENTIFIER=Intel64 Family 6 Model 69 Stepping 1, GenuineIntel



---------------  S Y S T E M  ---------------

OS: Windows 10.0 , 64 bit Build 10586 (10.0.10586.0)

CPU:total 4 (2 cores per cpu, 2 threads per core) family 6 model 69 stepping 1, cmov, cx8, fxsr, mmx, sse, sse2, sse3, ssse3, sse4.1, sse4.2, popcnt, avx, avx2, aes, clmul, erms, lzcnt, ht, tsc, tscinvbit, bmi1, bmi2

Memory: 4k page, physical 8067548k(950900k free), swap 8067548k(6512k free)

vm_info: OpenJDK 64-Bit Server VM (25.76-b01) for windows-amd64 JRE (1.8.0_76-release-b01), built on May 12 2016 23:29:00 by "ralucas" with MS VC++ 10.0 (VS2010)

time: Sat Jul 02 11:29:45 2016
elapsed time: 2 seconds (0d 0h 0m 2s)

