#
# There is insufficient memory for the Java Runtime Environment to continue.
# Native memory allocation (malloc) failed to allocate 32744 bytes for ChunkPool::allocate
# Possible reasons:
#   The system is out of physical RAM or swap space
#   In 32 bit mode, the process size limit was hit
# Possible solutions:
#   Reduce memory load on the system
#   Increase physical memory or swap space
#   Check if swap backing store is full
#   Use 64 bit Java on a 64 bit OS
#   Decrease Java heap size (-Xmx/-Xms)
#   Decrease number of Java threads
#   Decrease Java thread stack sizes (-Xss)
#   Set larger code cache with -XX:ReservedCodeCacheSize=
# This output file may be truncated or incomplete.
#
#  Out of Memory Error (allocation.cpp:273), pid=77232, tid=0x0000000000014874
#
# JRE version: OpenJDK Runtime Environment (8.0_76-b01) (build 1.8.0_76-release-b01)
# Java VM: OpenJDK 64-Bit Server VM (25.76-b01 mixed mode windows-amd64 compressed oops)
# Failed to write core dump. Minidumps are not enabled by default on client versions of Windows
#

---------------  T H R E A D  ---------------

Current thread (0x0000000014c1d800):  JavaThread "C2 CompilerThread0" daemon [_thread_in_native, id=84084, stack(0x00000000161c0000,0x00000000162c0000)]

Stack: [0x00000000161c0000,0x00000000162c0000]
[error occurred during error reporting (printing stack bounds), id 0xc0000005]

Native frames: (J=compiled Java code, j=interpreted, Vv=VM code, C=native code)


Current CompileTask:
C2:   1400  581       4       java.lang.String::<init> (82 bytes)


---------------  P R O C E S S  ---------------

Java Threads: ( => current thread )
  0x000000001646a800 JavaThread "pool-1-thread-4" [_thread_new, id=90496, stack(0x0000000000000000,0x0000000000000000)]
  0x000000001646a000 JavaThread "pool-1-thread-3" [_thread_in_Java, id=90624, stack(0x0000000016dc0000,0x0000000016ec0000)]
  0x000000001646e800 JavaThread "pool-1-thread-2" [_thread_in_vm, id=89920, stack(0x0000000016cc0000,0x0000000016dc0000)]
  0x0000000016469000 JavaThread "pool-2-thread-1" [_thread_blocked, id=84656, stack(0x0000000016bc0000,0x0000000016cc0000)]
  0x0000000016470000 JavaThread "pool-1-thread-1" [_thread_in_vm, id=90136, stack(0x0000000016ac0000,0x0000000016bc0000)]
  0x0000000016328000 JavaThread "Service Thread" daemon [_thread_blocked, id=85344, stack(0x00000000168c0000,0x00000000169c0000)]
  0x0000000016321800 JavaThread "C1 CompilerThread2" daemon [_thread_in_native, id=90264, stack(0x00000000167c0000,0x00000000168c0000)]
  0x0000000016316800 JavaThread "C2 CompilerThread1" daemon [_thread_in_native, id=90008, stack(0x00000000166c0000,0x00000000167c0000)]
=>0x0000000014c1d800 JavaThread "C2 CompilerThread0" daemon [_thread_in_native, id=84084, stack(0x00000000161c0000,0x00000000162c0000)]
  0x0000000014c1c000 JavaThread "Attach Listener" daemon [_thread_blocked, id=84092, stack(0x00000000160c0000,0x00000000161c0000)]
  0x0000000014c1b000 JavaThread "Signal Dispatcher" daemon [_thread_blocked, id=91068, stack(0x0000000015fc0000,0x00000000160c0000)]
  0x0000000014bf8800 JavaThread "Finalizer" daemon [_thread_blocked, id=90556, stack(0x0000000015e60000,0x0000000015f60000)]
  0x0000000002530000 JavaThread "Reference Handler" daemon [_thread_blocked, id=89740, stack(0x0000000015d60000,0x0000000015e60000)]
  0x0000000002440800 JavaThread "main" [_thread_in_vm, id=90540, stack(0x0000000001ee0000,0x0000000001fe0000)]

Other Threads:
  0x0000000014bd5800 VMThread [stack: 0x0000000015c60000,0x0000000015d60000] [id=90480]
  0x0000000016329800 WatcherThread [stack: 0x00000000169c0000,0x0000000016ac0000] [id=89948]

VM state:not at safepoint (normal execution)

VM Mutex/Monitor currently owned by a thread: None

Heap:
 PSYoungGen      total 36864K, used 12093K [0x00000000eab00000, 0x00000000ed400000, 0x0000000100000000)
  eden space 31744K, 38% used [0x00000000eab00000,0x00000000eb6cf748,0x00000000eca00000)
  from space 5120K, 0% used [0x00000000ecf00000,0x00000000ecf00000,0x00000000ed400000)
  to   space 5120K, 0% used [0x00000000eca00000,0x00000000eca00000,0x00000000ecf00000)
 ParOldGen       total 84992K, used 0K [0x00000000c0000000, 0x00000000c5300000, 0x00000000eab00000)
  object space 84992K, 0% used [0x00000000c0000000,0x00000000c0000000,0x00000000c5300000)
 Metaspace       used 5528K, capacity 6512K, committed 6784K, reserved 1056768K
  class space    used 575K, capacity 616K, committed 640K, reserved 1048576K

Card table byte_map: [0x0000000011900000,0x0000000011b10000] byte_map_base: 0x0000000011300000

Marking Bits: (ParMarkBitMap*) 0x000000005f499d00
 Begin Bits: [0x0000000012070000, 0x0000000013070000)
 End Bits:   [0x0000000013070000, 0x0000000014070000)

Polling page: 0x0000000000450000

CodeCache: size=245760Kb used=2248Kb max_used=2259Kb free=243511Kb
 bounds [0x0000000002540000, 0x00000000027b0000, 0x0000000011540000]
 total_blobs=832 nmethods=562 adapters=184
 compilation: enabled

Compilation events (10 events):
Event: 1.383 Thread 0x0000000016321800 nmethod 559 0x0000000002771b90 code [0x0000000002771d40, 0x0000000002772250]
Event: 1.383 Thread 0x0000000016321800  560       3       com.android.dx.cf.code.BasicBlocker::setPreviousOffset (6 bytes)
Event: 1.383 Thread 0x0000000016321800 nmethod 560 0x0000000002771850 code [0x00000000027719a0, 0x0000000002771af0]
Event: 1.383 Thread 0x0000000016321800  561       3       com.android.dx.rop.code.CstInsn::<init> (31 bytes)
Event: 1.384 Thread 0x0000000016321800 nmethod 561 0x0000000002771310 code [0x0000000002771480, 0x0000000002771738]
Event: 1.384 Thread 0x0000000016321800  562   !   3       com.android.dx.cf.code.BytecodeArray::parseInstruction (2764 bytes)
Event: 1.386 Thread 0x0000000016316800  577   !   4       com.android.dx.util.IntList::get (36 bytes)
Event: 1.387 Thread 0x0000000016316800 nmethod 577 0x0000000002772e10 code [0x0000000002772f40, 0x0000000002772ff8]
Event: 1.397 Thread 0x0000000014c1d800  581       4       java.lang.String::<init> (82 bytes)
Event: 1.397 Thread 0x0000000016316800  582       4       com.android.dx.rop.cst.CstString::utf8BytesToString (391 bytes)

GC Heap History (0 events):
No events

Deoptimization events (1 events):
Event: 0.567 Thread 0x0000000002440800 Uncommon trap: reason=unstable_if action=reinterpret pc=0x0000000002681ed4 method=java.lang.String.indexOf(II)I @ 49

Internal exceptions (2 events):
Event: 0.164 Thread 0x0000000002440800 Exception <a 'java/lang/NoSuchMethodError': Method sun.misc.Unsafe.defineClass(Ljava/lang/String;[BII)Ljava/lang/Class; name or signature does not match> (0x00000000eab07cc0) thrown at [C:\src\android\AOSP-openjdk\external\jetbrains\jdk\hotspot\src\share\vò*ëìÁÅ?
Event: 0.164 Thread 0x0000000002440800 Exception <a 'java/lang/NoSuchMethodError': Method sun.misc.Unsafe.prefetchRead(Ljava/lang/Object;J)V name or signature does not match> (0x00000000eab07fa8) thrown at [C:\src\android\AOSP-openjdk\external\jetbrains\jdk\hotspot\src\share\vm\prims\jni.cpp, l

Events (10 events):
Event: 1.353 loading class java/util/DualPivotQuicksort
Event: 1.353 loading class java/util/DualPivotQuicksort done
Event: 1.362 loading class com/android/dx/dex/file/MethodAnnotationStruct
Event: 1.362 loading class com/android/dx/dex/file/MethodAnnotationStruct done
Event: 1.367 loading class com/android/dx/dex/file/ParameterAnnotationStruct
Event: 1.368 loading class com/android/dx/dex/file/ParameterAnnotationStruct done
Event: 1.378 loading class com/android/dx/dex/file/UniformListItem
Event: 1.378 loading class com/android/dx/dex/file/UniformListItem done
Event: 1.381 loading class com/android/dx/dex/file/AnnotationSetRefItem
Event: 1.381 loading class com/android/dx/dex/file/AnnotationSetRefItem done


Dynamic libraries:
0x00007ff6a3010000 - 0x00007ff6a3045000 	E:\Android\android-studio-ide-145.2915834-windows\jre\bin\java.exe
0x00007ffecf410000 - 0x00007ffecf5d1000 	C:\Windows\SYSTEM32\ntdll.dll
0x00007ffecef70000 - 0x00007ffecf01d000 	C:\Windows\system32\KERNEL32.DLL
0x00007ffecc330000 - 0x00007ffecc518000 	C:\Windows\system32\KERNELBASE.dll
0x00007ffecc9e0000 - 0x00007ffecca87000 	C:\Windows\system32\ADVAPI32.dll
0x00007ffece4c0000 - 0x00007ffece55d000 	C:\Windows\system32\msvcrt.dll
0x00007ffeccd10000 - 0x00007ffeccd6b000 	C:\Windows\system32\sechost.dll
0x00007ffece730000 - 0x00007ffece84c000 	C:\Windows\system32\RPCRT4.dll
0x00007ffece920000 - 0x00007ffecea76000 	C:\Windows\system32\USER32.dll
0x00007ffeccd90000 - 0x00007ffeccf16000 	C:\Windows\system32\GDI32.dll
0x00007ffebe600000 - 0x00007ffebe874000 	C:\Windows\WinSxS\amd64_microsoft.windows.common-controls_6595b64144ccf1df_6.0.10586.0_none_8c15ae12515e1c22\COMCTL32.dll
0x00007ffecca90000 - 0x00007ffeccd0d000 	C:\Windows\system32\combase.dll
0x00007ffecc520000 - 0x00007ffecc58a000 	C:\Windows\system32\bcryptPrimitives.dll
0x00007ffeccf20000 - 0x00007ffeccf5b000 	C:\Windows\system32\IMM32.DLL
0x00000000600f0000 - 0x00000000601c2000 	E:\Android\android-studio-ide-145.2915834-windows\jre\jre\bin\msvcr100.dll
0x000000005ece0000 - 0x000000005f514000 	E:\Android\android-studio-ide-145.2915834-windows\jre\jre\bin\server\jvm.dll
0x00007ffecf1d0000 - 0x00007ffecf1d8000 	C:\Windows\system32\PSAPI.DLL
0x00007ffec8ed0000 - 0x00007ffec8ed9000 	C:\Windows\SYSTEM32\WSOCK32.dll
0x00007ffece560000 - 0x00007ffece5cb000 	C:\Windows\system32\WS2_32.dll
0x00007ffec9d40000 - 0x00007ffec9d63000 	C:\Windows\SYSTEM32\WINMM.dll
0x00007ffec1700000 - 0x00007ffec170a000 	C:\Windows\SYSTEM32\VERSION.dll
0x00007ffec9bf0000 - 0x00007ffec9c1c000 	C:\Windows\SYSTEM32\WINMMBASE.dll
0x00007ffecbbd0000 - 0x00007ffecbc13000 	C:\Windows\system32\cfgmgr32.dll
0x00007ffec8e10000 - 0x00007ffec8e1f000 	E:\Android\android-studio-ide-145.2915834-windows\jre\jre\bin\verify.dll
0x00007ffec8d10000 - 0x00007ffec8d39000 	E:\Android\android-studio-ide-145.2915834-windows\jre\jre\bin\java.dll
0x00007ffec8cd0000 - 0x00007ffec8ce6000 	E:\Android\android-studio-ide-145.2915834-windows\jre\jre\bin\zip.dll
0x00007ffeccf60000 - 0x00007ffece4bc000 	C:\Windows\system32\SHELL32.dll
0x00007ffecbce0000 - 0x00007ffecc325000 	C:\Windows\system32\windows.storage.dll
0x00007ffecea80000 - 0x00007ffecead2000 	C:\Windows\system32\shlwapi.dll
0x00007ffecba90000 - 0x00007ffecba9f000 	C:\Windows\system32\kernel.appcore.dll
0x00007ffecbc20000 - 0x00007ffecbcd5000 	C:\Windows\system32\shcore.dll
0x00007ffecba30000 - 0x00007ffecba7b000 	C:\Windows\system32\powrprof.dll
0x00007ffecbaa0000 - 0x00007ffecbab4000 	C:\Windows\system32\profapi.dll

VM Arguments:
jvm_args: -Djava.awt.headless=true -Xmx1024M -Dfile.encoding=GBK -Duser.country=CN -Duser.language=zh -Duser.variant 
java_command: com.android.dx.command.Main --dex --num-threads=4 --output E:\Teapopo\app\build\intermediates\pre-dexed\debug\com.android.support-customtabs-23.3.0_89850768dac8b46160b36122fe0c0eff02962215.jar E:\Teapopo\app\build\intermediates\exploded-aar\com.android.support\customtabs\23.3.0\jars\classes.jar
java_class_path (initial): C:\Users\lhq\AppData\Local\Android\sdk\build-tools\23.0.3\lib\dx.jar
Launcher Type: SUN_STANDARD

Environment Variables:
JAVA_HOME=C:\Program Files\Java\jdk1.8.0_91
PATH=C:\ProgramData\Oracle\Java\javapath;C:\Windows\system32;C:\Windows;C:\Windows\System32\Wbem;C:\Windows\System32\WindowsPowerShell\v1.0\;C:\Users\lhq\AppData\Local\Android\sdk\platform-tools;C:\Users\lhq\AppData\Local\Android\sdk\tools;C:\Program Files\Java\jdk1.8.0_91\bin;C:\Program Files\Java\jdk1.8.0_91\jre\bin
USERNAME=lhq
OS=Windows_NT
PROCESSOR_IDENTIFIER=Intel64 Family 6 Model 69 Stepping 1, GenuineIntel



---------------  S Y S T E M  ---------------

OS: Windows 10.0 , 64 bit Build 10586 (10.0.10586.0)

CPU:total 4 (2 cores per cpu, 2 threads per core) family 6 model 69 stepping 1, cmov, cx8, fxsr, mmx, sse, sse2, sse3, ssse3, sse4.1, sse4.2, popcnt, avx, avx2, aes, clmul, erms, lzcnt, ht, tsc, tscinvbit, bmi1, bmi2

Memory: 4k page, physical 8067548k(1032596k free), swap 8067548k(5132k free)

vm_info: OpenJDK 64-Bit Server VM (25.76-b01) for windows-amd64 JRE (1.8.0_76-release-b01), built on May 12 2016 23:29:00 by "ralucas" with MS VC++ 10.0 (VS2010)

time: Thu Jul 07 09:33:41 2016
elapsed time: 1 seconds (0d 0h 0m 1s)

