#
# There is insufficient memory for the Java Runtime Environment to continue.
# Native memory allocation (malloc) failed to allocate 51456 bytes for Chunk::new
# Possible reasons:
#   The system is out of physical RAM or swap space
#   In 32 bit mode, the process size limit was hit
# Possible solutions:
#   Reduce memory load on the system
#   Increase physical memory or swap space
#   Check if swap backing store is full
#   Use 64 bit Java on a 64 bit OS
#   Decrease Java heap size (-Xmx/-Xms)
#   Decrease number of Java threads
#   Decrease Java thread stack sizes (-Xss)
#   Set larger code cache with -XX:ReservedCodeCacheSize=
# This output file may be truncated or incomplete.
#
#  Out of Memory Error (allocation.cpp:390), pid=6636, tid=0x00000000000019a8
#
# JRE version: OpenJDK Runtime Environment (8.0_76-b01) (build 1.8.0_76-release-b01)
# Java VM: OpenJDK 64-Bit Server VM (25.76-b01 mixed mode windows-amd64 compressed oops)
# Failed to write core dump. Minidumps are not enabled by default on client versions of Windows
#

---------------  T H R E A D  ---------------

Current thread (0x0000000014c6d800):  JavaThread "C2 CompilerThread0" daemon [_thread_in_native, id=6568, stack(0x00000000161d0000,0x00000000162d0000)]

Stack: [0x00000000161d0000,0x00000000162d0000]
[error occurred during error reporting (printing stack bounds), id 0xc0000005]

Native frames: (J=compiled Java code, j=interpreted, Vv=VM code, C=native code)


Current CompileTask:
C2:   1802  972       4       com.android.dx.rop.code.BasicBlockList$RegCountVisitor::visit (52 bytes)


---------------  P R O C E S S  ---------------

Java Threads: ( => current thread )
  0x0000000016561000 JavaThread "pool-1-thread-2" [_thread_in_vm, id=6232, stack(0x0000000016cd0000,0x0000000016dd0000)]
  0x0000000016481800 JavaThread "pool-2-thread-1" [_thread_blocked, id=3136, stack(0x0000000016bd0000,0x0000000016cd0000)]
  0x000000001632e800 JavaThread "Service Thread" daemon [_thread_blocked, id=6332, stack(0x00000000168d0000,0x00000000169d0000)]
  0x0000000016320000 JavaThread "C1 CompilerThread2" daemon [_thread_blocked, id=576, stack(0x00000000167d0000,0x00000000168d0000)]
  0x000000001631a000 JavaThread "C2 CompilerThread1" daemon [_thread_in_native, id=7080, stack(0x00000000166d0000,0x00000000167d0000)]
=>0x0000000014c6d800 JavaThread "C2 CompilerThread0" daemon [_thread_in_native, id=6568, stack(0x00000000161d0000,0x00000000162d0000)]
  0x0000000014c6c000 JavaThread "Attach Listener" daemon [_thread_blocked, id=5580, stack(0x00000000160d0000,0x00000000161d0000)]
  0x0000000014c6b000 JavaThread "Signal Dispatcher" daemon [_thread_blocked, id=6928, stack(0x0000000015fd0000,0x00000000160d0000)]
  0x00000000021ca000 JavaThread "Finalizer" daemon [_thread_blocked, id=7132, stack(0x0000000015ed0000,0x0000000015fd0000)]
  0x00000000021c0000 JavaThread "Reference Handler" daemon [_thread_blocked, id=3500, stack(0x0000000015dd0000,0x0000000015ed0000)]
  0x00000000020d0800 JavaThread "main" [_thread_blocked, id=6832, stack(0x0000000000850000,0x0000000000950000)]

Other Threads:
  0x0000000014c25800 VMThread [stack: 0x0000000015cd0000,0x0000000015dd0000] [id=5328]
  0x0000000016331000 WatcherThread [stack: 0x00000000169d0000,0x0000000016ad0000] [id=7104]

VM state:not at safepoint (normal execution)

VM Mutex/Monitor currently owned by a thread: None

Heap:
 PSYoungGen      total 36864K, used 18691K [0x00000000eab00000, 0x00000000ed400000, 0x0000000100000000)
  eden space 31744K, 58% used [0x00000000eab00000,0x00000000ebd40d00,0x00000000eca00000)
  from space 5120K, 0% used [0x00000000ecf00000,0x00000000ecf00000,0x00000000ed400000)
  to   space 5120K, 0% used [0x00000000eca00000,0x00000000eca00000,0x00000000ecf00000)
 ParOldGen       total 84992K, used 0K [0x00000000c0000000, 0x00000000c5300000, 0x00000000eab00000)
  object space 84992K, 0% used [0x00000000c0000000,0x00000000c0000000,0x00000000c5300000)
 Metaspace       used 5807K, capacity 6768K, committed 7040K, reserved 1056768K
  class space    used 578K, capacity 616K, committed 640K, reserved 1048576K

Card table byte_map: [0x0000000011950000,0x0000000011b60000] byte_map_base: 0x0000000011350000

Marking Bits: (ParMarkBitMap*) 0x000000005e0b9d00
 Begin Bits: [0x00000000120c0000, 0x00000000130c0000)
 End Bits:   [0x00000000130c0000, 0x00000000140c0000)

Polling page: 0x0000000000510000

CodeCache: size=245760Kb used=3980Kb max_used=3991Kb free=241779Kb
 bounds [0x0000000002590000, 0x0000000002980000, 0x0000000011590000]
 total_blobs=1241 nmethods=971 adapters=184
 compilation: enabled

Compilation events (10 events):
Event: 1.737 Thread 0x000000001631a000 nmethod 964 0x000000000296c290 code [0x000000000296c3e0, 0x000000000296c698]
Event: 1.737 Thread 0x0000000016320000 nmethod 967 0x0000000002970f90 code [0x00000000029711a0, 0x0000000002971cd8]
Event: 1.788 Thread 0x0000000016320000  968       1       com.android.dx.ssa.back.FirstFitLocalCombiningAllocator$Multiset::getSize (5 bytes)
Event: 1.788 Thread 0x0000000016320000 nmethod 968 0x000000000296dfd0 code [0x000000000296e120, 0x000000000296e230]
Event: 1.789 Thread 0x0000000016320000  969       3       com.android.dx.ssa.back.FirstFitLocalCombiningAllocator$Multiset::add (68 bytes)
Event: 1.790 Thread 0x0000000016320000 nmethod 969 0x000000000296d8d0 code [0x000000000296da60, 0x000000000296dd50]
Event: 1.790 Thread 0x0000000014c6d800  970       4       com.android.dx.ssa.SsaMethod::updateOneDefinition (70 bytes)
Event: 1.791 Thread 0x0000000014c6d800 nmethod 970 0x0000000002966610 code [0x0000000002966740, 0x00000000029667b8]
Event: 1.792 Thread 0x000000001631a000  971       4       com.android.dx.ssa.SsaInsn::mapRegisters (35 bytes)
Event: 1.799 Thread 0x0000000014c6d800  972       4       com.android.dx.rop.code.BasicBlockList$RegCountVisitor::visit (52 bytes)

GC Heap History (0 events):
No events

Deoptimization events (3 events):
Event: 0.391 Thread 0x00000000020d0800 Uncommon trap: reason=unstable_if action=reinterpret pc=0x00000000026dfdd4 method=java.lang.String.indexOf(II)I @ 49
Event: 1.151 Thread 0x0000000016561000 Uncommon trap: reason=unstable_if action=reinterpret pc=0x000000000288fcbc method=com.android.dx.rop.code.RegisterSpec.equals(ILcom/android/dx/rop/type/TypeBearer;Lcom/android/dx/rop/code/LocalItem;)Z @ 42
Event: 1.650 Thread 0x0000000016561000 Uncommon trap: reason=null_check action=make_not_entrant pc=0x00000000028fc01c method=com.android.dx.ssa.SsaRenamer.getLocalForNewReg(I)Lcom/android/dx/rop/code/LocalItem; @ 19

Internal exceptions (3 events):
Event: 0.054 Thread 0x00000000020d0800 Exception <a 'java/lang/NoSuchMethodError': Method sun.misc.Unsafe.defineClass(Ljava/lang/String;[BII)Ljava/lang/Class; name or signature does not match> (0x00000000eab07cc0) thrown at [C:\src\android\AOSP-openjdk\external\jetbrains\jdk\hotspot\src\share\v
b@Æ|¶«?
Event: 0.054 Thread 0x00000000020d0800 Exception <a 'java/lang/NoSuchMethodError': Method sun.misc.Unsafe.prefetchRead(Ljava/lang/Object;J)V name or signature does not match> (0x00000000eab07fa8) thrown at [C:\src\android\AOSP-openjdk\external\jetbrains\jdk\hotspot\src\share\vm\prims\jni.cpp, l‘·~gú?
Event: 1.650 Thread 0x0000000016561000 Implicit null exception at 0x00000000028f9775 to 0x00000000028fbfd5

Events (10 events):
Event: 1.306 loading class java/util/ArrayList$1 done
Event: 1.316 loading class java/util/TreeMap$EntrySet
Event: 1.316 loading class java/util/TreeMap$EntrySet done
Event: 1.316 loading class java/util/TreeMap$EntryIterator
Event: 1.316 loading class java/util/TreeMap$EntryIterator done
Event: 1.650 Thread 0x0000000016561000 Uncommon trap: trap_request=0xfffffff4 fr.pc=0x00000000028fc01c
Event: 1.650 Thread 0x0000000016561000 DEOPT PACKING pc=0x00000000028fc01c sp=0x0000000016dce840
Event: 1.650 Thread 0x0000000016561000 DEOPT UNPACKING pc=0x00000000025d556a sp=0x0000000016dce698 mode 2
Event: 1.730 Executing VM operation: ForceSafepoint
Event: 1.730 Executing VM operation: ForceSafepoint done


Dynamic libraries:
0x00007ff6012a0000 - 0x00007ff6012d5000 	E:\Android\android-studio-ide-145.2915834-windows\jre\bin\java.exe
0x00007ffbe4110000 - 0x00007ffbe42d1000 	C:\Windows\SYSTEM32\ntdll.dll
0x00007ffbe2080000 - 0x00007ffbe212d000 	C:\Windows\system32\KERNEL32.DLL
0x00007ffbe0ec0000 - 0x00007ffbe10a8000 	C:\Windows\system32\KERNELBASE.dll
0x00007ffbe3c80000 - 0x00007ffbe3d27000 	C:\Windows\system32\ADVAPI32.dll
0x00007ffbe4070000 - 0x00007ffbe410d000 	C:\Windows\system32\msvcrt.dll
0x00007ffbe22d0000 - 0x00007ffbe232b000 	C:\Windows\system32\sechost.dll
0x00007ffbe1d60000 - 0x00007ffbe1e7c000 	C:\Windows\system32\RPCRT4.dll
0x00007ffbe1970000 - 0x00007ffbe1ac6000 	C:\Windows\system32\USER32.dll
0x00007ffbe2140000 - 0x00007ffbe22c6000 	C:\Windows\system32\GDI32.dll
0x00007ffbd4c10000 - 0x00007ffbd4e84000 	C:\Windows\WinSxS\amd64_microsoft.windows.common-controls_6595b64144ccf1df_6.0.10586.0_none_8c15ae12515e1c22\COMCTL32.dll
0x00007ffbe24a0000 - 0x00007ffbe271d000 	C:\Windows\system32\combase.dll
0x00007ffbe14a0000 - 0x00007ffbe150a000 	C:\Windows\system32\bcryptPrimitives.dll
0x00007ffbe1ef0000 - 0x00007ffbe1f2b000 	C:\Windows\system32\IMM32.DLL
0x000000005d820000 - 0x000000005d8f2000 	E:\Android\android-studio-ide-145.2915834-windows\jre\jre\bin\msvcr100.dll
0x000000005d900000 - 0x000000005e134000 	E:\Android\android-studio-ide-145.2915834-windows\jre\jre\bin\server\jvm.dll
0x00007ffbe1530000 - 0x00007ffbe1538000 	C:\Windows\system32\PSAPI.DLL
0x00007ffbd92f0000 - 0x00007ffbd92f9000 	C:\Windows\SYSTEM32\WSOCK32.dll
0x00007ffbe3d30000 - 0x00007ffbe3d9b000 	C:\Windows\system32\WS2_32.dll
0x00007ffbdea60000 - 0x00007ffbdea83000 	C:\Windows\SYSTEM32\WINMM.dll
0x00007ffbd61b0000 - 0x00007ffbd61ba000 	C:\Windows\SYSTEM32\VERSION.dll
0x00007ffbdea00000 - 0x00007ffbdea2c000 	C:\Windows\SYSTEM32\WINMMBASE.dll
0x00007ffbe1300000 - 0x00007ffbe1343000 	C:\Windows\system32\cfgmgr32.dll
0x00007ffbd92e0000 - 0x00007ffbd92ef000 	E:\Android\android-studio-ide-145.2915834-windows\jre\jre\bin\verify.dll
0x00007ffbd92b0000 - 0x00007ffbd92d9000 	E:\Android\android-studio-ide-145.2915834-windows\jre\jre\bin\java.dll
0x00007ffbd9110000 - 0x00007ffbd9126000 	E:\Android\android-studio-ide-145.2915834-windows\jre\jre\bin\zip.dll
0x00007ffbe2720000 - 0x00007ffbe3c7c000 	C:\Windows\system32\SHELL32.dll
0x00007ffbe07c0000 - 0x00007ffbe0e05000 	C:\Windows\system32\windows.storage.dll
0x00007ffbe2440000 - 0x00007ffbe2492000 	C:\Windows\system32\shlwapi.dll
0x00007ffbe0730000 - 0x00007ffbe073f000 	C:\Windows\system32\kernel.appcore.dll
0x00007ffbe1350000 - 0x00007ffbe1405000 	C:\Windows\system32\shcore.dll
0x00007ffbe0770000 - 0x00007ffbe07bb000 	C:\Windows\system32\powrprof.dll
0x00007ffbe0740000 - 0x00007ffbe0754000 	C:\Windows\system32\profapi.dll

VM Arguments:
jvm_args: -Djava.awt.headless=true -Xmx1024M -Dfile.encoding=GBK -Duser.country=CN -Duser.language=zh -Duser.variant 
java_command: com.android.dx.command.Main --dex --num-threads=4 --output E:\Teapopo\app\build\intermediates\pre-dexed\debug\com.google.android-flexbox-0.2.2_3a29bacee87d0b30a32af73665e3e62b4ab73155.jar E:\Teapopo\app\build\intermediates\exploded-aar\com.google.android\flexbox\0.2.2\jars\classes.jar
java_class_path (initial): C:\Users\lhq\AppData\Local\Android\sdk\build-tools\23.0.3\lib\dx.jar
Launcher Type: SUN_STANDARD

Environment Variables:
JAVA_HOME=C:\Program Files\Java\jdk1.8.0_91
PATH=C:\ProgramData\Oracle\Java\javapath;C:\Windows\system32;C:\Windows;C:\Windows\System32\Wbem;C:\Windows\System32\WindowsPowerShell\v1.0\;C:\Users\lhq\AppData\Local\Android\sdk\platform-tools;C:\Users\lhq\AppData\Local\Android\sdk\tools;C:\Program Files\Java\jdk1.8.0_91\bin;C:\Program Files\Java\jdk1.8.0_91\jre\bin
USERNAME=lhq
OS=Windows_NT
PROCESSOR_IDENTIFIER=Intel64 Family 6 Model 69 Stepping 1, GenuineIntel



---------------  S Y S T E M  ---------------

OS: Windows 10.0 , 64 bit Build 10586 (10.0.10586.0)

CPU:total 4 (2 cores per cpu, 2 threads per core) family 6 model 69 stepping 1, cmov, cx8, fxsr, mmx, sse, sse2, sse3, ssse3, sse4.1, sse4.2, popcnt, avx, avx2, aes, clmul, erms, lzcnt, ht, tsc, tscinvbit, bmi1, bmi2

Memory: 4k page, physical 8067548k(1059204k free), swap 8067548k(3076k free)

vm_info: OpenJDK 64-Bit Server VM (25.76-b01) for windows-amd64 JRE (1.8.0_76-release-b01), built on May 12 2016 23:29:00 by "ralucas" with MS VC++ 10.0 (VS2010)

time: Wed Jul 13 11:04:33 2016
elapsed time: 1 seconds (0d 0h 0m 1s)

