#
# There is insufficient memory for the Java Runtime Environment to continue.
# Native memory allocation (malloc) failed to allocate 857936 bytes for Chunk::new
# Possible reasons:
#   The system is out of physical RAM or swap space
#   In 32 bit mode, the process size limit was hit
# Possible solutions:
#   Reduce memory load on the system
#   Increase physical memory or swap space
#   Check if swap backing store is full
#   Use 64 bit Java on a 64 bit OS
#   Decrease Java heap size (-Xmx/-Xms)
#   Decrease number of Java threads
#   Decrease Java thread stack sizes (-Xss)
#   Set larger code cache with -XX:ReservedCodeCacheSize=
# This output file may be truncated or incomplete.
#
#  Out of Memory Error (allocation.cpp:390), pid=166868, tid=0x0000000000028fb4
#
# JRE version: OpenJDK Runtime Environment (8.0_76-b01) (build 1.8.0_76-release-b01)
# Java VM: OpenJDK 64-Bit Server VM (25.76-b01 mixed mode windows-amd64 compressed oops)
# Failed to write core dump. Minidumps are not enabled by default on client versions of Windows
#

---------------  T H R E A D  ---------------

Current thread (0x0000000014cec000):  JavaThread "C2 CompilerThread1" daemon [_thread_in_native, id=167860, stack(0x00000000162f0000,0x00000000163f0000)]

Stack: [0x00000000162f0000,0x00000000163f0000]
[error occurred during error reporting (printing stack bounds), id 0xc0000005]

Native frames: (J=compiled Java code, j=interpreted, Vv=VM code, C=native code)


Current CompileTask:
C2:   8554 1977       4       com.android.dx.rop.code.LocalVariableExtractor::processBlock (327 bytes)


---------------  P R O C E S S  ---------------

Java Threads: ( => current thread )
  0x0000000016455000 JavaThread "Service Thread" daemon [_thread_blocked, id=164008, stack(0x00000000168f0000,0x00000000169f0000)]
  0x0000000016451000 JavaThread "C1 CompilerThread2" daemon [_thread_blocked, id=167100, stack(0x00000000167f0000,0x00000000168f0000)]
=>0x0000000014cec000 JavaThread "C2 CompilerThread1" daemon [_thread_in_native, id=167860, stack(0x00000000162f0000,0x00000000163f0000)]
  0x0000000014c9d800 JavaThread "C2 CompilerThread0" daemon [_thread_in_native, id=167840, stack(0x00000000161f0000,0x00000000162f0000)]
  0x0000000014c9c000 JavaThread "Attach Listener" daemon [_thread_blocked, id=165652, stack(0x00000000160f0000,0x00000000161f0000)]
  0x0000000014c9b000 JavaThread "Signal Dispatcher" daemon [_thread_blocked, id=167284, stack(0x0000000015ff0000,0x00000000160f0000)]
  0x0000000014c78800 JavaThread "Finalizer" daemon [_thread_blocked, id=167220, stack(0x0000000015ef0000,0x0000000015ff0000)]
  0x00000000025b0000 JavaThread "Reference Handler" daemon [_thread_blocked, id=166884, stack(0x0000000015df0000,0x0000000015ef0000)]
  0x00000000024c0800 JavaThread "main" [_thread_in_Java, id=167700, stack(0x00000000022b0000,0x00000000023b0000)]

Other Threads:
  0x0000000014c55800 VMThread [stack: 0x0000000015cf0000,0x0000000015df0000] [id=157972]
  0x0000000016457000 WatcherThread [stack: 0x00000000169f0000,0x0000000016af0000] [id=166988]

VM state:not at safepoint (normal execution)

VM Mutex/Monitor currently owned by a thread: None

Heap:
 PSYoungGen      total 271360K, used 63539K [0x00000000eab00000, 0x00000000fe700000, 0x0000000100000000)
  eden space 242176K, 14% used [0x00000000eab00000,0x00000000ecc91f38,0x00000000f9780000)
  from space 29184K, 99% used [0x00000000fbb80000,0x00000000fd7fae70,0x00000000fd800000)
  to   space 36864K, 0% used [0x00000000f9780000,0x00000000f9780000,0x00000000fbb80000)
 ParOldGen       total 84992K, used 45028K [0x00000000c0000000, 0x00000000c5300000, 0x00000000eab00000)
  object space 84992K, 52% used [0x00000000c0000000,0x00000000c2bf9270,0x00000000c5300000)
 Metaspace       used 6836K, capacity 7480K, committed 7552K, reserved 1056768K
  class space    used 617K, capacity 624K, committed 640K, reserved 1048576K

Card table byte_map: [0x0000000011980000,0x0000000011b90000] byte_map_base: 0x0000000011380000

Marking Bits: (ParMarkBitMap*) 0x000000005f499d00
 Begin Bits: [0x00000000120f0000, 0x00000000130f0000)
 End Bits:   [0x00000000130f0000, 0x00000000140f0000)

Polling page: 0x0000000000450000

CodeCache: size=245760Kb used=10461Kb max_used=10461Kb free=235298Kb
 bounds [0x00000000025c0000, 0x0000000003010000, 0x00000000115c0000]
 total_blobs=2688 nmethods=2417 adapters=184
 compilation: enabled

Compilation events (10 events):
Event: 8.466 Thread 0x0000000016451000 2459       3       com.android.dx.rop.code.SourcePosition::equals (46 bytes)
Event: 8.467 Thread 0x0000000016451000 nmethod 2459 0x0000000002fe8050 code [0x0000000002fe81e0, 0x0000000002fe8708]
Event: 8.467 Thread 0x0000000016451000 2460       3       com.android.dx.dex.code.StdCatchBuilder::handlersFor (216 bytes)
Event: 8.469 Thread 0x0000000016451000 nmethod 2460 0x0000000002ff8dd0 code [0x0000000002ff9140, 0x0000000002ffb298]
Event: 8.470 Thread 0x0000000016451000 2461       3       com.android.dx.dex.code.OutputFinisher::findOpcodeForInsn (51 bytes)
Event: 8.471 Thread 0x0000000016451000 nmethod 2461 0x0000000002f93910 code [0x0000000002f93ae0, 0x0000000002f942b8]
Event: 8.473 Thread 0x0000000016451000 2462   !   3       com.android.dx.rop.cst.CstType::intern (48 bytes)
Event: 8.474 Thread 0x0000000016451000 nmethod 2462 0x0000000002fdd990 code [0x0000000002fddba0, 0x0000000002fde7c8]
Event: 8.474 Thread 0x0000000016451000 2463       3       com.android.dx.dex.file.FieldIdsSection::get (49 bytes)
Event: 8.474 Thread 0x0000000016451000 nmethod 2463 0x0000000002fdc350 code [0x0000000002fdc540, 0x0000000002fdcd98]

GC Heap History (10 events):
Event: 3.125 GC heap before
{Heap before GC invocations=4 (full 0):
 PSYoungGen      total 36864K, used 36853K [0x00000000eab00000, 0x00000000ef300000, 0x0000000100000000)
  eden space 31744K, 100% used [0x00000000eab00000,0x00000000eca00000,0x00000000eca00000)
  from space 5120K, 99% used [0x00000000eca00000,0x00000000ecefd480,0x00000000ecf00000)
  to   space 5120K, 0% used [0x00000000eee00000,0x00000000eee00000,0x00000000ef300000)
 ParOldGen       total 84992K, used 8857K [0x00000000c0000000, 0x00000000c5300000, 0x00000000eab00000)
  object space 84992K, 10% used [0x00000000c0000000,0x00000000c08a6640,0x00000000c5300000)
 Metaspace       used 6275K, capacity 7152K, committed 7296K, reserved 1056768K
  class space    used 581K, capacity 616K, committed 640K, reserved 1048576K
Event: 3.162 GC heap after
Heap after GC invocations=4 (full 0):
 PSYoungGen      total 68608K, used 5116K [0x00000000eab00000, 0x00000000ef300000, 0x0000000100000000)
  eden space 63488K, 0% used [0x00000000eab00000,0x00000000eab00000,0x00000000ee900000)
  from space 5120K, 99% used [0x00000000eee00000,0x00000000ef2ff1a0,0x00000000ef300000)
  to   space 5120K, 0% used [0x00000000ee900000,0x00000000ee900000,0x00000000eee00000)
 ParOldGen       total 84992K, used 13732K [0x00000000c0000000, 0x00000000c5300000, 0x00000000eab00000)
  object space 84992K, 16% used [0x00000000c0000000,0x00000000c0d69068,0x00000000c5300000)
 Metaspace       used 6275K, capacity 7152K, committed 7296K, reserved 1056768K
  class space    used 581K, capacity 616K, committed 640K, reserved 1048576K
}
Event: 4.280 GC heap before
{Heap before GC invocations=5 (full 0):
 PSYoungGen      total 68608K, used 68604K [0x00000000eab00000, 0x00000000ef300000, 0x0000000100000000)
  eden space 63488K, 100% used [0x00000000eab00000,0x00000000ee900000,0x00000000ee900000)
  from space 5120K, 99% used [0x00000000eee00000,0x00000000ef2ff1a0,0x00000000ef300000)
  to   space 5120K, 0% used [0x00000000ee900000,0x00000000ee900000,0x00000000eee00000)
 ParOldGen       total 84992K, used 13732K [0x00000000c0000000, 0x00000000c5300000, 0x00000000eab00000)
  object space 84992K, 16% used [0x00000000c0000000,0x00000000c0d69068,0x00000000c5300000)
 Metaspace       used 6327K, capacity 7152K, committed 7296K, reserved 1056768K
  class space    used 581K, capacity 616K, committed 640K, reserved 1048576K
Event: 4.341 GC heap after
Heap after GC invocations=5 (full 0):
 PSYoungGen      total 68608K, used 5113K [0x00000000eab00000, 0x00000000f4700000, 0x0000000100000000)
  eden space 63488K, 0% used [0x00000000eab00000,0x00000000eab00000,0x00000000ee900000)
  from space 5120K, 99% used [0x00000000ee900000,0x00000000eedfe6e0,0x00000000eee00000)
  to   space 16384K, 0% used [0x00000000f3700000,0x00000000f3700000,0x00000000f4700000)
 ParOldGen       total 84992K, used 23026K [0x00000000c0000000, 0x00000000c5300000, 0x00000000eab00000)
  object space 84992K, 27% used [0x00000000c0000000,0x00000000c167cb58,0x00000000c5300000)
 Metaspace       used 6327K, capacity 7152K, committed 7296K, reserved 1056768K
  class space    used 581K, capacity 616K, committed 640K, reserved 1048576K
}
Event: 4.981 GC heap before
{Heap before GC invocations=6 (full 0):
 PSYoungGen      total 68608K, used 68601K [0x00000000eab00000, 0x00000000f4700000, 0x0000000100000000)
  eden space 63488K, 100% used [0x00000000eab00000,0x00000000ee900000,0x00000000ee900000)
  from space 5120K, 99% used [0x00000000ee900000,0x00000000eedfe6e0,0x00000000eee00000)
  to   space 16384K, 0% used [0x00000000f3700000,0x00000000f3700000,0x00000000f4700000)
 ParOldGen       total 84992K, used 23026K [0x00000000c0000000, 0x00000000c5300000, 0x00000000eab00000)
  object space 84992K, 27% used [0x00000000c0000000,0x00000000c167cb58,0x00000000c5300000)
 Metaspace       used 6418K, capacity 7216K, committed 7296K, reserved 1056768K
  class space    used 581K, capacity 616K, committed 640K, reserved 1048576K
Event: 5.022 GC heap after
Heap after GC invocations=6 (full 0):
 PSYoungGen      total 141312K, used 15716K [0x00000000eab00000, 0x00000000f4b00000, 0x0000000100000000)
  eden space 124928K, 0% used [0x00000000eab00000,0x00000000eab00000,0x00000000f2500000)
  from space 16384K, 95% used [0x00000000f3700000,0x00000000f46590b0,0x00000000f4700000)
  to   space 18432K, 0% used [0x00000000f2500000,0x00000000f2500000,0x00000000f3700000)
 ParOldGen       total 84992K, used 23026K [0x00000000c0000000, 0x00000000c5300000, 0x00000000eab00000)
  object space 84992K, 27% used [0x00000000c0000000,0x00000000c167cb58,0x00000000c5300000)
 Metaspace       used 6418K, capacity 7216K, committed 7296K, reserved 1056768K
  class space    used 581K, capacity 616K, committed 640K, reserved 1048576K
}
Event: 5.585 GC heap before
{Heap before GC invocations=7 (full 0):
 PSYoungGen      total 141312K, used 140644K [0x00000000eab00000, 0x00000000f4b00000, 0x0000000100000000)
  eden space 124928K, 100% used [0x00000000eab00000,0x00000000f2500000,0x00000000f2500000)
  from space 16384K, 95% used [0x00000000f3700000,0x00000000f46590b0,0x00000000f4700000)
  to   space 18432K, 0% used [0x00000000f2500000,0x00000000f2500000,0x00000000f3700000)
 ParOldGen       total 84992K, used 23026K [0x00000000c0000000, 0x00000000c5300000, 0x00000000eab00000)
  object space 84992K, 27% used [0x00000000c0000000,0x00000000c167cb58,0x00000000c5300000)
 Metaspace       used 6533K, capacity 7218K, committed 7296K, reserved 1056768K
  class space    used 599K, capacity 618K, committed 640K, reserved 1048576K
Event: 5.700 GC heap after
Heap after GC invocations=7 (full 0):
 PSYoungGen      total 143360K, used 18417K [0x00000000eab00000, 0x00000000fd800000, 0x0000000100000000)
  eden space 124928K, 0% used [0x00000000eab00000,0x00000000eab00000,0x00000000f2500000)
  from space 18432K, 99% used [0x00000000f2500000,0x00000000f36fc6b0,0x00000000f3700000)
  to   space 29184K, 0% used [0x00000000fbb80000,0x00000000fbb80000,0x00000000fd800000)
 ParOldGen       total 84992K, used 38576K [0x00000000c0000000, 0x00000000c5300000, 0x00000000eab00000)
  object space 84992K, 45% used [0x00000000c0000000,0x00000000c25ac328,0x00000000c5300000)
 Metaspace       used 6533K, capacity 7218K, committed 7296K, reserved 1056768K
  class space    used 599K, capacity 618K, committed 640K, reserved 1048576K
}
Event: 6.338 GC heap before
{Heap before GC invocations=8 (full 0):
 PSYoungGen      total 143360K, used 143345K [0x00000000eab00000, 0x00000000fd800000, 0x0000000100000000)
  eden space 124928K, 100% used [0x00000000eab00000,0x00000000f2500000,0x00000000f2500000)
  from space 18432K, 99% used [0x00000000f2500000,0x00000000f36fc6b0,0x00000000f3700000)
  to   space 29184K, 0% used [0x00000000fbb80000,0x00000000fbb80000,0x00000000fd800000)
 ParOldGen       total 84992K, used 38576K [0x00000000c0000000, 0x00000000c5300000, 0x00000000eab00000)
  object space 84992K, 45% used [0x00000000c0000000,0x00000000c25ac328,0x00000000c5300000)
 Metaspace       used 6546K, capacity 7218K, committed 7296K, reserved 1056768K
  class space    used 599K, capacity 618K, committed 640K, reserved 1048576K
Event: 6.441 GC heap after
Heap after GC invocations=8 (full 0):
 PSYoungGen      total 271360K, used 29163K [0x00000000eab00000, 0x00000000fe700000, 0x0000000100000000)
  eden space 242176K, 0% used [0x00000000eab00000,0x00000000eab00000,0x00000000f9780000)
  from space 29184K, 99% used [0x00000000fbb80000,0x00000000fd7fae70,0x00000000fd800000)
  to   space 36864K, 0% used [0x00000000f9780000,0x00000000f9780000,0x00000000fbb80000)
 ParOldGen       total 84992K, used 45028K [0x00000000c0000000, 0x00000000c5300000, 0x00000000eab00000)
  object space 84992K, 52% used [0x00000000c0000000,0x00000000c2bf9270,0x00000000c5300000)
 Metaspace       used 6546K, capacity 7218K, committed 7296K, reserved 1056768K
  class space    used 599K, capacity 618K, committed 640K, reserved 1048576K
}

Deoptimization events (10 events):
Event: 6.587 Thread 0x00000000024c0800 Uncommon trap: reason=class_check action=maybe_recompile pc=0x0000000002ad2648 method=java.util.Arrays.hashCode([Ljava/lang/Object;)I @ 43
Event: 6.587 Thread 0x00000000024c0800 Uncommon trap: reason=class_check action=maybe_recompile pc=0x0000000002ad2648 method=java.util.Arrays.hashCode([Ljava/lang/Object;)I @ 43
Event: 6.587 Thread 0x00000000024c0800 Uncommon trap: reason=class_check action=maybe_recompile pc=0x0000000002ad2648 method=java.util.Arrays.hashCode([Ljava/lang/Object;)I @ 43
Event: 6.588 Thread 0x00000000024c0800 Uncommon trap: reason=class_check action=maybe_recompile pc=0x0000000002ad2648 method=java.util.Arrays.hashCode([Ljava/lang/Object;)I @ 43
Event: 6.588 Thread 0x00000000024c0800 Uncommon trap: reason=class_check action=maybe_recompile pc=0x0000000002abfbb4 method=java.util.Arrays.hashCode([Ljava/lang/Object;)I @ 43
Event: 7.329 Thread 0x00000000024c0800 Uncommon trap: reason=speculate_class_check action=maybe_recompile pc=0x0000000002924310 method=com.android.dx.util.FixedSizeList.equals(Ljava/lang/Object;)Z @ 25
Event: 7.329 Thread 0x00000000024c0800 Uncommon trap: reason=speculate_class_check action=maybe_recompile pc=0x0000000002924310 method=com.android.dx.util.FixedSizeList.equals(Ljava/lang/Object;)Z @ 25
Event: 7.329 Thread 0x00000000024c0800 Uncommon trap: reason=speculate_class_check action=maybe_recompile pc=0x0000000002924310 method=com.android.dx.util.FixedSizeList.equals(Ljava/lang/Object;)Z @ 25
Event: 7.330 Thread 0x00000000024c0800 Uncommon trap: reason=speculate_class_check action=maybe_recompile pc=0x0000000002924310 method=com.android.dx.util.FixedSizeList.equals(Ljava/lang/Object;)Z @ 25
Event: 7.330 Thread 0x00000000024c0800 Uncommon trap: reason=unstable_if action=reinterpret pc=0x0000000002e13124 method=java.util.TreeMap.put(Ljava/lang/Object;Ljava/lang/Object;)Ljava/lang/Object; @ 163

Internal exceptions (6 events):
Event: 0.083 Thread 0x00000000024c0800 Exception <a 'java/lang/NoSuchMethodError': Method sun.misc.Unsafe.defineClass(Ljava/lang/String;[BII)Ljava/lang/Class; name or signature does not match> (0x00000000eab07cc0) thrown at [C:\src\android\AOSP-openjdk\external\jetbrains\jdk\hotspot\src\share\v¥ò²ß>µ?
Event: 0.083 Thread 0x00000000024c0800 Exception <a 'java/lang/NoSuchMethodError': Method sun.misc.Unsafe.prefetchRead(Ljava/lang/Object;J)V name or signature does not match> (0x00000000eab07fa8) thrown at [C:\src\android\AOSP-openjdk\external\jetbrains\jdk\hotspot\src\share\vm\prims\jni.cpp, lL•a» Ø@
Event: 4.712 Thread 0x000000001667c800 Implicit null exception at 0x0000000002d66c30 to 0x0000000002d6b70d
Event: 5.171 Thread 0x00000000166bd800 Exception <a 'java/lang/ArrayIndexOutOfBoundsException': 18> (0x00000000eca343e8) thrown at [C:\src\android\AOSP-openjdk\external\jetbrains\jdk\hotspot\src\share\vm\interpreter\interpreterRuntime.cpp, line 366]
Event: 5.172 Thread 0x00000000166bd800 Exception <a 'java/lang/ArrayIndexOutOfBoundsException'> (0x00000000eca35f68) thrown at [C:\src\android\AOSP-openjdk\external\jetbrains\jdk\hotspot\src\share\vm\runtime\sharedRuntime.cpp, line 605]
Event: 5.173 Thread 0x00000000166bd800 Exception <a 'java/lang/ArrayIndexOutOfBoundsException'> (0x00000000eca37250) thrown at [C:\src\android\AOSP-openjdk\external\jetbrains\jdk\hotspot\src\share\vm\runtime\sharedRuntime.cpp, line 605]

Events (10 events):
Event: 7.546 Thread 0x00000000024c0800 DEOPT PACKING pc=0x0000000002f455e3 sp=0x00000000023aec70
Event: 7.546 Thread 0x00000000024c0800 DEOPT UNPACKING pc=0x00000000026075bf sp=0x00000000023ae9f0 mode 0
Event: 7.549 Thread 0x00000000024c0800 DEOPT PACKING pc=0x0000000002f54a59 sp=0x00000000023aeb70
Event: 7.549 Thread 0x00000000024c0800 DEOPT UNPACKING pc=0x00000000026075bf sp=0x00000000023ae938 mode 0
Event: 7.637 Thread 0x00000000024c0800 DEOPT PACKING pc=0x0000000002f46138 sp=0x00000000023aeb70
Event: 7.638 Thread 0x00000000024c0800 DEOPT UNPACKING pc=0x00000000026075bf sp=0x00000000023ae8d0 mode 0
Event: 7.647 Thread 0x00000000024c0800 DEOPT PACKING pc=0x0000000002f55b0d sp=0x00000000023aec30
Event: 7.647 Thread 0x00000000024c0800 DEOPT UNPACKING pc=0x00000000026075bf sp=0x00000000023ae980 mode 0
Event: 7.671 Thread 0x00000000024c0800 DEOPT PACKING pc=0x0000000002f4bf91 sp=0x00000000023aeba0
Event: 7.671 Thread 0x00000000024c0800 DEOPT UNPACKING pc=0x00000000026075bf sp=0x00000000023ae918 mode 0


Dynamic libraries:
0x00007ff75f820000 - 0x00007ff75f855000 	E:\Android\android-studio-ide-145.2915834-windows\jre\bin\java.exe
0x00007ffecf410000 - 0x00007ffecf5d1000 	C:\Windows\SYSTEM32\ntdll.dll
0x00007ffecef70000 - 0x00007ffecf01d000 	C:\Windows\system32\KERNEL32.DLL
0x00007ffecc330000 - 0x00007ffecc518000 	C:\Windows\system32\KERNELBASE.dll
0x00007ffecc9e0000 - 0x00007ffecca87000 	C:\Windows\system32\ADVAPI32.dll
0x00007ffece4c0000 - 0x00007ffece55d000 	C:\Windows\system32\msvcrt.dll
0x00007ffeccd10000 - 0x00007ffeccd6b000 	C:\Windows\system32\sechost.dll
0x00007ffece730000 - 0x00007ffece84c000 	C:\Windows\system32\RPCRT4.dll
0x00007ffece920000 - 0x00007ffecea76000 	C:\Windows\system32\USER32.dll
0x00007ffeccd90000 - 0x00007ffeccf16000 	C:\Windows\system32\GDI32.dll
0x00007ffebe600000 - 0x00007ffebe874000 	C:\Windows\WinSxS\amd64_microsoft.windows.common-controls_6595b64144ccf1df_6.0.10586.0_none_8c15ae12515e1c22\COMCTL32.dll
0x00007ffecca90000 - 0x00007ffeccd0d000 	C:\Windows\system32\combase.dll
0x00007ffecc520000 - 0x00007ffecc58a000 	C:\Windows\system32\bcryptPrimitives.dll
0x00007ffeccf20000 - 0x00007ffeccf5b000 	C:\Windows\system32\IMM32.DLL
0x000000005fdc0000 - 0x000000005fe92000 	E:\Android\android-studio-ide-145.2915834-windows\jre\jre\bin\msvcr100.dll
0x000000005ece0000 - 0x000000005f514000 	E:\Android\android-studio-ide-145.2915834-windows\jre\jre\bin\server\jvm.dll
0x00007ffecf1d0000 - 0x00007ffecf1d8000 	C:\Windows\system32\PSAPI.DLL
0x00007ffeca010000 - 0x00007ffeca019000 	C:\Windows\SYSTEM32\WSOCK32.dll
0x00007ffece560000 - 0x00007ffece5cb000 	C:\Windows\system32\WS2_32.dll
0x00007ffec9d40000 - 0x00007ffec9d63000 	C:\Windows\SYSTEM32\WINMM.dll
0x00007ffec1700000 - 0x00007ffec170a000 	C:\Windows\SYSTEM32\VERSION.dll
0x00007ffec9bf0000 - 0x00007ffec9c1c000 	C:\Windows\SYSTEM32\WINMMBASE.dll
0x00007ffecbbd0000 - 0x00007ffecbc13000 	C:\Windows\system32\cfgmgr32.dll
0x00007ffeca000000 - 0x00007ffeca00f000 	E:\Android\android-studio-ide-145.2915834-windows\jre\jre\bin\verify.dll
0x00007ffec8e10000 - 0x00007ffec8e39000 	E:\Android\android-studio-ide-145.2915834-windows\jre\jre\bin\java.dll
0x00007ffec91d0000 - 0x00007ffec91e6000 	E:\Android\android-studio-ide-145.2915834-windows\jre\jre\bin\zip.dll
0x00007ffeccf60000 - 0x00007ffece4bc000 	C:\Windows\system32\SHELL32.dll
0x00007ffecbce0000 - 0x00007ffecc325000 	C:\Windows\system32\windows.storage.dll
0x00007ffecea80000 - 0x00007ffecead2000 	C:\Windows\system32\shlwapi.dll
0x00007ffecba90000 - 0x00007ffecba9f000 	C:\Windows\system32\kernel.appcore.dll
0x00007ffecbc20000 - 0x00007ffecbcd5000 	C:\Windows\system32\shcore.dll
0x00007ffecba30000 - 0x00007ffecba7b000 	C:\Windows\system32\powrprof.dll
0x00007ffecbaa0000 - 0x00007ffecbab4000 	C:\Windows\system32\profapi.dll

VM Arguments:
jvm_args: -Djava.awt.headless=true -Xmx1024M -Dfile.encoding=GBK -Duser.country=CN -Duser.language=zh -Duser.variant 
java_command: com.android.dx.command.Main --dex --num-threads=4 --output E:\Teapopo\app\build\intermediates\pre-dexed\debug\com.android.support-support-v4-23.3.0_2465d991adc87dfe13a5f478b78e3a12c58914b2.jar E:\Teapopo\app\build\intermediates\exploded-aar\com.android.support\support-v4\23.3.0\jars\classes.jar
java_class_path (initial): C:\Users\lhq\AppData\Local\Android\sdk\build-tools\23.0.3\lib\dx.jar
Launcher Type: SUN_STANDARD

Environment Variables:
JAVA_HOME=C:\Program Files\Java\jdk1.8.0_91
PATH=C:\ProgramData\Oracle\Java\javapath;C:\Windows\system32;C:\Windows;C:\Windows\System32\Wbem;C:\Windows\System32\WindowsPowerShell\v1.0\;C:\Users\lhq\AppData\Local\Android\sdk\platform-tools;C:\Users\lhq\AppData\Local\Android\sdk\tools;C:\Program Files\Java\jdk1.8.0_91\bin;C:\Program Files\Java\jdk1.8.0_91\jre\bin
USERNAME=lhq
OS=Windows_NT
PROCESSOR_IDENTIFIER=Intel64 Family 6 Model 69 Stepping 1, GenuineIntel



---------------  S Y S T E M  ---------------

OS: Windows 10.0 , 64 bit Build 10586 (10.0.10586.0)

CPU:total 4 (2 cores per cpu, 2 threads per core) family 6 model 69 stepping 1, cmov, cx8, fxsr, mmx, sse, sse2, sse3, ssse3, sse4.1, sse4.2, popcnt, avx, avx2, aes, clmul, erms, lzcnt, ht, tsc, tscinvbit, bmi1, bmi2

Memory: 4k page, physical 8067548k(1100208k free), swap 8067548k(6252k free)

vm_info: OpenJDK 64-Bit Server VM (25.76-b01) for windows-amd64 JRE (1.8.0_76-release-b01), built on May 12 2016 23:29:00 by "ralucas" with MS VC++ 10.0 (VS2010)

time: Fri Jul 08 14:35:37 2016
elapsed time: 8 seconds (0d 0h 0m 8s)

