#
# There is insufficient memory for the Java Runtime Environment to continue.
# Native memory allocation (malloc) failed to allocate 32744 bytes for ChunkPool::allocate
# Possible reasons:
#   The system is out of physical RAM or swap space
#   In 32 bit mode, the process size limit was hit
# Possible solutions:
#   Reduce memory load on the system
#   Increase physical memory or swap space
#   Check if swap backing store is full
#   Use 64 bit Java on a 64 bit OS
#   Decrease Java heap size (-Xmx/-Xms)
#   Decrease number of Java threads
#   Decrease Java thread stack sizes (-Xss)
#   Set larger code cache with -XX:ReservedCodeCacheSize=
# This output file may be truncated or incomplete.
#
#  Out of Memory Error (allocation.cpp:273), pid=992, tid=0x0000000000002c44
#
# JRE version: OpenJDK Runtime Environment (8.0_76-b01) (build 1.8.0_76-release-b01)
# Java VM: OpenJDK 64-Bit Server VM (25.76-b01 mixed mode windows-amd64 compressed oops)
# Failed to write core dump. Minidumps are not enabled by default on client versions of Windows
#

---------------  T H R E A D  ---------------

Current thread (0x0000000016318800):  JavaThread "C1 CompilerThread2" daemon [_thread_in_native, id=11332, stack(0x00000000167c0000,0x00000000168c0000)]

Stack: [0x00000000167c0000,0x00000000168c0000]
[error occurred during error reporting (printing stack bounds), id 0xc0000005]

Native frames: (J=compiled Java code, j=interpreted, Vv=VM code, C=native code)


Current CompileTask:
C1:    896  551   !   3       com.android.dx.cf.code.BytecodeArray::parseInstruction (2764 bytes)


---------------  P R O C E S S  ---------------

Java Threads: ( => current thread )
  0x0000000016534000 JavaThread "pool-1-thread-4" [_thread_blocked, id=11276, stack(0x0000000016ec0000,0x0000000016fc0000)]
  0x0000000016533000 JavaThread "pool-1-thread-3" [_thread_in_Java, id=16324, stack(0x0000000016dc0000,0x0000000016ec0000)]
  0x000000001649f000 JavaThread "pool-1-thread-2" [_thread_in_Java, id=15968, stack(0x0000000016cc0000,0x0000000016dc0000)]
  0x0000000016494000 JavaThread "pool-2-thread-1" [_thread_blocked, id=14556, stack(0x0000000016bc0000,0x0000000016cc0000)]
  0x0000000016493800 JavaThread "pool-1-thread-1" [_thread_in_Java, id=14776, stack(0x0000000016ac0000,0x0000000016bc0000)]
  0x0000000016336800 JavaThread "Service Thread" daemon [_thread_blocked, id=15532, stack(0x00000000168c0000,0x00000000169c0000)]
=>0x0000000016318800 JavaThread "C1 CompilerThread2" daemon [_thread_in_native, id=11332, stack(0x00000000167c0000,0x00000000168c0000)]
  0x000000001630d800 JavaThread "C2 CompilerThread1" daemon [_thread_in_native, id=15016, stack(0x00000000166c0000,0x00000000167c0000)]
  0x0000000014c48800 JavaThread "C2 CompilerThread0" daemon [_thread_in_native, id=15908, stack(0x00000000161c0000,0x00000000162c0000)]
  0x0000000014bfe000 JavaThread "Attach Listener" daemon [_thread_blocked, id=14588, stack(0x00000000160c0000,0x00000000161c0000)]
  0x0000000014bfd000 JavaThread "Signal Dispatcher" daemon [_thread_blocked, id=16016, stack(0x0000000015fc0000,0x00000000160c0000)]
  0x000000000251a000 JavaThread "Finalizer" daemon [_thread_blocked, id=16300, stack(0x0000000015e60000,0x0000000015f60000)]
  0x0000000002510000 JavaThread "Reference Handler" daemon [_thread_blocked, id=15336, stack(0x0000000015d60000,0x0000000015e60000)]
  0x0000000002420800 JavaThread "main" [_thread_blocked, id=16208, stack(0x00000000022e0000,0x00000000023e0000)]

Other Threads:
  0x0000000014bb5800 VMThread [stack: 0x0000000015c60000,0x0000000015d60000] [id=15980]
  0x0000000016338800 WatcherThread [stack: 0x00000000169c0000,0x0000000016ac0000] [id=16176]

VM state:not at safepoint (normal execution)

VM Mutex/Monitor currently owned by a thread: None

Heap:
 PSYoungGen      total 36864K, used 14231K [0x00000000eab00000, 0x00000000ed400000, 0x0000000100000000)
  eden space 31744K, 44% used [0x00000000eab00000,0x00000000eb8e5d00,0x00000000eca00000)
  from space 5120K, 0% used [0x00000000ecf00000,0x00000000ecf00000,0x00000000ed400000)
  to   space 5120K, 0% used [0x00000000eca00000,0x00000000eca00000,0x00000000ecf00000)
 ParOldGen       total 84992K, used 0K [0x00000000c0000000, 0x00000000c5300000, 0x00000000eab00000)
  object space 84992K, 0% used [0x00000000c0000000,0x00000000c0000000,0x00000000c5300000)
 Metaspace       used 5544K, capacity 6576K, committed 6784K, reserved 1056768K
  class space    used 572K, capacity 616K, committed 640K, reserved 1048576K

Card table byte_map: [0x00000000118e0000,0x0000000011af0000] byte_map_base: 0x00000000112e0000

Marking Bits: (ParMarkBitMap*) 0x000000005e0b9d00
 Begin Bits: [0x0000000012050000, 0x0000000013050000)
 End Bits:   [0x0000000013050000, 0x0000000014050000)

Polling page: 0x00000000004f0000

CodeCache: size=245760Kb used=2204Kb max_used=2218Kb free=243555Kb
 bounds [0x0000000002520000, 0x0000000002790000, 0x0000000011520000]
 total_blobs=814 nmethods=544 adapters=184
 compilation: enabled

Compilation events (10 events):
Event: 0.889 Thread 0x0000000014c48800  549       4       java.util.ArrayList::ensureExplicitCapacity (26 bytes)
Event: 0.889 Thread 0x0000000016318800 nmethod 554 0x0000000002746e10 code [0x0000000002746fa0, 0x0000000002747450]
Event: 0.889 Thread 0x0000000016318800  550       3       com.android.dx.cf.code.ByteOps::opInfo (6 bytes)
Event: 0.889 Thread 0x0000000016318800 nmethod 550 0x0000000002746a90 code [0x0000000002746be0, 0x0000000002746d30]
Event: 0.889 Thread 0x0000000016318800  551   !   3       com.android.dx.cf.code.BytecodeArray::parseInstruction (2764 bytes)
Event: 0.891 Thread 0x0000000014c48800 nmethod 549 0x00000000027464d0 code [0x0000000002746620, 0x0000000002746878]
Event: 0.891 Thread 0x000000001630d800 nmethod 547 0x0000000002748b50 code [0x0000000002748ca0, 0x0000000002748f18]
Event: 0.892 Thread 0x0000000014c48800  565       4       com.android.dx.rop.code.InsnList::get (9 bytes)
Event: 0.893 Thread 0x0000000014c48800 nmethod 565 0x00000000027487d0 code [0x0000000002748920, 0x0000000002748a18]
Event: 0.893 Thread 0x000000001630d800  567       4       com.android.dx.ssa.NormalSsaInsn::accept (25 bytes)

GC Heap History (0 events):
No events

Deoptimization events (1 events):
Event: 0.516 Thread 0x0000000002420800 Uncommon trap: reason=unstable_if action=reinterpret pc=0x0000000002659f90 method=java.lang.String.indexOf(II)I @ 49

Internal exceptions (2 events):
Event: 0.106 Thread 0x0000000002420800 Exception <a 'java/lang/NoSuchMethodError': Method sun.misc.Unsafe.defineClass(Ljava/lang/String;[BII)Ljava/lang/Class; name or signature does not match> (0x00000000eab07cc0) thrown at [C:\src\android\AOSP-openjdk\external\jetbrains\jdk\hotspot\src\share\v”g2ΩD'ª?
Event: 0.106 Thread 0x0000000002420800 Exception <a 'java/lang/NoSuchMethodError': Method sun.misc.Unsafe.prefetchRead(Ljava/lang/Object;J)V name or signature does not match> (0x00000000eab07fa8) thrown at [C:\src\android\AOSP-openjdk\external\jetbrains\jdk\hotspot\src\share\vm\prims\jni.cpp, l

Events (10 events):
Event: 0.854 loading class com/android/dx/dex/file/MethodAnnotationStruct
Event: 0.855 loading class com/android/dx/dex/file/MethodAnnotationStruct done
Event: 0.855 loading class com/android/dx/dex/file/ParameterAnnotationStruct
Event: 0.855 loading class com/android/dx/dex/file/ParameterAnnotationStruct done
Event: 0.856 loading class com/android/dx/dex/file/UniformListItem
Event: 0.856 loading class com/android/dx/dex/file/UniformListItem done
Event: 0.856 loading class com/android/dx/dex/file/AnnotationSetRefItem
Event: 0.856 loading class com/android/dx/dex/file/AnnotationSetRefItem done
Event: 0.866 loading class com/android/dx/ssa/back/FirstFitLocalCombiningAllocator$Multiset
Event: 0.866 loading class com/android/dx/ssa/back/FirstFitLocalCombiningAllocator$Multiset done


Dynamic libraries:
0x00007ff75b500000 - 0x00007ff75b535000 	E:\Android\android-studio-ide-145.2915834-windows\jre\bin\java.exe
0x00007ffbe4110000 - 0x00007ffbe42d1000 	C:\Windows\SYSTEM32\ntdll.dll
0x00007ffbe2080000 - 0x00007ffbe212d000 	C:\Windows\system32\KERNEL32.DLL
0x00007ffbe0ec0000 - 0x00007ffbe10a8000 	C:\Windows\system32\KERNELBASE.dll
0x00007ffbe3c80000 - 0x00007ffbe3d27000 	C:\Windows\system32\ADVAPI32.dll
0x00007ffbe4070000 - 0x00007ffbe410d000 	C:\Windows\system32\msvcrt.dll
0x00007ffbe22d0000 - 0x00007ffbe232b000 	C:\Windows\system32\sechost.dll
0x00007ffbe1d60000 - 0x00007ffbe1e7c000 	C:\Windows\system32\RPCRT4.dll
0x00007ffbe1970000 - 0x00007ffbe1ac6000 	C:\Windows\system32\USER32.dll
0x00007ffbe2140000 - 0x00007ffbe22c6000 	C:\Windows\system32\GDI32.dll
0x00007ffbd49b0000 - 0x00007ffbd4c24000 	C:\Windows\WinSxS\amd64_microsoft.windows.common-controls_6595b64144ccf1df_6.0.10586.0_none_8c15ae12515e1c22\COMCTL32.dll
0x00007ffbe24a0000 - 0x00007ffbe271d000 	C:\Windows\system32\combase.dll
0x00007ffbe14a0000 - 0x00007ffbe150a000 	C:\Windows\system32\bcryptPrimitives.dll
0x00007ffbe1ef0000 - 0x00007ffbe1f2b000 	C:\Windows\system32\IMM32.DLL
0x000000005d820000 - 0x000000005d8f2000 	E:\Android\android-studio-ide-145.2915834-windows\jre\jre\bin\msvcr100.dll
0x000000005d900000 - 0x000000005e134000 	E:\Android\android-studio-ide-145.2915834-windows\jre\jre\bin\server\jvm.dll
0x00007ffbe1530000 - 0x00007ffbe1538000 	C:\Windows\system32\PSAPI.DLL
0x00007ffbdd900000 - 0x00007ffbdd909000 	C:\Windows\SYSTEM32\WSOCK32.dll
0x00007ffbe3d30000 - 0x00007ffbe3d9b000 	C:\Windows\system32\WS2_32.dll
0x00007ffbdea60000 - 0x00007ffbdea83000 	C:\Windows\SYSTEM32\WINMM.dll
0x00007ffbd61b0000 - 0x00007ffbd61ba000 	C:\Windows\SYSTEM32\VERSION.dll
0x00007ffbdea00000 - 0x00007ffbdea2c000 	C:\Windows\SYSTEM32\WINMMBASE.dll
0x00007ffbe1300000 - 0x00007ffbe1343000 	C:\Windows\system32\cfgmgr32.dll
0x00007ffbdbbd0000 - 0x00007ffbdbbdf000 	E:\Android\android-studio-ide-145.2915834-windows\jre\jre\bin\verify.dll
0x00007ffbdba90000 - 0x00007ffbdbab9000 	E:\Android\android-studio-ide-145.2915834-windows\jre\jre\bin\java.dll
0x00007ffbdba70000 - 0x00007ffbdba86000 	E:\Android\android-studio-ide-145.2915834-windows\jre\jre\bin\zip.dll
0x00007ffbe2720000 - 0x00007ffbe3c7c000 	C:\Windows\system32\SHELL32.dll
0x00007ffbe07c0000 - 0x00007ffbe0e05000 	C:\Windows\system32\windows.storage.dll
0x00007ffbe2440000 - 0x00007ffbe2492000 	C:\Windows\system32\shlwapi.dll
0x00007ffbe0730000 - 0x00007ffbe073f000 	C:\Windows\system32\kernel.appcore.dll
0x00007ffbe1350000 - 0x00007ffbe1405000 	C:\Windows\system32\shcore.dll
0x00007ffbe0770000 - 0x00007ffbe07bb000 	C:\Windows\system32\powrprof.dll
0x00007ffbe0740000 - 0x00007ffbe0754000 	C:\Windows\system32\profapi.dll

VM Arguments:
jvm_args: -Djava.awt.headless=true -Xmx1024M -Dfile.encoding=GBK -Duser.country=CN -Duser.language=zh -Duser.variant 
java_command: com.android.dx.command.Main --dex --num-threads=4 --output E:\Teapopo\app\build\intermediates\pre-dexed\debug\com.android.databinding-library-1.1_8ece181c3da577037c768deabb0043c9ae03d065.jar E:\Teapopo\app\build\intermediates\exploded-aar\com.android.databinding\library\1.1\jars\classes.jar
java_class_path (initial): C:\Users\lhq\AppData\Local\Android\sdk\build-tools\23.0.3\lib\dx.jar
Launcher Type: SUN_STANDARD

Environment Variables:
JAVA_HOME=C:\Program Files\Java\jdk1.8.0_91
PATH=C:\ProgramData\Oracle\Java\javapath;C:\Windows\system32;C:\Windows;C:\Windows\System32\Wbem;C:\Windows\System32\WindowsPowerShell\v1.0\;C:\Users\lhq\AppData\Local\Android\sdk\platform-tools;C:\Users\lhq\AppData\Local\Android\sdk\tools;C:\Program Files\Java\jdk1.8.0_91\bin;C:\Program Files\Java\jdk1.8.0_91\jre\bin
USERNAME=lhq
OS=Windows_NT
PROCESSOR_IDENTIFIER=Intel64 Family 6 Model 69 Stepping 1, GenuineIntel



---------------  S Y S T E M  ---------------

OS: Windows 10.0 , 64 bit Build 10586 (10.0.10586.0)

CPU:total 4 (2 cores per cpu, 2 threads per core) family 6 model 69 stepping 1, cmov, cx8, fxsr, mmx, sse, sse2, sse3, ssse3, sse4.1, sse4.2, popcnt, avx, avx2, aes, clmul, erms, lzcnt, ht, tsc, tscinvbit, bmi1, bmi2

Memory: 4k page, physical 8067548k(1159708k free), swap 8067548k(3972k free)

vm_info: OpenJDK 64-Bit Server VM (25.76-b01) for windows-amd64 JRE (1.8.0_76-release-b01), built on May 12 2016 23:29:00 by "ralucas" with MS VC++ 10.0 (VS2010)

time: Fri Jul 15 16:50:04 2016
elapsed time: 0 seconds (0d 0h 0m 0s)

