#
# There is insufficient memory for the Java Runtime Environment to continue.
# Native memory allocation (malloc) failed to allocate 65552 bytes for Chunk::new
# Possible reasons:
#   The system is out of physical RAM or swap space
#   In 32 bit mode, the process size limit was hit
# Possible solutions:
#   Reduce memory load on the system
#   Increase physical memory or swap space
#   Check if swap backing store is full
#   Use 64 bit Java on a 64 bit OS
#   Decrease Java heap size (-Xmx/-Xms)
#   Decrease number of Java threads
#   Decrease Java thread stack sizes (-Xss)
#   Set larger code cache with -XX:ReservedCodeCacheSize=
# This output file may be truncated or incomplete.
#
#  Out of Memory Error (allocation.cpp:390), pid=1000, tid=0x0000000000001314
#
# JRE version: OpenJDK Runtime Environment (8.0_76-b01) (build 1.8.0_76-release-b01)
# Java VM: OpenJDK 64-Bit Server VM (25.76-b01 mixed mode windows-amd64 compressed oops)
# Failed to write core dump. Minidumps are not enabled by default on client versions of Windows
#

---------------  T H R E A D  ---------------

Current thread (0x0000000014cad000):  JavaThread "C2 CompilerThread0" daemon [_thread_in_native, id=4884, stack(0x00000000161f0000,0x00000000162f0000)]

Stack: [0x00000000161f0000,0x00000000162f0000]
[error occurred during error reporting (printing stack bounds), id 0xc0000005]

Native frames: (J=compiled Java code, j=interpreted, Vv=VM code, C=native code)


Current CompileTask:
C2:   3219  822   !   4       com.android.dx.cf.code.BytecodeArray::parseInstruction (2764 bytes)


---------------  P R O C E S S  ---------------

Java Threads: ( => current thread )
  0x0000000016585000 JavaThread "pool-1-thread-4" [_thread_in_Java, id=3532, stack(0x0000000016ef0000,0x0000000016ff0000)]
  0x0000000016584000 JavaThread "pool-1-thread-3" [_thread_blocked, id=2696, stack(0x0000000016df0000,0x0000000016ef0000)]
  0x0000000016499800 JavaThread "pool-1-thread-2" [_thread_in_Java, id=2332, stack(0x0000000016cf0000,0x0000000016df0000)]
  0x000000001648e000 JavaThread "pool-2-thread-1" [_thread_blocked, id=5800, stack(0x0000000016bf0000,0x0000000016cf0000)]
  0x0000000016492800 JavaThread "pool-1-thread-1" [_thread_in_Java, id=5472, stack(0x0000000016af0000,0x0000000016bf0000)]
  0x000000001634f000 JavaThread "Service Thread" daemon [_thread_blocked, id=3856, stack(0x00000000168f0000,0x00000000169f0000)]
  0x0000000016348800 JavaThread "C1 CompilerThread2" daemon [_thread_blocked, id=5064, stack(0x00000000167f0000,0x00000000168f0000)]
  0x0000000016346000 JavaThread "C2 CompilerThread1" daemon [_thread_in_native, id=2956, stack(0x00000000166f0000,0x00000000167f0000)]
=>0x0000000014cad000 JavaThread "C2 CompilerThread0" daemon [_thread_in_native, id=4884, stack(0x00000000161f0000,0x00000000162f0000)]
  0x0000000014cab800 JavaThread "Attach Listener" daemon [_thread_blocked, id=1480, stack(0x00000000160f0000,0x00000000161f0000)]
  0x0000000014c97800 JavaThread "Signal Dispatcher" daemon [_thread_blocked, id=4140, stack(0x0000000015ff0000,0x00000000160f0000)]
  0x0000000014c88000 JavaThread "Finalizer" daemon [_thread_blocked, id=3812, stack(0x0000000015ef0000,0x0000000015ff0000)]
  0x00000000025c0000 JavaThread "Reference Handler" daemon [_thread_blocked, id=4516, stack(0x0000000015df0000,0x0000000015ef0000)]
  0x00000000024d0800 JavaThread "main" [_thread_in_Java, id=888, stack(0x0000000001ee0000,0x0000000001fe0000)]

Other Threads:
  0x0000000014c65800 VMThread [stack: 0x0000000015cf0000,0x0000000015df0000] [id=6004]
  0x0000000016351800 WatcherThread [stack: 0x00000000169f0000,0x0000000016af0000] [id=3912]

VM state:not at safepoint (normal execution)

VM Mutex/Monitor currently owned by a thread: None

Heap:
 PSYoungGen      total 36864K, used 19706K [0x00000000eab00000, 0x00000000ed400000, 0x0000000100000000)
  eden space 31744K, 62% used [0x00000000eab00000,0x00000000ebe3eaa8,0x00000000eca00000)
  from space 5120K, 0% used [0x00000000ecf00000,0x00000000ecf00000,0x00000000ed400000)
  to   space 5120K, 0% used [0x00000000eca00000,0x00000000eca00000,0x00000000ecf00000)
 ParOldGen       total 84992K, used 0K [0x00000000c0000000, 0x00000000c5300000, 0x00000000eab00000)
  object space 84992K, 0% used [0x00000000c0000000,0x00000000c0000000,0x00000000c5300000)
 Metaspace       used 5793K, capacity 6768K, committed 7040K, reserved 1056768K
  class space    used 570K, capacity 616K, committed 640K, reserved 1048576K

Card table byte_map: [0x0000000011990000,0x0000000011ba0000] byte_map_base: 0x0000000011390000

Marking Bits: (ParMarkBitMap*) 0x000000006c4a9d00
 Begin Bits: [0x0000000012100000, 0x0000000013100000)
 End Bits:   [0x0000000013100000, 0x0000000014100000)

Polling page: 0x0000000000710000

CodeCache: size=245760Kb used=3698Kb max_used=3698Kb free=242061Kb
 bounds [0x00000000025d0000, 0x0000000002970000, 0x00000000115d0000]
 total_blobs=1137 nmethods=865 adapters=184
 compilation: enabled

Compilation events (10 events):
Event: 3.214 Thread 0x0000000016348800 nmethod 874 0x0000000002964090 code [0x0000000002964200, 0x0000000002964388]
Event: 3.214 Thread 0x0000000016348800  876       1       com.android.dx.rop.code.ThrowingInsn::getCatches (5 bytes)
Event: 3.215 Thread 0x0000000016348800 nmethod 876 0x0000000002964410 code [0x0000000002964560, 0x0000000002964670]
Event: 3.215 Thread 0x0000000016348800  843       3       com.android.dx.ssa.SsaBasicBlock::addDomChild (10 bytes)
Event: 3.215 Thread 0x0000000016348800 nmethod 843 0x00000000029646d0 code [0x0000000002964880, 0x0000000002964e08]
Event: 3.215 Thread 0x0000000016348800  867       3       com.android.dx.cf.code.ExecutionStack::peekType (11 bytes)
Event: 3.215 Thread 0x0000000016348800 nmethod 867 0x0000000002965110 code [0x0000000002965280, 0x0000000002965538]
Event: 3.215 Thread 0x0000000016348800  869       3       com.android.dx.rop.cst.TypedConstant::getBasicFrameType (8 bytes)
Event: 3.215 Thread 0x0000000016348800 nmethod 869 0x0000000002965610 code [0x0000000002965780, 0x0000000002965a58]
Event: 3.215 Thread 0x0000000016348800  855       3       com.android.dx.cf.code.Ropper::addBlock (37 bytes)

GC Heap History (0 events):
No events

Deoptimization events (2 events):
Event: 2.118 Thread 0x00000000024d0800 Uncommon trap: reason=unstable_if action=reinterpret pc=0x000000000270a110 method=java.lang.String.indexOf(II)I @ 49
Event: 2.925 Thread 0x0000000016492800 Uncommon trap: reason=unstable_if action=reinterpret pc=0x0000000002824ee4 method=java.util.HashMap.getNode(ILjava/lang/Object;)Ljava/util/HashMap$Node; @ 129

Internal exceptions (2 events):
Event: 0.585 Thread 0x00000000024d0800 Exception <a 'java/lang/NoSuchMethodError': Method sun.misc.Unsafe.defineClass(Ljava/lang/String;[BII)Ljava/lang/Class; name or signature does not match> (0x00000000eab07cc0) thrown at [C:\src\android\AOSP-openjdk\external\jetbrains\jdk\hotspot\src\share\vÔr•÷’¸â?
Event: 0.585 Thread 0x00000000024d0800 Exception <a 'java/lang/NoSuchMethodError': Method sun.misc.Unsafe.prefetchRead(Ljava/lang/Object;J)V name or signature does not match> (0x00000000eab07fa8) thrown at [C:\src\android\AOSP-openjdk\external\jetbrains\jdk\hotspot\src\share\vm\prims\jni.cpp, l

Events (10 events):
Event: 2.925 Thread 0x0000000016492800 DEOPT PACKING pc=0x0000000002824ee4 sp=0x0000000016bee9e0
Event: 2.925 Thread 0x0000000016492800 DEOPT UNPACKING pc=0x000000000261556a sp=0x0000000016bee958 mode 2
Event: 2.940 Executing VM operation: ForceSafepoint
Event: 3.002 Executing VM operation: ForceSafepoint done
Event: 3.030 Thread 0x00000000024d0800 DEOPT PACKING pc=0x00000000027d17a2 sp=0x0000000001fde640
Event: 3.030 Thread 0x00000000024d0800 DEOPT UNPACKING pc=0x00000000026175bf sp=0x0000000001fde3b8 mode 0
Event: 3.059 Thread 0x00000000024d0800 DEOPT PACKING pc=0x000000000288f67a sp=0x0000000001fde6c0
Event: 3.059 Thread 0x00000000024d0800 DEOPT UNPACKING pc=0x00000000026175bf sp=0x0000000001fde430 mode 0
Event: 3.160 loading class java/util/ArrayList$1
Event: 3.160 loading class java/util/ArrayList$1 done


Dynamic libraries:
0x00007ff63bdd0000 - 0x00007ff63be05000 	E:\Android\android-studio-ide-145.2915834-windows\jre\bin\java.exe
0x00007ffc01870000 - 0x00007ffc01a31000 	C:\Windows\SYSTEM32\ntdll.dll
0x00007ffc01610000 - 0x00007ffc016bd000 	C:\Windows\system32\KERNEL32.DLL
0x00007ffbfe5e0000 - 0x00007ffbfe7c8000 	C:\Windows\system32\KERNELBASE.dll
0x00007ffbff5b0000 - 0x00007ffbff657000 	C:\Windows\system32\ADVAPI32.dll
0x00007ffc016c0000 - 0x00007ffc0175d000 	C:\Windows\system32\msvcrt.dll
0x00007ffc01810000 - 0x00007ffc0186b000 	C:\Windows\system32\sechost.dll
0x00007ffc00eb0000 - 0x00007ffc00fcc000 	C:\Windows\system32\RPCRT4.dll
0x00007ffbfef60000 - 0x00007ffbff0b6000 	C:\Windows\system32\USER32.dll
0x00007ffc01330000 - 0x00007ffc014b6000 	C:\Windows\system32\GDI32.dll
0x00007ffbf0a00000 - 0x00007ffbf0c74000 	C:\Windows\WinSxS\amd64_microsoft.windows.common-controls_6595b64144ccf1df_6.0.10586.0_none_8c15ae12515e1c22\COMCTL32.dll
0x00007ffbfece0000 - 0x00007ffbfef5d000 	C:\Windows\system32\combase.dll
0x00007ffbfe570000 - 0x00007ffbfe5da000 	C:\Windows\system32\bcryptPrimitives.dll
0x00007ffc00bc0000 - 0x00007ffc00bfb000 	C:\Windows\system32\IMM32.DLL
0x000000006ca70000 - 0x000000006cb42000 	E:\Android\android-studio-ide-145.2915834-windows\jre\jre\bin\msvcr100.dll
0x000000006bcf0000 - 0x000000006c524000 	E:\Android\android-studio-ide-145.2915834-windows\jre\jre\bin\server\jvm.dll
0x00007ffbfecd0000 - 0x00007ffbfecd8000 	C:\Windows\system32\PSAPI.DLL
0x00007ffbfc260000 - 0x00007ffbfc269000 	C:\Windows\SYSTEM32\WSOCK32.dll
0x00007ffc00fd0000 - 0x00007ffc0103b000 	C:\Windows\system32\WS2_32.dll
0x00007ffbfc520000 - 0x00007ffbfc543000 	C:\Windows\SYSTEM32\WINMM.dll
0x00007ffbf4030000 - 0x00007ffbf403a000 	C:\Windows\SYSTEM32\VERSION.dll
0x00007ffbfc420000 - 0x00007ffbfc44c000 	C:\Windows\SYSTEM32\WINMMBASE.dll
0x00007ffbfe940000 - 0x00007ffbfe983000 	C:\Windows\system32\cfgmgr32.dll
0x00007ffbfbfd0000 - 0x00007ffbfbfdf000 	E:\Android\android-studio-ide-145.2915834-windows\jre\jre\bin\verify.dll
0x00007ffbfbdd0000 - 0x00007ffbfbdf9000 	E:\Android\android-studio-ide-145.2915834-windows\jre\jre\bin\java.dll
0x00007ffbfb390000 - 0x00007ffbfb3a6000 	E:\Android\android-studio-ide-145.2915834-windows\jre\jre\bin\zip.dll
0x00007ffbff660000 - 0x00007ffc00bbc000 	C:\Windows\system32\SHELL32.dll
0x00007ffbfdf20000 - 0x00007ffbfe565000 	C:\Windows\system32\windows.storage.dll
0x00007ffbff120000 - 0x00007ffbff172000 	C:\Windows\system32\shlwapi.dll
0x00007ffbfdeb0000 - 0x00007ffbfdebf000 	C:\Windows\system32\kernel.appcore.dll
0x00007ffbfe7d0000 - 0x00007ffbfe885000 	C:\Windows\system32\shcore.dll
0x00007ffbfdec0000 - 0x00007ffbfdf0b000 	C:\Windows\system32\powrprof.dll
0x00007ffbfde90000 - 0x00007ffbfdea4000 	C:\Windows\system32\profapi.dll

VM Arguments:
jvm_args: -Djava.awt.headless=true -Xmx1024M -Dfile.encoding=GBK -Duser.country=CN -Duser.language=zh -Duser.variant 
java_command: com.android.dx.command.Main --dex --num-threads=4 --output E:\Teapopo\app\build\intermediates\pre-dexed\debug\prettytime-3.2.7.Final_6045bf371a9f4ed5e779901eba4bdd457bd5ea74.jar C:\Users\lhq\.gradle\caches\modules-2\files-2.1\org.ocpsoft.prettytime\prettytime\3.2.7.Final\4b216ebcf284752a40e11c39c2ea62bc45528c33\prettytime-3.2.7.Final.jar
java_class_path (initial): C:\Users\lhq\AppData\Local\Android\sdk\build-tools\23.0.3\lib\dx.jar
Launcher Type: SUN_STANDARD

Environment Variables:
JAVA_HOME=C:\Program Files\Java\jdk1.8.0_91
PATH=C:\ProgramData\Oracle\Java\javapath;C:\Windows\system32;C:\Windows;C:\Windows\System32\Wbem;C:\Windows\System32\WindowsPowerShell\v1.0\;C:\Users\lhq\AppData\Local\Android\sdk\platform-tools;C:\Users\lhq\AppData\Local\Android\sdk\tools;C:\Program Files\Java\jdk1.8.0_91\bin;C:\Program Files\Java\jdk1.8.0_91\jre\bin
USERNAME=lhq
OS=Windows_NT
PROCESSOR_IDENTIFIER=Intel64 Family 6 Model 69 Stepping 1, GenuineIntel



---------------  S Y S T E M  ---------------

OS: Windows 10.0 , 64 bit Build 10586 (10.0.10586.0)

CPU:total 4 (2 cores per cpu, 2 threads per core) family 6 model 69 stepping 1, cmov, cx8, fxsr, mmx, sse, sse2, sse3, ssse3, sse4.1, sse4.2, popcnt, avx, avx2, aes, clmul, erms, lzcnt, ht, tsc, tscinvbit, bmi1, bmi2

Memory: 4k page, physical 8067548k(1067176k free), swap 8067548k(4096k free)

vm_info: OpenJDK 64-Bit Server VM (25.76-b01) for windows-amd64 JRE (1.8.0_76-release-b01), built on May 12 2016 23:29:00 by "ralucas" with MS VC++ 10.0 (VS2010)

time: Fri Jul 01 11:22:18 2016
elapsed time: 3 seconds (0d 0h 0m 3s)

