#
# There is insufficient memory for the Java Runtime Environment to continue.
# Native memory allocation (malloc) failed to allocate 846976 bytes for Chunk::new
# Possible reasons:
#   The system is out of physical RAM or swap space
#   In 32 bit mode, the process size limit was hit
# Possible solutions:
#   Reduce memory load on the system
#   Increase physical memory or swap space
#   Check if swap backing store is full
#   Use 64 bit Java on a 64 bit OS
#   Decrease Java heap size (-Xmx/-Xms)
#   Decrease number of Java threads
#   Decrease Java thread stack sizes (-Xss)
#   Set larger code cache with -XX:ReservedCodeCacheSize=
# This output file may be truncated or incomplete.
#
#  Out of Memory Error (allocation.cpp:390), pid=170076, tid=0x0000000000029750
#
# JRE version: OpenJDK Runtime Environment (8.0_76-b01) (build 1.8.0_76-release-b01)
# Java VM: OpenJDK 64-Bit Server VM (25.76-b01 mixed mode windows-amd64 compressed oops)
# Failed to write core dump. Minidumps are not enabled by default on client versions of Windows
#

---------------  T H R E A D  ---------------

Current thread (0x0000000014d8d000):  JavaThread "C2 CompilerThread0" daemon [_thread_in_native, id=169808, stack(0x00000000162e0000,0x00000000163e0000)]

Stack: [0x00000000162e0000,0x00000000163e0000]
[error occurred during error reporting (printing stack bounds), id 0xc0000005]

Native frames: (J=compiled Java code, j=interpreted, Vv=VM code, C=native code)


Current CompileTask:
C2:  10876 2444       4       com.android.dx.dex.code.DalvCode::finishProcessingIfNecessary (69 bytes)


---------------  P R O C E S S  ---------------

Java Threads: ( => current thread )
  0x000000001643e000 JavaThread "Service Thread" daemon [_thread_blocked, id=167380, stack(0x00000000169e0000,0x0000000016ae0000)]
  0x0000000016437800 JavaThread "C1 CompilerThread2" daemon [_thread_blocked, id=164444, stack(0x00000000168e0000,0x00000000169e0000)]
  0x0000000014dda000 JavaThread "C2 CompilerThread1" daemon [_thread_blocked, id=169404, stack(0x00000000167e0000,0x00000000168e0000)]
=>0x0000000014d8d000 JavaThread "C2 CompilerThread0" daemon [_thread_in_native, id=169808, stack(0x00000000162e0000,0x00000000163e0000)]
  0x0000000014d8b800 JavaThread "Attach Listener" daemon [_thread_blocked, id=169924, stack(0x00000000161e0000,0x00000000162e0000)]
  0x0000000014d77800 JavaThread "Signal Dispatcher" daemon [_thread_blocked, id=169364, stack(0x00000000160e0000,0x00000000161e0000)]
  0x0000000014d68000 JavaThread "Finalizer" daemon [_thread_blocked, id=170956, stack(0x0000000015fe0000,0x00000000160e0000)]
  0x00000000026a0000 JavaThread "Reference Handler" daemon [_thread_blocked, id=169896, stack(0x0000000015ee0000,0x0000000015fe0000)]
  0x00000000025b0800 JavaThread "main" [_thread_in_vm, id=166672, stack(0x00000000023b0000,0x00000000024b0000)]

Other Threads:
  0x0000000014d45800 VMThread [stack: 0x0000000015de0000,0x0000000015ee0000] [id=170180]
  0x0000000016440800 WatcherThread [stack: 0x0000000016ae0000,0x0000000016be0000] [id=167872]

VM state:not at safepoint (normal execution)

VM Mutex/Monitor currently owned by a thread: None

Heap:
 PSYoungGen      total 68608K, used 49678K [0x00000000eab00000, 0x00000000f3100000, 0x0000000100000000)
  eden space 63488K, 70% used [0x00000000eab00000,0x00000000ed683fc0,0x00000000ee900000)
  from space 5120K, 99% used [0x00000000ee900000,0x00000000eedff988,0x00000000eee00000)
  to   space 5120K, 0% used [0x00000000f2c00000,0x00000000f2c00000,0x00000000f3100000)
 ParOldGen       total 84992K, used 15344K [0x00000000c0000000, 0x00000000c5300000, 0x00000000eab00000)
  object space 84992K, 18% used [0x00000000c0000000,0x00000000c0efc180,0x00000000c5300000)
 Metaspace       used 6871K, capacity 7576K, committed 7936K, reserved 1056768K
  class space    used 622K, capacity 656K, committed 768K, reserved 1048576K

Card table byte_map: [0x0000000011a70000,0x0000000011c80000] byte_map_base: 0x0000000011470000

Marking Bits: (ParMarkBitMap*) 0x000000005f499d00
 Begin Bits: [0x00000000121e0000, 0x00000000131e0000)
 End Bits:   [0x00000000131e0000, 0x00000000141e0000)

Polling page: 0x0000000000460000

CodeCache: size=245760Kb used=10543Kb max_used=10543Kb free=235216Kb
 bounds [0x00000000026b0000, 0x0000000003110000, 0x00000000116b0000]
 total_blobs=2691 nmethods=2419 adapters=185
 compilation: enabled

Compilation events (10 events):
Event: 10.830 Thread 0x0000000016437800 2483       3       sun.net.www.protocol.jar.Handler::indexOfBangSlash (52 bytes)
Event: 10.830 Thread 0x0000000016437800 nmethod 2483 0x00000000030eb090 code [0x00000000030eb240, 0x00000000030eb938]
Event: 10.830 Thread 0x0000000016437800 2489       3       java.net.URLStreamHandler::equals (45 bytes)
Event: 10.831 Thread 0x0000000016437800 nmethod 2489 0x0000000003101c50 code [0x0000000003101de0, 0x00000000031022f8]
Event: 10.831 Thread 0x0000000016437800 2490       3       java.net.URLStreamHandler::sameFile (136 bytes)
Event: 10.832 Thread 0x0000000016437800 nmethod 2490 0x0000000003102450 code [0x0000000003102620, 0x0000000003103668]
Event: 10.832 Thread 0x0000000016437800 2491       3       sun.net.www.protocol.file.Handler::hostsEqual (69 bytes)
Event: 10.832 Thread 0x0000000016437800 nmethod 2491 0x00000000031038d0 code [0x0000000003103a80, 0x00000000031041c8]
Event: 10.834 Thread 0x0000000016437800 2498       3       com.android.dx.dex.file.OffsettedItem::getAbsoluteOffsetOr0 (11 bytes)
Event: 10.835 Thread 0x0000000016437800 nmethod 2498 0x00000000030ea950 code [0x00000000030eaae0, 0x00000000030eaef8]

GC Heap History (6 events):
Event: 3.283 GC heap before
{Heap before GC invocations=1 (full 0):
 PSYoungGen      total 36864K, used 31744K [0x00000000eab00000, 0x00000000ed400000, 0x0000000100000000)
  eden space 31744K, 100% used [0x00000000eab00000,0x00000000eca00000,0x00000000eca00000)
  from space 5120K, 0% used [0x00000000ecf00000,0x00000000ecf00000,0x00000000ed400000)
  to   space 5120K, 0% used [0x00000000eca00000,0x00000000eca00000,0x00000000ecf00000)
 ParOldGen       total 84992K, used 0K [0x00000000c0000000, 0x00000000c5300000, 0x00000000eab00000)
  object space 84992K, 0% used [0x00000000c0000000,0x00000000c0000000,0x00000000c5300000)
 Metaspace       used 6036K, capacity 6960K, committed 7040K, reserved 1056768K
  class space    used 577K, capacity 616K, committed 640K, reserved 1048576K
Event: 3.364 GC heap after
Heap after GC invocations=1 (full 0):
 PSYoungGen      total 36864K, used 5100K [0x00000000eab00000, 0x00000000ef300000, 0x0000000100000000)
  eden space 31744K, 0% used [0x00000000eab00000,0x00000000eab00000,0x00000000eca00000)
  from space 5120K, 99% used [0x00000000eca00000,0x00000000ecefb2c8,0x00000000ecf00000)
  to   space 5120K, 0% used [0x00000000eee00000,0x00000000eee00000,0x00000000ef300000)
 ParOldGen       total 84992K, used 1182K [0x00000000c0000000, 0x00000000c5300000, 0x00000000eab00000)
  object space 84992K, 1% used [0x00000000c0000000,0x00000000c0127b28,0x00000000c5300000)
 Metaspace       used 6036K, capacity 6960K, committed 7040K, reserved 1056768K
  class space    used 577K, capacity 616K, committed 640K, reserved 1048576K
}
Event: 4.425 GC heap before
{Heap before GC invocations=2 (full 0):
 PSYoungGen      total 36864K, used 36844K [0x00000000eab00000, 0x00000000ef300000, 0x0000000100000000)
  eden space 31744K, 100% used [0x00000000eab00000,0x00000000eca00000,0x00000000eca00000)
  from space 5120K, 99% used [0x00000000eca00000,0x00000000ecefb2c8,0x00000000ecf00000)
  to   space 5120K, 0% used [0x00000000eee00000,0x00000000eee00000,0x00000000ef300000)
 ParOldGen       total 84992K, used 1182K [0x00000000c0000000, 0x00000000c5300000, 0x00000000eab00000)
  object space 84992K, 1% used [0x00000000c0000000,0x00000000c0127b28,0x00000000c5300000)
 Metaspace       used 6202K, capacity 7088K, committed 7296K, reserved 1056768K
  class space    used 577K, capacity 616K, committed 640K, reserved 1048576K
Event: 4.450 GC heap after
Heap after GC invocations=2 (full 0):
 PSYoungGen      total 68608K, used 5106K [0x00000000eab00000, 0x00000000ef300000, 0x0000000100000000)
  eden space 63488K, 0% used [0x00000000eab00000,0x00000000eab00000,0x00000000ee900000)
  from space 5120K, 99% used [0x00000000eee00000,0x00000000ef2fcad8,0x00000000ef300000)
  to   space 5120K, 0% used [0x00000000ee900000,0x00000000ee900000,0x00000000eee00000)
 ParOldGen       total 84992K, used 5414K [0x00000000c0000000, 0x00000000c5300000, 0x00000000eab00000)
  object space 84992K, 6% used [0x00000000c0000000,0x00000000c0549ab8,0x00000000c5300000)
 Metaspace       used 6202K, capacity 7088K, committed 7296K, reserved 1056768K
  class space    used 577K, capacity 616K, committed 640K, reserved 1048576K
}
Event: 6.685 GC heap before
{Heap before GC invocations=3 (full 0):
 PSYoungGen      total 68608K, used 68594K [0x00000000eab00000, 0x00000000ef300000, 0x0000000100000000)
  eden space 63488K, 100% used [0x00000000eab00000,0x00000000ee900000,0x00000000ee900000)
  from space 5120K, 99% used [0x00000000eee00000,0x00000000ef2fcad8,0x00000000ef300000)
  to   space 5120K, 0% used [0x00000000ee900000,0x00000000ee900000,0x00000000eee00000)
 ParOldGen       total 84992K, used 5414K [0x00000000c0000000, 0x00000000c5300000, 0x00000000eab00000)
  object space 84992K, 6% used [0x00000000c0000000,0x00000000c0549ab8,0x00000000c5300000)
 Metaspace       used 6393K, capacity 7156K, committed 7296K, reserved 1056768K
  class space    used 600K, capacity 620K, committed 640K, reserved 1048576K
Event: 6.908 GC heap after
Heap after GC invocations=3 (full 0):
 PSYoungGen      total 68608K, used 5118K [0x00000000eab00000, 0x00000000f3100000, 0x0000000100000000)
  eden space 63488K, 0% used [0x00000000eab00000,0x00000000eab00000,0x00000000ee900000)
  from space 5120K, 99% used [0x00000000ee900000,0x00000000eedff988,0x00000000eee00000)
  to   space 5120K, 0% used [0x00000000f2c00000,0x00000000f2c00000,0x00000000f3100000)
 ParOldGen       total 84992K, used 15344K [0x00000000c0000000, 0x00000000c5300000, 0x00000000eab00000)
  object space 84992K, 18% used [0x00000000c0000000,0x00000000c0efc180,0x00000000c5300000)
 Metaspace       used 6393K, capacity 7156K, committed 7296K, reserved 1056768K
  class space    used 600K, capacity 620K, committed 640K, reserved 1048576K
}

Deoptimization events (10 events):
Event: 9.969 Thread 0x00000000025b0800 Uncommon trap: reason=unstable_if action=reinterpret pc=0x0000000002f541a4 method=java.util.TreeMap.put(Ljava/lang/Object;Ljava/lang/Object;)Ljava/lang/Object; @ 163
Event: 9.974 Thread 0x00000000025b0800 Uncommon trap: reason=unstable_if action=reinterpret pc=0x000000000302fe58 method=com.android.dx.dex.code.OutputFinisher.align64bits([Lcom/android/dx/dex/code/Dop;)V @ 130
Event: 9.977 Thread 0x00000000025b0800 Uncommon trap: reason=unstable_if action=reinterpret pc=0x00000000030339ec method=com.android.dx.dex.code.OutputFinisher.findOpcodeForInsn(Lcom/android/dx/dex/code/DalvInsn;Lcom/android/dx/dex/code/Dop;)Lcom/android/dx/dex/code/Dop; @ 1
Event: 9.978 Thread 0x00000000025b0800 Uncommon trap: reason=unstable_if action=reinterpret pc=0x0000000002ff0980 method=com.android.dx.dex.code.OutputFinisher.findOpcodeForInsn(Lcom/android/dx/dex/code/DalvInsn;Lcom/android/dx/dex/code/Dop;)Lcom/android/dx/dex/code/Dop; @ 1
Event: 9.985 Thread 0x00000000025b0800 Uncommon trap: reason=unstable_if action=reinterpret pc=0x000000000303d67c method=com.android.dx.dex.code.OutputFinisher.massageInstructions([Lcom/android/dx/dex/code/Dop;)V @ 4
Event: 9.991 Thread 0x00000000025b0800 Uncommon trap: reason=unstable_if action=reinterpret pc=0x000000000303c744 method=com.android.dx.dex.code.OutputFinisher.fixBranches()Z @ 65
Event: 10.206 Thread 0x00000000025b0800 Uncommon trap: reason=unstable_if action=reinterpret pc=0x0000000003062c08 method=com.android.dx.dex.code.LocalList$MakeState.startLocal(ILcom/android/dx/rop/code/RegisterSpec;)V @ 71
Event: 10.281 Thread 0x00000000025b0800 Uncommon trap: reason=unstable_if action=reinterpret pc=0x000000000301a1d8 method=com.android.dx.dex.code.LocalList$MakeState.filterSpec(Lcom/android/dx/rop/code/RegisterSpec;)Lcom/android/dx/rop/code/RegisterSpec; @ 11
Event: 10.459 Thread 0x00000000025b0800 Uncommon trap: reason=unstable_if action=reinterpret pc=0x0000000003026224 method=java.util.ArrayList.<init>(I)V @ 5
Event: 10.824 Thread 0x00000000025b0800 Uncommon trap: reason=unstable_if action=reinterpret pc=0x0000000003096644 method=com.android.dx.util.ByteArrayAnnotatedOutput.writeByte(I)V @ 13

Internal exceptions (7 events):
Event: 0.096 Thread 0x00000000025b0800 Exception <a 'java/lang/NoSuchMethodError': Method sun.misc.Unsafe.defineClass(Ljava/lang/String;[BII)Ljava/lang/Class; name or signature does not match> (0x00000000eab07cc0) thrown at [C:\src\android\AOSP-openjdk\external\jetbrains\jdk\hotspot\src\share\vÒDx/Bÿ∏?
Event: 0.097 Thread 0x00000000025b0800 Exception <a 'java/lang/NoSuchMethodError': Method sun.misc.Unsafe.prefetchRead(Ljava/lang/Object;J)V name or signature does not match> (0x00000000eab07fa8) thrown at [C:\src\android\AOSP-openjdk\external\jetbrains\jdk\hotspot\src\share\vm\prims\jni.cpp, lVd‡ıQë@
Event: 2.946 Thread 0x00000000025b0800 Implicit null exception at 0x0000000002ade886 to 0x0000000002ae00ed
Event: 2.948 Thread 0x00000000025b0800 Implicit null exception at 0x0000000002b32cad to 0x0000000002b34229
Event: 6.480 Thread 0x000000001669a000 Exception <a 'java/lang/ArrayIndexOutOfBoundsException': 18> (0x00000000ee2c7160) thrown at [C:\src\android\AOSP-openjdk\external\jetbrains\jdk\hotspot\src\share\vm\interpreter\interpreterRuntime.cpp, line 366]
Event: 6.481 Thread 0x000000001669a000 Exception <a 'java/lang/ArrayIndexOutOfBoundsException'> (0x00000000ee2c8ce0) thrown at [C:\src\android\AOSP-openjdk\external\jetbrains\jdk\hotspot\src\share\vm\runtime\sharedRuntime.cpp, line 605]
Event: 6.481 Thread 0x000000001669a000 Exception <a 'java/lang/ArrayIndexOutOfBoundsException'> (0x00000000ee2c9fc8) thrown at [C:\src\android\AOSP-openjdk\external\jetbrains\jdk\hotspot\src\share\vm\runtime\sharedRuntime.cpp, line 605]

Events (10 events):
Event: 10.459 loading class com/android/dx/dex/file/DebugInfoEncoder$2 done
Event: 10.717 loading class com/android/dex/EncodedValueCodec
Event: 10.717 loading class com/android/dex/EncodedValueCodec done
Event: 10.816 loading class com/android/dx/dex/file/MapItem
Event: 10.816 loading class com/android/dx/dex/file/MapItem done
Event: 10.823 loading class com/android/dex/DexFormat
Event: 10.823 loading class com/android/dex/DexFormat done
Event: 10.824 Thread 0x00000000025b0800 Uncommon trap: trap_request=0xffffff65 fr.pc=0x0000000003096644
Event: 10.824 Thread 0x00000000025b0800 DEOPT PACKING pc=0x0000000003096644 sp=0x00000000024aeed0
Event: 10.824 Thread 0x00000000025b0800 DEOPT UNPACKING pc=0x00000000026f556a sp=0x00000000024aee88 mode 2


Dynamic libraries:
0x00007ff75f820000 - 0x00007ff75f855000 	E:\Android\android-studio-ide-145.2915834-windows\jre\bin\java.exe
0x00007ffecf410000 - 0x00007ffecf5d1000 	C:\Windows\SYSTEM32\ntdll.dll
0x00007ffecef70000 - 0x00007ffecf01d000 	C:\Windows\system32\KERNEL32.DLL
0x00007ffecc330000 - 0x00007ffecc518000 	C:\Windows\system32\KERNELBASE.dll
0x00007ffecc9e0000 - 0x00007ffecca87000 	C:\Windows\system32\ADVAPI32.dll
0x00007ffece4c0000 - 0x00007ffece55d000 	C:\Windows\system32\msvcrt.dll
0x00007ffeccd10000 - 0x00007ffeccd6b000 	C:\Windows\system32\sechost.dll
0x00007ffece730000 - 0x00007ffece84c000 	C:\Windows\system32\RPCRT4.dll
0x00007ffece920000 - 0x00007ffecea76000 	C:\Windows\system32\USER32.dll
0x00007ffeccd90000 - 0x00007ffeccf16000 	C:\Windows\system32\GDI32.dll
0x00007ffebe600000 - 0x00007ffebe874000 	C:\Windows\WinSxS\amd64_microsoft.windows.common-controls_6595b64144ccf1df_6.0.10586.0_none_8c15ae12515e1c22\COMCTL32.dll
0x00007ffecca90000 - 0x00007ffeccd0d000 	C:\Windows\system32\combase.dll
0x00007ffecc520000 - 0x00007ffecc58a000 	C:\Windows\system32\bcryptPrimitives.dll
0x00007ffeccf20000 - 0x00007ffeccf5b000 	C:\Windows\system32\IMM32.DLL
0x000000005fdc0000 - 0x000000005fe92000 	E:\Android\android-studio-ide-145.2915834-windows\jre\jre\bin\msvcr100.dll
0x000000005ece0000 - 0x000000005f514000 	E:\Android\android-studio-ide-145.2915834-windows\jre\jre\bin\server\jvm.dll
0x00007ffecf1d0000 - 0x00007ffecf1d8000 	C:\Windows\system32\PSAPI.DLL
0x00007ffeca010000 - 0x00007ffeca019000 	C:\Windows\SYSTEM32\WSOCK32.dll
0x00007ffece560000 - 0x00007ffece5cb000 	C:\Windows\system32\WS2_32.dll
0x00007ffec9d40000 - 0x00007ffec9d63000 	C:\Windows\SYSTEM32\WINMM.dll
0x00007ffec1700000 - 0x00007ffec170a000 	C:\Windows\SYSTEM32\VERSION.dll
0x00007ffec9bf0000 - 0x00007ffec9c1c000 	C:\Windows\SYSTEM32\WINMMBASE.dll
0x00007ffecbbd0000 - 0x00007ffecbc13000 	C:\Windows\system32\cfgmgr32.dll
0x00007ffeca000000 - 0x00007ffeca00f000 	E:\Android\android-studio-ide-145.2915834-windows\jre\jre\bin\verify.dll
0x00007ffec8e10000 - 0x00007ffec8e39000 	E:\Android\android-studio-ide-145.2915834-windows\jre\jre\bin\java.dll
0x00007ffec91d0000 - 0x00007ffec91e6000 	E:\Android\android-studio-ide-145.2915834-windows\jre\jre\bin\zip.dll
0x00007ffeccf60000 - 0x00007ffece4bc000 	C:\Windows\system32\SHELL32.dll
0x00007ffecbce0000 - 0x00007ffecc325000 	C:\Windows\system32\windows.storage.dll
0x00007ffecea80000 - 0x00007ffecead2000 	C:\Windows\system32\shlwapi.dll
0x00007ffecba90000 - 0x00007ffecba9f000 	C:\Windows\system32\kernel.appcore.dll
0x00007ffecbc20000 - 0x00007ffecbcd5000 	C:\Windows\system32\shcore.dll
0x00007ffecba30000 - 0x00007ffecba7b000 	C:\Windows\system32\powrprof.dll
0x00007ffecbaa0000 - 0x00007ffecbab4000 	C:\Windows\system32\profapi.dll

VM Arguments:
jvm_args: -Djava.awt.headless=true -Xmx1024M -Dfile.encoding=GBK -Duser.country=CN -Duser.language=zh -Duser.variant 
java_command: com.android.dx.command.Main --dex --num-threads=4 --output E:\Teapopo\app\build\intermediates\pre-dexed\debug\haha-2.0.2_f038cb451aad782a1726824a257bd4c54d2f357a.jar C:\Users\lhq\.gradle\caches\modules-2\files-2.1\com.squareup.haha\haha\2.0.2\fd65b84d12d6adc77ec0e4fcaca623fc391d8679\haha-2.0.2.jar
java_class_path (initial): C:\Users\lhq\AppData\Local\Android\sdk\build-tools\23.0.3\lib\dx.jar
Launcher Type: SUN_STANDARD

Environment Variables:
JAVA_HOME=C:\Program Files\Java\jdk1.8.0_91
PATH=C:\ProgramData\Oracle\Java\javapath;C:\Windows\system32;C:\Windows;C:\Windows\System32\Wbem;C:\Windows\System32\WindowsPowerShell\v1.0\;C:\Users\lhq\AppData\Local\Android\sdk\platform-tools;C:\Users\lhq\AppData\Local\Android\sdk\tools;C:\Program Files\Java\jdk1.8.0_91\bin;C:\Program Files\Java\jdk1.8.0_91\jre\bin
USERNAME=lhq
OS=Windows_NT
PROCESSOR_IDENTIFIER=Intel64 Family 6 Model 69 Stepping 1, GenuineIntel



---------------  S Y S T E M  ---------------

OS: Windows 10.0 , 64 bit Build 10586 (10.0.10586.0)

CPU:total 4 (2 cores per cpu, 2 threads per core) family 6 model 69 stepping 1, cmov, cx8, fxsr, mmx, sse, sse2, sse3, ssse3, sse4.1, sse4.2, popcnt, avx, avx2, aes, clmul, erms, lzcnt, ht, tsc, tscinvbit, bmi1, bmi2

Memory: 4k page, physical 8067548k(1109060k free), swap 8067548k(5368k free)

vm_info: OpenJDK 64-Bit Server VM (25.76-b01) for windows-amd64 JRE (1.8.0_76-release-b01), built on May 12 2016 23:29:00 by "ralucas" with MS VC++ 10.0 (VS2010)

time: Fri Jul 08 14:40:36 2016
elapsed time: 10 seconds (0d 0h 0m 10s)

