#
# There is insufficient memory for the Java Runtime Environment to continue.
# Native memory allocation (malloc) failed to allocate 264816 bytes for Chunk::new
# Possible reasons:
#   The system is out of physical RAM or swap space
#   In 32 bit mode, the process size limit was hit
# Possible solutions:
#   Reduce memory load on the system
#   Increase physical memory or swap space
#   Check if swap backing store is full
#   Use 64 bit Java on a 64 bit OS
#   Decrease Java heap size (-Xmx/-Xms)
#   Decrease number of Java threads
#   Decrease Java thread stack sizes (-Xss)
#   Set larger code cache with -XX:ReservedCodeCacheSize=
# This output file may be truncated or incomplete.
#
#  Out of Memory Error (allocation.cpp:390), pid=90840, tid=0x0000000000012fc8
#
# JRE version: OpenJDK Runtime Environment (8.0_76-b01) (build 1.8.0_76-release-b01)
# Java VM: OpenJDK 64-Bit Server VM (25.76-b01 mixed mode windows-amd64 compressed oops)
# Failed to write core dump. Minidumps are not enabled by default on client versions of Windows
#

---------------  T H R E A D  ---------------

Current thread (0x0000000014dfa800):  JavaThread "C2 CompilerThread1" daemon [_thread_in_native, id=77768, stack(0x0000000016400000,0x0000000016500000)]

Stack: [0x0000000016400000,0x0000000016500000]
[error occurred during error reporting (printing stack bounds), id 0xc0000005]

Native frames: (J=compiled Java code, j=interpreted, Vv=VM code, C=native code)


Current CompileTask:
C2:   1282  645       4       com.android.dx.ssa.SsaBasicBlock::forEachInsn (37 bytes)


---------------  P R O C E S S  ---------------

Java Threads: ( => current thread )
  0x00000000166b1800 JavaThread "pool-1-thread-4" [_thread_new, id=90692, stack(0x0000000000000000,0x0000000000000000)]
  0x00000000166af800 JavaThread "pool-1-thread-2" [_thread_in_Java, id=90276, stack(0x0000000016e00000,0x0000000016f00000)]
  0x00000000166ac000 JavaThread "pool-2-thread-1" [_thread_blocked, id=62800, stack(0x0000000016d00000,0x0000000016e00000)]
  0x000000001655d800 JavaThread "Service Thread" daemon [_thread_blocked, id=89568, stack(0x0000000016a00000,0x0000000016b00000)]
  0x0000000014dfe800 JavaThread "C1 CompilerThread2" daemon [_thread_in_native, id=89740, stack(0x0000000016900000,0x0000000016a00000)]
=>0x0000000014dfa800 JavaThread "C2 CompilerThread1" daemon [_thread_in_native, id=77768, stack(0x0000000016400000,0x0000000016500000)]
  0x0000000014dad800 JavaThread "C2 CompilerThread0" daemon [_thread_in_native, id=84656, stack(0x0000000016300000,0x0000000016400000)]
  0x0000000014dac000 JavaThread "Attach Listener" daemon [_thread_blocked, id=90972, stack(0x0000000016200000,0x0000000016300000)]
  0x0000000014dab000 JavaThread "Signal Dispatcher" daemon [_thread_blocked, id=89948, stack(0x0000000016100000,0x0000000016200000)]
  0x0000000014d88000 JavaThread "Finalizer" daemon [_thread_blocked, id=90664, stack(0x0000000016000000,0x0000000016100000)]
  0x00000000025d0000 JavaThread "Reference Handler" daemon [_thread_blocked, id=91064, stack(0x0000000015f00000,0x0000000016000000)]
  0x00000000024e0800 JavaThread "main" [_thread_blocked, id=90588, stack(0x0000000000790000,0x0000000000890000)]

Other Threads:
  0x0000000014d65800 VMThread [stack: 0x0000000015e00000,0x0000000015f00000] [id=90380]
  0x0000000016560000 WatcherThread [stack: 0x0000000016b00000,0x0000000016c00000] [id=90908]

VM state:not at safepoint (normal execution)

VM Mutex/Monitor currently owned by a thread: None

Heap:
 PSYoungGen      total 36864K, used 14254K [0x00000000eab00000, 0x00000000ed400000, 0x0000000100000000)
  eden space 31744K, 44% used [0x00000000eab00000,0x00000000eb8eb980,0x00000000eca00000)
  from space 5120K, 0% used [0x00000000ecf00000,0x00000000ecf00000,0x00000000ed400000)
  to   space 5120K, 0% used [0x00000000eca00000,0x00000000eca00000,0x00000000ecf00000)
 ParOldGen       total 84992K, used 0K [0x00000000c0000000, 0x00000000c5300000, 0x00000000eab00000)
  object space 84992K, 0% used [0x00000000c0000000,0x00000000c0000000,0x00000000c5300000)
 Metaspace       used 5648K, capacity 6640K, committed 6784K, reserved 1056768K
  class space    used 572K, capacity 616K, committed 640K, reserved 1048576K

Card table byte_map: [0x0000000011a90000,0x0000000011ca0000] byte_map_base: 0x0000000011490000

Marking Bits: (ParMarkBitMap*) 0x000000005f499d00
 Begin Bits: [0x0000000012200000, 0x0000000013200000)
 End Bits:   [0x0000000013200000, 0x0000000014200000)

Polling page: 0x0000000000510000

CodeCache: size=245760Kb used=2729Kb max_used=2740Kb free=243030Kb
 bounds [0x00000000026d0000, 0x0000000002980000, 0x00000000116d0000]
 total_blobs=961 nmethods=691 adapters=184
 compilation: enabled

Compilation events (10 events):
Event: 1.274 Thread 0x0000000014dfe800 nmethod 691 0x0000000002971250 code [0x0000000002971420, 0x0000000002971ad8]
Event: 1.274 Thread 0x0000000014dfe800  690   !   3       com.android.dx.ssa.LocalVariableInfo::setStarts (40 bytes)
Event: 1.274 Thread 0x0000000014dfe800 nmethod 690 0x0000000002971e50 code [0x0000000002972020, 0x00000000029726a8]
Event: 1.274 Thread 0x0000000014dfe800  658       3       com.android.dx.rop.code.Rops::ropFor (771 bytes)
Event: 1.275 Thread 0x0000000014dad800 nmethod 692 0x0000000002975750 code [0x00000000029758a0, 0x00000000029759d8]
Event: 1.276 Thread 0x0000000014dad800  704       4       com.android.dx.ssa.NormalSsaInsn::getSources (8 bytes)
Event: 1.277 Thread 0x0000000014dad800 nmethod 704 0x0000000002959dd0 code [0x0000000002959f00, 0x0000000002959f78]
Event: 1.278 Thread 0x0000000014dad800  705   !   4       com.android.dx.util.IntList::<init> (37 bytes)
Event: 1.279 Thread 0x0000000014dfe800 nmethod 658 0x0000000002975a90 code [0x0000000002976300, 0x000000000297aa58]
Event: 1.279 Thread 0x0000000014dfe800  697       3       com.android.dx.ssa.SCCP::simulateBlock (54 bytes)

GC Heap History (0 events):
No events

Deoptimization events (3 events):
Event: 0.394 Thread 0x00000000024e0800 Uncommon trap: reason=unstable_if action=reinterpret pc=0x000000000280bbd4 method=java.lang.String.indexOf(II)I @ 49
Event: 0.997 Thread 0x00000000166b0000 Uncommon trap: reason=unstable_if action=reinterpret pc=0x00000000028b4ab0 method=java.util.HashMap.getNode(ILjava/lang/Object;)Ljava/util/HashMap$Node; @ 129
Event: 1.024 Thread 0x00000000166b0000 Uncommon trap: reason=unstable_if action=reinterpret pc=0x00000000028c8a70 method=java.util.BitSet.nextSetBit(I)I @ 87

Internal exceptions (2 events):
Event: 0.068 Thread 0x00000000024e0800 Exception <a 'java/lang/NoSuchMethodError': Method sun.misc.Unsafe.defineClass(Ljava/lang/String;[BII)Ljava/lang/Class; name or signature does not match> (0x00000000eab07cc0) thrown at [C:\src\android\AOSP-openjdk\external\jetbrains\jdk\hotspot\src\share\v¤ÆKMVU±?
Event: 0.068 Thread 0x00000000024e0800 Exception <a 'java/lang/NoSuchMethodError': Method sun.misc.Unsafe.prefetchRead(Ljava/lang/Object;J)V name or signature does not match> (0x00000000eab07fa8) thrown at [C:\src\android\AOSP-openjdk\external\jetbrains\jdk\hotspot\src\share\vm\prims\jni.cpp, l

Events (10 events):
Event: 1.024 Thread 0x00000000166b0000 DEOPT PACKING pc=0x00000000028c8a70 sp=0x0000000016ffea80
Event: 1.024 Thread 0x00000000166b0000 DEOPT UNPACKING pc=0x000000000271556a sp=0x0000000016ffea18 mode 2
Event: 1.228 loading class java/util/HashMap$KeySet
Event: 1.228 loading class java/util/HashMap$KeySet done
Event: 1.228 loading class java/util/HashMap$KeyIterator
Event: 1.228 loading class java/util/HashMap$KeyIterator done
Event: 1.232 loading class java/util/DualPivotQuicksort
Event: 1.232 loading class java/util/DualPivotQuicksort done
Event: 1.267 loading class java/util/ArrayList$1
Event: 1.267 loading class java/util/ArrayList$1 done


Dynamic libraries:
0x00007ff6a3010000 - 0x00007ff6a3045000 	E:\Android\android-studio-ide-145.2915834-windows\jre\bin\java.exe
0x00007ffecf410000 - 0x00007ffecf5d1000 	C:\Windows\SYSTEM32\ntdll.dll
0x00007ffecef70000 - 0x00007ffecf01d000 	C:\Windows\system32\KERNEL32.DLL
0x00007ffecc330000 - 0x00007ffecc518000 	C:\Windows\system32\KERNELBASE.dll
0x00007ffecc9e0000 - 0x00007ffecca87000 	C:\Windows\system32\ADVAPI32.dll
0x00007ffece4c0000 - 0x00007ffece55d000 	C:\Windows\system32\msvcrt.dll
0x00007ffeccd10000 - 0x00007ffeccd6b000 	C:\Windows\system32\sechost.dll
0x00007ffece730000 - 0x00007ffece84c000 	C:\Windows\system32\RPCRT4.dll
0x00007ffece920000 - 0x00007ffecea76000 	C:\Windows\system32\USER32.dll
0x00007ffeccd90000 - 0x00007ffeccf16000 	C:\Windows\system32\GDI32.dll
0x00007ffebe600000 - 0x00007ffebe874000 	C:\Windows\WinSxS\amd64_microsoft.windows.common-controls_6595b64144ccf1df_6.0.10586.0_none_8c15ae12515e1c22\COMCTL32.dll
0x00007ffecca90000 - 0x00007ffeccd0d000 	C:\Windows\system32\combase.dll
0x00007ffecc520000 - 0x00007ffecc58a000 	C:\Windows\system32\bcryptPrimitives.dll
0x00007ffeccf20000 - 0x00007ffeccf5b000 	C:\Windows\system32\IMM32.DLL
0x00000000600f0000 - 0x00000000601c2000 	E:\Android\android-studio-ide-145.2915834-windows\jre\jre\bin\msvcr100.dll
0x000000005ece0000 - 0x000000005f514000 	E:\Android\android-studio-ide-145.2915834-windows\jre\jre\bin\server\jvm.dll
0x00007ffecf1d0000 - 0x00007ffecf1d8000 	C:\Windows\system32\PSAPI.DLL
0x00007ffec8ed0000 - 0x00007ffec8ed9000 	C:\Windows\SYSTEM32\WSOCK32.dll
0x00007ffece560000 - 0x00007ffece5cb000 	C:\Windows\system32\WS2_32.dll
0x00007ffec9d40000 - 0x00007ffec9d63000 	C:\Windows\SYSTEM32\WINMM.dll
0x00007ffec1700000 - 0x00007ffec170a000 	C:\Windows\SYSTEM32\VERSION.dll
0x00007ffec9bf0000 - 0x00007ffec9c1c000 	C:\Windows\SYSTEM32\WINMMBASE.dll
0x00007ffecbbd0000 - 0x00007ffecbc13000 	C:\Windows\system32\cfgmgr32.dll
0x00007ffec8e10000 - 0x00007ffec8e1f000 	E:\Android\android-studio-ide-145.2915834-windows\jre\jre\bin\verify.dll
0x00007ffec8d10000 - 0x00007ffec8d39000 	E:\Android\android-studio-ide-145.2915834-windows\jre\jre\bin\java.dll
0x00007ffec8cd0000 - 0x00007ffec8ce6000 	E:\Android\android-studio-ide-145.2915834-windows\jre\jre\bin\zip.dll
0x00007ffeccf60000 - 0x00007ffece4bc000 	C:\Windows\system32\SHELL32.dll
0x00007ffecbce0000 - 0x00007ffecc325000 	C:\Windows\system32\windows.storage.dll
0x00007ffecea80000 - 0x00007ffecead2000 	C:\Windows\system32\shlwapi.dll
0x00007ffecba90000 - 0x00007ffecba9f000 	C:\Windows\system32\kernel.appcore.dll
0x00007ffecbc20000 - 0x00007ffecbcd5000 	C:\Windows\system32\shcore.dll
0x00007ffecba30000 - 0x00007ffecba7b000 	C:\Windows\system32\powrprof.dll
0x00007ffecbaa0000 - 0x00007ffecbab4000 	C:\Windows\system32\profapi.dll

VM Arguments:
jvm_args: -Djava.awt.headless=true -Xmx1024M -Dfile.encoding=GBK -Duser.country=CN -Duser.language=zh -Duser.variant 
java_command: com.android.dx.command.Main --dex --num-threads=4 --output E:\Teapopo\app\build\intermediates\pre-dexed\debug\adapter-rxjava-2.0.2_26f3963087a27c2b4d0505e1e42bbb509fa0a4b0.jar C:\Users\lhq\.gradle\caches\modules-2\files-2.1\com.squareup.retrofit2\adapter-rxjava\2.0.2\a60c039ba54c73d1133b72178e1b04133c73d13d\adapter-rxjava-2.0.2.jar
java_class_path (initial): C:\Users\lhq\AppData\Local\Android\sdk\build-tools\23.0.3\lib\dx.jar
Launcher Type: SUN_STANDARD

Environment Variables:
JAVA_HOME=C:\Program Files\Java\jdk1.8.0_91
PATH=C:\ProgramData\Oracle\Java\javapath;C:\Windows\system32;C:\Windows;C:\Windows\System32\Wbem;C:\Windows\System32\WindowsPowerShell\v1.0\;C:\Users\lhq\AppData\Local\Android\sdk\platform-tools;C:\Users\lhq\AppData\Local\Android\sdk\tools;C:\Program Files\Java\jdk1.8.0_91\bin;C:\Program Files\Java\jdk1.8.0_91\jre\bin
USERNAME=lhq
OS=Windows_NT
PROCESSOR_IDENTIFIER=Intel64 Family 6 Model 69 Stepping 1, GenuineIntel



---------------  S Y S T E M  ---------------

OS: Windows 10.0 , 64 bit Build 10586 (10.0.10586.0)

CPU:total 4 (2 cores per cpu, 2 threads per core) family 6 model 69 stepping 1, cmov, cx8, fxsr, mmx, sse, sse2, sse3, ssse3, sse4.1, sse4.2, popcnt, avx, avx2, aes, clmul, erms, lzcnt, ht, tsc, tscinvbit, bmi1, bmi2

Memory: 4k page, physical 8067548k(1023824k free), swap 8067548k(3068k free)

vm_info: OpenJDK 64-Bit Server VM (25.76-b01) for windows-amd64 JRE (1.8.0_76-release-b01), built on May 12 2016 23:29:00 by "ralucas" with MS VC++ 10.0 (VS2010)

time: Thu Jul 07 09:34:06 2016
elapsed time: 1 seconds (0d 0h 0m 1s)

