#
# There is insufficient memory for the Java Runtime Environment to continue.
# Native memory allocation (malloc) failed to allocate 480976 bytes for Chunk::new
# Possible reasons:
#   The system is out of physical RAM or swap space
#   In 32 bit mode, the process size limit was hit
# Possible solutions:
#   Reduce memory load on the system
#   Increase physical memory or swap space
#   Check if swap backing store is full
#   Use 64 bit Java on a 64 bit OS
#   Decrease Java heap size (-Xmx/-Xms)
#   Decrease number of Java threads
#   Decrease Java thread stack sizes (-Xss)
#   Set larger code cache with -XX:ReservedCodeCacheSize=
# This output file may be truncated or incomplete.
#
#  Out of Memory Error (allocation.cpp:390), pid=167804, tid=0x00000000000299c0
#
# JRE version: OpenJDK Runtime Environment (8.0_76-b01) (build 1.8.0_76-release-b01)
# Java VM: OpenJDK 64-Bit Server VM (25.76-b01 mixed mode windows-amd64 compressed oops)
# Failed to write core dump. Minidumps are not enabled by default on client versions of Windows
#

---------------  T H R E A D  ---------------

Current thread (0x0000000014c8d000):  JavaThread "C2 CompilerThread0" daemon [_thread_in_native, id=170432, stack(0x00000000161e0000,0x00000000162e0000)]

Stack: [0x00000000161e0000,0x00000000162e0000]
[error occurred during error reporting (printing stack bounds), id 0xc0000005]

Native frames: (J=compiled Java code, j=interpreted, Vv=VM code, C=native code)


Current CompileTask:
C2:   1274  720       4       com.android.dx.ssa.SsaBasicBlock::forEachInsn (37 bytes)


---------------  P R O C E S S  ---------------

Java Threads: ( => current thread )
  0x0000000016653000 JavaThread "pool-1-thread-4" [_thread_in_Java, id=169016, stack(0x0000000016ee0000,0x0000000016fe0000)]
  0x0000000016652800 JavaThread "pool-1-thread-3" [_thread_in_Java, id=170732, stack(0x0000000016de0000,0x0000000016ee0000)]
  0x0000000016651800 JavaThread "pool-1-thread-2" [_thread_in_Java, id=170660, stack(0x0000000016ce0000,0x0000000016de0000)]
  0x000000001664a800 JavaThread "pool-2-thread-1" [_thread_blocked, id=163572, stack(0x0000000016be0000,0x0000000016ce0000)]
  0x0000000016649800 JavaThread "pool-1-thread-1" [_thread_in_Java, id=169828, stack(0x0000000016ae0000,0x0000000016be0000)]
  0x0000000016440000 JavaThread "Service Thread" daemon [_thread_blocked, id=169068, stack(0x00000000168e0000,0x00000000169e0000)]
  0x0000000016439800 JavaThread "C1 CompilerThread2" daemon [_thread_blocked, id=170028, stack(0x00000000167e0000,0x00000000168e0000)]
  0x0000000014cdb800 JavaThread "C2 CompilerThread1" daemon [_thread_blocked, id=170296, stack(0x00000000162e0000,0x00000000163e0000)]
=>0x0000000014c8d000 JavaThread "C2 CompilerThread0" daemon [_thread_in_native, id=170432, stack(0x00000000161e0000,0x00000000162e0000)]
  0x0000000014c8c000 JavaThread "Attach Listener" daemon [_thread_blocked, id=170380, stack(0x00000000160e0000,0x00000000161e0000)]
  0x0000000014c8a800 JavaThread "Signal Dispatcher" daemon [_thread_blocked, id=170208, stack(0x0000000015fe0000,0x00000000160e0000)]
  0x0000000014c68000 JavaThread "Finalizer" daemon [_thread_blocked, id=169120, stack(0x0000000015ee0000,0x0000000015fe0000)]
  0x00000000025a0000 JavaThread "Reference Handler" daemon [_thread_blocked, id=170984, stack(0x0000000015de0000,0x0000000015ee0000)]
  0x00000000024b0800 JavaThread "main" [_thread_in_Java, id=170056, stack(0x00000000023b0000,0x00000000024b0000)]

Other Threads:
  0x0000000014c45800 VMThread [stack: 0x0000000015ce0000,0x0000000015de0000] [id=169704]
  0x0000000016442000 WatcherThread [stack: 0x00000000169e0000,0x0000000016ae0000] [id=168432]

VM state:not at safepoint (normal execution)

VM Mutex/Monitor currently owned by a thread: None

Heap:
 PSYoungGen      total 36864K, used 14304K [0x00000000eab00000, 0x00000000ed400000, 0x0000000100000000)
  eden space 31744K, 45% used [0x00000000eab00000,0x00000000eb8f8280,0x00000000eca00000)
  from space 5120K, 0% used [0x00000000ecf00000,0x00000000ecf00000,0x00000000ed400000)
  to   space 5120K, 0% used [0x00000000eca00000,0x00000000eca00000,0x00000000ecf00000)
 ParOldGen       total 84992K, used 0K [0x00000000c0000000, 0x00000000c5300000, 0x00000000eab00000)
  object space 84992K, 0% used [0x00000000c0000000,0x00000000c0000000,0x00000000c5300000)
 Metaspace       used 5623K, capacity 6640K, committed 6784K, reserved 1056768K
  class space    used 568K, capacity 616K, committed 640K, reserved 1048576K

Card table byte_map: [0x0000000011970000,0x0000000011b80000] byte_map_base: 0x0000000011370000

Marking Bits: (ParMarkBitMap*) 0x000000005f499d00
 Begin Bits: [0x00000000120e0000, 0x00000000130e0000)
 End Bits:   [0x00000000130e0000, 0x00000000140e0000)

Polling page: 0x0000000001f40000

CodeCache: size=245760Kb used=3219Kb max_used=3219Kb free=242540Kb
 bounds [0x00000000025b0000, 0x00000000028e0000, 0x00000000115b0000]
 total_blobs=1034 nmethods=764 adapters=184
 compilation: enabled

Compilation events (10 events):
Event: 1.266 Thread 0x0000000016439800  747       3       com.android.dx.rop.code.ThrowingCstInsn::withNewRegisters (25 bytes)
Event: 1.266 Thread 0x0000000016439800 nmethod 747 0x00000000028d43d0 code [0x00000000028d4540, 0x00000000028d48e8]
Event: 1.266 Thread 0x0000000016439800  750       3       com.android.dx.rop.cst.CstInteger::getType (4 bytes)
Event: 1.266 Thread 0x0000000016439800 nmethod 750 0x00000000028d49d0 code [0x00000000028d4b20, 0x00000000028d4c70]
Event: 1.266 Thread 0x0000000016439800  755       3       com.android.dx.ssa.LocalVariableInfo::mutableCopyOfStarts (29 bytes)
Event: 1.266 Thread 0x0000000016439800 nmethod 755 0x00000000028d4d10 code [0x00000000028d4ec0, 0x00000000028d54f8]
Event: 1.266 Thread 0x0000000016439800  758       3       com.android.dx.ssa.DomFront$DomInfo::<init> (10 bytes)
Event: 1.267 Thread 0x0000000016439800 nmethod 758 0x00000000028d5890 code [0x00000000028d59e0, 0x00000000028d5b90]
Event: 1.267 Thread 0x0000000016439800  756       3       com.android.dx.ssa.LocalVariableInfo::mergeStarts (59 bytes)
Event: 1.267 Thread 0x0000000016439800 nmethod 756 0x00000000028d5c50 code [0x00000000028d5e20, 0x00000000028d6538]

GC Heap History (0 events):
No events

Deoptimization events (2 events):
Event: 0.458 Thread 0x00000000024b0800 Uncommon trap: reason=unstable_if action=reinterpret pc=0x00000000026e6214 method=java.lang.String.indexOf(II)I @ 49
Event: 1.156 Thread 0x0000000016653000 Uncommon trap: reason=unstable_if action=reinterpret pc=0x00000000027bfce4 method=java.util.HashMap.getNode(ILjava/lang/Object;)Ljava/util/HashMap$Node; @ 129

Internal exceptions (2 events):
Event: 0.048 Thread 0x00000000024b0800 Exception <a 'java/lang/NoSuchMethodError': Method sun.misc.Unsafe.defineClass(Ljava/lang/String;[BII)Ljava/lang/Class; name or signature does not match> (0x00000000eab07cc0) thrown at [C:\src\android\AOSP-openjdk\external\jetbrains\jdk\hotspot\src\share\vˆ·*Í§¨?
Event: 0.048 Thread 0x00000000024b0800 Exception <a 'java/lang/NoSuchMethodError': Method sun.misc.Unsafe.prefetchRead(Ljava/lang/Object;J)V name or signature does not match> (0x00000000eab07fa8) thrown at [C:\src\android\AOSP-openjdk\external\jetbrains\jdk\hotspot\src\share\vm\prims\jni.cpp, l

Events (10 events):
Event: 0.991 loading class com/android/dx/ssa/PhiInsn$Operand done
Event: 1.084 loading class com/android/dx/ssa/back/FirstFitLocalCombiningAllocator$Multiset
Event: 1.084 loading class com/android/dx/ssa/back/FirstFitLocalCombiningAllocator$Multiset done
Event: 1.134 loading class com/android/dx/cf/attrib/AttLocalVariableTypeTable
Event: 1.134 loading class com/android/dx/cf/attrib/AttLocalVariableTypeTable done
Event: 1.156 Thread 0x0000000016653000 Uncommon trap: trap_request=0xffffff65 fr.pc=0x00000000027bfce4
Event: 1.156 Thread 0x0000000016653000 DEOPT PACKING pc=0x00000000027bfce4 sp=0x0000000016fde1d0
Event: 1.156 Thread 0x0000000016653000 DEOPT UNPACKING pc=0x00000000025f556a sp=0x0000000016fde148 mode 2
Event: 1.257 loading class java/util/ArrayList$1
Event: 1.257 loading class java/util/ArrayList$1 done


Dynamic libraries:
0x00007ff75f820000 - 0x00007ff75f855000 	E:\Android\android-studio-ide-145.2915834-windows\jre\bin\java.exe
0x00007ffecf410000 - 0x00007ffecf5d1000 	C:\Windows\SYSTEM32\ntdll.dll
0x00007ffecef70000 - 0x00007ffecf01d000 	C:\Windows\system32\KERNEL32.DLL
0x00007ffecc330000 - 0x00007ffecc518000 	C:\Windows\system32\KERNELBASE.dll
0x00007ffecc9e0000 - 0x00007ffecca87000 	C:\Windows\system32\ADVAPI32.dll
0x00007ffece4c0000 - 0x00007ffece55d000 	C:\Windows\system32\msvcrt.dll
0x00007ffeccd10000 - 0x00007ffeccd6b000 	C:\Windows\system32\sechost.dll
0x00007ffece730000 - 0x00007ffece84c000 	C:\Windows\system32\RPCRT4.dll
0x00007ffece920000 - 0x00007ffecea76000 	C:\Windows\system32\USER32.dll
0x00007ffeccd90000 - 0x00007ffeccf16000 	C:\Windows\system32\GDI32.dll
0x00007ffebe600000 - 0x00007ffebe874000 	C:\Windows\WinSxS\amd64_microsoft.windows.common-controls_6595b64144ccf1df_6.0.10586.0_none_8c15ae12515e1c22\COMCTL32.dll
0x00007ffecca90000 - 0x00007ffeccd0d000 	C:\Windows\system32\combase.dll
0x00007ffecc520000 - 0x00007ffecc58a000 	C:\Windows\system32\bcryptPrimitives.dll
0x00007ffeccf20000 - 0x00007ffeccf5b000 	C:\Windows\system32\IMM32.DLL
0x000000005fdc0000 - 0x000000005fe92000 	E:\Android\android-studio-ide-145.2915834-windows\jre\jre\bin\msvcr100.dll
0x000000005ece0000 - 0x000000005f514000 	E:\Android\android-studio-ide-145.2915834-windows\jre\jre\bin\server\jvm.dll
0x00007ffecf1d0000 - 0x00007ffecf1d8000 	C:\Windows\system32\PSAPI.DLL
0x00007ffeca010000 - 0x00007ffeca019000 	C:\Windows\SYSTEM32\WSOCK32.dll
0x00007ffece560000 - 0x00007ffece5cb000 	C:\Windows\system32\WS2_32.dll
0x00007ffec9d40000 - 0x00007ffec9d63000 	C:\Windows\SYSTEM32\WINMM.dll
0x00007ffec1700000 - 0x00007ffec170a000 	C:\Windows\SYSTEM32\VERSION.dll
0x00007ffec9bf0000 - 0x00007ffec9c1c000 	C:\Windows\SYSTEM32\WINMMBASE.dll
0x00007ffecbbd0000 - 0x00007ffecbc13000 	C:\Windows\system32\cfgmgr32.dll
0x00007ffeca000000 - 0x00007ffeca00f000 	E:\Android\android-studio-ide-145.2915834-windows\jre\jre\bin\verify.dll
0x00007ffec8e10000 - 0x00007ffec8e39000 	E:\Android\android-studio-ide-145.2915834-windows\jre\jre\bin\java.dll
0x00007ffec91d0000 - 0x00007ffec91e6000 	E:\Android\android-studio-ide-145.2915834-windows\jre\jre\bin\zip.dll
0x00007ffeccf60000 - 0x00007ffece4bc000 	C:\Windows\system32\SHELL32.dll
0x00007ffecbce0000 - 0x00007ffecc325000 	C:\Windows\system32\windows.storage.dll
0x00007ffecea80000 - 0x00007ffecead2000 	C:\Windows\system32\shlwapi.dll
0x00007ffecba90000 - 0x00007ffecba9f000 	C:\Windows\system32\kernel.appcore.dll
0x00007ffecbc20000 - 0x00007ffecbcd5000 	C:\Windows\system32\shcore.dll
0x00007ffecba30000 - 0x00007ffecba7b000 	C:\Windows\system32\powrprof.dll
0x00007ffecbaa0000 - 0x00007ffecbab4000 	C:\Windows\system32\profapi.dll

VM Arguments:
jvm_args: -Djava.awt.headless=true -Xmx1024M -Dfile.encoding=GBK -Duser.country=CN -Duser.language=zh -Duser.variant 
java_command: com.android.dx.command.Main --dex --num-threads=4 --output E:\Teapopo\app\build\intermediates\pre-dexed\debug\com.mcxiaoke.viewpagerindicator-library-2.4.1_2b5ce2e16f5c8951c06b9dd1280659dcdfd6be56.jar E:\Teapopo\app\build\intermediates\exploded-aar\com.mcxiaoke.viewpagerindicator\library\2.4.1\jars\classes.jar
java_class_path (initial): C:\Users\lhq\AppData\Local\Android\sdk\build-tools\23.0.3\lib\dx.jar
Launcher Type: SUN_STANDARD

Environment Variables:
JAVA_HOME=C:\Program Files\Java\jdk1.8.0_91
PATH=C:\ProgramData\Oracle\Java\javapath;C:\Windows\system32;C:\Windows;C:\Windows\System32\Wbem;C:\Windows\System32\WindowsPowerShell\v1.0\;C:\Users\lhq\AppData\Local\Android\sdk\platform-tools;C:\Users\lhq\AppData\Local\Android\sdk\tools;C:\Program Files\Java\jdk1.8.0_91\bin;C:\Program Files\Java\jdk1.8.0_91\jre\bin
USERNAME=lhq
OS=Windows_NT
PROCESSOR_IDENTIFIER=Intel64 Family 6 Model 69 Stepping 1, GenuineIntel



---------------  S Y S T E M  ---------------

OS: Windows 10.0 , 64 bit Build 10586 (10.0.10586.0)

CPU:total 4 (2 cores per cpu, 2 threads per core) family 6 model 69 stepping 1, cmov, cx8, fxsr, mmx, sse, sse2, sse3, ssse3, sse4.1, sse4.2, popcnt, avx, avx2, aes, clmul, erms, lzcnt, ht, tsc, tscinvbit, bmi1, bmi2

Memory: 4k page, physical 8067548k(1228552k free), swap 8067548k(5160k free)

vm_info: OpenJDK 64-Bit Server VM (25.76-b01) for windows-amd64 JRE (1.8.0_76-release-b01), built on May 12 2016 23:29:00 by "ralucas" with MS VC++ 10.0 (VS2010)

time: Fri Jul 08 14:39:32 2016
elapsed time: 1 seconds (0d 0h 0m 1s)

