#
# There is insufficient memory for the Java Runtime Environment to continue.
# Native memory allocation (malloc) failed to allocate 1048576 bytes for AllocateHeap
# Possible reasons:
#   The system is out of physical RAM or swap space
#   In 32 bit mode, the process size limit was hit
# Possible solutions:
#   Reduce memory load on the system
#   Increase physical memory or swap space
#   Check if swap backing store is full
#   Use 64 bit Java on a 64 bit OS
#   Decrease Java heap size (-Xmx/-Xms)
#   Decrease number of Java threads
#   Decrease Java thread stack sizes (-Xss)
#   Set larger code cache with -XX:ReservedCodeCacheSize=
# This output file may be truncated or incomplete.
#
#  Out of Memory Error (memory/allocation.inline.hpp:61), pid=3304, tid=0x000000000000119c
#
# JRE version:  (8.0_76-b01) (build )
# Java VM: OpenJDK 64-Bit Server VM (25.76-b01 mixed mode windows-amd64 compressed oops)
# Failed to write core dump. Minidumps are not enabled by default on client versions of Windows
#

---------------  T H R E A D  ---------------

Current thread (0x00000000025f0800):  JavaThread "Unknown thread" [_thread_in_vm, id=4508, stack(0x00000000023f0000,0x00000000024f0000)]

Stack: [0x00000000023f0000,0x00000000024f0000]
[error occurred during error reporting (printing stack bounds), id 0xc0000005]

Native frames: (J=compiled Java code, j=interpreted, Vv=VM code, C=native code)


---------------  P R O C E S S  ---------------

Java Threads: ( => current thread )

Other Threads:

=>0x00000000025f0800 (exited) JavaThread "Unknown thread" [_thread_in_vm, id=4508, stack(0x00000000023f0000,0x00000000024f0000)]

VM state:not at safepoint (normal execution)

VM Mutex/Monitor currently owned by a thread: None

Heap:
 PSYoungGen      total 36864K, used 634K [0x00000000eab00000, 0x00000000ed400000, 0x0000000100000000)
  eden space 31744K, 2% used [0x00000000eab00000,0x00000000eab9eb90,0x00000000eca00000)
  from space 5120K, 0% used [0x00000000ecf00000,0x00000000ecf00000,0x00000000ed400000)
  to   space 5120K, 0% used [0x00000000eca00000,0x00000000eca00000,0x00000000ecf00000)
 ParOldGen       total 84992K, used 0K [0x00000000c0000000, 0x00000000c5300000, 0x00000000eab00000)
  object space 84992K, 0% used [0x00000000c0000000,0x00000000c0000000,0x00000000c5300000)
 Metaspace       used 771K, capacity 4480K, committed 4480K, reserved 1056768K
  class space    used 73K, capacity 384K, committed 384K, reserved 1048576K

Card table byte_map: [0x0000000011ab0000,0x0000000011cc0000] byte_map_base: 0x00000000114b0000

Marking Bits: (ParMarkBitMap*) 0x000000006c4a9d00
 Begin Bits: [0x0000000012220000, 0x0000000013220000)
 End Bits:   [0x0000000013220000, 0x0000000014220000)

Polling page: 0x0000000000510000

CodeCache: size=245760Kb used=328Kb max_used=328Kb free=245431Kb
 bounds [0x00000000026f0000, 0x0000000002960000, 0x00000000116f0000]
 total_blobs=57 nmethods=0 adapters=38
 compilation: enabled

Compilation events (0 events):
No events

GC Heap History (0 events):
No events

Deoptimization events (0 events):
No events

Internal exceptions (0 events):
No events

Events (10 events):
Event: 0.025 loading class java/lang/Short
Event: 0.025 loading class java/lang/Short done
Event: 0.025 loading class java/lang/Integer
Event: 0.025 loading class java/lang/Integer done
Event: 0.025 loading class java/lang/Long
Event: 0.026 loading class java/lang/Long done
Event: 0.026 loading class java/lang/NullPointerException
Event: 0.026 loading class java/lang/NullPointerException done
Event: 0.026 loading class java/lang/ArithmeticException
Event: 0.026 loading class java/lang/ArithmeticException done


Dynamic libraries:
0x00007ff63bdd0000 - 0x00007ff63be05000 	E:\Android\android-studio-ide-145.2915834-windows\jre\bin\java.exe
0x00007ffc01870000 - 0x00007ffc01a31000 	C:\Windows\SYSTEM32\ntdll.dll
0x00007ffc01610000 - 0x00007ffc016bd000 	C:\Windows\system32\KERNEL32.DLL
0x00007ffbfe5e0000 - 0x00007ffbfe7c8000 	C:\Windows\system32\KERNELBASE.dll
0x00007ffbff5b0000 - 0x00007ffbff657000 	C:\Windows\system32\ADVAPI32.dll
0x00007ffc016c0000 - 0x00007ffc0175d000 	C:\Windows\system32\msvcrt.dll
0x00007ffc01810000 - 0x00007ffc0186b000 	C:\Windows\system32\sechost.dll
0x00007ffc00eb0000 - 0x00007ffc00fcc000 	C:\Windows\system32\RPCRT4.dll
0x00007ffbfef60000 - 0x00007ffbff0b6000 	C:\Windows\system32\USER32.dll
0x00007ffc01330000 - 0x00007ffc014b6000 	C:\Windows\system32\GDI32.dll
0x00007ffbf0a00000 - 0x00007ffbf0c74000 	C:\Windows\WinSxS\amd64_microsoft.windows.common-controls_6595b64144ccf1df_6.0.10586.0_none_8c15ae12515e1c22\COMCTL32.dll
0x00007ffbfece0000 - 0x00007ffbfef5d000 	C:\Windows\system32\combase.dll
0x00007ffbfe570000 - 0x00007ffbfe5da000 	C:\Windows\system32\bcryptPrimitives.dll
0x00007ffc00bc0000 - 0x00007ffc00bfb000 	C:\Windows\system32\IMM32.DLL
0x000000006ca70000 - 0x000000006cb42000 	E:\Android\android-studio-ide-145.2915834-windows\jre\jre\bin\msvcr100.dll
0x000000006bcf0000 - 0x000000006c524000 	E:\Android\android-studio-ide-145.2915834-windows\jre\jre\bin\server\jvm.dll
0x00007ffbfecd0000 - 0x00007ffbfecd8000 	C:\Windows\system32\PSAPI.DLL
0x00007ffbfc260000 - 0x00007ffbfc269000 	C:\Windows\SYSTEM32\WSOCK32.dll
0x00007ffc00fd0000 - 0x00007ffc0103b000 	C:\Windows\system32\WS2_32.dll
0x00007ffbfc520000 - 0x00007ffbfc543000 	C:\Windows\SYSTEM32\WINMM.dll
0x00007ffbf4030000 - 0x00007ffbf403a000 	C:\Windows\SYSTEM32\VERSION.dll
0x00007ffbfc420000 - 0x00007ffbfc44c000 	C:\Windows\SYSTEM32\WINMMBASE.dll
0x00007ffbfe940000 - 0x00007ffbfe983000 	C:\Windows\system32\cfgmgr32.dll
0x00007ffbfbfd0000 - 0x00007ffbfbfdf000 	E:\Android\android-studio-ide-145.2915834-windows\jre\jre\bin\verify.dll
0x00007ffbfbdd0000 - 0x00007ffbfbdf9000 	E:\Android\android-studio-ide-145.2915834-windows\jre\jre\bin\java.dll
0x00007ffbfb390000 - 0x00007ffbfb3a6000 	E:\Android\android-studio-ide-145.2915834-windows\jre\jre\bin\zip.dll

VM Arguments:
jvm_args: -Djava.awt.headless=true -Xmx1024M -Dfile.encoding=GBK -Duser.country=CN -Duser.language=zh -Duser.variant 
java_command: com.android.dx.command.Main --dex --num-threads=4 --output E:\Teapopo\app\build\intermediates\pre-dexed\debug\ShareSDK-YouDao-2.7.1_0132f184e6715533640a2311237a9f4b85602a77.jar E:\Teapopo\app\libs\ShareSDK-YouDao-2.7.1.jar
java_class_path (initial): C:\Users\lhq\AppData\Local\Android\sdk\build-tools\23.0.3\lib\dx.jar
Launcher Type: SUN_STANDARD

Environment Variables:
JAVA_HOME=C:\Program Files\Java\jdk1.8.0_91
PATH=C:\ProgramData\Oracle\Java\javapath;C:\Windows\system32;C:\Windows;C:\Windows\System32\Wbem;C:\Windows\System32\WindowsPowerShell\v1.0\;C:\Users\lhq\AppData\Local\Android\sdk\platform-tools;C:\Users\lhq\AppData\Local\Android\sdk\tools;C:\Program Files\Java\jdk1.8.0_91\bin;C:\Program Files\Java\jdk1.8.0_91\jre\bin
USERNAME=lhq
OS=Windows_NT
PROCESSOR_IDENTIFIER=Intel64 Family 6 Model 69 Stepping 1, GenuineIntel



---------------  S Y S T E M  ---------------

OS: Windows 10.0 , 64 bit Build 10586 (10.0.10586.0)

CPU:total 4 (2 cores per cpu, 2 threads per core) family 6 model 69 stepping 1, cmov, cx8, fxsr, mmx, sse, sse2, sse3, ssse3, sse4.1, sse4.2, popcnt, avx, avx2, aes, clmul, erms, lzcnt, ht, tsc, tscinvbit, bmi1, bmi2

Memory: 4k page, physical 8067548k(1254144k free), swap 8067548k(5628k free)

vm_info: OpenJDK 64-Bit Server VM (25.76-b01) for windows-amd64 JRE (1.8.0_76-release-b01), built on May 12 2016 23:29:00 by "ralucas" with MS VC++ 10.0 (VS2010)

time: Fri Jul 01 11:21:53 2016
elapsed time: 0 seconds (0d 0h 0m 0s)

