#
# There is insufficient memory for the Java Runtime Environment to continue.
# Native memory allocation (malloc) failed to allocate 696736 bytes for Chunk::new
# Possible reasons:
#   The system is out of physical RAM or swap space
#   In 32 bit mode, the process size limit was hit
# Possible solutions:
#   Reduce memory load on the system
#   Increase physical memory or swap space
#   Check if swap backing store is full
#   Use 64 bit Java on a 64 bit OS
#   Decrease Java heap size (-Xmx/-Xms)
#   Decrease number of Java threads
#   Decrease Java thread stack sizes (-Xss)
#   Set larger code cache with -XX:ReservedCodeCacheSize=
# This output file may be truncated or incomplete.
#
#  Out of Memory Error (allocation.cpp:390), pid=68172, tid=0x0000000000010a28
#
# JRE version: OpenJDK Runtime Environment (8.0_76-b01) (build 1.8.0_76-release-b01)
# Java VM: OpenJDK 64-Bit Server VM (25.76-b01 mixed mode windows-amd64 compressed oops)
# Failed to write core dump. Minidumps are not enabled by default on client versions of Windows
#

---------------  T H R E A D  ---------------

Current thread (0x0000000014cf7000):  JavaThread "C2 CompilerThread0" daemon [_thread_in_native, id=68136, stack(0x00000000161f0000,0x00000000162f0000)]

Stack: [0x00000000161f0000,0x00000000162f0000]
[error occurred during error reporting (printing stack bounds), id 0xc0000005]

Native frames: (J=compiled Java code, j=interpreted, Vv=VM code, C=native code)


Current CompileTask:
C2:   8456 1960       4       com.android.dx.dex.code.RopToDop::dopFor (792 bytes)


---------------  P R O C E S S  ---------------

Java Threads: ( => current thread )
  0x000000001634e000 JavaThread "Service Thread" daemon [_thread_blocked, id=64000, stack(0x00000000168f0000,0x00000000169f0000)]
  0x0000000016347000 JavaThread "C1 CompilerThread2" daemon [_thread_blocked, id=67756, stack(0x00000000167f0000,0x00000000168f0000)]
  0x0000000016344000 JavaThread "C2 CompilerThread1" daemon [_thread_in_native, id=67868, stack(0x00000000166f0000,0x00000000167f0000)]
=>0x0000000014cf7000 JavaThread "C2 CompilerThread0" daemon [_thread_in_native, id=68136, stack(0x00000000161f0000,0x00000000162f0000)]
  0x0000000014cac000 JavaThread "Attach Listener" daemon [_thread_blocked, id=68156, stack(0x00000000160f0000,0x00000000161f0000)]
  0x0000000014cab000 JavaThread "Signal Dispatcher" daemon [_thread_blocked, id=67884, stack(0x0000000015ff0000,0x00000000160f0000)]
  0x0000000014c88800 JavaThread "Finalizer" daemon [_thread_blocked, id=66608, stack(0x0000000015ef0000,0x0000000015ff0000)]
  0x00000000025c0000 JavaThread "Reference Handler" daemon [_thread_blocked, id=67000, stack(0x0000000015df0000,0x0000000015ef0000)]
  0x00000000024d0800 JavaThread "main" [_thread_in_vm, id=66872, stack(0x0000000001f20000,0x0000000002020000)]

Other Threads:
  0x0000000014c65800 VMThread [stack: 0x0000000015cf0000,0x0000000015df0000] [id=68396]
  0x0000000016350000 WatcherThread [stack: 0x00000000169f0000,0x0000000016af0000] [id=64268]

VM state:not at safepoint (normal execution)

VM Mutex/Monitor currently owned by a thread: None

Heap:
 PSYoungGen      total 278016K, used 109416K [0x00000000eab00000, 0x00000000fe000000, 0x0000000100000000)
  eden space 250368K, 34% used [0x00000000eab00000,0x00000000efe6bad0,0x00000000f9f80000)
  from space 27648K, 86% used [0x00000000fbe00000,0x00000000fd56e650,0x00000000fd900000)
  to   space 31232K, 0% used [0x00000000f9f80000,0x00000000f9f80000,0x00000000fbe00000)
 ParOldGen       total 84992K, used 42471K [0x00000000c0000000, 0x00000000c5300000, 0x00000000eab00000)
  object space 84992K, 49% used [0x00000000c0000000,0x00000000c2979d20,0x00000000c5300000)
 Metaspace       used 6649K, capacity 7288K, committed 7552K, reserved 1056768K
  class space    used 606K, capacity 624K, committed 640K, reserved 1048576K

Card table byte_map: [0x0000000011990000,0x0000000011ba0000] byte_map_base: 0x0000000011390000

Marking Bits: (ParMarkBitMap*) 0x0000000076459d00
 Begin Bits: [0x0000000012100000, 0x0000000013100000)
 End Bits:   [0x0000000013100000, 0x0000000014100000)

Polling page: 0x0000000000710000

CodeCache: size=245760Kb used=9394Kb max_used=9394Kb free=236365Kb
 bounds [0x00000000025d0000, 0x0000000002f10000, 0x00000000115d0000]
 total_blobs=2469 nmethods=2198 adapters=184
 compilation: enabled

Compilation events (10 events):
Event: 8.406 Thread 0x0000000016347000 2273       2       com.android.dx.dex.file.TypeListItem::compareTo0 (19 bytes)
Event: 8.407 Thread 0x0000000016347000 nmethod 2273 0x0000000002f01b50 code [0x0000000002f01cc0, 0x0000000002f01e68]
Event: 8.411 Thread 0x0000000016347000 2275       2       com.android.dx.dex.file.TypeListItem::addContents (47 bytes)
Event: 8.412 Thread 0x0000000016347000 nmethod 2275 0x0000000002f015d0 code [0x0000000002f01760, 0x0000000002f019a8]
Event: 8.414 Thread 0x0000000016347000 2276       1       com.android.dx.dex.file.IdItem::getDefiningClass (5 bytes)
Event: 8.414 Thread 0x0000000016347000 nmethod 2276 0x0000000002ef6c50 code [0x0000000002ef6da0, 0x0000000002ef6eb0]
Event: 8.415 Thread 0x0000000016347000 2278       2       com.android.dx.dex.file.TypeIdItem::addContents (16 bytes)
Event: 8.416 Thread 0x0000000016347000 nmethod 2278 0x0000000002f03490 code [0x0000000002f03620, 0x0000000002f039c8]
Event: 8.435 Thread 0x0000000016347000 2279       1       com.android.dx.dex.file.DexFile::getStringData (5 bytes)
Event: 8.435 Thread 0x0000000016347000 nmethod 2279 0x0000000002f03c50 code [0x0000000002f03da0, 0x0000000002f03eb0]

GC Heap History (10 events):
Event: 3.020 GC heap before
{Heap before GC invocations=2 (full 0):
 PSYoungGen      total 36864K, used 36723K [0x00000000eab00000, 0x00000000ef300000, 0x0000000100000000)
  eden space 31744K, 100% used [0x00000000eab00000,0x00000000eca00000,0x00000000eca00000)
  from space 5120K, 97% used [0x00000000eca00000,0x00000000ecedcd68,0x00000000ecf00000)
  to   space 5120K, 0% used [0x00000000eee00000,0x00000000eee00000,0x00000000ef300000)
 ParOldGen       total 84992K, used 16K [0x00000000c0000000, 0x00000000c5300000, 0x00000000eab00000)
  object space 84992K, 0% used [0x00000000c0000000,0x00000000c0004000,0x00000000c5300000)
 Metaspace       used 6123K, capacity 7024K, committed 7296K, reserved 1056768K
  class space    used 580K, capacity 616K, committed 640K, reserved 1048576K
Event: 3.132 GC heap after
Heap after GC invocations=2 (full 0):
 PSYoungGen      total 68608K, used 5097K [0x00000000eab00000, 0x00000000ef300000, 0x0000000100000000)
  eden space 63488K, 0% used [0x00000000eab00000,0x00000000eab00000,0x00000000ee900000)
  from space 5120K, 99% used [0x00000000eee00000,0x00000000ef2fa718,0x00000000ef300000)
  to   space 5120K, 0% used [0x00000000ee900000,0x00000000ee900000,0x00000000eee00000)
 ParOldGen       total 84992K, used 3313K [0x00000000c0000000, 0x00000000c5300000, 0x00000000eab00000)
  object space 84992K, 3% used [0x00000000c0000000,0x00000000c033c5d0,0x00000000c5300000)
 Metaspace       used 6123K, capacity 7024K, committed 7296K, reserved 1056768K
  class space    used 580K, capacity 616K, committed 640K, reserved 1048576K
}
Event: 3.977 GC heap before
{Heap before GC invocations=3 (full 0):
 PSYoungGen      total 68608K, used 68585K [0x00000000eab00000, 0x00000000ef300000, 0x0000000100000000)
  eden space 63488K, 100% used [0x00000000eab00000,0x00000000ee900000,0x00000000ee900000)
  from space 5120K, 99% used [0x00000000eee00000,0x00000000ef2fa718,0x00000000ef300000)
  to   space 5120K, 0% used [0x00000000ee900000,0x00000000ee900000,0x00000000eee00000)
 ParOldGen       total 84992K, used 3313K [0x00000000c0000000, 0x00000000c5300000, 0x00000000eab00000)
  object space 84992K, 3% used [0x00000000c0000000,0x00000000c033c5d0,0x00000000c5300000)
 Metaspace       used 6242K, capacity 7152K, committed 7296K, reserved 1056768K
  class space    used 581K, capacity 616K, committed 640K, reserved 1048576K
Event: 4.008 GC heap after
Heap after GC invocations=3 (full 0):
 PSYoungGen      total 68608K, used 5089K [0x00000000eab00000, 0x00000000f3100000, 0x0000000100000000)
  eden space 63488K, 0% used [0x00000000eab00000,0x00000000eab00000,0x00000000ee900000)
  from space 5120K, 99% used [0x00000000ee900000,0x00000000eedf86f8,0x00000000eee00000)
  to   space 5120K, 0% used [0x00000000f2c00000,0x00000000f2c00000,0x00000000f3100000)
 ParOldGen       total 84992K, used 12348K [0x00000000c0000000, 0x00000000c5300000, 0x00000000eab00000)
  object space 84992K, 14% used [0x00000000c0000000,0x00000000c0c0f3a0,0x00000000c5300000)
 Metaspace       used 6242K, capacity 7152K, committed 7296K, reserved 1056768K
  class space    used 581K, capacity 616K, committed 640K, reserved 1048576K
}
Event: 4.661 GC heap before
{Heap before GC invocations=4 (full 0):
 PSYoungGen      total 68608K, used 68577K [0x00000000eab00000, 0x00000000f3100000, 0x0000000100000000)
  eden space 63488K, 100% used [0x00000000eab00000,0x00000000ee900000,0x00000000ee900000)
  from space 5120K, 99% used [0x00000000ee900000,0x00000000eedf86f8,0x00000000eee00000)
  to   space 5120K, 0% used [0x00000000f2c00000,0x00000000f2c00000,0x00000000f3100000)
 ParOldGen       total 84992K, used 12348K [0x00000000c0000000, 0x00000000c5300000, 0x00000000eab00000)
  object space 84992K, 14% used [0x00000000c0000000,0x00000000c0c0f3a0,0x00000000c5300000)
 Metaspace       used 6302K, capacity 7152K, committed 7296K, reserved 1056768K
  class space    used 581K, capacity 616K, committed 640K, reserved 1048576K
Event: 4.777 GC heap after
Heap after GC invocations=4 (full 0):
 PSYoungGen      total 132096K, used 5089K [0x00000000eab00000, 0x00000000f3100000, 0x0000000100000000)
  eden space 126976K, 0% used [0x00000000eab00000,0x00000000eab00000,0x00000000f2700000)
  from space 5120K, 99% used [0x00000000f2c00000,0x00000000f30f86f8,0x00000000f3100000)
  to   space 5120K, 0% used [0x00000000f2700000,0x00000000f2700000,0x00000000f2c00000)
 ParOldGen       total 84992K, used 21849K [0x00000000c0000000, 0x00000000c5300000, 0x00000000eab00000)
  object space 84992K, 25% used [0x00000000c0000000,0x00000000c1556730,0x00000000c5300000)
 Metaspace       used 6302K, capacity 7152K, committed 7296K, reserved 1056768K
  class space    used 581K, capacity 616K, committed 640K, reserved 1048576K
}
Event: 6.737 GC heap before
{Heap before GC invocations=5 (full 0):
 PSYoungGen      total 132096K, used 132065K [0x00000000eab00000, 0x00000000f3100000, 0x0000000100000000)
  eden space 126976K, 100% used [0x00000000eab00000,0x00000000f2700000,0x00000000f2700000)
  from space 5120K, 99% used [0x00000000f2c00000,0x00000000f30f86f8,0x00000000f3100000)
  to   space 5120K, 0% used [0x00000000f2700000,0x00000000f2700000,0x00000000f2c00000)
 ParOldGen       total 84992K, used 21849K [0x00000000c0000000, 0x00000000c5300000, 0x00000000eab00000)
  object space 84992K, 25% used [0x00000000c0000000,0x00000000c1556730,0x00000000c5300000)
 Metaspace       used 6505K, capacity 7218K, committed 7296K, reserved 1056768K
  class space    used 599K, capacity 618K, committed 640K, reserved 1048576K
Event: 6.854 GC heap after
Heap after GC invocations=5 (full 0):
 PSYoungGen      total 132096K, used 5106K [0x00000000eab00000, 0x00000000fd900000, 0x0000000100000000)
  eden space 126976K, 0% used [0x00000000eab00000,0x00000000eab00000,0x00000000f2700000)
  from space 5120K, 99% used [0x00000000f2700000,0x00000000f2bfca48,0x00000000f2c00000)
  to   space 27648K, 0% used [0x00000000fbe00000,0x00000000fbe00000,0x00000000fd900000)
 ParOldGen       total 84992K, used 42471K [0x00000000c0000000, 0x00000000c5300000, 0x00000000eab00000)
  object space 84992K, 49% used [0x00000000c0000000,0x00000000c2979d20,0x00000000c5300000)
 Metaspace       used 6505K, capacity 7218K, committed 7296K, reserved 1056768K
  class space    used 599K, capacity 618K, committed 640K, reserved 1048576K
}
Event: 7.418 GC heap before
{Heap before GC invocations=6 (full 0):
 PSYoungGen      total 132096K, used 132082K [0x00000000eab00000, 0x00000000fd900000, 0x0000000100000000)
  eden space 126976K, 100% used [0x00000000eab00000,0x00000000f2700000,0x00000000f2700000)
  from space 5120K, 99% used [0x00000000f2700000,0x00000000f2bfca48,0x00000000f2c00000)
  to   space 27648K, 0% used [0x00000000fbe00000,0x00000000fbe00000,0x00000000fd900000)
 ParOldGen       total 84992K, used 42471K [0x00000000c0000000, 0x00000000c5300000, 0x00000000eab00000)
  object space 84992K, 49% used [0x00000000c0000000,0x00000000c2979d20,0x00000000c5300000)
 Metaspace       used 6525K, capacity 7218K, committed 7296K, reserved 1056768K
  class space    used 599K, capacity 618K, committed 640K, reserved 1048576K
Event: 7.498 GC heap after
Heap after GC invocations=6 (full 0):
 PSYoungGen      total 278016K, used 23993K [0x00000000eab00000, 0x00000000fe000000, 0x0000000100000000)
  eden space 250368K, 0% used [0x00000000eab00000,0x00000000eab00000,0x00000000f9f80000)
  from space 27648K, 86% used [0x00000000fbe00000,0x00000000fd56e650,0x00000000fd900000)
  to   space 31232K, 0% used [0x00000000f9f80000,0x00000000f9f80000,0x00000000fbe00000)
 ParOldGen       total 84992K, used 42471K [0x00000000c0000000, 0x00000000c5300000, 0x00000000eab00000)
  object space 84992K, 49% used [0x00000000c0000000,0x00000000c2979d20,0x00000000c5300000)
 Metaspace       used 6525K, capacity 7218K, committed 7296K, reserved 1056768K
  class space    used 599K, capacity 618K, committed 640K, reserved 1048576K
}

Deoptimization events (10 events):
Event: 6.639 Thread 0x0000000016572800 Uncommon trap: reason=unstable_if action=reinterpret pc=0x0000000002cbef40 method=com.android.dx.ssa.LiteralOpUpgrader$1.visitNonMoveInsn(Lcom/android/dx/ssa/NormalSsaInsn;)V @ 24
Event: 6.644 Thread 0x0000000016572800 Uncommon trap: reason=bimorphic action=maybe_recompile pc=0x0000000002c85a6c method=com.android.dx.ssa.LiteralOpUpgrader.tryReplacingWithConstant(Lcom/android/dx/ssa/NormalSsaInsn;)Z @ 62
Event: 6.951 Thread 0x000000001656b000 Uncommon trap: reason=unstable_if action=reinterpret pc=0x0000000002d3c804 method=java.util.HashMap.putVal(ILjava/lang/Object;Ljava/lang/Object;ZZ)Ljava/lang/Object; @ 109
Event: 7.506 Thread 0x0000000016572000 Uncommon trap: reason=unstable_if action=reinterpret pc=0x0000000002e60d78 method=com.android.dx.cf.code.BytecodeArray.parseInstruction(ILcom/android/dx/cf/code/BytecodeArray$Visitor;)I @ 1261
Event: 7.681 Thread 0x0000000016571000 Uncommon trap: reason=unstable_if action=reinterpret pc=0x0000000002c8c19c method=java.util.HashMap.resize()[Ljava/util/HashMap$Node; @ 206
Event: 7.892 Thread 0x00000000024d0800 Uncommon trap: reason=class_check action=maybe_recompile pc=0x0000000002a4ee48 method=java.util.Arrays.hashCode([Ljava/lang/Object;)I @ 43
Event: 7.893 Thread 0x00000000024d0800 Uncommon trap: reason=class_check action=maybe_recompile pc=0x0000000002a4ee48 method=java.util.Arrays.hashCode([Ljava/lang/Object;)I @ 43
Event: 7.893 Thread 0x00000000024d0800 Uncommon trap: reason=class_check action=maybe_recompile pc=0x0000000002a4ee48 method=java.util.Arrays.hashCode([Ljava/lang/Object;)I @ 43
Event: 7.893 Thread 0x00000000024d0800 Uncommon trap: reason=class_check action=maybe_recompile pc=0x0000000002a4ee48 method=java.util.Arrays.hashCode([Ljava/lang/Object;)I @ 43
Event: 7.893 Thread 0x00000000024d0800 Uncommon trap: reason=class_check action=maybe_recompile pc=0x0000000002a50cb4 method=java.util.Arrays.hashCode([Ljava/lang/Object;)I @ 43

Internal exceptions (6 events):
Event: 0.497 Thread 0x00000000024d0800 Exception <a 'java/lang/NoSuchMethodError': Method sun.misc.Unsafe.defineClass(Ljava/lang/String;[BII)Ljava/lang/Class; name or signature does not match> (0x00000000eab07cc0) thrown at [C:\src\android\AOSP-openjdk\external\jetbrains\jdk\hotspot\src\share\vÔõ¿‚"Íß?
Event: 0.497 Thread 0x00000000024d0800 Exception <a 'java/lang/NoSuchMethodError': Method sun.misc.Unsafe.prefetchRead(Ljava/lang/Object;J)V name or signature does not match> (0x00000000eab07fa8) thrown at [C:\src\android\AOSP-openjdk\external\jetbrains\jdk\hotspot\src\share\vm\prims\jni.cpp, lg÷ÄôÜ@
Event: 5.465 Thread 0x000000001656b000 Implicit null exception at 0x0000000002c277a9 to 0x0000000002c2909d
Event: 6.449 Thread 0x0000000016572000 Exception <a 'java/lang/ArrayIndexOutOfBoundsException': 18> (0x00000000f082a190) thrown at [C:\src\android\AOSP-openjdk\external\jetbrains\jdk\hotspot\src\share\vm\interpreter\interpreterRuntime.cpp, line 366]
Event: 6.450 Thread 0x0000000016572000 Exception <a 'java/lang/ArrayIndexOutOfBoundsException': 145> (0x00000000f082bd10) thrown at [C:\src\android\AOSP-openjdk\external\jetbrains\jdk\hotspot\src\share\vm\interpreter\interpreterRuntime.cpp, line 366]
Event: 6.451 Thread 0x0000000016572000 Exception <a 'java/lang/ArrayIndexOutOfBoundsException': 40> (0x00000000f082cff8) thrown at [C:\src\android\AOSP-openjdk\external\jetbrains\jdk\hotspot\src\share\vm\interpreter\interpreterRuntime.cpp, line 366]

Events (10 events):
Event: 7.952 Thread 0x00000000024d0800 DEOPT PACKING pc=0x0000000002ec5d94 sp=0x000000000201ecd0
Event: 7.952 Thread 0x00000000024d0800 DEOPT UNPACKING pc=0x00000000026175bf sp=0x000000000201ea60 mode 0
Event: 7.954 Thread 0x00000000024d0800 DEOPT PACKING pc=0x0000000002ec4118 sp=0x000000000201ebe0
Event: 7.954 Thread 0x00000000024d0800 DEOPT UNPACKING pc=0x00000000026175bf sp=0x000000000201e988 mode 0
Event: 8.019 Thread 0x00000000024d0800 DEOPT PACKING pc=0x0000000002ec7448 sp=0x000000000201ed90
Event: 8.019 Thread 0x00000000024d0800 DEOPT UNPACKING pc=0x00000000026175bf sp=0x000000000201eb10 mode 0
Event: 8.258 loading class com/android/dx/dex/file/ProtoIdItem
Event: 8.258 loading class com/android/dx/dex/file/ProtoIdItem done
Event: 8.434 loading class com/android/dex/Leb128
Event: 8.434 loading class com/android/dex/Leb128 done


Dynamic libraries:
0x00007ff6beda0000 - 0x00007ff6bedd5000 	E:\Android\android-studio-ide-145.2915834-windows\jre\bin\java.exe
0x00007ffc71010000 - 0x00007ffc711d1000 	C:\Windows\SYSTEM32\ntdll.dll
0x00007ffc70e50000 - 0x00007ffc70efd000 	C:\Windows\system32\KERNEL32.DLL
0x00007ffc6da90000 - 0x00007ffc6dc78000 	C:\Windows\system32\KERNELBASE.dll
0x00007ffc6eb70000 - 0x00007ffc6ec17000 	C:\Windows\system32\ADVAPI32.dll
0x00007ffc70f00000 - 0x00007ffc70f9d000 	C:\Windows\system32\msvcrt.dll
0x00007ffc6eb10000 - 0x00007ffc6eb6b000 	C:\Windows\system32\sechost.dll
0x00007ffc6ec80000 - 0x00007ffc6ed9c000 	C:\Windows\system32\RPCRT4.dll
0x00007ffc6f0f0000 - 0x00007ffc6f246000 	C:\Windows\system32\USER32.dll
0x00007ffc70960000 - 0x00007ffc70ae6000 	C:\Windows\system32\GDI32.dll
0x00007ffc5ff30000 - 0x00007ffc601a4000 	C:\Windows\WinSxS\amd64_microsoft.windows.common-controls_6595b64144ccf1df_6.0.10586.0_none_8c15ae12515e1c22\COMCTL32.dll
0x00007ffc6eda0000 - 0x00007ffc6f01d000 	C:\Windows\system32\combase.dll
0x00007ffc6d9a0000 - 0x00007ffc6da0a000 	C:\Windows\system32\bcryptPrimitives.dll
0x00007ffc6ec20000 - 0x00007ffc6ec5b000 	C:\Windows\system32\IMM32.DLL
0x0000000075bc0000 - 0x0000000075c92000 	E:\Android\android-studio-ide-145.2915834-windows\jre\jre\bin\msvcr100.dll
0x0000000075ca0000 - 0x00000000764d4000 	E:\Android\android-studio-ide-145.2915834-windows\jre\jre\bin\server\jvm.dll
0x00007ffc70c70000 - 0x00007ffc70c78000 	C:\Windows\system32\PSAPI.DLL
0x00007ffc6bc20000 - 0x00007ffc6bc29000 	C:\Windows\SYSTEM32\WSOCK32.dll
0x00007ffc70af0000 - 0x00007ffc70b5b000 	C:\Windows\system32\WS2_32.dll
0x00007ffc6b5f0000 - 0x00007ffc6b613000 	C:\Windows\SYSTEM32\WINMM.dll
0x00007ffc62e40000 - 0x00007ffc62e4a000 	C:\Windows\SYSTEM32\VERSION.dll
0x00007ffc6b590000 - 0x00007ffc6b5bc000 	C:\Windows\SYSTEM32\WINMMBASE.dll
0x00007ffc6d780000 - 0x00007ffc6d7c3000 	C:\Windows\system32\cfgmgr32.dll
0x00007ffc6bc10000 - 0x00007ffc6bc1f000 	E:\Android\android-studio-ide-145.2915834-windows\jre\jre\bin\verify.dll
0x00007ffc68150000 - 0x00007ffc68179000 	E:\Android\android-studio-ide-145.2915834-windows\jre\jre\bin\java.dll
0x00007ffc6bbd0000 - 0x00007ffc6bbe6000 	E:\Android\android-studio-ide-145.2915834-windows\jre\jre\bin\zip.dll
0x00007ffc6f400000 - 0x00007ffc7095c000 	C:\Windows\system32\SHELL32.dll
0x00007ffc6ddc0000 - 0x00007ffc6e405000 	C:\Windows\system32\windows.storage.dll
0x00007ffc70c80000 - 0x00007ffc70cd2000 	C:\Windows\system32\shlwapi.dll
0x00007ffc6d660000 - 0x00007ffc6d66f000 	C:\Windows\system32\kernel.appcore.dll
0x00007ffc6d6c0000 - 0x00007ffc6d775000 	C:\Windows\system32\shcore.dll
0x00007ffc6d670000 - 0x00007ffc6d6bb000 	C:\Windows\system32\powrprof.dll
0x00007ffc6d630000 - 0x00007ffc6d644000 	C:\Windows\system32\profapi.dll

VM Arguments:
jvm_args: -Djava.awt.headless=true -Xmx1024M -Dfile.encoding=GBK -Duser.country=CN -Duser.language=zh -Duser.variant 
java_command: com.android.dx.command.Main --dex --num-threads=4 --output E:\Teapopo\app\build\intermediates\pre-dexed\debug\com.android.support-support-v4-23.3.0_2465d991adc87dfe13a5f478b78e3a12c58914b2.jar E:\Teapopo\app\build\intermediates\exploded-aar\com.android.support\support-v4\23.3.0\jars\classes.jar
java_class_path (initial): C:\Users\lhq\AppData\Local\Android\sdk\build-tools\23.0.3\lib\dx.jar
Launcher Type: SUN_STANDARD

Environment Variables:
JAVA_HOME=C:\Program Files\Java\jdk1.8.0_91
PATH=C:\ProgramData\Oracle\Java\javapath;C:\Windows\system32;C:\Windows;C:\Windows\System32\Wbem;C:\Windows\System32\WindowsPowerShell\v1.0\;C:\Users\lhq\AppData\Local\Android\sdk\platform-tools;C:\Users\lhq\AppData\Local\Android\sdk\tools;C:\Program Files\Java\jdk1.8.0_91\bin;C:\Program Files\Java\jdk1.8.0_91\jre\bin
USERNAME=lhq
OS=Windows_NT
PROCESSOR_IDENTIFIER=Intel64 Family 6 Model 69 Stepping 1, GenuineIntel



---------------  S Y S T E M  ---------------

OS: Windows 10.0 , 64 bit Build 10586 (10.0.10586.0)

CPU:total 4 (2 cores per cpu, 2 threads per core) family 6 model 69 stepping 1, cmov, cx8, fxsr, mmx, sse, sse2, sse3, ssse3, sse4.1, sse4.2, popcnt, avx, avx2, aes, clmul, erms, lzcnt, ht, tsc, tscinvbit, bmi1, bmi2

Memory: 4k page, physical 8067548k(1443072k free), swap 8067548k(4704k free)

vm_info: OpenJDK 64-Bit Server VM (25.76-b01) for windows-amd64 JRE (1.8.0_76-release-b01), built on May 12 2016 23:29:00 by "ralucas" with MS VC++ 10.0 (VS2010)

time: Mon Jul 04 16:22:24 2016
elapsed time: 8 seconds (0d 0h 0m 8s)

