#
# There is insufficient memory for the Java Runtime Environment to continue.
# Native memory allocation (malloc) failed to allocate 158256 bytes for Chunk::new
# Possible reasons:
#   The system is out of physical RAM or swap space
#   In 32 bit mode, the process size limit was hit
# Possible solutions:
#   Reduce memory load on the system
#   Increase physical memory or swap space
#   Check if swap backing store is full
#   Use 64 bit Java on a 64 bit OS
#   Decrease Java heap size (-Xmx/-Xms)
#   Decrease number of Java threads
#   Decrease Java thread stack sizes (-Xss)
#   Set larger code cache with -XX:ReservedCodeCacheSize=
# This output file may be truncated or incomplete.
#
#  Out of Memory Error (allocation.cpp:390), pid=3312, tid=0x0000000000000a84
#
# JRE version: OpenJDK Runtime Environment (8.0_76-b01) (build 1.8.0_76-release-b01)
# Java VM: OpenJDK 64-Bit Server VM (25.76-b01 mixed mode windows-amd64 compressed oops)
# Failed to write core dump. Minidumps are not enabled by default on client versions of Windows
#

---------------  T H R E A D  ---------------

Current thread (0x0000000014d7d000):  JavaThread "C2 CompilerThread0" daemon [_thread_in_native, id=2692, stack(0x00000000162d0000,0x00000000163d0000)]

Stack: [0x00000000162d0000,0x00000000163d0000]
[error occurred during error reporting (printing stack bounds), id 0xc0000005]

Native frames: (J=compiled Java code, j=interpreted, Vv=VM code, C=native code)


Current CompileTask:
C2:   8296 2140       4       com.android.dx.dex.code.OutputFinisher::addConstants (93 bytes)


---------------  P R O C E S S  ---------------

Java Threads: ( => current thread )
  0x000000001652f800 JavaThread "Service Thread" daemon [_thread_blocked, id=3868, stack(0x00000000169d0000,0x0000000016ad0000)]
  0x0000000016529000 JavaThread "C1 CompilerThread2" daemon [_thread_blocked, id=3156, stack(0x00000000168d0000,0x00000000169d0000)]
  0x0000000014dcb800 JavaThread "C2 CompilerThread1" daemon [_thread_in_native, id=2624, stack(0x00000000163d0000,0x00000000164d0000)]
=>0x0000000014d7d000 JavaThread "C2 CompilerThread0" daemon [_thread_in_native, id=2692, stack(0x00000000162d0000,0x00000000163d0000)]
  0x0000000014d7c000 JavaThread "Attach Listener" daemon [_thread_blocked, id=2872, stack(0x00000000161d0000,0x00000000162d0000)]
  0x0000000014d7b000 JavaThread "Signal Dispatcher" daemon [_thread_blocked, id=1160, stack(0x00000000160d0000,0x00000000161d0000)]
  0x0000000014d58800 JavaThread "Finalizer" daemon [_thread_blocked, id=1544, stack(0x0000000015fd0000,0x00000000160d0000)]
  0x0000000002690000 JavaThread "Reference Handler" daemon [_thread_blocked, id=2440, stack(0x0000000015ed0000,0x0000000015fd0000)]
  0x00000000025a0800 JavaThread "main" [_thread_in_Java, id=2852, stack(0x00000000024a0000,0x00000000025a0000)]

Other Threads:
  0x0000000014d35800 VMThread [stack: 0x0000000015dd0000,0x0000000015ed0000] [id=892]
  0x0000000016531800 WatcherThread [stack: 0x0000000016ad0000,0x0000000016bd0000] [id=3844]

VM state:not at safepoint (normal execution)

VM Mutex/Monitor currently owned by a thread: None

Heap:
 PSYoungGen      total 132096K, used 22656K [0x00000000eab00000, 0x00000000fd500000, 0x0000000100000000)
  eden space 126976K, 13% used [0x00000000eab00000,0x00000000ebc23e10,0x00000000f2700000)
  from space 5120K, 99% used [0x00000000f2700000,0x00000000f2bfc4e8,0x00000000f2c00000)
  to   space 25600K, 0% used [0x00000000fbc00000,0x00000000fbc00000,0x00000000fd500000)
 ParOldGen       total 84992K, used 42183K [0x00000000c0000000, 0x00000000c5300000, 0x00000000eab00000)
  object space 84992K, 49% used [0x00000000c0000000,0x00000000c2931d28,0x00000000c5300000)
 Metaspace       used 6763K, capacity 7416K, committed 7552K, reserved 1056768K
  class space    used 617K, capacity 624K, committed 640K, reserved 1048576K

Card table byte_map: [0x0000000011a60000,0x0000000011c70000] byte_map_base: 0x0000000011460000

Marking Bits: (ParMarkBitMap*) 0x000000005c1d9d00
 Begin Bits: [0x00000000121d0000, 0x00000000131d0000)
 End Bits:   [0x00000000131d0000, 0x00000000141d0000)

Polling page: 0x0000000000450000

CodeCache: size=245760Kb used=9398Kb max_used=9409Kb free=236361Kb
 bounds [0x00000000026a0000, 0x0000000002fe0000, 0x00000000116a0000]
 total_blobs=2527 nmethods=2256 adapters=184
 compilation: enabled

Compilation events (10 events):
Event: 8.288 Thread 0x0000000016529000 2377       1       com.android.dx.dex.code.form.Form23x::codeSize (2 bytes)
Event: 8.288 Thread 0x0000000016529000 nmethod 2377 0x0000000002fb9510 code [0x0000000002fb9660, 0x0000000002fb9770]
Event: 8.288 Thread 0x0000000016529000 2376       3       com.android.dx.dex.code.form.Form23x::isCompatible (68 bytes)
Event: 8.289 Thread 0x0000000016529000 nmethod 2376 0x0000000002fcde90 code [0x0000000002fce0a0, 0x0000000002fcf148]
Event: 8.289 Thread 0x0000000016529000 2378       1       com.android.dx.dex.code.form.Form3rc::codeSize (2 bytes)
Event: 8.289 Thread 0x0000000016529000 nmethod 2378 0x0000000002fc5b10 code [0x0000000002fc5c60, 0x0000000002fc5d70]
Event: 8.291 Thread 0x0000000014dcb800 nmethod 2373 0x0000000002fcd410 code [0x0000000002fcd560, 0x0000000002fcd978]
Event: 8.291 Thread 0x0000000014dcb800 2379       4       com.android.dx.dex.code.DalvInsn::getAddress (22 bytes)
Event: 8.292 Thread 0x0000000014dcb800 nmethod 2379 0x0000000002fcd1d0 code [0x0000000002fcd300, 0x0000000002fcd378]
Event: 8.292 Thread 0x0000000014dcb800 2364       4       com.android.dx.dex.code.CstInsn::setIndex (37 bytes)

GC Heap History (10 events):
Event: 1.766 GC heap before
{Heap before GC invocations=1 (full 0):
 PSYoungGen      total 36864K, used 31744K [0x00000000eab00000, 0x00000000ed400000, 0x0000000100000000)
  eden space 31744K, 100% used [0x00000000eab00000,0x00000000eca00000,0x00000000eca00000)
  from space 5120K, 0% used [0x00000000ecf00000,0x00000000ecf00000,0x00000000ed400000)
  to   space 5120K, 0% used [0x00000000eca00000,0x00000000eca00000,0x00000000ecf00000)
 ParOldGen       total 84992K, used 0K [0x00000000c0000000, 0x00000000c5300000, 0x00000000eab00000)
  object space 84992K, 0% used [0x00000000c0000000,0x00000000c0000000,0x00000000c5300000)
 Metaspace       used 5980K, capacity 6896K, committed 7040K, reserved 1056768K
  class space    used 579K, capacity 616K, committed 640K, reserved 1048576K
Event: 1.785 GC heap after
Heap after GC invocations=1 (full 0):
 PSYoungGen      total 36864K, used 5112K [0x00000000eab00000, 0x00000000ef300000, 0x0000000100000000)
  eden space 31744K, 0% used [0x00000000eab00000,0x00000000eab00000,0x00000000eca00000)
  from space 5120K, 99% used [0x00000000eca00000,0x00000000ecefe388,0x00000000ecf00000)
  to   space 5120K, 0% used [0x00000000eee00000,0x00000000eee00000,0x00000000ef300000)
 ParOldGen       total 84992K, used 1168K [0x00000000c0000000, 0x00000000c5300000, 0x00000000eab00000)
  object space 84992K, 1% used [0x00000000c0000000,0x00000000c0124300,0x00000000c5300000)
 Metaspace       used 5980K, capacity 6896K, committed 7040K, reserved 1056768K
  class space    used 579K, capacity 616K, committed 640K, reserved 1048576K
}
Event: 2.316 GC heap before
{Heap before GC invocations=2 (full 0):
 PSYoungGen      total 36864K, used 36856K [0x00000000eab00000, 0x00000000ef300000, 0x0000000100000000)
  eden space 31744K, 100% used [0x00000000eab00000,0x00000000eca00000,0x00000000eca00000)
  from space 5120K, 99% used [0x00000000eca00000,0x00000000ecefe388,0x00000000ecf00000)
  to   space 5120K, 0% used [0x00000000eee00000,0x00000000eee00000,0x00000000ef300000)
 ParOldGen       total 84992K, used 1168K [0x00000000c0000000, 0x00000000c5300000, 0x00000000eab00000)
  object space 84992K, 1% used [0x00000000c0000000,0x00000000c0124300,0x00000000c5300000)
 Metaspace       used 6167K, capacity 7088K, committed 7296K, reserved 1056768K
  class space    used 580K, capacity 616K, committed 640K, reserved 1048576K
Event: 2.478 GC heap after
Heap after GC invocations=2 (full 0):
 PSYoungGen      total 68608K, used 5117K [0x00000000eab00000, 0x00000000ef300000, 0x0000000100000000)
  eden space 63488K, 0% used [0x00000000eab00000,0x00000000eab00000,0x00000000ee900000)
  from space 5120K, 99% used [0x00000000eee00000,0x00000000ef2ff4e8,0x00000000ef300000)
  to   space 5120K, 0% used [0x00000000ee900000,0x00000000ee900000,0x00000000eee00000)
 ParOldGen       total 84992K, used 5115K [0x00000000c0000000, 0x00000000c5300000, 0x00000000eab00000)
  object space 84992K, 6% used [0x00000000c0000000,0x00000000c04fed90,0x00000000c5300000)
 Metaspace       used 6167K, capacity 7088K, committed 7296K, reserved 1056768K
  class space    used 580K, capacity 616K, committed 640K, reserved 1048576K
}
Event: 5.246 GC heap before
{Heap before GC invocations=3 (full 0):
 PSYoungGen      total 68608K, used 68605K [0x00000000eab00000, 0x00000000ef300000, 0x0000000100000000)
  eden space 63488K, 100% used [0x00000000eab00000,0x00000000ee900000,0x00000000ee900000)
  from space 5120K, 99% used [0x00000000eee00000,0x00000000ef2ff4e8,0x00000000ef300000)
  to   space 5120K, 0% used [0x00000000ee900000,0x00000000ee900000,0x00000000eee00000)
 ParOldGen       total 84992K, used 5115K [0x00000000c0000000, 0x00000000c5300000, 0x00000000eab00000)
  object space 84992K, 6% used [0x00000000c0000000,0x00000000c04fed90,0x00000000c5300000)
 Metaspace       used 6262K, capacity 7152K, committed 7296K, reserved 1056768K
  class space    used 580K, capacity 616K, committed 640K, reserved 1048576K
Event: 5.356 GC heap after
Heap after GC invocations=3 (full 0):
 PSYoungGen      total 68608K, used 5116K [0x00000000eab00000, 0x00000000f3100000, 0x0000000100000000)
  eden space 63488K, 0% used [0x00000000eab00000,0x00000000eab00000,0x00000000ee900000)
  from space 5120K, 99% used [0x00000000ee900000,0x00000000eedff1c0,0x00000000eee00000)
  to   space 5120K, 0% used [0x00000000f2c00000,0x00000000f2c00000,0x00000000f3100000)
 ParOldGen       total 84992K, used 14426K [0x00000000c0000000, 0x00000000c5300000, 0x00000000eab00000)
  object space 84992K, 16% used [0x00000000c0000000,0x00000000c0e16bf0,0x00000000c5300000)
 Metaspace       used 6262K, capacity 7152K, committed 7296K, reserved 1056768K
  class space    used 580K, capacity 616K, committed 640K, reserved 1048576K
}
Event: 6.373 GC heap before
{Heap before GC invocations=4 (full 0):
 PSYoungGen      total 68608K, used 68604K [0x00000000eab00000, 0x00000000f3100000, 0x0000000100000000)
  eden space 63488K, 100% used [0x00000000eab00000,0x00000000ee900000,0x00000000ee900000)
  from space 5120K, 99% used [0x00000000ee900000,0x00000000eedff1c0,0x00000000eee00000)
  to   space 5120K, 0% used [0x00000000f2c00000,0x00000000f2c00000,0x00000000f3100000)
 ParOldGen       total 84992K, used 14426K [0x00000000c0000000, 0x00000000c5300000, 0x00000000eab00000)
  object space 84992K, 16% used [0x00000000c0000000,0x00000000c0e16bf0,0x00000000c5300000)
 Metaspace       used 6378K, capacity 7154K, committed 7296K, reserved 1056768K
  class space    used 598K, capacity 618K, committed 640K, reserved 1048576K
Event: 6.462 GC heap after
Heap after GC invocations=4 (full 0):
 PSYoungGen      total 132096K, used 5116K [0x00000000eab00000, 0x00000000f3100000, 0x0000000100000000)
  eden space 126976K, 0% used [0x00000000eab00000,0x00000000eab00000,0x00000000f2700000)
  from space 5120K, 99% used [0x00000000f2c00000,0x00000000f30ff3e0,0x00000000f3100000)
  to   space 5120K, 0% used [0x00000000f2700000,0x00000000f2700000,0x00000000f2c00000)
 ParOldGen       total 84992K, used 23318K [0x00000000c0000000, 0x00000000c5300000, 0x00000000eab00000)
  object space 84992K, 27% used [0x00000000c0000000,0x00000000c16c59d8,0x00000000c5300000)
 Metaspace       used 6378K, capacity 7154K, committed 7296K, reserved 1056768K
  class space    used 598K, capacity 618K, committed 640K, reserved 1048576K
}
Event: 7.403 GC heap before
{Heap before GC invocations=5 (full 0):
 PSYoungGen      total 132096K, used 132092K [0x00000000eab00000, 0x00000000f3100000, 0x0000000100000000)
  eden space 126976K, 100% used [0x00000000eab00000,0x00000000f2700000,0x00000000f2700000)
  from space 5120K, 99% used [0x00000000f2c00000,0x00000000f30ff3e0,0x00000000f3100000)
  to   space 5120K, 0% used [0x00000000f2700000,0x00000000f2700000,0x00000000f2c00000)
 ParOldGen       total 84992K, used 23318K [0x00000000c0000000, 0x00000000c5300000, 0x00000000eab00000)
  object space 84992K, 27% used [0x00000000c0000000,0x00000000c16c59d8,0x00000000c5300000)
 Metaspace       used 6469K, capacity 7220K, committed 7296K, reserved 1056768K
  class space    used 600K, capacity 620K, committed 640K, reserved 1048576K
Event: 7.455 GC heap after
Heap after GC invocations=5 (full 0):
 PSYoungGen      total 132096K, used 5105K [0x00000000eab00000, 0x00000000fd500000, 0x0000000100000000)
  eden space 126976K, 0% used [0x00000000eab00000,0x00000000eab00000,0x00000000f2700000)
  from space 5120K, 99% used [0x00000000f2700000,0x00000000f2bfc4e8,0x00000000f2c00000)
  to   space 25600K, 0% used [0x00000000fbc00000,0x00000000fbc00000,0x00000000fd500000)
 ParOldGen       total 84992K, used 42183K [0x00000000c0000000, 0x00000000c5300000, 0x00000000eab00000)
  object space 84992K, 49% used [0x00000000c0000000,0x00000000c2931d28,0x00000000c5300000)
 Metaspace       used 6469K, capacity 7220K, committed 7296K, reserved 1056768K
  class space    used 600K, capacity 620K, committed 640K, reserved 1048576K
}

Deoptimization events (10 events):
Event: 7.245 Thread 0x000000001676e800 Uncommon trap: reason=class_check action=maybe_recompile pc=0x0000000002dd614c method=com.android.dx.cf.code.BytecodeArray.parseInstruction(ILcom/android/dx/cf/code/BytecodeArray$Visitor;)I @ 1939
Event: 7.263 Thread 0x000000001676d800 Uncommon trap: reason=unstable_if action=reinterpret pc=0x0000000002dcfd60 method=com.android.dx.ssa.SCCP.simulateBranch(Lcom/android/dx/ssa/SsaInsn;)V @ 548
Event: 7.375 Thread 0x000000001676b800 Uncommon trap: reason=unstable_if action=reinterpret pc=0x0000000002d400c4 method=com.android.dx.rop.cst.CstNat.equals(Ljava/lang/Object;)Z @ 25
Event: 7.539 Thread 0x00000000025a0800 Uncommon trap: reason=class_check action=maybe_recompile pc=0x0000000002b237c8 method=java.util.Arrays.hashCode([Ljava/lang/Object;)I @ 43
Event: 7.539 Thread 0x00000000025a0800 Uncommon trap: reason=class_check action=maybe_recompile pc=0x0000000002b237c8 method=java.util.Arrays.hashCode([Ljava/lang/Object;)I @ 43
Event: 7.539 Thread 0x00000000025a0800 Uncommon trap: reason=class_check action=maybe_recompile pc=0x0000000002b237c8 method=java.util.Arrays.hashCode([Ljava/lang/Object;)I @ 43
Event: 7.539 Thread 0x00000000025a0800 Uncommon trap: reason=class_check action=maybe_recompile pc=0x0000000002b237c8 method=java.util.Arrays.hashCode([Ljava/lang/Object;)I @ 43
Event: 7.539 Thread 0x00000000025a0800 Uncommon trap: reason=class_check action=maybe_recompile pc=0x0000000002b1dab4 method=java.util.Arrays.hashCode([Ljava/lang/Object;)I @ 43
Event: 8.265 Thread 0x00000000025a0800 Uncommon trap: reason=unstable_if action=reinterpret pc=0x0000000002d1dc10 method=java.util.TreeMap.put(Ljava/lang/Object;Ljava/lang/Object;)Ljava/lang/Object; @ 163
Event: 8.279 Thread 0x00000000025a0800 Uncommon trap: reason=unstable_if action=reinterpret pc=0x0000000002f984c4 method=com.android.dx.rop.code.RegisterSpec.matchesVariable(Lcom/android/dx/rop/code/RegisterSpec;)Z @ 59

Internal exceptions (5 events):
Event: 0.041 Thread 0x00000000025a0800 Exception <a 'java/lang/NoSuchMethodError': Method sun.misc.Unsafe.defineClass(Ljava/lang/String;[BII)Ljava/lang/Class; name or signature does not match> (0x00000000eab07cc0) thrown at [C:\src\android\AOSP-openjdk\external\jetbrains\jdk\hotspot\src\share\v6˜ãY®8¥?
Event: 0.041 Thread 0x00000000025a0800 Exception <a 'java/lang/NoSuchMethodError': Method sun.misc.Unsafe.prefetchRead(Ljava/lang/Object;J)V name or signature does not match> (0x00000000eab07fa8) thrown at [C:\src\android\AOSP-openjdk\external\jetbrains\jdk\hotspot\src\share\vm\prims\jni.cpp, lf—C"ÙŠ@
Event: 5.886 Thread 0x000000001676b800 Exception <a 'java/lang/ArrayIndexOutOfBoundsException': 18> (0x00000000ed26eb20) thrown at [C:\src\android\AOSP-openjdk\external\jetbrains\jdk\hotspot\src\share\vm\interpreter\interpreterRuntime.cpp, line 366]
Event: 5.886 Thread 0x000000001676b800 Exception <a 'java/lang/ArrayIndexOutOfBoundsException': 145> (0x00000000ed2706a0) thrown at [C:\src\android\AOSP-openjdk\external\jetbrains\jdk\hotspot\src\share\vm\interpreter\interpreterRuntime.cpp, line 366]
Event: 5.887 Thread 0x000000001676b800 Exception <a 'java/lang/ArrayIndexOutOfBoundsException'> (0x00000000ed271988) thrown at [C:\src\android\AOSP-openjdk\external\jetbrains\jdk\hotspot\src\share\vm\runtime\sharedRuntime.cpp, line 605]

Events (10 events):
Event: 8.066 loading class com/android/dx/rop/code/RegisterSpecList$Expander
Event: 8.066 loading class com/android/dx/rop/code/RegisterSpecList$Expander done
Event: 8.265 Thread 0x00000000025a0800 Uncommon trap: trap_request=0xffffff65 fr.pc=0x0000000002d1dc10
Event: 8.265 Thread 0x00000000025a0800 DEOPT PACKING pc=0x0000000002d1dc10 sp=0x000000000259ef90
Event: 8.265 Thread 0x00000000025a0800 DEOPT UNPACKING pc=0x00000000026e556a sp=0x000000000259ef70 mode 2
Event: 8.279 Thread 0x00000000025a0800 Uncommon trap: trap_request=0xffffff65 fr.pc=0x0000000002f984c4
Event: 8.279 Thread 0x00000000025a0800 DEOPT PACKING pc=0x0000000002f984c4 sp=0x000000000259ee20
Event: 8.279 Thread 0x00000000025a0800 DEOPT UNPACKING pc=0x00000000026e556a sp=0x000000000259edc8 mode 2
Event: 8.285 loading class com/android/dx/rop/code/RegisterSpec$1
Event: 8.285 loading class com/android/dx/rop/code/RegisterSpec$1 done


Dynamic libraries:
0x00007ff76e660000 - 0x00007ff76e695000 	E:\Android\android-studio-ide-145.2915834-windows\jre\bin\java.exe
0x00007ffeeae60000 - 0x00007ffeeb021000 	C:\Windows\SYSTEM32\ntdll.dll
0x00007ffee8780000 - 0x00007ffee882d000 	C:\Windows\system32\KERNEL32.DLL
0x00007ffee7fe0000 - 0x00007ffee81c8000 	C:\Windows\system32\KERNELBASE.dll
0x00007ffee84c0000 - 0x00007ffee8567000 	C:\Windows\system32\ADVAPI32.dll
0x00007ffeea440000 - 0x00007ffeea4dd000 	C:\Windows\system32\msvcrt.dll
0x00007ffee8300000 - 0x00007ffee835b000 	C:\Windows\system32\sechost.dll
0x00007ffee8c60000 - 0x00007ffee8d7c000 	C:\Windows\system32\RPCRT4.dll
0x00007ffee8360000 - 0x00007ffee84b6000 	C:\Windows\system32\USER32.dll
0x00007ffeea750000 - 0x00007ffeea8d6000 	C:\Windows\system32\GDI32.dll
0x00007ffeda290000 - 0x00007ffeda504000 	C:\Windows\WinSxS\amd64_microsoft.windows.common-controls_6595b64144ccf1df_6.0.10586.0_none_8c15ae12515e1c22\COMCTL32.dll
0x00007ffee89e0000 - 0x00007ffee8c5d000 	C:\Windows\system32\combase.dll
0x00007ffee7580000 - 0x00007ffee75ea000 	C:\Windows\system32\bcryptPrimitives.dll
0x00007ffee8260000 - 0x00007ffee829b000 	C:\Windows\system32\IMM32.DLL
0x000000005b940000 - 0x000000005ba12000 	E:\Android\android-studio-ide-145.2915834-windows\jre\jre\bin\msvcr100.dll
0x000000005ba20000 - 0x000000005c254000 	E:\Android\android-studio-ide-145.2915834-windows\jre\jre\bin\server\jvm.dll
0x00007ffeea4e0000 - 0x00007ffeea4e8000 	C:\Windows\system32\PSAPI.DLL
0x00007ffeddee0000 - 0x00007ffeddee9000 	C:\Windows\SYSTEM32\WSOCK32.dll
0x00007ffeea950000 - 0x00007ffeea9bb000 	C:\Windows\system32\WS2_32.dll
0x00007ffee5530000 - 0x00007ffee5553000 	C:\Windows\SYSTEM32\WINMM.dll
0x00007ffedda60000 - 0x00007ffedda6a000 	C:\Windows\SYSTEM32\VERSION.dll
0x00007ffee54d0000 - 0x00007ffee54fc000 	C:\Windows\SYSTEM32\WINMMBASE.dll
0x00007ffee7530000 - 0x00007ffee7573000 	C:\Windows\system32\cfgmgr32.dll
0x00007ffedaa00000 - 0x00007ffedaa0f000 	E:\Android\android-studio-ide-145.2915834-windows\jre\jre\bin\verify.dll
0x00007ffed98d0000 - 0x00007ffed98f9000 	E:\Android\android-studio-ide-145.2915834-windows\jre\jre\bin\java.dll
0x00007ffeda710000 - 0x00007ffeda726000 	E:\Android\android-studio-ide-145.2915834-windows\jre\jre\bin\zip.dll
0x00007ffee8ee0000 - 0x00007ffeea43c000 	C:\Windows\system32\SHELL32.dll
0x00007ffee7820000 - 0x00007ffee7e65000 	C:\Windows\system32\windows.storage.dll
0x00007ffeeadf0000 - 0x00007ffeeae42000 	C:\Windows\system32\shlwapi.dll
0x00007ffee74b0000 - 0x00007ffee74bf000 	C:\Windows\system32\kernel.appcore.dll
0x00007ffee7f20000 - 0x00007ffee7fd5000 	C:\Windows\system32\shcore.dll
0x00007ffee74c0000 - 0x00007ffee750b000 	C:\Windows\system32\powrprof.dll
0x00007ffee7480000 - 0x00007ffee7494000 	C:\Windows\system32\profapi.dll

VM Arguments:
jvm_args: -Djava.awt.headless=true -Xmx1024M -Dfile.encoding=GBK -Duser.country=CN -Duser.language=zh -Duser.variant 
java_command: com.android.dx.command.Main --dex --num-threads=4 --output E:\Teapopo\app\build\intermediates\pre-dexed\debug\com.android.support-appcompat-v7-23.3.0_0577a956f0dc997cf924cae441f21e793614ef30.jar E:\Teapopo\app\build\intermediates\exploded-aar\com.android.support\appcompat-v7\23.3.0\jars\classes.jar
java_class_path (initial): C:\Users\lhq\AppData\Local\Android\sdk\build-tools\23.0.3\lib\dx.jar
Launcher Type: SUN_STANDARD

Environment Variables:
JAVA_HOME=C:\Program Files\Java\jdk1.8.0_91
PATH=C:\ProgramData\Oracle\Java\javapath;C:\Windows\system32;C:\Windows;C:\Windows\System32\Wbem;C:\Windows\System32\WindowsPowerShell\v1.0\;C:\Users\lhq\AppData\Local\Android\sdk\platform-tools;C:\Users\lhq\AppData\Local\Android\sdk\tools;C:\Program Files\Java\jdk1.8.0_91\bin;C:\Program Files\Java\jdk1.8.0_91\jre\bin
USERNAME=lhq
OS=Windows_NT
PROCESSOR_IDENTIFIER=Intel64 Family 6 Model 69 Stepping 1, GenuineIntel



---------------  S Y S T E M  ---------------

OS: Windows 10.0 , 64 bit Build 10586 (10.0.10586.0)

CPU:total 4 (2 cores per cpu, 2 threads per core) family 6 model 69 stepping 1, cmov, cx8, fxsr, mmx, sse, sse2, sse3, ssse3, sse4.1, sse4.2, popcnt, avx, avx2, aes, clmul, erms, lzcnt, ht, tsc, tscinvbit, bmi1, bmi2

Memory: 4k page, physical 8067548k(1199988k free), swap 8067548k(5164k free)

vm_info: OpenJDK 64-Bit Server VM (25.76-b01) for windows-amd64 JRE (1.8.0_76-release-b01), built on May 12 2016 23:29:00 by "ralucas" with MS VC++ 10.0 (VS2010)

time: Wed Jun 29 17:47:31 2016
elapsed time: 8 seconds (0d 0h 0m 8s)

