#
# There is insufficient memory for the Java Runtime Environment to continue.
# Native memory allocation (malloc) failed to allocate 288896 bytes for Chunk::new
# Possible reasons:
#   The system is out of physical RAM or swap space
#   In 32 bit mode, the process size limit was hit
# Possible solutions:
#   Reduce memory load on the system
#   Increase physical memory or swap space
#   Check if swap backing store is full
#   Use 64 bit Java on a 64 bit OS
#   Decrease Java heap size (-Xmx/-Xms)
#   Decrease number of Java threads
#   Decrease Java thread stack sizes (-Xss)
#   Set larger code cache with -XX:ReservedCodeCacheSize=
# This output file may be truncated or incomplete.
#
#  Out of Memory Error (allocation.cpp:390), pid=169964, tid=0x0000000000029694
#
# JRE version: OpenJDK Runtime Environment (8.0_76-b01) (build 1.8.0_76-release-b01)
# Java VM: OpenJDK 64-Bit Server VM (25.76-b01 mixed mode windows-amd64 compressed oops)
# Failed to write core dump. Minidumps are not enabled by default on client versions of Windows
#

---------------  T H R E A D  ---------------

Current thread (0x0000000016323000):  JavaThread "C2 CompilerThread1" daemon [_thread_in_native, id=169620, stack(0x00000000166f0000,0x00000000167f0000)]

Stack: [0x00000000166f0000,0x00000000167f0000]
[error occurred during error reporting (printing stack bounds), id 0xc0000005]

Native frames: (J=compiled Java code, j=interpreted, Vv=VM code, C=native code)


Current CompileTask:
C2:   1050 1032       4       com.android.dx.ssa.Dominators::eval (29 bytes)


---------------  P R O C E S S  ---------------

Java Threads: ( => current thread )
  0x0000000016581000 JavaThread "pool-2-thread-1" [_thread_blocked, id=168976, stack(0x0000000016bf0000,0x0000000016cf0000)]
  0x0000000016580000 JavaThread "pool-1-thread-1" [_thread_in_Java, id=168088, stack(0x0000000016af0000,0x0000000016bf0000)]
  0x0000000016358800 JavaThread "Service Thread" daemon [_thread_blocked, id=169656, stack(0x00000000168f0000,0x00000000169f0000)]
  0x0000000016348000 JavaThread "C1 CompilerThread2" daemon [_thread_blocked, id=169632, stack(0x00000000167f0000,0x00000000168f0000)]
=>0x0000000016323000 JavaThread "C2 CompilerThread1" daemon [_thread_in_native, id=169620, stack(0x00000000166f0000,0x00000000167f0000)]
  0x0000000014cad800 JavaThread "C2 CompilerThread0" daemon [_thread_in_native, id=169588, stack(0x00000000161f0000,0x00000000162f0000)]
  0x0000000014cac000 JavaThread "Attach Listener" daemon [_thread_blocked, id=169500, stack(0x00000000160f0000,0x00000000161f0000)]
  0x0000000014cab000 JavaThread "Signal Dispatcher" daemon [_thread_blocked, id=169592, stack(0x0000000015ff0000,0x00000000160f0000)]
  0x0000000014c88000 JavaThread "Finalizer" daemon [_thread_blocked, id=169100, stack(0x0000000015ef0000,0x0000000015ff0000)]
  0x0000000002510000 JavaThread "Reference Handler" daemon [_thread_blocked, id=169144, stack(0x0000000015df0000,0x0000000015ef0000)]
  0x0000000002420800 JavaThread "main" [_thread_blocked, id=168232, stack(0x0000000001f50000,0x0000000002050000)]

Other Threads:
  0x0000000014c65800 VMThread [stack: 0x0000000015cf0000,0x0000000015df0000] [id=169024]
  0x000000001635a800 WatcherThread [stack: 0x00000000169f0000,0x0000000016af0000] [id=169660]

VM state:not at safepoint (normal execution)

VM Mutex/Monitor currently owned by a thread: None

Heap:
 PSYoungGen      total 36864K, used 24193K [0x00000000eab00000, 0x00000000ed400000, 0x0000000100000000)
  eden space 31744K, 76% used [0x00000000eab00000,0x00000000ec2a0428,0x00000000eca00000)
  from space 5120K, 0% used [0x00000000ecf00000,0x00000000ecf00000,0x00000000ed400000)
  to   space 5120K, 0% used [0x00000000eca00000,0x00000000eca00000,0x00000000ecf00000)
 ParOldGen       total 84992K, used 0K [0x00000000c0000000, 0x00000000c5300000, 0x00000000eab00000)
  object space 84992K, 0% used [0x00000000c0000000,0x00000000c0000000,0x00000000c5300000)
 Metaspace       used 5842K, capacity 6832K, committed 7040K, reserved 1056768K
  class space    used 574K, capacity 616K, committed 640K, reserved 1048576K

Card table byte_map: [0x0000000011990000,0x0000000011ba0000] byte_map_base: 0x0000000011390000

Marking Bits: (ParMarkBitMap*) 0x000000005f499d00
 Begin Bits: [0x0000000012100000, 0x0000000013100000)
 End Bits:   [0x0000000013100000, 0x0000000014100000)

Polling page: 0x0000000000810000

CodeCache: size=245760Kb used=4180Kb max_used=4192Kb free=241580Kb
 bounds [0x00000000025d0000, 0x00000000029f0000, 0x00000000115d0000]
 total_blobs=1301 nmethods=1031 adapters=184
 compilation: enabled

Compilation events (10 events):
Event: 1.031 Thread 0x0000000016348000 nmethod 1028 0x00000000029e7b50 code [0x00000000029e7d00, 0x00000000029e8258]
Event: 1.031 Thread 0x0000000016348000 1029       3       com.android.dx.ssa.SsaMethod::makeNewGotoBlock (52 bytes)
Event: 1.032 Thread 0x0000000016348000 nmethod 1029 0x00000000029e6310 code [0x00000000029e6560, 0x00000000029e7368]
Event: 1.032 Thread 0x0000000016348000 1030       3       java.util.Arrays::copyOf (19 bytes)
Event: 1.033 Thread 0x0000000016348000 nmethod 1030 0x00000000029e5d50 code [0x00000000029e5ec0, 0x00000000029e61e8]
Event: 1.035 Thread 0x0000000016323000 1031       4       com.android.dx.rop.code.RegisterSpecSet::size (49 bytes)
Event: 1.038 Thread 0x0000000016323000 nmethod 1031 0x00000000029c5310 code [0x00000000029c5440, 0x00000000029c5578]
Event: 1.038 Thread 0x0000000016323000 1032       4       com.android.dx.ssa.Dominators::eval (29 bytes)
Event: 1.041 Thread 0x0000000014cad800 nmethod 1027 0x00000000029e8d90 code [0x00000000029e8f20, 0x00000000029e95e8]
Event: 1.045 Thread 0x0000000014cad800 1033       4       com.android.dx.ssa.SsaRenamer$BlockRenamer$1::visitPhiInsn (60 bytes)

GC Heap History (0 events):
No events

Deoptimization events (4 events):
Event: 0.618 Thread 0x000000001659c000 Uncommon trap: reason=unstable_if action=reinterpret pc=0x00000000027c4df0 method=java.util.BitSet.nextSetBit(I)I @ 87
Event: 0.637 Thread 0x0000000016596000 Uncommon trap: reason=unstable_if action=reinterpret pc=0x00000000027c6c64 method=java.util.HashMap.getNode(ILjava/lang/Object;)Ljava/util/HashMap$Node; @ 129
Event: 0.682 Thread 0x000000001659c000 Uncommon trap: reason=unstable_if action=reinterpret pc=0x00000000027ffcb4 method=java.util.BitSet.ensureCapacity(I)V @ 6
Event: 0.943 Thread 0x000000001659c000 Uncommon trap: reason=class_check action=maybe_recompile pc=0x00000000028264f0 method=com.android.dx.ssa.NormalSsaInsn.accept(Lcom/android/dx/ssa/SsaInsn$Visitor;)V @ 9

Internal exceptions (2 events):
Event: 0.061 Thread 0x0000000002420800 Exception <a 'java/lang/NoSuchMethodError': Method sun.misc.Unsafe.defineClass(Ljava/lang/String;[BII)Ljava/lang/Class; name or signature does not match> (0x00000000eab07cc0) thrown at [C:\src\android\AOSP-openjdk\external\jetbrains\jdk\hotspot\src\share\v÷Q®=r6Ø?
Event: 0.061 Thread 0x0000000002420800 Exception <a 'java/lang/NoSuchMethodError': Method sun.misc.Unsafe.prefetchRead(Ljava/lang/Object;J)V name or signature does not match> (0x00000000eab07fa8) thrown at [C:\src\android\AOSP-openjdk\external\jetbrains\jdk\hotspot\src\share\vm\prims\jni.cpp, l

Events (10 events):
Event: 0.903 Thread 0x000000001659c000 DEOPT PACKING pc=0x000000000287a77a sp=0x0000000016fee970
Event: 0.903 Thread 0x000000001659c000 DEOPT UNPACKING pc=0x00000000026175bf sp=0x0000000016fee6e0 mode 0
Event: 0.943 Thread 0x000000001659c000 Uncommon trap: trap_request=0xffffffde fr.pc=0x00000000028264f0
Event: 0.943 Thread 0x000000001659c000 DEOPT PACKING pc=0x00000000028264f0 sp=0x0000000016fee790
Event: 0.943 Thread 0x000000001659c000 DEOPT UNPACKING pc=0x000000000261556a sp=0x0000000016fee6d0 mode 2
Event: 0.955 Thread 0x000000001659c000 Thread exited: 0x000000001659c000
Event: 1.014 Thread 0x0000000016580000 DEOPT PACKING pc=0x000000000287a77a sp=0x0000000016bee760
Event: 1.014 Thread 0x0000000016580000 DEOPT UNPACKING pc=0x00000000026175bf sp=0x0000000016bee4c8 mode 0
Event: 1.016 Thread 0x0000000016580000 DEOPT PACKING pc=0x000000000287a77a sp=0x0000000016bee760
Event: 1.016 Thread 0x0000000016580000 DEOPT UNPACKING pc=0x00000000026175bf sp=0x0000000016bee4c8 mode 0


Dynamic libraries:
0x00007ff75f820000 - 0x00007ff75f855000 	E:\Android\android-studio-ide-145.2915834-windows\jre\bin\java.exe
0x00007ffecf410000 - 0x00007ffecf5d1000 	C:\Windows\SYSTEM32\ntdll.dll
0x00007ffecef70000 - 0x00007ffecf01d000 	C:\Windows\system32\KERNEL32.DLL
0x00007ffecc330000 - 0x00007ffecc518000 	C:\Windows\system32\KERNELBASE.dll
0x00007ffecc9e0000 - 0x00007ffecca87000 	C:\Windows\system32\ADVAPI32.dll
0x00007ffece4c0000 - 0x00007ffece55d000 	C:\Windows\system32\msvcrt.dll
0x00007ffeccd10000 - 0x00007ffeccd6b000 	C:\Windows\system32\sechost.dll
0x00007ffece730000 - 0x00007ffece84c000 	C:\Windows\system32\RPCRT4.dll
0x00007ffece920000 - 0x00007ffecea76000 	C:\Windows\system32\USER32.dll
0x00007ffeccd90000 - 0x00007ffeccf16000 	C:\Windows\system32\GDI32.dll
0x00007ffebe600000 - 0x00007ffebe874000 	C:\Windows\WinSxS\amd64_microsoft.windows.common-controls_6595b64144ccf1df_6.0.10586.0_none_8c15ae12515e1c22\COMCTL32.dll
0x00007ffecca90000 - 0x00007ffeccd0d000 	C:\Windows\system32\combase.dll
0x00007ffecc520000 - 0x00007ffecc58a000 	C:\Windows\system32\bcryptPrimitives.dll
0x00007ffeccf20000 - 0x00007ffeccf5b000 	C:\Windows\system32\IMM32.DLL
0x000000005fdc0000 - 0x000000005fe92000 	E:\Android\android-studio-ide-145.2915834-windows\jre\jre\bin\msvcr100.dll
0x000000005ece0000 - 0x000000005f514000 	E:\Android\android-studio-ide-145.2915834-windows\jre\jre\bin\server\jvm.dll
0x00007ffecf1d0000 - 0x00007ffecf1d8000 	C:\Windows\system32\PSAPI.DLL
0x00007ffeca010000 - 0x00007ffeca019000 	C:\Windows\SYSTEM32\WSOCK32.dll
0x00007ffece560000 - 0x00007ffece5cb000 	C:\Windows\system32\WS2_32.dll
0x00007ffec9d40000 - 0x00007ffec9d63000 	C:\Windows\SYSTEM32\WINMM.dll
0x00007ffec1700000 - 0x00007ffec170a000 	C:\Windows\SYSTEM32\VERSION.dll
0x00007ffec9bf0000 - 0x00007ffec9c1c000 	C:\Windows\SYSTEM32\WINMMBASE.dll
0x00007ffecbbd0000 - 0x00007ffecbc13000 	C:\Windows\system32\cfgmgr32.dll
0x00007ffeca000000 - 0x00007ffeca00f000 	E:\Android\android-studio-ide-145.2915834-windows\jre\jre\bin\verify.dll
0x00007ffec8e10000 - 0x00007ffec8e39000 	E:\Android\android-studio-ide-145.2915834-windows\jre\jre\bin\java.dll
0x00007ffec91d0000 - 0x00007ffec91e6000 	E:\Android\android-studio-ide-145.2915834-windows\jre\jre\bin\zip.dll
0x00007ffeccf60000 - 0x00007ffece4bc000 	C:\Windows\system32\SHELL32.dll
0x00007ffecbce0000 - 0x00007ffecc325000 	C:\Windows\system32\windows.storage.dll
0x00007ffecea80000 - 0x00007ffecead2000 	C:\Windows\system32\shlwapi.dll
0x00007ffecba90000 - 0x00007ffecba9f000 	C:\Windows\system32\kernel.appcore.dll
0x00007ffecbc20000 - 0x00007ffecbcd5000 	C:\Windows\system32\shcore.dll
0x00007ffecba30000 - 0x00007ffecba7b000 	C:\Windows\system32\powrprof.dll
0x00007ffecbaa0000 - 0x00007ffecbab4000 	C:\Windows\system32\profapi.dll

VM Arguments:
jvm_args: -Djava.awt.headless=true -Xmx1024M -Dfile.encoding=GBK -Duser.country=CN -Duser.language=zh -Duser.variant 
java_command: com.android.dx.command.Main --dex --num-threads=4 --output E:\Teapopo\app\build\intermediates\pre-dexed\debug\ShareSDK-KaiXin-2.7.1_4f715d18b6ca03fb0436ba8fe3ad5b75b98ce6a7.jar E:\Teapopo\app\libs\ShareSDK-KaiXin-2.7.1.jar
java_class_path (initial): C:\Users\lhq\AppData\Local\Android\sdk\build-tools\23.0.3\lib\dx.jar
Launcher Type: SUN_STANDARD

Environment Variables:
JAVA_HOME=C:\Program Files\Java\jdk1.8.0_91
PATH=C:\ProgramData\Oracle\Java\javapath;C:\Windows\system32;C:\Windows;C:\Windows\System32\Wbem;C:\Windows\System32\WindowsPowerShell\v1.0\;C:\Users\lhq\AppData\Local\Android\sdk\platform-tools;C:\Users\lhq\AppData\Local\Android\sdk\tools;C:\Program Files\Java\jdk1.8.0_91\bin;C:\Program Files\Java\jdk1.8.0_91\jre\bin
USERNAME=lhq
OS=Windows_NT
PROCESSOR_IDENTIFIER=Intel64 Family 6 Model 69 Stepping 1, GenuineIntel



---------------  S Y S T E M  ---------------

OS: Windows 10.0 , 64 bit Build 10586 (10.0.10586.0)

CPU:total 4 (2 cores per cpu, 2 threads per core) family 6 model 69 stepping 1, cmov, cx8, fxsr, mmx, sse, sse2, sse3, ssse3, sse4.1, sse4.2, popcnt, avx, avx2, aes, clmul, erms, lzcnt, ht, tsc, tscinvbit, bmi1, bmi2

Memory: 4k page, physical 8067548k(817236k free), swap 8067548k(1092k free)

vm_info: OpenJDK 64-Bit Server VM (25.76-b01) for windows-amd64 JRE (1.8.0_76-release-b01), built on May 12 2016 23:29:00 by "ralucas" with MS VC++ 10.0 (VS2010)

time: Fri Jul 08 14:37:33 2016
elapsed time: 1 seconds (0d 0h 0m 1s)

