#
# There is insufficient memory for the Java Runtime Environment to continue.
# Native memory allocation (malloc) failed to allocate 291136 bytes for Chunk::new
# Possible reasons:
#   The system is out of physical RAM or swap space
#   In 32 bit mode, the process size limit was hit
# Possible solutions:
#   Reduce memory load on the system
#   Increase physical memory or swap space
#   Check if swap backing store is full
#   Use 64 bit Java on a 64 bit OS
#   Decrease Java heap size (-Xmx/-Xms)
#   Decrease number of Java threads
#   Decrease Java thread stack sizes (-Xss)
#   Set larger code cache with -XX:ReservedCodeCacheSize=
# This output file may be truncated or incomplete.
#
#  Out of Memory Error (allocation.cpp:390), pid=32432, tid=0x0000000000007f38
#
# JRE version: OpenJDK Runtime Environment (8.0_76-b01) (build 1.8.0_76-release-b01)
# Java VM: OpenJDK 64-Bit Server VM (25.76-b01 mixed mode windows-amd64 compressed oops)
# Failed to write core dump. Minidumps are not enabled by default on client versions of Windows
#

---------------  T H R E A D  ---------------

Current thread (0x0000000014c0d000):  JavaThread "C2 CompilerThread0" daemon [_thread_in_native, id=32568, stack(0x00000000161b0000,0x00000000162b0000)]

Stack: [0x00000000161b0000,0x00000000162b0000]
[error occurred during error reporting (printing stack bounds), id 0xc0000005]

Native frames: (J=compiled Java code, j=interpreted, Vv=VM code, C=native code)


Current CompileTask:
C2:   2591 1269       4       com.android.dx.ssa.LiteralOpUpgrader$1::visitNonMoveInsn (203 bytes)


---------------  P R O C E S S  ---------------

Java Threads: ( => current thread )
  0x0000000016601800 JavaThread "pool-1-thread-4" [_thread_in_Java, id=32176, stack(0x0000000016eb0000,0x0000000016fb0000)]
  0x00000000165a5000 JavaThread "pool-1-thread-3" [_thread_blocked, id=32000, stack(0x0000000016db0000,0x0000000016eb0000)]
  0x000000001659f800 JavaThread "pool-1-thread-2" [_thread_blocked, id=31912, stack(0x0000000016cb0000,0x0000000016db0000)]
  0x000000001659e800 JavaThread "pool-2-thread-1" [_thread_blocked, id=32440, stack(0x0000000016bb0000,0x0000000016cb0000)]
  0x000000001659e000 JavaThread "pool-1-thread-1" [_thread_in_Java, id=31916, stack(0x0000000016ab0000,0x0000000016bb0000)]
  0x0000000016420800 JavaThread "Service Thread" daemon [_thread_blocked, id=32444, stack(0x00000000168b0000,0x00000000169b0000)]
  0x00000000163b0800 JavaThread "C1 CompilerThread2" daemon [_thread_in_native, id=31964, stack(0x00000000167b0000,0x00000000168b0000)]
  0x0000000014c5b800 JavaThread "C2 CompilerThread1" daemon [_thread_in_native, id=31704, stack(0x00000000162b0000,0x00000000163b0000)]
=>0x0000000014c0d000 JavaThread "C2 CompilerThread0" daemon [_thread_in_native, id=32568, stack(0x00000000161b0000,0x00000000162b0000)]
  0x0000000014c0b800 JavaThread "Attach Listener" daemon [_thread_blocked, id=32196, stack(0x00000000160b0000,0x00000000161b0000)]
  0x0000000014c0a800 JavaThread "Signal Dispatcher" daemon [_thread_blocked, id=27672, stack(0x0000000015fb0000,0x00000000160b0000)]
  0x0000000014be8000 JavaThread "Finalizer" daemon [_thread_blocked, id=31944, stack(0x0000000015e50000,0x0000000015f50000)]
  0x0000000002520000 JavaThread "Reference Handler" daemon [_thread_blocked, id=31996, stack(0x0000000015d50000,0x0000000015e50000)]
  0x0000000002430800 JavaThread "main" [_thread_in_vm, id=32756, stack(0x00000000022f0000,0x00000000023f0000)]

Other Threads:
  0x0000000014bc5800 VMThread [stack: 0x0000000015c50000,0x0000000015d50000] [id=31732]
  0x0000000016422000 WatcherThread [stack: 0x00000000169b0000,0x0000000016ab0000] [id=32088]

VM state:not at safepoint (normal execution)

VM Mutex/Monitor currently owned by a thread: None

Heap:
 PSYoungGen      total 36864K, used 12340K [0x00000000eab00000, 0x00000000ed400000, 0x0000000100000000)
  eden space 31744K, 22% used [0x00000000eab00000,0x00000000eb2141c8,0x00000000eca00000)
  from space 5120K, 99% used [0x00000000eca00000,0x00000000ecef8ef8,0x00000000ecf00000)
  to   space 5120K, 0% used [0x00000000ecf00000,0x00000000ecf00000,0x00000000ed400000)
 ParOldGen       total 84992K, used 1620K [0x00000000c0000000, 0x00000000c5300000, 0x00000000eab00000)
  object space 84992K, 1% used [0x00000000c0000000,0x00000000c01951f0,0x00000000c5300000)
 Metaspace       used 6019K, capacity 6960K, committed 7040K, reserved 1056768K
  class space    used 577K, capacity 616K, committed 640K, reserved 1048576K

Card table byte_map: [0x00000000118f0000,0x0000000011b00000] byte_map_base: 0x00000000112f0000

Marking Bits: (ParMarkBitMap*) 0x0000000076459d00
 Begin Bits: [0x0000000012060000, 0x0000000013060000)
 End Bits:   [0x0000000013060000, 0x0000000014060000)

Polling page: 0x0000000000520000

CodeCache: size=245760Kb used=5158Kb max_used=5162Kb free=240601Kb
 bounds [0x0000000002530000, 0x0000000002a50000, 0x0000000011530000]
 total_blobs=1544 nmethods=1270 adapters=187
 compilation: enabled

Compilation events (10 events):
Event: 2.500 Thread 0x0000000014c0d000 1267       4       com.android.dx.ssa.SsaRenamer$BlockRenamer::visitNonMoveInsn (14 bytes)
Event: 2.503 Thread 0x0000000014c5b800 nmethod 1264% 0x0000000002a38b10 code [0x0000000002a38c80, 0x0000000002a38fb8]
Event: 2.504 Thread 0x0000000014c5b800 1268       4       com.android.dx.ssa.LiteralOpUpgrader::tryReplacingWithConstant (161 bytes)
Event: 2.538 Thread 0x0000000014c0d000 nmethod 1267 0x0000000002a3edd0 code [0x0000000002a3efa0, 0x0000000002a3fe60]
Event: 2.539 Thread 0x0000000014c0d000 1269       4       com.android.dx.ssa.LiteralOpUpgrader$1::visitNonMoveInsn (203 bytes)
Event: 2.586 Thread 0x00000000163b0800 1270       3       com.android.dx.util.LabeledList::rebuildLabelToIndex (46 bytes)
Event: 2.586 Thread 0x00000000163b0800 nmethod 1270 0x0000000002a3e390 code [0x0000000002a3e540, 0x0000000002a3ebc8]
Event: 2.588 Thread 0x00000000163b0800 1272       3       com.android.dx.dex.file.MethodIdItem::<init> (6 bytes)
Event: 2.588 Thread 0x00000000163b0800 nmethod 1272 0x0000000002a3da50 code [0x0000000002a3dbe0, 0x0000000002a3e0e8]
Event: 2.589 Thread 0x00000000163b0800 1273       3       com.android.dx.rop.type.Prototype::compareTo (120 bytes)

GC Heap History (2 events):
Event: 1.976 GC heap before
{Heap before GC invocations=1 (full 0):
 PSYoungGen      total 36864K, used 31744K [0x00000000eab00000, 0x00000000ed400000, 0x0000000100000000)
  eden space 31744K, 100% used [0x00000000eab00000,0x00000000eca00000,0x00000000eca00000)
  from space 5120K, 0% used [0x00000000ecf00000,0x00000000ecf00000,0x00000000ed400000)
  to   space 5120K, 0% used [0x00000000eca00000,0x00000000eca00000,0x00000000ecf00000)
 ParOldGen       total 84992K, used 0K [0x00000000c0000000, 0x00000000c5300000, 0x00000000eab00000)
  object space 84992K, 0% used [0x00000000c0000000,0x00000000c0000000,0x00000000c5300000)
 Metaspace       used 5995K, capacity 6896K, committed 7040K, reserved 1056768K
  class space    used 577K, capacity 616K, committed 640K, reserved 1048576K
Event: 2.100 GC heap after
Heap after GC invocations=1 (full 0):
 PSYoungGen      total 36864K, used 5091K [0x00000000eab00000, 0x00000000ed400000, 0x0000000100000000)
  eden space 31744K, 0% used [0x00000000eab00000,0x00000000eab00000,0x00000000eca00000)
  from space 5120K, 99% used [0x00000000eca00000,0x00000000ecef8ef8,0x00000000ecf00000)
  to   space 5120K, 0% used [0x00000000ecf00000,0x00000000ecf00000,0x00000000ed400000)
 ParOldGen       total 84992K, used 1620K [0x00000000c0000000, 0x00000000c5300000, 0x00000000eab00000)
  object space 84992K, 1% used [0x00000000c0000000,0x00000000c01951f0,0x00000000c5300000)
 Metaspace       used 5995K, capacity 6896K, committed 7040K, reserved 1056768K
  class space    used 577K, capacity 616K, committed 640K, reserved 1048576K
}

Deoptimization events (6 events):
Event: 0.358 Thread 0x0000000002430800 Uncommon trap: reason=unstable_if action=reinterpret pc=0x0000000002668d90 method=java.lang.String.indexOf(II)I @ 49
Event: 0.981 Thread 0x0000000016601800 Uncommon trap: reason=unstable_if action=reinterpret pc=0x00000000027449c4 method=java.util.HashMap.getNode(ILjava/lang/Object;)Ljava/util/HashMap$Node; @ 62
Event: 0.997 Thread 0x0000000016601800 Uncommon trap: reason=unstable_if action=reinterpret pc=0x0000000002743e30 method=java.util.BitSet.nextSetBit(I)I @ 87
Event: 1.104 Thread 0x0000000002430800 Uncommon trap: reason=unstable_if action=reinterpret pc=0x00000000027a9950 method=java.lang.String.<init>([CII)V @ 18
Event: 1.488 Thread 0x0000000016601800 Uncommon trap: reason=null_check action=make_not_entrant pc=0x00000000028dbadc method=com.android.dx.ssa.SsaRenamer.getLocalForNewReg(I)Lcom/android/dx/rop/code/LocalItem; @ 19
Event: 1.816 Thread 0x000000001659e000 Uncommon trap: reason=unstable_if action=reinterpret pc=0x000000000296b2bc method=com.android.dx.util.IntList.binarysearch(I)I @ 105

Internal exceptions (3 events):
Event: 0.040 Thread 0x0000000002430800 Exception <a 'java/lang/NoSuchMethodError': Method sun.misc.Unsafe.defineClass(Ljava/lang/String;[BII)Ljava/lang/Class; name or signature does not match> (0x00000000eab07cc0) thrown at [C:\src\android\AOSP-openjdk\external\jetbrains\jdk\hotspot\src\share\vª“/aK¤?
Event: 0.040 Thread 0x0000000002430800 Exception <a 'java/lang/NoSuchMethodError': Method sun.misc.Unsafe.prefetchRead(Ljava/lang/Object;J)V name or signature does not match> (0x00000000eab07fa8) thrown at [C:\src\android\AOSP-openjdk\external\jetbrains\jdk\hotspot\src\share\vm\prims\jni.cpp, lcA°JÎ÷?
Event: 1.488 Thread 0x0000000016601800 Implicit null exception at 0x00000000028d9415 to 0x00000000028dba95

Events (10 events):
Event: 1.816 Thread 0x000000001659e000 DEOPT PACKING pc=0x000000000296b2bc sp=0x0000000016bae970
Event: 1.816 Thread 0x000000001659e000 DEOPT UNPACKING pc=0x000000000257556a sp=0x0000000016bae8e8 mode 2
Event: 1.854 Executing VM operation: ParallelGCFailedAllocation
Event: 2.100 Executing VM operation: ParallelGCFailedAllocation done
Event: 2.342 Thread 0x0000000002430800 DEOPT PACKING pc=0x00000000027c49b5 sp=0x00000000023ee320
Event: 2.342 Thread 0x0000000002430800 DEOPT UNPACKING pc=0x00000000025775bf sp=0x00000000023ee100 mode 0
Event: 2.359 Thread 0x0000000002430800 DEOPT PACKING pc=0x00000000027c49b5 sp=0x00000000023ee4e0
Event: 2.359 Thread 0x0000000002430800 DEOPT UNPACKING pc=0x00000000025775bf sp=0x00000000023ee2d0 mode 0
Event: 2.380 Thread 0x000000001659f800 DEOPT PACKING pc=0x00000000027c49b5 sp=0x0000000016daef50
Event: 2.380 Thread 0x000000001659f800 DEOPT UNPACKING pc=0x00000000025775bf sp=0x0000000016daed40 mode 0


Dynamic libraries:
0x00007ff6beda0000 - 0x00007ff6bedd5000 	E:\Android\android-studio-ide-145.2915834-windows\jre\bin\java.exe
0x00007ffc71010000 - 0x00007ffc711d1000 	C:\Windows\SYSTEM32\ntdll.dll
0x00007ffc70e50000 - 0x00007ffc70efd000 	C:\Windows\system32\KERNEL32.DLL
0x00007ffc6da90000 - 0x00007ffc6dc78000 	C:\Windows\system32\KERNELBASE.dll
0x00007ffc6eb70000 - 0x00007ffc6ec17000 	C:\Windows\system32\ADVAPI32.dll
0x00007ffc70f00000 - 0x00007ffc70f9d000 	C:\Windows\system32\msvcrt.dll
0x00007ffc6eb10000 - 0x00007ffc6eb6b000 	C:\Windows\system32\sechost.dll
0x00007ffc6ec80000 - 0x00007ffc6ed9c000 	C:\Windows\system32\RPCRT4.dll
0x00007ffc6f0f0000 - 0x00007ffc6f246000 	C:\Windows\system32\USER32.dll
0x00007ffc70960000 - 0x00007ffc70ae6000 	C:\Windows\system32\GDI32.dll
0x00007ffc5ff30000 - 0x00007ffc601a4000 	C:\Windows\WinSxS\amd64_microsoft.windows.common-controls_6595b64144ccf1df_6.0.10586.0_none_8c15ae12515e1c22\COMCTL32.dll
0x00007ffc6eda0000 - 0x00007ffc6f01d000 	C:\Windows\system32\combase.dll
0x00007ffc6d9a0000 - 0x00007ffc6da0a000 	C:\Windows\system32\bcryptPrimitives.dll
0x00007ffc6ec20000 - 0x00007ffc6ec5b000 	C:\Windows\system32\IMM32.DLL
0x0000000075bc0000 - 0x0000000075c92000 	E:\Android\android-studio-ide-145.2915834-windows\jre\jre\bin\msvcr100.dll
0x0000000075ca0000 - 0x00000000764d4000 	E:\Android\android-studio-ide-145.2915834-windows\jre\jre\bin\server\jvm.dll
0x00007ffc70c70000 - 0x00007ffc70c78000 	C:\Windows\system32\PSAPI.DLL
0x00007ffc6bbe0000 - 0x00007ffc6bbe9000 	C:\Windows\SYSTEM32\WSOCK32.dll
0x00007ffc70af0000 - 0x00007ffc70b5b000 	C:\Windows\system32\WS2_32.dll
0x00007ffc6b5f0000 - 0x00007ffc6b613000 	C:\Windows\SYSTEM32\WINMM.dll
0x00007ffc62e40000 - 0x00007ffc62e4a000 	C:\Windows\SYSTEM32\VERSION.dll
0x00007ffc6b590000 - 0x00007ffc6b5bc000 	C:\Windows\SYSTEM32\WINMMBASE.dll
0x00007ffc6d780000 - 0x00007ffc6d7c3000 	C:\Windows\system32\cfgmgr32.dll
0x00007ffc6bbd0000 - 0x00007ffc6bbdf000 	E:\Android\android-studio-ide-145.2915834-windows\jre\jre\bin\verify.dll
0x00007ffc68150000 - 0x00007ffc68179000 	E:\Android\android-studio-ide-145.2915834-windows\jre\jre\bin\java.dll
0x00007ffc6ad40000 - 0x00007ffc6ad56000 	E:\Android\android-studio-ide-145.2915834-windows\jre\jre\bin\zip.dll
0x00007ffc6f400000 - 0x00007ffc7095c000 	C:\Windows\system32\SHELL32.dll
0x00007ffc6ddc0000 - 0x00007ffc6e405000 	C:\Windows\system32\windows.storage.dll
0x00007ffc70c80000 - 0x00007ffc70cd2000 	C:\Windows\system32\shlwapi.dll
0x00007ffc6d660000 - 0x00007ffc6d66f000 	C:\Windows\system32\kernel.appcore.dll
0x00007ffc6d6c0000 - 0x00007ffc6d775000 	C:\Windows\system32\shcore.dll
0x00007ffc6d670000 - 0x00007ffc6d6bb000 	C:\Windows\system32\powrprof.dll
0x00007ffc6d630000 - 0x00007ffc6d644000 	C:\Windows\system32\profapi.dll

VM Arguments:
jvm_args: -Djava.awt.headless=true -Xmx1024M -Dfile.encoding=GBK -Duser.country=CN -Duser.language=zh -Duser.variant 
java_command: com.android.dx.command.Main --dex --num-threads=4 --output E:\Teapopo\app\build\intermediates\pre-dexed\debug\picasso-2.5.2_1d027ac49ff492889decfd629f6d3d6ea91703f5.jar C:\Users\lhq\.gradle\caches\modules-2\files-2.1\com.squareup.picasso\picasso\2.5.2\7446d06ec8d4f7ffcc53f1da37c95f200dcb9387\picasso-2.5.2.jar
java_class_path (initial): C:\Users\lhq\AppData\Local\Android\sdk\build-tools\23.0.3\lib\dx.jar
Launcher Type: SUN_STANDARD

Environment Variables:
JAVA_HOME=C:\Program Files\Java\jdk1.8.0_91
PATH=C:\ProgramData\Oracle\Java\javapath;C:\Windows\system32;C:\Windows;C:\Windows\System32\Wbem;C:\Windows\System32\WindowsPowerShell\v1.0\;C:\Users\lhq\AppData\Local\Android\sdk\platform-tools;C:\Users\lhq\AppData\Local\Android\sdk\tools;C:\Program Files\Java\jdk1.8.0_91\bin;C:\Program Files\Java\jdk1.8.0_91\jre\bin
USERNAME=lhq
OS=Windows_NT
PROCESSOR_IDENTIFIER=Intel64 Family 6 Model 69 Stepping 1, GenuineIntel



---------------  S Y S T E M  ---------------

OS: Windows 10.0 , 64 bit Build 10586 (10.0.10586.0)

CPU:total 4 (2 cores per cpu, 2 threads per core) family 6 model 69 stepping 1, cmov, cx8, fxsr, mmx, sse, sse2, sse3, ssse3, sse4.1, sse4.2, popcnt, avx, avx2, aes, clmul, erms, lzcnt, ht, tsc, tscinvbit, bmi1, bmi2

Memory: 4k page, physical 8067548k(1081700k free), swap 8067548k(5456k free)

vm_info: OpenJDK 64-Bit Server VM (25.76-b01) for windows-amd64 JRE (1.8.0_76-release-b01), built on May 12 2016 23:29:00 by "ralucas" with MS VC++ 10.0 (VS2010)

time: Mon Jul 04 09:54:01 2016
elapsed time: 2 seconds (0d 0h 0m 2s)

