#
# There is insufficient memory for the Java Runtime Environment to continue.
# Native memory allocation (malloc) failed to allocate 32744 bytes for ChunkPool::allocate
# Possible reasons:
#   The system is out of physical RAM or swap space
#   In 32 bit mode, the process size limit was hit
# Possible solutions:
#   Reduce memory load on the system
#   Increase physical memory or swap space
#   Check if swap backing store is full
#   Use 64 bit Java on a 64 bit OS
#   Decrease Java heap size (-Xmx/-Xms)
#   Decrease number of Java threads
#   Decrease Java thread stack sizes (-Xss)
#   Set larger code cache with -XX:ReservedCodeCacheSize=
# This output file may be truncated or incomplete.
#
#  Out of Memory Error (allocation.cpp:273), pid=66084, tid=0x00000000000101bc
#
# JRE version: OpenJDK Runtime Environment (8.0_76-b01) (build 1.8.0_76-release-b01)
# Java VM: OpenJDK 64-Bit Server VM (25.76-b01 mixed mode windows-amd64 compressed oops)
# Failed to write core dump. Minidumps are not enabled by default on client versions of Windows
#

---------------  T H R E A D  ---------------

Current thread (0x000000001636a000):  JavaThread "C2 CompilerThread1" daemon [_thread_in_native, id=65980, stack(0x0000000016720000,0x0000000016820000)]

Stack: [0x0000000016720000,0x0000000016820000]
[error occurred during error reporting (printing stack bounds), id 0xc0000005]

Native frames: (J=compiled Java code, j=interpreted, Vv=VM code, C=native code)


Current CompileTask:
C2:    774  534       4       com.android.dx.util.IntList::add (65 bytes)


---------------  P R O C E S S  ---------------

Java Threads: ( => current thread )
  0x000000001659e800 JavaThread "pool-1-thread-4" [_thread_in_Java, id=29176, stack(0x0000000016f20000,0x0000000017020000)]
  0x000000001659d000 JavaThread "pool-1-thread-3" [_thread_blocked, id=66492, stack(0x0000000016e20000,0x0000000016f20000)]
  0x000000001659b800 JavaThread "pool-1-thread-2" [_thread_in_Java, id=65520, stack(0x0000000016d20000,0x0000000016e20000)]
  0x0000000016597000 JavaThread "pool-2-thread-1" [_thread_blocked, id=64824, stack(0x0000000016c20000,0x0000000016d20000)]
  0x0000000016596000 JavaThread "pool-1-thread-1" [_thread_in_vm, id=64548, stack(0x0000000016b20000,0x0000000016c20000)]
  0x0000000016386800 JavaThread "Service Thread" daemon [_thread_blocked, id=65896, stack(0x0000000016920000,0x0000000016a20000)]
  0x0000000016380000 JavaThread "C1 CompilerThread2" daemon [_thread_in_native, id=65848, stack(0x0000000016820000,0x0000000016920000)]
=>0x000000001636a000 JavaThread "C2 CompilerThread1" daemon [_thread_in_native, id=65980, stack(0x0000000016720000,0x0000000016820000)]
  0x0000000014d17000 JavaThread "C2 CompilerThread0" daemon [_thread_in_native, id=65600, stack(0x0000000016220000,0x0000000016320000)]
  0x0000000014ccc800 JavaThread "Attach Listener" daemon [_thread_blocked, id=66380, stack(0x0000000016120000,0x0000000016220000)]
  0x0000000014ccb000 JavaThread "Signal Dispatcher" daemon [_thread_blocked, id=66120, stack(0x0000000016020000,0x0000000016120000)]
  0x00000000024ea000 JavaThread "Finalizer" daemon [_thread_blocked, id=65212, stack(0x0000000015f20000,0x0000000016020000)]
  0x00000000024e0000 JavaThread "Reference Handler" daemon [_thread_blocked, id=64712, stack(0x0000000015e20000,0x0000000015f20000)]
  0x00000000023f0800 JavaThread "main" [_thread_blocked, id=65676, stack(0x0000000001f40000,0x0000000002040000)]

Other Threads:
  0x0000000014c85800 VMThread [stack: 0x0000000015d20000,0x0000000015e20000] [id=64772]
  0x000000001638a000 WatcherThread [stack: 0x0000000016a20000,0x0000000016b20000] [id=64776]

VM state:not at safepoint (normal execution)

VM Mutex/Monitor currently owned by a thread: None

Heap:
 PSYoungGen      total 36864K, used 12396K [0x00000000eab00000, 0x00000000ed400000, 0x0000000100000000)
  eden space 31744K, 39% used [0x00000000eab00000,0x00000000eb71b1a8,0x00000000eca00000)
  from space 5120K, 0% used [0x00000000ecf00000,0x00000000ecf00000,0x00000000ed400000)
  to   space 5120K, 0% used [0x00000000eca00000,0x00000000eca00000,0x00000000ecf00000)
 ParOldGen       total 84992K, used 0K [0x00000000c0000000, 0x00000000c5300000, 0x00000000eab00000)
  object space 84992K, 0% used [0x00000000c0000000,0x00000000c0000000,0x00000000c5300000)
 Metaspace       used 5416K, capacity 6448K, committed 6528K, reserved 1056768K
  class space    used 569K, capacity 616K, committed 640K, reserved 1048576K

Card table byte_map: [0x00000000119b0000,0x0000000011bc0000] byte_map_base: 0x00000000113b0000

Marking Bits: (ParMarkBitMap*) 0x0000000076459d00
 Begin Bits: [0x0000000012120000, 0x0000000013120000)
 End Bits:   [0x0000000013120000, 0x0000000014120000)

Polling page: 0x0000000002040000

CodeCache: size=245760Kb used=2044Kb max_used=2055Kb free=243715Kb
 bounds [0x00000000025f0000, 0x0000000002860000, 0x00000000115f0000]
 total_blobs=790 nmethods=520 adapters=184
 compilation: enabled

Compilation events (10 events):
Event: 0.765 Thread 0x0000000016380000 nmethod 523 0x00000000027ec510 code [0x00000000027ec6a0, 0x00000000027ecb08]
Event: 0.765 Thread 0x0000000016380000  524       3       com.android.dx.ssa.SsaMethod::updateOneDefinition (70 bytes)
Event: 0.766 Thread 0x000000001636a000  527       4       java.util.Arrays::copyOfRange (63 bytes)
Event: 0.766 Thread 0x0000000016380000 nmethod 524 0x00000000027ef4d0 code [0x00000000027ef680, 0x00000000027efea8]
Event: 0.766 Thread 0x0000000016380000  515   !   3       com.android.dx.cf.code.BytecodeArray::parseInstruction (2764 bytes)
Event: 0.768 Thread 0x0000000014d17000  530       4       com.android.dx.util.MutabilityControl::<init> (10 bytes)
Event: 0.768 Thread 0x000000001636a000 nmethod 527 0x00000000027ec050 code [0x00000000027ec1a0, 0x00000000027ec3b8]
Event: 0.769 Thread 0x0000000014d17000 nmethod 530 0x00000000027f01d0 code [0x00000000027f0300, 0x00000000027f0358]
Event: 0.771 Thread 0x000000001636a000  534       4       com.android.dx.util.IntList::add (65 bytes)
Event: 0.771 Thread 0x0000000014d17000  535       4       com.android.dx.util.IntList::growIfNeeded (46 bytes)

GC Heap History (0 events):
No events

Deoptimization events (2 events):
Event: 0.406 Thread 0x00000000023f0800 Uncommon trap: reason=unstable_if action=reinterpret pc=0x0000000002727a94 method=java.lang.String.indexOf(II)I @ 49
Event: 0.771 Thread 0x0000000016596000 Uncommon trap: reason=unstable_if action=reinterpret pc=0x00000000027d5fc4 method=java.util.HashMap.getNode(ILjava/lang/Object;)Ljava/util/HashMap$Node; @ 62

Internal exceptions (2 events):
Event: 0.102 Thread 0x00000000023f0800 Exception <a 'java/lang/NoSuchMethodError': Method sun.misc.Unsafe.defineClass(Ljava/lang/String;[BII)Ljava/lang/Class; name or signature does not match> (0x00000000eab07cc0) thrown at [C:\src\android\AOSP-openjdk\external\jetbrains\jdk\hotspot\src\share\vdû¥¹çº?
Event: 0.102 Thread 0x00000000023f0800 Exception <a 'java/lang/NoSuchMethodError': Method sun.misc.Unsafe.prefetchRead(Ljava/lang/Object;J)V name or signature does not match> (0x00000000eab07fa8) thrown at [C:\src\android\AOSP-openjdk\external\jetbrains\jdk\hotspot\src\share\vm\prims\jni.cpp, l

Events (10 events):
Event: 0.747 loading class com/android/dx/ssa/back/FirstFitLocalCombiningAllocator$Multiset done
Event: 0.766 loading class com/android/dx/cf/code/Ropper$ExceptionHandlerSetup
Event: 0.766 loading class com/android/dx/cf/code/Ropper$ExceptionHandlerSetup done
Event: 0.771 Thread 0x0000000016596000 Uncommon trap: trap_request=0xffffff65 fr.pc=0x00000000027d5fc4
Event: 0.771 Thread 0x0000000016596000 DEOPT PACKING pc=0x00000000027d5fc4 sp=0x0000000016c1e6a0
Event: 0.771 Thread 0x0000000016596000 DEOPT UNPACKING pc=0x000000000263556a sp=0x0000000016c1e618 mode 2
Event: 0.771 loading class java/util/HashMap$Values
Event: 0.771 loading class java/util/HashMap$Values done
Event: 0.771 loading class java/util/HashMap$ValueIterator
Event: 0.771 loading class java/util/HashMap$ValueIterator done


Dynamic libraries:
0x00007ff6beda0000 - 0x00007ff6bedd5000 	E:\Android\android-studio-ide-145.2915834-windows\jre\bin\java.exe
0x00007ffc71010000 - 0x00007ffc711d1000 	C:\Windows\SYSTEM32\ntdll.dll
0x00007ffc70e50000 - 0x00007ffc70efd000 	C:\Windows\system32\KERNEL32.DLL
0x00007ffc6da90000 - 0x00007ffc6dc78000 	C:\Windows\system32\KERNELBASE.dll
0x00007ffc6eb70000 - 0x00007ffc6ec17000 	C:\Windows\system32\ADVAPI32.dll
0x00007ffc70f00000 - 0x00007ffc70f9d000 	C:\Windows\system32\msvcrt.dll
0x00007ffc6eb10000 - 0x00007ffc6eb6b000 	C:\Windows\system32\sechost.dll
0x00007ffc6ec80000 - 0x00007ffc6ed9c000 	C:\Windows\system32\RPCRT4.dll
0x00007ffc6f0f0000 - 0x00007ffc6f246000 	C:\Windows\system32\USER32.dll
0x00007ffc70960000 - 0x00007ffc70ae6000 	C:\Windows\system32\GDI32.dll
0x00007ffc5ff30000 - 0x00007ffc601a4000 	C:\Windows\WinSxS\amd64_microsoft.windows.common-controls_6595b64144ccf1df_6.0.10586.0_none_8c15ae12515e1c22\COMCTL32.dll
0x00007ffc6eda0000 - 0x00007ffc6f01d000 	C:\Windows\system32\combase.dll
0x00007ffc6d9a0000 - 0x00007ffc6da0a000 	C:\Windows\system32\bcryptPrimitives.dll
0x00007ffc6ec20000 - 0x00007ffc6ec5b000 	C:\Windows\system32\IMM32.DLL
0x0000000075bc0000 - 0x0000000075c92000 	E:\Android\android-studio-ide-145.2915834-windows\jre\jre\bin\msvcr100.dll
0x0000000075ca0000 - 0x00000000764d4000 	E:\Android\android-studio-ide-145.2915834-windows\jre\jre\bin\server\jvm.dll
0x00007ffc70c70000 - 0x00007ffc70c78000 	C:\Windows\system32\PSAPI.DLL
0x00007ffc6bc20000 - 0x00007ffc6bc29000 	C:\Windows\SYSTEM32\WSOCK32.dll
0x00007ffc70af0000 - 0x00007ffc70b5b000 	C:\Windows\system32\WS2_32.dll
0x00007ffc6b5f0000 - 0x00007ffc6b613000 	C:\Windows\SYSTEM32\WINMM.dll
0x00007ffc62e40000 - 0x00007ffc62e4a000 	C:\Windows\SYSTEM32\VERSION.dll
0x00007ffc6b590000 - 0x00007ffc6b5bc000 	C:\Windows\SYSTEM32\WINMMBASE.dll
0x00007ffc6d780000 - 0x00007ffc6d7c3000 	C:\Windows\system32\cfgmgr32.dll
0x00007ffc6bc10000 - 0x00007ffc6bc1f000 	E:\Android\android-studio-ide-145.2915834-windows\jre\jre\bin\verify.dll
0x00007ffc68150000 - 0x00007ffc68179000 	E:\Android\android-studio-ide-145.2915834-windows\jre\jre\bin\java.dll
0x00007ffc6bbd0000 - 0x00007ffc6bbe6000 	E:\Android\android-studio-ide-145.2915834-windows\jre\jre\bin\zip.dll
0x00007ffc6f400000 - 0x00007ffc7095c000 	C:\Windows\system32\SHELL32.dll
0x00007ffc6ddc0000 - 0x00007ffc6e405000 	C:\Windows\system32\windows.storage.dll
0x00007ffc70c80000 - 0x00007ffc70cd2000 	C:\Windows\system32\shlwapi.dll
0x00007ffc6d660000 - 0x00007ffc6d66f000 	C:\Windows\system32\kernel.appcore.dll
0x00007ffc6d6c0000 - 0x00007ffc6d775000 	C:\Windows\system32\shcore.dll
0x00007ffc6d670000 - 0x00007ffc6d6bb000 	C:\Windows\system32\powrprof.dll
0x00007ffc6d630000 - 0x00007ffc6d644000 	C:\Windows\system32\profapi.dll

VM Arguments:
jvm_args: -Djava.awt.headless=true -Xmx1024M -Dfile.encoding=GBK -Duser.country=CN -Duser.language=zh -Duser.variant 
java_command: com.android.dx.command.Main --dex --num-threads=4 --output E:\Teapopo\app\build\intermediates\pre-dexed\debug\ShareSDK-Douban-2.7.1_f89b58cabeb9757a407eb5b34593b08f9fb69a6f.jar E:\Teapopo\app\libs\ShareSDK-Douban-2.7.1.jar
java_class_path (initial): C:\Users\lhq\AppData\Local\Android\sdk\build-tools\23.0.3\lib\dx.jar
Launcher Type: SUN_STANDARD

Environment Variables:
JAVA_HOME=C:\Program Files\Java\jdk1.8.0_91
PATH=C:\ProgramData\Oracle\Java\javapath;C:\Windows\system32;C:\Windows;C:\Windows\System32\Wbem;C:\Windows\System32\WindowsPowerShell\v1.0\;C:\Users\lhq\AppData\Local\Android\sdk\platform-tools;C:\Users\lhq\AppData\Local\Android\sdk\tools;C:\Program Files\Java\jdk1.8.0_91\bin;C:\Program Files\Java\jdk1.8.0_91\jre\bin
USERNAME=lhq
OS=Windows_NT
PROCESSOR_IDENTIFIER=Intel64 Family 6 Model 69 Stepping 1, GenuineIntel



---------------  S Y S T E M  ---------------

OS: Windows 10.0 , 64 bit Build 10586 (10.0.10586.0)

CPU:total 4 (2 cores per cpu, 2 threads per core) family 6 model 69 stepping 1, cmov, cx8, fxsr, mmx, sse, sse2, sse3, ssse3, sse4.1, sse4.2, popcnt, avx, avx2, aes, clmul, erms, lzcnt, ht, tsc, tscinvbit, bmi1, bmi2

Memory: 4k page, physical 8067548k(1250308k free), swap 8067548k(5120k free)

vm_info: OpenJDK 64-Bit Server VM (25.76-b01) for windows-amd64 JRE (1.8.0_76-release-b01), built on May 12 2016 23:29:00 by "ralucas" with MS VC++ 10.0 (VS2010)

time: Mon Jul 04 16:19:17 2016
elapsed time: 0 seconds (0d 0h 0m 0s)

