#
# There is insufficient memory for the Java Runtime Environment to continue.
# Native memory allocation (malloc) failed to allocate 32744 bytes for ChunkPool::allocate
# Possible reasons:
#   The system is out of physical RAM or swap space
#   In 32 bit mode, the process size limit was hit
# Possible solutions:
#   Reduce memory load on the system
#   Increase physical memory or swap space
#   Check if swap backing store is full
#   Use 64 bit Java on a 64 bit OS
#   Decrease Java heap size (-Xmx/-Xms)
#   Decrease number of Java threads
#   Decrease Java thread stack sizes (-Xss)
#   Set larger code cache with -XX:ReservedCodeCacheSize=
# This output file may be truncated or incomplete.
#
#  Out of Memory Error (allocation.cpp:273), pid=102584, tid=0x000000000001902c
#
# JRE version: OpenJDK Runtime Environment (8.0_76-b01) (build 1.8.0_76-release-b01)
# Java VM: OpenJDK 64-Bit Server VM (25.76-b01 mixed mode windows-amd64 compressed oops)
# Failed to write core dump. Minidumps are not enabled by default on client versions of Windows
#

---------------  T H R E A D  ---------------

Current thread (0x000000001608b800):  JavaThread "C2 CompilerThread1" daemon [_thread_in_native, id=102444, stack(0x0000000016730000,0x0000000016830000)]

Stack: [0x0000000016730000,0x0000000016830000]
[error occurred during error reporting (printing stack bounds), id 0xc0000005]

Native frames: (J=compiled Java code, j=interpreted, Vv=VM code, C=native code)


Current CompileTask:
C2:   1881 1565       4       com.android.dx.ssa.SCCP::simulateStmt (481 bytes)


---------------  P R O C E S S  ---------------

Java Threads: ( => current thread )
  0x0000000016034000 JavaThread "pool-1-thread-4" [_thread_blocked, id=102964, stack(0x0000000016f30000,0x0000000017030000)]
  0x0000000016033800 JavaThread "pool-1-thread-3" [_thread_blocked, id=102980, stack(0x0000000016e30000,0x0000000016f30000)]
  0x0000000016035800 JavaThread "pool-1-thread-2" [_thread_blocked, id=102508, stack(0x0000000016d30000,0x0000000016e30000)]
  0x0000000016031000 JavaThread "pool-2-thread-1" [_thread_blocked, id=100692, stack(0x0000000016c30000,0x0000000016d30000)]
  0x0000000016030800 JavaThread "pool-1-thread-1" [_thread_blocked, id=102484, stack(0x0000000016b30000,0x0000000016c30000)]
  0x0000000016032800 JavaThread "Service Thread" daemon [_thread_blocked, id=103192, stack(0x0000000016930000,0x0000000016a30000)]
  0x000000001608e800 JavaThread "C1 CompilerThread2" daemon [_thread_blocked, id=102540, stack(0x0000000016830000,0x0000000016930000)]
=>0x000000001608b800 JavaThread "C2 CompilerThread1" daemon [_thread_in_native, id=102444, stack(0x0000000016730000,0x0000000016830000)]
  0x0000000016039800 JavaThread "C2 CompilerThread0" daemon [_thread_in_native, id=100468, stack(0x0000000016630000,0x0000000016730000)]
  0x0000000016032000 JavaThread "Attach Listener" daemon [_thread_blocked, id=40828, stack(0x0000000016530000,0x0000000016630000)]
  0x0000000016037000 JavaThread "Signal Dispatcher" daemon [_thread_blocked, id=102680, stack(0x0000000016430000,0x0000000016530000)]
  0x00000000025da000 JavaThread "Finalizer" daemon [_thread_blocked, id=103160, stack(0x0000000015f30000,0x0000000016030000)]
  0x00000000025d0000 JavaThread "Reference Handler" daemon [_thread_blocked, id=103048, stack(0x0000000015e30000,0x0000000015f30000)]
  0x00000000024e0800 JavaThread "main" [_thread_in_native, id=102412, stack(0x00000000022e0000,0x00000000023e0000)]

Other Threads:
  0x0000000014c75800 VMThread [stack: 0x0000000015d30000,0x0000000015e30000] [id=103340]
  0x0000000016098000 WatcherThread [stack: 0x0000000016a30000,0x0000000016b30000] [id=102800]

VM state:not at safepoint (normal execution)

VM Mutex/Monitor currently owned by a thread: None

Heap:
 PSYoungGen      total 36864K, used 30923K [0x00000000eab00000, 0x00000000ed400000, 0x0000000100000000)
  eden space 31744K, 81% used [0x00000000eab00000,0x00000000ec438850,0x00000000eca00000)
  from space 5120K, 99% used [0x00000000eca00000,0x00000000ecefa6b0,0x00000000ecf00000)
  to   space 5120K, 0% used [0x00000000ecf00000,0x00000000ecf00000,0x00000000ed400000)
 ParOldGen       total 84992K, used 4361K [0x00000000c0000000, 0x00000000c5300000, 0x00000000eab00000)
  object space 84992K, 5% used [0x00000000c0000000,0x00000000c0442750,0x00000000c5300000)
 Metaspace       used 6013K, capacity 7088K, committed 7296K, reserved 1056768K
  class space    used 565K, capacity 616K, committed 640K, reserved 1048576K

Card table byte_map: [0x00000000119a0000,0x0000000011bb0000] byte_map_base: 0x00000000113a0000

Marking Bits: (ParMarkBitMap*) 0x000000005f499d00
 Begin Bits: [0x0000000012110000, 0x0000000013110000)
 End Bits:   [0x0000000013110000, 0x0000000014110000)

Polling page: 0x0000000001e40000

CodeCache: size=245760Kb used=6298Kb max_used=6311Kb free=239461Kb
 bounds [0x00000000025e0000, 0x0000000002c20000, 0x00000000115e0000]
 total_blobs=1816 nmethods=1553 adapters=177
 compilation: enabled

Compilation events (10 events):
Event: 1.813 Thread 0x000000001608e800 1561       3       com.android.dx.ssa.Dominators::<init> (55 bytes)
Event: 1.813 Thread 0x000000001608e800 nmethod 1561 0x0000000002bfbfd0 code [0x0000000002bfc160, 0x0000000002bfc6b0]
Event: 1.816 Thread 0x000000001608b800 nmethod 1558 0x0000000002c03c10 code [0x0000000002c03d60, 0x0000000002c03fb8]
Event: 1.816 Thread 0x000000001608b800 1560       4       com.android.dx.ssa.SsaBasicBlock::getCountPhiInsns (45 bytes)
Event: 1.820 Thread 0x000000001608b800 nmethod 1560 0x0000000002bfa410 code [0x0000000002bfa560, 0x0000000002bfa798]
Event: 1.820 Thread 0x000000001608b800 1559       4       com.android.dx.util.FixedSizeList::hashCode (8 bytes)
Event: 1.820 Thread 0x000000001608e800 1564       1       com.android.dx.cf.code.Ropper$ExceptionHandlerSetup::getCaughtType (5 bytes)
Event: 1.820 Thread 0x000000001608e800 nmethod 1564 0x0000000002bfbd10 code [0x0000000002bfbe60, 0x0000000002bfbf70]
Event: 1.825 Thread 0x000000001608b800 nmethod 1559 0x0000000002c03610 code [0x0000000002c03760, 0x0000000002c039d8]
Event: 1.825 Thread 0x000000001608b800 1565       4       com.android.dx.ssa.SCCP::simulateStmt (481 bytes)

GC Heap History (2 events):
Event: 1.280 GC heap before
{Heap before GC invocations=1 (full 0):
 PSYoungGen      total 36864K, used 31744K [0x00000000eab00000, 0x00000000ed400000, 0x0000000100000000)
  eden space 31744K, 100% used [0x00000000eab00000,0x00000000eca00000,0x00000000eca00000)
  from space 5120K, 0% used [0x00000000ecf00000,0x00000000ecf00000,0x00000000ed400000)
  to   space 5120K, 0% used [0x00000000eca00000,0x00000000eca00000,0x00000000ecf00000)
 ParOldGen       total 84992K, used 0K [0x00000000c0000000, 0x00000000c5300000, 0x00000000eab00000)
  object space 84992K, 0% used [0x00000000c0000000,0x00000000c0000000,0x00000000c5300000)
 Metaspace       used 5768K, capacity 6896K, committed 7040K, reserved 1056768K
  class space    used 556K, capacity 616K, committed 640K, reserved 1048576K
Event: 1.315 GC heap after
Heap after GC invocations=1 (full 0):
 PSYoungGen      total 36864K, used 5097K [0x00000000eab00000, 0x00000000ed400000, 0x0000000100000000)
  eden space 31744K, 0% used [0x00000000eab00000,0x00000000eab00000,0x00000000eca00000)
  from space 5120K, 99% used [0x00000000eca00000,0x00000000ecefa6b0,0x00000000ecf00000)
  to   space 5120K, 0% used [0x00000000ecf00000,0x00000000ecf00000,0x00000000ed400000)
 ParOldGen       total 84992K, used 4361K [0x00000000c0000000, 0x00000000c5300000, 0x00000000eab00000)
  object space 84992K, 5% used [0x00000000c0000000,0x00000000c0442750,0x00000000c5300000)
 Metaspace       used 5768K, capacity 6896K, committed 7040K, reserved 1056768K
  class space    used 556K, capacity 616K, committed 640K, reserved 1048576K
}

Deoptimization events (10 events):
Event: 1.358 Thread 0x0000000016033800 Uncommon trap: reason=class_check action=maybe_recompile pc=0x0000000002a084a8 method=com.android.dx.rop.type.Type.equals(Ljava/lang/Object;)Z @ 8
Event: 1.358 Thread 0x0000000016033800 Uncommon trap: reason=class_check action=maybe_recompile pc=0x0000000002a084a8 method=com.android.dx.rop.type.Type.equals(Ljava/lang/Object;)Z @ 8
Event: 1.358 Thread 0x0000000016033800 Uncommon trap: reason=class_check action=maybe_recompile pc=0x0000000002a084a8 method=com.android.dx.rop.type.Type.equals(Ljava/lang/Object;)Z @ 8
Event: 1.394 Thread 0x0000000016035800 Uncommon trap: reason=unstable_if action=reinterpret pc=0x0000000002800ef4 method=java.util.BitSet.ensureCapacity(I)V @ 6
Event: 1.404 Thread 0x0000000016033800 Uncommon trap: reason=class_check action=maybe_recompile pc=0x0000000002a16fec method=com.android.dx.cf.code.BytecodeArray.parseInstruction(ILcom/android/dx/cf/code/BytecodeArray$Visitor;)I @ 2062
Event: 1.436 Thread 0x0000000016035800 Uncommon trap: reason=unstable_if action=reinterpret pc=0x0000000002b22ff4 method=com.android.dx.rop.code.RegisterSpecSet.put(Lcom/android/dx/rop/code/RegisterSpec;)V @ 77
Event: 1.445 Thread 0x0000000016034000 Uncommon trap: reason=unstable_if action=reinterpret pc=0x0000000002934c98 method=com.android.dx.rop.code.RegisterSpec.equals(ILcom/android/dx/rop/type/TypeBearer;Lcom/android/dx/rop/code/LocalItem;)Z @ 16
Event: 1.448 Thread 0x0000000016034000 Uncommon trap: reason=unstable_if action=reinterpret pc=0x0000000002b34138 method=com.android.dx.cf.code.Ropper.labelToResultIndex(I)I @ 34
Event: 1.462 Thread 0x0000000016035800 Uncommon trap: reason=unstable_if action=reinterpret pc=0x000000000277741c method=com.android.dx.rop.cst.Constant.compareTo(Lcom/android/dx/rop/cst/Constant;)I @ 12
Event: 1.676 Thread 0x0000000016033800 Uncommon trap: reason=null_check action=make_not_entrant pc=0x0000000002b8e1bc method=com.android.dx.ssa.SsaRenamer.getLocalForNewReg(I)Lcom/android/dx/rop/code/LocalItem; @ 19

Internal exceptions (3 events):
Event: 0.197 Thread 0x00000000024e0800 Exception <a 'java/lang/NoSuchMethodError': Method sun.misc.Unsafe.defineClass(Ljava/lang/String;[BII)Ljava/lang/Class; name or signature does not match> (0x00000000eab07cc0) thrown at [C:\src\android\AOSP-openjdk\external\jetbrains\jdk\hotspot\src\share\vèµ¢ÛÎ1…?
Event: 0.197 Thread 0x00000000024e0800 Exception <a 'java/lang/NoSuchMethodError': Method sun.misc.Unsafe.prefetchRead(Ljava/lang/Object;J)V name or signature does not match> (0x00000000eab07fa8) thrown at [C:\src\android\AOSP-openjdk\external\jetbrains\jdk\hotspot\src\share\vm\prims\jni.cpp, lc±Ω“˙?
Event: 1.676 Thread 0x0000000016033800 Implicit null exception at 0x0000000002b8cb4e to 0x0000000002b8e195

Events (10 events):
Event: 1.521 Thread 0x00000000024e0800 DEOPT UNPACKING pc=0x00000000026275bf sp=0x00000000023dd8a8 mode 0
Event: 1.676 Thread 0x0000000016033800 Uncommon trap: trap_request=0xfffffff4 fr.pc=0x0000000002b8e1bc
Event: 1.676 Thread 0x0000000016033800 DEOPT PACKING pc=0x0000000002b8e1bc sp=0x0000000016f2ec50
Event: 1.677 Thread 0x0000000016033800 DEOPT UNPACKING pc=0x000000000262556a sp=0x0000000016f2eae8 mode 2
Event: 1.694 Thread 0x0000000016030800 DEOPT PACKING pc=0x0000000002b4cb42 sp=0x0000000016c2e940
Event: 1.694 Thread 0x0000000016030800 DEOPT UNPACKING pc=0x00000000026275bf sp=0x0000000016c2e6a8 mode 0
Event: 1.742 Thread 0x0000000016035800 DEOPT PACKING pc=0x0000000002b4cb42 sp=0x0000000016e2ebf0
Event: 1.742 Thread 0x0000000016035800 DEOPT UNPACKING pc=0x00000000026275bf sp=0x0000000016e2e958 mode 0
Event: 1.769 Executing VM operation: ForceSafepoint
Event: 1.770 Executing VM operation: ForceSafepoint done


Dynamic libraries:
0x00007ff6a3010000 - 0x00007ff6a3045000 	E:\Android\android-studio-ide-145.2915834-windows\jre\bin\java.exe
0x00007ffecf410000 - 0x00007ffecf5d1000 	C:\Windows\SYSTEM32\ntdll.dll
0x00007ffecef70000 - 0x00007ffecf01d000 	C:\Windows\system32\KERNEL32.DLL
0x00007ffecc330000 - 0x00007ffecc518000 	C:\Windows\system32\KERNELBASE.dll
0x00007ffecc9e0000 - 0x00007ffecca87000 	C:\Windows\system32\ADVAPI32.dll
0x00007ffece4c0000 - 0x00007ffece55d000 	C:\Windows\system32\msvcrt.dll
0x00007ffeccd10000 - 0x00007ffeccd6b000 	C:\Windows\system32\sechost.dll
0x00007ffece730000 - 0x00007ffece84c000 	C:\Windows\system32\RPCRT4.dll
0x00007ffece920000 - 0x00007ffecea76000 	C:\Windows\system32\USER32.dll
0x00007ffeccd90000 - 0x00007ffeccf16000 	C:\Windows\system32\GDI32.dll
0x00007ffebe600000 - 0x00007ffebe874000 	C:\Windows\WinSxS\amd64_microsoft.windows.common-controls_6595b64144ccf1df_6.0.10586.0_none_8c15ae12515e1c22\COMCTL32.dll
0x00007ffecca90000 - 0x00007ffeccd0d000 	C:\Windows\system32\combase.dll
0x00007ffecc520000 - 0x00007ffecc58a000 	C:\Windows\system32\bcryptPrimitives.dll
0x00007ffeccf20000 - 0x00007ffeccf5b000 	C:\Windows\system32\IMM32.DLL
0x00000000600f0000 - 0x00000000601c2000 	E:\Android\android-studio-ide-145.2915834-windows\jre\jre\bin\msvcr100.dll
0x000000005ece0000 - 0x000000005f514000 	E:\Android\android-studio-ide-145.2915834-windows\jre\jre\bin\server\jvm.dll
0x00007ffecf1d0000 - 0x00007ffecf1d8000 	C:\Windows\system32\PSAPI.DLL
0x00007ffec9c20000 - 0x00007ffec9c29000 	C:\Windows\SYSTEM32\WSOCK32.dll
0x00007ffece560000 - 0x00007ffece5cb000 	C:\Windows\system32\WS2_32.dll
0x00007ffec9d40000 - 0x00007ffec9d63000 	C:\Windows\SYSTEM32\WINMM.dll
0x00007ffec1700000 - 0x00007ffec170a000 	C:\Windows\SYSTEM32\VERSION.dll
0x00007ffec9bf0000 - 0x00007ffec9c1c000 	C:\Windows\SYSTEM32\WINMMBASE.dll
0x00007ffecbbd0000 - 0x00007ffecbc13000 	C:\Windows\system32\cfgmgr32.dll
0x00007ffec8ed0000 - 0x00007ffec8edf000 	E:\Android\android-studio-ide-145.2915834-windows\jre\jre\bin\verify.dll
0x00007ffec8d20000 - 0x00007ffec8d49000 	E:\Android\android-studio-ide-145.2915834-windows\jre\jre\bin\java.dll
0x00007ffec8d00000 - 0x00007ffec8d16000 	E:\Android\android-studio-ide-145.2915834-windows\jre\jre\bin\zip.dll
0x00007ffeccf60000 - 0x00007ffece4bc000 	C:\Windows\system32\SHELL32.dll
0x00007ffecbce0000 - 0x00007ffecc325000 	C:\Windows\system32\windows.storage.dll
0x00007ffecea80000 - 0x00007ffecead2000 	C:\Windows\system32\shlwapi.dll
0x00007ffecba90000 - 0x00007ffecba9f000 	C:\Windows\system32\kernel.appcore.dll
0x00007ffecbc20000 - 0x00007ffecbcd5000 	C:\Windows\system32\shcore.dll
0x00007ffecba30000 - 0x00007ffecba7b000 	C:\Windows\system32\powrprof.dll
0x00007ffecbaa0000 - 0x00007ffecbab4000 	C:\Windows\system32\profapi.dll

VM Arguments:
jvm_args: -Djava.awt.headless=true -Xmx1024M -Dfile.encoding=GBK -Duser.country=CN -Duser.language=zh -Duser.variant 
java_command: com.android.dx.command.Main --dex --num-threads=4 --output E:\Teapopo\app\build\intermediates\pre-dexed\debug\debug_a522b71e7afbff9183502dd320454d14b0b13bcb.jar E:\Teapopo\app\build\intermediates\classes\debug
java_class_path (initial): C:\Users\lhq\AppData\Local\Android\sdk\build-tools\23.0.3\lib\dx.jar
Launcher Type: SUN_STANDARD

Environment Variables:
JAVA_HOME=C:\Program Files\Java\jdk1.8.0_91
PATH=C:\ProgramData\Oracle\Java\javapath;C:\Windows\system32;C:\Windows;C:\Windows\System32\Wbem;C:\Windows\System32\WindowsPowerShell\v1.0\;C:\Users\lhq\AppData\Local\Android\sdk\platform-tools;C:\Users\lhq\AppData\Local\Android\sdk\tools;C:\Program Files\Java\jdk1.8.0_91\bin;C:\Program Files\Java\jdk1.8.0_91\jre\bin
USERNAME=lhq
OS=Windows_NT
PROCESSOR_IDENTIFIER=Intel64 Family 6 Model 69 Stepping 1, GenuineIntel



---------------  S Y S T E M  ---------------

OS: Windows 10.0 , 64 bit Build 10586 (10.0.10586.0)

CPU:total 4 (2 cores per cpu, 2 threads per core) family 6 model 69 stepping 1, cmov, cx8, fxsr, mmx, sse, sse2, sse3, ssse3, sse4.1, sse4.2, popcnt, avx, avx2, aes, clmul, erms, lzcnt, ht, tsc, tscinvbit, bmi1, bmi2

Memory: 4k page, physical 8067548k(1117820k free), swap 8067548k(5616k free)

vm_info: OpenJDK 64-Bit Server VM (25.76-b01) for windows-amd64 JRE (1.8.0_76-release-b01), built on May 12 2016 23:29:00 by "ralucas" with MS VC++ 10.0 (VS2010)

time: Thu Jul 07 11:07:52 2016
elapsed time: 1 seconds (0d 0h 0m 1s)

