#
# There is insufficient memory for the Java Runtime Environment to continue.
# Native memory allocation (malloc) failed to allocate 802416 bytes for Chunk::new
# Possible reasons:
#   The system is out of physical RAM or swap space
#   In 32 bit mode, the process size limit was hit
# Possible solutions:
#   Reduce memory load on the system
#   Increase physical memory or swap space
#   Check if swap backing store is full
#   Use 64 bit Java on a 64 bit OS
#   Decrease Java heap size (-Xmx/-Xms)
#   Decrease number of Java threads
#   Decrease Java thread stack sizes (-Xss)
#   Set larger code cache with -XX:ReservedCodeCacheSize=
# This output file may be truncated or incomplete.
#
#  Out of Memory Error (allocation.cpp:390), pid=146228, tid=0x0000000000029a60
#
# JRE version: OpenJDK Runtime Environment (8.0_76-b01) (build 1.8.0_76-release-b01)
# Java VM: OpenJDK 64-Bit Server VM (25.76-b01 mixed mode windows-amd64 compressed oops)
# Failed to write core dump. Minidumps are not enabled by default on client versions of Windows
#

---------------  T H R E A D  ---------------

Current thread (0x0000000014cdd000):  JavaThread "C2 CompilerThread0" daemon [_thread_in_native, id=170592, stack(0x0000000016220000,0x0000000016320000)]

Stack: [0x0000000016220000,0x0000000016320000]
[error occurred during error reporting (printing stack bounds), id 0xc0000005]

Native frames: (J=compiled Java code, j=interpreted, Vv=VM code, C=native code)


Current CompileTask:
C2:   3905 1463   !   4       com.android.dx.cf.code.BytecodeArray::parseInstruction (2764 bytes)


---------------  P R O C E S S  ---------------

Java Threads: ( => current thread )
  0x0000000016687800 JavaThread "pool-1-thread-4" [_thread_in_vm, id=169808, stack(0x0000000016f20000,0x0000000017020000)]
  0x0000000016686000 JavaThread "pool-1-thread-3" [_thread_blocked, id=168312, stack(0x0000000016e20000,0x0000000016f20000)]
  0x0000000016684000 JavaThread "pool-1-thread-2" [_thread_in_Java, id=170232, stack(0x0000000016d20000,0x0000000016e20000)]
  0x000000001667f000 JavaThread "pool-2-thread-1" [_thread_blocked, id=170756, stack(0x0000000016c20000,0x0000000016d20000)]
  0x0000000016630800 JavaThread "pool-1-thread-1" [_thread_blocked, id=170692, stack(0x0000000016b20000,0x0000000016c20000)]
  0x0000000016481000 JavaThread "Service Thread" daemon [_thread_blocked, id=170704, stack(0x0000000016920000,0x0000000016a20000)]
  0x000000001647a800 JavaThread "C1 CompilerThread2" daemon [_thread_in_native, id=170676, stack(0x0000000016820000,0x0000000016920000)]
  0x0000000014d2b000 JavaThread "C2 CompilerThread1" daemon [_thread_in_native, id=170672, stack(0x0000000016320000,0x0000000016420000)]
=>0x0000000014cdd000 JavaThread "C2 CompilerThread0" daemon [_thread_in_native, id=170592, stack(0x0000000016220000,0x0000000016320000)]
  0x0000000014cdc000 JavaThread "Attach Listener" daemon [_thread_blocked, id=166672, stack(0x0000000016120000,0x0000000016220000)]
  0x0000000014cdb000 JavaThread "Signal Dispatcher" daemon [_thread_blocked, id=170668, stack(0x0000000016020000,0x0000000016120000)]
  0x0000000014cb8000 JavaThread "Finalizer" daemon [_thread_blocked, id=170180, stack(0x0000000015f20000,0x0000000016020000)]
  0x00000000025f0000 JavaThread "Reference Handler" daemon [_thread_blocked, id=170928, stack(0x0000000015e20000,0x0000000015f20000)]
  0x0000000002500800 JavaThread "main" [_thread_in_vm, id=167184, stack(0x0000000002300000,0x0000000002400000)]

Other Threads:
  0x0000000014c95800 VMThread [stack: 0x0000000015d20000,0x0000000015e20000] [id=168688]
  0x0000000016484800 WatcherThread [stack: 0x0000000016a20000,0x0000000016b20000] [id=170712]

VM state:not at safepoint (normal execution)

VM Mutex/Monitor currently owned by a thread: None

Heap:
 PSYoungGen      total 36864K, used 11914K [0x00000000eab00000, 0x00000000ed400000, 0x0000000100000000)
  eden space 31744K, 21% used [0x00000000eab00000,0x00000000eb1a7c38,0x00000000eca00000)
  from space 5120K, 99% used [0x00000000ecf00000,0x00000000ed3fae68,0x00000000ed400000)
  to   space 5120K, 0% used [0x00000000eca00000,0x00000000eca00000,0x00000000ecf00000)
 ParOldGen       total 84992K, used 5627K [0x00000000c0000000, 0x00000000c5300000, 0x00000000eab00000)
  object space 84992K, 6% used [0x00000000c0000000,0x00000000c057ed60,0x00000000c5300000)
 Metaspace       used 6081K, capacity 7024K, committed 7296K, reserved 1056768K
  class space    used 573K, capacity 616K, committed 640K, reserved 1048576K

Card table byte_map: [0x00000000119c0000,0x0000000011bd0000] byte_map_base: 0x00000000113c0000

Marking Bits: (ParMarkBitMap*) 0x000000005f499d00
 Begin Bits: [0x0000000012130000, 0x0000000013130000)
 End Bits:   [0x0000000013130000, 0x0000000014130000)

Polling page: 0x0000000001e40000

CodeCache: size=245760Kb used=6051Kb max_used=6051Kb free=239708Kb
 bounds [0x0000000002600000, 0x0000000002bf0000, 0x0000000011600000]
 total_blobs=1744 nmethods=1474 adapters=184
 compilation: enabled

Compilation events (10 events):
Event: 3.857 Thread 0x000000001647a800 nmethod 1488 0x0000000002bde090 code [0x0000000002bde2a0, 0x0000000002bde8d8]
Event: 3.861 Thread 0x000000001647a800 1489       2       com.android.dx.cf.code.ExecutionStack::makeInitialized (51 bytes)
Event: 3.861 Thread 0x000000001647a800 nmethod 1489 0x0000000002bdd8d0 code [0x0000000002bdda60, 0x0000000002bdddf8]
Event: 3.862 Thread 0x000000001647a800 1490       2       com.android.dx.rop.type.Type::asUninitialized (140 bytes)
Event: 3.863 Thread 0x000000001647a800 nmethod 1490 0x0000000002beae50 code [0x0000000002beb0c0, 0x0000000002bebb58]
Event: 3.899 Thread 0x000000001647a800 1492       2       com.android.dx.rop.cst.CstArray$List::set (7 bytes)
Event: 3.899 Thread 0x000000001647a800 nmethod 1492 0x0000000002bdcd90 code [0x0000000002bdcf40, 0x0000000002bdd3a8]
Event: 3.899 Thread 0x000000001647a800 1493       2       com.android.dx.rop.cst.CstString::stringToUtf8Bytes (175 bytes)
Event: 3.900 Thread 0x000000001647a800 nmethod 1493 0x0000000002bec290 code [0x0000000002bec420, 0x0000000002bec958]
Event: 3.901 Thread 0x000000001647a800 1494       2       com.android.dx.util.ByteArray::<init> (9 bytes)

GC Heap History (4 events):
Event: 2.505 GC heap before
{Heap before GC invocations=1 (full 0):
 PSYoungGen      total 36864K, used 31744K [0x00000000eab00000, 0x00000000ed400000, 0x0000000100000000)
  eden space 31744K, 100% used [0x00000000eab00000,0x00000000eca00000,0x00000000eca00000)
  from space 5120K, 0% used [0x00000000ecf00000,0x00000000ecf00000,0x00000000ed400000)
  to   space 5120K, 0% used [0x00000000eca00000,0x00000000eca00000,0x00000000ecf00000)
 ParOldGen       total 84992K, used 0K [0x00000000c0000000, 0x00000000c5300000, 0x00000000eab00000)
  object space 84992K, 0% used [0x00000000c0000000,0x00000000c0000000,0x00000000c5300000)
 Metaspace       used 5962K, capacity 6896K, committed 7040K, reserved 1056768K
  class space    used 573K, capacity 616K, committed 640K, reserved 1048576K
Event: 2.647 GC heap after
Heap after GC invocations=1 (full 0):
 PSYoungGen      total 36864K, used 5106K [0x00000000eab00000, 0x00000000ed400000, 0x0000000100000000)
  eden space 31744K, 0% used [0x00000000eab00000,0x00000000eab00000,0x00000000eca00000)
  from space 5120K, 99% used [0x00000000eca00000,0x00000000ecefcad8,0x00000000ecf00000)
  to   space 5120K, 0% used [0x00000000ecf00000,0x00000000ecf00000,0x00000000ed400000)
 ParOldGen       total 84992K, used 1431K [0x00000000c0000000, 0x00000000c5300000, 0x00000000eab00000)
  object space 84992K, 1% used [0x00000000c0000000,0x00000000c0165e68,0x00000000c5300000)
 Metaspace       used 5962K, capacity 6896K, committed 7040K, reserved 1056768K
  class space    used 573K, capacity 616K, committed 640K, reserved 1048576K
}
Event: 3.629 GC heap before
{Heap before GC invocations=2 (full 0):
 PSYoungGen      total 36864K, used 36850K [0x00000000eab00000, 0x00000000ed400000, 0x0000000100000000)
  eden space 31744K, 100% used [0x00000000eab00000,0x00000000eca00000,0x00000000eca00000)
  from space 5120K, 99% used [0x00000000eca00000,0x00000000ecefcad8,0x00000000ecf00000)
  to   space 5120K, 0% used [0x00000000ecf00000,0x00000000ecf00000,0x00000000ed400000)
 ParOldGen       total 84992K, used 1431K [0x00000000c0000000, 0x00000000c5300000, 0x00000000eab00000)
  object space 84992K, 1% used [0x00000000c0000000,0x00000000c0165e68,0x00000000c5300000)
 Metaspace       used 6073K, capacity 7024K, committed 7296K, reserved 1056768K
  class space    used 573K, capacity 616K, committed 640K, reserved 1048576K
Event: 3.694 GC heap after
Heap after GC invocations=2 (full 0):
 PSYoungGen      total 36864K, used 5099K [0x00000000eab00000, 0x00000000ed400000, 0x0000000100000000)
  eden space 31744K, 0% used [0x00000000eab00000,0x00000000eab00000,0x00000000eca00000)
  from space 5120K, 99% used [0x00000000ecf00000,0x00000000ed3fae68,0x00000000ed400000)
  to   space 5120K, 0% used [0x00000000eca00000,0x00000000eca00000,0x00000000ecf00000)
 ParOldGen       total 84992K, used 5627K [0x00000000c0000000, 0x00000000c5300000, 0x00000000eab00000)
  object space 84992K, 6% used [0x00000000c0000000,0x00000000c057ed60,0x00000000c5300000)
 Metaspace       used 6073K, capacity 7024K, committed 7296K, reserved 1056768K
  class space    used 573K, capacity 616K, committed 640K, reserved 1048576K
}

Deoptimization events (10 events):
Event: 1.249 Thread 0x0000000016630800 Uncommon trap: reason=unstable_if action=reinterpret pc=0x00000000027f4ae4 method=java.util.HashMap.getNode(ILjava/lang/Object;)Ljava/util/HashMap$Node; @ 129
Event: 1.301 Thread 0x0000000016686000 Uncommon trap: reason=unstable_if action=reinterpret pc=0x0000000002812fb0 method=java.util.BitSet.nextSetBit(I)I @ 87
Event: 1.570 Thread 0x0000000016684000 Uncommon trap: reason=unstable_if action=reinterpret pc=0x00000000028ae69c method=com.android.dx.rop.cst.Constant.compareTo(Lcom/android/dx/rop/cst/Constant;)I @ 12
Event: 3.451 Thread 0x0000000016684000 Uncommon trap: reason=unstable_if action=reinterpret pc=0x0000000002b10184 method=com.android.dx.ssa.SCCP.simulateStmt(Lcom/android/dx/ssa/SsaInsn;)V @ 59
Event: 3.512 Thread 0x0000000016687800 Uncommon trap: reason=bimorphic action=maybe_recompile pc=0x0000000002bc764c method=com.android.dx.cf.code.BytecodeArray.parseInstruction(ILcom/android/dx/cf/code/BytecodeArray$Visitor;)I @ 1161
Event: 3.515 Thread 0x0000000016687800 Uncommon trap: reason=bimorphic action=maybe_recompile pc=0x0000000002bc764c method=com.android.dx.cf.code.BytecodeArray.parseInstruction(ILcom/android/dx/cf/code/BytecodeArray$Visitor;)I @ 1161
Event: 3.517 Thread 0x0000000016687800 Uncommon trap: reason=unstable_if action=reinterpret pc=0x000000000290e4c0 method=com.android.dx.rop.code.RegisterSpec.equals(ILcom/android/dx/rop/type/TypeBearer;Lcom/android/dx/rop/code/LocalItem;)Z @ 42
Event: 3.566 Thread 0x0000000002500800 Uncommon trap: reason=null_check action=make_not_entrant pc=0x0000000002916358 method=com.android.dx.ssa.SsaRenamer.getLocalForNewReg(I)Lcom/android/dx/rop/code/LocalItem; @ 19
Event: 3.567 Thread 0x0000000002500800 Uncommon trap: reason=bimorphic action=maybe_recompile pc=0x0000000002bcad90 method=com.android.dx.cf.code.BytecodeArray.parseInstruction(ILcom/android/dx/cf/code/BytecodeArray$Visitor;)I @ 2484
Event: 3.567 Thread 0x0000000002500800 Uncommon trap: reason=bimorphic action=maybe_recompile pc=0x0000000002bcad90 method=com.android.dx.cf.code.BytecodeArray.parseInstruction(ILcom/android/dx/cf/code/BytecodeArray$Visitor;)I @ 2484

Internal exceptions (3 events):
Event: 0.225 Thread 0x0000000002500800 Exception <a 'java/lang/NoSuchMethodError': Method sun.misc.Unsafe.defineClass(Ljava/lang/String;[BII)Ljava/lang/Class; name or signature does not match> (0x00000000eab07cc0) thrown at [C:\src\android\AOSP-openjdk\external\jetbrains\jdk\hotspot\src\share\vÅ
,Ø‡ÆÌ?
Event: 0.225 Thread 0x0000000002500800 Exception <a 'java/lang/NoSuchMethodError': Method sun.misc.Unsafe.prefetchRead(Ljava/lang/Object;J)V name or signature does not match> (0x00000000eab07fa8) thrown at [C:\src\android\AOSP-openjdk\external\jetbrains\jdk\hotspot\src\share\vm\prims\jni.cpp, l® ¿,†@
Event: 3.566 Thread 0x0000000002500800 Implicit null exception at 0x0000000002913d77 to 0x000000000291630d

Events (10 events):
Event: 3.566 Thread 0x0000000002500800 DEOPT PACKING pc=0x0000000002916358 sp=0x00000000023fdea0
Event: 3.566 Thread 0x0000000002500800 DEOPT UNPACKING pc=0x000000000264556a sp=0x00000000023fdcf8 mode 2
Event: 3.567 Thread 0x0000000002500800 Uncommon trap: trap_request=0xffffffc6 fr.pc=0x0000000002bcad90
Event: 3.567 Thread 0x0000000002500800 DEOPT PACKING pc=0x0000000002bcad90 sp=0x00000000023fded0
Event: 3.567 Thread 0x0000000002500800 DEOPT UNPACKING pc=0x000000000264556a sp=0x00000000023fde88 mode 2
Event: 3.567 Thread 0x0000000002500800 Uncommon trap: trap_request=0xffffffc6 fr.pc=0x0000000002bcad90
Event: 3.567 Thread 0x0000000002500800 DEOPT PACKING pc=0x0000000002bcad90 sp=0x00000000023fdca0
Event: 3.567 Thread 0x0000000002500800 DEOPT UNPACKING pc=0x000000000264556a sp=0x00000000023fdc58 mode 2
Event: 3.590 Executing VM operation: ParallelGCFailedAllocation
Event: 3.695 Executing VM operation: ParallelGCFailedAllocation done


Dynamic libraries:
0x00007ff75f820000 - 0x00007ff75f855000 	E:\Android\android-studio-ide-145.2915834-windows\jre\bin\java.exe
0x00007ffecf410000 - 0x00007ffecf5d1000 	C:\Windows\SYSTEM32\ntdll.dll
0x00007ffecef70000 - 0x00007ffecf01d000 	C:\Windows\system32\KERNEL32.DLL
0x00007ffecc330000 - 0x00007ffecc518000 	C:\Windows\system32\KERNELBASE.dll
0x00007ffecc9e0000 - 0x00007ffecca87000 	C:\Windows\system32\ADVAPI32.dll
0x00007ffece4c0000 - 0x00007ffece55d000 	C:\Windows\system32\msvcrt.dll
0x00007ffeccd10000 - 0x00007ffeccd6b000 	C:\Windows\system32\sechost.dll
0x00007ffece730000 - 0x00007ffece84c000 	C:\Windows\system32\RPCRT4.dll
0x00007ffece920000 - 0x00007ffecea76000 	C:\Windows\system32\USER32.dll
0x00007ffeccd90000 - 0x00007ffeccf16000 	C:\Windows\system32\GDI32.dll
0x00007ffebe600000 - 0x00007ffebe874000 	C:\Windows\WinSxS\amd64_microsoft.windows.common-controls_6595b64144ccf1df_6.0.10586.0_none_8c15ae12515e1c22\COMCTL32.dll
0x00007ffecca90000 - 0x00007ffeccd0d000 	C:\Windows\system32\combase.dll
0x00007ffecc520000 - 0x00007ffecc58a000 	C:\Windows\system32\bcryptPrimitives.dll
0x00007ffeccf20000 - 0x00007ffeccf5b000 	C:\Windows\system32\IMM32.DLL
0x000000005fdc0000 - 0x000000005fe92000 	E:\Android\android-studio-ide-145.2915834-windows\jre\jre\bin\msvcr100.dll
0x000000005ece0000 - 0x000000005f514000 	E:\Android\android-studio-ide-145.2915834-windows\jre\jre\bin\server\jvm.dll
0x00007ffecf1d0000 - 0x00007ffecf1d8000 	C:\Windows\system32\PSAPI.DLL
0x00007ffeca010000 - 0x00007ffeca019000 	C:\Windows\SYSTEM32\WSOCK32.dll
0x00007ffece560000 - 0x00007ffece5cb000 	C:\Windows\system32\WS2_32.dll
0x00007ffec9d40000 - 0x00007ffec9d63000 	C:\Windows\SYSTEM32\WINMM.dll
0x00007ffec1700000 - 0x00007ffec170a000 	C:\Windows\SYSTEM32\VERSION.dll
0x00007ffec9bf0000 - 0x00007ffec9c1c000 	C:\Windows\SYSTEM32\WINMMBASE.dll
0x00007ffecbbd0000 - 0x00007ffecbc13000 	C:\Windows\system32\cfgmgr32.dll
0x00007ffeca000000 - 0x00007ffeca00f000 	E:\Android\android-studio-ide-145.2915834-windows\jre\jre\bin\verify.dll
0x00007ffec8e10000 - 0x00007ffec8e39000 	E:\Android\android-studio-ide-145.2915834-windows\jre\jre\bin\java.dll
0x00007ffec91d0000 - 0x00007ffec91e6000 	E:\Android\android-studio-ide-145.2915834-windows\jre\jre\bin\zip.dll
0x00007ffeccf60000 - 0x00007ffece4bc000 	C:\Windows\system32\SHELL32.dll
0x00007ffecbce0000 - 0x00007ffecc325000 	C:\Windows\system32\windows.storage.dll
0x00007ffecea80000 - 0x00007ffecead2000 	C:\Windows\system32\shlwapi.dll
0x00007ffecba90000 - 0x00007ffecba9f000 	C:\Windows\system32\kernel.appcore.dll
0x00007ffecbc20000 - 0x00007ffecbcd5000 	C:\Windows\system32\shcore.dll
0x00007ffecba30000 - 0x00007ffecba7b000 	C:\Windows\system32\powrprof.dll
0x00007ffecbaa0000 - 0x00007ffecbab4000 	C:\Windows\system32\profapi.dll

VM Arguments:
jvm_args: -Djava.awt.headless=true -Xmx1024M -Dfile.encoding=GBK -Duser.country=CN -Duser.language=zh -Duser.variant 
java_command: com.android.dx.command.Main --dex --num-threads=4 --output E:\Teapopo\app\build\intermediates\pre-dexed\debug\MobTools-2016.0406.1915_5ffc4b05d77d34b1dbe08b3117e2d5b211c1561f.jar E:\Teapopo\app\libs\MobTools-2016.0406.1915.jar
java_class_path (initial): C:\Users\lhq\AppData\Local\Android\sdk\build-tools\23.0.3\lib\dx.jar
Launcher Type: SUN_STANDARD

Environment Variables:
JAVA_HOME=C:\Program Files\Java\jdk1.8.0_91
PATH=C:\ProgramData\Oracle\Java\javapath;C:\Windows\system32;C:\Windows;C:\Windows\System32\Wbem;C:\Windows\System32\WindowsPowerShell\v1.0\;C:\Users\lhq\AppData\Local\Android\sdk\platform-tools;C:\Users\lhq\AppData\Local\Android\sdk\tools;C:\Program Files\Java\jdk1.8.0_91\bin;C:\Program Files\Java\jdk1.8.0_91\jre\bin
USERNAME=lhq
OS=Windows_NT
PROCESSOR_IDENTIFIER=Intel64 Family 6 Model 69 Stepping 1, GenuineIntel



---------------  S Y S T E M  ---------------

OS: Windows 10.0 , 64 bit Build 10586 (10.0.10586.0)

CPU:total 4 (2 cores per cpu, 2 threads per core) family 6 model 69 stepping 1, cmov, cx8, fxsr, mmx, sse, sse2, sse3, ssse3, sse4.1, sse4.2, popcnt, avx, avx2, aes, clmul, erms, lzcnt, ht, tsc, tscinvbit, bmi1, bmi2

Memory: 4k page, physical 8067548k(1197208k free), swap 8067548k(5536k free)

vm_info: OpenJDK 64-Bit Server VM (25.76-b01) for windows-amd64 JRE (1.8.0_76-release-b01), built on May 12 2016 23:29:00 by "ralucas" with MS VC++ 10.0 (VS2010)

time: Fri Jul 08 14:39:47 2016
elapsed time: 3 seconds (0d 0h 0m 3s)

