#
# There is insufficient memory for the Java Runtime Environment to continue.
# Native memory allocation (malloc) failed to allocate 244736 bytes for Chunk::new
# Possible reasons:
#   The system is out of physical RAM or swap space
#   In 32 bit mode, the process size limit was hit
# Possible solutions:
#   Reduce memory load on the system
#   Increase physical memory or swap space
#   Check if swap backing store is full
#   Use 64 bit Java on a 64 bit OS
#   Decrease Java heap size (-Xmx/-Xms)
#   Decrease number of Java threads
#   Decrease Java thread stack sizes (-Xss)
#   Set larger code cache with -XX:ReservedCodeCacheSize=
# This output file may be truncated or incomplete.
#
#  Out of Memory Error (allocation.cpp:390), pid=176156, tid=0x000000000002b1b8
#
# JRE version: OpenJDK Runtime Environment (8.0_76-b01) (build 1.8.0_76-release-b01)
# Java VM: OpenJDK 64-Bit Server VM (25.76-b01 mixed mode windows-amd64 compressed oops)
# Failed to write core dump. Minidumps are not enabled by default on client versions of Windows
#

---------------  T H R E A D  ---------------

Current thread (0x0000000016302000):  JavaThread "C2 CompilerThread1" daemon [_thread_in_native, id=176568, stack(0x00000000166b0000,0x00000000167b0000)]

Stack: [0x00000000166b0000,0x00000000167b0000]
[error occurred during error reporting (printing stack bounds), id 0xc0000005]

Native frames: (J=compiled Java code, j=interpreted, Vv=VM code, C=native code)


Current CompileTask:
C2:    870  886       4       com.android.dx.ssa.back.LivenessAnalyzer::handleTailRecursion (94 bytes)


---------------  P R O C E S S  ---------------

Java Threads: ( => current thread )
  0x0000000016554000 JavaThread "pool-1-thread-3" [_thread_in_Java, id=176876, stack(0x0000000016db0000,0x0000000016eb0000)]
  0x000000001654d800 JavaThread "pool-2-thread-1" [_thread_blocked, id=176864, stack(0x0000000016bb0000,0x0000000016cb0000)]
  0x000000001654d000 JavaThread "pool-1-thread-1" [_thread_in_vm, id=176852, stack(0x0000000016ab0000,0x0000000016bb0000)]
  0x000000001630e800 JavaThread "Service Thread" daemon [_thread_blocked, id=176592, stack(0x00000000168b0000,0x00000000169b0000)]
  0x0000000016308000 JavaThread "C1 CompilerThread2" daemon [_thread_in_native, id=176572, stack(0x00000000167b0000,0x00000000168b0000)]
=>0x0000000016302000 JavaThread "C2 CompilerThread1" daemon [_thread_in_native, id=176568, stack(0x00000000166b0000,0x00000000167b0000)]
  0x0000000014c4d800 JavaThread "C2 CompilerThread0" daemon [_thread_in_native, id=176556, stack(0x00000000161b0000,0x00000000162b0000)]
  0x0000000014c4c000 JavaThread "Attach Listener" daemon [_thread_blocked, id=176552, stack(0x00000000160b0000,0x00000000161b0000)]
  0x0000000014c4b000 JavaThread "Signal Dispatcher" daemon [_thread_blocked, id=176548, stack(0x0000000015fb0000,0x00000000160b0000)]
  0x0000000014c28800 JavaThread "Finalizer" daemon [_thread_blocked, id=176384, stack(0x0000000015eb0000,0x0000000015fb0000)]
  0x0000000002560000 JavaThread "Reference Handler" daemon [_thread_blocked, id=176368, stack(0x0000000015db0000,0x0000000015eb0000)]
  0x0000000002470800 JavaThread "main" [_thread_blocked, id=176260, stack(0x0000000002370000,0x0000000002470000)]

Other Threads:
  0x0000000014c05800 VMThread [stack: 0x0000000015cb0000,0x0000000015db0000] [id=176336]
  0x0000000016311800 WatcherThread [stack: 0x00000000169b0000,0x0000000016ab0000] [id=176596]

VM state:not at safepoint (normal execution)

VM Mutex/Monitor currently owned by a thread: None

Heap:
 PSYoungGen      total 36864K, used 21604K [0x00000000eab00000, 0x00000000ed400000, 0x0000000100000000)
  eden space 31744K, 68% used [0x00000000eab00000,0x00000000ec0193f0,0x00000000eca00000)
  from space 5120K, 0% used [0x00000000ecf00000,0x00000000ecf00000,0x00000000ed400000)
  to   space 5120K, 0% used [0x00000000eca00000,0x00000000eca00000,0x00000000ecf00000)
 ParOldGen       total 84992K, used 0K [0x00000000c0000000, 0x00000000c5300000, 0x00000000eab00000)
  object space 84992K, 0% used [0x00000000c0000000,0x00000000c0000000,0x00000000c5300000)
 Metaspace       used 5752K, capacity 6768K, committed 7040K, reserved 1056768K
  class space    used 572K, capacity 616K, committed 640K, reserved 1048576K

Card table byte_map: [0x0000000011930000,0x0000000011b40000] byte_map_base: 0x0000000011330000

Marking Bits: (ParMarkBitMap*) 0x000000005f499d00
 Begin Bits: [0x00000000120a0000, 0x00000000130a0000)
 End Bits:   [0x00000000130a0000, 0x00000000140a0000)

Polling page: 0x0000000000450000

CodeCache: size=245760Kb used=3741Kb max_used=3741Kb free=242018Kb
 bounds [0x0000000002570000, 0x0000000002920000, 0x0000000011570000]
 total_blobs=1197 nmethods=927 adapters=184
 compilation: enabled

Compilation events (10 events):
Event: 0.863 Thread 0x0000000016308000 nmethod 927 0x0000000002910490 code [0x00000000029105e0, 0x0000000002910730]
Event: 0.863 Thread 0x0000000016308000  928       3       com.android.dx.rop.code.DexTranslationAdvice::hasConstantOperation (163 bytes)
Event: 0.864 Thread 0x0000000016308000 nmethod 928 0x00000000029107d0 code [0x0000000002910a20, 0x00000000029122b8]
Event: 0.864 Thread 0x0000000016308000  930       3       com.android.dx.rop.code.DexTranslationAdvice::totalRopWidth (36 bytes)
Event: 0.865 Thread 0x0000000016308000 nmethod 930 0x00000000029127d0 code [0x0000000002912980, 0x0000000002913168]
Event: 0.865 Thread 0x0000000016308000  929       3       java.util.TreeMap::put (247 bytes)
Event: 0.866 Thread 0x0000000016308000 nmethod 929 0x00000000029134d0 code [0x0000000002913740, 0x0000000002914918]
Event: 0.866 Thread 0x0000000016308000  936       3       com.android.dx.util.Bits::or (24 bytes)
Event: 0.866 Thread 0x0000000016308000 nmethod 936 0x0000000002915050 code [0x00000000029151c0, 0x00000000029153d0]
Event: 0.866 Thread 0x0000000016308000  933       3       com.android.dx.ssa.InterferenceRegisterMapper::addInterfence (62 bytes)

GC Heap History (0 events):
No events

Deoptimization events (8 events):
Event: 0.262 Thread 0x0000000002470800 Uncommon trap: reason=unstable_if action=reinterpret pc=0x00000000026aea94 method=java.lang.String.indexOf(II)I @ 49
Event: 0.540 Thread 0x0000000016552800 Uncommon trap: reason=unstable_if action=reinterpret pc=0x000000000274c880 method=java.util.HashMap.getNode(ILjava/lang/Object;)Ljava/util/HashMap$Node; @ 62
Event: 0.626 Thread 0x000000001654d000 Uncommon trap: reason=unstable_if action=reinterpret pc=0x00000000027868f4 method=java.util.BitSet.ensureCapacity(I)V @ 6
Event: 0.626 Thread 0x000000001654d000 Uncommon trap: reason=unstable_if action=reinterpret pc=0x00000000027985b0 method=java.util.BitSet.ensureCapacity(I)V @ 6
Event: 0.749 Thread 0x0000000016554000 Uncommon trap: reason=class_check action=maybe_recompile pc=0x000000000282c954 method=java.util.Collections$UnmodifiableCollection$1.hasNext()Z @ 4
Event: 0.749 Thread 0x0000000016554000 Uncommon trap: reason=class_check action=maybe_recompile pc=0x000000000282c954 method=java.util.Collections$UnmodifiableCollection$1.hasNext()Z @ 4
Event: 0.749 Thread 0x0000000016554000 Uncommon trap: reason=class_check action=maybe_recompile pc=0x000000000282c954 method=java.util.Collections$UnmodifiableCollection$1.hasNext()Z @ 4
Event: 0.749 Thread 0x0000000016554000 Uncommon trap: reason=class_check action=maybe_recompile pc=0x000000000282c954 method=java.util.Collections$UnmodifiableCollection$1.hasNext()Z @ 4

Internal exceptions (2 events):
Event: 0.045 Thread 0x0000000002470800 Exception <a 'java/lang/NoSuchMethodError': Method sun.misc.Unsafe.defineClass(Ljava/lang/String;[BII)Ljava/lang/Class; name or signature does not match> (0x00000000eab07cc0) thrown at [C:\src\android\AOSP-openjdk\external\jetbrains\jdk\hotspot\src\share\v8[Ëi”ù¦?
Event: 0.045 Thread 0x0000000002470800 Exception <a 'java/lang/NoSuchMethodError': Method sun.misc.Unsafe.prefetchRead(Ljava/lang/Object;J)V name or signature does not match> (0x00000000eab07fa8) thrown at [C:\src\android\AOSP-openjdk\external\jetbrains\jdk\hotspot\src\share\vm\prims\jni.cpp, l

Events (10 events):
Event: 0.767 Thread 0x000000001654d000 DEOPT PACKING pc=0x000000000276dde2 sp=0x0000000016bae900
Event: 0.767 Thread 0x000000001654d000 DEOPT UNPACKING pc=0x00000000025b75bf sp=0x0000000016bae678 mode 0
Event: 0.769 Thread 0x000000001654d000 DEOPT PACKING pc=0x000000000276dde2 sp=0x0000000016bae900
Event: 0.769 Thread 0x000000001654d000 DEOPT UNPACKING pc=0x00000000025b75bf sp=0x0000000016bae678 mode 0
Event: 0.770 Thread 0x000000001654d000 DEOPT PACKING pc=0x000000000276dde2 sp=0x0000000016bae900
Event: 0.770 Thread 0x000000001654d000 DEOPT UNPACKING pc=0x00000000025b75bf sp=0x0000000016bae678 mode 0
Event: 0.807 loading class java/util/TreeMap$EntrySet
Event: 0.807 loading class java/util/TreeMap$EntrySet done
Event: 0.807 loading class java/util/TreeMap$EntryIterator
Event: 0.807 loading class java/util/TreeMap$EntryIterator done


Dynamic libraries:
0x00007ff75f820000 - 0x00007ff75f855000 	E:\Android\android-studio-ide-145.2915834-windows\jre\bin\java.exe
0x00007ffecf410000 - 0x00007ffecf5d1000 	C:\Windows\SYSTEM32\ntdll.dll
0x00007ffecef70000 - 0x00007ffecf01d000 	C:\Windows\system32\KERNEL32.DLL
0x00007ffecc330000 - 0x00007ffecc518000 	C:\Windows\system32\KERNELBASE.dll
0x00007ffecc9e0000 - 0x00007ffecca87000 	C:\Windows\system32\ADVAPI32.dll
0x00007ffece4c0000 - 0x00007ffece55d000 	C:\Windows\system32\msvcrt.dll
0x00007ffeccd10000 - 0x00007ffeccd6b000 	C:\Windows\system32\sechost.dll
0x00007ffece730000 - 0x00007ffece84c000 	C:\Windows\system32\RPCRT4.dll
0x00007ffece920000 - 0x00007ffecea76000 	C:\Windows\system32\USER32.dll
0x00007ffeccd90000 - 0x00007ffeccf16000 	C:\Windows\system32\GDI32.dll
0x00007ffebe600000 - 0x00007ffebe874000 	C:\Windows\WinSxS\amd64_microsoft.windows.common-controls_6595b64144ccf1df_6.0.10586.0_none_8c15ae12515e1c22\COMCTL32.dll
0x00007ffecca90000 - 0x00007ffeccd0d000 	C:\Windows\system32\combase.dll
0x00007ffecc520000 - 0x00007ffecc58a000 	C:\Windows\system32\bcryptPrimitives.dll
0x00007ffeccf20000 - 0x00007ffeccf5b000 	C:\Windows\system32\IMM32.DLL
0x000000005fdc0000 - 0x000000005fe92000 	E:\Android\android-studio-ide-145.2915834-windows\jre\jre\bin\msvcr100.dll
0x000000005ece0000 - 0x000000005f514000 	E:\Android\android-studio-ide-145.2915834-windows\jre\jre\bin\server\jvm.dll
0x00007ffecf1d0000 - 0x00007ffecf1d8000 	C:\Windows\system32\PSAPI.DLL
0x00007ffeca010000 - 0x00007ffeca019000 	C:\Windows\SYSTEM32\WSOCK32.dll
0x00007ffece560000 - 0x00007ffece5cb000 	C:\Windows\system32\WS2_32.dll
0x00007ffec9d40000 - 0x00007ffec9d63000 	C:\Windows\SYSTEM32\WINMM.dll
0x00007ffec1700000 - 0x00007ffec170a000 	C:\Windows\SYSTEM32\VERSION.dll
0x00007ffec9bf0000 - 0x00007ffec9c1c000 	C:\Windows\SYSTEM32\WINMMBASE.dll
0x00007ffecbbd0000 - 0x00007ffecbc13000 	C:\Windows\system32\cfgmgr32.dll
0x00007ffeca000000 - 0x00007ffeca00f000 	E:\Android\android-studio-ide-145.2915834-windows\jre\jre\bin\verify.dll
0x00007ffec8e50000 - 0x00007ffec8e79000 	E:\Android\android-studio-ide-145.2915834-windows\jre\jre\bin\java.dll
0x00007ffec99a0000 - 0x00007ffec99b6000 	E:\Android\android-studio-ide-145.2915834-windows\jre\jre\bin\zip.dll
0x00007ffeccf60000 - 0x00007ffece4bc000 	C:\Windows\system32\SHELL32.dll
0x00007ffecbce0000 - 0x00007ffecc325000 	C:\Windows\system32\windows.storage.dll
0x00007ffecea80000 - 0x00007ffecead2000 	C:\Windows\system32\shlwapi.dll
0x00007ffecba90000 - 0x00007ffecba9f000 	C:\Windows\system32\kernel.appcore.dll
0x00007ffecbc20000 - 0x00007ffecbcd5000 	C:\Windows\system32\shcore.dll
0x00007ffecba30000 - 0x00007ffecba7b000 	C:\Windows\system32\powrprof.dll
0x00007ffecbaa0000 - 0x00007ffecbab4000 	C:\Windows\system32\profapi.dll

VM Arguments:
jvm_args: -Djava.awt.headless=true -Xmx1024M -Dfile.encoding=GBK -Duser.country=CN -Duser.language=zh -Duser.variant 
java_command: com.android.dx.command.Main --dex --num-threads=4 --output E:\Teapopo\app\build\intermediates\pre-dexed\debug\ShareSDK-Facebook-2.7.1_f78018e9f372eb328b4a0fb31966a83ccf62cc90.jar E:\Teapopo\app\libs\ShareSDK-Facebook-2.7.1.jar
java_class_path (initial): C:\Users\lhq\AppData\Local\Android\sdk\build-tools\23.0.3\lib\dx.jar
Launcher Type: SUN_STANDARD

Environment Variables:
JAVA_HOME=C:\Program Files\Java\jdk1.8.0_91
PATH=C:\ProgramData\Oracle\Java\javapath;C:\Windows\system32;C:\Windows;C:\Windows\System32\Wbem;C:\Windows\System32\WindowsPowerShell\v1.0\;C:\Users\lhq\AppData\Local\Android\sdk\platform-tools;C:\Users\lhq\AppData\Local\Android\sdk\tools;C:\Program Files\Java\jdk1.8.0_91\bin;C:\Program Files\Java\jdk1.8.0_91\jre\bin
USERNAME=lhq
OS=Windows_NT
PROCESSOR_IDENTIFIER=Intel64 Family 6 Model 69 Stepping 1, GenuineIntel



---------------  S Y S T E M  ---------------

OS: Windows 10.0 , 64 bit Build 10586 (10.0.10586.0)

CPU:total 4 (2 cores per cpu, 2 threads per core) family 6 model 69 stepping 1, cmov, cx8, fxsr, mmx, sse, sse2, sse3, ssse3, sse4.1, sse4.2, popcnt, avx, avx2, aes, clmul, erms, lzcnt, ht, tsc, tscinvbit, bmi1, bmi2

Memory: 4k page, physical 8067548k(693444k free), swap 8067548k(50912k free)

vm_info: OpenJDK 64-Bit Server VM (25.76-b01) for windows-amd64 JRE (1.8.0_76-release-b01), built on May 12 2016 23:29:00 by "ralucas" with MS VC++ 10.0 (VS2010)

time: Fri Jul 08 15:20:57 2016
elapsed time: 0 seconds (0d 0h 0m 0s)

