#
# There is insufficient memory for the Java Runtime Environment to continue.
# Native memory allocation (malloc) failed to allocate 309008 bytes for Chunk::new
# Possible reasons:
#   The system is out of physical RAM or swap space
#   In 32 bit mode, the process size limit was hit
# Possible solutions:
#   Reduce memory load on the system
#   Increase physical memory or swap space
#   Check if swap backing store is full
#   Use 64 bit Java on a 64 bit OS
#   Decrease Java heap size (-Xmx/-Xms)
#   Decrease number of Java threads
#   Decrease Java thread stack sizes (-Xss)
#   Set larger code cache with -XX:ReservedCodeCacheSize=
# This output file may be truncated or incomplete.
#
#  Out of Memory Error (allocation.cpp:390), pid=16504, tid=0x000000000000416c
#
# JRE version: OpenJDK Runtime Environment (8.0_76-b01) (build 1.8.0_76-release-b01)
# Java VM: OpenJDK 64-Bit Server VM (25.76-b01 mixed mode windows-amd64 compressed oops)
# Failed to write core dump. Minidumps are not enabled by default on client versions of Windows
#

---------------  T H R E A D  ---------------

Current thread (0x0000000014ced800):  JavaThread "C2 CompilerThread0" daemon [_thread_in_native, id=16748, stack(0x0000000016240000,0x0000000016340000)]

Stack: [0x0000000016240000,0x0000000016340000]
[error occurred during error reporting (printing stack bounds), id 0xc0000005]

Native frames: (J=compiled Java code, j=interpreted, Vv=VM code, C=native code)


Current CompileTask:
C2:   2251 1140       4       com.android.dx.ssa.SCCP::simulateStmt (481 bytes)


---------------  P R O C E S S  ---------------

Java Threads: ( => current thread )
  0x00000000166c2800 JavaThread "pool-1-thread-4" [_thread_blocked, id=16968, stack(0x0000000016f40000,0x0000000017040000)]
  0x00000000166c1000 JavaThread "pool-1-thread-3" [_thread_blocked, id=16964, stack(0x0000000016e40000,0x0000000016f40000)]
  0x00000000166c0000 JavaThread "pool-1-thread-2" [_thread_blocked_trans, id=16960, stack(0x0000000016d40000,0x0000000016e40000)]
  0x00000000166bd800 JavaThread "pool-2-thread-1" [_thread_blocked, id=16956, stack(0x0000000016c40000,0x0000000016d40000)]
  0x00000000166bc800 JavaThread "pool-1-thread-1" [_thread_blocked, id=16952, stack(0x0000000016b40000,0x0000000016c40000)]
  0x00000000164b8800 JavaThread "Service Thread" daemon [_thread_blocked, id=16796, stack(0x0000000016940000,0x0000000016a40000)]
  0x0000000016490000 JavaThread "C1 CompilerThread2" daemon [_thread_blocked, id=16768, stack(0x0000000016840000,0x0000000016940000)]
  0x0000000014d3a800 JavaThread "C2 CompilerThread1" daemon [_thread_in_native, id=16752, stack(0x0000000016340000,0x0000000016440000)]
=>0x0000000014ced800 JavaThread "C2 CompilerThread0" daemon [_thread_in_native, id=16748, stack(0x0000000016240000,0x0000000016340000)]
  0x0000000014cec000 JavaThread "Attach Listener" daemon [_thread_blocked, id=16744, stack(0x0000000016140000,0x0000000016240000)]
  0x0000000014ceb000 JavaThread "Signal Dispatcher" daemon [_thread_blocked, id=16740, stack(0x0000000016040000,0x0000000016140000)]
  0x0000000014cc8800 JavaThread "Finalizer" daemon [_thread_blocked, id=16680, stack(0x0000000015f40000,0x0000000016040000)]
  0x0000000002600000 JavaThread "Reference Handler" daemon [_thread_blocked, id=16676, stack(0x0000000015e40000,0x0000000015f40000)]
  0x0000000002510800 JavaThread "main" [_thread_blocked, id=16620, stack(0x0000000002310000,0x0000000002410000)]

Other Threads:
  0x0000000014ca5800 VMThread [stack: 0x0000000015d40000,0x0000000015e40000] [id=16668]
  0x00000000164ba800 WatcherThread [stack: 0x0000000016a40000,0x0000000016b40000] [id=16808]

VM state:not at safepoint (normal execution)

VM Mutex/Monitor currently owned by a thread:  ([mutex/lock_event])
[0x0000000001f7c000] Heap_lock - owner thread: 0x0000000002510800

Heap:
 PSYoungGen      total 36864K, used 5119K [0x00000000eab00000, 0x00000000ef300000, 0x0000000100000000)
  eden space 31744K, 0% used [0x00000000eab00000,0x00000000eab00018,0x00000000eca00000)
  from space 5120K, 99% used [0x00000000eca00000,0x00000000eceffca8,0x00000000ecf00000)
  to   space 5120K, 0% used [0x00000000eee00000,0x00000000eee00000,0x00000000ef300000)
 ParOldGen       total 84992K, used 1852K [0x00000000c0000000, 0x00000000c5300000, 0x00000000eab00000)
  object space 84992K, 2% used [0x00000000c0000000,0x00000000c01cf210,0x00000000c5300000)
 Metaspace       used 5973K, capacity 6896K, committed 7040K, reserved 1056768K
  class space    used 574K, capacity 616K, committed 640K, reserved 1048576K

Card table byte_map: [0x00000000119d0000,0x0000000011be0000] byte_map_base: 0x00000000113d0000

Marking Bits: (ParMarkBitMap*) 0x000000005e0b9d00
 Begin Bits: [0x0000000012140000, 0x0000000013140000)
 End Bits:   [0x0000000013140000, 0x0000000014140000)

Polling page: 0x0000000000710000

CodeCache: size=245760Kb used=4852Kb max_used=4852Kb free=240907Kb
 bounds [0x0000000002610000, 0x0000000002ae0000, 0x0000000011610000]
 total_blobs=1486 nmethods=1214 adapters=184
 compilation: enabled

Compilation events (10 events):
Event: 2.048 Thread 0x0000000016490000 1203       1       java.util.concurrent.locks.AbstractOwnableSynchronizer::getExclusiveOwnerThread (5 bytes)
Event: 2.048 Thread 0x0000000016490000 nmethod 1203 0x0000000002ac5150 code [0x0000000002ac52a0, 0x0000000002ac53b0]
Event: 2.048 Thread 0x0000000016490000 1205       3       com.android.dx.cf.code.ConcreteMethod::<init> (21 bytes)
Event: 2.049 Thread 0x0000000016490000 nmethod 1205 0x0000000002ac5410 code [0x0000000002ac5600, 0x0000000002ac5e58]
Event: 2.049 Thread 0x0000000016490000 1223   !   3       com.android.dx.cf.code.OneLocalsArray::set (106 bytes)
Event: 2.050 Thread 0x0000000016490000 nmethod 1223 0x0000000002ac6290 code [0x0000000002ac64e0, 0x0000000002ac7318]
Event: 2.050 Thread 0x0000000016490000 1224       3       com.android.dx.rop.cst.CstType::equals (29 bytes)
Event: 2.050 Thread 0x0000000016490000 nmethod 1224 0x0000000002ac7990 code [0x0000000002ac7b00, 0x0000000002ac7ef0]
Event: 2.050 Thread 0x0000000016490000 1213       1       com.android.dx.rop.code.LocalItem::getName (5 bytes)
Event: 2.050 Thread 0x0000000016490000 nmethod 1213 0x0000000002ac7fd0 code [0x0000000002ac8120, 0x0000000002ac8230]

GC Heap History (2 events):
Event: 2.053 GC heap before
{Heap before GC invocations=1 (full 0):
 PSYoungGen      total 36864K, used 31744K [0x00000000eab00000, 0x00000000ed400000, 0x0000000100000000)
  eden space 31744K, 100% used [0x00000000eab00000,0x00000000eca00000,0x00000000eca00000)
  from space 5120K, 0% used [0x00000000ecf00000,0x00000000ecf00000,0x00000000ed400000)
  to   space 5120K, 0% used [0x00000000eca00000,0x00000000eca00000,0x00000000ecf00000)
 ParOldGen       total 84992K, used 0K [0x00000000c0000000, 0x00000000c5300000, 0x00000000eab00000)
  object space 84992K, 0% used [0x00000000c0000000,0x00000000c0000000,0x00000000c5300000)
 Metaspace       used 5973K, capacity 6896K, committed 7040K, reserved 1056768K
  class space    used 574K, capacity 616K, committed 640K, reserved 1048576K
Event: 2.247 GC heap after
Heap after GC invocations=1 (full 0):
 PSYoungGen      total 36864K, used 5119K [0x00000000eab00000, 0x00000000ef300000, 0x0000000100000000)
  eden space 31744K, 0% used [0x00000000eab00000,0x00000000eab00000,0x00000000eca00000)
  from space 5120K, 99% used [0x00000000eca00000,0x00000000eceffca8,0x00000000ecf00000)
  to   space 5120K, 0% used [0x00000000eee00000,0x00000000eee00000,0x00000000ef300000)
 ParOldGen       total 84992K, used 1852K [0x00000000c0000000, 0x00000000c5300000, 0x00000000eab00000)
  object space 84992K, 2% used [0x00000000c0000000,0x00000000c01cf210,0x00000000c5300000)
 Metaspace       used 5973K, capacity 6896K, committed 7040K, reserved 1056768K
  class space    used 574K, capacity 616K, committed 640K, reserved 1048576K
}

Deoptimization events (9 events):
Event: 0.311 Thread 0x0000000002510800 Uncommon trap: reason=unstable_if action=reinterpret pc=0x000000000274ff50 method=java.lang.String.indexOf(II)I @ 49
Event: 0.659 Thread 0x00000000166bc800 Uncommon trap: reason=unstable_if action=reinterpret pc=0x000000000283c108 method=java.util.HashMap.getNode(ILjava/lang/Object;)Ljava/util/HashMap$Node; @ 62
Event: 0.978 Thread 0x0000000002510800 Uncommon trap: reason=unstable_if action=reinterpret pc=0x00000000027d7110 method=java.lang.String.<init>([CII)V @ 18
Event: 1.098 Thread 0x00000000166c0000 Uncommon trap: reason=null_check action=make_not_entrant pc=0x00000000029c6bc4 method=com.android.dx.ssa.SsaRenamer.getLocalForNewReg(I)Lcom/android/dx/rop/code/LocalItem; @ 19
Event: 1.134 Thread 0x0000000002510800 Uncommon trap: reason=unstable_if action=reinterpret pc=0x00000000027e0b68 method=java.lang.String.<init>([CII)V @ 18
Event: 1.826 Thread 0x00000000166bc800 Uncommon trap: reason=null_check action=make_not_entrant pc=0x0000000002962b28 method=com.android.dx.rop.type.Type.equals(Ljava/lang/Object;)Z @ 8
Event: 1.874 Thread 0x00000000166bc800 Uncommon trap: reason=unstable_if action=reinterpret pc=0x00000000028e6a04 method=com.android.dx.rop.code.RegisterSpec.equals(ILcom/android/dx/rop/type/TypeBearer;Lcom/android/dx/rop/code/LocalItem;)Z @ 42
Event: 1.900 Thread 0x00000000166c0000 Uncommon trap: reason=unstable_if action=reinterpret pc=0x00000000029fcd9c method=com.android.dx.rop.cst.Constant.compareTo(Lcom/android/dx/rop/cst/Constant;)I @ 12
Event: 2.045 Thread 0x0000000002510800 Uncommon trap: reason=unstable_if action=reinterpret pc=0x0000000002a6dcdc method=com.android.dx.ssa.SsaMethod.updateOneDefinition(Lcom/android/dx/ssa/SsaInsn;Lcom/android/dx/rop/code/RegisterSpec;)V @ 4

Internal exceptions (4 events):
Event: 0.040 Thread 0x0000000002510800 Exception <a 'java/lang/NoSuchMethodError': Method sun.misc.Unsafe.defineClass(Ljava/lang/String;[BII)Ljava/lang/Class; name or signature does not match> (0x00000000eab07cc0) thrown at [C:\src\android\AOSP-openjdk\external\jetbrains\jdk\hotspot\src\share\vû‹¨doº§?
Event: 0.041 Thread 0x0000000002510800 Exception <a 'java/lang/NoSuchMethodError': Method sun.misc.Unsafe.prefetchRead(Ljava/lang/Object;J)V name or signature does not match> (0x00000000eab07fa8) thrown at [C:\src\android\AOSP-openjdk\external\jetbrains\jdk\hotspot\src\share\vm\prims\jni.cpp, lE•n÷ÅèÒ?
Event: 1.098 Thread 0x00000000166c0000 Implicit null exception at 0x00000000029c42d4 to 0x00000000029c6b79
Event: 1.826 Thread 0x00000000166bc800 Implicit null exception at 0x0000000002962a22 to 0x0000000002962b1a

Events (10 events):
Event: 1.900 Thread 0x00000000166c0000 Uncommon trap: trap_request=0xffffff65 fr.pc=0x00000000029fcd9c
Event: 1.900 Thread 0x00000000166c0000 DEOPT PACKING pc=0x00000000029fcd9c sp=0x0000000016e3ea30
Event: 1.900 Thread 0x00000000166c0000 DEOPT UNPACKING pc=0x000000000265556a sp=0x0000000016e3e9d0 mode 2
Event: 2.044 loading class com/android/dx/rop/code/RegOps
Event: 2.044 loading class com/android/dx/rop/code/RegOps done
Event: 2.045 Thread 0x0000000002510800 Uncommon trap: trap_request=0xffffff65 fr.pc=0x0000000002a6dcdc
Event: 2.045 Thread 0x0000000002510800 DEOPT PACKING pc=0x0000000002a6dcdc sp=0x000000000240dfe0
Event: 2.045 Thread 0x0000000002510800 DEOPT UNPACKING pc=0x000000000265556a sp=0x000000000240df88 mode 2
Event: 2.052 Executing VM operation: ParallelGCFailedAllocation
Event: 2.247 Executing VM operation: ParallelGCFailedAllocation done


Dynamic libraries:
0x00007ff75b500000 - 0x00007ff75b535000 	E:\Android\android-studio-ide-145.2915834-windows\jre\bin\java.exe
0x00007ffbe4110000 - 0x00007ffbe42d1000 	C:\Windows\SYSTEM32\ntdll.dll
0x00007ffbe2080000 - 0x00007ffbe212d000 	C:\Windows\system32\KERNEL32.DLL
0x00007ffbe0ec0000 - 0x00007ffbe10a8000 	C:\Windows\system32\KERNELBASE.dll
0x00007ffbe3c80000 - 0x00007ffbe3d27000 	C:\Windows\system32\ADVAPI32.dll
0x00007ffbe4070000 - 0x00007ffbe410d000 	C:\Windows\system32\msvcrt.dll
0x00007ffbe22d0000 - 0x00007ffbe232b000 	C:\Windows\system32\sechost.dll
0x00007ffbe1d60000 - 0x00007ffbe1e7c000 	C:\Windows\system32\RPCRT4.dll
0x00007ffbe1970000 - 0x00007ffbe1ac6000 	C:\Windows\system32\USER32.dll
0x00007ffbe2140000 - 0x00007ffbe22c6000 	C:\Windows\system32\GDI32.dll
0x00007ffbd49b0000 - 0x00007ffbd4c24000 	C:\Windows\WinSxS\amd64_microsoft.windows.common-controls_6595b64144ccf1df_6.0.10586.0_none_8c15ae12515e1c22\COMCTL32.dll
0x00007ffbe24a0000 - 0x00007ffbe271d000 	C:\Windows\system32\combase.dll
0x00007ffbe14a0000 - 0x00007ffbe150a000 	C:\Windows\system32\bcryptPrimitives.dll
0x00007ffbe1ef0000 - 0x00007ffbe1f2b000 	C:\Windows\system32\IMM32.DLL
0x000000005d820000 - 0x000000005d8f2000 	E:\Android\android-studio-ide-145.2915834-windows\jre\jre\bin\msvcr100.dll
0x000000005d900000 - 0x000000005e134000 	E:\Android\android-studio-ide-145.2915834-windows\jre\jre\bin\server\jvm.dll
0x00007ffbe1530000 - 0x00007ffbe1538000 	C:\Windows\system32\PSAPI.DLL
0x00007ffbdd900000 - 0x00007ffbdd909000 	C:\Windows\SYSTEM32\WSOCK32.dll
0x00007ffbe3d30000 - 0x00007ffbe3d9b000 	C:\Windows\system32\WS2_32.dll
0x00007ffbdea60000 - 0x00007ffbdea83000 	C:\Windows\SYSTEM32\WINMM.dll
0x00007ffbd61b0000 - 0x00007ffbd61ba000 	C:\Windows\SYSTEM32\VERSION.dll
0x00007ffbdea00000 - 0x00007ffbdea2c000 	C:\Windows\SYSTEM32\WINMMBASE.dll
0x00007ffbe1300000 - 0x00007ffbe1343000 	C:\Windows\system32\cfgmgr32.dll
0x00007ffbdbbd0000 - 0x00007ffbdbbdf000 	E:\Android\android-studio-ide-145.2915834-windows\jre\jre\bin\verify.dll
0x00007ffbdba90000 - 0x00007ffbdbab9000 	E:\Android\android-studio-ide-145.2915834-windows\jre\jre\bin\java.dll
0x00007ffbdba70000 - 0x00007ffbdba86000 	E:\Android\android-studio-ide-145.2915834-windows\jre\jre\bin\zip.dll
0x00007ffbe2720000 - 0x00007ffbe3c7c000 	C:\Windows\system32\SHELL32.dll
0x00007ffbe07c0000 - 0x00007ffbe0e05000 	C:\Windows\system32\windows.storage.dll
0x00007ffbe2440000 - 0x00007ffbe2492000 	C:\Windows\system32\shlwapi.dll
0x00007ffbe0730000 - 0x00007ffbe073f000 	C:\Windows\system32\kernel.appcore.dll
0x00007ffbe1350000 - 0x00007ffbe1405000 	C:\Windows\system32\shcore.dll
0x00007ffbe0770000 - 0x00007ffbe07bb000 	C:\Windows\system32\powrprof.dll
0x00007ffbe0740000 - 0x00007ffbe0754000 	C:\Windows\system32\profapi.dll

VM Arguments:
jvm_args: -Djava.awt.headless=true -Xmx1024M -Dfile.encoding=GBK -Duser.country=CN -Duser.language=zh -Duser.variant 
java_command: com.android.dx.command.Main --dex --num-threads=4 --output E:\Teapopo\app\build\intermediates\pre-dexed\debug\jackson-core-2.5.1_9851aa8e09bd9550729a788673a05bbcacef8540.jar C:\Users\lhq\.gradle\caches\modules-2\files-2.1\com.fasterxml.jackson.core\jackson-core\2.5.1\e2a00ad1d7e540ec395e9296a34da484c8888d4d\jackson-core-2.5.1.jar
java_class_path (initial): C:\Users\lhq\AppData\Local\Android\sdk\build-tools\23.0.3\lib\dx.jar
Launcher Type: SUN_STANDARD

Environment Variables:
JAVA_HOME=C:\Program Files\Java\jdk1.8.0_91
PATH=C:\ProgramData\Oracle\Java\javapath;C:\Windows\system32;C:\Windows;C:\Windows\System32\Wbem;C:\Windows\System32\WindowsPowerShell\v1.0\;C:\Users\lhq\AppData\Local\Android\sdk\platform-tools;C:\Users\lhq\AppData\Local\Android\sdk\tools;C:\Program Files\Java\jdk1.8.0_91\bin;C:\Program Files\Java\jdk1.8.0_91\jre\bin
USERNAME=lhq
OS=Windows_NT
PROCESSOR_IDENTIFIER=Intel64 Family 6 Model 69 Stepping 1, GenuineIntel



---------------  S Y S T E M  ---------------

OS: Windows 10.0 , 64 bit Build 10586 (10.0.10586.0)

CPU:total 4 (2 cores per cpu, 2 threads per core) family 6 model 69 stepping 1, cmov, cx8, fxsr, mmx, sse, sse2, sse3, ssse3, sse4.1, sse4.2, popcnt, avx, avx2, aes, clmul, erms, lzcnt, ht, tsc, tscinvbit, bmi1, bmi2

Memory: 4k page, physical 8067548k(1077496k free), swap 8067548k(6048k free)

vm_info: OpenJDK 64-Bit Server VM (25.76-b01) for windows-amd64 JRE (1.8.0_76-release-b01), built on May 12 2016 23:29:00 by "ralucas" with MS VC++ 10.0 (VS2010)

time: Fri Jul 15 16:50:07 2016
elapsed time: 2 seconds (0d 0h 0m 2s)

