#
# There is insufficient memory for the Java Runtime Environment to continue.
# Native memory allocation (malloc) failed to allocate 121856 bytes for Chunk::new
# Possible reasons:
#   The system is out of physical RAM or swap space
#   In 32 bit mode, the process size limit was hit
# Possible solutions:
#   Reduce memory load on the system
#   Increase physical memory or swap space
#   Check if swap backing store is full
#   Use 64 bit Java on a 64 bit OS
#   Decrease Java heap size (-Xmx/-Xms)
#   Decrease number of Java threads
#   Decrease Java thread stack sizes (-Xss)
#   Set larger code cache with -XX:ReservedCodeCacheSize=
# This output file may be truncated or incomplete.
#
#  Out of Memory Error (allocation.cpp:390), pid=16544, tid=0x0000000000004248
#
# JRE version: OpenJDK Runtime Environment (8.0_76-b01) (build 1.8.0_76-release-b01)
# Java VM: OpenJDK 64-Bit Server VM (25.76-b01 mixed mode windows-amd64 compressed oops)
# Failed to write core dump. Minidumps are not enabled by default on client versions of Windows
#

---------------  T H R E A D  ---------------

Current thread (0x0000000014d0c800):  JavaThread "C2 CompilerThread1" daemon [_thread_in_native, id=16968, stack(0x0000000016310000,0x0000000016410000)]

Stack: [0x0000000016310000,0x0000000016410000]
[error occurred during error reporting (printing stack bounds), id 0xc0000005]

Native frames: (J=compiled Java code, j=interpreted, Vv=VM code, C=native code)


Current CompileTask:
C2:   1029  635       4       java.util.HashSet::contains (9 bytes)


---------------  P R O C E S S  ---------------

Java Threads: ( => current thread )
  0x000000001669a800 JavaThread "pool-1-thread-4" [_thread_in_vm, id=16660, stack(0x0000000016f10000,0x0000000017010000)]
  0x0000000016695800 JavaThread "pool-2-thread-1" [_thread_blocked, id=16600, stack(0x0000000016c10000,0x0000000016d10000)]
  0x0000000016694800 JavaThread "pool-1-thread-1" [_thread_in_Java, id=16596, stack(0x0000000016b10000,0x0000000016c10000)]
  0x000000001646e000 JavaThread "Service Thread" daemon [_thread_blocked, id=16876, stack(0x0000000016910000,0x0000000016a10000)]
  0x0000000016466000 JavaThread "C1 CompilerThread2" daemon [_thread_in_native, id=17024, stack(0x0000000016810000,0x0000000016910000)]
=>0x0000000014d0c800 JavaThread "C2 CompilerThread1" daemon [_thread_in_native, id=16968, stack(0x0000000016310000,0x0000000016410000)]
  0x0000000014cbe000 JavaThread "C2 CompilerThread0" daemon [_thread_in_native, id=16964, stack(0x0000000016210000,0x0000000016310000)]
  0x0000000014cbd000 JavaThread "Attach Listener" daemon [_thread_blocked, id=16960, stack(0x0000000016110000,0x0000000016210000)]
  0x0000000014cbb000 JavaThread "Signal Dispatcher" daemon [_thread_blocked, id=16956, stack(0x0000000016010000,0x0000000016110000)]
  0x0000000014c98000 JavaThread "Finalizer" daemon [_thread_blocked, id=16748, stack(0x0000000015f10000,0x0000000016010000)]
  0x00000000024d0000 JavaThread "Reference Handler" daemon [_thread_blocked, id=16680, stack(0x0000000015e10000,0x0000000015f10000)]
  0x00000000023e0800 JavaThread "main" [_thread_blocked, id=16988, stack(0x0000000001f40000,0x0000000002040000)]

Other Threads:
  0x0000000014c75800 VMThread [stack: 0x0000000015d10000,0x0000000015e10000] [id=16628]
  0x0000000016470000 WatcherThread [stack: 0x0000000016a10000,0x0000000016b10000] [id=16868]

VM state:not at safepoint (normal execution)

VM Mutex/Monitor currently owned by a thread: None

Heap:
 PSYoungGen      total 36864K, used 13619K [0x00000000eab00000, 0x00000000ed400000, 0x0000000100000000)
  eden space 31744K, 42% used [0x00000000eab00000,0x00000000eb84cec0,0x00000000eca00000)
  from space 5120K, 0% used [0x00000000ecf00000,0x00000000ecf00000,0x00000000ed400000)
  to   space 5120K, 0% used [0x00000000eca00000,0x00000000eca00000,0x00000000ecf00000)
 ParOldGen       total 84992K, used 0K [0x00000000c0000000, 0x00000000c5300000, 0x00000000eab00000)
  object space 84992K, 0% used [0x00000000c0000000,0x00000000c0000000,0x00000000c5300000)
 Metaspace       used 5589K, capacity 6576K, committed 6784K, reserved 1056768K
  class space    used 574K, capacity 616K, committed 640K, reserved 1048576K

Card table byte_map: [0x00000000119a0000,0x0000000011bb0000] byte_map_base: 0x00000000113a0000

Marking Bits: (ParMarkBitMap*) 0x000000005e0b9d00
 Begin Bits: [0x0000000012110000, 0x0000000013110000)
 End Bits:   [0x0000000013110000, 0x0000000014110000)

Polling page: 0x0000000002040000

CodeCache: size=245760Kb used=2487Kb max_used=2487Kb free=243273Kb
 bounds [0x00000000025e0000, 0x0000000002850000, 0x00000000115e0000]
 total_blobs=897 nmethods=627 adapters=184
 compilation: enabled

Compilation events (10 events):
Event: 1.023 Thread 0x0000000014cbe000 nmethod 629 0x0000000002808790 code [0x00000000028088c0, 0x0000000002808938]
Event: 1.023 Thread 0x0000000016466000 nmethod 623 0x0000000002846290 code [0x0000000002846460, 0x0000000002846d18]
Event: 1.023 Thread 0x0000000016466000  628       3       com.android.dx.ssa.SCCP::simulateBranch (666 bytes)
Event: 1.023 Thread 0x0000000014d0c800 nmethod 627 0x0000000002840010 code [0x0000000002840160, 0x0000000002840268]
Event: 1.023 Thread 0x0000000014d0c800  635       4       java.util.HashSet::contains (9 bytes)
Event: 1.023 Thread 0x0000000014cbe000  636       4       java.util.HashMap::getNode (148 bytes)
Event: 1.026 Thread 0x0000000016466000 nmethod 628 0x0000000002848890 code [0x0000000002848d40, 0x000000000284c918]
Event: 1.026 Thread 0x0000000016466000  631       3       com.android.dx.rop.cst.CstMemberRef::compareTo0 (49 bytes)
Event: 1.028 Thread 0x0000000016466000 nmethod 631 0x0000000002842650 code [0x00000000028428a0, 0x0000000002843c38]
Event: 1.028 Thread 0x0000000016466000  630       3       com.android.dx.rop.code.BasicBlock::getLastInsn (8 bytes)

GC Heap History (0 events):
No events

Deoptimization events (1 events):
Event: 0.838 Thread 0x000000001669a800 Uncommon trap: reason=unstable_if action=reinterpret pc=0x00000000027cfb5c method=java.util.HashMap.getNode(ILjava/lang/Object;)Ljava/util/HashMap$Node; @ 129

Internal exceptions (2 events):
Event: 0.043 Thread 0x00000000023e0800 Exception <a 'java/lang/NoSuchMethodError': Method sun.misc.Unsafe.defineClass(Ljava/lang/String;[BII)Ljava/lang/Class; name or signature does not match> (0x00000000eab07cc0) thrown at [C:\src\android\AOSP-openjdk\external\jetbrains\jdk\hotspot\src\share\v…@Ââ=¦?
Event: 0.043 Thread 0x00000000023e0800 Exception <a 'java/lang/NoSuchMethodError': Method sun.misc.Unsafe.prefetchRead(Ljava/lang/Object;J)V name or signature does not match> (0x00000000eab07fa8) thrown at [C:\src\android\AOSP-openjdk\external\jetbrains\jdk\hotspot\src\share\vm\prims\jni.cpp, l

Events (10 events):
Event: 0.759 loading class com/android/dx/ssa/PhiInsn$Operand done
Event: 0.777 loading class com/android/dx/ssa/back/FirstFitLocalCombiningAllocator$Multiset
Event: 0.777 loading class com/android/dx/ssa/back/FirstFitLocalCombiningAllocator$Multiset done
Event: 0.786 Thread 0x0000000016699800 Thread exited: 0x0000000016699800
Event: 0.838 Thread 0x000000001669a800 Uncommon trap: trap_request=0xffffff65 fr.pc=0x00000000027cfb5c
Event: 0.838 Thread 0x000000001669a800 DEOPT PACKING pc=0x00000000027cfb5c sp=0x000000001700e690
Event: 0.838 Thread 0x000000001669a800 DEOPT UNPACKING pc=0x000000000262556a sp=0x000000001700e608 mode 2
Event: 0.849 loading class java/util/DualPivotQuicksort
Event: 0.849 loading class java/util/DualPivotQuicksort done
Event: 1.023 Thread 0x000000001669e000 Thread exited: 0x000000001669e000


Dynamic libraries:
0x00007ff75b500000 - 0x00007ff75b535000 	E:\Android\android-studio-ide-145.2915834-windows\jre\bin\java.exe
0x00007ffbe4110000 - 0x00007ffbe42d1000 	C:\Windows\SYSTEM32\ntdll.dll
0x00007ffbe2080000 - 0x00007ffbe212d000 	C:\Windows\system32\KERNEL32.DLL
0x00007ffbe0ec0000 - 0x00007ffbe10a8000 	C:\Windows\system32\KERNELBASE.dll
0x00007ffbe3c80000 - 0x00007ffbe3d27000 	C:\Windows\system32\ADVAPI32.dll
0x00007ffbe4070000 - 0x00007ffbe410d000 	C:\Windows\system32\msvcrt.dll
0x00007ffbe22d0000 - 0x00007ffbe232b000 	C:\Windows\system32\sechost.dll
0x00007ffbe1d60000 - 0x00007ffbe1e7c000 	C:\Windows\system32\RPCRT4.dll
0x00007ffbe1970000 - 0x00007ffbe1ac6000 	C:\Windows\system32\USER32.dll
0x00007ffbe2140000 - 0x00007ffbe22c6000 	C:\Windows\system32\GDI32.dll
0x00007ffbd49b0000 - 0x00007ffbd4c24000 	C:\Windows\WinSxS\amd64_microsoft.windows.common-controls_6595b64144ccf1df_6.0.10586.0_none_8c15ae12515e1c22\COMCTL32.dll
0x00007ffbe24a0000 - 0x00007ffbe271d000 	C:\Windows\system32\combase.dll
0x00007ffbe14a0000 - 0x00007ffbe150a000 	C:\Windows\system32\bcryptPrimitives.dll
0x00007ffbe1ef0000 - 0x00007ffbe1f2b000 	C:\Windows\system32\IMM32.DLL
0x000000005d820000 - 0x000000005d8f2000 	E:\Android\android-studio-ide-145.2915834-windows\jre\jre\bin\msvcr100.dll
0x000000005d900000 - 0x000000005e134000 	E:\Android\android-studio-ide-145.2915834-windows\jre\jre\bin\server\jvm.dll
0x00007ffbe1530000 - 0x00007ffbe1538000 	C:\Windows\system32\PSAPI.DLL
0x00007ffbdd900000 - 0x00007ffbdd909000 	C:\Windows\SYSTEM32\WSOCK32.dll
0x00007ffbe3d30000 - 0x00007ffbe3d9b000 	C:\Windows\system32\WS2_32.dll
0x00007ffbdea60000 - 0x00007ffbdea83000 	C:\Windows\SYSTEM32\WINMM.dll
0x00007ffbd61b0000 - 0x00007ffbd61ba000 	C:\Windows\SYSTEM32\VERSION.dll
0x00007ffbdea00000 - 0x00007ffbdea2c000 	C:\Windows\SYSTEM32\winmmbase.dll
0x00007ffbe1300000 - 0x00007ffbe1343000 	C:\Windows\system32\cfgmgr32.dll
0x00007ffbdbbd0000 - 0x00007ffbdbbdf000 	E:\Android\android-studio-ide-145.2915834-windows\jre\jre\bin\verify.dll
0x00007ffbdba90000 - 0x00007ffbdbab9000 	E:\Android\android-studio-ide-145.2915834-windows\jre\jre\bin\java.dll
0x00007ffbdba70000 - 0x00007ffbdba86000 	E:\Android\android-studio-ide-145.2915834-windows\jre\jre\bin\zip.dll
0x00007ffbe2720000 - 0x00007ffbe3c7c000 	C:\Windows\system32\SHELL32.dll
0x00007ffbe07c0000 - 0x00007ffbe0e05000 	C:\Windows\system32\windows.storage.dll
0x00007ffbe2440000 - 0x00007ffbe2492000 	C:\Windows\system32\shlwapi.dll
0x00007ffbe0730000 - 0x00007ffbe073f000 	C:\Windows\system32\kernel.appcore.dll
0x00007ffbe1350000 - 0x00007ffbe1405000 	C:\Windows\system32\shcore.dll
0x00007ffbe0770000 - 0x00007ffbe07bb000 	C:\Windows\system32\powrprof.dll
0x00007ffbe0740000 - 0x00007ffbe0754000 	C:\Windows\system32\profapi.dll

VM Arguments:
jvm_args: -Djava.awt.headless=true -Xmx1024M -Dfile.encoding=GBK -Duser.country=CN -Duser.language=zh -Duser.variant 
java_command: com.android.dx.command.Main --dex --num-threads=4 --output E:\Teapopo\app\build\intermediates\pre-dexed\debug\me.yokeyword-fragmentation-swipeback-0.3.0_9017f75c723eac66a1699f3697a38b7bafb0bf62.jar E:\Teapopo\app\build\intermediates\exploded-aar\me.yokeyword\fragmentation-swipeback\0.3.0\jars\classes.jar
java_class_path (initial): C:\Users\lhq\AppData\Local\Android\sdk\build-tools\23.0.3\lib\dx.jar
Launcher Type: SUN_STANDARD

Environment Variables:
JAVA_HOME=C:\Program Files\Java\jdk1.8.0_91
PATH=C:\ProgramData\Oracle\Java\javapath;C:\Windows\system32;C:\Windows;C:\Windows\System32\Wbem;C:\Windows\System32\WindowsPowerShell\v1.0\;C:\Users\lhq\AppData\Local\Android\sdk\platform-tools;C:\Users\lhq\AppData\Local\Android\sdk\tools;C:\Program Files\Java\jdk1.8.0_91\bin;C:\Program Files\Java\jdk1.8.0_91\jre\bin
USERNAME=lhq
OS=Windows_NT
PROCESSOR_IDENTIFIER=Intel64 Family 6 Model 69 Stepping 1, GenuineIntel



---------------  S Y S T E M  ---------------

OS: Windows 10.0 , 64 bit Build 10586 (10.0.10586.0)

CPU:total 4 (2 cores per cpu, 2 threads per core) family 6 model 69 stepping 1, cmov, cx8, fxsr, mmx, sse, sse2, sse3, ssse3, sse4.1, sse4.2, popcnt, avx, avx2, aes, clmul, erms, lzcnt, ht, tsc, tscinvbit, bmi1, bmi2

Memory: 4k page, physical 8067548k(1125248k free), swap 8067548k(3060k free)

vm_info: OpenJDK 64-Bit Server VM (25.76-b01) for windows-amd64 JRE (1.8.0_76-release-b01), built on May 12 2016 23:29:00 by "ralucas" with MS VC++ 10.0 (VS2010)

time: Fri Jul 15 16:50:09 2016
elapsed time: 1 seconds (0d 0h 0m 1s)

