#
# There is insufficient memory for the Java Runtime Environment to continue.
# Native memory allocation (malloc) failed to allocate 1048576 bytes for AllocateHeap
# Possible reasons:
#   The system is out of physical RAM or swap space
#   In 32 bit mode, the process size limit was hit
# Possible solutions:
#   Reduce memory load on the system
#   Increase physical memory or swap space
#   Check if swap backing store is full
#   Use 64 bit Java on a 64 bit OS
#   Decrease Java heap size (-Xmx/-Xms)
#   Decrease number of Java threads
#   Decrease Java thread stack sizes (-Xss)
#   Set larger code cache with -XX:ReservedCodeCacheSize=
# This output file may be truncated or incomplete.
#
#  Out of Memory Error (memory/allocation.inline.hpp:61), pid=5124, tid=0x000000000000099c
#
# JRE version:  (8.0_76-b01) (build )
# Java VM: OpenJDK 64-Bit Server VM (25.76-b01 mixed mode windows-amd64 compressed oops)
# Failed to write core dump. Minidumps are not enabled by default on client versions of Windows
#

---------------  T H R E A D  ---------------

Current thread (0x0000000002490800):  JavaThread "Unknown thread" [_thread_in_vm, id=2460, stack(0x0000000002390000,0x0000000002490000)]

Stack: [0x0000000002390000,0x0000000002490000]
[error occurred during error reporting (printing stack bounds), id 0xc0000005]

Native frames: (J=compiled Java code, j=interpreted, Vv=VM code, C=native code)


---------------  P R O C E S S  ---------------

Java Threads: ( => current thread )

Other Threads:

=>0x0000000002490800 (exited) JavaThread "Unknown thread" [_thread_in_vm, id=2460, stack(0x0000000002390000,0x0000000002490000)]

VM state:not at safepoint (normal execution)

VM Mutex/Monitor currently owned by a thread: None

Heap:
 PSYoungGen      total 36864K, used 634K [0x00000000eab00000, 0x00000000ed400000, 0x0000000100000000)
  eden space 31744K, 2% used [0x00000000eab00000,0x00000000eab9eb90,0x00000000eca00000)
  from space 5120K, 0% used [0x00000000ecf00000,0x00000000ecf00000,0x00000000ed400000)
  to   space 5120K, 0% used [0x00000000eca00000,0x00000000eca00000,0x00000000ecf00000)
 ParOldGen       total 84992K, used 0K [0x00000000c0000000, 0x00000000c5300000, 0x00000000eab00000)
  object space 84992K, 0% used [0x00000000c0000000,0x00000000c0000000,0x00000000c5300000)
 Metaspace       used 771K, capacity 4480K, committed 4480K, reserved 1056768K
  class space    used 73K, capacity 384K, committed 384K, reserved 1048576K

Card table byte_map: [0x0000000011950000,0x0000000011b60000] byte_map_base: 0x0000000011350000

Marking Bits: (ParMarkBitMap*) 0x0000000057ac9d00
 Begin Bits: [0x00000000120c0000, 0x00000000130c0000)
 End Bits:   [0x00000000130c0000, 0x00000000140c0000)

Polling page: 0x0000000000460000

CodeCache: size=245760Kb used=328Kb max_used=328Kb free=245431Kb
 bounds [0x0000000002590000, 0x0000000002800000, 0x0000000011590000]
 total_blobs=57 nmethods=0 adapters=38
 compilation: enabled

Compilation events (0 events):
No events

GC Heap History (0 events):
No events

Deoptimization events (0 events):
No events

Internal exceptions (0 events):
No events

Events (10 events):
Event: 0.027 loading class java/lang/Short
Event: 0.027 loading class java/lang/Short done
Event: 0.027 loading class java/lang/Integer
Event: 0.028 loading class java/lang/Integer done
Event: 0.028 loading class java/lang/Long
Event: 0.028 loading class java/lang/Long done
Event: 0.029 loading class java/lang/NullPointerException
Event: 0.029 loading class java/lang/NullPointerException done
Event: 0.029 loading class java/lang/ArithmeticException
Event: 0.029 loading class java/lang/ArithmeticException done


Dynamic libraries:
0x00007ff7dd770000 - 0x00007ff7dd7a5000 	E:\Android\android-studio-ide-145.2915834-windows\jre\bin\java.exe
0x00007ffbe4100000 - 0x00007ffbe42c1000 	C:\Windows\SYSTEM32\ntdll.dll
0x00007ffbe1510000 - 0x00007ffbe15bd000 	C:\Windows\system32\KERNEL32.DLL
0x00007ffbe1110000 - 0x00007ffbe12f8000 	C:\Windows\system32\KERNELBASE.dll
0x00007ffbe3ee0000 - 0x00007ffbe3f87000 	C:\Windows\system32\ADVAPI32.dll
0x00007ffbe3e40000 - 0x00007ffbe3edd000 	C:\Windows\system32\msvcrt.dll
0x00007ffbe3de0000 - 0x00007ffbe3e3b000 	C:\Windows\system32\sechost.dll
0x00007ffbe37b0000 - 0x00007ffbe38cc000 	C:\Windows\system32\RPCRT4.dll
0x00007ffbe3fa0000 - 0x00007ffbe40f6000 	C:\Windows\system32\USER32.dll
0x00007ffbe1c80000 - 0x00007ffbe1e06000 	C:\Windows\system32\GDI32.dll
0x00007ffbd3250000 - 0x00007ffbd34c4000 	C:\Windows\WinSxS\amd64_microsoft.windows.common-controls_6595b64144ccf1df_6.0.10586.0_none_8c15ae12515e1c22\COMCTL32.dll
0x00007ffbe39e0000 - 0x00007ffbe3c5d000 	C:\Windows\system32\combase.dll
0x00007ffbe07b0000 - 0x00007ffbe081a000 	C:\Windows\system32\bcryptPrimitives.dll
0x00007ffbe38d0000 - 0x00007ffbe390b000 	C:\Windows\system32\IMM32.DLL
0x0000000057230000 - 0x0000000057302000 	E:\Android\android-studio-ide-145.2915834-windows\jre\jre\bin\msvcr100.dll
0x0000000057310000 - 0x0000000057b44000 	E:\Android\android-studio-ide-145.2915834-windows\jre\jre\bin\server\jvm.dll
0x00007ffbe3f90000 - 0x00007ffbe3f98000 	C:\Windows\system32\PSAPI.DLL
0x00007ffbdd270000 - 0x00007ffbdd279000 	C:\Windows\SYSTEM32\WSOCK32.dll
0x00007ffbe36e0000 - 0x00007ffbe374b000 	C:\Windows\system32\WS2_32.dll
0x00007ffbdea40000 - 0x00007ffbdea63000 	C:\Windows\SYSTEM32\WINMM.dll
0x00007ffbd4250000 - 0x00007ffbd425a000 	C:\Windows\SYSTEM32\VERSION.dll
0x00007ffbde9e0000 - 0x00007ffbdea0c000 	C:\Windows\SYSTEM32\WINMMBASE.dll
0x00007ffbe13c0000 - 0x00007ffbe1403000 	C:\Windows\system32\cfgmgr32.dll
0x00007ffbdd180000 - 0x00007ffbdd18f000 	E:\Android\android-studio-ide-145.2915834-windows\jre\jre\bin\verify.dll
0x00007ffbd8020000 - 0x00007ffbd8049000 	E:\Android\android-studio-ide-145.2915834-windows\jre\jre\bin\java.dll
0x00007ffbd5550000 - 0x00007ffbd5566000 	E:\Android\android-studio-ide-145.2915834-windows\jre\jre\bin\zip.dll

VM Arguments:
jvm_args: -Djava.awt.headless=true -Xmx1024M -Dfile.encoding=GBK -Duser.country=CN -Duser.language=zh -Duser.variant 
java_command: com.android.dx.command.Main --dex --num-threads=4 --output E:\Teapopo\app\build\intermediates\pre-dexed\debug\ShareSDK-Pinterest-2.7.1_d87b1136cea203067726784128699271cbc09f74.jar E:\Teapopo\app\libs\ShareSDK-Pinterest-2.7.1.jar
java_class_path (initial): C:\Users\lhq\AppData\Local\Android\sdk\build-tools\23.0.3\lib\dx.jar
Launcher Type: SUN_STANDARD

Environment Variables:
JAVA_HOME=C:\Program Files\Java\jdk1.8.0_91
PATH=C:\ProgramData\Oracle\Java\javapath;C:\Windows\system32;C:\Windows;C:\Windows\System32\Wbem;C:\Windows\System32\WindowsPowerShell\v1.0\;C:\Users\lhq\AppData\Local\Android\sdk\platform-tools;C:\Users\lhq\AppData\Local\Android\sdk\tools;C:\Program Files\Java\jdk1.8.0_91\bin;C:\Program Files\Java\jdk1.8.0_91\jre\bin
USERNAME=lhq
OS=Windows_NT
PROCESSOR_IDENTIFIER=Intel64 Family 6 Model 69 Stepping 1, GenuineIntel



---------------  S Y S T E M  ---------------

OS: Windows 10.0 , 64 bit Build 10586 (10.0.10586.0)

CPU:total 4 (2 cores per cpu, 2 threads per core) family 6 model 69 stepping 1, cmov, cx8, fxsr, mmx, sse, sse2, sse3, ssse3, sse4.1, sse4.2, popcnt, avx, avx2, aes, clmul, erms, lzcnt, ht, tsc, tscinvbit, bmi1, bmi2

Memory: 4k page, physical 8067548k(803028k free), swap 8067548k(38924k free)

vm_info: OpenJDK 64-Bit Server VM (25.76-b01) for windows-amd64 JRE (1.8.0_76-release-b01), built on May 12 2016 23:29:00 by "ralucas" with MS VC++ 10.0 (VS2010)

time: Thu Jun 30 10:49:16 2016
elapsed time: 0 seconds (0d 0h 0m 0s)

