#
# There is insufficient memory for the Java Runtime Environment to continue.
# Native memory allocation (malloc) failed to allocate 1975536 bytes for Chunk::new
# Possible reasons:
#   The system is out of physical RAM or swap space
#   In 32 bit mode, the process size limit was hit
# Possible solutions:
#   Reduce memory load on the system
#   Increase physical memory or swap space
#   Check if swap backing store is full
#   Use 64 bit Java on a 64 bit OS
#   Decrease Java heap size (-Xmx/-Xms)
#   Decrease number of Java threads
#   Decrease Java thread stack sizes (-Xss)
#   Set larger code cache with -XX:ReservedCodeCacheSize=
# This output file may be truncated or incomplete.
#
#  Out of Memory Error (allocation.cpp:390), pid=146916, tid=0x0000000000024ab0
#
# JRE version: OpenJDK Runtime Environment (8.0_76-b01) (build 1.8.0_76-release-b01)
# Java VM: OpenJDK 64-Bit Server VM (25.76-b01 mixed mode windows-amd64 compressed oops)
# Failed to write core dump. Minidumps are not enabled by default on client versions of Windows
#

---------------  T H R E A D  ---------------

Current thread (0x0000000014e20000):  JavaThread "C2 CompilerThread1" daemon [_thread_in_native, id=150192, stack(0x00000000168c0000,0x00000000169c0000)]

Stack: [0x00000000168c0000,0x00000000169c0000]
[error occurred during error reporting (printing stack bounds), id 0xc0000005]

Native frames: (J=compiled Java code, j=interpreted, Vv=VM code, C=native code)


Current CompileTask:
C2:   1160  724       4       com.android.dx.merge.IndexMap$EncodedValueTransformer::transform (495 bytes)


---------------  P R O C E S S  ---------------

Java Threads: ( => current thread )
  0x0000000014e4b000 JavaThread "Service Thread" daemon [_thread_blocked, id=147836, stack(0x0000000016ac0000,0x0000000016bc0000)]
  0x0000000014e23800 JavaThread "C1 CompilerThread2" daemon [_thread_blocked, id=149756, stack(0x00000000169c0000,0x0000000016ac0000)]
=>0x0000000014e20000 JavaThread "C2 CompilerThread1" daemon [_thread_in_native, id=150192, stack(0x00000000168c0000,0x00000000169c0000)]
  0x0000000014e13000 JavaThread "C2 CompilerThread0" daemon [_thread_in_native, id=143760, stack(0x00000000167c0000,0x00000000168c0000)]
  0x0000000014e1d000 JavaThread "Attach Listener" daemon [_thread_blocked, id=149356, stack(0x00000000166c0000,0x00000000167c0000)]
  0x0000000016203800 JavaThread "Signal Dispatcher" daemon [_thread_blocked, id=148164, stack(0x00000000165c0000,0x00000000166c0000)]
  0x0000000014dee000 JavaThread "Finalizer" daemon [_thread_blocked, id=149376, stack(0x0000000016060000,0x0000000016160000)]
  0x0000000002726000 JavaThread "Reference Handler" daemon [_thread_blocked, id=148308, stack(0x0000000015f60000,0x0000000016060000)]
  0x0000000002637000 JavaThread "main" [_thread_in_Java, id=150248, stack(0x0000000002530000,0x0000000002630000)]

Other Threads:
  0x0000000014dc5800 VMThread [stack: 0x0000000015e60000,0x0000000015f60000] [id=148416]
  0x0000000014e4c800 WatcherThread [stack: 0x0000000016bc0000,0x0000000016cc0000] [id=150288]

VM state:not at safepoint (normal execution)

VM Mutex/Monitor currently owned by a thread: None

Heap:
 PSYoungGen      total 68608K, used 60998K [0x00000000eab00000, 0x00000000f1f80000, 0x0000000100000000)
  eden space 63488K, 89% used [0x00000000eab00000,0x00000000ee2b5e80,0x00000000ee900000)
  from space 5120K, 77% used [0x00000000ee900000,0x00000000eecdbaf8,0x00000000eee00000)
  to   space 5120K, 0% used [0x00000000f1a80000,0x00000000f1a80000,0x00000000f1f80000)
 ParOldGen       total 124928K, used 25521K [0x00000000c0000000, 0x00000000c7a00000, 0x00000000eab00000)
  object space 124928K, 20% used [0x00000000c0000000,0x00000000c18ec568,0x00000000c7a00000)
 Metaspace       used 4484K, capacity 5424K, committed 5632K, reserved 1056768K
  class space    used 450K, capacity 488K, committed 512K, reserved 1048576K

Card table byte_map: [0x0000000011af0000,0x0000000011d00000] byte_map_base: 0x00000000114f0000

Marking Bits: (ParMarkBitMap*) 0x000000005f499d00
 Begin Bits: [0x0000000012260000, 0x0000000013260000)
 End Bits:   [0x0000000013260000, 0x0000000014260000)

Polling page: 0x0000000000500000

CodeCache: size=245760Kb used=3583Kb max_used=3583Kb free=242176Kb
 bounds [0x0000000002730000, 0x0000000002ac0000, 0x0000000011730000]
 total_blobs=1354 nmethods=1091 adapters=177
 compilation: enabled

Compilation events (10 events):
Event: 1.092 Thread 0x0000000014e23800 1113       3       com.android.dx.merge.DexMerger::transformMethods (126 bytes)
Event: 1.094 Thread 0x0000000014e23800 nmethod 1113 0x0000000002aace90 code [0x0000000002aad0e0, 0x0000000002aae028]
Event: 1.094 Thread 0x0000000014e23800 1114       3       com.android.dx.merge.DexMerger::transformFields (71 bytes)
Event: 1.094 Thread 0x0000000014e23800 nmethod 1114 0x0000000002aae9d0 code [0x0000000002aaeb60, 0x0000000002aaf098]
Event: 1.131 Thread 0x0000000014e23800 1116       2       com.android.dx.io.instructions.InstructionCodec$32::decode (74 bytes)
Event: 1.132 Thread 0x0000000014e23800 nmethod 1116 0x0000000002aaf410 code [0x0000000002aaf640, 0x0000000002ab0078]
Event: 1.132 Thread 0x0000000014e23800 1118       2       com.android.dx.io.instructions.InstructionCodec$32::encode (95 bytes)
Event: 1.134 Thread 0x0000000014e23800 nmethod 1118 0x0000000002ab0d90 code [0x0000000002ab0f60, 0x0000000002ab1548]
Event: 1.134 Thread 0x0000000014e23800 1117       2       com.android.dx.io.instructions.PackedSwitchPayloadDecodedInstruction::<init> (22 bytes)
Event: 1.134 Thread 0x0000000014e23800 nmethod 1117 0x0000000002ab1c90 code [0x0000000002ab1e00, 0x0000000002ab1fc8]

GC Heap History (8 events):
Event: 0.254 GC heap before
{Heap before GC invocations=1 (full 0):
 PSYoungGen      total 36864K, used 31744K [0x00000000eab00000, 0x00000000ed400000, 0x0000000100000000)
  eden space 31744K, 100% used [0x00000000eab00000,0x00000000eca00000,0x00000000eca00000)
  from space 5120K, 0% used [0x00000000ecf00000,0x00000000ecf00000,0x00000000ed400000)
  to   space 5120K, 0% used [0x00000000eca00000,0x00000000eca00000,0x00000000ecf00000)
 ParOldGen       total 84992K, used 0K [0x00000000c0000000, 0x00000000c5300000, 0x00000000eab00000)
  object space 84992K, 0% used [0x00000000c0000000,0x00000000c0000000,0x00000000c5300000)
 Metaspace       used 3623K, capacity 4720K, committed 4864K, reserved 1056768K
  class space    used 369K, capacity 424K, committed 512K, reserved 1048576K
Event: 0.258 GC heap after
Heap after GC invocations=1 (full 0):
 PSYoungGen      total 36864K, used 5115K [0x00000000eab00000, 0x00000000ef300000, 0x0000000100000000)
  eden space 31744K, 0% used [0x00000000eab00000,0x00000000eab00000,0x00000000eca00000)
  from space 5120K, 99% used [0x00000000eca00000,0x00000000ecefefd8,0x00000000ecf00000)
  to   space 5120K, 0% used [0x00000000eee00000,0x00000000eee00000,0x00000000ef300000)
 ParOldGen       total 84992K, used 4337K [0x00000000c0000000, 0x00000000c5300000, 0x00000000eab00000)
  object space 84992K, 5% used [0x00000000c0000000,0x00000000c043c770,0x00000000c5300000)
 Metaspace       used 3623K, capacity 4720K, committed 4864K, reserved 1056768K
  class space    used 369K, capacity 424K, committed 512K, reserved 1048576K
}
Event: 0.401 GC heap before
{Heap before GC invocations=2 (full 0):
 PSYoungGen      total 36864K, used 36859K [0x00000000eab00000, 0x00000000ef300000, 0x0000000100000000)
  eden space 31744K, 100% used [0x00000000eab00000,0x00000000eca00000,0x00000000eca00000)
  from space 5120K, 99% used [0x00000000eca00000,0x00000000ecefefd8,0x00000000ecf00000)
  to   space 5120K, 0% used [0x00000000eee00000,0x00000000eee00000,0x00000000ef300000)
 ParOldGen       total 84992K, used 4337K [0x00000000c0000000, 0x00000000c5300000, 0x00000000eab00000)
  object space 84992K, 5% used [0x00000000c0000000,0x00000000c043c770,0x00000000c5300000)
 Metaspace       used 3912K, capacity 4944K, committed 5120K, reserved 1056768K
  class space    used 398K, capacity 456K, committed 512K, reserved 1048576K
Event: 0.415 GC heap after
Heap after GC invocations=2 (full 0):
 PSYoungGen      total 68608K, used 5089K [0x00000000eab00000, 0x00000000ef300000, 0x0000000100000000)
  eden space 63488K, 0% used [0x00000000eab00000,0x00000000eab00000,0x00000000ee900000)
  from space 5120K, 99% used [0x00000000eee00000,0x00000000ef2f86a0,0x00000000ef300000)
  to   space 5120K, 0% used [0x00000000ee900000,0x00000000ee900000,0x00000000eee00000)
 ParOldGen       total 84992K, used 53132K [0x00000000c0000000, 0x00000000c5300000, 0x00000000eab00000)
  object space 84992K, 62% used [0x00000000c0000000,0x00000000c33e31f8,0x00000000c5300000)
 Metaspace       used 3912K, capacity 4944K, committed 5120K, reserved 1056768K
  class space    used 398K, capacity 456K, committed 512K, reserved 1048576K
}
Event: 0.415 GC heap before
{Heap before GC invocations=3 (full 1):
 PSYoungGen      total 68608K, used 5089K [0x00000000eab00000, 0x00000000ef300000, 0x0000000100000000)
  eden space 63488K, 0% used [0x00000000eab00000,0x00000000eab00000,0x00000000ee900000)
  from space 5120K, 99% used [0x00000000eee00000,0x00000000ef2f86a0,0x00000000ef300000)
  to   space 5120K, 0% used [0x00000000ee900000,0x00000000ee900000,0x00000000eee00000)
 ParOldGen       total 84992K, used 53132K [0x00000000c0000000, 0x00000000c5300000, 0x00000000eab00000)
  object space 84992K, 62% used [0x00000000c0000000,0x00000000c33e31f8,0x00000000c5300000)
 Metaspace       used 3912K, capacity 4944K, committed 5120K, reserved 1056768K
  class space    used 398K, capacity 456K, committed 512K, reserved 1048576K
Event: 0.422 GC heap after
Heap after GC invocations=3 (full 1):
 PSYoungGen      total 68608K, used 0K [0x00000000eab00000, 0x00000000ef300000, 0x0000000100000000)
  eden space 63488K, 0% used [0x00000000eab00000,0x00000000eab00000,0x00000000ee900000)
  from space 5120K, 0% used [0x00000000eee00000,0x00000000eee00000,0x00000000ef300000)
  to   space 5120K, 0% used [0x00000000ee900000,0x00000000ee900000,0x00000000eee00000)
 ParOldGen       total 124928K, used 25521K [0x00000000c0000000, 0x00000000c7a00000, 0x00000000eab00000)
  object space 124928K, 20% used [0x00000000c0000000,0x00000000c18ec568,0x00000000c7a00000)
 Metaspace       used 3912K, capacity 4944K, committed 5120K, reserved 1056768K
  class space    used 398K, capacity 456K, committed 512K, reserved 1048576K
}
Event: 0.933 GC heap before
{Heap before GC invocations=4 (full 1):
 PSYoungGen      total 68608K, used 63488K [0x00000000eab00000, 0x00000000ef300000, 0x0000000100000000)
  eden space 63488K, 100% used [0x00000000eab00000,0x00000000ee900000,0x00000000ee900000)
  from space 5120K, 0% used [0x00000000eee00000,0x00000000eee00000,0x00000000ef300000)
  to   space 5120K, 0% used [0x00000000ee900000,0x00000000ee900000,0x00000000eee00000)
 ParOldGen       total 124928K, used 25521K [0x00000000c0000000, 0x00000000c7a00000, 0x00000000eab00000)
  object space 124928K, 20% used [0x00000000c0000000,0x00000000c18ec568,0x00000000c7a00000)
 Metaspace       used 4446K, capacity 5424K, committed 5632K, reserved 1056768K
  class space    used 450K, capacity 488K, committed 512K, reserved 1048576K
Event: 0.942 GC heap after
Heap after GC invocations=4 (full 1):
 PSYoungGen      total 68608K, used 3950K [0x00000000eab00000, 0x00000000f1f80000, 0x0000000100000000)
  eden space 63488K, 0% used [0x00000000eab00000,0x00000000eab00000,0x00000000ee900000)
  from space 5120K, 77% used [0x00000000ee900000,0x00000000eecdbaf8,0x00000000eee00000)
  to   space 5120K, 0% used [0x00000000f1a80000,0x00000000f1a80000,0x00000000f1f80000)
 ParOldGen       total 124928K, used 25521K [0x00000000c0000000, 0x00000000c7a00000, 0x00000000eab00000)
  object space 124928K, 20% used [0x00000000c0000000,0x00000000c18ec568,0x00000000c7a00000)
 Metaspace       used 4446K, capacity 5424K, committed 5632K, reserved 1056768K
  class space    used 450K, capacity 488K, committed 512K, reserved 1048576K
}

Deoptimization events (10 events):
Event: 0.724 Thread 0x0000000002637000 Uncommon trap: reason=class_check action=maybe_recompile pc=0x000000000293edec method=com.android.dex.Leb128.readUnsignedLeb128(Lcom/android/dex/util/ByteInput;)I @ 5
Event: 0.724 Thread 0x0000000002637000 Uncommon trap: reason=class_check action=maybe_recompile pc=0x000000000293edec method=com.android.dex.Leb128.readUnsignedLeb128(Lcom/android/dex/util/ByteInput;)I @ 5
Event: 0.724 Thread 0x0000000002637000 Uncommon trap: reason=predicate action=maybe_recompile pc=0x00000000029433c8 method=com.android.dex.Leb128.writeUnsignedLeb128(Lcom/android/dex/util/ByteOutput;I)V @ 9
Event: 0.724 Thread 0x0000000002637000 Uncommon trap: reason=class_check action=maybe_recompile pc=0x000000000293edec method=com.android.dex.Leb128.readUnsignedLeb128(Lcom/android/dex/util/ByteInput;)I @ 5
Event: 0.724 Thread 0x0000000002637000 Uncommon trap: reason=class_check action=maybe_recompile pc=0x000000000293edec method=com.android.dex.Leb128.readUnsignedLeb128(Lcom/android/dex/util/ByteInput;)I @ 5
Event: 0.741 Thread 0x0000000002637000 Uncommon trap: reason=predicate action=maybe_recompile pc=0x00000000029db200 method=com.android.dex.Leb128.readUnsignedLeb128(Lcom/android/dex/util/ByteInput;)I @ 41
Event: 0.820 Thread 0x0000000002637000 Uncommon trap: reason=unstable_if action=reinterpret pc=0x00000000029d8ed0 method=com.android.dex.EncodedValueCodec.readUnsignedInt(Lcom/android/dex/util/ByteInput;IZ)I @ 3
Event: 0.886 Thread 0x0000000002637000 Uncommon trap: reason=unstable_if action=reinterpret pc=0x00000000029a3834 method=com.android.dx.merge.IndexMap.adjustString(I)I @ 2
Event: 0.895 Thread 0x0000000002637000 Uncommon trap: reason=unstable_if action=reinterpret pc=0x000000000299b0d8 method=java.util.HashMap.getNode(ILjava/lang/Object;)Ljava/util/HashMap$Node; @ 84
Event: 0.896 Thread 0x0000000002637000 Uncommon trap: reason=unstable_if action=reinterpret pc=0x000000000299d3e8 method=java.util.HashMap.getNode(ILjava/lang/Object;)Ljava/util/HashMap$Node; @ 84

Internal exceptions (2 events):
Event: 0.022 Thread 0x0000000002637000 Exception <a 'java/lang/NoSuchMethodError': Method sun.misc.Unsafe.defineClass(Ljava/lang/String;[BII)Ljava/lang/Class; name or signature does not match> (0x00000000eab07cc0) thrown at [C:\src\android\AOSP-openjdk\external\jetbrains\jdk\hotspot\src\share\v»øÕj–?
Event: 0.022 Thread 0x0000000002637000 Exception <a 'java/lang/NoSuchMethodError': Method sun.misc.Unsafe.prefetchRead(Ljava/lang/Object;J)V name or signature does not match> (0x00000000eab07fa8) thrown at [C:\src\android\AOSP-openjdk\external\jetbrains\jdk\hotspot\src\share\vm\prims\jni.cpp, l

Events (10 events):
Event: 0.933 Thread 0x0000000002637000 DEOPT PACKING pc=0x0000000002a2f7a8 sp=0x000000000262ecf0
Event: 0.933 Thread 0x0000000002637000 DEOPT UNPACKING pc=0x00000000027775bf sp=0x000000000262ea08 mode 0
Event: 0.933 Thread 0x0000000002637000 DEOPT PACKING pc=0x0000000002a3e96c sp=0x000000000262ee50
Event: 0.933 Thread 0x0000000002637000 DEOPT UNPACKING pc=0x00000000027775bf sp=0x000000000262eb48 mode 0
Event: 0.933 Thread 0x0000000002637000 DEOPT PACKING pc=0x0000000002a30959 sp=0x000000000262ed40
Event: 0.933 Thread 0x0000000002637000 DEOPT UNPACKING pc=0x00000000027775bf sp=0x000000000262eaf0 mode 0
Event: 0.933 Executing VM operation: ParallelGCFailedAllocation
Event: 0.942 Executing VM operation: ParallelGCFailedAllocation done
Event: 1.061 Thread 0x0000000002637000 DEOPT PACKING pc=0x0000000002a34640 sp=0x000000000262ef10
Event: 1.061 Thread 0x0000000002637000 DEOPT UNPACKING pc=0x00000000027775bf sp=0x000000000262ec68 mode 0


Dynamic libraries:
0x00007ff75f820000 - 0x00007ff75f855000 	E:\Android\android-studio-ide-145.2915834-windows\jre\bin\java.exe
0x00007ffecf410000 - 0x00007ffecf5d1000 	C:\Windows\SYSTEM32\ntdll.dll
0x00007ffecef70000 - 0x00007ffecf01d000 	C:\Windows\system32\KERNEL32.DLL
0x00007ffecc330000 - 0x00007ffecc518000 	C:\Windows\system32\KERNELBASE.dll
0x00007ffecc9e0000 - 0x00007ffecca87000 	C:\Windows\system32\ADVAPI32.dll
0x00007ffece4c0000 - 0x00007ffece55d000 	C:\Windows\system32\msvcrt.dll
0x00007ffeccd10000 - 0x00007ffeccd6b000 	C:\Windows\system32\sechost.dll
0x00007ffece730000 - 0x00007ffece84c000 	C:\Windows\system32\RPCRT4.dll
0x00007ffece920000 - 0x00007ffecea76000 	C:\Windows\system32\USER32.dll
0x00007ffeccd90000 - 0x00007ffeccf16000 	C:\Windows\system32\GDI32.dll
0x00007ffebe600000 - 0x00007ffebe874000 	C:\Windows\WinSxS\amd64_microsoft.windows.common-controls_6595b64144ccf1df_6.0.10586.0_none_8c15ae12515e1c22\COMCTL32.dll
0x00007ffecca90000 - 0x00007ffeccd0d000 	C:\Windows\system32\combase.dll
0x00007ffecc520000 - 0x00007ffecc58a000 	C:\Windows\system32\bcryptPrimitives.dll
0x00007ffeccf20000 - 0x00007ffeccf5b000 	C:\Windows\system32\IMM32.DLL
0x000000005fdc0000 - 0x000000005fe92000 	E:\Android\android-studio-ide-145.2915834-windows\jre\jre\bin\msvcr100.dll
0x000000005ece0000 - 0x000000005f514000 	E:\Android\android-studio-ide-145.2915834-windows\jre\jre\bin\server\jvm.dll
0x00007ffecf1d0000 - 0x00007ffecf1d8000 	C:\Windows\system32\PSAPI.DLL
0x00007ffec9d40000 - 0x00007ffec9d63000 	C:\Windows\SYSTEM32\WINMM.dll
0x00007ffec1700000 - 0x00007ffec170a000 	C:\Windows\SYSTEM32\VERSION.dll
0x00007ffec8cd0000 - 0x00007ffec8cd9000 	C:\Windows\SYSTEM32\WSOCK32.dll
0x00007ffece560000 - 0x00007ffece5cb000 	C:\Windows\system32\WS2_32.dll
0x00007ffec9bf0000 - 0x00007ffec9c1c000 	C:\Windows\SYSTEM32\WINMMBASE.dll
0x00007ffecbbd0000 - 0x00007ffecbc13000 	C:\Windows\system32\cfgmgr32.dll
0x00007ffec6a80000 - 0x00007ffec6a8f000 	E:\Android\android-studio-ide-145.2915834-windows\jre\jre\bin\verify.dll
0x00007ffec3b90000 - 0x00007ffec3bb9000 	E:\Android\android-studio-ide-145.2915834-windows\jre\jre\bin\java.dll
0x00007ffec3b70000 - 0x00007ffec3b86000 	E:\Android\android-studio-ide-145.2915834-windows\jre\jre\bin\zip.dll
0x00007ffeccf60000 - 0x00007ffece4bc000 	C:\Windows\system32\SHELL32.dll
0x00007ffecbce0000 - 0x00007ffecc325000 	C:\Windows\system32\windows.storage.dll
0x00007ffecea80000 - 0x00007ffecead2000 	C:\Windows\system32\shlwapi.dll
0x00007ffecba90000 - 0x00007ffecba9f000 	C:\Windows\system32\kernel.appcore.dll
0x00007ffecbc20000 - 0x00007ffecbcd5000 	C:\Windows\system32\shcore.dll
0x00007ffecba30000 - 0x00007ffecba7b000 	C:\Windows\system32\powrprof.dll
0x00007ffecbaa0000 - 0x00007ffecbab4000 	C:\Windows\system32\profapi.dll

VM Arguments:
jvm_args: -Djava.awt.headless=true -Xmx1024M -Dfile.encoding=GBK -Duser.country=CN -Duser.language=zh -Duser.variant 
java_command: com.android.dx.command.Main --dex --num-threads=4 --output E:\Teapopo\app\build\intermediates\transforms\dex\debug\folders\1000\1f\main E:\Teapopo\app\build\intermediates\pre-dexed\debug\kenburnsview-1.0.6_7246cce9a56f4a0c7c616d76ac60d9376a09809a.jar E:\Teapopo\app\build\intermediates\pre-dexed\debug\me.yokeyword-fragmentation-0.5.7_31ba2a36b2fa4fd150b2dfa9ebf9ccc7227de868.jar E:\Teapopo\app\build\intermediates\pre-dexed\debug\ShareSDK-Line-2.7.1_9e83aedbc48ab9040e71511adb57c0808b544969.jar E:\Teapopo\app\build\intermediates\pre-dexed\debug\alipaySdk-20160516_867e23ae1dc6e781d61955b32bc4747b98bf405f.jar E:\Teapopo\app\build\intermediates\pre-dexed\debug\ShareSDK-Wechat-Moments-2.7.1_8acc68db4930c7688661ae216a503abb37cdc916.jar E:\Teapopo\app\build\intermediates\pre-dexed\debug\com.github.dmytrodanylyk.android-process-button-library-1.0.4_0b553d611ef91c854f3f3936b68d52c385c9798c.jar E:\Teapopo\app\build\intermediates\pre-dexed\debug\com.wrapp.floatlabelededittext-library-0.0.6_a8e2eb57d6bfb2cc1240b95e67ff279fbbb63789.jar E:\Teapopo\app\build\intermediates\pre-dexed\debug\ShareSDK-FacebookMessenger-2.7.1_16c524ae5155e0aa49f171952a8a2157c25778b3.jar E:\Teapopo\app\build\intermediates\pre-dexed\debug\ShareSDK-Pocket-2.7.1_82d46b9bc4f864df6e29232a8f7cd19ee6ae7c32.jar E:\Teapopo\app\build\intermediates\pre-dexed\debug\MobCommons-2016.0406.1915_aadbd2256b7018691f3067ff778e48c233d35be3.jar E:\Teapopo\app\build\intermediates\pre-dexed\debug\ShareSDK-Instapaper-2.7.1_402f67658a962a7a73b70ae321219fd46db748c0.jar E:\Teapopo\app\build\intermediates\pre-dexed\debug\ShareSDK-Foursquare-2.7.1_c37870adc6b53f5235b98c753100bc4c86864c17.jar E:\Teapopo\app\build\intermediates\pre-dexed\debug\com.commit451-PhotoView-1.2.5_bc9890e54f5b9c504e282b6b65c985f8c64286c1.jar E:\Teapopo\app\build\intermediates\pre-dexed\debug\logansquare-1.3.7_66792233ed20698d6db078c391784faf406bffe1.jar E:\Teapopo\app\build\intermediates\pre-dexed\debug\okhttp-3.2.0_f55d89d5337775cc52f87f2c7b73539
java_class_path (initial): C:\Users\lhq\AppData\Local\Android\sdk\build-tools\23.0.3\lib\dx.jar
Launcher Type: SUN_STANDARD

Environment Variables:
JAVA_HOME=C:\Program Files\Java\jdk1.8.0_91
PATH=C:\ProgramData\Oracle\Java\javapath;C:\Windows\system32;C:\Windows;C:\Windows\System32\Wbem;C:\Windows\System32\WindowsPowerShell\v1.0\;C:\Users\lhq\AppData\Local\Android\sdk\platform-tools;C:\Users\lhq\AppData\Local\Android\sdk\tools;C:\Program Files\Java\jdk1.8.0_91\bin;C:\Program Files\Java\jdk1.8.0_91\jre\bin
USERNAME=lhq
OS=Windows_NT
PROCESSOR_IDENTIFIER=Intel64 Family 6 Model 69 Stepping 1, GenuineIntel



---------------  S Y S T E M  ---------------

OS: Windows 10.0 , 64 bit Build 10586 (10.0.10586.0)

CPU:total 4 (2 cores per cpu, 2 threads per core) family 6 model 69 stepping 1, cmov, cx8, fxsr, mmx, sse, sse2, sse3, ssse3, sse4.1, sse4.2, popcnt, avx, avx2, aes, clmul, erms, lzcnt, ht, tsc, tscinvbit, bmi1, bmi2

Memory: 4k page, physical 8067548k(592688k free), swap 8067548k(6872k free)

vm_info: OpenJDK 64-Bit Server VM (25.76-b01) for windows-amd64 JRE (1.8.0_76-release-b01), built on May 12 2016 23:29:00 by "ralucas" with MS VC++ 10.0 (VS2010)

time: Fri Jul 08 10:34:52 2016
elapsed time: 1 seconds (0d 0h 0m 1s)

