#
# There is insufficient memory for the Java Runtime Environment to continue.
# Native memory allocation (malloc) failed to allocate 32744 bytes for ChunkPool::allocate
# Possible reasons:
#   The system is out of physical RAM or swap space
#   In 32 bit mode, the process size limit was hit
# Possible solutions:
#   Reduce memory load on the system
#   Increase physical memory or swap space
#   Check if swap backing store is full
#   Use 64 bit Java on a 64 bit OS
#   Decrease Java heap size (-Xmx/-Xms)
#   Decrease number of Java threads
#   Decrease Java thread stack sizes (-Xss)
#   Set larger code cache with -XX:ReservedCodeCacheSize=
# This output file may be truncated or incomplete.
#
#  Out of Memory Error (allocation.cpp:273), pid=14956, tid=0x000000000000183c
#
# JRE version: OpenJDK Runtime Environment (8.0_76-b01) (build 1.8.0_76-release-b01)
# Java VM: OpenJDK 64-Bit Server VM (25.76-b01 mixed mode windows-amd64 compressed oops)
# Failed to write core dump. Minidumps are not enabled by default on client versions of Windows
#

---------------  T H R E A D  ---------------

Current thread (0x0000000014d2d800):  JavaThread "C2 CompilerThread0" daemon [_thread_in_native, id=6204, stack(0x0000000016270000,0x0000000016370000)]

Stack: [0x0000000016270000,0x0000000016370000]
[error occurred during error reporting (printing stack bounds), id 0xc0000005]

Native frames: (J=compiled Java code, j=interpreted, Vv=VM code, C=native code)


Current CompileTask:
C2:   1156  604       4       com.android.dx.ssa.SsaBasicBlock::forEachInsn (37 bytes)


---------------  P R O C E S S  ---------------

Java Threads: ( => current thread )
  0x00000000165e5000 JavaThread "pool-1-thread-4" [_thread_in_Java, id=15308, stack(0x0000000016f70000,0x0000000017070000)]
  0x00000000165e0000 JavaThread "pool-1-thread-3" [_thread_in_Java, id=15680, stack(0x0000000016e70000,0x0000000016f70000)]
  0x00000000165db800 JavaThread "pool-1-thread-2" [_thread_in_Java, id=16060, stack(0x0000000016d70000,0x0000000016e70000)]
  0x00000000165d4800 JavaThread "pool-2-thread-1" [_thread_blocked, id=14992, stack(0x0000000016c70000,0x0000000016d70000)]
  0x00000000165d4000 JavaThread "pool-1-thread-1" [_thread_in_Java, id=16376, stack(0x0000000016b70000,0x0000000016c70000)]
  0x00000000163d4800 JavaThread "Service Thread" daemon [_thread_blocked, id=15144, stack(0x0000000016970000,0x0000000016a70000)]
  0x00000000163d1000 JavaThread "C1 CompilerThread2" daemon [_thread_in_native, id=9132, stack(0x0000000016870000,0x0000000016970000)]
  0x0000000014d7a800 JavaThread "C2 CompilerThread1" daemon [_thread_in_native, id=5588, stack(0x0000000016770000,0x0000000016870000)]
=>0x0000000014d2d800 JavaThread "C2 CompilerThread0" daemon [_thread_in_native, id=6204, stack(0x0000000016270000,0x0000000016370000)]
  0x0000000014d2c000 JavaThread "Attach Listener" daemon [_thread_blocked, id=12768, stack(0x0000000016170000,0x0000000016270000)]
  0x0000000014d2b000 JavaThread "Signal Dispatcher" daemon [_thread_blocked, id=13920, stack(0x0000000016070000,0x0000000016170000)]
  0x0000000014d08000 JavaThread "Finalizer" daemon [_thread_blocked, id=15424, stack(0x0000000015f70000,0x0000000016070000)]
  0x0000000002640000 JavaThread "Reference Handler" daemon [_thread_blocked, id=12680, stack(0x0000000015e70000,0x0000000015f70000)]
  0x0000000002550800 JavaThread "main" [_thread_blocked, id=12568, stack(0x0000000002450000,0x0000000002550000)]

Other Threads:
  0x0000000014ce5800 VMThread [stack: 0x0000000015d70000,0x0000000015e70000] [id=9664]
  0x00000000163d7000 WatcherThread [stack: 0x0000000016a70000,0x0000000016b70000] [id=16100]

VM state:not at safepoint (normal execution)

VM Mutex/Monitor currently owned by a thread: None

Heap:
 PSYoungGen      total 36864K, used 14249K [0x00000000eab00000, 0x00000000ed400000, 0x0000000100000000)
  eden space 31744K, 44% used [0x00000000eab00000,0x00000000eb8ea4f0,0x00000000eca00000)
  from space 5120K, 0% used [0x00000000ecf00000,0x00000000ecf00000,0x00000000ed400000)
  to   space 5120K, 0% used [0x00000000eca00000,0x00000000eca00000,0x00000000ecf00000)
 ParOldGen       total 84992K, used 0K [0x00000000c0000000, 0x00000000c5300000, 0x00000000eab00000)
  object space 84992K, 0% used [0x00000000c0000000,0x00000000c0000000,0x00000000c5300000)
 Metaspace       used 5623K, capacity 6640K, committed 6784K, reserved 1056768K
  class space    used 572K, capacity 616K, committed 640K, reserved 1048576K

Card table byte_map: [0x0000000011a10000,0x0000000011c20000] byte_map_base: 0x0000000011410000

Marking Bits: (ParMarkBitMap*) 0x000000005e0b9d00
 Begin Bits: [0x0000000012180000, 0x0000000013180000)
 End Bits:   [0x0000000013180000, 0x0000000014180000)

Polling page: 0x0000000001f40000

CodeCache: size=245760Kb used=2577Kb max_used=2588Kb free=243182Kb
 bounds [0x0000000002650000, 0x00000000028e0000, 0x0000000011650000]
 total_blobs=918 nmethods=648 adapters=184
 compilation: enabled

Compilation events (10 events):
Event: 1.146 Thread 0x00000000163d1000  657       3       com.android.dx.cf.code.Ropper::labelToResultIndex (47 bytes)
Event: 1.146 Thread 0x00000000163d1000 nmethod 657 0x00000000028d3790 code [0x00000000028d3960, 0x00000000028d3ff8]
Event: 1.146 Thread 0x00000000163d1000  659       3       com.android.dx.cf.code.BaseMachine::storeResults (90 bytes)
Event: 1.147 Thread 0x00000000163d1000 nmethod 659 0x00000000028d4450 code [0x00000000028d4640, 0x00000000028d5108]
Event: 1.147 Thread 0x00000000163d1000  656   !   3       com.android.dx.cf.code.RopperMachine::run (1550 bytes)
Event: 1.148 Thread 0x0000000014d7a800  664   !   4       com.android.dx.util.IntList::<init> (37 bytes)
Event: 1.150 Thread 0x0000000014d7a800 nmethod 664 0x00000000028d8350 code [0x00000000028d84a0, 0x00000000028d85d8]
Event: 1.150 Thread 0x0000000014d7a800  666       4       java.util.BitSet::<init> (56 bytes)
Event: 1.151 Thread 0x0000000014d7a800 nmethod 666 0x00000000028d8690 code [0x00000000028d87e0, 0x00000000028d8938]
Event: 1.151 Thread 0x0000000014d7a800  670       4       java.util.HashMap::getNode (148 bytes)

GC Heap History (0 events):
No events

Deoptimization events (3 events):
Event: 0.515 Thread 0x0000000002550800 Uncommon trap: reason=unstable_if action=reinterpret pc=0x0000000002789454 method=java.lang.String.indexOf(II)I @ 49
Event: 1.091 Thread 0x00000000165e0000 Uncommon trap: reason=unstable_if action=reinterpret pc=0x0000000002837d44 method=java.util.HashMap.getNode(ILjava/lang/Object;)Ljava/util/HashMap$Node; @ 62
Event: 1.100 Thread 0x00000000165e0000 Uncommon trap: reason=unstable_if action=reinterpret pc=0x0000000002866df4 method=java.util.BitSet.ensureCapacity(I)V @ 6

Internal exceptions (2 events):
Event: 0.076 Thread 0x0000000002550800 Exception <a 'java/lang/NoSuchMethodError': Method sun.misc.Unsafe.defineClass(Ljava/lang/String;[BII)Ljava/lang/Class; name or signature does not match> (0x00000000eab07cc0) thrown at [C:\src\android\AOSP-openjdk\external\jetbrains\jdk\hotspot\src\share\v^9üªïç≥?
Event: 0.076 Thread 0x0000000002550800 Exception <a 'java/lang/NoSuchMethodError': Method sun.misc.Unsafe.prefetchRead(Ljava/lang/Object;J)V name or signature does not match> (0x00000000eab07fa8) thrown at [C:\src\android\AOSP-openjdk\external\jetbrains\jdk\hotspot\src\share\vm\prims\jni.cpp, l

Events (10 events):
Event: 1.091 Thread 0x00000000165e0000 DEOPT UNPACKING pc=0x000000000269556a sp=0x0000000016f6e5b8 mode 2
Event: 1.099 loading class java/util/HashMap$Values
Event: 1.099 loading class java/util/HashMap$Values done
Event: 1.099 loading class java/util/HashMap$ValueIterator
Event: 1.099 loading class java/util/HashMap$ValueIterator done
Event: 1.100 Thread 0x00000000165e0000 Uncommon trap: trap_request=0xffffff65 fr.pc=0x0000000002866df4
Event: 1.100 Thread 0x00000000165e0000 DEOPT PACKING pc=0x0000000002866df4 sp=0x0000000016f6e990
Event: 1.100 Thread 0x00000000165e0000 DEOPT UNPACKING pc=0x000000000269556a sp=0x0000000016f6e878 mode 2
Event: 1.107 loading class java/util/ArrayList$1
Event: 1.107 loading class java/util/ArrayList$1 done


Dynamic libraries:
0x00007ff75b500000 - 0x00007ff75b535000 	E:\Android\android-studio-ide-145.2915834-windows\jre\bin\java.exe
0x00007ffbe4110000 - 0x00007ffbe42d1000 	C:\Windows\SYSTEM32\ntdll.dll
0x00007ffbe2080000 - 0x00007ffbe212d000 	C:\Windows\system32\KERNEL32.DLL
0x00007ffbe0ec0000 - 0x00007ffbe10a8000 	C:\Windows\system32\KERNELBASE.dll
0x00007ffbe3c80000 - 0x00007ffbe3d27000 	C:\Windows\system32\ADVAPI32.dll
0x00007ffbe4070000 - 0x00007ffbe410d000 	C:\Windows\system32\msvcrt.dll
0x00007ffbe22d0000 - 0x00007ffbe232b000 	C:\Windows\system32\sechost.dll
0x00007ffbe1d60000 - 0x00007ffbe1e7c000 	C:\Windows\system32\RPCRT4.dll
0x00007ffbe1970000 - 0x00007ffbe1ac6000 	C:\Windows\system32\USER32.dll
0x00007ffbe2140000 - 0x00007ffbe22c6000 	C:\Windows\system32\GDI32.dll
0x00007ffbd49b0000 - 0x00007ffbd4c24000 	C:\Windows\WinSxS\amd64_microsoft.windows.common-controls_6595b64144ccf1df_6.0.10586.0_none_8c15ae12515e1c22\COMCTL32.dll
0x00007ffbe24a0000 - 0x00007ffbe271d000 	C:\Windows\system32\combase.dll
0x00007ffbe14a0000 - 0x00007ffbe150a000 	C:\Windows\system32\bcryptPrimitives.dll
0x00007ffbe1ef0000 - 0x00007ffbe1f2b000 	C:\Windows\system32\IMM32.DLL
0x000000005d820000 - 0x000000005d8f2000 	E:\Android\android-studio-ide-145.2915834-windows\jre\jre\bin\msvcr100.dll
0x000000005d900000 - 0x000000005e134000 	E:\Android\android-studio-ide-145.2915834-windows\jre\jre\bin\server\jvm.dll
0x00007ffbe1530000 - 0x00007ffbe1538000 	C:\Windows\system32\PSAPI.DLL
0x00007ffbdd900000 - 0x00007ffbdd909000 	C:\Windows\SYSTEM32\WSOCK32.dll
0x00007ffbe3d30000 - 0x00007ffbe3d9b000 	C:\Windows\system32\WS2_32.dll
0x00007ffbdea60000 - 0x00007ffbdea83000 	C:\Windows\SYSTEM32\WINMM.dll
0x00007ffbd61b0000 - 0x00007ffbd61ba000 	C:\Windows\SYSTEM32\VERSION.dll
0x00007ffbdea00000 - 0x00007ffbdea2c000 	C:\Windows\SYSTEM32\WINMMBASE.dll
0x00007ffbe1300000 - 0x00007ffbe1343000 	C:\Windows\system32\cfgmgr32.dll
0x00007ffbdbbd0000 - 0x00007ffbdbbdf000 	E:\Android\android-studio-ide-145.2915834-windows\jre\jre\bin\verify.dll
0x00007ffbdba90000 - 0x00007ffbdbab9000 	E:\Android\android-studio-ide-145.2915834-windows\jre\jre\bin\java.dll
0x00007ffbdba70000 - 0x00007ffbdba86000 	E:\Android\android-studio-ide-145.2915834-windows\jre\jre\bin\zip.dll
0x00007ffbe2720000 - 0x00007ffbe3c7c000 	C:\Windows\system32\SHELL32.dll
0x00007ffbe07c0000 - 0x00007ffbe0e05000 	C:\Windows\system32\windows.storage.dll
0x00007ffbe2440000 - 0x00007ffbe2492000 	C:\Windows\system32\shlwapi.dll
0x00007ffbe0730000 - 0x00007ffbe073f000 	C:\Windows\system32\kernel.appcore.dll
0x00007ffbe1350000 - 0x00007ffbe1405000 	C:\Windows\system32\shcore.dll
0x00007ffbe0770000 - 0x00007ffbe07bb000 	C:\Windows\system32\powrprof.dll
0x00007ffbe0740000 - 0x00007ffbe0754000 	C:\Windows\system32\profapi.dll

VM Arguments:
jvm_args: -Djava.awt.headless=true -Xmx1024M -Dfile.encoding=GBK -Duser.country=CN -Duser.language=zh -Duser.variant 
java_command: com.android.dx.command.Main --dex --num-threads=4 --output E:\Teapopo\app\build\intermediates\pre-dexed\debug\ShareSDK-Instagram-2.7.1_cf990fdc21f53fd2cf2c24e6492aaea44f652c4c.jar E:\Teapopo\app\libs\ShareSDK-Instagram-2.7.1.jar
java_class_path (initial): C:\Users\lhq\AppData\Local\Android\sdk\build-tools\23.0.3\lib\dx.jar
Launcher Type: SUN_STANDARD

Environment Variables:
JAVA_HOME=C:\Program Files\Java\jdk1.8.0_91
PATH=C:\ProgramData\Oracle\Java\javapath;C:\Windows\system32;C:\Windows;C:\Windows\System32\Wbem;C:\Windows\System32\WindowsPowerShell\v1.0\;C:\Users\lhq\AppData\Local\Android\sdk\platform-tools;C:\Users\lhq\AppData\Local\Android\sdk\tools;C:\Program Files\Java\jdk1.8.0_91\bin;C:\Program Files\Java\jdk1.8.0_91\jre\bin
USERNAME=lhq
OS=Windows_NT
PROCESSOR_IDENTIFIER=Intel64 Family 6 Model 69 Stepping 1, GenuineIntel



---------------  S Y S T E M  ---------------

OS: Windows 10.0 , 64 bit Build 10586 (10.0.10586.0)

CPU:total 4 (2 cores per cpu, 2 threads per core) family 6 model 69 stepping 1, cmov, cx8, fxsr, mmx, sse, sse2, sse3, ssse3, sse4.1, sse4.2, popcnt, avx, avx2, aes, clmul, erms, lzcnt, ht, tsc, tscinvbit, bmi1, bmi2

Memory: 4k page, physical 8067548k(1158268k free), swap 8067548k(4120k free)

vm_info: OpenJDK 64-Bit Server VM (25.76-b01) for windows-amd64 JRE (1.8.0_76-release-b01), built on May 12 2016 23:29:00 by "ralucas" with MS VC++ 10.0 (VS2010)

time: Fri Jul 15 16:50:03 2016
elapsed time: 1 seconds (0d 0h 0m 1s)

