#
# There is insufficient memory for the Java Runtime Environment to continue.
# Native memory allocation (malloc) failed to allocate 32784 bytes for Chunk::new
# Possible reasons:
#   The system is out of physical RAM or swap space
#   In 32 bit mode, the process size limit was hit
# Possible solutions:
#   Reduce memory load on the system
#   Increase physical memory or swap space
#   Check if swap backing store is full
#   Use 64 bit Java on a 64 bit OS
#   Decrease Java heap size (-Xmx/-Xms)
#   Decrease number of Java threads
#   Decrease Java thread stack sizes (-Xss)
#   Set larger code cache with -XX:ReservedCodeCacheSize=
# This output file may be truncated or incomplete.
#
#  Out of Memory Error (allocation.cpp:390), pid=65648, tid=0x000000000000f844
#
# JRE version: OpenJDK Runtime Environment (8.0_76-b01) (build 1.8.0_76-release-b01)
# Java VM: OpenJDK 64-Bit Server VM (25.76-b01 mixed mode windows-amd64 compressed oops)
# Failed to write core dump. Minidumps are not enabled by default on client versions of Windows
#

---------------  T H R E A D  ---------------

Current thread (0x0000000014c87000):  JavaThread "C2 CompilerThread0" daemon [_thread_in_native, id=63556, stack(0x00000000161a0000,0x00000000162a0000)]

Stack: [0x00000000161a0000,0x00000000162a0000]
[error occurred during error reporting (printing stack bounds), id 0xc0000005]

Native frames: (J=compiled Java code, j=interpreted, Vv=VM code, C=native code)


Current CompileTask:
C2:   1391  757   !   4       com.android.dx.rop.code.RegisterSpec::intern (70 bytes)


---------------  P R O C E S S  ---------------

Java Threads: ( => current thread )
  0x000000001662d000 JavaThread "pool-1-thread-4" [_thread_in_Java, id=66512, stack(0x0000000016ea0000,0x0000000016fa0000)]
  0x0000000016629800 JavaThread "pool-1-thread-3" [_thread_blocked, id=66408, stack(0x0000000016da0000,0x0000000016ea0000)]
  0x0000000016624800 JavaThread "pool-1-thread-2" [_thread_in_Java, id=65660, stack(0x0000000016ca0000,0x0000000016da0000)]
  0x000000001661f800 JavaThread "pool-2-thread-1" [_thread_blocked, id=65752, stack(0x0000000016ba0000,0x0000000016ca0000)]
  0x000000001661c800 JavaThread "pool-1-thread-1" [_thread_in_vm, id=64952, stack(0x0000000016aa0000,0x0000000016ba0000)]
  0x0000000016406800 JavaThread "Service Thread" daemon [_thread_blocked, id=66092, stack(0x00000000168a0000,0x00000000169a0000)]
  0x00000000163f8000 JavaThread "C1 CompilerThread2" daemon [_thread_blocked, id=64616, stack(0x00000000167a0000,0x00000000168a0000)]
  0x0000000014c8a800 JavaThread "C2 CompilerThread1" daemon [_thread_in_native, id=64940, stack(0x00000000162a0000,0x00000000163a0000)]
=>0x0000000014c87000 JavaThread "C2 CompilerThread0" daemon [_thread_in_native, id=63556, stack(0x00000000161a0000,0x00000000162a0000)]
  0x0000000014c3c800 JavaThread "Attach Listener" daemon [_thread_blocked, id=66268, stack(0x00000000160a0000,0x00000000161a0000)]
  0x0000000014c3b000 JavaThread "Signal Dispatcher" daemon [_thread_blocked, id=64936, stack(0x0000000015fa0000,0x00000000160a0000)]
  0x0000000014c18800 JavaThread "Finalizer" daemon [_thread_blocked, id=65672, stack(0x0000000015ea0000,0x0000000015fa0000)]
  0x0000000002550000 JavaThread "Reference Handler" daemon [_thread_blocked, id=65292, stack(0x0000000015da0000,0x0000000015ea0000)]
  0x0000000002460800 JavaThread "main" [_thread_blocked, id=66236, stack(0x0000000001e70000,0x0000000001f70000)]

Other Threads:
  0x0000000014bf5800 VMThread [stack: 0x0000000015ca0000,0x0000000015da0000] [id=65900]
  0x000000001640a000 WatcherThread [stack: 0x00000000169a0000,0x0000000016aa0000] [id=64236]

VM state:not at safepoint (normal execution)

VM Mutex/Monitor currently owned by a thread: None

Heap:
 PSYoungGen      total 36864K, used 16539K [0x00000000eab00000, 0x00000000ed400000, 0x0000000100000000)
  eden space 31744K, 52% used [0x00000000eab00000,0x00000000ebb26f88,0x00000000eca00000)
  from space 5120K, 0% used [0x00000000ecf00000,0x00000000ecf00000,0x00000000ed400000)
  to   space 5120K, 0% used [0x00000000eca00000,0x00000000eca00000,0x00000000ecf00000)
 ParOldGen       total 84992K, used 0K [0x00000000c0000000, 0x00000000c5300000, 0x00000000eab00000)
  object space 84992K, 0% used [0x00000000c0000000,0x00000000c0000000,0x00000000c5300000)
 Metaspace       used 5706K, capacity 6704K, committed 6784K, reserved 1056768K
  class space    used 572K, capacity 616K, committed 640K, reserved 1048576K

Card table byte_map: [0x0000000011920000,0x0000000011b30000] byte_map_base: 0x0000000011320000

Marking Bits: (ParMarkBitMap*) 0x0000000076459d00
 Begin Bits: [0x0000000012090000, 0x0000000013090000)
 End Bits:   [0x0000000013090000, 0x0000000014090000)

Polling page: 0x0000000000500000

CodeCache: size=245760Kb used=3048Kb max_used=3048Kb free=242711Kb
 bounds [0x0000000002560000, 0x0000000002860000, 0x0000000011560000]
 total_blobs=1016 nmethods=744 adapters=184
 compilation: enabled

Compilation events (10 events):
Event: 1.378 Thread 0x0000000014c8a800 nmethod 752 0x0000000002854450 code [0x00000000028545a0, 0x0000000002854688]
Event: 1.379 Thread 0x0000000014c8a800  758       4       com.android.dx.ssa.DeadCodeRemover::hasSideEffect (11 bytes)
Event: 1.381 Thread 0x0000000014c8a800 nmethod 758 0x0000000002855b10 code [0x0000000002855c60, 0x0000000002855dd8]
Event: 1.381 Thread 0x0000000014c8a800  759       4       com.android.dx.rop.code.RegisterSpecList::get (9 bytes)
Event: 1.382 Thread 0x0000000014c8a800 nmethod 759 0x0000000002855790 code [0x00000000028558e0, 0x00000000028559b8]
Event: 1.382 Thread 0x0000000014c8a800  761       4       com.android.dx.ssa.SsaMethod::getDefinitionForRegister (61 bytes)
Event: 1.385 Thread 0x0000000014c8a800 nmethod 761 0x0000000002855210 code [0x0000000002855380, 0x00000000028555c8]
Event: 1.385 Thread 0x0000000014c8a800  766       4       com.android.dx.util.Bits::set (38 bytes)
Event: 1.386 Thread 0x0000000014c8a800 nmethod 766 0x0000000002854f50 code [0x0000000002855080, 0x0000000002855138]
Event: 1.386 Thread 0x0000000014c8a800  767       4       com.android.dx.util.BitIntSet::ensureCapacity (51 bytes)

GC Heap History (0 events):
No events

Deoptimization events (7 events):
Event: 0.332 Thread 0x0000000002460800 Uncommon trap: reason=unstable_if action=reinterpret pc=0x00000000026a0614 method=java.lang.String.indexOf(II)I @ 49
Event: 0.952 Thread 0x0000000002460800 Uncommon trap: reason=unstable_if action=reinterpret pc=0x000000000274762c method=java.util.HashMap.getNode(ILjava/lang/Object;)Ljava/util/HashMap$Node; @ 129
Event: 1.386 Thread 0x000000001661c800 Uncommon trap: reason=class_check action=maybe_recompile pc=0x0000000002858d2c method=com.android.dx.ssa.NormalSsaInsn.accept(Lcom/android/dx/ssa/SsaInsn$Visitor;)V @ 9
Event: 1.386 Thread 0x000000001661c800 Uncommon trap: reason=class_check action=maybe_recompile pc=0x00000000027b43f0 method=com.android.dx.ssa.NormalSsaInsn.accept(Lcom/android/dx/ssa/SsaInsn$Visitor;)V @ 9
Event: 1.387 Thread 0x000000001661c800 Uncommon trap: reason=class_check action=maybe_recompile pc=0x0000000002858d2c method=com.android.dx.ssa.NormalSsaInsn.accept(Lcom/android/dx/ssa/SsaInsn$Visitor;)V @ 9
Event: 1.387 Thread 0x000000001661c800 Uncommon trap: reason=class_check action=maybe_recompile pc=0x00000000027b43f0 method=com.android.dx.ssa.NormalSsaInsn.accept(Lcom/android/dx/ssa/SsaInsn$Visitor;)V @ 9
Event: 1.387 Thread 0x000000001661c800 Uncommon trap: reason=class_check action=maybe_recompile pc=0x0000000002858d2c method=com.android.dx.ssa.NormalSsaInsn.accept(Lcom/android/dx/ssa/SsaInsn$Visitor;)V @ 9

Internal exceptions (2 events):
Event: 0.063 Thread 0x0000000002460800 Exception <a 'java/lang/NoSuchMethodError': Method sun.misc.Unsafe.defineClass(Ljava/lang/String;[BII)Ljava/lang/Class; name or signature does not match> (0x00000000eab07cc0) thrown at [C:\src\android\AOSP-openjdk\external\jetbrains\jdk\hotspot\src\share\v#ma9°?
Event: 0.063 Thread 0x0000000002460800 Exception <a 'java/lang/NoSuchMethodError': Method sun.misc.Unsafe.prefetchRead(Ljava/lang/Object;J)V name or signature does not match> (0x00000000eab07fa8) thrown at [C:\src\android\AOSP-openjdk\external\jetbrains\jdk\hotspot\src\share\vm\prims\jni.cpp, l

Events (10 events):
Event: 1.386 Thread 0x000000001661c800 DEOPT UNPACKING pc=0x00000000025a556a sp=0x0000000016b9e800 mode 2
Event: 1.387 Thread 0x000000001661c800 Uncommon trap: trap_request=0xffffffde fr.pc=0x0000000002858d2c
Event: 1.387 Thread 0x000000001661c800 DEOPT PACKING pc=0x0000000002858d2c sp=0x0000000016b9e840
Event: 1.387 Thread 0x000000001661c800 DEOPT UNPACKING pc=0x00000000025a556a sp=0x0000000016b9e810 mode 2
Event: 1.387 Thread 0x000000001661c800 Uncommon trap: trap_request=0xffffffde fr.pc=0x00000000027b43f0
Event: 1.387 Thread 0x000000001661c800 DEOPT PACKING pc=0x00000000027b43f0 sp=0x0000000016b9e860
Event: 1.387 Thread 0x000000001661c800 DEOPT UNPACKING pc=0x00000000025a556a sp=0x0000000016b9e800 mode 2
Event: 1.387 Thread 0x000000001661c800 Uncommon trap: trap_request=0xffffffde fr.pc=0x0000000002858d2c
Event: 1.387 Thread 0x000000001661c800 DEOPT PACKING pc=0x0000000002858d2c sp=0x0000000016b9e840
Event: 1.387 Thread 0x000000001661c800 DEOPT UNPACKING pc=0x00000000025a556a sp=0x0000000016b9e810 mode 2


Dynamic libraries:
0x00007ff6beda0000 - 0x00007ff6bedd5000 	E:\Android\android-studio-ide-145.2915834-windows\jre\bin\java.exe
0x00007ffc71010000 - 0x00007ffc711d1000 	C:\Windows\SYSTEM32\ntdll.dll
0x00007ffc70e50000 - 0x00007ffc70efd000 	C:\Windows\system32\KERNEL32.DLL
0x00007ffc6da90000 - 0x00007ffc6dc78000 	C:\Windows\system32\KERNELBASE.dll
0x00007ffc6eb70000 - 0x00007ffc6ec17000 	C:\Windows\system32\ADVAPI32.dll
0x00007ffc70f00000 - 0x00007ffc70f9d000 	C:\Windows\system32\msvcrt.dll
0x00007ffc6eb10000 - 0x00007ffc6eb6b000 	C:\Windows\system32\sechost.dll
0x00007ffc6ec80000 - 0x00007ffc6ed9c000 	C:\Windows\system32\RPCRT4.dll
0x00007ffc6f0f0000 - 0x00007ffc6f246000 	C:\Windows\system32\USER32.dll
0x00007ffc70960000 - 0x00007ffc70ae6000 	C:\Windows\system32\GDI32.dll
0x00007ffc5ff30000 - 0x00007ffc601a4000 	C:\Windows\WinSxS\amd64_microsoft.windows.common-controls_6595b64144ccf1df_6.0.10586.0_none_8c15ae12515e1c22\COMCTL32.dll
0x00007ffc6eda0000 - 0x00007ffc6f01d000 	C:\Windows\system32\combase.dll
0x00007ffc6d9a0000 - 0x00007ffc6da0a000 	C:\Windows\system32\bcryptPrimitives.dll
0x00007ffc6ec20000 - 0x00007ffc6ec5b000 	C:\Windows\system32\IMM32.DLL
0x0000000075bc0000 - 0x0000000075c92000 	E:\Android\android-studio-ide-145.2915834-windows\jre\jre\bin\msvcr100.dll
0x0000000075ca0000 - 0x00000000764d4000 	E:\Android\android-studio-ide-145.2915834-windows\jre\jre\bin\server\jvm.dll
0x00007ffc70c70000 - 0x00007ffc70c78000 	C:\Windows\system32\PSAPI.DLL
0x00007ffc6bc20000 - 0x00007ffc6bc29000 	C:\Windows\SYSTEM32\WSOCK32.dll
0x00007ffc70af0000 - 0x00007ffc70b5b000 	C:\Windows\system32\WS2_32.dll
0x00007ffc6b5f0000 - 0x00007ffc6b613000 	C:\Windows\SYSTEM32\WINMM.dll
0x00007ffc62e40000 - 0x00007ffc62e4a000 	C:\Windows\SYSTEM32\VERSION.dll
0x00007ffc6b590000 - 0x00007ffc6b5bc000 	C:\Windows\SYSTEM32\WINMMBASE.dll
0x00007ffc6d780000 - 0x00007ffc6d7c3000 	C:\Windows\system32\cfgmgr32.dll
0x00007ffc6bc10000 - 0x00007ffc6bc1f000 	E:\Android\android-studio-ide-145.2915834-windows\jre\jre\bin\verify.dll
0x00007ffc68150000 - 0x00007ffc68179000 	E:\Android\android-studio-ide-145.2915834-windows\jre\jre\bin\java.dll
0x00007ffc6bbd0000 - 0x00007ffc6bbe6000 	E:\Android\android-studio-ide-145.2915834-windows\jre\jre\bin\zip.dll
0x00007ffc6f400000 - 0x00007ffc7095c000 	C:\Windows\system32\SHELL32.dll
0x00007ffc6ddc0000 - 0x00007ffc6e405000 	C:\Windows\system32\windows.storage.dll
0x00007ffc70c80000 - 0x00007ffc70cd2000 	C:\Windows\system32\shlwapi.dll
0x00007ffc6d660000 - 0x00007ffc6d66f000 	C:\Windows\system32\kernel.appcore.dll
0x00007ffc6d6c0000 - 0x00007ffc6d775000 	C:\Windows\system32\shcore.dll
0x00007ffc6d670000 - 0x00007ffc6d6bb000 	C:\Windows\system32\powrprof.dll
0x00007ffc6d630000 - 0x00007ffc6d644000 	C:\Windows\system32\profapi.dll

VM Arguments:
jvm_args: -Djava.awt.headless=true -Xmx1024M -Dfile.encoding=GBK -Duser.country=CN -Duser.language=zh -Duser.variant 
java_command: com.android.dx.command.Main --dex --num-threads=4 --output E:\Teapopo\app\build\intermediates\pre-dexed\debug\ShareSDK-Evernote-2.7.1_4ebec606174b8622ad6d6fa4ea3351da0bc0ad76.jar E:\Teapopo\app\libs\ShareSDK-Evernote-2.7.1.jar
java_class_path (initial): C:\Users\lhq\AppData\Local\Android\sdk\build-tools\23.0.3\lib\dx.jar
Launcher Type: SUN_STANDARD

Environment Variables:
JAVA_HOME=C:\Program Files\Java\jdk1.8.0_91
PATH=C:\ProgramData\Oracle\Java\javapath;C:\Windows\system32;C:\Windows;C:\Windows\System32\Wbem;C:\Windows\System32\WindowsPowerShell\v1.0\;C:\Users\lhq\AppData\Local\Android\sdk\platform-tools;C:\Users\lhq\AppData\Local\Android\sdk\tools;C:\Program Files\Java\jdk1.8.0_91\bin;C:\Program Files\Java\jdk1.8.0_91\jre\bin
USERNAME=lhq
OS=Windows_NT
PROCESSOR_IDENTIFIER=Intel64 Family 6 Model 69 Stepping 1, GenuineIntel



---------------  S Y S T E M  ---------------

OS: Windows 10.0 , 64 bit Build 10586 (10.0.10586.0)

CPU:total 4 (2 cores per cpu, 2 threads per core) family 6 model 69 stepping 1, cmov, cx8, fxsr, mmx, sse, sse2, sse3, ssse3, sse4.1, sse4.2, popcnt, avx, avx2, aes, clmul, erms, lzcnt, ht, tsc, tscinvbit, bmi1, bmi2

Memory: 4k page, physical 8067548k(1044348k free), swap 8067548k(4092k free)

vm_info: OpenJDK 64-Bit Server VM (25.76-b01) for windows-amd64 JRE (1.8.0_76-release-b01), built on May 12 2016 23:29:00 by "ralucas" with MS VC++ 10.0 (VS2010)

time: Mon Jul 04 16:19:09 2016
elapsed time: 1 seconds (0d 0h 0m 1s)

