#
# There is insufficient memory for the Java Runtime Environment to continue.
# Native memory allocation (malloc) failed to allocate 405680 bytes for Chunk::new
# Possible reasons:
#   The system is out of physical RAM or swap space
#   In 32 bit mode, the process size limit was hit
# Possible solutions:
#   Reduce memory load on the system
#   Increase physical memory or swap space
#   Check if swap backing store is full
#   Use 64 bit Java on a 64 bit OS
#   Decrease Java heap size (-Xmx/-Xms)
#   Decrease number of Java threads
#   Decrease Java thread stack sizes (-Xss)
#   Set larger code cache with -XX:ReservedCodeCacheSize=
# This output file may be truncated or incomplete.
#
#  Out of Memory Error (allocation.cpp:390), pid=5600, tid=0x0000000000001554
#
# JRE version: OpenJDK Runtime Environment (8.0_76-b01) (build 1.8.0_76-release-b01)
# Java VM: OpenJDK 64-Bit Server VM (25.76-b01 mixed mode windows-amd64 compressed oops)
# Failed to write core dump. Minidumps are not enabled by default on client versions of Windows
#

---------------  T H R E A D  ---------------

Current thread (0x0000000014cdd800):  JavaThread "C2 CompilerThread0" daemon [_thread_in_native, id=5460, stack(0x0000000016230000,0x0000000016330000)]

Stack: [0x0000000016230000,0x0000000016330000]
[error occurred during error reporting (printing stack bounds), id 0xc0000005]

Native frames: (J=compiled Java code, j=interpreted, Vv=VM code, C=native code)


Current CompileTask:
C2:   1775 1545       4       com.android.dx.ssa.SCCP::simulatePhi (169 bytes)


---------------  P R O C E S S  ---------------

Java Threads: ( => current thread )
  0x00000000165e1800 JavaThread "pool-1-thread-4" [_thread_in_Java, id=796, stack(0x0000000016f30000,0x0000000017030000)]
  0x0000000016599800 JavaThread "pool-1-thread-3" [_thread_in_Java, id=6136, stack(0x0000000016e30000,0x0000000016f30000)]
  0x0000000016596000 JavaThread "pool-1-thread-2" [_thread_in_Java, id=1964, stack(0x0000000016d30000,0x0000000016e30000)]
  0x0000000016591000 JavaThread "pool-2-thread-1" [_thread_blocked, id=5096, stack(0x0000000016c30000,0x0000000016d30000)]
  0x00000000163ad800 JavaThread "Service Thread" daemon [_thread_blocked, id=4868, stack(0x0000000016930000,0x0000000016a30000)]
  0x000000001637e800 JavaThread "C1 CompilerThread2" daemon [_thread_blocked, id=5364, stack(0x0000000016830000,0x0000000016930000)]
  0x000000001637c000 JavaThread "C2 CompilerThread1" daemon [_thread_in_native, id=1784, stack(0x0000000016730000,0x0000000016830000)]
=>0x0000000014cdd800 JavaThread "C2 CompilerThread0" daemon [_thread_in_native, id=5460, stack(0x0000000016230000,0x0000000016330000)]
  0x0000000014cdc000 JavaThread "Attach Listener" daemon [_thread_blocked, id=4972, stack(0x0000000016130000,0x0000000016230000)]
  0x0000000014cdb000 JavaThread "Signal Dispatcher" daemon [_thread_blocked, id=6124, stack(0x0000000016030000,0x0000000016130000)]
  0x0000000014cb8800 JavaThread "Finalizer" daemon [_thread_blocked, id=5556, stack(0x0000000015f30000,0x0000000016030000)]
  0x00000000025f0000 JavaThread "Reference Handler" daemon [_thread_blocked, id=4720, stack(0x0000000015e30000,0x0000000015f30000)]
  0x0000000002500800 JavaThread "main" [_thread_blocked, id=5480, stack(0x0000000002000000,0x0000000002100000)]

Other Threads:
  0x0000000014c95800 VMThread [stack: 0x0000000015d30000,0x0000000015e30000] [id=720]
  0x00000000163b0000 WatcherThread [stack: 0x0000000016a30000,0x0000000016b30000] [id=5076]

VM state:not at safepoint (normal execution)

VM Mutex/Monitor currently owned by a thread: None

Heap:
 PSYoungGen      total 68608K, used 40502K [0x00000000eab00000, 0x00000000f3100000, 0x0000000100000000)
  eden space 63488K, 55% used [0x00000000eab00000,0x00000000ecd8f8f8,0x00000000ee900000)
  from space 5120K, 99% used [0x00000000ee900000,0x00000000eedfe038,0x00000000eee00000)
  to   space 5120K, 0% used [0x00000000f2c00000,0x00000000f2c00000,0x00000000f3100000)
 ParOldGen       total 84992K, used 15602K [0x00000000c0000000, 0x00000000c5300000, 0x00000000eab00000)
  object space 84992K, 18% used [0x00000000c0000000,0x00000000c0f3ca38,0x00000000c5300000)
 Metaspace       used 6317K, capacity 7092K, committed 7296K, reserved 1056768K
  class space    used 596K, capacity 620K, committed 640K, reserved 1048576K

Card table byte_map: [0x00000000119c0000,0x0000000011bd0000] byte_map_base: 0x00000000113c0000

Marking Bits: (ParMarkBitMap*) 0x0000000076459d00
 Begin Bits: [0x0000000012130000, 0x0000000013130000)
 End Bits:   [0x0000000013130000, 0x0000000014130000)

Polling page: 0x0000000000430000

CodeCache: size=245760Kb used=6434Kb max_used=6434Kb free=239325Kb
 bounds [0x0000000002600000, 0x0000000002c50000, 0x0000000011600000]
 total_blobs=1926 nmethods=1657 adapters=183
 compilation: enabled

Compilation events (10 events):
Event: 1.730 Thread 0x000000001637e800 1690       3       com.android.dx.util.IntList::binarysearch (124 bytes)
Event: 1.731 Thread 0x000000001637e800 nmethod 1690 0x0000000002c4be90 code [0x0000000002c4c020, 0x0000000002c4c4d0]
Event: 1.741 Thread 0x000000001637e800 1692       2       com.android.dx.rop.type.Type::getComponentType (70 bytes)
Event: 1.741 Thread 0x000000001637e800 nmethod 1692 0x0000000002c4c790 code [0x0000000002c4c960, 0x0000000002c4ce48]
Event: 1.741 Thread 0x000000001637e800 1693       2       com.android.dx.rop.code.Rops::pickBinaryOp (158 bytes)
Event: 1.742 Thread 0x000000001637e800 nmethod 1693 0x0000000002c4d190 code [0x0000000002c4d380, 0x0000000002c4d998]
Event: 1.742 Thread 0x000000001637e800 1694       2       com.android.dx.ssa.back.FirstFitLocalCombiningAllocator$Multiset::getAndRemoveHighestCount (63 bytes)
Event: 1.743 Thread 0x000000001637e800 nmethod 1694 0x0000000002c4de90 code [0x0000000002c4e000, 0x0000000002c4e250]
Event: 1.758 Thread 0x000000001637e800 1695       2       com.android.dx.dex.code.TargetInsn::<init> (29 bytes)
Event: 1.758 Thread 0x000000001637e800 nmethod 1695 0x0000000002c4e490 code [0x0000000002c4e600, 0x0000000002c4e858]

GC Heap History (6 events):
Event: 0.912 GC heap before
{Heap before GC invocations=1 (full 0):
 PSYoungGen      total 36864K, used 31744K [0x00000000eab00000, 0x00000000ed400000, 0x0000000100000000)
  eden space 31744K, 100% used [0x00000000eab00000,0x00000000eca00000,0x00000000eca00000)
  from space 5120K, 0% used [0x00000000ecf00000,0x00000000ecf00000,0x00000000ed400000)
  to   space 5120K, 0% used [0x00000000eca00000,0x00000000eca00000,0x00000000ecf00000)
 ParOldGen       total 84992K, used 0K [0x00000000c0000000, 0x00000000c5300000, 0x00000000eab00000)
  object space 84992K, 0% used [0x00000000c0000000,0x00000000c0000000,0x00000000c5300000)
 Metaspace       used 5887K, capacity 6832K, committed 7040K, reserved 1056768K
  class space    used 573K, capacity 616K, committed 640K, reserved 1048576K
Event: 0.923 GC heap after
Heap after GC invocations=1 (full 0):
 PSYoungGen      total 36864K, used 5119K [0x00000000eab00000, 0x00000000ef300000, 0x0000000100000000)
  eden space 31744K, 0% used [0x00000000eab00000,0x00000000eab00000,0x00000000eca00000)
  from space 5120K, 99% used [0x00000000eca00000,0x00000000eceffc88,0x00000000ecf00000)
  to   space 5120K, 0% used [0x00000000eee00000,0x00000000eee00000,0x00000000ef300000)
 ParOldGen       total 84992K, used 1273K [0x00000000c0000000, 0x00000000c5300000, 0x00000000eab00000)
  object space 84992K, 1% used [0x00000000c0000000,0x00000000c013e458,0x00000000c5300000)
 Metaspace       used 5887K, capacity 6832K, committed 7040K, reserved 1056768K
  class space    used 573K, capacity 616K, committed 640K, reserved 1048576K
}
Event: 1.177 GC heap before
{Heap before GC invocations=2 (full 0):
 PSYoungGen      total 36864K, used 36863K [0x00000000eab00000, 0x00000000ef300000, 0x0000000100000000)
  eden space 31744K, 100% used [0x00000000eab00000,0x00000000eca00000,0x00000000eca00000)
  from space 5120K, 99% used [0x00000000eca00000,0x00000000eceffc88,0x00000000ecf00000)
  to   space 5120K, 0% used [0x00000000eee00000,0x00000000eee00000,0x00000000ef300000)
 ParOldGen       total 84992K, used 1273K [0x00000000c0000000, 0x00000000c5300000, 0x00000000eab00000)
  object space 84992K, 1% used [0x00000000c0000000,0x00000000c013e458,0x00000000c5300000)
 Metaspace       used 6073K, capacity 7024K, committed 7296K, reserved 1056768K
  class space    used 575K, capacity 616K, committed 640K, reserved 1048576K
Event: 1.197 GC heap after
Heap after GC invocations=2 (full 0):
 PSYoungGen      total 68608K, used 5119K [0x00000000eab00000, 0x00000000ef300000, 0x0000000100000000)
  eden space 63488K, 0% used [0x00000000eab00000,0x00000000eab00000,0x00000000ee900000)
  from space 5120K, 99% used [0x00000000eee00000,0x00000000ef2ffc88,0x00000000ef300000)
  to   space 5120K, 0% used [0x00000000ee900000,0x00000000ee900000,0x00000000eee00000)
 ParOldGen       total 84992K, used 6802K [0x00000000c0000000, 0x00000000c5300000, 0x00000000eab00000)
  object space 84992K, 8% used [0x00000000c0000000,0x00000000c06a4b70,0x00000000c5300000)
 Metaspace       used 6073K, capacity 7024K, committed 7296K, reserved 1056768K
  class space    used 575K, capacity 616K, committed 640K, reserved 1048576K
}
Event: 1.566 GC heap before
{Heap before GC invocations=3 (full 0):
 PSYoungGen      total 68608K, used 68607K [0x00000000eab00000, 0x00000000ef300000, 0x0000000100000000)
  eden space 63488K, 100% used [0x00000000eab00000,0x00000000ee900000,0x00000000ee900000)
  from space 5120K, 99% used [0x00000000eee00000,0x00000000ef2ffc88,0x00000000ef300000)
  to   space 5120K, 0% used [0x00000000ee900000,0x00000000ee900000,0x00000000eee00000)
 ParOldGen       total 84992K, used 6802K [0x00000000c0000000, 0x00000000c5300000, 0x00000000eab00000)
  object space 84992K, 8% used [0x00000000c0000000,0x00000000c06a4b70,0x00000000c5300000)
 Metaspace       used 6281K, capacity 7090K, committed 7296K, reserved 1056768K
  class space    used 594K, capacity 618K, committed 640K, reserved 1048576K
Event: 1.593 GC heap after
Heap after GC invocations=3 (full 0):
 PSYoungGen      total 68608K, used 5112K [0x00000000eab00000, 0x00000000f3100000, 0x0000000100000000)
  eden space 63488K, 0% used [0x00000000eab00000,0x00000000eab00000,0x00000000ee900000)
  from space 5120K, 99% used [0x00000000ee900000,0x00000000eedfe038,0x00000000eee00000)
  to   space 5120K, 0% used [0x00000000f2c00000,0x00000000f2c00000,0x00000000f3100000)
 ParOldGen       total 84992K, used 15602K [0x00000000c0000000, 0x00000000c5300000, 0x00000000eab00000)
  object space 84992K, 18% used [0x00000000c0000000,0x00000000c0f3ca38,0x00000000c5300000)
 Metaspace       used 6281K, capacity 7090K, committed 7296K, reserved 1056768K
  class space    used 594K, capacity 618K, committed 640K, reserved 1048576K
}

Deoptimization events (10 events):
Event: 1.299 Thread 0x0000000016590000 Uncommon trap: reason=unstable_if action=reinterpret pc=0x0000000002a1b5f8 method=java.util.HashMap.putVal(ILjava/lang/Object;Ljava/lang/Object;ZZ)Ljava/lang/Object; @ 162
Event: 1.395 Thread 0x0000000002500800 Uncommon trap: reason=unstable_if action=reinterpret pc=0x0000000002b76cb0 method=com.android.dx.ssa.SCCP.simulateBranch(Lcom/android/dx/ssa/SsaInsn;)V @ 548
Event: 1.404 Thread 0x00000000165e1800 Uncommon trap: reason=unstable_if action=reinterpret pc=0x00000000029815a8 method=com.android.dx.util.IntList.binarysearch(I)I @ 105
Event: 1.469 Thread 0x0000000016596000 Uncommon trap: reason=bimorphic action=maybe_recompile pc=0x0000000002846214 method=java.util.HashMap.getNode(ILjava/lang/Object;)Ljava/util/HashMap$Node; @ 126
Event: 1.564 Thread 0x00000000165e1800 Uncommon trap: reason=bimorphic action=maybe_recompile pc=0x0000000002c01390 method=com.android.dx.cf.code.BytecodeArray.parseInstruction(ILcom/android/dx/cf/code/BytecodeArray$Visitor;)I @ 971
Event: 1.564 Thread 0x00000000165e1800 Uncommon trap: reason=bimorphic action=maybe_recompile pc=0x0000000002c01390 method=com.android.dx.cf.code.BytecodeArray.parseInstruction(ILcom/android/dx/cf/code/BytecodeArray$Visitor;)I @ 971
Event: 1.596 Thread 0x00000000165e1800 Uncommon trap: reason=bimorphic action=maybe_recompile pc=0x0000000002c00978 method=com.android.dx.cf.code.BytecodeArray.parseInstruction(ILcom/android/dx/cf/code/BytecodeArray$Visitor;)I @ 1501
Event: 1.596 Thread 0x00000000165e1800 Uncommon trap: reason=bimorphic action=maybe_recompile pc=0x0000000002c00978 method=com.android.dx.cf.code.BytecodeArray.parseInstruction(ILcom/android/dx/cf/code/BytecodeArray$Visitor;)I @ 1501
Event: 1.603 Thread 0x0000000002500800 Uncommon trap: reason=unstable_if action=reinterpret pc=0x00000000028e2ea4 method=java.util.HashMap.getNode(ILjava/lang/Object;)Ljava/util/HashMap$Node; @ 84
Event: 1.648 Thread 0x0000000016596000 Uncommon trap: reason=unstable_if action=reinterpret pc=0x00000000028aafc0 method=com.android.dx.rop.code.RegisterSpecSet.<init>(I)V @ 2

Internal exceptions (5 events):
Event: 0.037 Thread 0x0000000002500800 Exception <a 'java/lang/NoSuchMethodError': Method sun.misc.Unsafe.defineClass(Ljava/lang/String;[BII)Ljava/lang/Class; name or signature does not match> (0x00000000eab07cc0) thrown at [C:\src\android\AOSP-openjdk\external\jetbrains\jdk\hotspot\src\share\vÂw`åÏã¢?
Event: 0.037 Thread 0x0000000002500800 Exception <a 'java/lang/NoSuchMethodError': Method sun.misc.Unsafe.prefetchRead(Ljava/lang/Object;J)V name or signature does not match> (0x00000000eab07fa8) thrown at [C:\src\android\AOSP-openjdk\external\jetbrains\jdk\hotspot\src\share\vm\prims\jni.cpp, lKÃNs”ô?
Event: 1.286 Thread 0x0000000016590000 Exception <a 'java/lang/ArrayIndexOutOfBoundsException': 18> (0x00000000ebbfba58) thrown at [C:\src\android\AOSP-openjdk\external\jetbrains\jdk\hotspot\src\share\vm\interpreter\interpreterRuntime.cpp, line 366]
Event: 1.287 Thread 0x0000000016590000 Exception <a 'java/lang/ArrayIndexOutOfBoundsException': 145> (0x00000000ebbfd5d8) thrown at [C:\src\android\AOSP-openjdk\external\jetbrains\jdk\hotspot\src\share\vm\interpreter\interpreterRuntime.cpp, line 366]
Event: 1.288 Thread 0x0000000016590000 Exception <a 'java/lang/ArrayIndexOutOfBoundsException'> (0x00000000ebbfe8c0) thrown at [C:\src\android\AOSP-openjdk\external\jetbrains\jdk\hotspot\src\share\vm\runtime\sharedRuntime.cpp, line 605]

Events (10 events):
Event: 1.721 Thread 0x00000000165e1800 DEOPT UNPACKING pc=0x00000000026475bf sp=0x000000001702e8a8 mode 0
Event: 1.730 Thread 0x0000000016596000 DEOPT PACKING pc=0x00000000029a3b93 sp=0x0000000016e2e580
Event: 1.730 Thread 0x0000000016596000 DEOPT UNPACKING pc=0x00000000026475bf sp=0x0000000016e2e348 mode 0
Event: 1.742 Thread 0x0000000016596000 DEOPT PACKING pc=0x00000000029a38c1 sp=0x0000000016e2e580
Event: 1.742 Thread 0x0000000016596000 DEOPT UNPACKING pc=0x00000000026475bf sp=0x0000000016e2e348 mode 0
Event: 1.752 Thread 0x00000000165e1800 DEOPT PACKING pc=0x00000000029a3b7c sp=0x000000001702eae0
Event: 1.752 Thread 0x00000000165e1800 DEOPT UNPACKING pc=0x00000000026475bf sp=0x000000001702e8a8 mode 0
Event: 1.762 Thread 0x0000000016599800 DEOPT PACKING pc=0x00000000029a3baa sp=0x0000000016f2ea00
Event: 1.762 Thread 0x0000000016599800 DEOPT UNPACKING pc=0x00000000026475bf sp=0x0000000016f2e7c8 mode 0
Event: 1.768 Thread 0x0000000016590000 Thread exited: 0x0000000016590000


Dynamic libraries:
0x00007ff701100000 - 0x00007ff701135000 	E:\Android\android-studio-ide-145.2915834-windows\jre\bin\java.exe
0x00007ffc71010000 - 0x00007ffc711d1000 	C:\Windows\SYSTEM32\ntdll.dll
0x00007ffc70e50000 - 0x00007ffc70efd000 	C:\Windows\system32\KERNEL32.DLL
0x00007ffc6da90000 - 0x00007ffc6dc78000 	C:\Windows\system32\KERNELBASE.dll
0x00007ffc6eb70000 - 0x00007ffc6ec17000 	C:\Windows\system32\ADVAPI32.dll
0x00007ffc70f00000 - 0x00007ffc70f9d000 	C:\Windows\system32\msvcrt.dll
0x00007ffc6eb10000 - 0x00007ffc6eb6b000 	C:\Windows\system32\sechost.dll
0x00007ffc6ec80000 - 0x00007ffc6ed9c000 	C:\Windows\system32\RPCRT4.dll
0x00007ffc6f0f0000 - 0x00007ffc6f246000 	C:\Windows\system32\USER32.dll
0x00007ffc70960000 - 0x00007ffc70ae6000 	C:\Windows\system32\GDI32.dll
0x00007ffc5ff30000 - 0x00007ffc601a4000 	C:\Windows\WinSxS\amd64_microsoft.windows.common-controls_6595b64144ccf1df_6.0.10586.0_none_8c15ae12515e1c22\COMCTL32.dll
0x00007ffc6eda0000 - 0x00007ffc6f01d000 	C:\Windows\system32\combase.dll
0x00007ffc6d9a0000 - 0x00007ffc6da0a000 	C:\Windows\system32\bcryptPrimitives.dll
0x00007ffc6ec20000 - 0x00007ffc6ec5b000 	C:\Windows\system32\IMM32.DLL
0x0000000075bc0000 - 0x0000000075c92000 	E:\Android\android-studio-ide-145.2915834-windows\jre\jre\bin\msvcr100.dll
0x0000000075ca0000 - 0x00000000764d4000 	E:\Android\android-studio-ide-145.2915834-windows\jre\jre\bin\server\jvm.dll
0x00007ffc70c70000 - 0x00007ffc70c78000 	C:\Windows\system32\PSAPI.DLL
0x00007ffc61f00000 - 0x00007ffc61f09000 	C:\Windows\SYSTEM32\WSOCK32.dll
0x00007ffc70af0000 - 0x00007ffc70b5b000 	C:\Windows\system32\WS2_32.dll
0x00007ffc6b5f0000 - 0x00007ffc6b613000 	C:\Windows\SYSTEM32\WINMM.dll
0x00007ffc62e40000 - 0x00007ffc62e4a000 	C:\Windows\SYSTEM32\VERSION.dll
0x00007ffc6b590000 - 0x00007ffc6b5bc000 	C:\Windows\SYSTEM32\WINMMBASE.dll
0x00007ffc6d780000 - 0x00007ffc6d7c3000 	C:\Windows\system32\cfgmgr32.dll
0x00007ffc61e90000 - 0x00007ffc61e9f000 	E:\Android\android-studio-ide-145.2915834-windows\jre\jre\bin\verify.dll
0x00007ffc5f4d0000 - 0x00007ffc5f4f9000 	E:\Android\android-studio-ide-145.2915834-windows\jre\jre\bin\java.dll
0x00007ffc5fbf0000 - 0x00007ffc5fc06000 	E:\Android\android-studio-ide-145.2915834-windows\jre\jre\bin\zip.dll
0x00007ffc6f400000 - 0x00007ffc7095c000 	C:\Windows\system32\SHELL32.dll
0x00007ffc6ddc0000 - 0x00007ffc6e405000 	C:\Windows\system32\windows.storage.dll
0x00007ffc70c80000 - 0x00007ffc70cd2000 	C:\Windows\system32\shlwapi.dll
0x00007ffc6d660000 - 0x00007ffc6d66f000 	C:\Windows\system32\kernel.appcore.dll
0x00007ffc6d6c0000 - 0x00007ffc6d775000 	C:\Windows\system32\shcore.dll
0x00007ffc6d670000 - 0x00007ffc6d6bb000 	C:\Windows\system32\powrprof.dll
0x00007ffc6d630000 - 0x00007ffc6d644000 	C:\Windows\system32\profapi.dll

VM Arguments:
jvm_args: -Djava.awt.headless=true -Xmx1024M -Dfile.encoding=GBK -Duser.country=CN -Duser.language=zh -Duser.variant 
java_command: com.android.dx.command.Main --dex --num-threads=4 --output E:\Teapopo\app\build\intermediates\pre-dexed\debug\tecent_open_sdk_r5509_lite_1e046ca3cebb6662ac8f36ebde652339777b7294.jar E:\Teapopo\app\libs\tecent_open_sdk_r5509_lite.jar
java_class_path (initial): C:\Users\lhq\AppData\Local\Android\sdk\build-tools\23.0.3\lib\dx.jar
Launcher Type: SUN_STANDARD

Environment Variables:
JAVA_HOME=C:\Program Files\Java\jdk1.8.0_91
PATH=C:\ProgramData\Oracle\Java\javapath;C:\Windows\system32;C:\Windows;C:\Windows\System32\Wbem;C:\Windows\System32\WindowsPowerShell\v1.0\;C:\Users\lhq\AppData\Local\Android\sdk\platform-tools;C:\Users\lhq\AppData\Local\Android\sdk\tools;C:\Program Files\Java\jdk1.8.0_91\bin;C:\Program Files\Java\jdk1.8.0_91\jre\bin
USERNAME=lhq
OS=Windows_NT
PROCESSOR_IDENTIFIER=Intel64 Family 6 Model 69 Stepping 1, GenuineIntel



---------------  S Y S T E M  ---------------

OS: Windows 10.0 , 64 bit Build 10586 (10.0.10586.0)

CPU:total 4 (2 cores per cpu, 2 threads per core) family 6 model 69 stepping 1, cmov, cx8, fxsr, mmx, sse, sse2, sse3, ssse3, sse4.1, sse4.2, popcnt, avx, avx2, aes, clmul, erms, lzcnt, ht, tsc, tscinvbit, bmi1, bmi2

Memory: 4k page, physical 8067548k(1004652k free), swap 8067548k(5292k free)

vm_info: OpenJDK 64-Bit Server VM (25.76-b01) for windows-amd64 JRE (1.8.0_76-release-b01), built on May 12 2016 23:29:00 by "ralucas" with MS VC++ 10.0 (VS2010)

time: Sat Jul 02 11:30:01 2016
elapsed time: 1 seconds (0d 0h 0m 1s)

