#
# There is insufficient memory for the Java Runtime Environment to continue.
# Native memory allocation (malloc) failed to allocate 788096 bytes for Chunk::new
# Possible reasons:
#   The system is out of physical RAM or swap space
#   In 32 bit mode, the process size limit was hit
# Possible solutions:
#   Reduce memory load on the system
#   Increase physical memory or swap space
#   Check if swap backing store is full
#   Use 64 bit Java on a 64 bit OS
#   Decrease Java heap size (-Xmx/-Xms)
#   Decrease number of Java threads
#   Decrease Java thread stack sizes (-Xss)
#   Set larger code cache with -XX:ReservedCodeCacheSize=
# This output file may be truncated or incomplete.
#
#  Out of Memory Error (allocation.cpp:390), pid=102452, tid=0x00000000000165e8
#
# JRE version: OpenJDK Runtime Environment (8.0_76-b01) (build 1.8.0_76-release-b01)
# Java VM: OpenJDK 64-Bit Server VM (25.76-b01 mixed mode windows-amd64 compressed oops)
# Failed to write core dump. Minidumps are not enabled by default on client versions of Windows
#

---------------  T H R E A D  ---------------

Current thread (0x0000000016315800):  JavaThread "C2 CompilerThread1" daemon [_thread_in_native, id=91624, stack(0x00000000166c0000,0x00000000167c0000)]

Stack: [0x00000000166c0000,0x00000000167c0000]
[error occurred during error reporting (printing stack bounds), id 0xc0000005]

Native frames: (J=compiled Java code, j=interpreted, Vv=VM code, C=native code)


Current CompileTask:
C2:   7624 2471       4       com.android.dx.dex.code.DalvCode::finishProcessingIfNecessary (69 bytes)


---------------  P R O C E S S  ---------------

Java Threads: ( => current thread )
  0x000000001631f000 JavaThread "Service Thread" daemon [_thread_blocked, id=102816, stack(0x00000000168c0000,0x00000000169c0000)]
  0x0000000016318000 JavaThread "C1 CompilerThread2" daemon [_thread_blocked, id=103380, stack(0x00000000167c0000,0x00000000168c0000)]
=>0x0000000016315800 JavaThread "C2 CompilerThread1" daemon [_thread_in_native, id=91624, stack(0x00000000166c0000,0x00000000167c0000)]
  0x0000000014cc7000 JavaThread "C2 CompilerThread0" daemon [_thread_in_native, id=91696, stack(0x00000000161c0000,0x00000000162c0000)]
  0x0000000014c7c800 JavaThread "Attach Listener" daemon [_thread_blocked, id=103276, stack(0x00000000160c0000,0x00000000161c0000)]
  0x0000000014c7b000 JavaThread "Signal Dispatcher" daemon [_thread_blocked, id=100768, stack(0x0000000015fc0000,0x00000000160c0000)]
  0x0000000014c58800 JavaThread "Finalizer" daemon [_thread_blocked, id=101528, stack(0x0000000015ec0000,0x0000000015fc0000)]
  0x0000000002590000 JavaThread "Reference Handler" daemon [_thread_blocked, id=102900, stack(0x0000000015dc0000,0x0000000015ec0000)]
  0x00000000024a0800 JavaThread "main" [_thread_in_Java, id=102668, stack(0x00000000021f0000,0x00000000022f0000)]

Other Threads:
  0x0000000014c35800 VMThread [stack: 0x0000000015cc0000,0x0000000015dc0000] [id=102952]
  0x0000000016322000 WatcherThread [stack: 0x00000000169c0000,0x0000000016ac0000] [id=84876]

VM state:not at safepoint (normal execution)

VM Mutex/Monitor currently owned by a thread: None

Heap:
 PSYoungGen      total 141312K, used 33853K [0x00000000eab00000, 0x00000000f4700000, 0x0000000100000000)
  eden space 125952K, 16% used [0x00000000eab00000,0x00000000ebefec60,0x00000000f2600000)
  from space 15360K, 87% used [0x00000000f3600000,0x00000000f4310a28,0x00000000f4500000)
  to   space 16384K, 0% used [0x00000000f2600000,0x00000000f2600000,0x00000000f3600000)
 ParOldGen       total 84992K, used 28631K [0x00000000c0000000, 0x00000000c5300000, 0x00000000eab00000)
  object space 84992K, 33% used [0x00000000c0000000,0x00000000c1bf5c38,0x00000000c5300000)
 Metaspace       used 6778K, capacity 7536K, committed 7808K, reserved 1056768K
  class space    used 600K, capacity 616K, committed 640K, reserved 1048576K

Card table byte_map: [0x0000000011960000,0x0000000011b70000] byte_map_base: 0x0000000011360000

Marking Bits: (ParMarkBitMap*) 0x000000005f499d00
 Begin Bits: [0x00000000120d0000, 0x00000000130d0000)
 End Bits:   [0x00000000130d0000, 0x00000000140d0000)

Polling page: 0x0000000000710000

CodeCache: size=245760Kb used=9909Kb max_used=9921Kb free=235850Kb
 bounds [0x00000000025a0000, 0x0000000002f60000, 0x00000000115a0000]
 total_blobs=2757 nmethods=2485 adapters=185
 compilation: enabled

Compilation events (10 events):
Event: 7.448 Thread 0x0000000016318000 nmethod 2488 0x0000000002f52790 code [0x0000000002f529a0, 0x0000000002f536c8]
Event: 7.449 Thread 0x0000000016318000 2489       3       com.android.dx.util.ByteArrayAnnotatedOutput::writeByte (51 bytes)
Event: 7.450 Thread 0x0000000016318000 nmethod 2489 0x0000000002f52050 code [0x0000000002f521e0, 0x0000000002f52578]
Event: 7.450 Thread 0x0000000016318000 2490       3       com.android.dx.dex.code.form.Form22t::writeTo (45 bytes)
Event: 7.451 Thread 0x0000000016318000 nmethod 2490 0x0000000002f54b10 code [0x0000000002f54d60, 0x0000000002f55cf8]
Event: 7.452 Thread 0x0000000016318000 2491       3       com.android.dx.util.ByteArrayAnnotatedOutput::write (9 bytes)
Event: 7.452 Thread 0x0000000016318000 nmethod 2491 0x0000000002f47590 code [0x0000000002f47700, 0x0000000002f47928]
Event: 7.590 Thread 0x0000000014cc7000 2492       4       com.android.dx.dex.code.InsnFormat::codeUnit (89 bytes)
Event: 7.590 Thread 0x0000000014cc7000 nmethod 2492 0x0000000002f45650 code [0x0000000002f45780, 0x0000000002f45878]
Event: 7.591 Thread 0x0000000014cc7000 2493       4       com.android.dx.dex.code.form.Form35c::writeTo (157 bytes)

GC Heap History (10 events):
Event: 1.865 GC heap before
{Heap before GC invocations=2 (full 0):
 PSYoungGen      total 36864K, used 36860K [0x00000000eab00000, 0x00000000ed400000, 0x0000000100000000)
  eden space 31744K, 100% used [0x00000000eab00000,0x00000000eca00000,0x00000000eca00000)
  from space 5120K, 99% used [0x00000000eca00000,0x00000000eceff2a8,0x00000000ecf00000)
  to   space 5120K, 0% used [0x00000000ecf00000,0x00000000ecf00000,0x00000000ed400000)
 ParOldGen       total 84992K, used 1310K [0x00000000c0000000, 0x00000000c5300000, 0x00000000eab00000)
  object space 84992K, 1% used [0x00000000c0000000,0x00000000c0147970,0x00000000c5300000)
 Metaspace       used 6023K, capacity 6960K, committed 7040K, reserved 1056768K
  class space    used 573K, capacity 616K, committed 640K, reserved 1048576K
Event: 1.886 GC heap after
Heap after GC invocations=2 (full 0):
 PSYoungGen      total 36864K, used 5101K [0x00000000eab00000, 0x00000000ed400000, 0x0000000100000000)
  eden space 31744K, 0% used [0x00000000eab00000,0x00000000eab00000,0x00000000eca00000)
  from space 5120K, 99% used [0x00000000ecf00000,0x00000000ed3fb768,0x00000000ed400000)
  to   space 5120K, 0% used [0x00000000eca00000,0x00000000eca00000,0x00000000ecf00000)
 ParOldGen       total 84992K, used 8570K [0x00000000c0000000, 0x00000000c5300000, 0x00000000eab00000)
  object space 84992K, 10% used [0x00000000c0000000,0x00000000c085e938,0x00000000c5300000)
 Metaspace       used 6023K, capacity 6960K, committed 7040K, reserved 1056768K
  class space    used 573K, capacity 616K, committed 640K, reserved 1048576K
}
Event: 2.088 GC heap before
{Heap before GC invocations=3 (full 0):
 PSYoungGen      total 36864K, used 36845K [0x00000000eab00000, 0x00000000ed400000, 0x0000000100000000)
  eden space 31744K, 100% used [0x00000000eab00000,0x00000000eca00000,0x00000000eca00000)
  from space 5120K, 99% used [0x00000000ecf00000,0x00000000ed3fb768,0x00000000ed400000)
  to   space 5120K, 0% used [0x00000000eca00000,0x00000000eca00000,0x00000000ecf00000)
 ParOldGen       total 84992K, used 8570K [0x00000000c0000000, 0x00000000c5300000, 0x00000000eab00000)
  object space 84992K, 10% used [0x00000000c0000000,0x00000000c085e938,0x00000000c5300000)
 Metaspace       used 6132K, capacity 7024K, committed 7296K, reserved 1056768K
  class space    used 576K, capacity 616K, committed 640K, reserved 1048576K
Event: 2.131 GC heap after
Heap after GC invocations=3 (full 0):
 PSYoungGen      total 36864K, used 5118K [0x00000000eab00000, 0x00000000ef300000, 0x0000000100000000)
  eden space 31744K, 0% used [0x00000000eab00000,0x00000000eab00000,0x00000000eca00000)
  from space 5120K, 99% used [0x00000000eca00000,0x00000000eceff900,0x00000000ecf00000)
  to   space 5120K, 0% used [0x00000000eee00000,0x00000000eee00000,0x00000000ef300000)
 ParOldGen       total 84992K, used 14459K [0x00000000c0000000, 0x00000000c5300000, 0x00000000eab00000)
  object space 84992K, 17% used [0x00000000c0000000,0x00000000c0e1ec60,0x00000000c5300000)
 Metaspace       used 6132K, capacity 7024K, committed 7296K, reserved 1056768K
  class space    used 576K, capacity 616K, committed 640K, reserved 1048576K
}
Event: 2.357 GC heap before
{Heap before GC invocations=4 (full 0):
 PSYoungGen      total 36864K, used 36862K [0x00000000eab00000, 0x00000000ef300000, 0x0000000100000000)
  eden space 31744K, 100% used [0x00000000eab00000,0x00000000eca00000,0x00000000eca00000)
  from space 5120K, 99% used [0x00000000eca00000,0x00000000eceff900,0x00000000ecf00000)
  to   space 5120K, 0% used [0x00000000eee00000,0x00000000eee00000,0x00000000ef300000)
 ParOldGen       total 84992K, used 14459K [0x00000000c0000000, 0x00000000c5300000, 0x00000000eab00000)
  object space 84992K, 17% used [0x00000000c0000000,0x00000000c0e1ec60,0x00000000c5300000)
 Metaspace       used 6157K, capacity 7088K, committed 7296K, reserved 1056768K
  class space    used 576K, capacity 616K, committed 640K, reserved 1048576K
Event: 2.377 GC heap after
Heap after GC invocations=4 (full 0):
 PSYoungGen      total 68608K, used 5107K [0x00000000eab00000, 0x00000000ef300000, 0x0000000100000000)
  eden space 63488K, 0% used [0x00000000eab00000,0x00000000eab00000,0x00000000ee900000)
  from space 5120K, 99% used [0x00000000eee00000,0x00000000ef2fcce8,0x00000000ef300000)
  to   space 5120K, 0% used [0x00000000ee900000,0x00000000ee900000,0x00000000eee00000)
 ParOldGen       total 84992K, used 19782K [0x00000000c0000000, 0x00000000c5300000, 0x00000000eab00000)
  object space 84992K, 23% used [0x00000000c0000000,0x00000000c13519d0,0x00000000c5300000)
 Metaspace       used 6157K, capacity 7088K, committed 7296K, reserved 1056768K
  class space    used 576K, capacity 616K, committed 640K, reserved 1048576K
}
Event: 2.928 GC heap before
{Heap before GC invocations=5 (full 0):
 PSYoungGen      total 68608K, used 68595K [0x00000000eab00000, 0x00000000ef300000, 0x0000000100000000)
  eden space 63488K, 100% used [0x00000000eab00000,0x00000000ee900000,0x00000000ee900000)
  from space 5120K, 99% used [0x00000000eee00000,0x00000000ef2fcce8,0x00000000ef300000)
  to   space 5120K, 0% used [0x00000000ee900000,0x00000000ee900000,0x00000000eee00000)
 ParOldGen       total 84992K, used 19782K [0x00000000c0000000, 0x00000000c5300000, 0x00000000eab00000)
  object space 84992K, 23% used [0x00000000c0000000,0x00000000c13519d0,0x00000000c5300000)
 Metaspace       used 6246K, capacity 7088K, committed 7296K, reserved 1056768K
  class space    used 576K, capacity 616K, committed 640K, reserved 1048576K
Event: 2.993 GC heap after
Heap after GC invocations=5 (full 0):
 PSYoungGen      total 68608K, used 5090K [0x00000000eab00000, 0x00000000f4500000, 0x0000000100000000)
  eden space 63488K, 0% used [0x00000000eab00000,0x00000000eab00000,0x00000000ee900000)
  from space 5120K, 99% used [0x00000000ee900000,0x00000000eedf8a08,0x00000000eee00000)
  to   space 15360K, 0% used [0x00000000f3600000,0x00000000f3600000,0x00000000f4500000)
 ParOldGen       total 84992K, used 28623K [0x00000000c0000000, 0x00000000c5300000, 0x00000000eab00000)
  object space 84992K, 33% used [0x00000000c0000000,0x00000000c1bf3c38,0x00000000c5300000)
 Metaspace       used 6246K, capacity 7088K, committed 7296K, reserved 1056768K
  class space    used 576K, capacity 616K, committed 640K, reserved 1048576K
}
Event: 3.658 GC heap before
{Heap before GC invocations=6 (full 0):
 PSYoungGen      total 68608K, used 68578K [0x00000000eab00000, 0x00000000f4500000, 0x0000000100000000)
  eden space 63488K, 100% used [0x00000000eab00000,0x00000000ee900000,0x00000000ee900000)
  from space 5120K, 99% used [0x00000000ee900000,0x00000000eedf8a08,0x00000000eee00000)
  to   space 15360K, 0% used [0x00000000f3600000,0x00000000f3600000,0x00000000f4500000)
 ParOldGen       total 84992K, used 28623K [0x00000000c0000000, 0x00000000c5300000, 0x00000000eab00000)
  object space 84992K, 33% used [0x00000000c0000000,0x00000000c1bf3c38,0x00000000c5300000)
 Metaspace       used 6324K, capacity 7152K, committed 7296K, reserved 1056768K
  class space    used 580K, capacity 616K, committed 640K, reserved 1048576K
Event: 4.040 GC heap after
Heap after GC invocations=6 (full 0):
 PSYoungGen      total 141312K, used 13378K [0x00000000eab00000, 0x00000000f4700000, 0x0000000100000000)
  eden space 125952K, 0% used [0x00000000eab00000,0x00000000eab00000,0x00000000f2600000)
  from space 15360K, 87% used [0x00000000f3600000,0x00000000f4310a28,0x00000000f4500000)
  to   space 16384K, 0% used [0x00000000f2600000,0x00000000f2600000,0x00000000f3600000)
 ParOldGen       total 84992K, used 28631K [0x00000000c0000000, 0x00000000c5300000, 0x00000000eab00000)
  object space 84992K, 33% used [0x00000000c0000000,0x00000000c1bf5c38,0x00000000c5300000)
 Metaspace       used 6324K, capacity 7152K, committed 7296K, reserved 1056768K
  class space    used 580K, capacity 616K, committed 640K, reserved 1048576K
}

Deoptimization events (10 events):
Event: 6.365 Thread 0x00000000024a0800 Uncommon trap: reason=class_check action=maybe_recompile pc=0x0000000002e438f8 method=com.android.dx.dex.code.OutputFinisher.calculateReservedCount([Lcom/android/dx/dex/code/Dop;)I @ 72
Event: 6.564 Thread 0x00000000024a0800 Uncommon trap: reason=unstable_if action=reinterpret pc=0x0000000002e61248 method=com.android.dx.dex.code.LocalList.make(Lcom/android/dx/dex/code/DalvInsnList;)Lcom/android/dx/dex/code/LocalList; @ 65
Event: 6.566 Thread 0x00000000024a0800 Uncommon trap: reason=unstable_if action=reinterpret pc=0x0000000002e19a94 method=com.android.dx.dex.code.LocalList$MakeState.filterSpec(Lcom/android/dx/rop/code/RegisterSpec;)Lcom/android/dx/rop/code/RegisterSpec; @ 1
Event: 6.569 Thread 0x00000000024a0800 Uncommon trap: reason=unstable_if action=reinterpret pc=0x0000000002e4d988 method=com.android.dx.dex.code.LocalList$MakeState.filterSpec(Lcom/android/dx/rop/code/RegisterSpec;)Lcom/android/dx/rop/code/RegisterSpec; @ 1
Event: 6.585 Thread 0x00000000024a0800 Uncommon trap: reason=unstable_if action=reinterpret pc=0x0000000002e252b4 method=com.android.dx.rop.code.RegisterSpecSet.withOffset(I)Lcom/android/dx/rop/code/RegisterSpecSet; @ 37
Event: 6.856 Thread 0x00000000024a0800 Uncommon trap: reason=unstable_if action=reinterpret pc=0x0000000002e57524 method=com.android.dx.dex.code.OutputFinisher.align64bits([Lcom/android/dx/dex/code/Dop;)V @ 130
Event: 6.885 Thread 0x00000000024a0800 Uncommon trap: reason=unstable_if action=reinterpret pc=0x0000000002e8ba30 method=com.android.dx.rop.code.LocalItem.hashCode()I @ 25
Event: 6.887 Thread 0x00000000024a0800 Uncommon trap: reason=unstable_if action=reinterpret pc=0x0000000002e85ed8 method=com.android.dx.rop.code.LocalItem.hashCode()I @ 25
Event: 6.937 Thread 0x00000000024a0800 Uncommon trap: reason=unstable_if action=reinterpret pc=0x0000000002e828f0 method=com.android.dx.rop.code.RegisterSpec.matchesVariable(Lcom/android/dx/rop/code/RegisterSpec;)Z @ 59
Event: 7.200 Thread 0x00000000024a0800 Uncommon trap: reason=unstable_if action=reinterpret pc=0x0000000002ebf984 method=com.android.dx.util.ByteArrayAnnotatedOutput.writeByte(I)V @ 13

Internal exceptions (3 events):
Event: 0.140 Thread 0x00000000024a0800 Exception <a 'java/lang/NoSuchMethodError': Method sun.misc.Unsafe.defineClass(Ljava/lang/String;[BII)Ljava/lang/Class; name or signature does not match> (0x00000000eab07cc0) thrown at [C:\src\android\AOSP-openjdk\external\jetbrains\jdk\hotspot\src\share\víµéTõÁ?
Event: 0.140 Thread 0x00000000024a0800 Exception <a 'java/lang/NoSuchMethodError': Method sun.misc.Unsafe.prefetchRead(Ljava/lang/Object;J)V name or signature does not match> (0x00000000eab07fa8) thrown at [C:\src\android\AOSP-openjdk\external\jetbrains\jdk\hotspot\src\share\vm\prims\jni.cpp, lw«;Y\ù?
Event: 1.585 Thread 0x0000000016527800 Implicit null exception at 0x00000000028df0a2 to 0x00000000028df19a

Events (10 events):
Event: 7.194 loading class com/android/dx/dex/file/UniformListItem done
Event: 7.199 loading class com/android/dex/DexFormat
Event: 7.199 loading class com/android/dex/DexFormat done
Event: 7.200 Thread 0x00000000024a0800 Uncommon trap: trap_request=0xffffff65 fr.pc=0x0000000002ebf984
Event: 7.200 Thread 0x00000000024a0800 DEOPT PACKING pc=0x0000000002ebf984 sp=0x00000000022eed90
Event: 7.200 Thread 0x00000000024a0800 DEOPT UNPACKING pc=0x00000000025e556a sp=0x00000000022eed48 mode 2
Event: 7.421 Thread 0x00000000024a0800 DEOPT PACKING pc=0x0000000002f291f7 sp=0x00000000022eea00
Event: 7.421 Thread 0x00000000024a0800 DEOPT UNPACKING pc=0x00000000025e75bf sp=0x00000000022ee7d8 mode 0
Event: 7.434 Thread 0x00000000024a0800 DEOPT PACKING pc=0x0000000002f2f38a sp=0x00000000022eeb60
Event: 7.434 Thread 0x00000000024a0800 DEOPT UNPACKING pc=0x00000000025e75bf sp=0x00000000022ee880 mode 0


Dynamic libraries:
0x00007ff6a3010000 - 0x00007ff6a3045000 	E:\Android\android-studio-ide-145.2915834-windows\jre\bin\java.exe
0x00007ffecf410000 - 0x00007ffecf5d1000 	C:\Windows\SYSTEM32\ntdll.dll
0x00007ffecef70000 - 0x00007ffecf01d000 	C:\Windows\system32\KERNEL32.DLL
0x00007ffecc330000 - 0x00007ffecc518000 	C:\Windows\system32\KERNELBASE.dll
0x00007ffecc9e0000 - 0x00007ffecca87000 	C:\Windows\system32\ADVAPI32.dll
0x00007ffece4c0000 - 0x00007ffece55d000 	C:\Windows\system32\msvcrt.dll
0x00007ffeccd10000 - 0x00007ffeccd6b000 	C:\Windows\system32\sechost.dll
0x00007ffece730000 - 0x00007ffece84c000 	C:\Windows\system32\RPCRT4.dll
0x00007ffece920000 - 0x00007ffecea76000 	C:\Windows\system32\USER32.dll
0x00007ffeccd90000 - 0x00007ffeccf16000 	C:\Windows\system32\GDI32.dll
0x00007ffebe600000 - 0x00007ffebe874000 	C:\Windows\WinSxS\amd64_microsoft.windows.common-controls_6595b64144ccf1df_6.0.10586.0_none_8c15ae12515e1c22\COMCTL32.dll
0x00007ffecca90000 - 0x00007ffeccd0d000 	C:\Windows\system32\combase.dll
0x00007ffecc520000 - 0x00007ffecc58a000 	C:\Windows\system32\bcryptPrimitives.dll
0x00007ffeccf20000 - 0x00007ffeccf5b000 	C:\Windows\system32\IMM32.DLL
0x00000000600f0000 - 0x00000000601c2000 	E:\Android\android-studio-ide-145.2915834-windows\jre\jre\bin\msvcr100.dll
0x000000005ece0000 - 0x000000005f514000 	E:\Android\android-studio-ide-145.2915834-windows\jre\jre\bin\server\jvm.dll
0x00007ffecf1d0000 - 0x00007ffecf1d8000 	C:\Windows\system32\PSAPI.DLL
0x00007ffec9c20000 - 0x00007ffec9c29000 	C:\Windows\SYSTEM32\WSOCK32.dll
0x00007ffece560000 - 0x00007ffece5cb000 	C:\Windows\system32\WS2_32.dll
0x00007ffec9d40000 - 0x00007ffec9d63000 	C:\Windows\SYSTEM32\WINMM.dll
0x00007ffec1700000 - 0x00007ffec170a000 	C:\Windows\SYSTEM32\VERSION.dll
0x00007ffec9bf0000 - 0x00007ffec9c1c000 	C:\Windows\SYSTEM32\WINMMBASE.dll
0x00007ffecbbd0000 - 0x00007ffecbc13000 	C:\Windows\system32\cfgmgr32.dll
0x00007ffec8ed0000 - 0x00007ffec8edf000 	E:\Android\android-studio-ide-145.2915834-windows\jre\jre\bin\verify.dll
0x00007ffec8d20000 - 0x00007ffec8d49000 	E:\Android\android-studio-ide-145.2915834-windows\jre\jre\bin\java.dll
0x00007ffec8d00000 - 0x00007ffec8d16000 	E:\Android\android-studio-ide-145.2915834-windows\jre\jre\bin\zip.dll
0x00007ffeccf60000 - 0x00007ffece4bc000 	C:\Windows\system32\SHELL32.dll
0x00007ffecbce0000 - 0x00007ffecc325000 	C:\Windows\system32\windows.storage.dll
0x00007ffecea80000 - 0x00007ffecead2000 	C:\Windows\system32\shlwapi.dll
0x00007ffecba90000 - 0x00007ffecba9f000 	C:\Windows\system32\kernel.appcore.dll
0x00007ffecbc20000 - 0x00007ffecbcd5000 	C:\Windows\system32\shcore.dll
0x00007ffecba30000 - 0x00007ffecba7b000 	C:\Windows\system32\powrprof.dll
0x00007ffecbaa0000 - 0x00007ffecbab4000 	C:\Windows\system32\profapi.dll

VM Arguments:
jvm_args: -Djava.awt.headless=true -Xmx1024M -Dfile.encoding=GBK -Duser.country=CN -Duser.language=zh -Duser.variant 
java_command: com.android.dx.command.Main --dex --num-threads=4 --output E:\Teapopo\app\build\intermediates\pre-dexed\debug\alipaySdk-20160516_867e23ae1dc6e781d61955b32bc4747b98bf405f.jar E:\Teapopo\app\libs\alipaySdk-20160516.jar
java_class_path (initial): C:\Users\lhq\AppData\Local\Android\sdk\build-tools\23.0.3\lib\dx.jar
Launcher Type: SUN_STANDARD

Environment Variables:
JAVA_HOME=C:\Program Files\Java\jdk1.8.0_91
PATH=C:\ProgramData\Oracle\Java\javapath;C:\Windows\system32;C:\Windows;C:\Windows\System32\Wbem;C:\Windows\System32\WindowsPowerShell\v1.0\;C:\Users\lhq\AppData\Local\Android\sdk\platform-tools;C:\Users\lhq\AppData\Local\Android\sdk\tools;C:\Program Files\Java\jdk1.8.0_91\bin;C:\Program Files\Java\jdk1.8.0_91\jre\bin
USERNAME=lhq
OS=Windows_NT
PROCESSOR_IDENTIFIER=Intel64 Family 6 Model 69 Stepping 1, GenuineIntel



---------------  S Y S T E M  ---------------

OS: Windows 10.0 , 64 bit Build 10586 (10.0.10586.0)

CPU:total 4 (2 cores per cpu, 2 threads per core) family 6 model 69 stepping 1, cmov, cx8, fxsr, mmx, sse, sse2, sse3, ssse3, sse4.1, sse4.2, popcnt, avx, avx2, aes, clmul, erms, lzcnt, ht, tsc, tscinvbit, bmi1, bmi2

Memory: 4k page, physical 8067548k(1169644k free), swap 8067548k(5692k free)

vm_info: OpenJDK 64-Bit Server VM (25.76-b01) for windows-amd64 JRE (1.8.0_76-release-b01), built on May 12 2016 23:29:00 by "ralucas" with MS VC++ 10.0 (VS2010)

time: Thu Jul 07 11:09:35 2016
elapsed time: 7 seconds (0d 0h 0m 7s)

