#
# There is insufficient memory for the Java Runtime Environment to continue.
# Native memory allocation (malloc) failed to allocate 249456 bytes for Chunk::new
# Possible reasons:
#   The system is out of physical RAM or swap space
#   In 32 bit mode, the process size limit was hit
# Possible solutions:
#   Reduce memory load on the system
#   Increase physical memory or swap space
#   Check if swap backing store is full
#   Use 64 bit Java on a 64 bit OS
#   Decrease Java heap size (-Xmx/-Xms)
#   Decrease number of Java threads
#   Decrease Java thread stack sizes (-Xss)
#   Set larger code cache with -XX:ReservedCodeCacheSize=
# This output file may be truncated or incomplete.
#
#  Out of Memory Error (allocation.cpp:390), pid=4444, tid=0x000000000000160c
#
# JRE version: OpenJDK Runtime Environment (8.0_76-b01) (build 1.8.0_76-release-b01)
# Java VM: OpenJDK 64-Bit Server VM (25.76-b01 mixed mode windows-amd64 compressed oops)
# Failed to write core dump. Minidumps are not enabled by default on client versions of Windows
#

---------------  T H R E A D  ---------------

Current thread (0x0000000014bdd800):  JavaThread "C2 CompilerThread0" daemon [_thread_in_native, id=5644, stack(0x0000000016190000,0x0000000016290000)]

Stack: [0x0000000016190000,0x0000000016290000]
[error occurred during error reporting (printing stack bounds), id 0xc0000005]

Native frames: (J=compiled Java code, j=interpreted, Vv=VM code, C=native code)


Current CompileTask:
C2:   3907 1002       4       com.android.dx.ssa.back.LivenessAnalyzer::handleTailRecursion (94 bytes)


---------------  P R O C E S S  ---------------

Java Threads: ( => current thread )
  0x00000000164f9000 JavaThread "pool-1-thread-4" [_thread_in_Java, id=6380, stack(0x0000000016e90000,0x0000000016f90000)]
  0x0000000016436000 JavaThread "pool-1-thread-3" [_thread_in_Java, id=7064, stack(0x0000000016d90000,0x0000000016e90000)]
  0x0000000016435800 JavaThread "pool-1-thread-2" [_thread_in_Java, id=7108, stack(0x0000000016c90000,0x0000000016d90000)]
  0x0000000016438000 JavaThread "pool-2-thread-1" [_thread_blocked, id=6736, stack(0x0000000016b90000,0x0000000016c90000)]
  0x0000000016437000 JavaThread "pool-1-thread-1" [_thread_in_Java, id=5560, stack(0x0000000016a90000,0x0000000016b90000)]
  0x00000000162ed800 JavaThread "Service Thread" daemon [_thread_blocked, id=6272, stack(0x0000000016890000,0x0000000016990000)]
  0x00000000162e6800 JavaThread "C1 CompilerThread2" daemon [_thread_blocked, id=708, stack(0x0000000016790000,0x0000000016890000)]
  0x00000000162e4000 JavaThread "C2 CompilerThread1" daemon [_thread_in_native, id=6596, stack(0x0000000016690000,0x0000000016790000)]
=>0x0000000014bdd800 JavaThread "C2 CompilerThread0" daemon [_thread_in_native, id=5644, stack(0x0000000016190000,0x0000000016290000)]
  0x0000000014bdc000 JavaThread "Attach Listener" daemon [_thread_blocked, id=6656, stack(0x0000000016090000,0x0000000016190000)]
  0x0000000014bdb000 JavaThread "Signal Dispatcher" daemon [_thread_blocked, id=7088, stack(0x0000000015f90000,0x0000000016090000)]
  0x0000000014bb8000 JavaThread "Finalizer" daemon [_thread_blocked, id=924, stack(0x0000000015e30000,0x0000000015f30000)]
  0x00000000024f0000 JavaThread "Reference Handler" daemon [_thread_blocked, id=5384, stack(0x0000000015d30000,0x0000000015e30000)]
  0x0000000002400800 JavaThread "main" [_thread_in_Java, id=3412, stack(0x0000000002300000,0x0000000002400000)]

Other Threads:
  0x0000000014b95800 VMThread [stack: 0x0000000015c30000,0x0000000015d30000] [id=6352]
  0x00000000162f0000 WatcherThread [stack: 0x0000000016990000,0x0000000016a90000] [id=5188]

VM state:not at safepoint (normal execution)

VM Mutex/Monitor currently owned by a thread: None

Heap:
 PSYoungGen      total 36864K, used 21867K [0x00000000eab00000, 0x00000000ed400000, 0x0000000100000000)
  eden space 31744K, 68% used [0x00000000eab00000,0x00000000ec05acd8,0x00000000eca00000)
  from space 5120K, 0% used [0x00000000ecf00000,0x00000000ecf00000,0x00000000ed400000)
  to   space 5120K, 0% used [0x00000000eca00000,0x00000000eca00000,0x00000000ecf00000)
 ParOldGen       total 84992K, used 0K [0x00000000c0000000, 0x00000000c5300000, 0x00000000eab00000)
  object space 84992K, 0% used [0x00000000c0000000,0x00000000c0000000,0x00000000c5300000)
 Metaspace       used 5864K, capacity 6832K, committed 7040K, reserved 1056768K
  class space    used 576K, capacity 616K, committed 640K, reserved 1048576K

Card table byte_map: [0x00000000118c0000,0x0000000011ad0000] byte_map_base: 0x00000000112c0000

Marking Bits: (ParMarkBitMap*) 0x000000005e0b9d00
 Begin Bits: [0x0000000012030000, 0x0000000013030000)
 End Bits:   [0x0000000013030000, 0x0000000014030000)

Polling page: 0x0000000000520000

CodeCache: size=245760Kb used=4182Kb max_used=4182Kb free=241577Kb
 bounds [0x0000000002500000, 0x0000000002920000, 0x0000000011500000]
 total_blobs=1296 nmethods=1026 adapters=184
 compilation: enabled

Compilation events (10 events):
Event: 3.891 Thread 0x00000000162e4000 nmethod 1022 0x0000000002910010 code [0x0000000002910180, 0x0000000002910438]
Event: 3.896 Thread 0x00000000162e6800 1025       3       com.android.dx.cf.code.ConcreteMethod::getCode (8 bytes)
Event: 3.896 Thread 0x00000000162e6800 nmethod 1025 0x00000000028fabd0 code [0x00000000028fad20, 0x00000000028faf10]
Event: 3.897 Thread 0x00000000162e6800 1026       3       com.android.dx.rop.type.Prototype::getParameterFrameTypes (96 bytes)
Event: 3.898 Thread 0x00000000162e6800 nmethod 1026 0x0000000002918310 code [0x0000000002918560, 0x0000000002919578]
Event: 3.899 Thread 0x00000000162e4000 1027       4       com.android.dx.util.LabeledList::addLabelIndex (43 bytes)
Event: 3.900 Thread 0x00000000162e6800 1029       3       com.android.dx.ssa.SsaInsn::getLocalAssignment (24 bytes)
Event: 3.900 Thread 0x00000000162e6800 nmethod 1029 0x000000000290be90 code [0x000000000290c000, 0x000000000290c290]
Event: 3.900 Thread 0x00000000162e6800 1030       3       com.android.dx.ssa.PhiInsn::hasSideEffect (19 bytes)
Event: 3.901 Thread 0x00000000162e6800 nmethod 1030 0x0000000002914650 code [0x00000000029147c0, 0x0000000002914c10]

GC Heap History (0 events):
No events

Deoptimization events (9 events):
Event: 2.278 Thread 0x0000000002400800 Uncommon trap: reason=unstable_if action=reinterpret pc=0x000000000263b090 method=java.lang.String.indexOf(II)I @ 49
Event: 3.172 Thread 0x0000000016436000 Uncommon trap: reason=bimorphic action=maybe_recompile pc=0x0000000002709c04 method=java.util.HashMap.getNode(ILjava/lang/Object;)Ljava/util/HashMap$Node; @ 126
Event: 3.172 Thread 0x0000000016436000 Uncommon trap: reason=bimorphic action=maybe_recompile pc=0x0000000002709c04 method=java.util.HashMap.getNode(ILjava/lang/Object;)Ljava/util/HashMap$Node; @ 126
Event: 3.172 Thread 0x0000000016436000 Uncommon trap: reason=bimorphic action=maybe_recompile pc=0x0000000002709c04 method=java.util.HashMap.getNode(ILjava/lang/Object;)Ljava/util/HashMap$Node; @ 126
Event: 3.218 Thread 0x0000000016436000 Uncommon trap: reason=unstable_if action=reinterpret pc=0x0000000002709be0 method=java.util.HashMap.getNode(ILjava/lang/Object;)Ljava/util/HashMap$Node; @ 129
Event: 3.290 Thread 0x0000000016436000 Uncommon trap: reason=unstable_if action=reinterpret pc=0x00000000027404b0 method=java.util.BitSet.nextSetBit(I)I @ 87
Event: 3.408 Thread 0x0000000016435800 Uncommon trap: reason=class_check action=maybe_recompile pc=0x00000000027ce760 method=com.android.dx.rop.type.Type.equals(Ljava/lang/Object;)Z @ 8
Event: 3.840 Thread 0x00000000164f9000 Uncommon trap: reason=class_check action=maybe_recompile pc=0x00000000027ce760 method=com.android.dx.rop.type.Type.equals(Ljava/lang/Object;)Z @ 8
Event: 3.848 Thread 0x00000000164f9000 Uncommon trap: reason=class_check action=maybe_recompile pc=0x00000000027ce760 method=com.android.dx.rop.type.Type.equals(Ljava/lang/Object;)Z @ 8

Internal exceptions (2 events):
Event: 0.555 Thread 0x0000000002400800 Exception <a 'java/lang/NoSuchMethodError': Method sun.misc.Unsafe.defineClass(Ljava/lang/String;[BII)Ljava/lang/Class; name or signature does not match> (0x00000000eab07cc0) thrown at [C:\src\android\AOSP-openjdk\external\jetbrains\jdk\hotspot\src\share\v‡^m—.√·?
Event: 0.555 Thread 0x0000000002400800 Exception <a 'java/lang/NoSuchMethodError': Method sun.misc.Unsafe.prefetchRead(Ljava/lang/Object;J)V name or signature does not match> (0x00000000eab07fa8) thrown at [C:\src\android\AOSP-openjdk\external\jetbrains\jdk\hotspot\src\share\vm\prims\jni.cpp, l

Events (10 events):
Event: 3.840 Thread 0x00000000164f9000 Uncommon trap: trap_request=0xffffffde fr.pc=0x00000000027ce760
Event: 3.840 Thread 0x00000000164f9000 DEOPT PACKING pc=0x00000000027ce760 sp=0x0000000016f8dbe0
Event: 3.840 Thread 0x00000000164f9000 DEOPT UNPACKING pc=0x000000000254556a sp=0x0000000016f8db18 mode 2
Event: 3.840 loading class java/util/HashMap$Values
Event: 3.840 loading class java/util/HashMap$Values done
Event: 3.840 loading class java/util/HashMap$ValueIterator
Event: 3.840 loading class java/util/HashMap$ValueIterator done
Event: 3.848 Thread 0x00000000164f9000 Uncommon trap: trap_request=0xffffffde fr.pc=0x00000000027ce760
Event: 3.848 Thread 0x00000000164f9000 DEOPT PACKING pc=0x00000000027ce760 sp=0x0000000016f8e480
Event: 3.848 Thread 0x00000000164f9000 DEOPT UNPACKING pc=0x000000000254556a sp=0x0000000016f8e3b8 mode 2


Dynamic libraries:
0x00007ff6012a0000 - 0x00007ff6012d5000 	E:\Android\android-studio-ide-145.2915834-windows\jre\bin\java.exe
0x00007ffbe4110000 - 0x00007ffbe42d1000 	C:\Windows\SYSTEM32\ntdll.dll
0x00007ffbe2080000 - 0x00007ffbe212d000 	C:\Windows\system32\KERNEL32.DLL
0x00007ffbe0ec0000 - 0x00007ffbe10a8000 	C:\Windows\system32\KERNELBASE.dll
0x00007ffbe3c80000 - 0x00007ffbe3d27000 	C:\Windows\system32\ADVAPI32.dll
0x00007ffbe4070000 - 0x00007ffbe410d000 	C:\Windows\system32\msvcrt.dll
0x00007ffbe22d0000 - 0x00007ffbe232b000 	C:\Windows\system32\sechost.dll
0x00007ffbe1d60000 - 0x00007ffbe1e7c000 	C:\Windows\system32\RPCRT4.dll
0x00007ffbe1970000 - 0x00007ffbe1ac6000 	C:\Windows\system32\USER32.dll
0x00007ffbe2140000 - 0x00007ffbe22c6000 	C:\Windows\system32\GDI32.dll
0x00007ffbd4c10000 - 0x00007ffbd4e84000 	C:\Windows\WinSxS\amd64_microsoft.windows.common-controls_6595b64144ccf1df_6.0.10586.0_none_8c15ae12515e1c22\COMCTL32.dll
0x00007ffbe24a0000 - 0x00007ffbe271d000 	C:\Windows\system32\combase.dll
0x00007ffbe14a0000 - 0x00007ffbe150a000 	C:\Windows\system32\bcryptPrimitives.dll
0x00007ffbe1ef0000 - 0x00007ffbe1f2b000 	C:\Windows\system32\IMM32.DLL
0x000000005d820000 - 0x000000005d8f2000 	E:\Android\android-studio-ide-145.2915834-windows\jre\jre\bin\msvcr100.dll
0x000000005d900000 - 0x000000005e134000 	E:\Android\android-studio-ide-145.2915834-windows\jre\jre\bin\server\jvm.dll
0x00007ffbe1530000 - 0x00007ffbe1538000 	C:\Windows\system32\PSAPI.DLL
0x00007ffbd92f0000 - 0x00007ffbd92f9000 	C:\Windows\SYSTEM32\WSOCK32.dll
0x00007ffbe3d30000 - 0x00007ffbe3d9b000 	C:\Windows\system32\WS2_32.dll
0x00007ffbdea60000 - 0x00007ffbdea83000 	C:\Windows\SYSTEM32\WINMM.dll
0x00007ffbd61b0000 - 0x00007ffbd61ba000 	C:\Windows\SYSTEM32\VERSION.dll
0x00007ffbdea00000 - 0x00007ffbdea2c000 	C:\Windows\SYSTEM32\WINMMBASE.dll
0x00007ffbe1300000 - 0x00007ffbe1343000 	C:\Windows\system32\cfgmgr32.dll
0x00007ffbd92e0000 - 0x00007ffbd92ef000 	E:\Android\android-studio-ide-145.2915834-windows\jre\jre\bin\verify.dll
0x00007ffbd92b0000 - 0x00007ffbd92d9000 	E:\Android\android-studio-ide-145.2915834-windows\jre\jre\bin\java.dll
0x00007ffbd9110000 - 0x00007ffbd9126000 	E:\Android\android-studio-ide-145.2915834-windows\jre\jre\bin\zip.dll
0x00007ffbe2720000 - 0x00007ffbe3c7c000 	C:\Windows\system32\SHELL32.dll
0x00007ffbe07c0000 - 0x00007ffbe0e05000 	C:\Windows\system32\windows.storage.dll
0x00007ffbe2440000 - 0x00007ffbe2492000 	C:\Windows\system32\shlwapi.dll
0x00007ffbe0730000 - 0x00007ffbe073f000 	C:\Windows\system32\kernel.appcore.dll
0x00007ffbe1350000 - 0x00007ffbe1405000 	C:\Windows\system32\shcore.dll
0x00007ffbe0770000 - 0x00007ffbe07bb000 	C:\Windows\system32\powrprof.dll
0x00007ffbe0740000 - 0x00007ffbe0754000 	C:\Windows\system32\profapi.dll

VM Arguments:
jvm_args: -Djava.awt.headless=true -Xmx1024M -Dfile.encoding=GBK -Duser.country=CN -Duser.language=zh -Duser.variant 
java_command: com.android.dx.command.Main --dex --num-threads=4 --output E:\Teapopo\app\build\intermediates\pre-dexed\debug\com.github.florent37-materialviewpager-1.1.3_f3e1dc0fecb03e1624e439170d160bdf88725fd9.jar E:\Teapopo\app\build\intermediates\exploded-aar\com.github.florent37\materialviewpager\1.1.3\jars\classes.jar
java_class_path (initial): C:\Users\lhq\AppData\Local\Android\sdk\build-tools\23.0.3\lib\dx.jar
Launcher Type: SUN_STANDARD

Environment Variables:
JAVA_HOME=C:\Program Files\Java\jdk1.8.0_91
PATH=C:\ProgramData\Oracle\Java\javapath;C:\Windows\system32;C:\Windows;C:\Windows\System32\Wbem;C:\Windows\System32\WindowsPowerShell\v1.0\;C:\Users\lhq\AppData\Local\Android\sdk\platform-tools;C:\Users\lhq\AppData\Local\Android\sdk\tools;C:\Program Files\Java\jdk1.8.0_91\bin;C:\Program Files\Java\jdk1.8.0_91\jre\bin
USERNAME=lhq
OS=Windows_NT
PROCESSOR_IDENTIFIER=Intel64 Family 6 Model 69 Stepping 1, GenuineIntel



---------------  S Y S T E M  ---------------

OS: Windows 10.0 , 64 bit Build 10586 (10.0.10586.0)

CPU:total 4 (2 cores per cpu, 2 threads per core) family 6 model 69 stepping 1, cmov, cx8, fxsr, mmx, sse, sse2, sse3, ssse3, sse4.1, sse4.2, popcnt, avx, avx2, aes, clmul, erms, lzcnt, ht, tsc, tscinvbit, bmi1, bmi2

Memory: 4k page, physical 8067548k(977600k free), swap 8067548k(4172k free)

vm_info: OpenJDK 64-Bit Server VM (25.76-b01) for windows-amd64 JRE (1.8.0_76-release-b01), built on May 12 2016 23:29:00 by "ralucas" with MS VC++ 10.0 (VS2010)

time: Wed Jul 13 11:04:37 2016
elapsed time: 3 seconds (0d 0h 0m 3s)

