#
# There is insufficient memory for the Java Runtime Environment to continue.
# Native memory allocation (malloc) failed to allocate 65552 bytes for Chunk::new
# Possible reasons:
#   The system is out of physical RAM or swap space
#   In 32 bit mode, the process size limit was hit
# Possible solutions:
#   Reduce memory load on the system
#   Increase physical memory or swap space
#   Check if swap backing store is full
#   Use 64 bit Java on a 64 bit OS
#   Decrease Java heap size (-Xmx/-Xms)
#   Decrease number of Java threads
#   Decrease Java thread stack sizes (-Xss)
#   Set larger code cache with -XX:ReservedCodeCacheSize=
# This output file may be truncated or incomplete.
#
#  Out of Memory Error (allocation.cpp:390), pid=169548, tid=0x00000000000299c0
#
# JRE version: OpenJDK Runtime Environment (8.0_76-b01) (build 1.8.0_76-release-b01)
# Java VM: OpenJDK 64-Bit Server VM (25.76-b01 mixed mode windows-amd64 compressed oops)
# Failed to write core dump. Minidumps are not enabled by default on client versions of Windows
#

---------------  T H R E A D  ---------------

Current thread (0x0000000014c6a800):  JavaThread "C2 CompilerThread1" daemon [_thread_in_native, id=170432, stack(0x00000000162c0000,0x00000000163c0000)]

Stack: [0x00000000162c0000,0x00000000163c0000]
[error occurred during error reporting (printing stack bounds), id 0xc0000005]

Native frames: (J=compiled Java code, j=interpreted, Vv=VM code, C=native code)


Current CompileTask:
C2:   3767 1092       4       com.android.dx.ssa.LiteralOpUpgrader$1::visitNonMoveInsn (203 bytes)


---------------  P R O C E S S  ---------------

Java Threads: ( => current thread )
  0x000000001661d800 JavaThread "pool-1-thread-3" [_thread_in_Java, id=171056, stack(0x0000000016dc0000,0x0000000016ec0000)]
  0x0000000016614800 JavaThread "pool-2-thread-1" [_thread_blocked, id=171048, stack(0x0000000016bc0000,0x0000000016cc0000)]
  0x0000000016611800 JavaThread "pool-1-thread-1" [_thread_in_Java, id=171044, stack(0x0000000016ac0000,0x0000000016bc0000)]
  0x0000000016424800 JavaThread "Service Thread" daemon [_thread_blocked, id=169044, stack(0x00000000168c0000,0x00000000169c0000)]
  0x0000000016420000 JavaThread "C1 CompilerThread2" daemon [_thread_in_vm, id=170744, stack(0x00000000167c0000,0x00000000168c0000)]
=>0x0000000014c6a800 JavaThread "C2 CompilerThread1" daemon [_thread_in_native, id=170432, stack(0x00000000162c0000,0x00000000163c0000)]
  0x0000000014c1d800 JavaThread "C2 CompilerThread0" daemon [_thread_in_native, id=170624, stack(0x00000000161c0000,0x00000000162c0000)]
  0x0000000014c1c000 JavaThread "Attach Listener" daemon [_thread_blocked, id=169364, stack(0x00000000160c0000,0x00000000161c0000)]
  0x0000000014c1b000 JavaThread "Signal Dispatcher" daemon [_thread_blocked, id=169808, stack(0x0000000015fc0000,0x00000000160c0000)]
  0x0000000014bf8800 JavaThread "Finalizer" daemon [_thread_blocked, id=154488, stack(0x0000000015e60000,0x0000000015f60000)]
  0x0000000002530000 JavaThread "Reference Handler" daemon [_thread_blocked, id=170712, stack(0x0000000015d60000,0x0000000015e60000)]
  0x0000000002440800 JavaThread "main" [_thread_blocked, id=169124, stack(0x00000000022b0000,0x00000000023b0000)]

Other Threads:
  0x0000000014bd5800 VMThread [stack: 0x0000000015c60000,0x0000000015d60000] [id=169556]
  0x0000000016426800 WatcherThread [stack: 0x00000000169c0000,0x0000000016ac0000] [id=169920]

VM state:not at safepoint (normal execution)

VM Mutex/Monitor currently owned by a thread: None

Heap:
 PSYoungGen      total 36864K, used 27948K [0x00000000eab00000, 0x00000000ed400000, 0x0000000100000000)
  eden space 31744K, 88% used [0x00000000eab00000,0x00000000ec64b258,0x00000000eca00000)
  from space 5120K, 0% used [0x00000000ecf00000,0x00000000ecf00000,0x00000000ed400000)
  to   space 5120K, 0% used [0x00000000eca00000,0x00000000eca00000,0x00000000ecf00000)
 ParOldGen       total 84992K, used 0K [0x00000000c0000000, 0x00000000c5300000, 0x00000000eab00000)
  object space 84992K, 0% used [0x00000000c0000000,0x00000000c0000000,0x00000000c5300000)
 Metaspace       used 5843K, capacity 6832K, committed 7040K, reserved 1056768K
  class space    used 575K, capacity 616K, committed 640K, reserved 1048576K

Card table byte_map: [0x0000000011900000,0x0000000011b10000] byte_map_base: 0x0000000011300000

Marking Bits: (ParMarkBitMap*) 0x000000005f499d00
 Begin Bits: [0x0000000012070000, 0x0000000013070000)
 End Bits:   [0x0000000013070000, 0x0000000014070000)

Polling page: 0x0000000000820000

CodeCache: size=245760Kb used=4331Kb max_used=4331Kb free=241428Kb
 bounds [0x0000000002540000, 0x0000000002980000, 0x0000000011540000]
 total_blobs=1365 nmethods=1094 adapters=184
 compilation: enabled

Compilation events (10 events):
Event: 3.738 Thread 0x0000000016420000 nmethod 1095 0x000000000296fa10 code [0x000000000296fb80, 0x000000000296fe10]
Event: 3.763 Thread 0x0000000016420000 1098       3       com.android.dx.ssa.DeadCodeRemover::process (14 bytes)
Event: 3.763 Thread 0x0000000016420000 nmethod 1098 0x000000000296d710 code [0x000000000296d880, 0x000000000296da78]
Event: 3.763 Thread 0x0000000016420000 1099       3       com.android.dx.ssa.DeadCodeRemover::<init> (44 bytes)
Event: 3.763 Thread 0x0000000016420000 nmethod 1099 0x000000000296d010 code [0x000000000296d1a0, 0x000000000296d598]
Event: 3.764 Thread 0x0000000016420000 1100       3       com.android.dx.rop.code.RopMethod::<init> (53 bytes)
Event: 3.764 Thread 0x0000000016420000 nmethod 1100 0x000000000296c950 code [0x000000000296cae0, 0x000000000296ceb8]
Event: 3.764 Thread 0x0000000016420000 1102       3       com.android.dx.dex.code.RopTranslator$1::visitPlainCstInsn (64 bytes)
Event: 3.765 Thread 0x0000000016420000 nmethod 1102 0x0000000002978f10 code [0x00000000029790a0, 0x0000000002979870]
Event: 3.765 Thread 0x0000000016420000 1105       3       com.android.dx.cf.code.ByteCatchList::typeNotFound (47 bytes)

GC Heap History (0 events):
No events

Deoptimization events (10 events):
Event: 2.827 Thread 0x000000001661d800 Uncommon trap: reason=unstable_if action=reinterpret pc=0x0000000002732174 method=java.util.BitSet.ensureCapacity(I)V @ 6
Event: 3.164 Thread 0x000000001661b000 Uncommon trap: reason=class_check action=maybe_recompile pc=0x0000000002814f14 method=java.util.Collections$UnmodifiableCollection$1.hasNext()Z @ 4
Event: 3.164 Thread 0x000000001661b000 Uncommon trap: reason=class_check action=maybe_recompile pc=0x0000000002814f14 method=java.util.Collections$UnmodifiableCollection$1.hasNext()Z @ 4
Event: 3.164 Thread 0x000000001661b000 Uncommon trap: reason=class_check action=maybe_recompile pc=0x0000000002814f14 method=java.util.Collections$UnmodifiableCollection$1.hasNext()Z @ 4
Event: 3.164 Thread 0x000000001661b000 Uncommon trap: reason=class_check action=maybe_recompile pc=0x0000000002814f14 method=java.util.Collections$UnmodifiableCollection$1.hasNext()Z @ 4
Event: 3.172 Thread 0x000000001661d800 Uncommon trap: reason=null_check action=make_not_entrant pc=0x0000000002816fa8 method=com.android.dx.rop.type.Type.equals(Ljava/lang/Object;)Z @ 8
Event: 3.179 Thread 0x000000001661e000 Uncommon trap: reason=bimorphic action=maybe_recompile pc=0x0000000002734de0 method=java.util.HashMap.getNode(ILjava/lang/Object;)Ljava/util/HashMap$Node; @ 126
Event: 3.179 Thread 0x000000001661e000 Uncommon trap: reason=bimorphic action=maybe_recompile pc=0x0000000002734de0 method=java.util.HashMap.getNode(ILjava/lang/Object;)Ljava/util/HashMap$Node; @ 126
Event: 3.179 Thread 0x000000001661e000 Uncommon trap: reason=bimorphic action=maybe_recompile pc=0x0000000002734de0 method=java.util.HashMap.getNode(ILjava/lang/Object;)Ljava/util/HashMap$Node; @ 126
Event: 3.208 Thread 0x000000001661e000 Uncommon trap: reason=bimorphic action=maybe_recompile pc=0x0000000002734de0 method=java.util.HashMap.getNode(ILjava/lang/Object;)Ljava/util/HashMap$Node; @ 126

Internal exceptions (3 events):
Event: 0.043 Thread 0x0000000002440800 Exception <a 'java/lang/NoSuchMethodError': Method sun.misc.Unsafe.defineClass(Ljava/lang/String;[BII)Ljava/lang/Class; name or signature does not match> (0x00000000eab07cc0) thrown at [C:\src\android\AOSP-openjdk\external\jetbrains\jdk\hotspot\src\share\vêKcí¯<¶?
Event: 0.043 Thread 0x0000000002440800 Exception <a 'java/lang/NoSuchMethodError': Method sun.misc.Unsafe.prefetchRead(Ljava/lang/Object;J)V name or signature does not match> (0x00000000eab07fa8) thrown at [C:\src\android\AOSP-openjdk\external\jetbrains\jdk\hotspot\src\share\vm\prims\jni.cpp, l‹POõ_	@
Event: 3.172 Thread 0x000000001661d800 Implicit null exception at 0x0000000002816ea2 to 0x0000000002816f9a

Events (10 events):
Event: 3.503 Thread 0x000000001661e000 DEOPT PACKING pc=0x00000000027b6cc2 sp=0x0000000016fbe370
Event: 3.503 Thread 0x000000001661e000 DEOPT UNPACKING pc=0x00000000025875bf sp=0x0000000016fbe0d8 mode 0
Event: 3.568 Thread 0x000000001661b000 Thread exited: 0x000000001661b000
Event: 3.575 Thread 0x000000001661e000 Thread exited: 0x000000001661e000
Event: 3.749 loading class java/util/TreeMap$EntrySet
Event: 3.749 loading class java/util/TreeMap$EntrySet done
Event: 3.749 loading class java/util/TreeMap$EntryIterator
Event: 3.749 loading class java/util/TreeMap$EntryIterator done
Event: 3.749 Executing VM operation: Deoptimize
Event: 3.762 Executing VM operation: Deoptimize done


Dynamic libraries:
0x00007ff75f820000 - 0x00007ff75f855000 	E:\Android\android-studio-ide-145.2915834-windows\jre\bin\java.exe
0x00007ffecf410000 - 0x00007ffecf5d1000 	C:\Windows\SYSTEM32\ntdll.dll
0x00007ffecef70000 - 0x00007ffecf01d000 	C:\Windows\system32\KERNEL32.DLL
0x00007ffecc330000 - 0x00007ffecc518000 	C:\Windows\system32\KERNELBASE.dll
0x00007ffecc9e0000 - 0x00007ffecca87000 	C:\Windows\system32\ADVAPI32.dll
0x00007ffece4c0000 - 0x00007ffece55d000 	C:\Windows\system32\msvcrt.dll
0x00007ffeccd10000 - 0x00007ffeccd6b000 	C:\Windows\system32\sechost.dll
0x00007ffece730000 - 0x00007ffece84c000 	C:\Windows\system32\RPCRT4.dll
0x00007ffece920000 - 0x00007ffecea76000 	C:\Windows\system32\USER32.dll
0x00007ffeccd90000 - 0x00007ffeccf16000 	C:\Windows\system32\GDI32.dll
0x00007ffebe600000 - 0x00007ffebe874000 	C:\Windows\WinSxS\amd64_microsoft.windows.common-controls_6595b64144ccf1df_6.0.10586.0_none_8c15ae12515e1c22\COMCTL32.dll
0x00007ffecca90000 - 0x00007ffeccd0d000 	C:\Windows\system32\combase.dll
0x00007ffecc520000 - 0x00007ffecc58a000 	C:\Windows\system32\bcryptPrimitives.dll
0x00007ffeccf20000 - 0x00007ffeccf5b000 	C:\Windows\system32\IMM32.DLL
0x000000005fdc0000 - 0x000000005fe92000 	E:\Android\android-studio-ide-145.2915834-windows\jre\jre\bin\msvcr100.dll
0x000000005ece0000 - 0x000000005f514000 	E:\Android\android-studio-ide-145.2915834-windows\jre\jre\bin\server\jvm.dll
0x00007ffecf1d0000 - 0x00007ffecf1d8000 	C:\Windows\system32\PSAPI.DLL
0x00007ffeca010000 - 0x00007ffeca019000 	C:\Windows\SYSTEM32\WSOCK32.dll
0x00007ffece560000 - 0x00007ffece5cb000 	C:\Windows\system32\WS2_32.dll
0x00007ffec9d40000 - 0x00007ffec9d63000 	C:\Windows\SYSTEM32\WINMM.dll
0x00007ffec1700000 - 0x00007ffec170a000 	C:\Windows\SYSTEM32\VERSION.dll
0x00007ffec9bf0000 - 0x00007ffec9c1c000 	C:\Windows\SYSTEM32\WINMMBASE.dll
0x00007ffecbbd0000 - 0x00007ffecbc13000 	C:\Windows\system32\cfgmgr32.dll
0x00007ffeca000000 - 0x00007ffeca00f000 	E:\Android\android-studio-ide-145.2915834-windows\jre\jre\bin\verify.dll
0x00007ffec8e10000 - 0x00007ffec8e39000 	E:\Android\android-studio-ide-145.2915834-windows\jre\jre\bin\java.dll
0x00007ffec91d0000 - 0x00007ffec91e6000 	E:\Android\android-studio-ide-145.2915834-windows\jre\jre\bin\zip.dll
0x00007ffeccf60000 - 0x00007ffece4bc000 	C:\Windows\system32\SHELL32.dll
0x00007ffecbce0000 - 0x00007ffecc325000 	C:\Windows\system32\windows.storage.dll
0x00007ffecea80000 - 0x00007ffecead2000 	C:\Windows\system32\shlwapi.dll
0x00007ffecba90000 - 0x00007ffecba9f000 	C:\Windows\system32\kernel.appcore.dll
0x00007ffecbc20000 - 0x00007ffecbcd5000 	C:\Windows\system32\shcore.dll
0x00007ffecba30000 - 0x00007ffecba7b000 	C:\Windows\system32\powrprof.dll
0x00007ffecbaa0000 - 0x00007ffecbab4000 	C:\Windows\system32\profapi.dll

VM Arguments:
jvm_args: -Djava.awt.headless=true -Xmx1024M -Dfile.encoding=GBK -Duser.country=CN -Duser.language=zh -Duser.variant 
java_command: com.android.dx.command.Main --dex --num-threads=4 --output E:\Teapopo\app\build\intermediates\pre-dexed\debug\ShareSDK-TencentWeibo-2.7.1_485e73782be5fba530307fba4d638a58e2a51d55.jar E:\Teapopo\app\libs\ShareSDK-TencentWeibo-2.7.1.jar
java_class_path (initial): C:\Users\lhq\AppData\Local\Android\sdk\build-tools\23.0.3\lib\dx.jar
Launcher Type: SUN_STANDARD

Environment Variables:
JAVA_HOME=C:\Program Files\Java\jdk1.8.0_91
PATH=C:\ProgramData\Oracle\Java\javapath;C:\Windows\system32;C:\Windows;C:\Windows\System32\Wbem;C:\Windows\System32\WindowsPowerShell\v1.0\;C:\Users\lhq\AppData\Local\Android\sdk\platform-tools;C:\Users\lhq\AppData\Local\Android\sdk\tools;C:\Program Files\Java\jdk1.8.0_91\bin;C:\Program Files\Java\jdk1.8.0_91\jre\bin
USERNAME=lhq
OS=Windows_NT
PROCESSOR_IDENTIFIER=Intel64 Family 6 Model 69 Stepping 1, GenuineIntel



---------------  S Y S T E M  ---------------

OS: Windows 10.0 , 64 bit Build 10586 (10.0.10586.0)

CPU:total 4 (2 cores per cpu, 2 threads per core) family 6 model 69 stepping 1, cmov, cx8, fxsr, mmx, sse, sse2, sse3, ssse3, sse4.1, sse4.2, popcnt, avx, avx2, aes, clmul, erms, lzcnt, ht, tsc, tscinvbit, bmi1, bmi2

Memory: 4k page, physical 8067548k(1156280k free), swap 8067548k(3080k free)

vm_info: OpenJDK 64-Bit Server VM (25.76-b01) for windows-amd64 JRE (1.8.0_76-release-b01), built on May 12 2016 23:29:00 by "ralucas" with MS VC++ 10.0 (VS2010)

time: Fri Jul 08 14:40:51 2016
elapsed time: 3 seconds (0d 0h 0m 3s)

