#
# There is insufficient memory for the Java Runtime Environment to continue.
# Native memory allocation (malloc) failed to allocate 32744 bytes for ChunkPool::allocate
# Possible reasons:
#   The system is out of physical RAM or swap space
#   In 32 bit mode, the process size limit was hit
# Possible solutions:
#   Reduce memory load on the system
#   Increase physical memory or swap space
#   Check if swap backing store is full
#   Use 64 bit Java on a 64 bit OS
#   Decrease Java heap size (-Xmx/-Xms)
#   Decrease number of Java threads
#   Decrease Java thread stack sizes (-Xss)
#   Set larger code cache with -XX:ReservedCodeCacheSize=
# This output file may be truncated or incomplete.
#
#  Out of Memory Error (allocation.cpp:273), pid=171108, tid=0x0000000000029dac
#
# JRE version: OpenJDK Runtime Environment (8.0_76-b01) (build 1.8.0_76-release-b01)
# Java VM: OpenJDK 64-Bit Server VM (25.76-b01 mixed mode windows-amd64 compressed oops)
# Failed to write core dump. Minidumps are not enabled by default on client versions of Windows
#

---------------  T H R E A D  ---------------

Current thread (0x0000000014cbe800):  JavaThread "C2 CompilerThread0" daemon [_thread_in_native, id=171436, stack(0x0000000016230000,0x0000000016330000)]

Stack: [0x0000000016230000,0x0000000016330000]
[error occurred during error reporting (printing stack bounds), id 0xc0000005]

Native frames: (J=compiled Java code, j=interpreted, Vv=VM code, C=native code)


Current CompileTask:
C2:   4041 1644   !   4       com.android.dx.cf.code.BytecodeArray::parseInstruction (2764 bytes)


---------------  P R O C E S S  ---------------

Java Threads: ( => current thread )
  0x00000000165ab800 JavaThread "pool-1-thread-4" [_thread_in_vm, id=171556, stack(0x0000000016f30000,0x0000000017030000)]
  0x00000000165aa000 JavaThread "pool-1-thread-3" [_thread_in_Java, id=171552, stack(0x0000000016e30000,0x0000000016f30000)]
  0x00000000165a5800 JavaThread "pool-1-thread-2" [_thread_in_vm, id=171548, stack(0x0000000016d30000,0x0000000016e30000)]
  0x00000000165f6800 JavaThread "pool-2-thread-1" [_thread_blocked, id=171544, stack(0x0000000016c30000,0x0000000016d30000)]
  0x00000000165f4000 JavaThread "pool-1-thread-1" [_thread_in_vm, id=171540, stack(0x0000000016b30000,0x0000000016c30000)]
  0x000000001638f800 JavaThread "Service Thread" daemon [_thread_blocked, id=171468, stack(0x0000000016930000,0x0000000016a30000)]
  0x0000000016389000 JavaThread "C1 CompilerThread2" daemon [_thread_blocked, id=171460, stack(0x0000000016830000,0x0000000016930000)]
  0x0000000016386800 JavaThread "C2 CompilerThread1" daemon [_thread_blocked, id=171452, stack(0x0000000016730000,0x0000000016830000)]
=>0x0000000014cbe800 JavaThread "C2 CompilerThread0" daemon [_thread_in_native, id=171436, stack(0x0000000016230000,0x0000000016330000)]
  0x0000000014cbd000 JavaThread "Attach Listener" daemon [_thread_blocked, id=171432, stack(0x0000000016130000,0x0000000016230000)]
  0x0000000014cbc000 JavaThread "Signal Dispatcher" daemon [_thread_blocked, id=171428, stack(0x0000000016030000,0x0000000016130000)]
  0x00000000025da800 JavaThread "Finalizer" daemon [_thread_blocked, id=171364, stack(0x0000000015f30000,0x0000000016030000)]
  0x00000000025d0000 JavaThread "Reference Handler" daemon [_thread_blocked, id=171344, stack(0x0000000015e30000,0x0000000015f30000)]
  0x00000000024e0800 JavaThread "main" [_thread_blocked, id=171188, stack(0x0000000001ff0000,0x00000000020f0000)]

Other Threads:
  0x0000000014c75800 VMThread [stack: 0x0000000015d30000,0x0000000015e30000] [id=171324]
  0x0000000016391800 WatcherThread [stack: 0x0000000016a30000,0x0000000016b30000] [id=171472]

VM state:synchronizing (normal execution)

VM Mutex/Monitor currently owned by a thread:  ([mutex/lock_event])
[0x00000000001ebee0] Safepoint_lock - owner thread: 0x0000000014c75800
[0x00000000001ebf60] Threads_lock - owner thread: 0x0000000014c75800
[0x00000000001ec860] Heap_lock - owner thread: 0x00000000024e0800

Heap:
 PSYoungGen      total 36864K, used 36848K [0x00000000eab00000, 0x00000000ed400000, 0x0000000100000000)
  eden space 31744K, 100% used [0x00000000eab00000,0x00000000eca00000,0x00000000eca00000)
  from space 5120K, 99% used [0x00000000ecf00000,0x00000000ed3fc050,0x00000000ed400000)
  to   space 5120K, 0% used [0x00000000eca00000,0x00000000eca00000,0x00000000ecf00000)
 ParOldGen       total 84992K, used 6637K [0x00000000c0000000, 0x00000000c5300000, 0x00000000eab00000)
  object space 84992K, 7% used [0x00000000c0000000,0x00000000c067b488,0x00000000c5300000)
 Metaspace       used 6314K, capacity 7154K, committed 7296K, reserved 1056768K
  class space    used 598K, capacity 618K, committed 640K, reserved 1048576K

Card table byte_map: [0x00000000119a0000,0x0000000011bb0000] byte_map_base: 0x00000000113a0000

Marking Bits: (ParMarkBitMap*) 0x000000005f499d00
 Begin Bits: [0x0000000012110000, 0x0000000013110000)
 End Bits:   [0x0000000013110000, 0x0000000014110000)

Polling page: 0x0000000000530000

CodeCache: size=245760Kb used=6909Kb max_used=6909Kb free=238851Kb
 bounds [0x00000000025e0000, 0x0000000002cb0000, 0x00000000115e0000]
 total_blobs=1911 nmethods=1641 adapters=184
 compilation: enabled

Compilation events (10 events):
Event: 3.835 Thread 0x0000000016389000 1669       2       com.android.dx.rop.type.StdTypeList::equalContents (56 bytes)
Event: 3.836 Thread 0x0000000016389000 nmethod 1669 0x0000000002c94010 code [0x0000000002c941c0, 0x0000000002c944e8]
Event: 3.836 Thread 0x0000000016389000 1670       2       com.android.dx.util.LabeledList::removeLabel (10 bytes)
Event: 3.836 Thread 0x0000000016389000 nmethod 1670 0x0000000002c9e3d0 code [0x0000000002c9e540, 0x0000000002c9e6c8]
Event: 3.848 Thread 0x0000000016389000 1672       2       com.android.dx.ssa.back.SsaToRop::convert (99 bytes)
Event: 3.849 Thread 0x0000000016389000 nmethod 1672 0x0000000002ca4b10 code [0x0000000002ca4d20, 0x0000000002ca5438]
Event: 3.849 Thread 0x0000000016389000 1674       2       com.android.dx.ssa.back.FirstFitLocalCombiningAllocator::handlePhiInsns (36 bytes)
Event: 3.849 Thread 0x0000000016389000 nmethod 1674 0x0000000002c9dd90 code [0x0000000002c9df20, 0x0000000002c9e1f8]
Event: 3.849 Thread 0x0000000016389000 1673       2       com.android.dx.ssa.back.FirstFitLocalCombiningAllocator::handleInvokeRangeInsns (36 bytes)
Event: 3.850 Thread 0x0000000016389000 nmethod 1673 0x0000000002ca5b50 code [0x0000000002ca5ce0, 0x0000000002ca5fb8]

GC Heap History (4 events):
Event: 1.886 GC heap before
{Heap before GC invocations=1 (full 0):
 PSYoungGen      total 36864K, used 31744K [0x00000000eab00000, 0x00000000ed400000, 0x0000000100000000)
  eden space 31744K, 100% used [0x00000000eab00000,0x00000000eca00000,0x00000000eca00000)
  from space 5120K, 0% used [0x00000000ecf00000,0x00000000ecf00000,0x00000000ed400000)
  to   space 5120K, 0% used [0x00000000eca00000,0x00000000eca00000,0x00000000ecf00000)
 ParOldGen       total 84992K, used 0K [0x00000000c0000000, 0x00000000c5300000, 0x00000000eab00000)
  object space 84992K, 0% used [0x00000000c0000000,0x00000000c0000000,0x00000000c5300000)
 Metaspace       used 6006K, capacity 6960K, committed 7040K, reserved 1056768K
  class space    used 575K, capacity 616K, committed 640K, reserved 1048576K
Event: 1.968 GC heap after
Heap after GC invocations=1 (full 0):
 PSYoungGen      total 36864K, used 5116K [0x00000000eab00000, 0x00000000ed400000, 0x0000000100000000)
  eden space 31744K, 0% used [0x00000000eab00000,0x00000000eab00000,0x00000000eca00000)
  from space 5120K, 99% used [0x00000000eca00000,0x00000000eceff2b8,0x00000000ecf00000)
  to   space 5120K, 0% used [0x00000000ecf00000,0x00000000ecf00000,0x00000000ed400000)
 ParOldGen       total 84992K, used 1145K [0x00000000c0000000, 0x00000000c5300000, 0x00000000eab00000)
  object space 84992K, 1% used [0x00000000c0000000,0x00000000c011e7b8,0x00000000c5300000)
 Metaspace       used 6006K, capacity 6960K, committed 7040K, reserved 1056768K
  class space    used 575K, capacity 616K, committed 640K, reserved 1048576K
}
Event: 3.049 GC heap before
{Heap before GC invocations=2 (full 0):
 PSYoungGen      total 36864K, used 36860K [0x00000000eab00000, 0x00000000ed400000, 0x0000000100000000)
  eden space 31744K, 100% used [0x00000000eab00000,0x00000000eca00000,0x00000000eca00000)
  from space 5120K, 99% used [0x00000000eca00000,0x00000000eceff2b8,0x00000000ecf00000)
  to   space 5120K, 0% used [0x00000000ecf00000,0x00000000ecf00000,0x00000000ed400000)
 ParOldGen       total 84992K, used 1145K [0x00000000c0000000, 0x00000000c5300000, 0x00000000eab00000)
  object space 84992K, 1% used [0x00000000c0000000,0x00000000c011e7b8,0x00000000c5300000)
 Metaspace       used 6158K, capacity 7088K, committed 7296K, reserved 1056768K
  class space    used 579K, capacity 616K, committed 640K, reserved 1048576K
Event: 3.144 GC heap after
Heap after GC invocations=2 (full 0):
 PSYoungGen      total 36864K, used 5104K [0x00000000eab00000, 0x00000000ed400000, 0x0000000100000000)
  eden space 31744K, 0% used [0x00000000eab00000,0x00000000eab00000,0x00000000eca00000)
  from space 5120K, 99% used [0x00000000ecf00000,0x00000000ed3fc050,0x00000000ed400000)
  to   space 5120K, 0% used [0x00000000eca00000,0x00000000eca00000,0x00000000ecf00000)
 ParOldGen       total 84992K, used 6637K [0x00000000c0000000, 0x00000000c5300000, 0x00000000eab00000)
  object space 84992K, 7% used [0x00000000c0000000,0x00000000c067b488,0x00000000c5300000)
 Metaspace       used 6158K, capacity 7088K, committed 7296K, reserved 1056768K
  class space    used 579K, capacity 616K, committed 640K, reserved 1048576K
}

Deoptimization events (10 events):
Event: 3.200 Thread 0x00000000165aa000 Uncommon trap: reason=unstable_if action=reinterpret pc=0x0000000002bd0aec method=com.android.dx.ssa.SCCP.simulateBranch(Lcom/android/dx/ssa/SsaInsn;)V @ 64
Event: 3.243 Thread 0x00000000165ab800 Uncommon trap: reason=class_check action=maybe_recompile pc=0x0000000002bbdea4 method=com.android.dx.rop.code.RegisterSpec.withSimpleType()Lcom/android/dx/rop/code/RegisterSpec; @ 21
Event: 3.244 Thread 0x00000000165ab800 Uncommon trap: reason=class_check action=maybe_recompile pc=0x0000000002bbdea4 method=com.android.dx.rop.code.RegisterSpec.withSimpleType()Lcom/android/dx/rop/code/RegisterSpec; @ 21
Event: 3.272 Thread 0x00000000165ab800 Uncommon trap: reason=unstable_if action=reinterpret pc=0x00000000028a2370 method=java.util.HashMap.putVal(ILjava/lang/Object;Ljava/lang/Object;ZZ)Ljava/lang/Object; @ 162
Event: 3.276 Thread 0x00000000165ab800 Uncommon trap: reason=unstable_if action=reinterpret pc=0x0000000002bb622c method=java.util.HashMap.getNode(ILjava/lang/Object;)Ljava/util/HashMap$Node; @ 84
Event: 3.324 Thread 0x00000000165f4000 Uncommon trap: reason=unstable_if action=reinterpret pc=0x0000000002bb7d50 method=java.util.HashMap.getNode(ILjava/lang/Object;)Ljava/util/HashMap$Node; @ 84
Event: 3.552 Thread 0x00000000165ab800 Uncommon trap: reason=unstable_if action=reinterpret pc=0x0000000002bb852c method=java.util.HashMap.putVal(ILjava/lang/Object;Ljava/lang/Object;ZZ)Ljava/lang/Object; @ 162
Event: 3.824 Thread 0x00000000165aa000 Uncommon trap: reason=unstable_if action=reinterpret pc=0x0000000002995cfc method=com.android.dx.util.IntList.binarysearch(I)I @ 105
Event: 3.830 Thread 0x00000000165aa000 Uncommon trap: reason=bimorphic action=maybe_recompile pc=0x0000000002c98d74 method=com.android.dx.ssa.LiteralOpUpgrader.tryReplacingWithConstant(Lcom/android/dx/ssa/NormalSsaInsn;)Z @ 52
Event: 3.838 Thread 0x00000000165aa000 Uncommon trap: reason=bimorphic action=maybe_recompile pc=0x0000000002c98d74 method=com.android.dx.ssa.LiteralOpUpgrader.tryReplacingWithConstant(Lcom/android/dx/ssa/NormalSsaInsn;)Z @ 52

Internal exceptions (7 events):
Event: 0.041 Thread 0x00000000024e0800 Exception <a 'java/lang/NoSuchMethodError': Method sun.misc.Unsafe.defineClass(Ljava/lang/String;[BII)Ljava/lang/Class; name or signature does not match> (0x00000000eab07cc0) thrown at [C:\src\android\AOSP-openjdk\external\jetbrains\jdk\hotspot\src\share\vl±ä9Ò¤?
Event: 0.041 Thread 0x00000000024e0800 Exception <a 'java/lang/NoSuchMethodError': Method sun.misc.Unsafe.prefetchRead(Ljava/lang/Object;J)V name or signature does not match> (0x00000000eab07fa8) thrown at [C:\src\android\AOSP-openjdk\external\jetbrains\jdk\hotspot\src\share\vm\prims\jni.cpp, lÿ‡	Ig]ì?
Event: 0.886 Thread 0x00000000165aa000 Implicit null exception at 0x00000000028bba62 to 0x00000000028bbb5a
Event: 2.839 Thread 0x00000000165a5800 Implicit null exception at 0x00000000028a4314 to 0x00000000028a6791
Event: 3.273 Thread 0x00000000165ab800 Exception <a 'java/lang/ArrayIndexOutOfBoundsException': 18> (0x00000000eb771ba0) thrown at [C:\src\android\AOSP-openjdk\external\jetbrains\jdk\hotspot\src\share\vm\interpreter\interpreterRuntime.cpp, line 366]
Event: 3.275 Thread 0x00000000165ab800 Exception <a 'java/lang/ArrayIndexOutOfBoundsException'> (0x00000000eb773720) thrown at [C:\src\android\AOSP-openjdk\external\jetbrains\jdk\hotspot\src\share\vm\runtime\sharedRuntime.cpp, line 605]
Event: 3.275 Thread 0x00000000165ab800 Exception <a 'java/lang/ArrayIndexOutOfBoundsException'> (0x00000000eb774a08) thrown at [C:\src\android\AOSP-openjdk\external\jetbrains\jdk\hotspot\src\share\vm\runtime\sharedRuntime.cpp, line 605]

Events (10 events):
Event: 3.824 Thread 0x00000000165aa000 Uncommon trap: trap_request=0xffffff65 fr.pc=0x0000000002995cfc
Event: 3.824 Thread 0x00000000165aa000 DEOPT PACKING pc=0x0000000002995cfc sp=0x0000000016f2ec00
Event: 3.824 Thread 0x00000000165aa000 DEOPT UNPACKING pc=0x000000000262556a sp=0x0000000016f2eb78 mode 2
Event: 3.830 Thread 0x00000000165aa000 Uncommon trap: trap_request=0xffffffc6 fr.pc=0x0000000002c98d74
Event: 3.830 Thread 0x00000000165aa000 DEOPT PACKING pc=0x0000000002c98d74 sp=0x0000000016f2ecd0
Event: 3.830 Thread 0x00000000165aa000 DEOPT UNPACKING pc=0x000000000262556a sp=0x0000000016f2ebc8 mode 2
Event: 3.838 Thread 0x00000000165aa000 Uncommon trap: trap_request=0xffffffc6 fr.pc=0x0000000002c98d74
Event: 3.838 Thread 0x00000000165aa000 DEOPT PACKING pc=0x0000000002c98d74 sp=0x0000000016f2ecd0
Event: 3.838 Thread 0x00000000165aa000 DEOPT UNPACKING pc=0x000000000262556a sp=0x0000000016f2ebc8 mode 2
Event: 3.851 Executing VM operation: ParallelGCFailedAllocation


Dynamic libraries:
0x00007ff75f820000 - 0x00007ff75f855000 	E:\Android\android-studio-ide-145.2915834-windows\jre\bin\java.exe
0x00007ffecf410000 - 0x00007ffecf5d1000 	C:\Windows\SYSTEM32\ntdll.dll
0x00007ffecef70000 - 0x00007ffecf01d000 	C:\Windows\system32\KERNEL32.DLL
0x00007ffecc330000 - 0x00007ffecc518000 	C:\Windows\system32\KERNELBASE.dll
0x00007ffecc9e0000 - 0x00007ffecca87000 	C:\Windows\system32\ADVAPI32.dll
0x00007ffece4c0000 - 0x00007ffece55d000 	C:\Windows\system32\msvcrt.dll
0x00007ffeccd10000 - 0x00007ffeccd6b000 	C:\Windows\system32\sechost.dll
0x00007ffece730000 - 0x00007ffece84c000 	C:\Windows\system32\RPCRT4.dll
0x00007ffece920000 - 0x00007ffecea76000 	C:\Windows\system32\USER32.dll
0x00007ffeccd90000 - 0x00007ffeccf16000 	C:\Windows\system32\GDI32.dll
0x00007ffebe600000 - 0x00007ffebe874000 	C:\Windows\WinSxS\amd64_microsoft.windows.common-controls_6595b64144ccf1df_6.0.10586.0_none_8c15ae12515e1c22\COMCTL32.dll
0x00007ffecca90000 - 0x00007ffeccd0d000 	C:\Windows\system32\combase.dll
0x00007ffecc520000 - 0x00007ffecc58a000 	C:\Windows\system32\bcryptPrimitives.dll
0x00007ffeccf20000 - 0x00007ffeccf5b000 	C:\Windows\system32\IMM32.DLL
0x000000005fdc0000 - 0x000000005fe92000 	E:\Android\android-studio-ide-145.2915834-windows\jre\jre\bin\msvcr100.dll
0x000000005ece0000 - 0x000000005f514000 	E:\Android\android-studio-ide-145.2915834-windows\jre\jre\bin\server\jvm.dll
0x00007ffecf1d0000 - 0x00007ffecf1d8000 	C:\Windows\system32\PSAPI.DLL
0x00007ffec9d40000 - 0x00007ffec9d63000 	C:\Windows\SYSTEM32\WINMM.dll
0x00007ffeca010000 - 0x00007ffeca019000 	C:\Windows\SYSTEM32\WSOCK32.dll
0x00007ffec1700000 - 0x00007ffec170a000 	C:\Windows\SYSTEM32\VERSION.dll
0x00007ffece560000 - 0x00007ffece5cb000 	C:\Windows\system32\WS2_32.dll
0x0000000001fc0000 - 0x0000000001fec000 	C:\Windows\SYSTEM32\WINMMBASE.dll
0x00007ffecbbd0000 - 0x00007ffecbc13000 	C:\Windows\system32\cfgmgr32.dll
0x00007ffeca000000 - 0x00007ffeca00f000 	E:\Android\android-studio-ide-145.2915834-windows\jre\jre\bin\verify.dll
0x00007ffec8e10000 - 0x00007ffec8e39000 	E:\Android\android-studio-ide-145.2915834-windows\jre\jre\bin\java.dll
0x00007ffec91d0000 - 0x00007ffec91e6000 	E:\Android\android-studio-ide-145.2915834-windows\jre\jre\bin\zip.dll
0x00007ffeccf60000 - 0x00007ffece4bc000 	C:\Windows\system32\SHELL32.dll
0x00007ffecbce0000 - 0x00007ffecc325000 	C:\Windows\system32\windows.storage.dll
0x00007ffecea80000 - 0x00007ffecead2000 	C:\Windows\system32\shlwapi.dll
0x00007ffecba90000 - 0x00007ffecba9f000 	C:\Windows\system32\kernel.appcore.dll
0x00007ffecbc20000 - 0x00007ffecbcd5000 	C:\Windows\system32\shcore.dll
0x00007ffecba30000 - 0x00007ffecba7b000 	C:\Windows\system32\powrprof.dll
0x00007ffecbaa0000 - 0x00007ffecbab4000 	C:\Windows\system32\profapi.dll

VM Arguments:
jvm_args: -Djava.awt.headless=true -Xmx1024M -Dfile.encoding=GBK -Duser.country=CN -Duser.language=zh -Duser.variant 
java_command: com.android.dx.command.Main --dex --num-threads=4 --output E:\Teapopo\app\build\intermediates\pre-dexed\debug\com.android.support-recyclerview-v7-23.3.0_5bcf6e623993cae89ade76b2397e61f99ef30c24.jar E:\Teapopo\app\build\intermediates\exploded-aar\com.android.support\recyclerview-v7\23.3.0\jars\classes.jar
java_class_path (initial): C:\Users\lhq\AppData\Local\Android\sdk\build-tools\23.0.3\lib\dx.jar
Launcher Type: SUN_STANDARD

Environment Variables:
JAVA_HOME=C:\Program Files\Java\jdk1.8.0_91
PATH=C:\ProgramData\Oracle\Java\javapath;C:\Windows\system32;C:\Windows;C:\Windows\System32\Wbem;C:\Windows\System32\WindowsPowerShell\v1.0\;C:\Users\lhq\AppData\Local\Android\sdk\platform-tools;C:\Users\lhq\AppData\Local\Android\sdk\tools;C:\Program Files\Java\jdk1.8.0_91\bin;C:\Program Files\Java\jdk1.8.0_91\jre\bin
USERNAME=lhq
OS=Windows_NT
PROCESSOR_IDENTIFIER=Intel64 Family 6 Model 69 Stepping 1, GenuineIntel



---------------  S Y S T E M  ---------------

OS: Windows 10.0 , 64 bit Build 10586 (10.0.10586.0)

CPU:total 4 (2 cores per cpu, 2 threads per core) family 6 model 69 stepping 1, cmov, cx8, fxsr, mmx, sse, sse2, sse3, ssse3, sse4.1, sse4.2, popcnt, avx, avx2, aes, clmul, erms, lzcnt, ht, tsc, tscinvbit, bmi1, bmi2

Memory: 4k page, physical 8067548k(1177360k free), swap 8067548k(5288k free)

vm_info: OpenJDK 64-Bit Server VM (25.76-b01) for windows-amd64 JRE (1.8.0_76-release-b01), built on May 12 2016 23:29:00 by "ralucas" with MS VC++ 10.0 (VS2010)

time: Fri Jul 08 14:40:55 2016
elapsed time: 4 seconds (0d 0h 0m 4s)

