#
# There is insufficient memory for the Java Runtime Environment to continue.
# Native memory allocation (malloc) failed to allocate 32784 bytes for Chunk::new
# Possible reasons:
#   The system is out of physical RAM or swap space
#   In 32 bit mode, the process size limit was hit
# Possible solutions:
#   Reduce memory load on the system
#   Increase physical memory or swap space
#   Check if swap backing store is full
#   Use 64 bit Java on a 64 bit OS
#   Decrease Java heap size (-Xmx/-Xms)
#   Decrease number of Java threads
#   Decrease Java thread stack sizes (-Xss)
#   Set larger code cache with -XX:ReservedCodeCacheSize=
# This output file may be truncated or incomplete.
#
#  Out of Memory Error (allocation.cpp:390), pid=102772, tid=0x0000000000018f38
#
# JRE version: OpenJDK Runtime Environment (8.0_76-b01) (build 1.8.0_76-release-b01)
# Java VM: OpenJDK 64-Bit Server VM (25.76-b01 mixed mode windows-amd64 compressed oops)
# Failed to write core dump. Minidumps are not enabled by default on client versions of Windows
#

---------------  T H R E A D  ---------------

Current thread (0x0000000014cb7000):  JavaThread "C2 CompilerThread0" daemon [_thread_in_native, id=102200, stack(0x0000000016220000,0x0000000016320000)]

Stack: [0x0000000016220000,0x0000000016320000]
[error occurred during error reporting (printing stack bounds), id 0xc0000005]

Native frames: (J=compiled Java code, j=interpreted, Vv=VM code, C=native code)


Current CompileTask:
C2:   2685 1132       4       com.android.dx.ssa.SCCP::simulateBranch (666 bytes)


---------------  P R O C E S S  ---------------

Java Threads: ( => current thread )
  0x00000000166e1000 JavaThread "pool-1-thread-4" [_thread_in_Java, id=91532, stack(0x0000000016f20000,0x0000000017020000)]
  0x00000000166de800 JavaThread "pool-1-thread-3" [_thread_blocked, id=103248, stack(0x0000000016e20000,0x0000000016f20000)]
  0x00000000166dc000 JavaThread "pool-1-thread-2" [_thread_in_Java, id=98564, stack(0x0000000016d20000,0x0000000016e20000)]
  0x00000000166d9000 JavaThread "pool-2-thread-1" [_thread_blocked, id=102840, stack(0x0000000016c20000,0x0000000016d20000)]
  0x00000000166d8000 JavaThread "pool-1-thread-1" [_thread_in_Java, id=102676, stack(0x0000000016b20000,0x0000000016c20000)]
  0x000000001647e000 JavaThread "Service Thread" daemon [_thread_blocked, id=103036, stack(0x0000000016920000,0x0000000016a20000)]
  0x0000000016477800 JavaThread "C1 CompilerThread2" daemon [_thread_in_native, id=102552, stack(0x0000000016820000,0x0000000016920000)]
  0x0000000014cb9800 JavaThread "C2 CompilerThread1" daemon [_thread_in_native, id=102916, stack(0x0000000016320000,0x0000000016420000)]
=>0x0000000014cb7000 JavaThread "C2 CompilerThread0" daemon [_thread_in_native, id=102200, stack(0x0000000016220000,0x0000000016320000)]
  0x0000000014c6c800 JavaThread "Attach Listener" daemon [_thread_blocked, id=103136, stack(0x0000000016120000,0x0000000016220000)]
  0x0000000014c6b000 JavaThread "Signal Dispatcher" daemon [_thread_blocked, id=102432, stack(0x0000000016020000,0x0000000016120000)]
  0x0000000014c48800 JavaThread "Finalizer" daemon [_thread_blocked, id=102808, stack(0x0000000015ec0000,0x0000000015fc0000)]
  0x0000000002580000 JavaThread "Reference Handler" daemon [_thread_blocked, id=103152, stack(0x0000000015dc0000,0x0000000015ec0000)]
  0x0000000002490800 JavaThread "main" [_thread_blocked, id=103376, stack(0x0000000002330000,0x0000000002430000)]

Other Threads:
  0x0000000014c25800 VMThread [stack: 0x0000000015cc0000,0x0000000015dc0000] [id=102944]
  0x0000000016481000 WatcherThread [stack: 0x0000000016a20000,0x0000000016b20000] [id=102388]

VM state:not at safepoint (normal execution)

VM Mutex/Monitor currently owned by a thread:  ([mutex/lock_event])
[0x000000000248bd90] Heap_lock - owner thread: 0x00000000166de800

Heap:
 PSYoungGen      total 36864K, used 7004K [0x00000000eab00000, 0x00000000ed400000, 0x0000000100000000)
  eden space 31744K, 5% used [0x00000000eab00000,0x00000000eacd9a98,0x00000000eca00000)
  from space 5120K, 99% used [0x00000000eca00000,0x00000000ecefd678,0x00000000ecf00000)
  to   space 5120K, 0% used [0x00000000ecf00000,0x00000000ecf00000,0x00000000ed400000)
 ParOldGen       total 84992K, used 1128K [0x00000000c0000000, 0x00000000c5300000, 0x00000000eab00000)
  object space 84992K, 1% used [0x00000000c0000000,0x00000000c011a2c0,0x00000000c5300000)
 Metaspace       used 5827K, capacity 6832K, committed 7040K, reserved 1056768K
  class space    used 570K, capacity 616K, committed 640K, reserved 1048576K

Card table byte_map: [0x0000000011950000,0x0000000011b60000] byte_map_base: 0x0000000011350000

Marking Bits: (ParMarkBitMap*) 0x000000005f499d00
 Begin Bits: [0x00000000120c0000, 0x00000000130c0000)
 End Bits:   [0x00000000130c0000, 0x00000000140c0000)

Polling page: 0x0000000000710000

CodeCache: size=245760Kb used=4468Kb max_used=4471Kb free=241291Kb
 bounds [0x0000000002590000, 0x0000000002a00000, 0x0000000011590000]
 total_blobs=1398 nmethods=1129 adapters=183
 compilation: enabled

Compilation events (10 events):
Event: 2.677 Thread 0x0000000016477800 nmethod 1129 0x00000000029e79d0 code [0x00000000029e7c20, 0x00000000029e89d8]
Event: 2.677 Thread 0x0000000014cb7000 nmethod 1128% 0x00000000029f1bd0 code [0x00000000029f1d60, 0x00000000029f27f8]
Event: 2.678 Thread 0x0000000016477800 1131       3       com.android.dx.ssa.SsaMethod::getEntryBlock (15 bytes)
Event: 2.678 Thread 0x0000000014cb7000 1132       4       com.android.dx.ssa.SCCP::simulateBranch (666 bytes)
Event: 2.678 Thread 0x0000000016477800 nmethod 1131 0x00000000029e9cd0 code [0x00000000029e9e80, 0x00000000029ea358]
Event: 2.679 Thread 0x0000000016477800 1134       3       com.android.dx.rop.cst.CstString::stringToUtf8Bytes (175 bytes)
Event: 2.680 Thread 0x0000000016477800 nmethod 1134 0x00000000029ed9d0 code [0x00000000029edba0, 0x00000000029ee418]
Event: 2.683 Thread 0x0000000016477800 1136       3       com.android.dx.ssa.Optimizer::getAdvice (4 bytes)
Event: 2.683 Thread 0x0000000016477800 nmethod 1136 0x00000000029e4490 code [0x00000000029e45e0, 0x00000000029e4710]
Event: 2.684 Thread 0x0000000016477800 1137       3       com.android.dx.rop.cst.CstInteger::make (47 bytes)

GC Heap History (2 events):
Event: 2.585 GC heap before
{Heap before GC invocations=1 (full 0):
 PSYoungGen      total 36864K, used 31744K [0x00000000eab00000, 0x00000000ed400000, 0x0000000100000000)
  eden space 31744K, 100% used [0x00000000eab00000,0x00000000eca00000,0x00000000eca00000)
  from space 5120K, 0% used [0x00000000ecf00000,0x00000000ecf00000,0x00000000ed400000)
  to   space 5120K, 0% used [0x00000000eca00000,0x00000000eca00000,0x00000000ecf00000)
 ParOldGen       total 84992K, used 0K [0x00000000c0000000, 0x00000000c5300000, 0x00000000eab00000)
  object space 84992K, 0% used [0x00000000c0000000,0x00000000c0000000,0x00000000c5300000)
 Metaspace       used 5825K, capacity 6832K, committed 7040K, reserved 1056768K
  class space    used 570K, capacity 616K, committed 640K, reserved 1048576K
Event: 2.652 GC heap after
Heap after GC invocations=1 (full 0):
 PSYoungGen      total 36864K, used 5109K [0x00000000eab00000, 0x00000000ed400000, 0x0000000100000000)
  eden space 31744K, 0% used [0x00000000eab00000,0x00000000eab00000,0x00000000eca00000)
  from space 5120K, 99% used [0x00000000eca00000,0x00000000ecefd678,0x00000000ecf00000)
  to   space 5120K, 0% used [0x00000000ecf00000,0x00000000ecf00000,0x00000000ed400000)
 ParOldGen       total 84992K, used 1128K [0x00000000c0000000, 0x00000000c5300000, 0x00000000eab00000)
  object space 84992K, 1% used [0x00000000c0000000,0x00000000c011a2c0,0x00000000c5300000)
 Metaspace       used 5825K, capacity 6832K, committed 7040K, reserved 1056768K
  class space    used 570K, capacity 616K, committed 640K, reserved 1048576K
}

Deoptimization events (7 events):
Event: 0.915 Thread 0x00000000166de800 Uncommon trap: reason=unstable_if action=reinterpret pc=0x000000000277da90 method=java.util.HashMap.getNode(ILjava/lang/Object;)Ljava/util/HashMap$Node; @ 129
Event: 2.239 Thread 0x00000000166d8000 Uncommon trap: reason=bimorphic action=maybe_recompile pc=0x000000000295dd50 method=com.android.dx.ssa.SCCP.simulatePhi(Lcom/android/dx/ssa/PhiInsn;)V @ 124
Event: 2.481 Thread 0x00000000166d8000 Uncommon trap: reason=class_check action=maybe_recompile pc=0x0000000002826230 method=com.android.dx.ssa.NormalSsaInsn.accept(Lcom/android/dx/ssa/SsaInsn$Visitor;)V @ 9
Event: 2.481 Thread 0x00000000166d8000 Uncommon trap: reason=class_check action=maybe_recompile pc=0x00000000028287b0 method=com.android.dx.ssa.NormalSsaInsn.accept(Lcom/android/dx/ssa/SsaInsn$Visitor;)V @ 9
Event: 2.481 Thread 0x00000000166d8000 Uncommon trap: reason=class_check action=maybe_recompile pc=0x00000000028287b0 method=com.android.dx.ssa.NormalSsaInsn.accept(Lcom/android/dx/ssa/SsaInsn$Visitor;)V @ 9
Event: 2.481 Thread 0x00000000166d8000 Uncommon trap: reason=class_check action=maybe_recompile pc=0x0000000002826230 method=com.android.dx.ssa.NormalSsaInsn.accept(Lcom/android/dx/ssa/SsaInsn$Visitor;)V @ 9
Event: 2.481 Thread 0x00000000166d8000 Uncommon trap: reason=class_check action=maybe_recompile pc=0x00000000028287b0 method=com.android.dx.ssa.NormalSsaInsn.accept(Lcom/android/dx/ssa/SsaInsn$Visitor;)V @ 9

Internal exceptions (2 events):
Event: 0.036 Thread 0x0000000002490800 Exception <a 'java/lang/NoSuchMethodError': Method sun.misc.Unsafe.defineClass(Ljava/lang/String;[BII)Ljava/lang/Class; name or signature does not match> (0x00000000eab07cc0) thrown at [C:\src\android\AOSP-openjdk\external\jetbrains\jdk\hotspot\src\share\v∫H/·F†¢?
Event: 0.036 Thread 0x0000000002490800 Exception <a 'java/lang/NoSuchMethodError': Method sun.misc.Unsafe.prefetchRead(Ljava/lang/Object;J)V name or signature does not match> (0x00000000eab07fa8) thrown at [C:\src\android\AOSP-openjdk\external\jetbrains\jdk\hotspot\src\share\vm\prims\jni.cpp, l

Events (10 events):
Event: 2.481 Thread 0x00000000166d8000 DEOPT PACKING pc=0x00000000028287b0 sp=0x0000000016c1ed30
Event: 2.481 Thread 0x00000000166d8000 DEOPT UNPACKING pc=0x00000000025d556a sp=0x0000000016c1ecd0 mode 2
Event: 2.481 Thread 0x00000000166d8000 Uncommon trap: trap_request=0xffffffde fr.pc=0x0000000002826230
Event: 2.481 Thread 0x00000000166d8000 DEOPT PACKING pc=0x0000000002826230 sp=0x0000000016c1eda0
Event: 2.481 Thread 0x00000000166d8000 DEOPT UNPACKING pc=0x00000000025d556a sp=0x0000000016c1ece0 mode 2
Event: 2.481 Thread 0x00000000166d8000 Uncommon trap: trap_request=0xffffffde fr.pc=0x00000000028287b0
Event: 2.481 Thread 0x00000000166d8000 DEOPT PACKING pc=0x00000000028287b0 sp=0x0000000016c1ed30
Event: 2.481 Thread 0x00000000166d8000 DEOPT UNPACKING pc=0x00000000025d556a sp=0x0000000016c1ecd0 mode 2
Event: 2.585 Executing VM operation: ParallelGCFailedAllocation
Event: 2.652 Executing VM operation: ParallelGCFailedAllocation done


Dynamic libraries:
0x00007ff6a3010000 - 0x00007ff6a3045000 	E:\Android\android-studio-ide-145.2915834-windows\jre\bin\java.exe
0x00007ffecf410000 - 0x00007ffecf5d1000 	C:\Windows\SYSTEM32\ntdll.dll
0x00007ffecef70000 - 0x00007ffecf01d000 	C:\Windows\system32\KERNEL32.DLL
0x00007ffecc330000 - 0x00007ffecc518000 	C:\Windows\system32\KERNELBASE.dll
0x00007ffecc9e0000 - 0x00007ffecca87000 	C:\Windows\system32\ADVAPI32.dll
0x00007ffece4c0000 - 0x00007ffece55d000 	C:\Windows\system32\msvcrt.dll
0x00007ffeccd10000 - 0x00007ffeccd6b000 	C:\Windows\system32\sechost.dll
0x00007ffece730000 - 0x00007ffece84c000 	C:\Windows\system32\RPCRT4.dll
0x00007ffece920000 - 0x00007ffecea76000 	C:\Windows\system32\USER32.dll
0x00007ffeccd90000 - 0x00007ffeccf16000 	C:\Windows\system32\GDI32.dll
0x00007ffebe600000 - 0x00007ffebe874000 	C:\Windows\WinSxS\amd64_microsoft.windows.common-controls_6595b64144ccf1df_6.0.10586.0_none_8c15ae12515e1c22\COMCTL32.dll
0x00007ffecca90000 - 0x00007ffeccd0d000 	C:\Windows\system32\combase.dll
0x00007ffecc520000 - 0x00007ffecc58a000 	C:\Windows\system32\bcryptPrimitives.dll
0x00007ffeccf20000 - 0x00007ffeccf5b000 	C:\Windows\system32\IMM32.DLL
0x00000000600f0000 - 0x00000000601c2000 	E:\Android\android-studio-ide-145.2915834-windows\jre\jre\bin\msvcr100.dll
0x000000005ece0000 - 0x000000005f514000 	E:\Android\android-studio-ide-145.2915834-windows\jre\jre\bin\server\jvm.dll
0x00007ffecf1d0000 - 0x00007ffecf1d8000 	C:\Windows\system32\PSAPI.DLL
0x00007ffec9c20000 - 0x00007ffec9c29000 	C:\Windows\SYSTEM32\WSOCK32.dll
0x00007ffece560000 - 0x00007ffece5cb000 	C:\Windows\system32\WS2_32.dll
0x00007ffec9d40000 - 0x00007ffec9d63000 	C:\Windows\SYSTEM32\WINMM.dll
0x00007ffec1700000 - 0x00007ffec170a000 	C:\Windows\SYSTEM32\VERSION.dll
0x00007ffec9bf0000 - 0x00007ffec9c1c000 	C:\Windows\SYSTEM32\WINMMBASE.dll
0x00007ffecbbd0000 - 0x00007ffecbc13000 	C:\Windows\system32\cfgmgr32.dll
0x00007ffec8ed0000 - 0x00007ffec8edf000 	E:\Android\android-studio-ide-145.2915834-windows\jre\jre\bin\verify.dll
0x00007ffec8d20000 - 0x00007ffec8d49000 	E:\Android\android-studio-ide-145.2915834-windows\jre\jre\bin\java.dll
0x00007ffec8d00000 - 0x00007ffec8d16000 	E:\Android\android-studio-ide-145.2915834-windows\jre\jre\bin\zip.dll
0x00007ffeccf60000 - 0x00007ffece4bc000 	C:\Windows\system32\SHELL32.dll
0x00007ffecbce0000 - 0x00007ffecc325000 	C:\Windows\system32\windows.storage.dll
0x00007ffecea80000 - 0x00007ffecead2000 	C:\Windows\system32\shlwapi.dll
0x00007ffecba90000 - 0x00007ffecba9f000 	C:\Windows\system32\kernel.appcore.dll
0x00007ffecbc20000 - 0x00007ffecbcd5000 	C:\Windows\system32\shcore.dll
0x00007ffecba30000 - 0x00007ffecba7b000 	C:\Windows\system32\powrprof.dll
0x00007ffecbaa0000 - 0x00007ffecbab4000 	C:\Windows\system32\profapi.dll

VM Arguments:
jvm_args: -Djava.awt.headless=true -Xmx1024M -Dfile.encoding=GBK -Duser.country=CN -Duser.language=zh -Duser.variant 
java_command: com.android.dx.command.Main --dex --num-threads=4 --output E:\Teapopo\app\build\intermediates\pre-dexed\debug\MobCommons-2016.0406.1915_aadbd2256b7018691f3067ff778e48c233d35be3.jar E:\Teapopo\app\libs\MobCommons-2016.0406.1915.jar
java_class_path (initial): C:\Users\lhq\AppData\Local\Android\sdk\build-tools\23.0.3\lib\dx.jar
Launcher Type: SUN_STANDARD

Environment Variables:
JAVA_HOME=C:\Program Files\Java\jdk1.8.0_91
PATH=C:\ProgramData\Oracle\Java\javapath;C:\Windows\system32;C:\Windows;C:\Windows\System32\Wbem;C:\Windows\System32\WindowsPowerShell\v1.0\;C:\Users\lhq\AppData\Local\Android\sdk\platform-tools;C:\Users\lhq\AppData\Local\Android\sdk\tools;C:\Program Files\Java\jdk1.8.0_91\bin;C:\Program Files\Java\jdk1.8.0_91\jre\bin
USERNAME=lhq
OS=Windows_NT
PROCESSOR_IDENTIFIER=Intel64 Family 6 Model 69 Stepping 1, GenuineIntel



---------------  S Y S T E M  ---------------

OS: Windows 10.0 , 64 bit Build 10586 (10.0.10586.0)

CPU:total 4 (2 cores per cpu, 2 threads per core) family 6 model 69 stepping 1, cmov, cx8, fxsr, mmx, sse, sse2, sse3, ssse3, sse4.1, sse4.2, popcnt, avx, avx2, aes, clmul, erms, lzcnt, ht, tsc, tscinvbit, bmi1, bmi2

Memory: 4k page, physical 8067548k(1337984k free), swap 8067548k(5148k free)

vm_info: OpenJDK 64-Bit Server VM (25.76-b01) for windows-amd64 JRE (1.8.0_76-release-b01), built on May 12 2016 23:29:00 by "ralucas" with MS VC++ 10.0 (VS2010)

time: Thu Jul 07 11:09:22 2016
elapsed time: 2 seconds (0d 0h 0m 2s)

