#
# There is insufficient memory for the Java Runtime Environment to continue.
# Native memory allocation (malloc) failed to allocate 453136 bytes for Chunk::new
# Possible reasons:
#   The system is out of physical RAM or swap space
#   In 32 bit mode, the process size limit was hit
# Possible solutions:
#   Reduce memory load on the system
#   Increase physical memory or swap space
#   Check if swap backing store is full
#   Use 64 bit Java on a 64 bit OS
#   Decrease Java heap size (-Xmx/-Xms)
#   Decrease number of Java threads
#   Decrease Java thread stack sizes (-Xss)
#   Set larger code cache with -XX:ReservedCodeCacheSize=
# This output file may be truncated or incomplete.
#
#  Out of Memory Error (allocation.cpp:390), pid=17244, tid=0x0000000000004218
#
# JRE version: OpenJDK Runtime Environment (8.0_76-b01) (build 1.8.0_76-release-b01)
# Java VM: OpenJDK 64-Bit Server VM (25.76-b01 mixed mode windows-amd64 compressed oops)
# Failed to write core dump. Minidumps are not enabled by default on client versions of Windows
#

---------------  T H R E A D  ---------------

Current thread (0x0000000014d6a800):  JavaThread "C2 CompilerThread1" daemon [_thread_in_native, id=16920, stack(0x0000000016360000,0x0000000016460000)]

Stack: [0x0000000016360000,0x0000000016460000]
[error occurred during error reporting (printing stack bounds), id 0xc0000005]

Native frames: (J=compiled Java code, j=interpreted, Vv=VM code, C=native code)


Current CompileTask:
C2:   1780 1124       4       com.android.dx.ssa.SCCP::simulatePhi (169 bytes)


---------------  P R O C E S S  ---------------

Java Threads: ( => current thread )
  0x00000000166f6000 JavaThread "pool-1-thread-3" [_thread_in_Java, id=16700, stack(0x0000000016e60000,0x0000000016f60000)]
  0x00000000166d8000 JavaThread "pool-1-thread-2" [_thread_in_Java, id=16580, stack(0x0000000016d60000,0x0000000016e60000)]
  0x00000000166c1800 JavaThread "pool-2-thread-1" [_thread_blocked, id=15144, stack(0x0000000016c60000,0x0000000016d60000)]
  0x00000000166c1000 JavaThread "pool-1-thread-1" [_thread_blocked, id=16540, stack(0x0000000016b60000,0x0000000016c60000)]
  0x00000000164c6800 JavaThread "Service Thread" daemon [_thread_blocked, id=5588, stack(0x0000000016960000,0x0000000016a60000)]
  0x00000000164c0000 JavaThread "C1 CompilerThread2" daemon [_thread_in_native, id=15576, stack(0x0000000016860000,0x0000000016960000)]
=>0x0000000014d6a800 JavaThread "C2 CompilerThread1" daemon [_thread_in_native, id=16920, stack(0x0000000016360000,0x0000000016460000)]
  0x0000000014d1d800 JavaThread "C2 CompilerThread0" daemon [_thread_in_native, id=14368, stack(0x0000000016260000,0x0000000016360000)]
  0x0000000014d1c000 JavaThread "Attach Listener" daemon [_thread_blocked, id=16592, stack(0x0000000016160000,0x0000000016260000)]
  0x0000000014d1b000 JavaThread "Signal Dispatcher" daemon [_thread_blocked, id=16588, stack(0x0000000016060000,0x0000000016160000)]
  0x0000000014cf8000 JavaThread "Finalizer" daemon [_thread_blocked, id=17116, stack(0x0000000015f60000,0x0000000016060000)]
  0x0000000002550000 JavaThread "Reference Handler" daemon [_thread_blocked, id=17112, stack(0x0000000015e60000,0x0000000015f60000)]
  0x0000000002460800 JavaThread "main" [_thread_blocked, id=16896, stack(0x0000000000790000,0x0000000000890000)]

Other Threads:
  0x0000000014cd5800 VMThread [stack: 0x0000000015d60000,0x0000000015e60000] [id=16748]
  0x00000000164ca000 WatcherThread [stack: 0x0000000016a60000,0x0000000016b60000] [id=16508]

VM state:not at safepoint (normal execution)

VM Mutex/Monitor currently owned by a thread: None

Heap:
 PSYoungGen      total 36864K, used 12438K [0x00000000eab00000, 0x00000000ed400000, 0x0000000100000000)
  eden space 31744K, 23% used [0x00000000eab00000,0x00000000eb22b978,0x00000000eca00000)
  from space 5120K, 99% used [0x00000000eca00000,0x00000000ecefa048,0x00000000ecf00000)
  to   space 5120K, 0% used [0x00000000ecf00000,0x00000000ecf00000,0x00000000ed400000)
 ParOldGen       total 84992K, used 1252K [0x00000000c0000000, 0x00000000c5300000, 0x00000000eab00000)
  object space 84992K, 1% used [0x00000000c0000000,0x00000000c0139130,0x00000000c5300000)
 Metaspace       used 5942K, capacity 6896K, committed 7040K, reserved 1056768K
  class space    used 575K, capacity 616K, committed 640K, reserved 1048576K

Card table byte_map: [0x0000000011a00000,0x0000000011c10000] byte_map_base: 0x0000000011400000

Marking Bits: (ParMarkBitMap*) 0x000000005e0b9d00
 Begin Bits: [0x0000000012170000, 0x0000000013170000)
 End Bits:   [0x0000000013170000, 0x0000000014170000)

Polling page: 0x0000000000510000

CodeCache: size=245760Kb used=4708Kb max_used=4708Kb free=241051Kb
 bounds [0x0000000002640000, 0x0000000002ae0000, 0x0000000011640000]
 total_blobs=1438 nmethods=1168 adapters=184
 compilation: enabled

Compilation events (10 events):
Event: 1.765 Thread 0x00000000164c0000 nmethod 1173 0x0000000002ac1b10 code [0x0000000002ac1d00, 0x0000000002ac26f8]
Event: 1.765 Thread 0x00000000164c0000 1174   !   3       com.android.dx.cf.code.OneLocalsArray::set (106 bytes)
Event: 1.766 Thread 0x00000000164c0000 nmethod 1174 0x0000000002ac2b90 code [0x0000000002ac2de0, 0x0000000002ac3c18]
Event: 1.766 Thread 0x00000000164c0000 1175       3       com.android.dx.rop.type.Type::<init> (84 bytes)
Event: 1.767 Thread 0x00000000164c0000 nmethod 1175 0x0000000002ac4290 code [0x0000000002ac4440, 0x0000000002ac4968]
Event: 1.767 Thread 0x00000000164c0000 1177       3       com.android.dx.cf.code.Simulator$SimVisitor::visitNoArgs (2108 bytes)
Event: 1.777 Thread 0x00000000164c0000 nmethod 1177 0x0000000002ac4b50 code [0x0000000002ac5a40, 0x0000000002ad1648]
Event: 1.777 Thread 0x00000000164c0000 1185       1       com.android.dx.rop.cst.CstKnownNull::getType (4 bytes)
Event: 1.777 Thread 0x00000000164c0000 nmethod 1185 0x0000000002ad7a50 code [0x0000000002ad7ba0, 0x0000000002ad7cb0]
Event: 1.777 Thread 0x00000000164c0000 1179       3       com.android.dx.ssa.back.IdenticalBlockCombiner::process (323 bytes)

GC Heap History (2 events):
Event: 1.692 GC heap before
{Heap before GC invocations=1 (full 0):
 PSYoungGen      total 36864K, used 31744K [0x00000000eab00000, 0x00000000ed400000, 0x0000000100000000)
  eden space 31744K, 100% used [0x00000000eab00000,0x00000000eca00000,0x00000000eca00000)
  from space 5120K, 0% used [0x00000000ecf00000,0x00000000ecf00000,0x00000000ed400000)
  to   space 5120K, 0% used [0x00000000eca00000,0x00000000eca00000,0x00000000ecf00000)
 ParOldGen       total 84992K, used 0K [0x00000000c0000000, 0x00000000c5300000, 0x00000000eab00000)
  object space 84992K, 0% used [0x00000000c0000000,0x00000000c0000000,0x00000000c5300000)
 Metaspace       used 5885K, capacity 6832K, committed 7040K, reserved 1056768K
  class space    used 575K, capacity 616K, committed 640K, reserved 1048576K
Event: 1.703 GC heap after
Heap after GC invocations=1 (full 0):
 PSYoungGen      total 36864K, used 5096K [0x00000000eab00000, 0x00000000ed400000, 0x0000000100000000)
  eden space 31744K, 0% used [0x00000000eab00000,0x00000000eab00000,0x00000000eca00000)
  from space 5120K, 99% used [0x00000000eca00000,0x00000000ecefa048,0x00000000ecf00000)
  to   space 5120K, 0% used [0x00000000ecf00000,0x00000000ecf00000,0x00000000ed400000)
 ParOldGen       total 84992K, used 1252K [0x00000000c0000000, 0x00000000c5300000, 0x00000000eab00000)
  object space 84992K, 1% used [0x00000000c0000000,0x00000000c0139130,0x00000000c5300000)
 Metaspace       used 5885K, capacity 6832K, committed 7040K, reserved 1056768K
  class space    used 575K, capacity 616K, committed 640K, reserved 1048576K
}

Deoptimization events (4 events):
Event: 0.963 Thread 0x0000000002460800 Uncommon trap: reason=unstable_if action=reinterpret pc=0x0000000002785914 method=java.lang.String.indexOf(II)I @ 49
Event: 1.258 Thread 0x00000000166eb000 Uncommon trap: reason=unstable_if action=reinterpret pc=0x000000000283a134 method=java.util.HashMap.getNode(ILjava/lang/Object;)Ljava/util/HashMap$Node; @ 129
Event: 1.292 Thread 0x00000000166d8000 Uncommon trap: reason=unstable_if action=reinterpret pc=0x000000000284b5b4 method=java.util.BitSet.ensureCapacity(I)V @ 6
Event: 1.776 Thread 0x00000000166d8000 Uncommon trap: reason=class_check action=maybe_recompile pc=0x000000000287af54 method=com.android.dx.ssa.NormalSsaInsn.accept(Lcom/android/dx/ssa/SsaInsn$Visitor;)V @ 9

Internal exceptions (2 events):
Event: 0.448 Thread 0x0000000002460800 Exception <a 'java/lang/NoSuchMethodError': Method sun.misc.Unsafe.defineClass(Ljava/lang/String;[BII)Ljava/lang/Class; name or signature does not match> (0x00000000eab07cc0) thrown at [C:\src\android\AOSP-openjdk\external\jetbrains\jdk\hotspot\src\share\v:ïÛ¦Ü?
Event: 0.448 Thread 0x0000000002460800 Exception <a 'java/lang/NoSuchMethodError': Method sun.misc.Unsafe.prefetchRead(Ljava/lang/Object;J)V name or signature does not match> (0x00000000eab07fa8) thrown at [C:\src\android\AOSP-openjdk\external\jetbrains\jdk\hotspot\src\share\vm\prims\jni.cpp, l

Events (10 events):
Event: 1.692 Executing VM operation: ParallelGCFailedAllocation
Event: 1.703 Executing VM operation: ParallelGCFailedAllocation done
Event: 1.721 Thread 0x00000000166eb000 DEOPT PACKING pc=0x00000000029a1ce5 sp=0x000000001705eba0
Event: 1.721 Thread 0x00000000166eb000 DEOPT UNPACKING pc=0x00000000026875bf sp=0x000000001705e980 mode 0
Event: 1.726 Thread 0x00000000166eb000 Thread exited: 0x00000000166eb000
Event: 1.740 loading class com/android/dx/cf/code/BytecodeArray$ConstantParserVisitor
Event: 1.740 loading class com/android/dx/cf/code/BytecodeArray$ConstantParserVisitor done
Event: 1.776 Thread 0x00000000166d8000 Uncommon trap: trap_request=0xffffffde fr.pc=0x000000000287af54
Event: 1.776 Thread 0x00000000166d8000 DEOPT PACKING pc=0x000000000287af54 sp=0x0000000016e5ec70
Event: 1.776 Thread 0x00000000166d8000 DEOPT UNPACKING pc=0x000000000268556a sp=0x0000000016e5ebb0 mode 2


Dynamic libraries:
0x00007ff75b500000 - 0x00007ff75b535000 	E:\Android\android-studio-ide-145.2915834-windows\jre\bin\java.exe
0x00007ffbe4110000 - 0x00007ffbe42d1000 	C:\Windows\SYSTEM32\ntdll.dll
0x00007ffbe2080000 - 0x00007ffbe212d000 	C:\Windows\system32\KERNEL32.DLL
0x00007ffbe0ec0000 - 0x00007ffbe10a8000 	C:\Windows\system32\KERNELBASE.dll
0x00007ffbe3c80000 - 0x00007ffbe3d27000 	C:\Windows\system32\ADVAPI32.dll
0x00007ffbe4070000 - 0x00007ffbe410d000 	C:\Windows\system32\msvcrt.dll
0x00007ffbe22d0000 - 0x00007ffbe232b000 	C:\Windows\system32\sechost.dll
0x00007ffbe1d60000 - 0x00007ffbe1e7c000 	C:\Windows\system32\RPCRT4.dll
0x00007ffbe1970000 - 0x00007ffbe1ac6000 	C:\Windows\system32\USER32.dll
0x00007ffbe2140000 - 0x00007ffbe22c6000 	C:\Windows\system32\GDI32.dll
0x00007ffbd49b0000 - 0x00007ffbd4c24000 	C:\Windows\WinSxS\amd64_microsoft.windows.common-controls_6595b64144ccf1df_6.0.10586.0_none_8c15ae12515e1c22\COMCTL32.dll
0x00007ffbe24a0000 - 0x00007ffbe271d000 	C:\Windows\system32\combase.dll
0x00007ffbe14a0000 - 0x00007ffbe150a000 	C:\Windows\system32\bcryptPrimitives.dll
0x00007ffbe1ef0000 - 0x00007ffbe1f2b000 	C:\Windows\system32\IMM32.DLL
0x000000005d820000 - 0x000000005d8f2000 	E:\Android\android-studio-ide-145.2915834-windows\jre\jre\bin\msvcr100.dll
0x000000005d900000 - 0x000000005e134000 	E:\Android\android-studio-ide-145.2915834-windows\jre\jre\bin\server\jvm.dll
0x00007ffbe1530000 - 0x00007ffbe1538000 	C:\Windows\system32\PSAPI.DLL
0x00007ffbdd900000 - 0x00007ffbdd909000 	C:\Windows\SYSTEM32\WSOCK32.dll
0x00007ffbe3d30000 - 0x00007ffbe3d9b000 	C:\Windows\system32\WS2_32.dll
0x00007ffbdea60000 - 0x00007ffbdea83000 	C:\Windows\SYSTEM32\WINMM.dll
0x00007ffbd61b0000 - 0x00007ffbd61ba000 	C:\Windows\SYSTEM32\VERSION.dll
0x00007ffbdea00000 - 0x00007ffbdea2c000 	C:\Windows\SYSTEM32\WINMMBASE.dll
0x00007ffbe1300000 - 0x00007ffbe1343000 	C:\Windows\system32\cfgmgr32.dll
0x00007ffbdbbd0000 - 0x00007ffbdbbdf000 	E:\Android\android-studio-ide-145.2915834-windows\jre\jre\bin\verify.dll
0x00007ffbdba90000 - 0x00007ffbdbab9000 	E:\Android\android-studio-ide-145.2915834-windows\jre\jre\bin\java.dll
0x00007ffbdba70000 - 0x00007ffbdba86000 	E:\Android\android-studio-ide-145.2915834-windows\jre\jre\bin\zip.dll
0x00007ffbe2720000 - 0x00007ffbe3c7c000 	C:\Windows\system32\SHELL32.dll
0x00007ffbe07c0000 - 0x00007ffbe0e05000 	C:\Windows\system32\windows.storage.dll
0x00007ffbe2440000 - 0x00007ffbe2492000 	C:\Windows\system32\shlwapi.dll
0x00007ffbe0730000 - 0x00007ffbe073f000 	C:\Windows\system32\kernel.appcore.dll
0x00007ffbe1350000 - 0x00007ffbe1405000 	C:\Windows\system32\shcore.dll
0x00007ffbe0770000 - 0x00007ffbe07bb000 	C:\Windows\system32\powrprof.dll
0x00007ffbe0740000 - 0x00007ffbe0754000 	C:\Windows\system32\profapi.dll

VM Arguments:
jvm_args: -Djava.awt.headless=true -Xmx1024M -Dfile.encoding=GBK -Duser.country=CN -Duser.language=zh -Duser.variant 
java_command: com.android.dx.command.Main --dex --num-threads=4 --output E:\Teapopo\app\build\intermediates\pre-dexed\debug\ShareSDK-SinaWeibo-2.7.1_3c66a4f923b4d74b0122d47f407843abfd9ce61b.jar E:\Teapopo\app\libs\ShareSDK-SinaWeibo-2.7.1.jar
java_class_path (initial): C:\Users\lhq\AppData\Local\Android\sdk\build-tools\23.0.3\lib\dx.jar
Launcher Type: SUN_STANDARD

Environment Variables:
JAVA_HOME=C:\Program Files\Java\jdk1.8.0_91
PATH=C:\ProgramData\Oracle\Java\javapath;C:\Windows\system32;C:\Windows;C:\Windows\System32\Wbem;C:\Windows\System32\WindowsPowerShell\v1.0\;C:\Users\lhq\AppData\Local\Android\sdk\platform-tools;C:\Users\lhq\AppData\Local\Android\sdk\tools;C:\Program Files\Java\jdk1.8.0_91\bin;C:\Program Files\Java\jdk1.8.0_91\jre\bin
USERNAME=lhq
OS=Windows_NT
PROCESSOR_IDENTIFIER=Intel64 Family 6 Model 69 Stepping 1, GenuineIntel



---------------  S Y S T E M  ---------------

OS: Windows 10.0 , 64 bit Build 10586 (10.0.10586.0)

CPU:total 4 (2 cores per cpu, 2 threads per core) family 6 model 69 stepping 1, cmov, cx8, fxsr, mmx, sse, sse2, sse3, ssse3, sse4.1, sse4.2, popcnt, avx, avx2, aes, clmul, erms, lzcnt, ht, tsc, tscinvbit, bmi1, bmi2

Memory: 4k page, physical 8067548k(1169472k free), swap 8067548k(5136k free)

vm_info: OpenJDK 64-Bit Server VM (25.76-b01) for windows-amd64 JRE (1.8.0_76-release-b01), built on May 12 2016 23:29:00 by "ralucas" with MS VC++ 10.0 (VS2010)

time: Fri Jul 15 16:50:17 2016
elapsed time: 1 seconds (0d 0h 0m 1s)

