#
# There is insufficient memory for the Java Runtime Environment to continue.
# Native memory allocation (malloc) failed to allocate 266576 bytes for Chunk::new
# Possible reasons:
#   The system is out of physical RAM or swap space
#   In 32 bit mode, the process size limit was hit
# Possible solutions:
#   Reduce memory load on the system
#   Increase physical memory or swap space
#   Check if swap backing store is full
#   Use 64 bit Java on a 64 bit OS
#   Decrease Java heap size (-Xmx/-Xms)
#   Decrease number of Java threads
#   Decrease Java thread stack sizes (-Xss)
#   Set larger code cache with -XX:ReservedCodeCacheSize=
# This output file may be truncated or incomplete.
#
#  Out of Memory Error (allocation.cpp:390), pid=170244, tid=0x000000000002985c
#
# JRE version: OpenJDK Runtime Environment (8.0_76-b01) (build 1.8.0_76-release-b01)
# Java VM: OpenJDK 64-Bit Server VM (25.76-b01 mixed mode windows-amd64 compressed oops)
# Failed to write core dump. Minidumps are not enabled by default on client versions of Windows
#

---------------  T H R E A D  ---------------

Current thread (0x0000000014c6d800):  JavaThread "C2 CompilerThread0" daemon [_thread_in_native, id=170076, stack(0x0000000016210000,0x0000000016310000)]

Stack: [0x0000000016210000,0x0000000016310000]
[error occurred during error reporting (printing stack bounds), id 0xc0000005]

Native frames: (J=compiled Java code, j=interpreted, Vv=VM code, C=native code)


Current CompileTask:
C2:   2042 1148       4       com.android.dx.ssa.SCCP::simulatePhi (169 bytes)


---------------  P R O C E S S  ---------------

Java Threads: ( => current thread )
  0x0000000016576800 JavaThread "pool-1-thread-4" [_thread_blocked, id=170488, stack(0x0000000016f10000,0x0000000017010000)]
  0x0000000016519800 JavaThread "pool-1-thread-3" [_thread_blocked, id=170820, stack(0x0000000016e10000,0x0000000016f10000)]
  0x00000000164c8800 JavaThread "pool-1-thread-2" [_thread_blocked, id=169992, stack(0x0000000016d10000,0x0000000016e10000)]
  0x00000000164c5800 JavaThread "pool-2-thread-1" [_thread_blocked, id=170792, stack(0x0000000016c10000,0x0000000016d10000)]
  0x00000000164c2800 JavaThread "pool-1-thread-1" [_thread_blocked, id=170688, stack(0x0000000016b10000,0x0000000016c10000)]
  0x000000001636f800 JavaThread "Service Thread" daemon [_thread_blocked, id=170128, stack(0x0000000016910000,0x0000000016a10000)]
  0x0000000016369000 JavaThread "C1 CompilerThread2" daemon [_thread_in_vm, id=170764, stack(0x0000000016810000,0x0000000016910000)]
  0x0000000016366800 JavaThread "C2 CompilerThread1" daemon [_thread_blocked, id=170248, stack(0x0000000016710000,0x0000000016810000)]
=>0x0000000014c6d800 JavaThread "C2 CompilerThread0" daemon [_thread_in_native, id=170076, stack(0x0000000016210000,0x0000000016310000)]
  0x0000000014c6c000 JavaThread "Attach Listener" daemon [_thread_blocked, id=170520, stack(0x0000000016110000,0x0000000016210000)]
  0x0000000014c6b000 JavaThread "Signal Dispatcher" daemon [_thread_blocked, id=170500, stack(0x0000000016010000,0x0000000016110000)]
  0x0000000014c48000 JavaThread "Finalizer" daemon [_thread_blocked, id=168932, stack(0x0000000015eb0000,0x0000000015fb0000)]
  0x0000000002580000 JavaThread "Reference Handler" daemon [_thread_blocked, id=169120, stack(0x0000000015db0000,0x0000000015eb0000)]
  0x0000000002490800 JavaThread "main" [_thread_in_vm, id=169256, stack(0x0000000002350000,0x0000000002450000)]

Other Threads:
  0x0000000014c25800 VMThread [stack: 0x0000000015cb0000,0x0000000015db0000] [id=167212]
  0x0000000016373000 WatcherThread [stack: 0x0000000016a10000,0x0000000016b10000] [id=170156]

VM state:not at safepoint (normal execution)

VM Mutex/Monitor currently owned by a thread:  ([mutex/lock_event])
[0x000000000248b8f0] Patching_lock - owner thread: 0x0000000002490800
[0x000000000248e1d0] CompiledIC_lock - owner thread: 0x0000000002490800
[0x000000000248d950] Compile_lock - owner thread: 0x0000000016369000
[0x000000000248d350] MethodCompileQueue_lock - owner thread: 0x0000000016369000

Heap:
 PSYoungGen      total 36864K, used 13321K [0x00000000eab00000, 0x00000000ed400000, 0x0000000100000000)
  eden space 31744K, 25% used [0x00000000eab00000,0x00000000eb306b50,0x00000000eca00000)
  from space 5120K, 99% used [0x00000000eca00000,0x00000000ecefbba0,0x00000000ecf00000)
  to   space 5120K, 0% used [0x00000000ecf00000,0x00000000ecf00000,0x00000000ed400000)
 ParOldGen       total 84992K, used 1105K [0x00000000c0000000, 0x00000000c5300000, 0x00000000eab00000)
  object space 84992K, 1% used [0x00000000c0000000,0x00000000c01147c0,0x00000000c5300000)
 Metaspace       used 5982K, capacity 6960K, committed 7040K, reserved 1056768K
  class space    used 576K, capacity 616K, committed 640K, reserved 1048576K

Card table byte_map: [0x0000000011950000,0x0000000011b60000] byte_map_base: 0x0000000011350000

Marking Bits: (ParMarkBitMap*) 0x000000005f499d00
 Begin Bits: [0x00000000120c0000, 0x00000000130c0000)
 End Bits:   [0x00000000130c0000, 0x00000000140c0000)

Polling page: 0x0000000000520000

CodeCache: size=245760Kb used=4967Kb max_used=4967Kb free=240792Kb
 bounds [0x0000000002590000, 0x0000000002a70000, 0x0000000011590000]
 total_blobs=1489 nmethods=1219 adapters=184
 compilation: enabled

Compilation events (10 events):
Event: 1.898 Thread 0x0000000016369000 nmethod 1218 0x0000000002a6bb90 code [0x0000000002a6bd00, 0x0000000002a6bf18]
Event: 1.898 Thread 0x0000000016369000 1219       3       com.android.dx.cf.code.OneLocalsArray::merge (22 bytes)
Event: 1.898 Thread 0x0000000016369000 nmethod 1219 0x0000000002a6bfd0 code [0x0000000002a6c1a0, 0x0000000002a6c8d8]
Event: 1.898 Thread 0x0000000016369000 1220   !   3       com.android.dx.cf.code.OneLocalsArray::merge (31 bytes)
Event: 1.899 Thread 0x0000000016369000 nmethod 1220 0x0000000002a6cb10 code [0x0000000002a6ccc0, 0x0000000002a6d088]
Event: 1.899 Thread 0x0000000016369000 1222       3       com.android.dx.util.LabeledList::<init> (18 bytes)
Event: 1.899 Thread 0x0000000016369000 nmethod 1222 0x0000000002a6d210 code [0x0000000002a6d380, 0x0000000002a6d5d8]
Event: 1.899 Thread 0x0000000016369000 1213       3       com.android.dx.ssa.ConstCollector$2::map (28 bytes)
Event: 1.899 Thread 0x0000000016369000 nmethod 1213 0x0000000002a6d6d0 code [0x0000000002a6d840, 0x0000000002a6dc68]
Event: 1.921 Thread 0x0000000016369000 1242       1       com.android.dx.rop.code.Insn$BaseVisitor::visitThrowingCstInsn (1 bytes)

GC Heap History (2 events):
Event: 1.804 GC heap before
{Heap before GC invocations=1 (full 0):
 PSYoungGen      total 36864K, used 31744K [0x00000000eab00000, 0x00000000ed400000, 0x0000000100000000)
  eden space 31744K, 100% used [0x00000000eab00000,0x00000000eca00000,0x00000000eca00000)
  from space 5120K, 0% used [0x00000000ecf00000,0x00000000ecf00000,0x00000000ed400000)
  to   space 5120K, 0% used [0x00000000eca00000,0x00000000eca00000,0x00000000ecf00000)
 ParOldGen       total 84992K, used 0K [0x00000000c0000000, 0x00000000c5300000, 0x00000000eab00000)
  object space 84992K, 0% used [0x00000000c0000000,0x00000000c0000000,0x00000000c5300000)
 Metaspace       used 5897K, capacity 6832K, committed 7040K, reserved 1056768K
  class space    used 575K, capacity 616K, committed 640K, reserved 1048576K
Event: 1.819 GC heap after
Heap after GC invocations=1 (full 0):
 PSYoungGen      total 36864K, used 5102K [0x00000000eab00000, 0x00000000ed400000, 0x0000000100000000)
  eden space 31744K, 0% used [0x00000000eab00000,0x00000000eab00000,0x00000000eca00000)
  from space 5120K, 99% used [0x00000000eca00000,0x00000000ecefbba0,0x00000000ecf00000)
  to   space 5120K, 0% used [0x00000000ecf00000,0x00000000ecf00000,0x00000000ed400000)
 ParOldGen       total 84992K, used 1105K [0x00000000c0000000, 0x00000000c5300000, 0x00000000eab00000)
  object space 84992K, 1% used [0x00000000c0000000,0x00000000c01147c0,0x00000000c5300000)
 Metaspace       used 5897K, capacity 6832K, committed 7040K, reserved 1056768K
  class space    used 575K, capacity 616K, committed 640K, reserved 1048576K
}

Deoptimization events (10 events):
Event: 0.865 Thread 0x0000000016576800 Uncommon trap: reason=class_check action=maybe_recompile pc=0x00000000027dacf0 method=com.android.dx.ssa.NormalSsaInsn.accept(Lcom/android/dx/ssa/SsaInsn$Visitor;)V @ 9
Event: 0.865 Thread 0x0000000016576800 Uncommon trap: reason=class_check action=maybe_recompile pc=0x00000000027dacf0 method=com.android.dx.ssa.NormalSsaInsn.accept(Lcom/android/dx/ssa/SsaInsn$Visitor;)V @ 9
Event: 0.869 Thread 0x00000000164c8800 Uncommon trap: reason=class_check action=maybe_recompile pc=0x00000000027dacf0 method=com.android.dx.ssa.NormalSsaInsn.accept(Lcom/android/dx/ssa/SsaInsn$Visitor;)V @ 9
Event: 0.870 Thread 0x00000000164c8800 Uncommon trap: reason=class_check action=maybe_recompile pc=0x00000000027dacf0 method=com.android.dx.ssa.NormalSsaInsn.accept(Lcom/android/dx/ssa/SsaInsn$Visitor;)V @ 9
Event: 0.991 Thread 0x0000000016519800 Uncommon trap: reason=null_check action=make_not_entrant pc=0x00000000028c384c method=com.android.dx.ssa.SsaRenamer.getLocalForNewReg(I)Lcom/android/dx/rop/code/LocalItem; @ 19
Event: 1.054 Thread 0x0000000002490800 Uncommon trap: reason=null_check action=make_not_entrant pc=0x00000000028ef4d4 method=com.android.dx.ssa.SsaRenamer.getLocalForNewReg(I)Lcom/android/dx/rop/code/LocalItem; @ 19
Event: 1.824 Thread 0x0000000016519800 Uncommon trap: reason=class_check action=maybe_recompile pc=0x00000000029f38f8 method=com.android.dx.ssa.SCCP.setLatticeValueTo(IILcom/android/dx/rop/cst/Constant;)Z @ 43
Event: 1.824 Thread 0x0000000016519800 Uncommon trap: reason=class_check action=maybe_recompile pc=0x00000000029f38f8 method=com.android.dx.ssa.SCCP.setLatticeValueTo(IILcom/android/dx/rop/cst/Constant;)Z @ 43
Event: 1.824 Thread 0x0000000016519800 Uncommon trap: reason=class_check action=maybe_recompile pc=0x00000000029f38f8 method=com.android.dx.ssa.SCCP.setLatticeValueTo(IILcom/android/dx/rop/cst/Constant;)Z @ 43
Event: 1.824 Thread 0x0000000016519800 Uncommon trap: reason=class_check action=maybe_recompile pc=0x00000000029f38f8 method=com.android.dx.ssa.SCCP.setLatticeValueTo(IILcom/android/dx/rop/cst/Constant;)Z @ 43

Internal exceptions (4 events):
Event: 0.119 Thread 0x0000000002490800 Exception <a 'java/lang/NoSuchMethodError': Method sun.misc.Unsafe.defineClass(Ljava/lang/String;[BII)Ljava/lang/Class; name or signature does not match> (0x00000000eab07cc0) thrown at [C:\src\android\AOSP-openjdk\external\jetbrains\jdk\hotspot\src\share\vSzì3hs¾?
Event: 0.119 Thread 0x0000000002490800 Exception <a 'java/lang/NoSuchMethodError': Method sun.misc.Unsafe.prefetchRead(Ljava/lang/Object;J)V name or signature does not match> (0x00000000eab07fa8) thrown at [C:\src\android\AOSP-openjdk\external\jetbrains\jdk\hotspot\src\share\vm\prims\jni.cpp, lã%bÍÚµï?
Event: 0.991 Thread 0x0000000016519800 Implicit null exception at 0x00000000028c1526 to 0x00000000028c3829
Event: 1.054 Thread 0x0000000002490800 Implicit null exception at 0x00000000028ecdcf to 0x00000000028ef48d

Events (10 events):
Event: 1.824 Thread 0x0000000016519800 DEOPT UNPACKING pc=0x00000000025d556a sp=0x0000000016f0e9f8 mode 2
Event: 1.824 Thread 0x0000000016519800 Uncommon trap: trap_request=0xffffffde fr.pc=0x00000000029f38f8
Event: 1.824 Thread 0x0000000016519800 DEOPT PACKING pc=0x00000000029f38f8 sp=0x0000000016f0eab0
Event: 1.824 Thread 0x0000000016519800 DEOPT UNPACKING pc=0x00000000025d556a sp=0x0000000016f0e9f8 mode 2
Event: 1.894 Thread 0x00000000164c8800 DEOPT PACKING pc=0x000000000290f8a5 sp=0x0000000016e0ec50
Event: 1.894 Thread 0x00000000164c8800 DEOPT UNPACKING pc=0x00000000025d75bf sp=0x0000000016e0ea30 mode 0
Event: 1.900 loading class com/android/dx/cf/attrib/AttExceptions
Event: 1.900 loading class com/android/dx/cf/attrib/AttExceptions done
Event: 1.909 Thread 0x0000000002490800 DEOPT PACKING pc=0x000000000290f8a5 sp=0x000000000244e1e0
Event: 1.909 Thread 0x0000000002490800 DEOPT UNPACKING pc=0x00000000025d75bf sp=0x000000000244dfc0 mode 0


Dynamic libraries:
0x00007ff75f820000 - 0x00007ff75f855000 	E:\Android\android-studio-ide-145.2915834-windows\jre\bin\java.exe
0x00007ffecf410000 - 0x00007ffecf5d1000 	C:\Windows\SYSTEM32\ntdll.dll
0x00007ffecef70000 - 0x00007ffecf01d000 	C:\Windows\system32\KERNEL32.DLL
0x00007ffecc330000 - 0x00007ffecc518000 	C:\Windows\system32\KERNELBASE.dll
0x00007ffecc9e0000 - 0x00007ffecca87000 	C:\Windows\system32\ADVAPI32.dll
0x00007ffece4c0000 - 0x00007ffece55d000 	C:\Windows\system32\msvcrt.dll
0x00007ffeccd10000 - 0x00007ffeccd6b000 	C:\Windows\system32\sechost.dll
0x00007ffece730000 - 0x00007ffece84c000 	C:\Windows\system32\RPCRT4.dll
0x00007ffece920000 - 0x00007ffecea76000 	C:\Windows\system32\USER32.dll
0x00007ffeccd90000 - 0x00007ffeccf16000 	C:\Windows\system32\GDI32.dll
0x00007ffebe600000 - 0x00007ffebe874000 	C:\Windows\WinSxS\amd64_microsoft.windows.common-controls_6595b64144ccf1df_6.0.10586.0_none_8c15ae12515e1c22\COMCTL32.dll
0x00007ffecca90000 - 0x00007ffeccd0d000 	C:\Windows\system32\combase.dll
0x00007ffecc520000 - 0x00007ffecc58a000 	C:\Windows\system32\bcryptPrimitives.dll
0x00007ffeccf20000 - 0x00007ffeccf5b000 	C:\Windows\system32\IMM32.DLL
0x000000005fdc0000 - 0x000000005fe92000 	E:\Android\android-studio-ide-145.2915834-windows\jre\jre\bin\msvcr100.dll
0x000000005ece0000 - 0x000000005f514000 	E:\Android\android-studio-ide-145.2915834-windows\jre\jre\bin\server\jvm.dll
0x00007ffecf1d0000 - 0x00007ffecf1d8000 	C:\Windows\system32\PSAPI.DLL
0x00007ffeca010000 - 0x00007ffeca019000 	C:\Windows\SYSTEM32\WSOCK32.dll
0x00007ffece560000 - 0x00007ffece5cb000 	C:\Windows\system32\WS2_32.dll
0x00007ffec9d40000 - 0x00007ffec9d63000 	C:\Windows\SYSTEM32\WINMM.dll
0x00007ffec1700000 - 0x00007ffec170a000 	C:\Windows\SYSTEM32\VERSION.dll
0x00007ffec9bf0000 - 0x00007ffec9c1c000 	C:\Windows\SYSTEM32\WINMMBASE.dll
0x00007ffecbbd0000 - 0x00007ffecbc13000 	C:\Windows\system32\cfgmgr32.dll
0x00007ffeca000000 - 0x00007ffeca00f000 	E:\Android\android-studio-ide-145.2915834-windows\jre\jre\bin\verify.dll
0x00007ffec8e10000 - 0x00007ffec8e39000 	E:\Android\android-studio-ide-145.2915834-windows\jre\jre\bin\java.dll
0x00007ffec91d0000 - 0x00007ffec91e6000 	E:\Android\android-studio-ide-145.2915834-windows\jre\jre\bin\zip.dll
0x00007ffeccf60000 - 0x00007ffece4bc000 	C:\Windows\system32\SHELL32.dll
0x00007ffecbce0000 - 0x00007ffecc325000 	C:\Windows\system32\windows.storage.dll
0x00007ffecea80000 - 0x00007ffecead2000 	C:\Windows\system32\shlwapi.dll
0x00007ffecba90000 - 0x00007ffecba9f000 	C:\Windows\system32\kernel.appcore.dll
0x00007ffecbc20000 - 0x00007ffecbcd5000 	C:\Windows\system32\shcore.dll
0x00007ffecba30000 - 0x00007ffecba7b000 	C:\Windows\system32\powrprof.dll
0x00007ffecbaa0000 - 0x00007ffecbab4000 	C:\Windows\system32\profapi.dll

VM Arguments:
jvm_args: -Djava.awt.headless=true -Xmx1024M -Dfile.encoding=GBK -Duser.country=CN -Duser.language=zh -Duser.variant 
java_command: com.android.dx.command.Main --dex --num-threads=4 --output E:\Teapopo\app\build\intermediates\pre-dexed\debug\cn.finalteam-toolsfinal-1.1.4_aa7609450ab9be2f736e20b2c081fd43026f0959.jar E:\Teapopo\app\build\intermediates\exploded-aar\cn.finalteam\toolsfinal\1.1.4\jars\classes.jar
java_class_path (initial): C:\Users\lhq\AppData\Local\Android\sdk\build-tools\23.0.3\lib\dx.jar
Launcher Type: SUN_STANDARD

Environment Variables:
JAVA_HOME=C:\Program Files\Java\jdk1.8.0_91
PATH=C:\ProgramData\Oracle\Java\javapath;C:\Windows\system32;C:\Windows;C:\Windows\System32\Wbem;C:\Windows\System32\WindowsPowerShell\v1.0\;C:\Users\lhq\AppData\Local\Android\sdk\platform-tools;C:\Users\lhq\AppData\Local\Android\sdk\tools;C:\Program Files\Java\jdk1.8.0_91\bin;C:\Program Files\Java\jdk1.8.0_91\jre\bin
USERNAME=lhq
OS=Windows_NT
PROCESSOR_IDENTIFIER=Intel64 Family 6 Model 69 Stepping 1, GenuineIntel



---------------  S Y S T E M  ---------------

OS: Windows 10.0 , 64 bit Build 10586 (10.0.10586.0)

CPU:total 4 (2 cores per cpu, 2 threads per core) family 6 model 69 stepping 1, cmov, cx8, fxsr, mmx, sse, sse2, sse3, ssse3, sse4.1, sse4.2, popcnt, avx, avx2, aes, clmul, erms, lzcnt, ht, tsc, tscinvbit, bmi1, bmi2

Memory: 4k page, physical 8067548k(1201112k free), swap 8067548k(4096k free)

vm_info: OpenJDK 64-Bit Server VM (25.76-b01) for windows-amd64 JRE (1.8.0_76-release-b01), built on May 12 2016 23:29:00 by "ralucas" with MS VC++ 10.0 (VS2010)

time: Fri Jul 08 14:39:26 2016
elapsed time: 2 seconds (0d 0h 0m 2s)

