#
# There is insufficient memory for the Java Runtime Environment to continue.
# Native memory allocation (malloc) failed to allocate 324336 bytes for Chunk::new
# Possible reasons:
#   The system is out of physical RAM or swap space
#   In 32 bit mode, the process size limit was hit
# Possible solutions:
#   Reduce memory load on the system
#   Increase physical memory or swap space
#   Check if swap backing store is full
#   Use 64 bit Java on a 64 bit OS
#   Decrease Java heap size (-Xmx/-Xms)
#   Decrease number of Java threads
#   Decrease Java thread stack sizes (-Xss)
#   Set larger code cache with -XX:ReservedCodeCacheSize=
# This output file may be truncated or incomplete.
#
#  Out of Memory Error (allocation.cpp:390), pid=32012, tid=0x00000000000081b8
#
# JRE version: OpenJDK Runtime Environment (8.0_76-b01) (build 1.8.0_76-release-b01)
# Java VM: OpenJDK 64-Bit Server VM (25.76-b01 mixed mode windows-amd64 compressed oops)
# Failed to write core dump. Minidumps are not enabled by default on client versions of Windows
#

---------------  T H R E A D  ---------------

Current thread (0x0000000014c7d000):  JavaThread "C2 CompilerThread0" daemon [_thread_in_native, id=33208, stack(0x00000000161d0000,0x00000000162d0000)]

Stack: [0x00000000161d0000,0x00000000162d0000]
[error occurred during error reporting (printing stack bounds), id 0xc0000005]

Native frames: (J=compiled Java code, j=interpreted, Vv=VM code, C=native code)


Current CompileTask:
C2:   1150  601       4       com.android.dx.ssa.SsaBasicBlock::forEachInsn (37 bytes)


---------------  P R O C E S S  ---------------

Java Threads: ( => current thread )
  0x0000000016651800 JavaThread "pool-1-thread-3" [_thread_in_Java, id=33776, stack(0x0000000016dd0000,0x0000000016ed0000)]
  0x0000000016651000 JavaThread "pool-1-thread-2" [_thread_in_Java, id=29096, stack(0x0000000016cd0000,0x0000000016dd0000)]
  0x000000001663f000 JavaThread "pool-2-thread-1" [_thread_blocked, id=33384, stack(0x0000000016bd0000,0x0000000016cd0000)]
  0x0000000016583000 JavaThread "pool-1-thread-1" [_thread_in_Java, id=29672, stack(0x0000000016ad0000,0x0000000016bd0000)]
  0x0000000016443800 JavaThread "Service Thread" daemon [_thread_blocked, id=33736, stack(0x00000000168d0000,0x00000000169d0000)]
  0x000000001641d000 JavaThread "C1 CompilerThread2" daemon [_thread_in_vm, id=33336, stack(0x00000000167d0000,0x00000000168d0000)]
  0x0000000014ccb000 JavaThread "C2 CompilerThread1" daemon [_thread_blocked, id=32092, stack(0x00000000162d0000,0x00000000163d0000)]
=>0x0000000014c7d000 JavaThread "C2 CompilerThread0" daemon [_thread_in_native, id=33208, stack(0x00000000161d0000,0x00000000162d0000)]
  0x0000000014c7b800 JavaThread "Attach Listener" daemon [_thread_blocked, id=33392, stack(0x00000000160d0000,0x00000000161d0000)]
  0x0000000014c67800 JavaThread "Signal Dispatcher" daemon [_thread_blocked, id=33304, stack(0x0000000015fd0000,0x00000000160d0000)]
  0x0000000014c58000 JavaThread "Finalizer" daemon [_thread_blocked, id=30056, stack(0x0000000015ed0000,0x0000000015fd0000)]
  0x0000000002590000 JavaThread "Reference Handler" daemon [_thread_blocked, id=32888, stack(0x0000000015dd0000,0x0000000015ed0000)]
  0x00000000024a0800 JavaThread "main" [_thread_blocked, id=33528, stack(0x0000000001eb0000,0x0000000001fb0000)]

Other Threads:
  0x0000000014c35800 VMThread [stack: 0x0000000015cd0000,0x0000000015dd0000] [id=33632]
  0x0000000016438800 WatcherThread [stack: 0x00000000169d0000,0x0000000016ad0000] [id=30048]

VM state:not at safepoint (normal execution)

VM Mutex/Monitor currently owned by a thread: None

Heap:
 PSYoungGen      total 36864K, used 14859K [0x00000000eab00000, 0x00000000ed400000, 0x0000000100000000)
  eden space 31744K, 46% used [0x00000000eab00000,0x00000000eb982fe0,0x00000000eca00000)
  from space 5120K, 0% used [0x00000000ecf00000,0x00000000ecf00000,0x00000000ed400000)
  to   space 5120K, 0% used [0x00000000eca00000,0x00000000eca00000,0x00000000ecf00000)
 ParOldGen       total 84992K, used 0K [0x00000000c0000000, 0x00000000c5300000, 0x00000000eab00000)
  object space 84992K, 0% used [0x00000000c0000000,0x00000000c0000000,0x00000000c5300000)
 Metaspace       used 5634K, capacity 6640K, committed 6784K, reserved 1056768K
  class space    used 574K, capacity 616K, committed 640K, reserved 1048576K

Card table byte_map: [0x0000000011960000,0x0000000011b70000] byte_map_base: 0x0000000011360000

Marking Bits: (ParMarkBitMap*) 0x0000000076459d00
 Begin Bits: [0x00000000120d0000, 0x00000000130d0000)
 End Bits:   [0x00000000130d0000, 0x00000000140d0000)

Polling page: 0x0000000000450000

CodeCache: size=245760Kb used=2553Kb max_used=2565Kb free=243206Kb
 bounds [0x00000000025a0000, 0x0000000002830000, 0x00000000115a0000]
 total_blobs=918 nmethods=648 adapters=184
 compilation: enabled

Compilation events (10 events):
Event: 1.140 Thread 0x000000001641d000 nmethod 653 0x0000000002811f90 code [0x0000000002812160, 0x0000000002812758]
Event: 1.140 Thread 0x000000001641d000  660       3       com.android.dx.cf.code.RopperMachine::getSources (264 bytes)
Event: 1.141 Thread 0x0000000014ccb000 nmethod 647 0x0000000002811b50 code [0x0000000002811ca0, 0x0000000002811e78]
Event: 1.144 Thread 0x000000001641d000 nmethod 660 0x0000000002817dd0 code [0x00000000028183e0, 0x000000000281cd78]
Event: 1.144 Thread 0x000000001641d000  661       3       com.android.dx.cf.code.RopperMachine::jopToRopOpcode (1103 bytes)
Event: 1.144 Thread 0x0000000014ccb000  665       4       com.android.dx.util.LabeledList::indexOfLabel (22 bytes)
Event: 1.145 Thread 0x0000000014ccb000 nmethod 665 0x0000000002806e90 code [0x0000000002806fe0, 0x0000000002807098]
Event: 1.146 Thread 0x000000001641d000 nmethod 661 0x0000000002820390 code [0x00000000028206a0, 0x0000000002822918]
Event: 1.146 Thread 0x0000000014ccb000  667       4       java.util.BitSet::<init> (56 bytes)
Event: 1.146 Thread 0x000000001641d000  666   !   3       com.android.dx.cf.code.RopperMachine::run (1550 bytes)

GC Heap History (0 events):
No events

Deoptimization events (8 events):
Event: 0.831 Thread 0x00000000024a0800 Uncommon trap: reason=unstable_if action=reinterpret pc=0x00000000026d93d4 method=java.lang.String.indexOf(II)I @ 49
Event: 1.057 Thread 0x0000000016583000 Uncommon trap: reason=unstable_if action=reinterpret pc=0x0000000002779ec4 method=java.util.HashMap.getNode(ILjava/lang/Object;)Ljava/util/HashMap$Node; @ 62
Event: 1.095 Thread 0x0000000016583000 Uncommon trap: reason=unstable_if action=reinterpret pc=0x0000000002781c70 method=java.util.BitSet.nextSetBit(I)I @ 87
Event: 1.095 Thread 0x0000000016651800 Uncommon trap: reason=unstable_if action=reinterpret pc=0x000000000279ec74 method=java.util.BitSet.ensureCapacity(I)V @ 6
Event: 1.134 Thread 0x0000000016583000 Uncommon trap: reason=class_check action=maybe_recompile pc=0x00000000027a4cb0 method=com.android.dx.ssa.NormalSsaInsn.accept(Lcom/android/dx/ssa/SsaInsn$Visitor;)V @ 9
Event: 1.134 Thread 0x0000000016583000 Uncommon trap: reason=class_check action=maybe_recompile pc=0x00000000027a4cb0 method=com.android.dx.ssa.NormalSsaInsn.accept(Lcom/android/dx/ssa/SsaInsn$Visitor;)V @ 9
Event: 1.134 Thread 0x0000000016583000 Uncommon trap: reason=class_check action=maybe_recompile pc=0x00000000027a4cb0 method=com.android.dx.ssa.NormalSsaInsn.accept(Lcom/android/dx/ssa/SsaInsn$Visitor;)V @ 9
Event: 1.135 Thread 0x0000000016583000 Uncommon trap: reason=class_check action=maybe_recompile pc=0x00000000027a4cb0 method=com.android.dx.ssa.NormalSsaInsn.accept(Lcom/android/dx/ssa/SsaInsn$Visitor;)V @ 9

Internal exceptions (2 events):
Event: 0.398 Thread 0x00000000024a0800 Exception <a 'java/lang/NoSuchMethodError': Method sun.misc.Unsafe.defineClass(Ljava/lang/String;[BII)Ljava/lang/Class; name or signature does not match> (0x00000000eab07cc0) thrown at [C:\src\android\AOSP-openjdk\external\jetbrains\jdk\hotspot\src\share\v%@™øuÙ?
Event: 0.398 Thread 0x00000000024a0800 Exception <a 'java/lang/NoSuchMethodError': Method sun.misc.Unsafe.prefetchRead(Ljava/lang/Object;J)V name or signature does not match> (0x00000000eab07fa8) thrown at [C:\src\android\AOSP-openjdk\external\jetbrains\jdk\hotspot\src\share\vm\prims\jni.cpp, l

Events (10 events):
Event: 1.134 Thread 0x0000000016583000 DEOPT UNPACKING pc=0x00000000025e556a sp=0x0000000016bce4f0 mode 2
Event: 1.134 Thread 0x0000000016583000 Uncommon trap: trap_request=0xffffffde fr.pc=0x00000000027a4cb0
Event: 1.134 Thread 0x0000000016583000 DEOPT PACKING pc=0x00000000027a4cb0 sp=0x0000000016bce560
Event: 1.134 Thread 0x0000000016583000 DEOPT UNPACKING pc=0x00000000025e556a sp=0x0000000016bce4f0 mode 2
Event: 1.134 Thread 0x0000000016583000 Uncommon trap: trap_request=0xffffffde fr.pc=0x00000000027a4cb0
Event: 1.134 Thread 0x0000000016583000 DEOPT PACKING pc=0x00000000027a4cb0 sp=0x0000000016bce560
Event: 1.134 Thread 0x0000000016583000 DEOPT UNPACKING pc=0x00000000025e556a sp=0x0000000016bce4f0 mode 2
Event: 1.135 Thread 0x0000000016583000 Uncommon trap: trap_request=0xffffffde fr.pc=0x00000000027a4cb0
Event: 1.135 Thread 0x0000000016583000 DEOPT PACKING pc=0x00000000027a4cb0 sp=0x0000000016bce7e0
Event: 1.135 Thread 0x0000000016583000 DEOPT UNPACKING pc=0x00000000025e556a sp=0x0000000016bce770 mode 2


Dynamic libraries:
0x00007ff6beda0000 - 0x00007ff6bedd5000 	E:\Android\android-studio-ide-145.2915834-windows\jre\bin\java.exe
0x00007ffc71010000 - 0x00007ffc711d1000 	C:\Windows\SYSTEM32\ntdll.dll
0x00007ffc70e50000 - 0x00007ffc70efd000 	C:\Windows\system32\KERNEL32.DLL
0x00007ffc6da90000 - 0x00007ffc6dc78000 	C:\Windows\system32\KERNELBASE.dll
0x00007ffc6eb70000 - 0x00007ffc6ec17000 	C:\Windows\system32\ADVAPI32.dll
0x00007ffc70f00000 - 0x00007ffc70f9d000 	C:\Windows\system32\msvcrt.dll
0x00007ffc6eb10000 - 0x00007ffc6eb6b000 	C:\Windows\system32\sechost.dll
0x00007ffc6ec80000 - 0x00007ffc6ed9c000 	C:\Windows\system32\RPCRT4.dll
0x00007ffc6f0f0000 - 0x00007ffc6f246000 	C:\Windows\system32\USER32.dll
0x00007ffc70960000 - 0x00007ffc70ae6000 	C:\Windows\system32\GDI32.dll
0x00007ffc5ff30000 - 0x00007ffc601a4000 	C:\Windows\WinSxS\amd64_microsoft.windows.common-controls_6595b64144ccf1df_6.0.10586.0_none_8c15ae12515e1c22\COMCTL32.dll
0x00007ffc6eda0000 - 0x00007ffc6f01d000 	C:\Windows\system32\combase.dll
0x00007ffc6d9a0000 - 0x00007ffc6da0a000 	C:\Windows\system32\bcryptPrimitives.dll
0x00007ffc6ec20000 - 0x00007ffc6ec5b000 	C:\Windows\system32\IMM32.DLL
0x0000000075bc0000 - 0x0000000075c92000 	E:\Android\android-studio-ide-145.2915834-windows\jre\jre\bin\msvcr100.dll
0x0000000075ca0000 - 0x00000000764d4000 	E:\Android\android-studio-ide-145.2915834-windows\jre\jre\bin\server\jvm.dll
0x00007ffc70c70000 - 0x00007ffc70c78000 	C:\Windows\system32\PSAPI.DLL
0x00007ffc6bbe0000 - 0x00007ffc6bbe9000 	C:\Windows\SYSTEM32\WSOCK32.dll
0x00007ffc70af0000 - 0x00007ffc70b5b000 	C:\Windows\system32\WS2_32.dll
0x00007ffc6b5f0000 - 0x00007ffc6b613000 	C:\Windows\SYSTEM32\WINMM.dll
0x00007ffc62e40000 - 0x00007ffc62e4a000 	C:\Windows\SYSTEM32\VERSION.dll
0x00007ffc6b590000 - 0x00007ffc6b5bc000 	C:\Windows\SYSTEM32\WINMMBASE.dll
0x00007ffc6d780000 - 0x00007ffc6d7c3000 	C:\Windows\system32\cfgmgr32.dll
0x00007ffc6bbd0000 - 0x00007ffc6bbdf000 	E:\Android\android-studio-ide-145.2915834-windows\jre\jre\bin\verify.dll
0x00007ffc68150000 - 0x00007ffc68179000 	E:\Android\android-studio-ide-145.2915834-windows\jre\jre\bin\java.dll
0x00007ffc6ad40000 - 0x00007ffc6ad56000 	E:\Android\android-studio-ide-145.2915834-windows\jre\jre\bin\zip.dll
0x00007ffc6f400000 - 0x00007ffc7095c000 	C:\Windows\system32\SHELL32.dll
0x00007ffc6ddc0000 - 0x00007ffc6e405000 	C:\Windows\system32\windows.storage.dll
0x00007ffc70c80000 - 0x00007ffc70cd2000 	C:\Windows\system32\shlwapi.dll
0x00007ffc6d660000 - 0x00007ffc6d66f000 	C:\Windows\system32\kernel.appcore.dll
0x00007ffc6d6c0000 - 0x00007ffc6d775000 	C:\Windows\system32\shcore.dll
0x00007ffc6d670000 - 0x00007ffc6d6bb000 	C:\Windows\system32\powrprof.dll
0x00007ffc6d630000 - 0x00007ffc6d644000 	C:\Windows\system32\profapi.dll

VM Arguments:
jvm_args: -Djava.awt.headless=true -Xmx1024M -Dfile.encoding=GBK -Duser.country=CN -Duser.language=zh -Duser.variant 
java_command: com.android.dx.command.Main --dex --num-threads=4 --output E:\Teapopo\app\build\intermediates\pre-dexed\debug\ShareSDK-KakaoStory-2.7.1_71abfd92b5ce1bf07ffa02a2b04a9a12c86b9564.jar E:\Teapopo\app\libs\ShareSDK-KakaoStory-2.7.1.jar
java_class_path (initial): C:\Users\lhq\AppData\Local\Android\sdk\build-tools\23.0.3\lib\dx.jar
Launcher Type: SUN_STANDARD

Environment Variables:
JAVA_HOME=C:\Program Files\Java\jdk1.8.0_91
PATH=C:\ProgramData\Oracle\Java\javapath;C:\Windows\system32;C:\Windows;C:\Windows\System32\Wbem;C:\Windows\System32\WindowsPowerShell\v1.0\;C:\Users\lhq\AppData\Local\Android\sdk\platform-tools;C:\Users\lhq\AppData\Local\Android\sdk\tools;C:\Program Files\Java\jdk1.8.0_91\bin;C:\Program Files\Java\jdk1.8.0_91\jre\bin
USERNAME=lhq
OS=Windows_NT
PROCESSOR_IDENTIFIER=Intel64 Family 6 Model 69 Stepping 1, GenuineIntel



---------------  S Y S T E M  ---------------

OS: Windows 10.0 , 64 bit Build 10586 (10.0.10586.0)

CPU:total 4 (2 cores per cpu, 2 threads per core) family 6 model 69 stepping 1, cmov, cx8, fxsr, mmx, sse, sse2, sse3, ssse3, sse4.1, sse4.2, popcnt, avx, avx2, aes, clmul, erms, lzcnt, ht, tsc, tscinvbit, bmi1, bmi2

Memory: 4k page, physical 8067548k(1148212k free), swap 8067548k(5296k free)

vm_info: OpenJDK 64-Bit Server VM (25.76-b01) for windows-amd64 JRE (1.8.0_76-release-b01), built on May 12 2016 23:29:00 by "ralucas" with MS VC++ 10.0 (VS2010)

time: Mon Jul 04 09:54:54 2016
elapsed time: 1 seconds (0d 0h 0m 1s)

