#
# There is insufficient memory for the Java Runtime Environment to continue.
# Native memory allocation (malloc) failed to allocate 499696 bytes for Chunk::new
# Possible reasons:
#   The system is out of physical RAM or swap space
#   In 32 bit mode, the process size limit was hit
# Possible solutions:
#   Reduce memory load on the system
#   Increase physical memory or swap space
#   Check if swap backing store is full
#   Use 64 bit Java on a 64 bit OS
#   Decrease Java heap size (-Xmx/-Xms)
#   Decrease number of Java threads
#   Decrease Java thread stack sizes (-Xss)
#   Set larger code cache with -XX:ReservedCodeCacheSize=
# This output file may be truncated or incomplete.
#
#  Out of Memory Error (allocation.cpp:390), pid=5568, tid=0x0000000000001a68
#
# JRE version: OpenJDK Runtime Environment (8.0_76-b01) (build 1.8.0_76-release-b01)
# Java VM: OpenJDK 64-Bit Server VM (25.76-b01 mixed mode windows-amd64 compressed oops)
# Failed to write core dump. Minidumps are not enabled by default on client versions of Windows
#

---------------  T H R E A D  ---------------

Current thread (0x0000000014c8a800):  JavaThread "C2 CompilerThread1" daemon [_thread_in_native, id=6760, stack(0x0000000016290000,0x0000000016390000)]

Stack: [0x0000000016290000,0x0000000016390000]
[error occurred during error reporting (printing stack bounds), id 0xc0000005]

Native frames: (J=compiled Java code, j=interpreted, Vv=VM code, C=native code)


Current CompileTask:
C2:   3719 1198   !   4       com.android.dx.cf.code.BytecodeArray::parseInstruction (2764 bytes)


---------------  P R O C E S S  ---------------

Java Threads: ( => current thread )
  0x00000000165bc000 JavaThread "pool-1-thread-4" [_thread_blocked, id=6332, stack(0x0000000016e90000,0x0000000016f90000)]
  0x0000000016563000 JavaThread "pool-1-thread-3" [_thread_blocked, id=6452, stack(0x0000000016d90000,0x0000000016e90000)]
  0x0000000016542800 JavaThread "pool-1-thread-2" [_thread_blocked, id=6668, stack(0x0000000016c90000,0x0000000016d90000)]
  0x000000001653f000 JavaThread "pool-2-thread-1" [_thread_blocked, id=6800, stack(0x0000000016b90000,0x0000000016c90000)]
  0x000000001653e000 JavaThread "pool-1-thread-1" [_thread_in_Java, id=2152, stack(0x0000000016a90000,0x0000000016b90000)]
  0x00000000163fe800 JavaThread "Service Thread" daemon [_thread_blocked, id=7088, stack(0x0000000016890000,0x0000000016990000)]
  0x00000000163e8000 JavaThread "C1 CompilerThread2" daemon [_thread_blocked, id=4112, stack(0x0000000016790000,0x0000000016890000)]
=>0x0000000014c8a800 JavaThread "C2 CompilerThread1" daemon [_thread_in_native, id=6760, stack(0x0000000016290000,0x0000000016390000)]
  0x0000000014c3d800 JavaThread "C2 CompilerThread0" daemon [_thread_in_native, id=3148, stack(0x0000000016190000,0x0000000016290000)]
  0x0000000014c3c000 JavaThread "Attach Listener" daemon [_thread_blocked, id=6648, stack(0x0000000016090000,0x0000000016190000)]
  0x0000000014c3b000 JavaThread "Signal Dispatcher" daemon [_thread_blocked, id=908, stack(0x0000000015f90000,0x0000000016090000)]
  0x0000000014c18000 JavaThread "Finalizer" daemon [_thread_blocked, id=3200, stack(0x0000000015e90000,0x0000000015f90000)]
  0x0000000002550000 JavaThread "Reference Handler" daemon [_thread_blocked, id=7032, stack(0x0000000015d90000,0x0000000015e90000)]
  0x0000000002460800 JavaThread "main" [_thread_blocked, id=6728, stack(0x0000000002360000,0x0000000002460000)]

Other Threads:
  0x0000000014bf5800 VMThread [stack: 0x0000000015c90000,0x0000000015d90000] [id=6472]
  0x0000000016400800 WatcherThread [stack: 0x0000000016990000,0x0000000016a90000] [id=5888]

VM state:not at safepoint (normal execution)

VM Mutex/Monitor currently owned by a thread: None

Heap:
 PSYoungGen      total 36864K, used 7330K [0x00000000eab00000, 0x00000000ed400000, 0x0000000100000000)
  eden space 31744K, 6% used [0x00000000eab00000,0x00000000ead2a808,0x00000000eca00000)
  from space 5120K, 99% used [0x00000000eca00000,0x00000000ecefe328,0x00000000ecf00000)
  to   space 5120K, 0% used [0x00000000ecf00000,0x00000000ecf00000,0x00000000ed400000)
 ParOldGen       total 84992K, used 1242K [0x00000000c0000000, 0x00000000c5300000, 0x00000000eab00000)
  object space 84992K, 1% used [0x00000000c0000000,0x00000000c01368e0,0x00000000c5300000)
 Metaspace       used 5997K, capacity 6960K, committed 7040K, reserved 1056768K
  class space    used 575K, capacity 616K, committed 640K, reserved 1048576K

Card table byte_map: [0x0000000011920000,0x0000000011b30000] byte_map_base: 0x0000000011320000

Marking Bits: (ParMarkBitMap*) 0x000000005e0b9d00
 Begin Bits: [0x0000000012090000, 0x0000000013090000)
 End Bits:   [0x0000000013090000, 0x0000000014090000)

Polling page: 0x0000000000470000

CodeCache: size=245760Kb used=5180Kb max_used=5190Kb free=240579Kb
 bounds [0x0000000002560000, 0x0000000002a80000, 0x0000000011560000]
 total_blobs=1524 nmethods=1254 adapters=184
 compilation: enabled

Compilation events (10 events):
Event: 3.684 Thread 0x00000000163e8000 nmethod 1250 0x0000000002a6d650 code [0x0000000002a6d7a0, 0x0000000002a6d990]
Event: 3.685 Thread 0x00000000163e8000 1251       3       com.android.dx.ssa.ConstCollector::updateConstUses (248 bytes)
Event: 3.688 Thread 0x00000000163e8000 nmethod 1251 0x0000000002a71450 code [0x0000000002a71820, 0x0000000002a73e38]
Event: 3.691 Thread 0x0000000014c3d800 1252       4       com.android.dx.rop.cst.CstBaseMethodRef::compareTo0 (29 bytes)
Event: 3.702 Thread 0x0000000014c3d800 nmethod 1252 0x0000000002a77550 code [0x0000000002a776e0, 0x0000000002a77fb8]
Event: 3.704 Thread 0x00000000163e8000 1253       3       com.android.dx.cf.code.ConcreteMethod::getEffectiveDescriptor (10 bytes)
Event: 3.704 Thread 0x00000000163e8000 nmethod 1253 0x0000000002a6d210 code [0x0000000002a6d380, 0x0000000002a6d5a8]
Event: 3.705 Thread 0x00000000163e8000 1254       3       com.android.dx.rop.cst.CstBaseMethodRef::getPrototype (41 bytes)
Event: 3.706 Thread 0x00000000163e8000 nmethod 1254 0x0000000002a6cb90 code [0x0000000002a6cd00, 0x0000000002a6d108]
Event: 3.708 Thread 0x0000000014c3d800 1255       4       com.android.dx.ssa.SCCP::simulatePhi (169 bytes)

GC Heap History (2 events):
Event: 3.435 GC heap before
{Heap before GC invocations=1 (full 0):
 PSYoungGen      total 36864K, used 31744K [0x00000000eab00000, 0x00000000ed400000, 0x0000000100000000)
  eden space 31744K, 100% used [0x00000000eab00000,0x00000000eca00000,0x00000000eca00000)
  from space 5120K, 0% used [0x00000000ecf00000,0x00000000ecf00000,0x00000000ed400000)
  to   space 5120K, 0% used [0x00000000eca00000,0x00000000eca00000,0x00000000ecf00000)
 ParOldGen       total 84992K, used 0K [0x00000000c0000000, 0x00000000c5300000, 0x00000000eab00000)
  object space 84992K, 0% used [0x00000000c0000000,0x00000000c0000000,0x00000000c5300000)
 Metaspace       used 5979K, capacity 6960K, committed 7040K, reserved 1056768K
  class space    used 575K, capacity 616K, committed 640K, reserved 1048576K
Event: 3.606 GC heap after
Heap after GC invocations=1 (full 0):
 PSYoungGen      total 36864K, used 5112K [0x00000000eab00000, 0x00000000ed400000, 0x0000000100000000)
  eden space 31744K, 0% used [0x00000000eab00000,0x00000000eab00000,0x00000000eca00000)
  from space 5120K, 99% used [0x00000000eca00000,0x00000000ecefe328,0x00000000ecf00000)
  to   space 5120K, 0% used [0x00000000ecf00000,0x00000000ecf00000,0x00000000ed400000)
 ParOldGen       total 84992K, used 1242K [0x00000000c0000000, 0x00000000c5300000, 0x00000000eab00000)
  object space 84992K, 1% used [0x00000000c0000000,0x00000000c01368e0,0x00000000c5300000)
 Metaspace       used 5979K, capacity 6960K, committed 7040K, reserved 1056768K
  class space    used 575K, capacity 616K, committed 640K, reserved 1048576K
}

Deoptimization events (10 events):
Event: 2.053 Thread 0x0000000002460800 Uncommon trap: reason=bimorphic action=maybe_recompile pc=0x00000000027a83e8 method=java.util.HashMap.getNode(ILjava/lang/Object;)Ljava/util/HashMap$Node; @ 126
Event: 2.053 Thread 0x0000000002460800 Uncommon trap: reason=bimorphic action=maybe_recompile pc=0x00000000027a83e8 method=java.util.HashMap.getNode(ILjava/lang/Object;)Ljava/util/HashMap$Node; @ 126
Event: 2.053 Thread 0x0000000002460800 Uncommon trap: reason=bimorphic action=maybe_recompile pc=0x00000000027a83e8 method=java.util.HashMap.getNode(ILjava/lang/Object;)Ljava/util/HashMap$Node; @ 126
Event: 2.053 Thread 0x0000000002460800 Uncommon trap: reason=bimorphic action=maybe_recompile pc=0x00000000027a83e8 method=java.util.HashMap.getNode(ILjava/lang/Object;)Ljava/util/HashMap$Node; @ 126
Event: 2.053 Thread 0x0000000002460800 Uncommon trap: reason=bimorphic action=maybe_recompile pc=0x0000000002824390 method=java.util.HashMap.getNode(ILjava/lang/Object;)Ljava/util/HashMap$Node; @ 126
Event: 2.107 Thread 0x0000000016563000 Uncommon trap: reason=class_check action=maybe_recompile pc=0x0000000002851014 method=com.android.dx.ssa.NormalSsaInsn.accept(Lcom/android/dx/ssa/SsaInsn$Visitor;)V @ 9
Event: 2.133 Thread 0x000000001653e000 Uncommon trap: reason=class_check action=maybe_recompile pc=0x0000000002851014 method=com.android.dx.ssa.NormalSsaInsn.accept(Lcom/android/dx/ssa/SsaInsn$Visitor;)V @ 9
Event: 2.133 Thread 0x000000001653e000 Uncommon trap: reason=class_check action=maybe_recompile pc=0x000000000281a630 method=com.android.dx.ssa.NormalSsaInsn.accept(Lcom/android/dx/ssa/SsaInsn$Visitor;)V @ 9
Event: 2.141 Thread 0x0000000016542800 Uncommon trap: reason=unstable_if action=reinterpret pc=0x00000000028592fc method=com.android.dx.rop.code.RegisterSpec.equals(ILcom/android/dx/rop/type/TypeBearer;Lcom/android/dx/rop/code/LocalItem;)Z @ 42
Event: 2.439 Thread 0x00000000165bc000 Uncommon trap: reason=null_check action=make_not_entrant pc=0x000000000290d580 method=com.android.dx.ssa.SsaRenamer.getLocalForNewReg(I)Lcom/android/dx/rop/code/LocalItem; @ 19

Internal exceptions (3 events):
Event: 0.065 Thread 0x0000000002460800 Exception <a 'java/lang/NoSuchMethodError': Method sun.misc.Unsafe.defineClass(Ljava/lang/String;[BII)Ljava/lang/Class; name or signature does not match> (0x00000000eab07cc0) thrown at [C:\src\android\AOSP-openjdk\external\jetbrains\jdk\hotspot\src\share\vx˜Üo‹°?
Event: 0.065 Thread 0x0000000002460800 Exception <a 'java/lang/NoSuchMethodError': Method sun.misc.Unsafe.prefetchRead(Ljava/lang/Object;J)V name or signature does not match> (0x00000000eab07fa8) thrown at [C:\src\android\AOSP-openjdk\external\jetbrains\jdk\hotspot\src\share\vm\prims\jni.cpp, l2ùV8¿‚@
Event: 2.439 Thread 0x00000000165bc000 Implicit null exception at 0x000000000290bf4c to 0x000000000290d54d

Events (10 events):
Event: 2.204 loading class com/android/dx/cf/code/SwitchList done
Event: 2.439 Thread 0x00000000165bc000 Uncommon trap: trap_request=0xfffffff4 fr.pc=0x000000000290d580
Event: 2.439 Thread 0x00000000165bc000 DEOPT PACKING pc=0x000000000290d580 sp=0x0000000016f8eb60
Event: 2.439 Thread 0x00000000165bc000 DEOPT UNPACKING pc=0x00000000025a556a sp=0x0000000016f8e9b8 mode 2
Event: 2.449 Executing VM operation: ForceSafepoint
Event: 2.450 Executing VM operation: ForceSafepoint done
Event: 3.305 Thread 0x00000000165bc000 DEOPT PACKING pc=0x000000000282eab5 sp=0x0000000016f8ead0
Event: 3.305 Thread 0x00000000165bc000 DEOPT UNPACKING pc=0x00000000025a75bf sp=0x0000000016f8e8b0 mode 0
Event: 3.344 Executing VM operation: ParallelGCFailedAllocation
Event: 3.606 Executing VM operation: ParallelGCFailedAllocation done


Dynamic libraries:
0x00007ff6012a0000 - 0x00007ff6012d5000 	E:\Android\android-studio-ide-145.2915834-windows\jre\bin\java.exe
0x00007ffbe4110000 - 0x00007ffbe42d1000 	C:\Windows\SYSTEM32\ntdll.dll
0x00007ffbe2080000 - 0x00007ffbe212d000 	C:\Windows\system32\KERNEL32.DLL
0x00007ffbe0ec0000 - 0x00007ffbe10a8000 	C:\Windows\system32\KERNELBASE.dll
0x00007ffbe3c80000 - 0x00007ffbe3d27000 	C:\Windows\system32\ADVAPI32.dll
0x00007ffbe4070000 - 0x00007ffbe410d000 	C:\Windows\system32\msvcrt.dll
0x00007ffbe22d0000 - 0x00007ffbe232b000 	C:\Windows\system32\sechost.dll
0x00007ffbe1d60000 - 0x00007ffbe1e7c000 	C:\Windows\system32\RPCRT4.dll
0x00007ffbe1970000 - 0x00007ffbe1ac6000 	C:\Windows\system32\USER32.dll
0x00007ffbe2140000 - 0x00007ffbe22c6000 	C:\Windows\system32\GDI32.dll
0x00007ffbd4c10000 - 0x00007ffbd4e84000 	C:\Windows\WinSxS\amd64_microsoft.windows.common-controls_6595b64144ccf1df_6.0.10586.0_none_8c15ae12515e1c22\COMCTL32.dll
0x00007ffbe24a0000 - 0x00007ffbe271d000 	C:\Windows\system32\combase.dll
0x00007ffbe14a0000 - 0x00007ffbe150a000 	C:\Windows\system32\bcryptPrimitives.dll
0x00007ffbe1ef0000 - 0x00007ffbe1f2b000 	C:\Windows\system32\IMM32.DLL
0x000000005d820000 - 0x000000005d8f2000 	E:\Android\android-studio-ide-145.2915834-windows\jre\jre\bin\msvcr100.dll
0x000000005d900000 - 0x000000005e134000 	E:\Android\android-studio-ide-145.2915834-windows\jre\jre\bin\server\jvm.dll
0x00007ffbe1530000 - 0x00007ffbe1538000 	C:\Windows\system32\PSAPI.DLL
0x00007ffbd92f0000 - 0x00007ffbd92f9000 	C:\Windows\SYSTEM32\WSOCK32.dll
0x00007ffbe3d30000 - 0x00007ffbe3d9b000 	C:\Windows\system32\WS2_32.dll
0x00007ffbdea60000 - 0x00007ffbdea83000 	C:\Windows\SYSTEM32\WINMM.dll
0x00007ffbd61b0000 - 0x00007ffbd61ba000 	C:\Windows\SYSTEM32\VERSION.dll
0x00007ffbdea00000 - 0x00007ffbdea2c000 	C:\Windows\SYSTEM32\WINMMBASE.dll
0x00007ffbe1300000 - 0x00007ffbe1343000 	C:\Windows\system32\cfgmgr32.dll
0x00007ffbd92e0000 - 0x00007ffbd92ef000 	E:\Android\android-studio-ide-145.2915834-windows\jre\jre\bin\verify.dll
0x00007ffbd92b0000 - 0x00007ffbd92d9000 	E:\Android\android-studio-ide-145.2915834-windows\jre\jre\bin\java.dll
0x00007ffbd9110000 - 0x00007ffbd9126000 	E:\Android\android-studio-ide-145.2915834-windows\jre\jre\bin\zip.dll
0x00007ffbe2720000 - 0x00007ffbe3c7c000 	C:\Windows\system32\SHELL32.dll
0x00007ffbe07c0000 - 0x00007ffbe0e05000 	C:\Windows\system32\windows.storage.dll
0x00007ffbe2440000 - 0x00007ffbe2492000 	C:\Windows\system32\shlwapi.dll
0x00007ffbe0730000 - 0x00007ffbe073f000 	C:\Windows\system32\kernel.appcore.dll
0x00007ffbe1350000 - 0x00007ffbe1405000 	C:\Windows\system32\shcore.dll
0x00007ffbe0770000 - 0x00007ffbe07bb000 	C:\Windows\system32\powrprof.dll
0x00007ffbe0740000 - 0x00007ffbe0754000 	C:\Windows\system32\profapi.dll

VM Arguments:
jvm_args: -Djava.awt.headless=true -Xmx1024M -Dfile.encoding=GBK -Duser.country=CN -Duser.language=zh -Duser.variant 
java_command: com.android.dx.command.Main --dex --num-threads=4 --output E:\Teapopo\app\build\intermediates\pre-dexed\debug\okio-1.6.0_9cfb77965f70fcb3091774e3a8bc114d41d70c45.jar C:\Users\lhq\.gradle\caches\modules-2\files-2.1\com.squareup.okio\okio\1.6.0\98476622f10715998eacf9240d6b479f12c66143\okio-1.6.0.jar
java_class_path (initial): C:\Users\lhq\AppData\Local\Android\sdk\build-tools\23.0.3\lib\dx.jar
Launcher Type: SUN_STANDARD

Environment Variables:
JAVA_HOME=C:\Program Files\Java\jdk1.8.0_91
PATH=C:\ProgramData\Oracle\Java\javapath;C:\Windows\system32;C:\Windows;C:\Windows\System32\Wbem;C:\Windows\System32\WindowsPowerShell\v1.0\;C:\Users\lhq\AppData\Local\Android\sdk\platform-tools;C:\Users\lhq\AppData\Local\Android\sdk\tools;C:\Program Files\Java\jdk1.8.0_91\bin;C:\Program Files\Java\jdk1.8.0_91\jre\bin
USERNAME=lhq
OS=Windows_NT
PROCESSOR_IDENTIFIER=Intel64 Family 6 Model 69 Stepping 1, GenuineIntel



---------------  S Y S T E M  ---------------

OS: Windows 10.0 , 64 bit Build 10586 (10.0.10586.0)

CPU:total 4 (2 cores per cpu, 2 threads per core) family 6 model 69 stepping 1, cmov, cx8, fxsr, mmx, sse, sse2, sse3, ssse3, sse4.1, sse4.2, popcnt, avx, avx2, aes, clmul, erms, lzcnt, ht, tsc, tscinvbit, bmi1, bmi2

Memory: 4k page, physical 8067548k(970440k free), swap 8067548k(5432k free)

vm_info: OpenJDK 64-Bit Server VM (25.76-b01) for windows-amd64 JRE (1.8.0_76-release-b01), built on May 12 2016 23:29:00 by "ralucas" with MS VC++ 10.0 (VS2010)

time: Wed Jul 13 11:04:26 2016
elapsed time: 3 seconds (0d 0h 0m 3s)

