#
# There is insufficient memory for the Java Runtime Environment to continue.
# Native memory allocation (malloc) failed to allocate 32744 bytes for ChunkPool::allocate
# Possible reasons:
#   The system is out of physical RAM or swap space
#   In 32 bit mode, the process size limit was hit
# Possible solutions:
#   Reduce memory load on the system
#   Increase physical memory or swap space
#   Check if swap backing store is full
#   Use 64 bit Java on a 64 bit OS
#   Decrease Java heap size (-Xmx/-Xms)
#   Decrease number of Java threads
#   Decrease Java thread stack sizes (-Xss)
#   Set larger code cache with -XX:ReservedCodeCacheSize=
# This output file may be truncated or incomplete.
#
#  Out of Memory Error (allocation.cpp:273), pid=15244, tid=0x0000000000003f84
#
# JRE version: OpenJDK Runtime Environment (8.0_76-b01) (build 1.8.0_76-release-b01)
# Java VM: OpenJDK 64-Bit Server VM (25.76-b01 mixed mode windows-amd64 compressed oops)
# Failed to write core dump. Minidumps are not enabled by default on client versions of Windows
#

---------------  T H R E A D  ---------------

Current thread (0x0000000016493800):  JavaThread "C1 CompilerThread2" daemon [_thread_in_native, id=16260, stack(0x0000000016840000,0x0000000016940000)]

Stack: [0x0000000016840000,0x0000000016940000]
[error occurred during error reporting (printing stack bounds), id 0xc0000005]

Native frames: (J=compiled Java code, j=interpreted, Vv=VM code, C=native code)


Current CompileTask:
C1:    147   20       3       java.util.Arrays::copyOfRange (63 bytes)


---------------  P R O C E S S  ---------------

Java Threads: ( => current thread )
  0x0000000002500800 JavaThread "DestroyJavaVM" [_thread_in_native, id=15372, stack(0x0000000002320000,0x0000000002420000)]
  0x00000000164b5800 JavaThread "Service Thread" daemon [_thread_blocked, id=16388, stack(0x0000000016940000,0x0000000016a40000)]
=>0x0000000016493800 JavaThread "C1 CompilerThread2" daemon [_thread_in_native, id=16260, stack(0x0000000016840000,0x0000000016940000)]
  0x0000000014d29800 JavaThread "C2 CompilerThread1" daemon [_thread_in_native, id=13000, stack(0x0000000016340000,0x0000000016440000)]
  0x0000000014cdd800 JavaThread "C2 CompilerThread0" daemon [_thread_blocked, id=13920, stack(0x0000000016240000,0x0000000016340000)]
  0x0000000014cdc000 JavaThread "Attach Listener" daemon [_thread_blocked, id=16376, stack(0x0000000016140000,0x0000000016240000)]
  0x0000000014cdb000 JavaThread "Signal Dispatcher" daemon [_thread_blocked, id=15024, stack(0x0000000016040000,0x0000000016140000)]
  0x0000000014cb8800 JavaThread "Finalizer" daemon [_thread_blocked, id=16076, stack(0x0000000015f40000,0x0000000016040000)]
  0x00000000025f0000 JavaThread "Reference Handler" daemon [_thread_blocked, id=15952, stack(0x0000000015e40000,0x0000000015f40000)]

Other Threads:
  0x0000000014c95800 VMThread [stack: 0x0000000015d40000,0x0000000015e40000] [id=15564]
  0x00000000164b9000 WatcherThread [stack: 0x0000000016a40000,0x0000000016b40000] [id=16396]

VM state:not at safepoint (normal execution)

VM Mutex/Monitor currently owned by a thread: None

Heap:
 PSYoungGen      total 36864K, used 2540K [0x00000000eab00000, 0x00000000ed400000, 0x0000000100000000)
  eden space 31744K, 8% used [0x00000000eab00000,0x00000000ead7b028,0x00000000eca00000)
  from space 5120K, 0% used [0x00000000ecf00000,0x00000000ecf00000,0x00000000ed400000)
  to   space 5120K, 0% used [0x00000000eca00000,0x00000000eca00000,0x00000000ecf00000)
 ParOldGen       total 84992K, used 0K [0x00000000c0000000, 0x00000000c5300000, 0x00000000eab00000)
  object space 84992K, 0% used [0x00000000c0000000,0x00000000c0000000,0x00000000c5300000)
 Metaspace       used 2459K, capacity 4480K, committed 4480K, reserved 1056768K
  class space    used 260K, capacity 384K, committed 384K, reserved 1048576K

Card table byte_map: [0x00000000119c0000,0x0000000011bd0000] byte_map_base: 0x00000000113c0000

Marking Bits: (ParMarkBitMap*) 0x000000005e0b9d00
 Begin Bits: [0x0000000012130000, 0x0000000013130000)
 End Bits:   [0x0000000013130000, 0x0000000014130000)

Polling page: 0x0000000000450000

CodeCache: size=245760Kb used=1088Kb max_used=1088Kb free=244671Kb
 bounds [0x0000000002600000, 0x0000000002870000, 0x0000000011600000]
 total_blobs=249 nmethods=20 adapters=144
 compilation: enabled

Compilation events (10 events):
Event: 0.136 Thread 0x0000000016493800   17       3       java.lang.String::getChars (62 bytes)
Event: 0.137 Thread 0x0000000016493800 nmethod 17 0x000000000270fcd0 code [0x000000000270fe80, 0x00000000027102b8]
Event: 0.143 Thread 0x0000000016493800   18       3       sun.nio.cs.ext.DoubleByte$Encoder::encodeChar (21 bytes)
Event: 0.143 Thread 0x0000000016493800 nmethod 18 0x000000000270f850 code [0x000000000270f9c0, 0x000000000270fb70]
Event: 0.143 Thread 0x0000000016493800   21       1       java.lang.Object::<init> (1 bytes)
Event: 0.143 Thread 0x0000000016493800 nmethod 21 0x000000000270f590 code [0x000000000270f6e0, 0x000000000270f7f0]
Event: 0.143 Thread 0x0000000016493800   19       3       java.lang.AbstractStringBuilder::append (50 bytes)
Event: 0.143 Thread 0x0000000016493800 nmethod 19 0x000000000270ed10 code [0x000000000270eea0, 0x000000000270f3a8]
Event: 0.143 Thread 0x0000000016493800   20       3       java.util.Arrays::copyOfRange (63 bytes)
Event: 0.144 Thread 0x0000000014d29800   25       4       sun.nio.cs.ext.DoubleByte$Encoder::encodeChar (21 bytes)

GC Heap History (0 events):
No events

Deoptimization events (0 events):
No events

Internal exceptions (6 events):
Event: 0.035 Thread 0x0000000002500800 Exception <a 'java/lang/NoSuchMethodError': Method sun.misc.Unsafe.defineClass(Ljava/lang/String;[BII)Ljava/lang/Class; name or signature does not match> (0x00000000eab07cc0) thrown at [C:\src\android\AOSP-openjdk\external\jetbrains\jdk\hotspot\src\share\v)<­¢?
Event: 0.035 Thread 0x0000000002500800 Exception <a 'java/lang/NoSuchMethodError': Method sun.misc.Unsafe.prefetchRead(Ljava/lang/Object;J)V name or signature does not match> (0x00000000eab07fa8) thrown at [C:\src\android\AOSP-openjdk\external\jetbrains\jdk\hotspot\src\share\vm\prims\jni.cpp, l^dáiIÂ?
Event: 0.141 Thread 0x0000000002500800 Exception <a 'java/lang/OutOfMemoryError'> (0x00000000eaba9798) thrown at [C:\src\android\AOSP-openjdk\external\jetbrains\jdk\hotspot\src\share\vm\prims\jni.cpp, line 735]
Event: 0.141 Thread 0x0000000002500800 Exception <a 'java/lang/OutOfMemoryError'> (0x00000000eaba9798) thrown at [C:\src\android\AOSP-openjdk\external\jetbrains\jdk\hotspot\src\share\vm\prims\jvm.cpp, line 1390]
Event: 0.141 Thread 0x0000000002500800 Exception <a 'java/lang/OutOfMemoryError'> (0x00000000eaba9798) thrown at [C:\src\android\AOSP-openjdk\external\jetbrains\jdk\hotspot\src\share\vm\prims\jvm.cpp, line 1390]
Event: 0.141 Thread 0x0000000002500800 Exception <a 'java/lang/OutOfMemoryError'> (0x00000000eaba9798) thrown at [C:\src\android\AOSP-openjdk\external\jetbrains\jdk\hotspot\src\share\vm\prims\jvm.cpp, line 1390]

Events (10 events):
Event: 0.141 loading class java/io/IOException
Event: 0.141 loading class java/io/IOException done
Event: 0.141 loading class java/lang/Throwable$WrappedPrintStream
Event: 0.141 loading class java/lang/Throwable$PrintStreamOrWriter
Event: 0.142 loading class java/lang/Throwable$PrintStreamOrWriter done
Event: 0.142 loading class java/lang/Throwable$WrappedPrintStream done
Event: 0.142 loading class java/util/IdentityHashMap
Event: 0.142 loading class java/util/IdentityHashMap done
Event: 0.142 loading class java/util/IdentityHashMap$KeySet
Event: 0.142 loading class java/util/IdentityHashMap$KeySet done


Dynamic libraries:
0x00007ff75b500000 - 0x00007ff75b535000 	E:\Android\android-studio-ide-145.2915834-windows\jre\bin\java.exe
0x00007ffbe4110000 - 0x00007ffbe42d1000 	C:\Windows\SYSTEM32\ntdll.dll
0x00007ffbe2080000 - 0x00007ffbe212d000 	C:\Windows\system32\KERNEL32.DLL
0x00007ffbe0ec0000 - 0x00007ffbe10a8000 	C:\Windows\system32\KERNELBASE.dll
0x00007ffbe3c80000 - 0x00007ffbe3d27000 	C:\Windows\system32\ADVAPI32.dll
0x00007ffbe4070000 - 0x00007ffbe410d000 	C:\Windows\system32\msvcrt.dll
0x00007ffbe22d0000 - 0x00007ffbe232b000 	C:\Windows\system32\sechost.dll
0x00007ffbe1d60000 - 0x00007ffbe1e7c000 	C:\Windows\system32\RPCRT4.dll
0x00007ffbe1970000 - 0x00007ffbe1ac6000 	C:\Windows\system32\USER32.dll
0x00007ffbe2140000 - 0x00007ffbe22c6000 	C:\Windows\system32\GDI32.dll
0x00007ffbd49b0000 - 0x00007ffbd4c24000 	C:\Windows\WinSxS\amd64_microsoft.windows.common-controls_6595b64144ccf1df_6.0.10586.0_none_8c15ae12515e1c22\COMCTL32.dll
0x00007ffbe24a0000 - 0x00007ffbe271d000 	C:\Windows\system32\combase.dll
0x00007ffbe14a0000 - 0x00007ffbe150a000 	C:\Windows\system32\bcryptPrimitives.dll
0x00007ffbe1ef0000 - 0x00007ffbe1f2b000 	C:\Windows\system32\IMM32.DLL
0x000000005d820000 - 0x000000005d8f2000 	E:\Android\android-studio-ide-145.2915834-windows\jre\jre\bin\msvcr100.dll
0x000000005d900000 - 0x000000005e134000 	E:\Android\android-studio-ide-145.2915834-windows\jre\jre\bin\server\jvm.dll
0x00007ffbe1530000 - 0x00007ffbe1538000 	C:\Windows\system32\PSAPI.DLL
0x00007ffbdd900000 - 0x00007ffbdd909000 	C:\Windows\SYSTEM32\WSOCK32.dll
0x00007ffbe3d30000 - 0x00007ffbe3d9b000 	C:\Windows\system32\WS2_32.dll
0x00007ffbdea60000 - 0x00007ffbdea83000 	C:\Windows\SYSTEM32\WINMM.dll
0x00007ffbd61b0000 - 0x00007ffbd61ba000 	C:\Windows\SYSTEM32\VERSION.dll
0x00007ffbdea00000 - 0x00007ffbdea2c000 	C:\Windows\SYSTEM32\WINMMBASE.dll
0x00007ffbe1300000 - 0x00007ffbe1343000 	C:\Windows\system32\cfgmgr32.dll
0x00007ffbdbbd0000 - 0x00007ffbdbbdf000 	E:\Android\android-studio-ide-145.2915834-windows\jre\jre\bin\verify.dll
0x00007ffbdba90000 - 0x00007ffbdbab9000 	E:\Android\android-studio-ide-145.2915834-windows\jre\jre\bin\java.dll
0x00007ffbdba70000 - 0x00007ffbdba86000 	E:\Android\android-studio-ide-145.2915834-windows\jre\jre\bin\zip.dll
0x00007ffbe2720000 - 0x00007ffbe3c7c000 	C:\Windows\system32\SHELL32.dll
0x00007ffbe07c0000 - 0x00007ffbe0e05000 	C:\Windows\system32\windows.storage.dll
0x00007ffbe2440000 - 0x00007ffbe2492000 	C:\Windows\system32\shlwapi.dll
0x00007ffbe0730000 - 0x00007ffbe073f000 	C:\Windows\system32\kernel.appcore.dll
0x00007ffbe1350000 - 0x00007ffbe1405000 	C:\Windows\system32\shcore.dll
0x00007ffbe0770000 - 0x00007ffbe07bb000 	C:\Windows\system32\powrprof.dll
0x00007ffbe0740000 - 0x00007ffbe0754000 	C:\Windows\system32\profapi.dll

VM Arguments:
jvm_args: -Djava.awt.headless=true -Xmx1024M -Dfile.encoding=GBK -Duser.country=CN -Duser.language=zh -Duser.variant 
java_command: com.android.dx.command.Main --dex --num-threads=4 --output E:\Teapopo\app\build\intermediates\pre-dexed\debug\ShareSDK-Evernote-2.7.1_4ebec606174b8622ad6d6fa4ea3351da0bc0ad76.jar E:\Teapopo\app\libs\ShareSDK-Evernote-2.7.1.jar
java_class_path (initial): C:\Users\lhq\AppData\Local\Android\sdk\build-tools\23.0.3\lib\dx.jar
Launcher Type: SUN_STANDARD

Environment Variables:
JAVA_HOME=C:\Program Files\Java\jdk1.8.0_91
PATH=C:\ProgramData\Oracle\Java\javapath;C:\Windows\system32;C:\Windows;C:\Windows\System32\Wbem;C:\Windows\System32\WindowsPowerShell\v1.0\;C:\Users\lhq\AppData\Local\Android\sdk\platform-tools;C:\Users\lhq\AppData\Local\Android\sdk\tools;C:\Program Files\Java\jdk1.8.0_91\bin;C:\Program Files\Java\jdk1.8.0_91\jre\bin
USERNAME=lhq
OS=Windows_NT
PROCESSOR_IDENTIFIER=Intel64 Family 6 Model 69 Stepping 1, GenuineIntel



---------------  S Y S T E M  ---------------

OS: Windows 10.0 , 64 bit Build 10586 (10.0.10586.0)

CPU:total 4 (2 cores per cpu, 2 threads per core) family 6 model 69 stepping 1, cmov, cx8, fxsr, mmx, sse, sse2, sse3, ssse3, sse4.1, sse4.2, popcnt, avx, avx2, aes, clmul, erms, lzcnt, ht, tsc, tscinvbit, bmi1, bmi2

Memory: 4k page, physical 8067548k(1192936k free), swap 8067548k(3056k free)

vm_info: OpenJDK 64-Bit Server VM (25.76-b01) for windows-amd64 JRE (1.8.0_76-release-b01), built on May 12 2016 23:29:00 by "ralucas" with MS VC++ 10.0 (VS2010)

time: Fri Jul 15 16:50:04 2016
elapsed time: 0 seconds (0d 0h 0m 0s)

