#
# There is insufficient memory for the Java Runtime Environment to continue.
# Native memory allocation (malloc) failed to allocate 508176 bytes for Chunk::new
# Possible reasons:
#   The system is out of physical RAM or swap space
#   In 32 bit mode, the process size limit was hit
# Possible solutions:
#   Reduce memory load on the system
#   Increase physical memory or swap space
#   Check if swap backing store is full
#   Use 64 bit Java on a 64 bit OS
#   Decrease Java heap size (-Xmx/-Xms)
#   Decrease number of Java threads
#   Decrease Java thread stack sizes (-Xss)
#   Set larger code cache with -XX:ReservedCodeCacheSize=
# This output file may be truncated or incomplete.
#
#  Out of Memory Error (allocation.cpp:390), pid=151628, tid=0x00000000000248d8
#
# JRE version: OpenJDK Runtime Environment (8.0_76-b01) (build 1.8.0_76-release-b01)
# Java VM: OpenJDK 64-Bit Server VM (25.76-b01 mixed mode windows-amd64 compressed oops)
# Failed to write core dump. Minidumps are not enabled by default on client versions of Windows
#

---------------  T H R E A D  ---------------

Current thread (0x0000000014c8d800):  JavaThread "C2 CompilerThread0" daemon [_thread_in_native, id=149720, stack(0x0000000016210000,0x0000000016310000)]

Stack: [0x0000000016210000,0x0000000016310000]
[error occurred during error reporting (printing stack bounds), id 0xc0000005]

Native frames: (J=compiled Java code, j=interpreted, Vv=VM code, C=native code)


Current CompileTask:
C2:   3015  583       4       com.android.dx.ssa.SsaBasicBlock::forEachInsn (37 bytes)


---------------  P R O C E S S  ---------------

Java Threads: ( => current thread )
  0x0000000016607800 JavaThread "pool-1-thread-4" [_thread_in_Java, id=156592, stack(0x0000000016f10000,0x0000000017010000)]
  0x0000000016607000 JavaThread "pool-1-thread-3" [_thread_in_vm, id=155948, stack(0x0000000016e10000,0x0000000016f10000)]
  0x0000000016606000 JavaThread "pool-1-thread-2" [_thread_in_vm, id=154848, stack(0x0000000016d10000,0x0000000016e10000)]
  0x0000000016603800 JavaThread "pool-2-thread-1" [_thread_blocked, id=155800, stack(0x0000000016c10000,0x0000000016d10000)]
  0x00000000165fb000 JavaThread "pool-1-thread-1" [_thread_in_Java, id=155092, stack(0x0000000016b10000,0x0000000016c10000)]
  0x000000001646f800 JavaThread "Service Thread" daemon [_thread_blocked, id=156044, stack(0x0000000016910000,0x0000000016a10000)]
  0x0000000016469000 JavaThread "C1 CompilerThread2" daemon [_thread_in_native, id=156004, stack(0x0000000016810000,0x0000000016910000)]
  0x0000000014cdc000 JavaThread "C2 CompilerThread1" daemon [_thread_in_native, id=156008, stack(0x0000000016310000,0x0000000016410000)]
=>0x0000000014c8d800 JavaThread "C2 CompilerThread0" daemon [_thread_in_native, id=149720, stack(0x0000000016210000,0x0000000016310000)]
  0x0000000014c8c000 JavaThread "Attach Listener" daemon [_thread_blocked, id=154816, stack(0x0000000016110000,0x0000000016210000)]
  0x0000000014c8b000 JavaThread "Signal Dispatcher" daemon [_thread_blocked, id=155396, stack(0x0000000016010000,0x0000000016110000)]
  0x0000000014c68800 JavaThread "Finalizer" daemon [_thread_blocked, id=155172, stack(0x0000000015f10000,0x0000000016010000)]
  0x00000000025a0000 JavaThread "Reference Handler" daemon [_thread_blocked, id=156328, stack(0x0000000015e10000,0x0000000015f10000)]
  0x00000000024b0800 JavaThread "main" [_thread_in_native, id=155692, stack(0x0000000001e90000,0x0000000001f90000)]

Other Threads:
  0x0000000014c45800 VMThread [stack: 0x0000000015d10000,0x0000000015e10000] [id=156628]
  0x0000000016472000 WatcherThread [stack: 0x0000000016a10000,0x0000000016b10000] [id=156312]

VM state:not at safepoint (normal execution)

VM Mutex/Monitor currently owned by a thread: None

Heap:
 PSYoungGen      total 36864K, used 15252K [0x00000000eab00000, 0x00000000ed400000, 0x0000000100000000)
  eden space 31744K, 48% used [0x00000000eab00000,0x00000000eb9e5198,0x00000000eca00000)
  from space 5120K, 0% used [0x00000000ecf00000,0x00000000ecf00000,0x00000000ed400000)
  to   space 5120K, 0% used [0x00000000eca00000,0x00000000eca00000,0x00000000ecf00000)
 ParOldGen       total 84992K, used 0K [0x00000000c0000000, 0x00000000c5300000, 0x00000000eab00000)
  object space 84992K, 0% used [0x00000000c0000000,0x00000000c0000000,0x00000000c5300000)
 Metaspace       used 5652K, capacity 6640K, committed 6784K, reserved 1056768K
  class space    used 573K, capacity 616K, committed 640K, reserved 1048576K

Card table byte_map: [0x0000000011970000,0x0000000011b80000] byte_map_base: 0x0000000011370000

Marking Bits: (ParMarkBitMap*) 0x000000005f499d00
 Begin Bits: [0x00000000120e0000, 0x00000000130e0000)
 End Bits:   [0x00000000130e0000, 0x00000000140e0000)

Polling page: 0x0000000000510000

CodeCache: size=245760Kb used=2557Kb max_used=2569Kb free=243202Kb
 bounds [0x00000000025b0000, 0x0000000002840000, 0x00000000115b0000]
 total_blobs=920 nmethods=650 adapters=184
 compilation: enabled

Compilation events (10 events):
Event: 3.010 Thread 0x0000000016469000 nmethod 643 0x000000000282cad0 code [0x000000000282cc80, 0x000000000282d438]
Event: 3.010 Thread 0x0000000016469000  644       3       com.android.dx.util.IntList::<init> (6 bytes)
Event: 3.010 Thread 0x0000000016469000 nmethod 644 0x000000000282d6d0 code [0x000000000282d840, 0x000000000282d9c8]
Event: 3.010 Thread 0x0000000016469000  645       3       com.android.dx.ssa.SsaInsn::<init> (29 bytes)
Event: 3.010 Thread 0x0000000016469000 nmethod 645 0x000000000282da50 code [0x000000000282dbc0, 0x000000000282de88]
Event: 3.010 Thread 0x0000000016469000  646       3       com.android.dx.ssa.NormalSsaInsn::<init> (15 bytes)
Event: 3.010 Thread 0x0000000016469000 nmethod 646 0x000000000282df90 code [0x000000000282e120, 0x000000000282e528]
Event: 3.010 Thread 0x0000000016469000  647       3       java.util.ArrayList::ensureCapacity (28 bytes)
Event: 3.010 Thread 0x0000000014cdc000  648       4       java.util.BitSet::<init> (56 bytes)
Event: 3.011 Thread 0x0000000016469000 nmethod 647 0x000000000282e6d0 code [0x000000000282e840, 0x000000000282eb08]

GC Heap History (0 events):
No events

Deoptimization events (1 events):
Event: 1.657 Thread 0x00000000024b0800 Uncommon trap: reason=unstable_if action=reinterpret pc=0x00000000026e8110 method=java.lang.String.indexOf(II)I @ 49

Internal exceptions (2 events):
Event: 0.353 Thread 0x00000000024b0800 Exception <a 'java/lang/NoSuchMethodError': Method sun.misc.Unsafe.defineClass(Ljava/lang/String;[BII)Ljava/lang/Class; name or signature does not match> (0x00000000eab07cc0) thrown at [C:\src\android\AOSP-openjdk\external\jetbrains\jdk\hotspot\src\share\v¨wå≥ú÷?
Event: 0.353 Thread 0x00000000024b0800 Exception <a 'java/lang/NoSuchMethodError': Method sun.misc.Unsafe.prefetchRead(Ljava/lang/Object;J)V name or signature does not match> (0x00000000eab07fa8) thrown at [C:\src\android\AOSP-openjdk\external\jetbrains\jdk\hotspot\src\share\vm\prims\jni.cpp, l

Events (10 events):
Event: 2.828 loading class java/util/TreeMap$EntryIterator
Event: 2.828 loading class java/util/TreeMap$EntryIterator done
Event: 2.923 loading class com/android/dx/dex/file/FieldAnnotationStruct
Event: 2.923 loading class com/android/dx/dex/file/FieldAnnotationStruct done
Event: 2.944 loading class com/android/dx/cf/code/Ropper$ExceptionHandlerSetup
Event: 2.944 loading class com/android/dx/cf/code/Ropper$ExceptionHandlerSetup done
Event: 3.001 loading class java/util/HashMap$Values
Event: 3.001 loading class java/util/HashMap$Values done
Event: 3.001 loading class java/util/HashMap$ValueIterator
Event: 3.001 loading class java/util/HashMap$ValueIterator done


Dynamic libraries:
0x00007ff75f820000 - 0x00007ff75f855000 	E:\Android\android-studio-ide-145.2915834-windows\jre\bin\java.exe
0x00007ffecf410000 - 0x00007ffecf5d1000 	C:\Windows\SYSTEM32\ntdll.dll
0x00007ffecef70000 - 0x00007ffecf01d000 	C:\Windows\system32\KERNEL32.DLL
0x00007ffecc330000 - 0x00007ffecc518000 	C:\Windows\system32\KERNELBASE.dll
0x00007ffecc9e0000 - 0x00007ffecca87000 	C:\Windows\system32\ADVAPI32.dll
0x00007ffece4c0000 - 0x00007ffece55d000 	C:\Windows\system32\msvcrt.dll
0x00007ffeccd10000 - 0x00007ffeccd6b000 	C:\Windows\system32\sechost.dll
0x00007ffece730000 - 0x00007ffece84c000 	C:\Windows\system32\RPCRT4.dll
0x00007ffece920000 - 0x00007ffecea76000 	C:\Windows\system32\USER32.dll
0x00007ffeccd90000 - 0x00007ffeccf16000 	C:\Windows\system32\GDI32.dll
0x00007ffebe600000 - 0x00007ffebe874000 	C:\Windows\WinSxS\amd64_microsoft.windows.common-controls_6595b64144ccf1df_6.0.10586.0_none_8c15ae12515e1c22\COMCTL32.dll
0x00007ffecca90000 - 0x00007ffeccd0d000 	C:\Windows\system32\combase.dll
0x00007ffecc520000 - 0x00007ffecc58a000 	C:\Windows\system32\bcryptPrimitives.dll
0x00007ffeccf20000 - 0x00007ffeccf5b000 	C:\Windows\system32\IMM32.DLL
0x000000005fdc0000 - 0x000000005fe92000 	E:\Android\android-studio-ide-145.2915834-windows\jre\jre\bin\msvcr100.dll
0x000000005ece0000 - 0x000000005f514000 	E:\Android\android-studio-ide-145.2915834-windows\jre\jre\bin\server\jvm.dll
0x00007ffecf1d0000 - 0x00007ffecf1d8000 	C:\Windows\system32\PSAPI.DLL
0x00007ffeca010000 - 0x00007ffeca019000 	C:\Windows\SYSTEM32\WSOCK32.dll
0x00007ffece560000 - 0x00007ffece5cb000 	C:\Windows\system32\WS2_32.dll
0x00007ffec9d40000 - 0x00007ffec9d63000 	C:\Windows\SYSTEM32\WINMM.dll
0x00007ffec1700000 - 0x00007ffec170a000 	C:\Windows\SYSTEM32\VERSION.dll
0x00007ffec9bf0000 - 0x00007ffec9c1c000 	C:\Windows\SYSTEM32\WINMMBASE.dll
0x00007ffecbbd0000 - 0x00007ffecbc13000 	C:\Windows\system32\cfgmgr32.dll
0x00007ffec91e0000 - 0x00007ffec91ef000 	E:\Android\android-studio-ide-145.2915834-windows\jre\jre\bin\verify.dll
0x00007ffec8e30000 - 0x00007ffec8e59000 	E:\Android\android-studio-ide-145.2915834-windows\jre\jre\bin\java.dll
0x00007ffec8e10000 - 0x00007ffec8e26000 	E:\Android\android-studio-ide-145.2915834-windows\jre\jre\bin\zip.dll
0x00007ffeccf60000 - 0x00007ffece4bc000 	C:\Windows\system32\SHELL32.dll
0x00007ffecbce0000 - 0x00007ffecc325000 	C:\Windows\system32\windows.storage.dll
0x00007ffecea80000 - 0x00007ffecead2000 	C:\Windows\system32\shlwapi.dll
0x00007ffecba90000 - 0x00007ffecba9f000 	C:\Windows\system32\kernel.appcore.dll
0x00007ffecbc20000 - 0x00007ffecbcd5000 	C:\Windows\system32\shcore.dll
0x00007ffecba30000 - 0x00007ffecba7b000 	C:\Windows\system32\powrprof.dll
0x00007ffecbaa0000 - 0x00007ffecbab4000 	C:\Windows\system32\profapi.dll

VM Arguments:
jvm_args: -Djava.awt.headless=true -Xmx1024M -Dfile.encoding=GBK -Duser.country=CN -Duser.language=zh -Duser.variant 
java_command: com.android.dx.command.Main --dex --num-threads=4 --output E:\Teapopo\app\build\intermediates\pre-dexed\debug\com.android.databinding-adapters-1.1_64c1a195ac47103049a80975a6ddc7e372696779.jar E:\Teapopo\app\build\intermediates\exploded-aar\com.android.databinding\adapters\1.1\jars\classes.jar
java_class_path (initial): C:\Users\lhq\AppData\Local\Android\sdk\build-tools\23.0.3\lib\dx.jar
Launcher Type: SUN_STANDARD

Environment Variables:
JAVA_HOME=C:\Program Files\Java\jdk1.8.0_91
PATH=C:\ProgramData\Oracle\Java\javapath;C:\Windows\system32;C:\Windows;C:\Windows\System32\Wbem;C:\Windows\System32\WindowsPowerShell\v1.0\;C:\Users\lhq\AppData\Local\Android\sdk\platform-tools;C:\Users\lhq\AppData\Local\Android\sdk\tools;C:\Program Files\Java\jdk1.8.0_91\bin;C:\Program Files\Java\jdk1.8.0_91\jre\bin
USERNAME=lhq
OS=Windows_NT
PROCESSOR_IDENTIFIER=Intel64 Family 6 Model 69 Stepping 1, GenuineIntel



---------------  S Y S T E M  ---------------

OS: Windows 10.0 , 64 bit Build 10586 (10.0.10586.0)

CPU:total 4 (2 cores per cpu, 2 threads per core) family 6 model 69 stepping 1, cmov, cx8, fxsr, mmx, sse, sse2, sse3, ssse3, sse4.1, sse4.2, popcnt, avx, avx2, aes, clmul, erms, lzcnt, ht, tsc, tscinvbit, bmi1, bmi2

Memory: 4k page, physical 8067548k(1312964k free), swap 8067548k(5120k free)

vm_info: OpenJDK 64-Bit Server VM (25.76-b01) for windows-amd64 JRE (1.8.0_76-release-b01), built on May 12 2016 23:29:00 by "ralucas" with MS VC++ 10.0 (VS2010)

time: Fri Jul 08 11:33:11 2016
elapsed time: 3 seconds (0d 0h 0m 3s)

