#
# There is insufficient memory for the Java Runtime Environment to continue.
# Native memory allocation (malloc) failed to allocate 611696 bytes for Chunk::new
# Possible reasons:
#   The system is out of physical RAM or swap space
#   In 32 bit mode, the process size limit was hit
# Possible solutions:
#   Reduce memory load on the system
#   Increase physical memory or swap space
#   Check if swap backing store is full
#   Use 64 bit Java on a 64 bit OS
#   Decrease Java heap size (-Xmx/-Xms)
#   Decrease number of Java threads
#   Decrease Java thread stack sizes (-Xss)
#   Set larger code cache with -XX:ReservedCodeCacheSize=
# This output file may be truncated or incomplete.
#
#  Out of Memory Error (allocation.cpp:390), pid=154140, tid=0x0000000000024524
#
# JRE version: OpenJDK Runtime Environment (8.0_76-b01) (build 1.8.0_76-release-b01)
# Java VM: OpenJDK 64-Bit Server VM (25.76-b01 mixed mode windows-amd64 compressed oops)
# Failed to write core dump. Minidumps are not enabled by default on client versions of Windows
#

---------------  T H R E A D  ---------------

Current thread (0x0000000014f4e000):  JavaThread "C2 CompilerThread1" daemon [_thread_in_native, id=148772, stack(0x0000000016990000,0x0000000016a90000)]

Stack: [0x0000000016990000,0x0000000016a90000]
[error occurred during error reporting (printing stack bounds), id 0xc0000005]

Native frames: (J=compiled Java code, j=interpreted, Vv=VM code, C=native code)


Current CompileTask:
C2:   1225 1016       4       com.android.dx.merge.DexMerger::transformDebugInfoItem (313 bytes)


---------------  P R O C E S S  ---------------

Java Threads: ( => current thread )
  0x00000000162d6000 JavaThread "Service Thread" daemon [_thread_blocked, id=146652, stack(0x0000000016b90000,0x0000000016c90000)]
  0x0000000014f55000 JavaThread "C1 CompilerThread2" daemon [_thread_blocked, id=154560, stack(0x0000000016a90000,0x0000000016b90000)]
=>0x0000000014f4e000 JavaThread "C2 CompilerThread1" daemon [_thread_in_native, id=148772, stack(0x0000000016990000,0x0000000016a90000)]
  0x0000000014f44000 JavaThread "C2 CompilerThread0" daemon [_thread_in_native, id=153612, stack(0x0000000016890000,0x0000000016990000)]
  0x0000000014f43000 JavaThread "Attach Listener" daemon [_thread_blocked, id=151660, stack(0x0000000016790000,0x0000000016890000)]
  0x0000000014f4d000 JavaThread "Signal Dispatcher" daemon [_thread_blocked, id=153640, stack(0x0000000016690000,0x0000000016790000)]
  0x0000000014f1e000 JavaThread "Finalizer" daemon [_thread_blocked, id=154296, stack(0x0000000016190000,0x0000000016290000)]
  0x0000000002856000 JavaThread "Reference Handler" daemon [_thread_blocked, id=151296, stack(0x0000000016090000,0x0000000016190000)]
  0x0000000002767000 JavaThread "main" [_thread_in_Java, id=152412, stack(0x0000000002660000,0x0000000002760000)]

Other Threads:
  0x0000000014ef5800 VMThread [stack: 0x0000000015f90000,0x0000000016090000] [id=151964]
  0x0000000014f8e800 WatcherThread [stack: 0x0000000016c90000,0x0000000016d90000] [id=147532]

VM state:not at safepoint (normal execution)

VM Mutex/Monitor currently owned by a thread: None

Heap:
 PSYoungGen      total 68608K, used 26920K [0x00000000eab00000, 0x00000000ef300000, 0x0000000100000000)
  eden space 63488K, 36% used [0x00000000eab00000,0x00000000ec16a8e0,0x00000000ee900000)
  from space 5120K, 77% used [0x00000000ee900000,0x00000000eecdfb08,0x00000000eee00000)
  to   space 5120K, 0% used [0x00000000eee00000,0x00000000eee00000,0x00000000ef300000)
 ParOldGen       total 111104K, used 20944K [0x00000000c0000000, 0x00000000c6c80000, 0x00000000eab00000)
  object space 111104K, 18% used [0x00000000c0000000,0x00000000c1474300,0x00000000c6c80000)
 Metaspace       used 4478K, capacity 5424K, committed 5632K, reserved 1056768K
  class space    used 450K, capacity 488K, committed 512K, reserved 1048576K

Card table byte_map: [0x0000000011c20000,0x0000000011e30000] byte_map_base: 0x0000000011620000

Marking Bits: (ParMarkBitMap*) 0x000000005f499d00
 Begin Bits: [0x0000000012390000, 0x0000000013390000)
 End Bits:   [0x0000000013390000, 0x0000000014390000)

Polling page: 0x0000000000520000

CodeCache: size=245760Kb used=3522Kb max_used=3522Kb free=242237Kb
 bounds [0x0000000002860000, 0x0000000002be0000, 0x0000000011860000]
 total_blobs=1312 nmethods=1049 adapters=177
 compilation: enabled

Compilation events (10 events):
Event: 1.194 Thread 0x0000000014f55000 1070       2       com.android.dx.io.instructions.InstructionCodec$22::decode (37 bytes)
Event: 1.195 Thread 0x0000000014f55000 nmethod 1070 0x0000000002bcf790 code [0x0000000002bcf940, 0x0000000002bcfdc8]
Event: 1.216 Thread 0x0000000014f55000 1075       1       com.android.dx.io.instructions.FillArrayDataPayloadDecodedInstruction::getData (5 bytes)
Event: 1.216 Thread 0x0000000014f55000 nmethod 1075 0x0000000002bc1190 code [0x0000000002bc12e0, 0x0000000002bc13f0]
Event: 1.216 Thread 0x0000000014f55000 1076       1       com.android.dx.io.instructions.FillArrayDataPayloadDecodedInstruction::getSize (5 bytes)
Event: 1.216 Thread 0x0000000014f55000 nmethod 1076 0x0000000002bd02d0 code [0x0000000002bd0420, 0x0000000002bd0530]
Event: 1.218 Thread 0x0000000014f55000 1077       1       com.android.dx.io.instructions.PackedSwitchPayloadDecodedInstruction::getTargets (5 bytes)
Event: 1.218 Thread 0x0000000014f55000 nmethod 1077 0x0000000002bd0590 code [0x0000000002bd06e0, 0x0000000002bd07f0]
Event: 1.218 Thread 0x0000000014f55000 1078       1       com.android.dx.io.instructions.PackedSwitchPayloadDecodedInstruction::getFirstKey (5 bytes)
Event: 1.218 Thread 0x0000000014f55000 nmethod 1078 0x0000000002bd0850 code [0x0000000002bd09a0, 0x0000000002bd0ab0]

GC Heap History (8 events):
Event: 0.246 GC heap before
{Heap before GC invocations=1 (full 0):
 PSYoungGen      total 36864K, used 31744K [0x00000000eab00000, 0x00000000ed400000, 0x0000000100000000)
  eden space 31744K, 100% used [0x00000000eab00000,0x00000000eca00000,0x00000000eca00000)
  from space 5120K, 0% used [0x00000000ecf00000,0x00000000ecf00000,0x00000000ed400000)
  to   space 5120K, 0% used [0x00000000eca00000,0x00000000eca00000,0x00000000ecf00000)
 ParOldGen       total 84992K, used 0K [0x00000000c0000000, 0x00000000c5300000, 0x00000000eab00000)
  object space 84992K, 0% used [0x00000000c0000000,0x00000000c0000000,0x00000000c5300000)
 Metaspace       used 3620K, capacity 4720K, committed 4864K, reserved 1056768K
  class space    used 369K, capacity 424K, committed 512K, reserved 1048576K
Event: 0.251 GC heap after
Heap after GC invocations=1 (full 0):
 PSYoungGen      total 36864K, used 5104K [0x00000000eab00000, 0x00000000ef300000, 0x0000000100000000)
  eden space 31744K, 0% used [0x00000000eab00000,0x00000000eab00000,0x00000000eca00000)
  from space 5120K, 99% used [0x00000000eca00000,0x00000000ecefc028,0x00000000ecf00000)
  to   space 5120K, 0% used [0x00000000eee00000,0x00000000eee00000,0x00000000ef300000)
 ParOldGen       total 84992K, used 4408K [0x00000000c0000000, 0x00000000c5300000, 0x00000000eab00000)
  object space 84992K, 5% used [0x00000000c0000000,0x00000000c044e258,0x00000000c5300000)
 Metaspace       used 3620K, capacity 4720K, committed 4864K, reserved 1056768K
  class space    used 369K, capacity 424K, committed 512K, reserved 1048576K
}
Event: 0.392 GC heap before
{Heap before GC invocations=2 (full 0):
 PSYoungGen      total 36864K, used 36848K [0x00000000eab00000, 0x00000000ef300000, 0x0000000100000000)
  eden space 31744K, 100% used [0x00000000eab00000,0x00000000eca00000,0x00000000eca00000)
  from space 5120K, 99% used [0x00000000eca00000,0x00000000ecefc028,0x00000000ecf00000)
  to   space 5120K, 0% used [0x00000000eee00000,0x00000000eee00000,0x00000000ef300000)
 ParOldGen       total 84992K, used 4408K [0x00000000c0000000, 0x00000000c5300000, 0x00000000eab00000)
  object space 84992K, 5% used [0x00000000c0000000,0x00000000c044e258,0x00000000c5300000)
 Metaspace       used 3915K, capacity 4944K, committed 5120K, reserved 1056768K
  class space    used 398K, capacity 456K, committed 512K, reserved 1048576K
Event: 0.403 GC heap after
Heap after GC invocations=2 (full 0):
 PSYoungGen      total 68608K, used 5119K [0x00000000eab00000, 0x00000000ef300000, 0x0000000100000000)
  eden space 63488K, 0% used [0x00000000eab00000,0x00000000eab00000,0x00000000ee900000)
  from space 5120K, 99% used [0x00000000eee00000,0x00000000ef2ffe18,0x00000000ef300000)
  to   space 5120K, 0% used [0x00000000ee900000,0x00000000ee900000,0x00000000eee00000)
 ParOldGen       total 84992K, used 42523K [0x00000000c0000000, 0x00000000c5300000, 0x00000000eab00000)
  object space 84992K, 50% used [0x00000000c0000000,0x00000000c2986c30,0x00000000c5300000)
 Metaspace       used 3915K, capacity 4944K, committed 5120K, reserved 1056768K
  class space    used 398K, capacity 456K, committed 512K, reserved 1048576K
}
Event: 0.403 GC heap before
{Heap before GC invocations=3 (full 1):
 PSYoungGen      total 68608K, used 5119K [0x00000000eab00000, 0x00000000ef300000, 0x0000000100000000)
  eden space 63488K, 0% used [0x00000000eab00000,0x00000000eab00000,0x00000000ee900000)
  from space 5120K, 99% used [0x00000000eee00000,0x00000000ef2ffe18,0x00000000ef300000)
  to   space 5120K, 0% used [0x00000000ee900000,0x00000000ee900000,0x00000000eee00000)
 ParOldGen       total 84992K, used 42523K [0x00000000c0000000, 0x00000000c5300000, 0x00000000eab00000)
  object space 84992K, 50% used [0x00000000c0000000,0x00000000c2986c30,0x00000000c5300000)
 Metaspace       used 3915K, capacity 4944K, committed 5120K, reserved 1056768K
  class space    used 398K, capacity 456K, committed 512K, reserved 1048576K
Event: 0.414 GC heap after
Heap after GC invocations=3 (full 1):
 PSYoungGen      total 68608K, used 0K [0x00000000eab00000, 0x00000000ef300000, 0x0000000100000000)
  eden space 63488K, 0% used [0x00000000eab00000,0x00000000eab00000,0x00000000ee900000)
  from space 5120K, 0% used [0x00000000eee00000,0x00000000eee00000,0x00000000ef300000)
  to   space 5120K, 0% used [0x00000000ee900000,0x00000000ee900000,0x00000000eee00000)
 ParOldGen       total 111104K, used 20936K [0x00000000c0000000, 0x00000000c6c80000, 0x00000000eab00000)
  object space 111104K, 18% used [0x00000000c0000000,0x00000000c1472300,0x00000000c6c80000)
 Metaspace       used 3915K, capacity 4944K, committed 5120K, reserved 1056768K
  class space    used 398K, capacity 456K, committed 512K, reserved 1048576K
}
Event: 1.049 GC heap before
{Heap before GC invocations=4 (full 1):
 PSYoungGen      total 68608K, used 63488K [0x00000000eab00000, 0x00000000ef300000, 0x0000000100000000)
  eden space 63488K, 100% used [0x00000000eab00000,0x00000000ee900000,0x00000000ee900000)
  from space 5120K, 0% used [0x00000000eee00000,0x00000000eee00000,0x00000000ef300000)
  to   space 5120K, 0% used [0x00000000ee900000,0x00000000ee900000,0x00000000eee00000)
 ParOldGen       total 111104K, used 20936K [0x00000000c0000000, 0x00000000c6c80000, 0x00000000eab00000)
  object space 111104K, 18% used [0x00000000c0000000,0x00000000c1472300,0x00000000c6c80000)
 Metaspace       used 4450K, capacity 5424K, committed 5632K, reserved 1056768K
  class space    used 450K, capacity 488K, committed 512K, reserved 1048576K
Event: 1.059 GC heap after
Heap after GC invocations=4 (full 1):
 PSYoungGen      total 68608K, used 3966K [0x00000000eab00000, 0x00000000ef300000, 0x0000000100000000)
  eden space 63488K, 0% used [0x00000000eab00000,0x00000000eab00000,0x00000000ee900000)
  from space 5120K, 77% used [0x00000000ee900000,0x00000000eecdfb08,0x00000000eee00000)
  to   space 5120K, 0% used [0x00000000eee00000,0x00000000eee00000,0x00000000ef300000)
 ParOldGen       total 111104K, used 20944K [0x00000000c0000000, 0x00000000c6c80000, 0x00000000eab00000)
  object space 111104K, 18% used [0x00000000c0000000,0x00000000c1474300,0x00000000c6c80000)
 Metaspace       used 4450K, capacity 5424K, committed 5632K, reserved 1056768K
  class space    used 450K, capacity 488K, committed 512K, reserved 1048576K
}

Deoptimization events (10 events):
Event: 0.733 Thread 0x0000000002767000 Uncommon trap: reason=class_check action=maybe_recompile pc=0x0000000002a6bcec method=com.android.dex.Leb128.readUnsignedLeb128(Lcom/android/dex/util/ByteInput;)I @ 5
Event: 0.733 Thread 0x0000000002767000 Uncommon trap: reason=class_check action=maybe_recompile pc=0x0000000002a6bcec method=com.android.dex.Leb128.readUnsignedLeb128(Lcom/android/dex/util/ByteInput;)I @ 5
Event: 0.733 Thread 0x0000000002767000 Uncommon trap: reason=predicate action=maybe_recompile pc=0x0000000002a6e908 method=com.android.dex.Leb128.writeUnsignedLeb128(Lcom/android/dex/util/ByteOutput;I)V @ 9
Event: 0.733 Thread 0x0000000002767000 Uncommon trap: reason=class_check action=maybe_recompile pc=0x0000000002a6bcec method=com.android.dex.Leb128.readUnsignedLeb128(Lcom/android/dex/util/ByteInput;)I @ 5
Event: 0.733 Thread 0x0000000002767000 Uncommon trap: reason=class_check action=maybe_recompile pc=0x0000000002a6bcec method=com.android.dex.Leb128.readUnsignedLeb128(Lcom/android/dex/util/ByteInput;)I @ 5
Event: 0.752 Thread 0x0000000002767000 Uncommon trap: reason=predicate action=maybe_recompile pc=0x0000000002b04dc0 method=com.android.dex.Leb128.readUnsignedLeb128(Lcom/android/dex/util/ByteInput;)I @ 41
Event: 0.865 Thread 0x0000000002767000 Uncommon trap: reason=unstable_if action=reinterpret pc=0x0000000002b07110 method=com.android.dex.EncodedValueCodec.readUnsignedInt(Lcom/android/dex/util/ByteInput;IZ)I @ 3
Event: 0.971 Thread 0x0000000002767000 Uncommon trap: reason=unstable_if action=reinterpret pc=0x0000000002ac6bd8 method=java.util.HashMap.getNode(ILjava/lang/Object;)Ljava/util/HashMap$Node; @ 84
Event: 0.972 Thread 0x0000000002767000 Uncommon trap: reason=unstable_if action=reinterpret pc=0x0000000002ace828 method=java.util.HashMap.getNode(ILjava/lang/Object;)Ljava/util/HashMap$Node; @ 84
Event: 1.011 Thread 0x0000000002767000 Uncommon trap: reason=unstable_if action=reinterpret pc=0x0000000002b60934 method=com.android.dx.merge.IndexMap.adjustString(I)I @ 2

Internal exceptions (2 events):
Event: 0.023 Thread 0x0000000002767000 Exception <a 'java/lang/NoSuchMethodError': Method sun.misc.Unsafe.defineClass(Ljava/lang/String;[BII)Ljava/lang/Class; name or signature does not match> (0x00000000eab07cc0) thrown at [C:\src\android\AOSP-openjdk\external\jetbrains\jdk\hotspot\src\share\v›es≠`,ó?
Event: 0.023 Thread 0x0000000002767000 Exception <a 'java/lang/NoSuchMethodError': Method sun.misc.Unsafe.prefetchRead(Ljava/lang/Object;J)V name or signature does not match> (0x00000000eab07fa8) thrown at [C:\src\android\AOSP-openjdk\external\jetbrains\jdk\hotspot\src\share\vm\prims\jni.cpp, l

Events (10 events):
Event: 1.217 Thread 0x0000000002767000 DEOPT PACKING pc=0x0000000002b61806 sp=0x000000000275f210
Event: 1.217 Thread 0x0000000002767000 DEOPT UNPACKING pc=0x00000000028a75bf sp=0x000000000275ef30 mode 0
Event: 1.218 Thread 0x0000000002767000 DEOPT PACKING pc=0x0000000002a9cfe5 sp=0x000000000275f200
Event: 1.218 Thread 0x0000000002767000 DEOPT UNPACKING pc=0x00000000028a75bf sp=0x000000000275ef30 mode 0
Event: 1.220 Thread 0x0000000002767000 DEOPT PACKING pc=0x0000000002b61806 sp=0x000000000275f210
Event: 1.220 Thread 0x0000000002767000 DEOPT UNPACKING pc=0x00000000028a75bf sp=0x000000000275ef30 mode 0
Event: 1.221 Thread 0x0000000002767000 DEOPT PACKING pc=0x0000000002a9cfe5 sp=0x000000000275f200
Event: 1.221 Thread 0x0000000002767000 DEOPT UNPACKING pc=0x00000000028a75bf sp=0x000000000275ef30 mode 0
Event: 1.222 Thread 0x0000000002767000 DEOPT PACKING pc=0x0000000002b61806 sp=0x000000000275f210
Event: 1.222 Thread 0x0000000002767000 DEOPT UNPACKING pc=0x00000000028a75bf sp=0x000000000275ef30 mode 0


Dynamic libraries:
0x00007ff75f820000 - 0x00007ff75f855000 	E:\Android\android-studio-ide-145.2915834-windows\jre\bin\java.exe
0x00007ffecf410000 - 0x00007ffecf5d1000 	C:\Windows\SYSTEM32\ntdll.dll
0x00007ffecef70000 - 0x00007ffecf01d000 	C:\Windows\system32\KERNEL32.DLL
0x00007ffecc330000 - 0x00007ffecc518000 	C:\Windows\system32\KERNELBASE.dll
0x00007ffecc9e0000 - 0x00007ffecca87000 	C:\Windows\system32\ADVAPI32.dll
0x00007ffece4c0000 - 0x00007ffece55d000 	C:\Windows\system32\msvcrt.dll
0x00007ffeccd10000 - 0x00007ffeccd6b000 	C:\Windows\system32\sechost.dll
0x00007ffece730000 - 0x00007ffece84c000 	C:\Windows\system32\RPCRT4.dll
0x00007ffece920000 - 0x00007ffecea76000 	C:\Windows\system32\USER32.dll
0x00007ffeccd90000 - 0x00007ffeccf16000 	C:\Windows\system32\GDI32.dll
0x00007ffebe600000 - 0x00007ffebe874000 	C:\Windows\WinSxS\amd64_microsoft.windows.common-controls_6595b64144ccf1df_6.0.10586.0_none_8c15ae12515e1c22\COMCTL32.dll
0x00007ffecca90000 - 0x00007ffeccd0d000 	C:\Windows\system32\combase.dll
0x00007ffecc520000 - 0x00007ffecc58a000 	C:\Windows\system32\bcryptPrimitives.dll
0x00007ffeccf20000 - 0x00007ffeccf5b000 	C:\Windows\system32\IMM32.DLL
0x000000005fdc0000 - 0x000000005fe92000 	E:\Android\android-studio-ide-145.2915834-windows\jre\jre\bin\msvcr100.dll
0x000000005ece0000 - 0x000000005f514000 	E:\Android\android-studio-ide-145.2915834-windows\jre\jre\bin\server\jvm.dll
0x00007ffecf1d0000 - 0x00007ffecf1d8000 	C:\Windows\system32\PSAPI.DLL
0x00007ffec9d40000 - 0x00007ffec9d63000 	C:\Windows\SYSTEM32\WINMM.dll
0x00007ffec1700000 - 0x00007ffec170a000 	C:\Windows\SYSTEM32\VERSION.dll
0x00007ffeca010000 - 0x00007ffeca019000 	C:\Windows\SYSTEM32\WSOCK32.dll
0x00007ffece560000 - 0x00007ffece5cb000 	C:\Windows\system32\WS2_32.dll
0x0000000002530000 - 0x000000000255c000 	C:\Windows\SYSTEM32\WINMMBASE.dll
0x00007ffecbbd0000 - 0x00007ffecbc13000 	C:\Windows\system32\cfgmgr32.dll
0x00007ffec91e0000 - 0x00007ffec91ef000 	E:\Android\android-studio-ide-145.2915834-windows\jre\jre\bin\verify.dll
0x00007ffec8e30000 - 0x00007ffec8e59000 	E:\Android\android-studio-ide-145.2915834-windows\jre\jre\bin\java.dll
0x00007ffec8e10000 - 0x00007ffec8e26000 	E:\Android\android-studio-ide-145.2915834-windows\jre\jre\bin\zip.dll
0x00007ffeccf60000 - 0x00007ffece4bc000 	C:\Windows\system32\SHELL32.dll
0x00007ffecbce0000 - 0x00007ffecc325000 	C:\Windows\system32\windows.storage.dll
0x00007ffecea80000 - 0x00007ffecead2000 	C:\Windows\system32\shlwapi.dll
0x00007ffecba90000 - 0x00007ffecba9f000 	C:\Windows\system32\kernel.appcore.dll
0x00007ffecbc20000 - 0x00007ffecbcd5000 	C:\Windows\system32\shcore.dll
0x00007ffecba30000 - 0x00007ffecba7b000 	C:\Windows\system32\powrprof.dll
0x00007ffecbaa0000 - 0x00007ffecbab4000 	C:\Windows\system32\profapi.dll

VM Arguments:
jvm_args: -Djava.awt.headless=true -Xmx1024M -Dfile.encoding=GBK -Duser.country=CN -Duser.language=zh -Duser.variant 
java_command: com.android.dx.command.Main --dex --num-threads=4 --output E:\Teapopo\app\build\intermediates\transforms\dex\debug\folders\1000\1f\main E:\Teapopo\app\build\intermediates\pre-dexed\debug\kenburnsview-1.0.6_7246cce9a56f4a0c7c616d76ac60d9376a09809a.jar E:\Teapopo\app\build\intermediates\pre-dexed\debug\me.yokeyword-fragmentation-0.5.7_31ba2a36b2fa4fd150b2dfa9ebf9ccc7227de868.jar E:\Teapopo\app\build\intermediates\pre-dexed\debug\ShareSDK-Line-2.7.1_9e83aedbc48ab9040e71511adb57c0808b544969.jar E:\Teapopo\app\build\intermediates\pre-dexed\debug\alipaySdk-20160516_867e23ae1dc6e781d61955b32bc4747b98bf405f.jar E:\Teapopo\app\build\intermediates\pre-dexed\debug\ShareSDK-Wechat-Moments-2.7.1_8acc68db4930c7688661ae216a503abb37cdc916.jar E:\Teapopo\app\build\intermediates\pre-dexed\debug\com.github.dmytrodanylyk.android-process-button-library-1.0.4_0b553d611ef91c854f3f3936b68d52c385c9798c.jar E:\Teapopo\app\build\intermediates\pre-dexed\debug\com.wrapp.floatlabelededittext-library-0.0.6_a8e2eb57d6bfb2cc1240b95e67ff279fbbb63789.jar E:\Teapopo\app\build\intermediates\pre-dexed\debug\ShareSDK-FacebookMessenger-2.7.1_16c524ae5155e0aa49f171952a8a2157c25778b3.jar E:\Teapopo\app\build\intermediates\pre-dexed\debug\ShareSDK-Pocket-2.7.1_82d46b9bc4f864df6e29232a8f7cd19ee6ae7c32.jar E:\Teapopo\app\build\intermediates\pre-dexed\debug\MobCommons-2016.0406.1915_aadbd2256b7018691f3067ff778e48c233d35be3.jar E:\Teapopo\app\build\intermediates\pre-dexed\debug\ShareSDK-Instapaper-2.7.1_402f67658a962a7a73b70ae321219fd46db748c0.jar E:\Teapopo\app\build\intermediates\pre-dexed\debug\ShareSDK-Foursquare-2.7.1_c37870adc6b53f5235b98c753100bc4c86864c17.jar E:\Teapopo\app\build\intermediates\pre-dexed\debug\com.commit451-PhotoView-1.2.5_bc9890e54f5b9c504e282b6b65c985f8c64286c1.jar E:\Teapopo\app\build\intermediates\pre-dexed\debug\logansquare-1.3.7_66792233ed20698d6db078c391784faf406bffe1.jar E:\Teapopo\app\build\intermediates\pre-dexed\debug\okhttp-3.2.0_f55d89d5337775cc52f87f2c7b73539
java_class_path (initial): C:\Users\lhq\AppData\Local\Android\sdk\build-tools\23.0.3\lib\dx.jar
Launcher Type: SUN_STANDARD

Environment Variables:
JAVA_HOME=C:\Program Files\Java\jdk1.8.0_91
PATH=C:\ProgramData\Oracle\Java\javapath;C:\Windows\system32;C:\Windows;C:\Windows\System32\Wbem;C:\Windows\System32\WindowsPowerShell\v1.0\;C:\Users\lhq\AppData\Local\Android\sdk\platform-tools;C:\Users\lhq\AppData\Local\Android\sdk\tools;C:\Program Files\Java\jdk1.8.0_91\bin;C:\Program Files\Java\jdk1.8.0_91\jre\bin
USERNAME=lhq
OS=Windows_NT
PROCESSOR_IDENTIFIER=Intel64 Family 6 Model 69 Stepping 1, GenuineIntel



---------------  S Y S T E M  ---------------

OS: Windows 10.0 , 64 bit Build 10586 (10.0.10586.0)

CPU:total 4 (2 cores per cpu, 2 threads per core) family 6 model 69 stepping 1, cmov, cx8, fxsr, mmx, sse, sse2, sse3, ssse3, sse4.1, sse4.2, popcnt, avx, avx2, aes, clmul, erms, lzcnt, ht, tsc, tscinvbit, bmi1, bmi2

Memory: 4k page, physical 8067548k(718544k free), swap 8067548k(7336k free)

vm_info: OpenJDK 64-Bit Server VM (25.76-b01) for windows-amd64 JRE (1.8.0_76-release-b01), built on May 12 2016 23:29:00 by "ralucas" with MS VC++ 10.0 (VS2010)

time: Fri Jul 08 11:26:21 2016
elapsed time: 1 seconds (0d 0h 0m 1s)

