#
# There is insufficient memory for the Java Runtime Environment to continue.
# Native memory allocation (malloc) failed to allocate 32744 bytes for ChunkPool::allocate
# Possible reasons:
#   The system is out of physical RAM or swap space
#   In 32 bit mode, the process size limit was hit
# Possible solutions:
#   Reduce memory load on the system
#   Increase physical memory or swap space
#   Check if swap backing store is full
#   Use 64 bit Java on a 64 bit OS
#   Decrease Java heap size (-Xmx/-Xms)
#   Decrease number of Java threads
#   Decrease Java thread stack sizes (-Xss)
#   Set larger code cache with -XX:ReservedCodeCacheSize=
# This output file may be truncated or incomplete.
#
#  Out of Memory Error (allocation.cpp:273), pid=728, tid=0x00000000000010ac
#
# JRE version: OpenJDK Runtime Environment (8.0_76-b01) (build 1.8.0_76-release-b01)
# Java VM: OpenJDK 64-Bit Server VM (25.76-b01 mixed mode windows-amd64 compressed oops)
# Failed to write core dump. Minidumps are not enabled by default on client versions of Windows
#

---------------  T H R E A D  ---------------

Current thread (0x0000000014c9d800):  JavaThread "C2 CompilerThread1" daemon [_thread_in_native, id=4268, stack(0x00000000166d0000,0x00000000167d0000)]

Stack: [0x00000000166d0000,0x00000000167d0000]
[error occurred during error reporting (printing stack bounds), id 0xc0000005]

Native frames: (J=compiled Java code, j=interpreted, Vv=VM code, C=native code)


Current CompileTask:
C2:   1721 1520       4       com.android.dx.ssa.SCCP::simulateBranch (666 bytes)


---------------  P R O C E S S  ---------------

Java Threads: ( => current thread )
  0x00000000165e3800 JavaThread "pool-1-thread-4" [_thread_blocked, id=1684, stack(0x0000000016ed0000,0x0000000016fd0000)]
  0x00000000165e3000 JavaThread "pool-1-thread-3" [_thread_blocked, id=3928, stack(0x0000000016dd0000,0x0000000016ed0000)]
  0x00000000165e0000 JavaThread "pool-1-thread-2" [_thread_blocked, id=7988, stack(0x0000000016cd0000,0x0000000016dd0000)]
  0x00000000166cd000 JavaThread "pool-2-thread-1" [_thread_blocked, id=4304, stack(0x0000000016bd0000,0x0000000016cd0000)]
  0x00000000166cc000 JavaThread "pool-1-thread-1" [_thread_blocked, id=788, stack(0x0000000016ad0000,0x0000000016bd0000)]
  0x0000000016337800 JavaThread "Service Thread" daemon [_thread_blocked, id=7476, stack(0x00000000168d0000,0x00000000169d0000)]
  0x0000000016328000 JavaThread "C1 CompilerThread2" daemon [_thread_blocked, id=4348, stack(0x00000000167d0000,0x00000000168d0000)]
=>0x0000000014c9d800 JavaThread "C2 CompilerThread1" daemon [_thread_in_native, id=4268, stack(0x00000000166d0000,0x00000000167d0000)]
  0x0000000014c4d800 JavaThread "C2 CompilerThread0" daemon [_thread_in_native, id=3196, stack(0x00000000161d0000,0x00000000162d0000)]
  0x0000000014c4c000 JavaThread "Attach Listener" daemon [_thread_blocked, id=5640, stack(0x00000000160d0000,0x00000000161d0000)]
  0x0000000014c4b000 JavaThread "Signal Dispatcher" daemon [_thread_blocked, id=5456, stack(0x0000000015fd0000,0x00000000160d0000)]
  0x0000000014c28800 JavaThread "Finalizer" daemon [_thread_blocked, id=6788, stack(0x0000000015ed0000,0x0000000015fd0000)]
  0x00000000024c0000 JavaThread "Reference Handler" daemon [_thread_blocked, id=3324, stack(0x0000000015dd0000,0x0000000015ed0000)]
  0x00000000023d0800 JavaThread "main" [_thread_blocked, id=6164, stack(0x0000000001f50000,0x0000000002050000)]

Other Threads:
  0x0000000014c05800 VMThread [stack: 0x0000000015cd0000,0x0000000015dd0000] [id=4916]
  0x0000000016339800 WatcherThread [stack: 0x00000000169d0000,0x0000000016ad0000] [id=3608]

VM state:at safepoint (normal execution)

VM Mutex/Monitor currently owned by a thread:  ([mutex/lock_event])
[0x000000000256c560] Threads_lock - owner thread: 0x0000000014c05800
[0x000000000256bfe0] Heap_lock - owner thread: 0x00000000165e0000

Heap:
 PSYoungGen      total 36864K, used 36840K [0x00000000eab00000, 0x00000000ed400000, 0x0000000100000000)
  eden space 31744K, 100% used [0x00000000eab00000,0x00000000eca00000,0x00000000eca00000)
  from space 5120K, 99% used [0x00000000ecf00000,0x00000000ed3fa248,0x00000000ed400000)
  to   space 5120K, 99% used [0x00000000eca00000,0x00000000ecefe058,0x00000000ecf00000)
 ParOldGen       total 84992K, used 7928K [0x00000000c0000000, 0x00000000c5300000, 0x00000000eab00000)
  object space 84992K, 9% used [0x00000000c0000000,0x00000000c07be028,0x00000000c5300000)
 Metaspace       used 6223K, capacity 7026K, committed 7296K, reserved 1056768K
  class space    used 593K, capacity 618K, committed 640K, reserved 1048576K

Card table byte_map: [0x0000000011930000,0x0000000011b40000] byte_map_base: 0x0000000011330000

Marking Bits: (ParMarkBitMap*) 0x000000005e0b9d00
 Begin Bits: [0x00000000120a0000, 0x00000000130a0000)
 End Bits:   [0x00000000130a0000, 0x00000000140a0000)

Polling page: 0x0000000000520000

CodeCache: size=245760Kb used=5909Kb max_used=5909Kb free=239850Kb
 bounds [0x0000000002570000, 0x0000000002b40000, 0x0000000011570000]
 total_blobs=1825 nmethods=1555 adapters=184
 compilation: enabled

Compilation events (10 events):
Event: 1.662 Thread 0x0000000016328000 nmethod 1573 0x0000000002b34a10 code [0x0000000002b34c40, 0x0000000002b352e8]
Event: 1.667 Thread 0x0000000016328000 1575       2       com.android.dx.rop.type.Type::getComponentType (70 bytes)
Event: 1.668 Thread 0x0000000016328000 nmethod 1575 0x0000000002b35e50 code [0x0000000002b36020, 0x0000000002b36508]
Event: 1.675 Thread 0x0000000016328000 1576       2       com.android.dx.ssa.NormalSsaInsn::changeOneSource (120 bytes)
Event: 1.676 Thread 0x0000000016328000 nmethod 1576 0x0000000002b36850 code [0x0000000002b36a60, 0x0000000002b371b8]
Event: 1.682 Thread 0x0000000016328000 1577       1       com.android.dx.cf.attrib.InnerClassList$Item::getInnerClass (5 bytes)
Event: 1.682 Thread 0x0000000016328000 nmethod 1577 0x0000000002b04510 code [0x0000000002b04660, 0x0000000002b04770]
Event: 1.694 Thread 0x0000000016328000 1580 %     3       com.android.dx.ssa.back.FirstFitLocalCombiningAllocator::handleNormalUnassociated @ 10 (99 bytes)
Event: 1.696 Thread 0x0000000016328000 nmethod 1580% 0x0000000002b37b90 code [0x0000000002b37e60, 0x0000000002b392b8]
Event: 1.707 Thread 0x0000000016328000 1581       2       com.android.dx.ssa.back.FirstFitLocalCombiningAllocator::handleInvokeRangeInsns (36 bytes)

GC Heap History (5 events):
Event: 1.012 GC heap before
{Heap before GC invocations=1 (full 0):
 PSYoungGen      total 36864K, used 31744K [0x00000000eab00000, 0x00000000ed400000, 0x0000000100000000)
  eden space 31744K, 100% used [0x00000000eab00000,0x00000000eca00000,0x00000000eca00000)
  from space 5120K, 0% used [0x00000000ecf00000,0x00000000ecf00000,0x00000000ed400000)
  to   space 5120K, 0% used [0x00000000eca00000,0x00000000eca00000,0x00000000ecf00000)
 ParOldGen       total 84992K, used 0K [0x00000000c0000000, 0x00000000c5300000, 0x00000000eab00000)
  object space 84992K, 0% used [0x00000000c0000000,0x00000000c0000000,0x00000000c5300000)
 Metaspace       used 5872K, capacity 6832K, committed 7040K, reserved 1056768K
  class space    used 573K, capacity 616K, committed 640K, reserved 1048576K
Event: 1.022 GC heap after
Heap after GC invocations=1 (full 0):
 PSYoungGen      total 36864K, used 5090K [0x00000000eab00000, 0x00000000ed400000, 0x0000000100000000)
  eden space 31744K, 0% used [0x00000000eab00000,0x00000000eab00000,0x00000000eca00000)
  from space 5120K, 99% used [0x00000000eca00000,0x00000000ecef8ae8,0x00000000ecf00000)
  to   space 5120K, 0% used [0x00000000ecf00000,0x00000000ecf00000,0x00000000ed400000)
 ParOldGen       total 84992K, used 1619K [0x00000000c0000000, 0x00000000c5300000, 0x00000000eab00000)
  object space 84992K, 1% used [0x00000000c0000000,0x00000000c0194d30,0x00000000c5300000)
 Metaspace       used 5872K, capacity 6832K, committed 7040K, reserved 1056768K
  class space    used 573K, capacity 616K, committed 640K, reserved 1048576K
}
Event: 1.489 GC heap before
{Heap before GC invocations=2 (full 0):
 PSYoungGen      total 36864K, used 36834K [0x00000000eab00000, 0x00000000ed400000, 0x0000000100000000)
  eden space 31744K, 100% used [0x00000000eab00000,0x00000000eca00000,0x00000000eca00000)
  from space 5120K, 99% used [0x00000000eca00000,0x00000000ecef8ae8,0x00000000ecf00000)
  to   space 5120K, 0% used [0x00000000ecf00000,0x00000000ecf00000,0x00000000ed400000)
 ParOldGen       total 84992K, used 1619K [0x00000000c0000000, 0x00000000c5300000, 0x00000000eab00000)
  object space 84992K, 1% used [0x00000000c0000000,0x00000000c0194d30,0x00000000c5300000)
 Metaspace       used 6185K, capacity 7026K, committed 7296K, reserved 1056768K
  class space    used 593K, capacity 618K, committed 640K, reserved 1048576K
Event: 1.513 GC heap after
Heap after GC invocations=2 (full 0):
 PSYoungGen      total 36864K, used 5096K [0x00000000eab00000, 0x00000000ed400000, 0x0000000100000000)
  eden space 31744K, 0% used [0x00000000eab00000,0x00000000eab00000,0x00000000eca00000)
  from space 5120K, 99% used [0x00000000ecf00000,0x00000000ed3fa248,0x00000000ed400000)
  to   space 5120K, 0% used [0x00000000eca00000,0x00000000eca00000,0x00000000ecf00000)
 ParOldGen       total 84992K, used 7279K [0x00000000c0000000, 0x00000000c5300000, 0x00000000eab00000)
  object space 84992K, 8% used [0x00000000c0000000,0x00000000c071be28,0x00000000c5300000)
 Metaspace       used 6185K, capacity 7026K, committed 7296K, reserved 1056768K
  class space    used 593K, capacity 618K, committed 640K, reserved 1048576K
}
Event: 1.707 GC heap before
{Heap before GC invocations=3 (full 0):
 PSYoungGen      total 36864K, used 36840K [0x00000000eab00000, 0x00000000ed400000, 0x0000000100000000)
  eden space 31744K, 100% used [0x00000000eab00000,0x00000000eca00000,0x00000000eca00000)
  from space 5120K, 99% used [0x00000000ecf00000,0x00000000ed3fa248,0x00000000ed400000)
  to   space 5120K, 0% used [0x00000000eca00000,0x00000000eca00000,0x00000000ecf00000)
 ParOldGen       total 84992K, used 7279K [0x00000000c0000000, 0x00000000c5300000, 0x00000000eab00000)
  object space 84992K, 8% used [0x00000000c0000000,0x00000000c071be28,0x00000000c5300000)
 Metaspace       used 6223K, capacity 7026K, committed 7296K, reserved 1056768K
  class space    used 593K, capacity 618K, committed 640K, reserved 1048576K

Deoptimization events (10 events):
Event: 0.362 Thread 0x00000000023d0800 Uncommon trap: reason=unstable_if action=reinterpret pc=0x00000000026aea90 method=java.lang.String.indexOf(II)I @ 49
Event: 0.607 Thread 0x00000000165e3800 Uncommon trap: reason=unstable_if action=reinterpret pc=0x00000000027971c8 method=java.util.HashMap.getNode(ILjava/lang/Object;)Ljava/util/HashMap$Node; @ 62
Event: 0.814 Thread 0x00000000166cc000 Uncommon trap: reason=null_check action=make_not_entrant pc=0x0000000002875e74 method=com.android.dx.ssa.SsaRenamer.getLocalForNewReg(I)Lcom/android/dx/rop/code/LocalItem; @ 19
Event: 0.995 Thread 0x00000000023d0800 Uncommon trap: reason=bimorphic action=maybe_recompile pc=0x00000000027be224 method=java.util.HashMap.getNode(ILjava/lang/Object;)Ljava/util/HashMap$Node; @ 126
Event: 1.023 Thread 0x00000000165e3800 Uncommon trap: reason=unstable_if action=reinterpret pc=0x000000000287c16c method=java.util.HashMap.putVal(ILjava/lang/Object;Ljava/lang/Object;ZZ)Ljava/lang/Object; @ 162
Event: 1.028 Thread 0x00000000165e3800 Uncommon trap: reason=unstable_if action=reinterpret pc=0x00000000027be20c method=java.util.HashMap.getNode(ILjava/lang/Object;)Ljava/util/HashMap$Node; @ 84
Event: 1.084 Thread 0x00000000165e3000 Uncommon trap: reason=bimorphic action=maybe_recompile pc=0x00000000027fbee4 method=java.util.HashMap.getNode(ILjava/lang/Object;)Ljava/util/HashMap$Node; @ 126
Event: 1.090 Thread 0x00000000166cc000 Uncommon trap: reason=unstable_if action=reinterpret pc=0x00000000027fbec4 method=java.util.HashMap.getNode(ILjava/lang/Object;)Ljava/util/HashMap$Node; @ 84
Event: 1.477 Thread 0x00000000166cc000 Uncommon trap: reason=unstable_if action=reinterpret pc=0x0000000002ac3964 method=com.android.dx.ssa.SCCP.simulateStmt(Lcom/android/dx/ssa/SsaInsn;)V @ 59
Event: 1.479 Thread 0x00000000166cc000 Uncommon trap: reason=unstable_if action=reinterpret pc=0x00000000029f6218 method=java.util.HashMap.putVal(ILjava/lang/Object;Ljava/lang/Object;ZZ)Ljava/lang/Object; @ 109

Internal exceptions (6 events):
Event: 0.041 Thread 0x00000000023d0800 Exception <a 'java/lang/NoSuchMethodError': Method sun.misc.Unsafe.defineClass(Ljava/lang/String;[BII)Ljava/lang/Class; name or signature does not match> (0x00000000eab07cc0) thrown at [C:\src\android\AOSP-openjdk\external\jetbrains\jdk\hotspot\src\share\vTy·ÜüÚ§?
Event: 0.041 Thread 0x00000000023d0800 Exception <a 'java/lang/NoSuchMethodError': Method sun.misc.Unsafe.prefetchRead(Ljava/lang/Object;J)V name or signature does not match> (0x00000000eab07fa8) thrown at [C:\src\android\AOSP-openjdk\external\jetbrains\jdk\hotspot\src\share\vm\prims\jni.cpp, lè˜e‘ŸÍ?
Event: 0.814 Thread 0x00000000166cc000 Implicit null exception at 0x0000000002873795 to 0x0000000002875e2d
Event: 1.025 Thread 0x00000000165e3800 Exception <a 'java/lang/ArrayIndexOutOfBoundsException': 18> (0x00000000eab5ca60) thrown at [C:\src\android\AOSP-openjdk\external\jetbrains\jdk\hotspot\src\share\vm\interpreter\interpreterRuntime.cpp, line 366]
Event: 1.025 Thread 0x00000000165e3800 Exception <a 'java/lang/ArrayIndexOutOfBoundsException': 145> (0x00000000eab5e5e0) thrown at [C:\src\android\AOSP-openjdk\external\jetbrains\jdk\hotspot\src\share\vm\interpreter\interpreterRuntime.cpp, line 366]
Event: 1.028 Thread 0x00000000165e3800 Exception <a 'java/lang/ArrayIndexOutOfBoundsException': 40> (0x00000000eab5f8c8) thrown at [C:\src\android\AOSP-openjdk\external\jetbrains\jdk\hotspot\src\share\vm\interpreter\interpreterRuntime.cpp, line 366]

Events (10 events):
Event: 1.479 Thread 0x00000000166cc000 Uncommon trap: trap_request=0xffffff65 fr.pc=0x00000000029f6218
Event: 1.479 Thread 0x00000000166cc000 DEOPT PACKING pc=0x00000000029f6218 sp=0x0000000016bce810
Event: 1.479 Thread 0x00000000166cc000 DEOPT UNPACKING pc=0x00000000025b556a sp=0x0000000016bce7a0 mode 2
Event: 1.489 Executing VM operation: ParallelGCFailedAllocation
Event: 1.513 Executing VM operation: ParallelGCFailedAllocation done
Event: 1.515 Thread 0x00000000166cc000 DEOPT PACKING pc=0x000000000292c841 sp=0x0000000016bce870
Event: 1.515 Thread 0x00000000166cc000 DEOPT UNPACKING pc=0x00000000025b75bf sp=0x0000000016bce638 mode 0
Event: 1.568 Thread 0x00000000023d0800 DEOPT PACKING pc=0x000000000292c841 sp=0x000000000204e4b0
Event: 1.568 Thread 0x00000000023d0800 DEOPT UNPACKING pc=0x00000000025b75bf sp=0x000000000204e278 mode 0
Event: 1.707 Executing VM operation: ParallelGCFailedAllocation


Dynamic libraries:
0x00007ff75b500000 - 0x00007ff75b535000 	E:\Android\android-studio-ide-145.2915834-windows\jre\bin\java.exe
0x00007ffbe4110000 - 0x00007ffbe42d1000 	C:\Windows\SYSTEM32\ntdll.dll
0x00007ffbe2080000 - 0x00007ffbe212d000 	C:\Windows\system32\KERNEL32.DLL
0x00007ffbe0ec0000 - 0x00007ffbe10a8000 	C:\Windows\system32\KERNELBASE.dll
0x00007ffbe3c80000 - 0x00007ffbe3d27000 	C:\Windows\system32\ADVAPI32.dll
0x00007ffbe4070000 - 0x00007ffbe410d000 	C:\Windows\system32\msvcrt.dll
0x00007ffbe22d0000 - 0x00007ffbe232b000 	C:\Windows\system32\sechost.dll
0x00007ffbe1d60000 - 0x00007ffbe1e7c000 	C:\Windows\system32\RPCRT4.dll
0x00007ffbe1970000 - 0x00007ffbe1ac6000 	C:\Windows\system32\USER32.dll
0x00007ffbe2140000 - 0x00007ffbe22c6000 	C:\Windows\system32\GDI32.dll
0x00007ffbd49b0000 - 0x00007ffbd4c24000 	C:\Windows\WinSxS\amd64_microsoft.windows.common-controls_6595b64144ccf1df_6.0.10586.0_none_8c15ae12515e1c22\COMCTL32.dll
0x00007ffbe24a0000 - 0x00007ffbe271d000 	C:\Windows\system32\combase.dll
0x00007ffbe14a0000 - 0x00007ffbe150a000 	C:\Windows\system32\bcryptPrimitives.dll
0x00007ffbe1ef0000 - 0x00007ffbe1f2b000 	C:\Windows\system32\IMM32.DLL
0x000000005d820000 - 0x000000005d8f2000 	E:\Android\android-studio-ide-145.2915834-windows\jre\jre\bin\msvcr100.dll
0x000000005d900000 - 0x000000005e134000 	E:\Android\android-studio-ide-145.2915834-windows\jre\jre\bin\server\jvm.dll
0x00007ffbe1530000 - 0x00007ffbe1538000 	C:\Windows\system32\PSAPI.DLL
0x00007ffbdd900000 - 0x00007ffbdd909000 	C:\Windows\SYSTEM32\WSOCK32.dll
0x00007ffbe3d30000 - 0x00007ffbe3d9b000 	C:\Windows\system32\WS2_32.dll
0x00007ffbdea60000 - 0x00007ffbdea83000 	C:\Windows\SYSTEM32\WINMM.dll
0x00007ffbd61b0000 - 0x00007ffbd61ba000 	C:\Windows\SYSTEM32\VERSION.dll
0x00007ffbdea00000 - 0x00007ffbdea2c000 	C:\Windows\SYSTEM32\WINMMBASE.dll
0x00007ffbe1300000 - 0x00007ffbe1343000 	C:\Windows\system32\cfgmgr32.dll
0x00007ffbdbbd0000 - 0x00007ffbdbbdf000 	E:\Android\android-studio-ide-145.2915834-windows\jre\jre\bin\verify.dll
0x00007ffbdba90000 - 0x00007ffbdbab9000 	E:\Android\android-studio-ide-145.2915834-windows\jre\jre\bin\java.dll
0x00007ffbdba70000 - 0x00007ffbdba86000 	E:\Android\android-studio-ide-145.2915834-windows\jre\jre\bin\zip.dll
0x00007ffbe2720000 - 0x00007ffbe3c7c000 	C:\Windows\system32\SHELL32.dll
0x00007ffbe07c0000 - 0x00007ffbe0e05000 	C:\Windows\system32\windows.storage.dll
0x00007ffbe2440000 - 0x00007ffbe2492000 	C:\Windows\system32\shlwapi.dll
0x00007ffbe0730000 - 0x00007ffbe073f000 	C:\Windows\system32\kernel.appcore.dll
0x00007ffbe1350000 - 0x00007ffbe1405000 	C:\Windows\system32\shcore.dll
0x00007ffbe0770000 - 0x00007ffbe07bb000 	C:\Windows\system32\powrprof.dll
0x00007ffbe0740000 - 0x00007ffbe0754000 	C:\Windows\system32\profapi.dll

VM Arguments:
jvm_args: -Djava.awt.headless=true -Xmx1024M -Dfile.encoding=GBK -Duser.country=CN -Duser.language=zh -Duser.variant 
java_command: com.android.dx.command.Main --dex --num-threads=4 --output E:\Teapopo\app\build\intermediates\pre-dexed\debug\okhttp-3.2.0_f55d89d5337775cc52f87f2c7b73539820543a5b.jar C:\Users\lhq\.gradle\caches\modules-2\files-2.1\com.squareup.okhttp3\okhttp\3.2.0\f7873a2ebde246a45c2a8d6f3247108b4c88a879\okhttp-3.2.0.jar
java_class_path (initial): C:\Users\lhq\AppData\Local\Android\sdk\build-tools\23.0.3\lib\dx.jar
Launcher Type: SUN_STANDARD

Environment Variables:
JAVA_HOME=C:\Program Files\Java\jdk1.8.0_91
PATH=C:\ProgramData\Oracle\Java\javapath;C:\Windows\system32;C:\Windows;C:\Windows\System32\Wbem;C:\Windows\System32\WindowsPowerShell\v1.0\;C:\Users\lhq\AppData\Local\Android\sdk\platform-tools;C:\Users\lhq\AppData\Local\Android\sdk\tools;C:\Program Files\Java\jdk1.8.0_91\bin;C:\Program Files\Java\jdk1.8.0_91\jre\bin
USERNAME=lhq
OS=Windows_NT
PROCESSOR_IDENTIFIER=Intel64 Family 6 Model 69 Stepping 1, GenuineIntel



---------------  S Y S T E M  ---------------

OS: Windows 10.0 , 64 bit Build 10586 (10.0.10586.0)

CPU:total 4 (2 cores per cpu, 2 threads per core) family 6 model 69 stepping 1, cmov, cx8, fxsr, mmx, sse, sse2, sse3, ssse3, sse4.1, sse4.2, popcnt, avx, avx2, aes, clmul, erms, lzcnt, ht, tsc, tscinvbit, bmi1, bmi2

Memory: 4k page, physical 8067548k(616808k free), swap 8067548k(5144k free)

vm_info: OpenJDK 64-Bit Server VM (25.76-b01) for windows-amd64 JRE (1.8.0_76-release-b01), built on May 12 2016 23:29:00 by "ralucas" with MS VC++ 10.0 (VS2010)

time: Fri Jul 15 11:51:19 2016
elapsed time: 1 seconds (0d 0h 0m 1s)

