#
# There is insufficient memory for the Java Runtime Environment to continue.
# Native memory allocation (malloc) failed to allocate 280656 bytes for Chunk::new
# Possible reasons:
#   The system is out of physical RAM or swap space
#   In 32 bit mode, the process size limit was hit
# Possible solutions:
#   Reduce memory load on the system
#   Increase physical memory or swap space
#   Check if swap backing store is full
#   Use 64 bit Java on a 64 bit OS
#   Decrease Java heap size (-Xmx/-Xms)
#   Decrease number of Java threads
#   Decrease Java thread stack sizes (-Xss)
#   Set larger code cache with -XX:ReservedCodeCacheSize=
# This output file may be truncated or incomplete.
#
#  Out of Memory Error (allocation.cpp:390), pid=56152, tid=0x000000000000e638
#
# JRE version: OpenJDK Runtime Environment (8.0_76-b01) (build 1.8.0_76-release-b01)
# Java VM: OpenJDK 64-Bit Server VM (25.76-b01 mixed mode windows-amd64 compressed oops)
# Failed to write core dump. Minidumps are not enabled by default on client versions of Windows
#

---------------  T H R E A D  ---------------

Current thread (0x0000000014e37000):  JavaThread "C2 CompilerThread0" daemon [_thread_in_native, id=58936, stack(0x0000000016340000,0x0000000016440000)]

Stack: [0x0000000016340000,0x0000000016440000]
[error occurred during error reporting (printing stack bounds), id 0xc0000005]

Native frames: (J=compiled Java code, j=interpreted, Vv=VM code, C=native code)


Current CompileTask:
C2:   2139 1841   !   4       com.android.dx.cf.cst.ConstantPoolParser::parse0 (731 bytes)


---------------  P R O C E S S  ---------------

Java Threads: ( => current thread )
  0x0000000016719000 JavaThread "pool-1-thread-4" [_thread_in_Java, id=20076, stack(0x0000000017040000,0x0000000017140000)]
  0x0000000016718000 JavaThread "pool-1-thread-3" [_thread_in_Java, id=57928, stack(0x0000000016f40000,0x0000000017040000)]
  0x000000001669a800 JavaThread "pool-1-thread-2" [_thread_blocked, id=54436, stack(0x0000000016e40000,0x0000000016f40000)]
  0x000000001669a000 JavaThread "pool-2-thread-1" [_thread_blocked, id=59552, stack(0x0000000016d40000,0x0000000016e40000)]
  0x0000000016710800 JavaThread "pool-1-thread-1" [_thread_blocked, id=59712, stack(0x0000000016c40000,0x0000000016d40000)]
  0x00000000165d2800 JavaThread "Service Thread" daemon [_thread_blocked, id=57500, stack(0x0000000016a40000,0x0000000016b40000)]
  0x0000000014e3e000 JavaThread "C1 CompilerThread2" daemon [_thread_blocked, id=59788, stack(0x0000000016940000,0x0000000016a40000)]
  0x0000000014e3b000 JavaThread "C2 CompilerThread1" daemon [_thread_in_native, id=55172, stack(0x0000000016440000,0x0000000016540000)]
=>0x0000000014e37000 JavaThread "C2 CompilerThread0" daemon [_thread_in_native, id=58936, stack(0x0000000016340000,0x0000000016440000)]
  0x0000000014dec800 JavaThread "Attach Listener" daemon [_thread_blocked, id=58776, stack(0x0000000016240000,0x0000000016340000)]
  0x0000000014deb000 JavaThread "Signal Dispatcher" daemon [_thread_blocked, id=52832, stack(0x0000000016140000,0x0000000016240000)]
  0x0000000014dc8800 JavaThread "Finalizer" daemon [_thread_blocked, id=59104, stack(0x0000000016040000,0x0000000016140000)]
  0x0000000002700000 JavaThread "Reference Handler" daemon [_thread_blocked, id=59660, stack(0x0000000015f40000,0x0000000016040000)]
  0x0000000002610800 JavaThread "main" [_thread_in_native, id=57692, stack(0x0000000002510000,0x0000000002610000)]

Other Threads:
  0x0000000014da5800 VMThread [stack: 0x0000000015e40000,0x0000000015f40000] [id=4916]
  0x00000000165d5800 WatcherThread [stack: 0x0000000016b40000,0x0000000016c40000] [id=60332]

VM state:not at safepoint (normal execution)

VM Mutex/Monitor currently owned by a thread: None

Heap:
 PSYoungGen      total 36864K, used 22919K [0x00000000eab00000, 0x00000000ed400000, 0x0000000100000000)
  eden space 31744K, 56% used [0x00000000eab00000,0x00000000ebc688c0,0x00000000eca00000)
  from space 5120K, 99% used [0x00000000eca00000,0x00000000ecef9600,0x00000000ecf00000)
  to   space 5120K, 0% used [0x00000000ecf00000,0x00000000ecf00000,0x00000000ed400000)
 ParOldGen       total 84992K, used 22938K [0x00000000c0000000, 0x00000000c5300000, 0x00000000eab00000)
  object space 84992K, 26% used [0x00000000c0000000,0x00000000c1666a38,0x00000000c5300000)
 Metaspace       used 6207K, capacity 7216K, committed 7296K, reserved 1056768K
  class space    used 565K, capacity 616K, committed 640K, reserved 1048576K

Card table byte_map: [0x0000000011ad0000,0x0000000011ce0000] byte_map_base: 0x00000000114d0000

Marking Bits: (ParMarkBitMap*) 0x0000000076459d00
 Begin Bits: [0x0000000012240000, 0x0000000013240000)
 End Bits:   [0x0000000013240000, 0x0000000014240000)

Polling page: 0x0000000000520000

CodeCache: size=245760Kb used=7381Kb max_used=7397Kb free=238378Kb
 bounds [0x0000000002710000, 0x0000000002e60000, 0x0000000011710000]
 total_blobs=2152 nmethods=1888 adapters=177
 compilation: enabled

Compilation events (10 events):
Event: 2.091 Thread 0x0000000014e3e000 1915       2       java.util.concurrent.locks.AbstractQueuedSynchronizer$ConditionObject::doSignal (43 bytes)
Event: 2.092 Thread 0x0000000014e3e000 nmethod 1915 0x0000000002e36a50 code [0x0000000002e36bc0, 0x0000000002e36e08]
Event: 2.119 Thread 0x0000000014e3e000 1917       2       java.util.concurrent.ArrayBlockingQueue::dequeue (75 bytes)
Event: 2.119 Thread 0x0000000014e3e000 nmethod 1917 0x0000000002e36310 code [0x0000000002e364a0, 0x0000000002e367d8]
Event: 2.123 Thread 0x0000000014e3e000 1920       2       com.android.dx.rop.code.Rops::pickBinaryOp (158 bytes)
Event: 2.124 Thread 0x0000000014e3e000 nmethod 1920 0x0000000002e35610 code [0x0000000002e35800, 0x0000000002e35e18]
Event: 2.126 Thread 0x0000000014e3e000 1921       2       com.android.dx.ssa.ConstCollector$1::compare (13 bytes)
Event: 2.127 Thread 0x0000000014e3e000 nmethod 1921 0x0000000002e35210 code [0x0000000002e35380, 0x0000000002e35548]
Event: 2.133 Thread 0x0000000014e3b000 nmethod 1853 0x0000000002e4d6d0 code [0x0000000002e4d8e0, 0x0000000002e4ecc8]
Event: 2.133 Thread 0x0000000014e3b000 1919       4       com.android.dx.rop.code.LocalVariableExtractor::processBlock (327 bytes)

GC Heap History (10 events):
Event: 0.811 GC heap before
{Heap before GC invocations=1 (full 0):
 PSYoungGen      total 36864K, used 31744K [0x00000000eab00000, 0x00000000ed400000, 0x0000000100000000)
  eden space 31744K, 100% used [0x00000000eab00000,0x00000000eca00000,0x00000000eca00000)
  from space 5120K, 0% used [0x00000000ecf00000,0x00000000ecf00000,0x00000000ed400000)
  to   space 5120K, 0% used [0x00000000eca00000,0x00000000eca00000,0x00000000ecf00000)
 ParOldGen       total 84992K, used 0K [0x00000000c0000000, 0x00000000c5300000, 0x00000000eab00000)
  object space 84992K, 0% used [0x00000000c0000000,0x00000000c0000000,0x00000000c5300000)
 Metaspace       used 5775K, capacity 6896K, committed 7040K, reserved 1056768K
  class space    used 555K, capacity 616K, committed 640K, reserved 1048576K
Event: 0.823 GC heap after
Heap after GC invocations=1 (full 0):
 PSYoungGen      total 36864K, used 5092K [0x00000000eab00000, 0x00000000ed400000, 0x0000000100000000)
  eden space 31744K, 0% used [0x00000000eab00000,0x00000000eab00000,0x00000000eca00000)
  from space 5120K, 99% used [0x00000000eca00000,0x00000000ecef9390,0x00000000ecf00000)
  to   space 5120K, 0% used [0x00000000ecf00000,0x00000000ecf00000,0x00000000ed400000)
 ParOldGen       total 84992K, used 4050K [0x00000000c0000000, 0x00000000c5300000, 0x00000000eab00000)
  object space 84992K, 4% used [0x00000000c0000000,0x00000000c03f4a38,0x00000000c5300000)
 Metaspace       used 5775K, capacity 6896K, committed 7040K, reserved 1056768K
  class space    used 555K, capacity 616K, committed 640K, reserved 1048576K
}
Event: 1.238 GC heap before
{Heap before GC invocations=2 (full 0):
 PSYoungGen      total 36864K, used 36836K [0x00000000eab00000, 0x00000000ed400000, 0x0000000100000000)
  eden space 31744K, 100% used [0x00000000eab00000,0x00000000eca00000,0x00000000eca00000)
  from space 5120K, 99% used [0x00000000eca00000,0x00000000ecef9390,0x00000000ecf00000)
  to   space 5120K, 0% used [0x00000000ecf00000,0x00000000ecf00000,0x00000000ed400000)
 ParOldGen       total 84992K, used 4050K [0x00000000c0000000, 0x00000000c5300000, 0x00000000eab00000)
  object space 84992K, 4% used [0x00000000c0000000,0x00000000c03f4a38,0x00000000c5300000)
 Metaspace       used 6055K, capacity 7152K, committed 7296K, reserved 1056768K
  class space    used 565K, capacity 616K, committed 640K, reserved 1048576K
Event: 1.256 GC heap after
Heap after GC invocations=2 (full 0):
 PSYoungGen      total 36864K, used 5105K [0x00000000eab00000, 0x00000000ed400000, 0x0000000100000000)
  eden space 31744K, 0% used [0x00000000eab00000,0x00000000eab00000,0x00000000eca00000)
  from space 5120K, 99% used [0x00000000ecf00000,0x00000000ed3fc738,0x00000000ed400000)
  to   space 5120K, 0% used [0x00000000eca00000,0x00000000eca00000,0x00000000ecf00000)
 ParOldGen       total 84992K, used 8786K [0x00000000c0000000, 0x00000000c5300000, 0x00000000eab00000)
  object space 84992K, 10% used [0x00000000c0000000,0x00000000c0894850,0x00000000c5300000)
 Metaspace       used 6055K, capacity 7152K, committed 7296K, reserved 1056768K
  class space    used 565K, capacity 616K, committed 640K, reserved 1048576K
}
Event: 1.450 GC heap before
{Heap before GC invocations=3 (full 0):
 PSYoungGen      total 36864K, used 36849K [0x00000000eab00000, 0x00000000ed400000, 0x0000000100000000)
  eden space 31744K, 100% used [0x00000000eab00000,0x00000000eca00000,0x00000000eca00000)
  from space 5120K, 99% used [0x00000000ecf00000,0x00000000ed3fc738,0x00000000ed400000)
  to   space 5120K, 0% used [0x00000000eca00000,0x00000000eca00000,0x00000000ecf00000)
 ParOldGen       total 84992K, used 8786K [0x00000000c0000000, 0x00000000c5300000, 0x00000000eab00000)
  object space 84992K, 10% used [0x00000000c0000000,0x00000000c0894850,0x00000000c5300000)
 Metaspace       used 6091K, capacity 7152K, committed 7296K, reserved 1056768K
  class space    used 565K, capacity 616K, committed 640K, reserved 1048576K
Event: 1.467 GC heap after
Heap after GC invocations=3 (full 0):
 PSYoungGen      total 36864K, used 5119K [0x00000000eab00000, 0x00000000ed400000, 0x0000000100000000)
  eden space 31744K, 0% used [0x00000000eab00000,0x00000000eab00000,0x00000000eca00000)
  from space 5120K, 99% used [0x00000000eca00000,0x00000000eceffc30,0x00000000ecf00000)
  to   space 5120K, 0% used [0x00000000ecf00000,0x00000000ecf00000,0x00000000ed400000)
 ParOldGen       total 84992K, used 12910K [0x00000000c0000000, 0x00000000c5300000, 0x00000000eab00000)
  object space 84992K, 15% used [0x00000000c0000000,0x00000000c0c9b8a0,0x00000000c5300000)
 Metaspace       used 6091K, capacity 7152K, committed 7296K, reserved 1056768K
  class space    used 565K, capacity 616K, committed 640K, reserved 1048576K
}
Event: 1.790 GC heap before
{Heap before GC invocations=4 (full 0):
 PSYoungGen      total 36864K, used 36766K [0x00000000eab00000, 0x00000000ed400000, 0x0000000100000000)
  eden space 31744K, 99% used [0x00000000eab00000,0x00000000ec9e7d30,0x00000000eca00000)
  from space 5120K, 99% used [0x00000000eca00000,0x00000000eceffc30,0x00000000ecf00000)
  to   space 5120K, 0% used [0x00000000ecf00000,0x00000000ecf00000,0x00000000ed400000)
 ParOldGen       total 84992K, used 12910K [0x00000000c0000000, 0x00000000c5300000, 0x00000000eab00000)
  object space 84992K, 15% used [0x00000000c0000000,0x00000000c0c9b8a0,0x00000000c5300000)
 Metaspace       used 6172K, capacity 7216K, committed 7296K, reserved 1056768K
  class space    used 565K, capacity 616K, committed 640K, reserved 1048576K
Event: 1.811 GC heap after
Heap after GC invocations=4 (full 0):
 PSYoungGen      total 36864K, used 5097K [0x00000000eab00000, 0x00000000ed400000, 0x0000000100000000)
  eden space 31744K, 0% used [0x00000000eab00000,0x00000000eab00000,0x00000000eca00000)
  from space 5120K, 99% used [0x00000000ecf00000,0x00000000ed3fa4c8,0x00000000ed400000)
  to   space 5120K, 0% used [0x00000000eca00000,0x00000000eca00000,0x00000000ecf00000)
 ParOldGen       total 84992K, used 18158K [0x00000000c0000000, 0x00000000c5300000, 0x00000000eab00000)
  object space 84992K, 21% used [0x00000000c0000000,0x00000000c11bb918,0x00000000c5300000)
 Metaspace       used 6172K, capacity 7216K, committed 7296K, reserved 1056768K
  class space    used 565K, capacity 616K, committed 640K, reserved 1048576K
}
Event: 2.018 GC heap before
{Heap before GC invocations=5 (full 0):
 PSYoungGen      total 36864K, used 36841K [0x00000000eab00000, 0x00000000ed400000, 0x0000000100000000)
  eden space 31744K, 100% used [0x00000000eab00000,0x00000000eca00000,0x00000000eca00000)
  from space 5120K, 99% used [0x00000000ecf00000,0x00000000ed3fa4c8,0x00000000ed400000)
  to   space 5120K, 0% used [0x00000000eca00000,0x00000000eca00000,0x00000000ecf00000)
 ParOldGen       total 84992K, used 18158K [0x00000000c0000000, 0x00000000c5300000, 0x00000000eab00000)
  object space 84992K, 21% used [0x00000000c0000000,0x00000000c11bb918,0x00000000c5300000)
 Metaspace       used 6196K, capacity 7216K, committed 7296K, reserved 1056768K
  class space    used 565K, capacity 616K, committed 640K, reserved 1048576K
Event: 2.048 GC heap after
Heap after GC invocations=5 (full 0):
 PSYoungGen      total 36864K, used 5093K [0x00000000eab00000, 0x00000000ed400000, 0x0000000100000000)
  eden space 31744K, 0% used [0x00000000eab00000,0x00000000eab00000,0x00000000eca00000)
  from space 5120K, 99% used [0x00000000eca00000,0x00000000ecef9600,0x00000000ecf00000)
  to   space 5120K, 0% used [0x00000000ecf00000,0x00000000ecf00000,0x00000000ed400000)
 ParOldGen       total 84992K, used 22938K [0x00000000c0000000, 0x00000000c5300000, 0x00000000eab00000)
  object space 84992K, 26% used [0x00000000c0000000,0x00000000c1666a38,0x00000000c5300000)
 Metaspace       used 6196K, capacity 7216K, committed 7296K, reserved 1056768K
  class space    used 565K, capacity 616K, committed 640K, reserved 1048576K
}

Deoptimization events (10 events):
Event: 0.956 Thread 0x0000000016710800 Uncommon trap: reason=unstable_if action=reinterpret pc=0x0000000002a796a8 method=com.android.dx.rop.code.RegisterSpec.equals(ILcom/android/dx/rop/type/TypeBearer;Lcom/android/dx/rop/code/LocalItem;)Z @ 16
Event: 0.972 Thread 0x000000001669a800 Uncommon trap: reason=bimorphic action=maybe_recompile pc=0x0000000002a1ac74 method=java.util.HashMap.putVal(ILjava/lang/Object;Ljava/lang/Object;ZZ)Ljava/lang/Object; @ 91
Event: 0.972 Thread 0x000000001669a800 Uncommon trap: reason=unstable_if action=reinterpret pc=0x00000000028a9bdc method=com.android.dx.rop.cst.Constant.compareTo(Lcom/android/dx/rop/cst/Constant;)I @ 12
Event: 0.976 Thread 0x000000001669a800 Uncommon trap: reason=bimorphic action=maybe_recompile pc=0x0000000002a1ac74 method=java.util.HashMap.putVal(ILjava/lang/Object;Ljava/lang/Object;ZZ)Ljava/lang/Object; @ 91
Event: 0.984 Thread 0x000000001669a800 Uncommon trap: reason=bimorphic action=maybe_recompile pc=0x0000000002a1ac74 method=java.util.HashMap.putVal(ILjava/lang/Object;Ljava/lang/Object;ZZ)Ljava/lang/Object; @ 91
Event: 0.986 Thread 0x0000000016719000 Uncommon trap: reason=bimorphic action=maybe_recompile pc=0x0000000002a1ac74 method=java.util.HashMap.putVal(ILjava/lang/Object;Ljava/lang/Object;ZZ)Ljava/lang/Object; @ 91
Event: 0.992 Thread 0x0000000016719000 Uncommon trap: reason=bimorphic action=maybe_recompile pc=0x00000000029f4458 method=java.util.HashMap.putVal(ILjava/lang/Object;Ljava/lang/Object;ZZ)Ljava/lang/Object; @ 91
Event: 1.769 Thread 0x0000000016718000 Uncommon trap: reason=unstable_if action=reinterpret pc=0x0000000002dd3da8 method=com.android.dx.dex.cf.AttributeTranslator.getAnnotations0(Lcom/android/dx/cf/iface/AttributeList;)Lcom/android/dx/rop/annotation/Annotations; @ 29
Event: 1.832 Thread 0x0000000016710800 Uncommon trap: reason=unstable_if action=reinterpret pc=0x0000000002de2d5c method=com.android.dx.rop.code.RegisterSpec.equals(ILcom/android/dx/rop/type/TypeBearer;Lcom/android/dx/rop/code/LocalItem;)Z @ 42
Event: 1.850 Thread 0x0000000016719000 Uncommon trap: reason=null_check action=make_not_entrant pc=0x0000000002bfab28 method=com.android.dx.rop.type.Type.equals(Ljava/lang/Object;)Z @ 8

Internal exceptions (3 events):
Event: 0.024 Thread 0x0000000002610800 Exception <a 'java/lang/NoSuchMethodError': Method sun.misc.Unsafe.defineClass(Ljava/lang/String;[BII)Ljava/lang/Class; name or signature does not match> (0x00000000eab07cc0) thrown at [C:\src\android\AOSP-openjdk\external\jetbrains\jdk\hotspot\src\share\vð`ÊÏd˜?
Event: 0.024 Thread 0x0000000002610800 Exception <a 'java/lang/NoSuchMethodError': Method sun.misc.Unsafe.prefetchRead(Ljava/lang/Object;J)V name or signature does not match> (0x00000000eab07fa8) thrown at [C:\src\android\AOSP-openjdk\external\jetbrains\jdk\hotspot\src\share\vm\prims\jni.cpp, l|cIÔÙ™ý?
Event: 1.850 Thread 0x0000000016719000 Implicit null exception at 0x0000000002bfaa22 to 0x0000000002bfab1a

Events (10 events):
Event: 1.790 Executing VM operation: ParallelGCFailedAllocation
Event: 1.811 Executing VM operation: ParallelGCFailedAllocation done
Event: 1.832 Thread 0x0000000016710800 Uncommon trap: trap_request=0xffffff65 fr.pc=0x0000000002de2d5c
Event: 1.832 Thread 0x0000000016710800 DEOPT PACKING pc=0x0000000002de2d5c sp=0x0000000016d3e7d0
Event: 1.832 Thread 0x0000000016710800 DEOPT UNPACKING pc=0x000000000275556a sp=0x0000000016d3e6e8 mode 2
Event: 1.850 Thread 0x0000000016719000 Uncommon trap: trap_request=0xfffffff4 fr.pc=0x0000000002bfab28
Event: 1.850 Thread 0x0000000016719000 DEOPT PACKING pc=0x0000000002bfab28 sp=0x000000001713e420
Event: 1.850 Thread 0x0000000016719000 DEOPT UNPACKING pc=0x000000000275556a sp=0x000000001713e3a8 mode 2
Event: 2.018 Executing VM operation: ParallelGCFailedAllocation
Event: 2.048 Executing VM operation: ParallelGCFailedAllocation done


Dynamic libraries:
0x00007ff6beda0000 - 0x00007ff6bedd5000 	E:\Android\android-studio-ide-145.2915834-windows\jre\bin\java.exe
0x00007ffc71010000 - 0x00007ffc711d1000 	C:\Windows\SYSTEM32\ntdll.dll
0x00007ffc70e50000 - 0x00007ffc70efd000 	C:\Windows\system32\KERNEL32.DLL
0x00007ffc6da90000 - 0x00007ffc6dc78000 	C:\Windows\system32\KERNELBASE.dll
0x00007ffc6eb70000 - 0x00007ffc6ec17000 	C:\Windows\system32\ADVAPI32.dll
0x00007ffc70f00000 - 0x00007ffc70f9d000 	C:\Windows\system32\msvcrt.dll
0x00007ffc6eb10000 - 0x00007ffc6eb6b000 	C:\Windows\system32\sechost.dll
0x00007ffc6ec80000 - 0x00007ffc6ed9c000 	C:\Windows\system32\RPCRT4.dll
0x00007ffc6f0f0000 - 0x00007ffc6f246000 	C:\Windows\system32\USER32.dll
0x00007ffc70960000 - 0x00007ffc70ae6000 	C:\Windows\system32\GDI32.dll
0x00007ffc5ff30000 - 0x00007ffc601a4000 	C:\Windows\WinSxS\amd64_microsoft.windows.common-controls_6595b64144ccf1df_6.0.10586.0_none_8c15ae12515e1c22\COMCTL32.dll
0x00007ffc6eda0000 - 0x00007ffc6f01d000 	C:\Windows\system32\combase.dll
0x00007ffc6d9a0000 - 0x00007ffc6da0a000 	C:\Windows\system32\bcryptPrimitives.dll
0x00007ffc6ec20000 - 0x00007ffc6ec5b000 	C:\Windows\system32\IMM32.DLL
0x0000000075bc0000 - 0x0000000075c92000 	E:\Android\android-studio-ide-145.2915834-windows\jre\jre\bin\msvcr100.dll
0x0000000075ca0000 - 0x00000000764d4000 	E:\Android\android-studio-ide-145.2915834-windows\jre\jre\bin\server\jvm.dll
0x00007ffc70c70000 - 0x00007ffc70c78000 	C:\Windows\system32\PSAPI.DLL
0x00007ffc6bc20000 - 0x00007ffc6bc29000 	C:\Windows\SYSTEM32\WSOCK32.dll
0x00007ffc6b5f0000 - 0x00007ffc6b613000 	C:\Windows\SYSTEM32\WINMM.dll
0x00007ffc62e40000 - 0x00007ffc62e4a000 	C:\Windows\SYSTEM32\VERSION.dll
0x00007ffc70af0000 - 0x00007ffc70b5b000 	C:\Windows\system32\WS2_32.dll
0x00007ffc6b590000 - 0x00007ffc6b5bc000 	C:\Windows\SYSTEM32\WINMMBASE.dll
0x00007ffc6d780000 - 0x00007ffc6d7c3000 	C:\Windows\system32\cfgmgr32.dll
0x00007ffc6bc10000 - 0x00007ffc6bc1f000 	E:\Android\android-studio-ide-145.2915834-windows\jre\jre\bin\verify.dll
0x00007ffc68150000 - 0x00007ffc68179000 	E:\Android\android-studio-ide-145.2915834-windows\jre\jre\bin\java.dll
0x00007ffc6bbd0000 - 0x00007ffc6bbe6000 	E:\Android\android-studio-ide-145.2915834-windows\jre\jre\bin\zip.dll
0x00007ffc6f400000 - 0x00007ffc7095c000 	C:\Windows\system32\SHELL32.dll
0x00007ffc6ddc0000 - 0x00007ffc6e405000 	C:\Windows\system32\windows.storage.dll
0x00007ffc70c80000 - 0x00007ffc70cd2000 	C:\Windows\system32\shlwapi.dll
0x00007ffc6d660000 - 0x00007ffc6d66f000 	C:\Windows\system32\kernel.appcore.dll
0x00007ffc6d6c0000 - 0x00007ffc6d775000 	C:\Windows\system32\shcore.dll
0x00007ffc6d670000 - 0x00007ffc6d6bb000 	C:\Windows\system32\powrprof.dll
0x00007ffc6d630000 - 0x00007ffc6d644000 	C:\Windows\system32\profapi.dll

VM Arguments:
jvm_args: -Djava.awt.headless=true -Xmx1024M -Dfile.encoding=GBK -Duser.country=CN -Duser.language=zh -Duser.variant 
java_command: com.android.dx.command.Main --dex --num-threads=4 --output E:\Teapopo\app\build\intermediates\pre-dexed\debug\debug_a522b71e7afbff9183502dd320454d14b0b13bcb.jar E:\Teapopo\app\build\intermediates\classes\debug
java_class_path (initial): C:\Users\lhq\AppData\Local\Android\sdk\build-tools\23.0.3\lib\dx.jar
Launcher Type: SUN_STANDARD

Environment Variables:
JAVA_HOME=C:\Program Files\Java\jdk1.8.0_91
PATH=C:\ProgramData\Oracle\Java\javapath;C:\Windows\system32;C:\Windows;C:\Windows\System32\Wbem;C:\Windows\System32\WindowsPowerShell\v1.0\;C:\Users\lhq\AppData\Local\Android\sdk\platform-tools;C:\Users\lhq\AppData\Local\Android\sdk\tools;C:\Program Files\Java\jdk1.8.0_91\bin;C:\Program Files\Java\jdk1.8.0_91\jre\bin
USERNAME=lhq
OS=Windows_NT
PROCESSOR_IDENTIFIER=Intel64 Family 6 Model 69 Stepping 1, GenuineIntel



---------------  S Y S T E M  ---------------

OS: Windows 10.0 , 64 bit Build 10586 (10.0.10586.0)

CPU:total 4 (2 cores per cpu, 2 threads per core) family 6 model 69 stepping 1, cmov, cx8, fxsr, mmx, sse, sse2, sse3, ssse3, sse4.1, sse4.2, popcnt, avx, avx2, aes, clmul, erms, lzcnt, ht, tsc, tscinvbit, bmi1, bmi2

Memory: 4k page, physical 8067548k(1160412k free), swap 8067548k(5448k free)

vm_info: OpenJDK 64-Bit Server VM (25.76-b01) for windows-amd64 JRE (1.8.0_76-release-b01), built on May 12 2016 23:29:00 by "ralucas" with MS VC++ 10.0 (VS2010)

time: Mon Jul 04 15:20:27 2016
elapsed time: 2 seconds (0d 0h 0m 2s)

