#
# There is insufficient memory for the Java Runtime Environment to continue.
# Native memory allocation (malloc) failed to allocate 667936 bytes for Chunk::new
# Possible reasons:
#   The system is out of physical RAM or swap space
#   In 32 bit mode, the process size limit was hit
# Possible solutions:
#   Reduce memory load on the system
#   Increase physical memory or swap space
#   Check if swap backing store is full
#   Use 64 bit Java on a 64 bit OS
#   Decrease Java heap size (-Xmx/-Xms)
#   Decrease number of Java threads
#   Decrease Java thread stack sizes (-Xss)
#   Set larger code cache with -XX:ReservedCodeCacheSize=
# This output file may be truncated or incomplete.
#
#  Out of Memory Error (allocation.cpp:390), pid=7012, tid=0x0000000000001bf4
#
# JRE version: OpenJDK Runtime Environment (8.0_76-b01) (build 1.8.0_76-release-b01)
# Java VM: OpenJDK 64-Bit Server VM (25.76-b01 mixed mode windows-amd64 compressed oops)
# Failed to write core dump. Minidumps are not enabled by default on client versions of Windows
#

---------------  T H R E A D  ---------------

Current thread (0x0000000014dbb000):  JavaThread "C2 CompilerThread1" daemon [_thread_in_native, id=7156, stack(0x00000000163b0000,0x00000000164b0000)]

Stack: [0x00000000163b0000,0x00000000164b0000]
[error occurred during error reporting (printing stack bounds), id 0xc0000005]

Native frames: (J=compiled Java code, j=interpreted, Vv=VM code, C=native code)


Current CompileTask:
C2:   8863 2002   !   4       com.android.dx.cf.code.Ropper::processBlock (1101 bytes)


---------------  P R O C E S S  ---------------

Java Threads: ( => current thread )
  0x000000001671c000 JavaThread "pool-1-thread-4" [_thread_blocked, id=3224, stack(0x0000000016fb0000,0x00000000170b0000)]
  0x000000001671a000 JavaThread "pool-1-thread-3" [_thread_blocked, id=648, stack(0x0000000016eb0000,0x0000000016fb0000)]
  0x0000000016716000 JavaThread "pool-1-thread-2" [_thread_blocked, id=6256, stack(0x0000000016db0000,0x0000000016eb0000)]
  0x0000000016711800 JavaThread "pool-2-thread-1" [_thread_blocked, id=5520, stack(0x0000000016cb0000,0x0000000016db0000)]
  0x000000001670a800 JavaThread "pool-1-thread-1" [_thread_blocked, id=6252, stack(0x0000000016bb0000,0x0000000016cb0000)]
  0x000000001650a000 JavaThread "Service Thread" daemon [_thread_blocked, id=4132, stack(0x00000000169b0000,0x0000000016ab0000)]
  0x0000000014dbe000 JavaThread "C1 CompilerThread2" daemon [_thread_blocked, id=6704, stack(0x00000000168b0000,0x00000000169b0000)]
=>0x0000000014dbb000 JavaThread "C2 CompilerThread1" daemon [_thread_in_native, id=7156, stack(0x00000000163b0000,0x00000000164b0000)]
  0x0000000014d6d800 JavaThread "C2 CompilerThread0" daemon [_thread_in_native, id=2732, stack(0x00000000162b0000,0x00000000163b0000)]
  0x0000000014d6c000 JavaThread "Attach Listener" daemon [_thread_blocked, id=7164, stack(0x00000000161b0000,0x00000000162b0000)]
  0x0000000014d6b000 JavaThread "Signal Dispatcher" daemon [_thread_blocked, id=6336, stack(0x00000000160b0000,0x00000000161b0000)]
  0x0000000014d48000 JavaThread "Finalizer" daemon [_thread_blocked, id=6856, stack(0x0000000015fb0000,0x00000000160b0000)]
  0x0000000002680000 JavaThread "Reference Handler" daemon [_thread_blocked, id=6488, stack(0x0000000015eb0000,0x0000000015fb0000)]
  0x0000000002590800 JavaThread "main" [_thread_in_Java, id=5800, stack(0x0000000002390000,0x0000000002490000)]

Other Threads:
  0x0000000014d25800 VMThread [stack: 0x0000000015db0000,0x0000000015eb0000] [id=7096]
  0x000000001650c800 WatcherThread [stack: 0x0000000016ab0000,0x0000000016bb0000] [id=6320]

VM state:not at safepoint (normal execution)

VM Mutex/Monitor currently owned by a thread: None

Heap:
 PSYoungGen      total 36864K, used 26833K [0x00000000eab00000, 0x00000000ef300000, 0x0000000100000000)
  eden space 31744K, 68% used [0x00000000eab00000,0x00000000ec034670,0x00000000eca00000)
  from space 5120K, 99% used [0x00000000eca00000,0x00000000ecefff80,0x00000000ecf00000)
  to   space 5120K, 0% used [0x00000000eee00000,0x00000000eee00000,0x00000000ef300000)
 ParOldGen       total 84992K, used 10684K [0x00000000c0000000, 0x00000000c5300000, 0x00000000eab00000)
  object space 84992K, 12% used [0x00000000c0000000,0x00000000c0a6f0d0,0x00000000c5300000)
 Metaspace       used 6293K, capacity 7090K, committed 7296K, reserved 1058816K
  class space    used 598K, capacity 618K, committed 640K, reserved 1048576K

Card table byte_map: [0x0000000011a50000,0x0000000011c60000] byte_map_base: 0x0000000011450000

Marking Bits: (ParMarkBitMap*) 0x000000005e0b9d00
 Begin Bits: [0x00000000121c0000, 0x00000000131c0000)
 End Bits:   [0x00000000131c0000, 0x00000000141c0000)

Polling page: 0x0000000000710000

CodeCache: size=245760Kb used=6107Kb max_used=6133Kb free=239652Kb
 bounds [0x0000000002690000, 0x0000000002ca0000, 0x0000000011690000]
 total_blobs=1784 nmethods=1513 adapters=184
 compilation: enabled

Compilation events (10 events):
Event: 8.314 Thread 0x0000000014dbe000 2089       2       com.android.dx.ssa.LocalVariableExtractor::<init> (61 bytes)
Event: 8.315 Thread 0x0000000014dbe000 nmethod 2089 0x0000000002c71750 code [0x0000000002c718e0, 0x0000000002c71c68]
Event: 8.315 Thread 0x0000000014dbe000 2090       2       com.android.dx.ssa.MoveParamCombiner::run (45 bytes)
Event: 8.315 Thread 0x0000000014dbe000 nmethod 2090 0x0000000002c71e50 code [0x0000000002c71fe0, 0x0000000002c72398]
Event: 8.315 Thread 0x0000000014dbe000 2091       2       com.android.dx.ssa.SsaMethod::<init> (50 bytes)
Event: 8.316 Thread 0x0000000014dbe000 nmethod 2091 0x0000000002c72550 code [0x0000000002c726c0, 0x0000000002c72918]
Event: 8.523 Thread 0x0000000014d6d800 nmethod 2007 0x0000000002c79810 code [0x0000000002c79c80, 0x0000000002c7dc30]
Event: 8.523 Thread 0x0000000014d6d800 2066 %     4       com.android.dx.ssa.SsaMethod::mapRegisters @ 36 (87 bytes)
Event: 8.644 Thread 0x0000000014d6d800 nmethod 2066% 0x0000000002c88910 code [0x0000000002c88dc0, 0x0000000002c8c768]
Event: 8.644 Thread 0x0000000014d6d800 2022       4       com.android.dx.ssa.SCCP::simulateStmt (481 bytes)

GC Heap History (6 events):
Event: 2.650 GC heap before
{Heap before GC invocations=1 (full 0):
 PSYoungGen      total 36864K, used 31744K [0x00000000eab00000, 0x00000000ed400000, 0x0000000100000000)
  eden space 31744K, 100% used [0x00000000eab00000,0x00000000eca00000,0x00000000eca00000)
  from space 5120K, 0% used [0x00000000ecf00000,0x00000000ecf00000,0x00000000ed400000)
  to   space 5120K, 0% used [0x00000000eca00000,0x00000000eca00000,0x00000000ecf00000)
 ParOldGen       total 84992K, used 0K [0x00000000c0000000, 0x00000000c5300000, 0x00000000eab00000)
  object space 84992K, 0% used [0x00000000c0000000,0x00000000c0000000,0x00000000c5300000)
 Metaspace       used 5848K, capacity 6768K, committed 7040K, reserved 1058816K
  class space    used 576K, capacity 616K, committed 640K, reserved 1048576K
Event: 2.659 GC heap after
Heap after GC invocations=1 (full 0):
 PSYoungGen      total 36864K, used 5090K [0x00000000eab00000, 0x00000000ed400000, 0x0000000100000000)
  eden space 31744K, 0% used [0x00000000eab00000,0x00000000eab00000,0x00000000eca00000)
  from space 5120K, 99% used [0x00000000eca00000,0x00000000ecef8ae8,0x00000000ecf00000)
  to   space 5120K, 0% used [0x00000000ecf00000,0x00000000ecf00000,0x00000000ed400000)
 ParOldGen       total 84992K, used 1728K [0x00000000c0000000, 0x00000000c5300000, 0x00000000eab00000)
  object space 84992K, 2% used [0x00000000c0000000,0x00000000c01b00b8,0x00000000c5300000)
 Metaspace       used 5848K, capacity 6768K, committed 7040K, reserved 1058816K
  class space    used 576K, capacity 616K, committed 640K, reserved 1048576K
}
Event: 3.616 GC heap before
{Heap before GC invocations=2 (full 0):
 PSYoungGen      total 36864K, used 36834K [0x00000000eab00000, 0x00000000ed400000, 0x0000000100000000)
  eden space 31744K, 100% used [0x00000000eab00000,0x00000000eca00000,0x00000000eca00000)
  from space 5120K, 99% used [0x00000000eca00000,0x00000000ecef8ae8,0x00000000ecf00000)
  to   space 5120K, 0% used [0x00000000ecf00000,0x00000000ecf00000,0x00000000ed400000)
 ParOldGen       total 84992K, used 1728K [0x00000000c0000000, 0x00000000c5300000, 0x00000000eab00000)
  object space 84992K, 2% used [0x00000000c0000000,0x00000000c01b00b8,0x00000000c5300000)
 Metaspace       used 6001K, capacity 6896K, committed 7040K, reserved 1058816K
  class space    used 579K, capacity 616K, committed 640K, reserved 1048576K
Event: 3.674 GC heap after
Heap after GC invocations=2 (full 0):
 PSYoungGen      total 36864K, used 5092K [0x00000000eab00000, 0x00000000ef300000, 0x0000000100000000)
  eden space 31744K, 0% used [0x00000000eab00000,0x00000000eab00000,0x00000000eca00000)
  from space 5120K, 99% used [0x00000000ecf00000,0x00000000ed3f9268,0x00000000ed400000)
  to   space 5120K, 0% used [0x00000000eca00000,0x00000000eca00000,0x00000000ecf00000)
 ParOldGen       total 84992K, used 7144K [0x00000000c0000000, 0x00000000c5300000, 0x00000000eab00000)
  object space 84992K, 8% used [0x00000000c0000000,0x00000000c06fa3e0,0x00000000c5300000)
 Metaspace       used 6001K, capacity 6896K, committed 7040K, reserved 1058816K
  class space    used 579K, capacity 616K, committed 640K, reserved 1048576K
}
Event: 5.980 GC heap before
{Heap before GC invocations=3 (full 0):
 PSYoungGen      total 36864K, used 36836K [0x00000000eab00000, 0x00000000ef300000, 0x0000000100000000)
  eden space 31744K, 100% used [0x00000000eab00000,0x00000000eca00000,0x00000000eca00000)
  from space 5120K, 99% used [0x00000000ecf00000,0x00000000ed3f9268,0x00000000ed400000)
  to   space 5120K, 0% used [0x00000000eca00000,0x00000000eca00000,0x00000000ecf00000)
 ParOldGen       total 84992K, used 7144K [0x00000000c0000000, 0x00000000c5300000, 0x00000000eab00000)
  object space 84992K, 8% used [0x00000000c0000000,0x00000000c06fa3e0,0x00000000c5300000)
 Metaspace       used 6226K, capacity 7026K, committed 7296K, reserved 1058816K
  class space    used 598K, capacity 618K, committed 640K, reserved 1048576K
Event: 5.998 GC heap after
Heap after GC invocations=3 (full 0):
 PSYoungGen      total 36864K, used 5119K [0x00000000eab00000, 0x00000000ef300000, 0x0000000100000000)
  eden space 31744K, 0% used [0x00000000eab00000,0x00000000eab00000,0x00000000eca00000)
  from space 5120K, 99% used [0x00000000eca00000,0x00000000ecefff80,0x00000000ecf00000)
  to   space 5120K, 0% used [0x00000000eee00000,0x00000000eee00000,0x00000000ef300000)
 ParOldGen       total 84992K, used 10684K [0x00000000c0000000, 0x00000000c5300000, 0x00000000eab00000)
  object space 84992K, 12% used [0x00000000c0000000,0x00000000c0a6f0d0,0x00000000c5300000)
 Metaspace       used 6226K, capacity 7026K, committed 7296K, reserved 1058816K
  class space    used 598K, capacity 618K, committed 640K, reserved 1048576K
}

Deoptimization events (10 events):
Event: 7.627 Thread 0x0000000002590800 Uncommon trap: reason=unstable_if action=reinterpret pc=0x00000000029e126c method=java.util.HashMap.getNode(ILjava/lang/Object;)Ljava/util/HashMap$Node; @ 84
Event: 7.649 Thread 0x0000000002590800 Uncommon trap: reason=unstable_if action=reinterpret pc=0x0000000002995718 method=java.util.HashMap.getNode(ILjava/lang/Object;)Ljava/util/HashMap$Node; @ 84
Event: 8.254 Thread 0x0000000002590800 Uncommon trap: reason=unstable_if action=reinterpret pc=0x0000000002be297c method=java.util.HashMap.putVal(ILjava/lang/Object;Ljava/lang/Object;ZZ)Ljava/lang/Object; @ 109
Event: 8.256 Thread 0x0000000002590800 Uncommon trap: reason=unstable_if action=reinterpret pc=0x00000000029b94dc method=java.util.HashMap.getNode(ILjava/lang/Object;)Ljava/util/HashMap$Node; @ 84
Event: 8.280 Thread 0x0000000002590800 Uncommon trap: reason=unstable_if action=reinterpret pc=0x0000000002bf8208 method=com.android.dx.cf.code.RopperMachine.run(Lcom/android/dx/cf/code/Frame;II)V @ 1250
Event: 8.286 Thread 0x0000000002590800 Uncommon trap: reason=bimorphic action=maybe_recompile pc=0x0000000002b509b8 method=com.android.dx.cf.code.BytecodeArray.parseInstruction(ILcom/android/dx/cf/code/BytecodeArray$Visitor;)I @ 923
Event: 8.286 Thread 0x0000000002590800 Uncommon trap: reason=bimorphic action=maybe_recompile pc=0x0000000002b5119c method=com.android.dx.cf.code.BytecodeArray.parseInstruction(ILcom/android/dx/cf/code/BytecodeArray$Visitor;)I @ 1287
Event: 8.286 Thread 0x0000000002590800 Uncommon trap: reason=bimorphic action=maybe_recompile pc=0x0000000002b509b8 method=com.android.dx.cf.code.BytecodeArray.parseInstruction(ILcom/android/dx/cf/code/BytecodeArray$Visitor;)I @ 923
Event: 8.286 Thread 0x0000000002590800 Uncommon trap: reason=bimorphic action=maybe_recompile pc=0x0000000002b5119c method=com.android.dx.cf.code.BytecodeArray.parseInstruction(ILcom/android/dx/cf/code/BytecodeArray$Visitor;)I @ 1287
Event: 8.288 Thread 0x0000000002590800 Uncommon trap: reason=unstable_if action=reinterpret pc=0x0000000002c28484 method=com.android.dx.rop.code.LocalVariableInfo.mergeStarts(ILcom/android/dx/rop/code/RegisterSpecSet;)Z @ 31

Internal exceptions (5 events):
Event: 0.256 Thread 0x0000000002590800 Exception <a 'java/lang/NoSuchMethodError': Method sun.misc.Unsafe.defineClass(Ljava/lang/String;[BII)Ljava/lang/Class; name or signature does not match> (0x00000000eab07cc0) thrown at [C:\src\android\AOSP-openjdk\external\jetbrains\jdk\hotspot\src\share\v÷Ó¯pa–?
Event: 0.256 Thread 0x0000000002590800 Exception <a 'java/lang/NoSuchMethodError': Method sun.misc.Unsafe.prefetchRead(Ljava/lang/Object;J)V name or signature does not match> (0x00000000eab07fa8) thrown at [C:\src\android\AOSP-openjdk\external\jetbrains\jdk\hotspot\src\share\vm\prims\jni.cpp, l±·Iı˚Ä@
Event: 5.876 Thread 0x000000001670a800 Exception <a 'java/lang/ArrayIndexOutOfBoundsException': 18> (0x00000000ec3e5968) thrown at [C:\src\android\AOSP-openjdk\external\jetbrains\jdk\hotspot\src\share\vm\interpreter\interpreterRuntime.cpp, line 366]
Event: 5.876 Thread 0x000000001670a800 Exception <a 'java/lang/ArrayIndexOutOfBoundsException': 145> (0x00000000ec3e74e8) thrown at [C:\src\android\AOSP-openjdk\external\jetbrains\jdk\hotspot\src\share\vm\interpreter\interpreterRuntime.cpp, line 366]
Event: 5.877 Thread 0x000000001670a800 Exception <a 'java/lang/ArrayIndexOutOfBoundsException'> (0x00000000ec3e87d0) thrown at [C:\src\android\AOSP-openjdk\external\jetbrains\jdk\hotspot\src\share\vm\runtime\sharedRuntime.cpp, line 605]

Events (10 events):
Event: 8.286 Thread 0x0000000002590800 DEOPT UNPACKING pc=0x00000000026d556a sp=0x000000000248e5b8 mode 2
Event: 8.286 Thread 0x0000000002590800 Uncommon trap: trap_request=0xffffffc6 fr.pc=0x0000000002b509b8
Event: 8.286 Thread 0x0000000002590800 DEOPT PACKING pc=0x0000000002b509b8 sp=0x000000000248e3f0
Event: 8.286 Thread 0x0000000002590800 DEOPT UNPACKING pc=0x00000000026d556a sp=0x000000000248e3b8 mode 2
Event: 8.286 Thread 0x0000000002590800 Uncommon trap: trap_request=0xffffffc6 fr.pc=0x0000000002b5119c
Event: 8.286 Thread 0x0000000002590800 DEOPT PACKING pc=0x0000000002b5119c sp=0x000000000248e3f0
Event: 8.286 Thread 0x0000000002590800 DEOPT UNPACKING pc=0x00000000026d556a sp=0x000000000248e3b8 mode 2
Event: 8.288 Thread 0x0000000002590800 Uncommon trap: trap_request=0xffffff65 fr.pc=0x0000000002c28484
Event: 8.288 Thread 0x0000000002590800 DEOPT PACKING pc=0x0000000002c28484 sp=0x000000000248e890
Event: 8.288 Thread 0x0000000002590800 DEOPT UNPACKING pc=0x00000000026d556a sp=0x000000000248e858 mode 2


Dynamic libraries:
0x00007ff6012a0000 - 0x00007ff6012d5000 	E:\Android\android-studio-ide-145.2915834-windows\jre\bin\java.exe
0x00007ffbe4110000 - 0x00007ffbe42d1000 	C:\Windows\SYSTEM32\ntdll.dll
0x00007ffbe2080000 - 0x00007ffbe212d000 	C:\Windows\system32\KERNEL32.DLL
0x00007ffbe0ec0000 - 0x00007ffbe10a8000 	C:\Windows\system32\KERNELBASE.dll
0x00007ffbe3c80000 - 0x00007ffbe3d27000 	C:\Windows\system32\ADVAPI32.dll
0x00007ffbe4070000 - 0x00007ffbe410d000 	C:\Windows\system32\msvcrt.dll
0x00007ffbe22d0000 - 0x00007ffbe232b000 	C:\Windows\system32\sechost.dll
0x00007ffbe1d60000 - 0x00007ffbe1e7c000 	C:\Windows\system32\RPCRT4.dll
0x00007ffbe1970000 - 0x00007ffbe1ac6000 	C:\Windows\system32\USER32.dll
0x00007ffbe2140000 - 0x00007ffbe22c6000 	C:\Windows\system32\GDI32.dll
0x00007ffbd4c10000 - 0x00007ffbd4e84000 	C:\Windows\WinSxS\amd64_microsoft.windows.common-controls_6595b64144ccf1df_6.0.10586.0_none_8c15ae12515e1c22\COMCTL32.dll
0x00007ffbe24a0000 - 0x00007ffbe271d000 	C:\Windows\system32\combase.dll
0x00007ffbe14a0000 - 0x00007ffbe150a000 	C:\Windows\system32\bcryptPrimitives.dll
0x00007ffbe1ef0000 - 0x00007ffbe1f2b000 	C:\Windows\system32\IMM32.DLL
0x000000005d820000 - 0x000000005d8f2000 	E:\Android\android-studio-ide-145.2915834-windows\jre\jre\bin\msvcr100.dll
0x000000005d900000 - 0x000000005e134000 	E:\Android\android-studio-ide-145.2915834-windows\jre\jre\bin\server\jvm.dll
0x00007ffbe1530000 - 0x00007ffbe1538000 	C:\Windows\system32\PSAPI.DLL
0x00007ffbd92f0000 - 0x00007ffbd92f9000 	C:\Windows\SYSTEM32\WSOCK32.dll
0x00007ffbe3d30000 - 0x00007ffbe3d9b000 	C:\Windows\system32\WS2_32.dll
0x00007ffbdea60000 - 0x00007ffbdea83000 	C:\Windows\SYSTEM32\WINMM.dll
0x00007ffbd61b0000 - 0x00007ffbd61ba000 	C:\Windows\SYSTEM32\VERSION.dll
0x00007ffbdea00000 - 0x00007ffbdea2c000 	C:\Windows\SYSTEM32\WINMMBASE.dll
0x00007ffbe1300000 - 0x00007ffbe1343000 	C:\Windows\system32\cfgmgr32.dll
0x00007ffbd92e0000 - 0x00007ffbd92ef000 	E:\Android\android-studio-ide-145.2915834-windows\jre\jre\bin\verify.dll
0x00007ffbd92b0000 - 0x00007ffbd92d9000 	E:\Android\android-studio-ide-145.2915834-windows\jre\jre\bin\java.dll
0x00007ffbd9110000 - 0x00007ffbd9126000 	E:\Android\android-studio-ide-145.2915834-windows\jre\jre\bin\zip.dll
0x00007ffbe2720000 - 0x00007ffbe3c7c000 	C:\Windows\system32\SHELL32.dll
0x00007ffbe07c0000 - 0x00007ffbe0e05000 	C:\Windows\system32\windows.storage.dll
0x00007ffbe2440000 - 0x00007ffbe2492000 	C:\Windows\system32\shlwapi.dll
0x00007ffbe0730000 - 0x00007ffbe073f000 	C:\Windows\system32\kernel.appcore.dll
0x00007ffbe1350000 - 0x00007ffbe1405000 	C:\Windows\system32\shcore.dll
0x00007ffbe0770000 - 0x00007ffbe07bb000 	C:\Windows\system32\powrprof.dll
0x00007ffbe0740000 - 0x00007ffbe0754000 	C:\Windows\system32\profapi.dll

VM Arguments:
jvm_args: -Djava.awt.headless=true -Xmx1024M -Dfile.encoding=GBK -Duser.country=CN -Duser.language=zh -Duser.variant 
java_command: com.android.dx.command.Main --dex --num-threads=4 --output E:\Teapopo\app\build\intermediates\pre-dexed\debug\com.android.support-recyclerview-v7-23.3.0_5bcf6e623993cae89ade76b2397e61f99ef30c24.jar E:\Teapopo\app\build\intermediates\exploded-aar\com.android.support\recyclerview-v7\23.3.0\jars\classes.jar
java_class_path (initial): C:\Users\lhq\AppData\Local\Android\sdk\build-tools\23.0.3\lib\dx.jar
Launcher Type: SUN_STANDARD

Environment Variables:
JAVA_HOME=C:\Program Files\Java\jdk1.8.0_91
PATH=C:\ProgramData\Oracle\Java\javapath;C:\Windows\system32;C:\Windows;C:\Windows\System32\Wbem;C:\Windows\System32\WindowsPowerShell\v1.0\;C:\Users\lhq\AppData\Local\Android\sdk\platform-tools;C:\Users\lhq\AppData\Local\Android\sdk\tools;C:\Program Files\Java\jdk1.8.0_91\bin;C:\Program Files\Java\jdk1.8.0_91\jre\bin
USERNAME=lhq
OS=Windows_NT
PROCESSOR_IDENTIFIER=Intel64 Family 6 Model 69 Stepping 1, GenuineIntel



---------------  S Y S T E M  ---------------

OS: Windows 10.0 , 64 bit Build 10586 (10.0.10586.0)

CPU:total 4 (2 cores per cpu, 2 threads per core) family 6 model 69 stepping 1, cmov, cx8, fxsr, mmx, sse, sse2, sse3, ssse3, sse4.1, sse4.2, popcnt, avx, avx2, aes, clmul, erms, lzcnt, ht, tsc, tscinvbit, bmi1, bmi2

Memory: 4k page, physical 8067548k(921076k free), swap 8067548k(4308k free)

vm_info: OpenJDK 64-Bit Server VM (25.76-b01) for windows-amd64 JRE (1.8.0_76-release-b01), built on May 12 2016 23:29:00 by "ralucas" with MS VC++ 10.0 (VS2010)

time: Wed Jul 13 11:05:53 2016
elapsed time: 8 seconds (0d 0h 0m 8s)

