#
# There is insufficient memory for the Java Runtime Environment to continue.
# Native memory allocation (malloc) failed to allocate 117328 bytes for Chunk::new
# Possible reasons:
#   The system is out of physical RAM or swap space
#   In 32 bit mode, the process size limit was hit
# Possible solutions:
#   Reduce memory load on the system
#   Increase physical memory or swap space
#   Check if swap backing store is full
#   Use 64 bit Java on a 64 bit OS
#   Decrease Java heap size (-Xmx/-Xms)
#   Decrease number of Java threads
#   Decrease Java thread stack sizes (-Xss)
#   Set larger code cache with -XX:ReservedCodeCacheSize=
# This output file may be truncated or incomplete.
#
#  Out of Memory Error (allocation.cpp:390), pid=31964, tid=0x0000000000008088
#
# JRE version: OpenJDK Runtime Environment (8.0_76-b01) (build 1.8.0_76-release-b01)
# Java VM: OpenJDK 64-Bit Server VM (25.76-b01 mixed mode windows-amd64 compressed oops)
# Failed to write core dump. Minidumps are not enabled by default on client versions of Windows
#

---------------  T H R E A D  ---------------

Current thread (0x0000000016303800):  JavaThread "C2 CompilerThread1" daemon [_thread_in_native, id=32904, stack(0x00000000166b0000,0x00000000167b0000)]

Stack: [0x00000000166b0000,0x00000000167b0000]
[error occurred during error reporting (printing stack bounds), id 0xc0000005]

Native frames: (J=compiled Java code, j=interpreted, Vv=VM code, C=native code)


Current CompileTask:
C2:    829  669       4       com.android.dx.ssa.SsaBasicBlock::forEachInsn (37 bytes)


---------------  P R O C E S S  ---------------

Java Threads: ( => current thread )
  0x0000000016469000 JavaThread "pool-1-thread-4" [_thread_blocked, id=31192, stack(0x0000000016eb0000,0x0000000016fb0000)]
  0x0000000016467000 JavaThread "pool-1-thread-3" [_thread_in_vm, id=33216, stack(0x0000000016db0000,0x0000000016eb0000)]
  0x0000000016465000 JavaThread "pool-1-thread-2" [_thread_blocked, id=32632, stack(0x0000000016cb0000,0x0000000016db0000)]
  0x0000000016461000 JavaThread "pool-2-thread-1" [_thread_blocked, id=32492, stack(0x0000000016bb0000,0x0000000016cb0000)]
  0x000000001645e800 JavaThread "pool-1-thread-1" [_thread_in_Java, id=32656, stack(0x0000000016ab0000,0x0000000016bb0000)]
  0x000000001630f800 JavaThread "Service Thread" daemon [_thread_blocked, id=31784, stack(0x00000000168b0000,0x00000000169b0000)]
  0x0000000016309800 JavaThread "C1 CompilerThread2" daemon [_thread_blocked, id=30192, stack(0x00000000167b0000,0x00000000168b0000)]
=>0x0000000016303800 JavaThread "C2 CompilerThread1" daemon [_thread_in_native, id=32904, stack(0x00000000166b0000,0x00000000167b0000)]
  0x0000000014c5d800 JavaThread "C2 CompilerThread0" daemon [_thread_blocked, id=33016, stack(0x00000000161b0000,0x00000000162b0000)]
  0x0000000014c5c000 JavaThread "Attach Listener" daemon [_thread_blocked, id=32880, stack(0x00000000160b0000,0x00000000161b0000)]
  0x0000000014c5b000 JavaThread "Signal Dispatcher" daemon [_thread_blocked, id=33760, stack(0x0000000015fb0000,0x00000000160b0000)]
  0x0000000014c38800 JavaThread "Finalizer" daemon [_thread_blocked, id=32620, stack(0x0000000015eb0000,0x0000000015fb0000)]
  0x0000000002570000 JavaThread "Reference Handler" daemon [_thread_blocked, id=32948, stack(0x0000000015db0000,0x0000000015eb0000)]
  0x0000000002480800 JavaThread "main" [_thread_blocked, id=32952, stack(0x0000000002280000,0x0000000002380000)]

Other Threads:
  0x0000000014c15800 VMThread [stack: 0x0000000015cb0000,0x0000000015db0000] [id=30580]
  0x0000000016312000 WatcherThread [stack: 0x00000000169b0000,0x0000000016ab0000] [id=33748]

VM state:not at safepoint (normal execution)

VM Mutex/Monitor currently owned by a thread: None

Heap:
 PSYoungGen      total 36864K, used 13996K [0x00000000eab00000, 0x00000000ed400000, 0x0000000100000000)
  eden space 31744K, 44% used [0x00000000eab00000,0x00000000eb8ab188,0x00000000eca00000)
  from space 5120K, 0% used [0x00000000ecf00000,0x00000000ecf00000,0x00000000ed400000)
  to   space 5120K, 0% used [0x00000000eca00000,0x00000000eca00000,0x00000000ecf00000)
 ParOldGen       total 84992K, used 0K [0x00000000c0000000, 0x00000000c5300000, 0x00000000eab00000)
  object space 84992K, 0% used [0x00000000c0000000,0x00000000c0000000,0x00000000c5300000)
 Metaspace       used 5716K, capacity 6704K, committed 6784K, reserved 1056768K
  class space    used 575K, capacity 616K, committed 640K, reserved 1048576K

Card table byte_map: [0x0000000011940000,0x0000000011b50000] byte_map_base: 0x0000000011340000

Marking Bits: (ParMarkBitMap*) 0x0000000076459d00
 Begin Bits: [0x00000000120b0000, 0x00000000130b0000)
 End Bits:   [0x00000000130b0000, 0x00000000140b0000)

Polling page: 0x0000000000520000

CodeCache: size=245760Kb used=2781Kb max_used=2792Kb free=242978Kb
 bounds [0x0000000002580000, 0x0000000002850000, 0x0000000011580000]
 total_blobs=982 nmethods=711 adapters=184
 compilation: disabled (not enough contiguous free space left)

Compilation events (10 events):
Event: 0.806 Thread 0x0000000016309800  709       3       com.android.dx.rop.type.Prototype::withFirstParameter (68 bytes)
Event: 0.807 Thread 0x0000000016309800 nmethod 709 0x000000000282c190 code [0x000000000282c3c0, 0x000000000282cfd8]
Event: 0.808 Thread 0x0000000016309800  710       3       com.android.dx.cf.code.RopperMachine::jopToRopOpcode (1103 bytes)
Event: 0.810 Thread 0x0000000016309800 nmethod 710 0x000000000282da90 code [0x000000000282dda0, 0x0000000002830018]
Event: 0.811 Thread 0x0000000016309800  711       3       com.android.dx.rop.code.Rops::ropFor (771 bytes)
Event: 0.811 Thread 0x0000000014c5d800 nmethod 707 0x0000000002831a10 code [0x0000000002831ca0, 0x00000000028325b0]
Event: 0.812 Thread 0x0000000014c5d800  716       4       com.android.dx.rop.code.RegisterSpec::hashCodeOf (30 bytes)
Event: 0.815 Thread 0x0000000016309800 nmethod 711 0x0000000002832e10 code [0x0000000002833680, 0x0000000002837dd8]
Event: 0.815 Thread 0x0000000016309800  713   !   3       com.android.dx.cf.code.Ropper::processBlock (1101 bytes)
Event: 0.818 Thread 0x0000000014c5d800 nmethod 716 0x0000000002831350 code [0x00000000028314c0, 0x0000000002831738]

GC Heap History (0 events):
No events

Deoptimization events (1 events):
Event: 0.362 Thread 0x0000000002480800 Uncommon trap: reason=unstable_if action=reinterpret pc=0x00000000026bf054 method=java.lang.String.indexOf(II)I @ 49

Internal exceptions (2 events):
Event: 0.078 Thread 0x0000000002480800 Exception <a 'java/lang/NoSuchMethodError': Method sun.misc.Unsafe.defineClass(Ljava/lang/String;[BII)Ljava/lang/Class; name or signature does not match> (0x00000000eab07cc0) thrown at [C:\src\android\AOSP-openjdk\external\jetbrains\jdk\hotspot\src\share\v<&Ò›´?
Event: 0.078 Thread 0x0000000002480800 Exception <a 'java/lang/NoSuchMethodError': Method sun.misc.Unsafe.prefetchRead(Ljava/lang/Object;J)V name or signature does not match> (0x00000000eab07fa8) thrown at [C:\src\android\AOSP-openjdk\external\jetbrains\jdk\hotspot\src\share\vm\prims\jni.cpp, l

Events (10 events):
Event: 0.638 loading class com/android/dx/dex/file/FieldAnnotationStruct
Event: 0.638 loading class com/android/dx/dex/file/FieldAnnotationStruct done
Event: 0.714 loading class com/android/dx/dex/file/ParameterAnnotationStruct
Event: 0.714 loading class com/android/dx/dex/file/ParameterAnnotationStruct done
Event: 0.715 loading class com/android/dx/dex/file/UniformListItem
Event: 0.715 loading class com/android/dx/dex/file/UniformListItem done
Event: 0.715 loading class com/android/dx/dex/file/AnnotationSetRefItem
Event: 0.715 loading class com/android/dx/dex/file/AnnotationSetRefItem done
Event: 0.753 loading class java/util/ArrayList$1
Event: 0.753 loading class java/util/ArrayList$1 done


Dynamic libraries:
0x00007ff6beda0000 - 0x00007ff6bedd5000 	E:\Android\android-studio-ide-145.2915834-windows\jre\bin\java.exe
0x00007ffc71010000 - 0x00007ffc711d1000 	C:\Windows\SYSTEM32\ntdll.dll
0x00007ffc70e50000 - 0x00007ffc70efd000 	C:\Windows\system32\KERNEL32.DLL
0x00007ffc6da90000 - 0x00007ffc6dc78000 	C:\Windows\system32\KERNELBASE.dll
0x00007ffc6eb70000 - 0x00007ffc6ec17000 	C:\Windows\system32\ADVAPI32.dll
0x00007ffc70f00000 - 0x00007ffc70f9d000 	C:\Windows\system32\msvcrt.dll
0x00007ffc6eb10000 - 0x00007ffc6eb6b000 	C:\Windows\system32\sechost.dll
0x00007ffc6ec80000 - 0x00007ffc6ed9c000 	C:\Windows\system32\RPCRT4.dll
0x00007ffc6f0f0000 - 0x00007ffc6f246000 	C:\Windows\system32\USER32.dll
0x00007ffc70960000 - 0x00007ffc70ae6000 	C:\Windows\system32\GDI32.dll
0x00007ffc5ff30000 - 0x00007ffc601a4000 	C:\Windows\WinSxS\amd64_microsoft.windows.common-controls_6595b64144ccf1df_6.0.10586.0_none_8c15ae12515e1c22\COMCTL32.dll
0x00007ffc6eda0000 - 0x00007ffc6f01d000 	C:\Windows\system32\combase.dll
0x00007ffc6d9a0000 - 0x00007ffc6da0a000 	C:\Windows\system32\bcryptPrimitives.dll
0x00007ffc6ec20000 - 0x00007ffc6ec5b000 	C:\Windows\system32\IMM32.DLL
0x0000000075bc0000 - 0x0000000075c92000 	E:\Android\android-studio-ide-145.2915834-windows\jre\jre\bin\msvcr100.dll
0x0000000075ca0000 - 0x00000000764d4000 	E:\Android\android-studio-ide-145.2915834-windows\jre\jre\bin\server\jvm.dll
0x00007ffc70c70000 - 0x00007ffc70c78000 	C:\Windows\system32\PSAPI.DLL
0x00007ffc6bbe0000 - 0x00007ffc6bbe9000 	C:\Windows\SYSTEM32\WSOCK32.dll
0x00007ffc70af0000 - 0x00007ffc70b5b000 	C:\Windows\system32\WS2_32.dll
0x00007ffc6b5f0000 - 0x00007ffc6b613000 	C:\Windows\SYSTEM32\WINMM.dll
0x00007ffc62e40000 - 0x00007ffc62e4a000 	C:\Windows\SYSTEM32\VERSION.dll
0x00007ffc6b590000 - 0x00007ffc6b5bc000 	C:\Windows\SYSTEM32\WINMMBASE.dll
0x00007ffc6d780000 - 0x00007ffc6d7c3000 	C:\Windows\system32\cfgmgr32.dll
0x00007ffc6bbd0000 - 0x00007ffc6bbdf000 	E:\Android\android-studio-ide-145.2915834-windows\jre\jre\bin\verify.dll
0x00007ffc68150000 - 0x00007ffc68179000 	E:\Android\android-studio-ide-145.2915834-windows\jre\jre\bin\java.dll
0x00007ffc6ad40000 - 0x00007ffc6ad56000 	E:\Android\android-studio-ide-145.2915834-windows\jre\jre\bin\zip.dll
0x00007ffc6f400000 - 0x00007ffc7095c000 	C:\Windows\system32\SHELL32.dll
0x00007ffc6ddc0000 - 0x00007ffc6e405000 	C:\Windows\system32\windows.storage.dll
0x00007ffc70c80000 - 0x00007ffc70cd2000 	C:\Windows\system32\shlwapi.dll
0x00007ffc6d660000 - 0x00007ffc6d66f000 	C:\Windows\system32\kernel.appcore.dll
0x00007ffc6d6c0000 - 0x00007ffc6d775000 	C:\Windows\system32\shcore.dll
0x00007ffc6d670000 - 0x00007ffc6d6bb000 	C:\Windows\system32\powrprof.dll
0x00007ffc6d630000 - 0x00007ffc6d644000 	C:\Windows\system32\profapi.dll

VM Arguments:
jvm_args: -Djava.awt.headless=true -Xmx1024M -Dfile.encoding=GBK -Duser.country=CN -Duser.language=zh -Duser.variant 
java_command: com.android.dx.command.Main --dex --num-threads=4 --output E:\Teapopo\app\build\intermediates\pre-dexed\debug\com.android.support-customtabs-23.3.0_89850768dac8b46160b36122fe0c0eff02962215.jar E:\Teapopo\app\build\intermediates\exploded-aar\com.android.support\customtabs\23.3.0\jars\classes.jar
java_class_path (initial): C:\Users\lhq\AppData\Local\Android\sdk\build-tools\23.0.3\lib\dx.jar
Launcher Type: SUN_STANDARD

Environment Variables:
JAVA_HOME=C:\Program Files\Java\jdk1.8.0_91
PATH=C:\ProgramData\Oracle\Java\javapath;C:\Windows\system32;C:\Windows;C:\Windows\System32\Wbem;C:\Windows\System32\WindowsPowerShell\v1.0\;C:\Users\lhq\AppData\Local\Android\sdk\platform-tools;C:\Users\lhq\AppData\Local\Android\sdk\tools;C:\Program Files\Java\jdk1.8.0_91\bin;C:\Program Files\Java\jdk1.8.0_91\jre\bin
USERNAME=lhq
OS=Windows_NT
PROCESSOR_IDENTIFIER=Intel64 Family 6 Model 69 Stepping 1, GenuineIntel



---------------  S Y S T E M  ---------------

OS: Windows 10.0 , 64 bit Build 10586 (10.0.10586.0)

CPU:total 4 (2 cores per cpu, 2 threads per core) family 6 model 69 stepping 1, cmov, cx8, fxsr, mmx, sse, sse2, sse3, ssse3, sse4.1, sse4.2, popcnt, avx, avx2, aes, clmul, erms, lzcnt, ht, tsc, tscinvbit, bmi1, bmi2

Memory: 4k page, physical 8067548k(1137804k free), swap 8067548k(5136k free)

vm_info: OpenJDK 64-Bit Server VM (25.76-b01) for windows-amd64 JRE (1.8.0_76-release-b01), built on May 12 2016 23:29:00 by "ralucas" with MS VC++ 10.0 (VS2010)

time: Mon Jul 04 09:54:53 2016
elapsed time: 0 seconds (0d 0h 0m 0s)

