#
# There is insufficient memory for the Java Runtime Environment to continue.
# Native memory allocation (malloc) failed to allocate 1278272 bytes for Chunk::new
# Possible reasons:
#   The system is out of physical RAM or swap space
#   In 32 bit mode, the process size limit was hit
# Possible solutions:
#   Reduce memory load on the system
#   Increase physical memory or swap space
#   Check if swap backing store is full
#   Use 64 bit Java on a 64 bit OS
#   Decrease Java heap size (-Xmx/-Xms)
#   Decrease number of Java threads
#   Decrease Java thread stack sizes (-Xss)
#   Set larger code cache with -XX:ReservedCodeCacheSize=
# This output file may be truncated or incomplete.
#
#  Out of Memory Error (allocation.cpp:390), pid=103064, tid=0x000000000001667c
#
# JRE version: OpenJDK Runtime Environment (8.0_76-b01) (build 1.8.0_76-release-b01)
# Java VM: OpenJDK 64-Bit Server VM (25.76-b01 mixed mode windows-amd64 compressed oops)
# Failed to write core dump. Minidumps are not enabled by default on client versions of Windows
#

---------------  T H R E A D  ---------------

Current thread (0x0000000014d0d800):  JavaThread "C2 CompilerThread0" daemon [_thread_in_native, id=91772, stack(0x0000000016250000,0x0000000016350000)]

Stack: [0x0000000016250000,0x0000000016350000]
[error occurred during error reporting (printing stack bounds), id 0xc0000005]

Native frames: (J=compiled Java code, j=interpreted, Vv=VM code, C=native code)


Current CompileTask:
C2:   7134 2020   !   4       com.android.dx.cf.code.RopperMachine::run (1550 bytes)


---------------  P R O C E S S  ---------------

Java Threads: ( => current thread )
  0x00000000163ae800 JavaThread "Service Thread" daemon [_thread_blocked, id=103268, stack(0x0000000016950000,0x0000000016a50000)]
  0x00000000163a8000 JavaThread "C1 CompilerThread2" daemon [_thread_blocked, id=1716, stack(0x0000000016850000,0x0000000016950000)]
  0x00000000163a2000 JavaThread "C2 CompilerThread1" daemon [_thread_in_native, id=102588, stack(0x0000000016750000,0x0000000016850000)]
=>0x0000000014d0d800 JavaThread "C2 CompilerThread0" daemon [_thread_in_native, id=91772, stack(0x0000000016250000,0x0000000016350000)]
  0x0000000014d0c000 JavaThread "Attach Listener" daemon [_thread_blocked, id=103004, stack(0x0000000016150000,0x0000000016250000)]
  0x0000000014d0b000 JavaThread "Signal Dispatcher" daemon [_thread_blocked, id=100856, stack(0x0000000016050000,0x0000000016150000)]
  0x0000000014ce8800 JavaThread "Finalizer" daemon [_thread_blocked, id=101964, stack(0x0000000015f50000,0x0000000016050000)]
  0x0000000002620000 JavaThread "Reference Handler" daemon [_thread_blocked, id=83088, stack(0x0000000015e50000,0x0000000015f50000)]
  0x0000000002530800 JavaThread "main" [_thread_in_Java, id=102832, stack(0x0000000002430000,0x0000000002530000)]

Other Threads:
  0x0000000014cc5800 VMThread [stack: 0x0000000015d50000,0x0000000015e50000] [id=103364]
  0x00000000163b1000 WatcherThread [stack: 0x0000000016a50000,0x0000000016b50000] [id=102964]

VM state:not at safepoint (normal execution)

VM Mutex/Monitor currently owned by a thread: None

Heap:
 PSYoungGen      total 68608K, used 39647K [0x00000000eab00000, 0x00000000ef300000, 0x0000000100000000)
  eden space 63488K, 54% used [0x00000000eab00000,0x00000000eccb8b90,0x00000000ee900000)
  from space 5120K, 99% used [0x00000000eee00000,0x00000000ef2ff130,0x00000000ef300000)
  to   space 5120K, 0% used [0x00000000ee900000,0x00000000ee900000,0x00000000eee00000)
 ParOldGen       total 84992K, used 26718K [0x00000000c0000000, 0x00000000c5300000, 0x00000000eab00000)
  object space 84992K, 31% used [0x00000000c0000000,0x00000000c1a17bf8,0x00000000c5300000)
 Metaspace       used 6432K, capacity 7160K, committed 7296K, reserved 1056768K
  class space    used 600K, capacity 624K, committed 640K, reserved 1048576K

Card table byte_map: [0x00000000119f0000,0x0000000011c00000] byte_map_base: 0x00000000113f0000

Marking Bits: (ParMarkBitMap*) 0x000000005f499d00
 Begin Bits: [0x0000000012160000, 0x0000000013160000)
 End Bits:   [0x0000000013160000, 0x0000000014160000)

Polling page: 0x0000000000510000

CodeCache: size=245760Kb used=8413Kb max_used=8418Kb free=237346Kb
 bounds [0x0000000002630000, 0x0000000002e70000, 0x0000000011630000]
 total_blobs=2278 nmethods=2007 adapters=184
 compilation: enabled

Compilation events (10 events):
Event: 6.843 Thread 0x00000000163a2000 nmethod 2021 0x0000000002e653d0 code [0x0000000002e657a0, 0x0000000002e68908]
Event: 6.843 Thread 0x00000000163a2000 2027   !   4       com.android.dx.cf.code.BytecodeArray::parseInstruction (2764 bytes)
Event: 7.040 Thread 0x00000000163a8000 2095       3       com.android.dx.dex.code.OutputFinisher::getAllConstants (47 bytes)
Event: 7.041 Thread 0x00000000163a8000 nmethod 2095 0x0000000002e64310 code [0x0000000002e64540, 0x0000000002e64e88]
Event: 7.056 Thread 0x00000000163a8000 2096       2       com.android.dx.dex.code.StdCatchBuilder::getCatchTypes (97 bytes)
Event: 7.057 Thread 0x00000000163a8000 nmethod 2096 0x0000000002e63410 code [0x0000000002e63620, 0x0000000002e63bb8]
Event: 7.065 Thread 0x00000000163a8000 2099 %     3       com.android.dx.dex.code.StdCatchBuilder::hasAnyCatches @ 15 (57 bytes)
Event: 7.066 Thread 0x00000000163a8000 nmethod 2099% 0x0000000002e61f10 code [0x0000000002e62100, 0x0000000002e62e78]
Event: 7.066 Thread 0x00000000163a8000 2100       3       com.android.dx.dex.code.StdCatchBuilder::hasAnyCatches (57 bytes)
Event: 7.066 Thread 0x00000000163a8000 nmethod 2100 0x0000000002e60a90 code [0x0000000002e60c80, 0x0000000002e619b8]

GC Heap History (8 events):
Event: 3.803 GC heap before
{Heap before GC invocations=1 (full 0):
 PSYoungGen      total 36864K, used 31744K [0x00000000eab00000, 0x00000000ed400000, 0x0000000100000000)
  eden space 31744K, 100% used [0x00000000eab00000,0x00000000eca00000,0x00000000eca00000)
  from space 5120K, 0% used [0x00000000ecf00000,0x00000000ecf00000,0x00000000ed400000)
  to   space 5120K, 0% used [0x00000000eca00000,0x00000000eca00000,0x00000000ecf00000)
 ParOldGen       total 84992K, used 0K [0x00000000c0000000, 0x00000000c5300000, 0x00000000eab00000)
  object space 84992K, 0% used [0x00000000c0000000,0x00000000c0000000,0x00000000c5300000)
 Metaspace       used 6002K, capacity 6834K, committed 7040K, reserved 1056768K
  class space    used 592K, capacity 618K, committed 640K, reserved 1048576K
Event: 3.844 GC heap after
Heap after GC invocations=1 (full 0):
 PSYoungGen      total 36864K, used 5119K [0x00000000eab00000, 0x00000000ef300000, 0x0000000100000000)
  eden space 31744K, 0% used [0x00000000eab00000,0x00000000eab00000,0x00000000eca00000)
  from space 5120K, 99% used [0x00000000eca00000,0x00000000eceffca8,0x00000000ecf00000)
  to   space 5120K, 0% used [0x00000000eee00000,0x00000000eee00000,0x00000000ef300000)
 ParOldGen       total 84992K, used 1591K [0x00000000c0000000, 0x00000000c5300000, 0x00000000eab00000)
  object space 84992K, 1% used [0x00000000c0000000,0x00000000c018de80,0x00000000c5300000)
 Metaspace       used 6002K, capacity 6834K, committed 7040K, reserved 1056768K
  class space    used 592K, capacity 618K, committed 640K, reserved 1048576K
}
Event: 4.599 GC heap before
{Heap before GC invocations=2 (full 0):
 PSYoungGen      total 36864K, used 36863K [0x00000000eab00000, 0x00000000ef300000, 0x0000000100000000)
  eden space 31744K, 100% used [0x00000000eab00000,0x00000000eca00000,0x00000000eca00000)
  from space 5120K, 99% used [0x00000000eca00000,0x00000000eceffca8,0x00000000ecf00000)
  to   space 5120K, 0% used [0x00000000eee00000,0x00000000eee00000,0x00000000ef300000)
 ParOldGen       total 84992K, used 1591K [0x00000000c0000000, 0x00000000c5300000, 0x00000000eab00000)
  object space 84992K, 1% used [0x00000000c0000000,0x00000000c018de80,0x00000000c5300000)
 Metaspace       used 6173K, capacity 7026K, committed 7296K, reserved 1056768K
  class space    used 593K, capacity 618K, committed 640K, reserved 1048576K
Event: 4.626 GC heap after
Heap after GC invocations=2 (full 0):
 PSYoungGen      total 68608K, used 5112K [0x00000000eab00000, 0x00000000ef300000, 0x0000000100000000)
  eden space 63488K, 0% used [0x00000000eab00000,0x00000000eab00000,0x00000000ee900000)
  from space 5120K, 99% used [0x00000000eee00000,0x00000000ef2fe038,0x00000000ef300000)
  to   space 5120K, 0% used [0x00000000ee900000,0x00000000ee900000,0x00000000eee00000)
 ParOldGen       total 84992K, used 7170K [0x00000000c0000000, 0x00000000c5300000, 0x00000000eab00000)
  object space 84992K, 8% used [0x00000000c0000000,0x00000000c0700b58,0x00000000c5300000)
 Metaspace       used 6173K, capacity 7026K, committed 7296K, reserved 1056768K
  class space    used 593K, capacity 618K, committed 640K, reserved 1048576K
}
Event: 5.378 GC heap before
{Heap before GC invocations=3 (full 0):
 PSYoungGen      total 68608K, used 68600K [0x00000000eab00000, 0x00000000ef300000, 0x0000000100000000)
  eden space 63488K, 100% used [0x00000000eab00000,0x00000000ee900000,0x00000000ee900000)
  from space 5120K, 99% used [0x00000000eee00000,0x00000000ef2fe038,0x00000000ef300000)
  to   space 5120K, 0% used [0x00000000ee900000,0x00000000ee900000,0x00000000eee00000)
 ParOldGen       total 84992K, used 7170K [0x00000000c0000000, 0x00000000c5300000, 0x00000000eab00000)
  object space 84992K, 8% used [0x00000000c0000000,0x00000000c0700b58,0x00000000c5300000)
 Metaspace       used 6304K, capacity 7090K, committed 7296K, reserved 1056768K
  class space    used 594K, capacity 618K, committed 640K, reserved 1048576K
Event: 5.510 GC heap after
Heap after GC invocations=3 (full 0):
 PSYoungGen      total 68608K, used 5102K [0x00000000eab00000, 0x00000000ef300000, 0x0000000100000000)
  eden space 63488K, 0% used [0x00000000eab00000,0x00000000eab00000,0x00000000ee900000)
  from space 5120K, 99% used [0x00000000ee900000,0x00000000eedfbb60,0x00000000eee00000)
  to   space 5120K, 0% used [0x00000000eee00000,0x00000000eee00000,0x00000000ef300000)
 ParOldGen       total 84992K, used 17055K [0x00000000c0000000, 0x00000000c5300000, 0x00000000eab00000)
  object space 84992K, 20% used [0x00000000c0000000,0x00000000c10a7df0,0x00000000c5300000)
 Metaspace       used 6304K, capacity 7090K, committed 7296K, reserved 1056768K
  class space    used 594K, capacity 618K, committed 640K, reserved 1048576K
}
Event: 6.514 GC heap before
{Heap before GC invocations=4 (full 0):
 PSYoungGen      total 68608K, used 68590K [0x00000000eab00000, 0x00000000ef300000, 0x0000000100000000)
  eden space 63488K, 100% used [0x00000000eab00000,0x00000000ee900000,0x00000000ee900000)
  from space 5120K, 99% used [0x00000000ee900000,0x00000000eedfbb60,0x00000000eee00000)
  to   space 5120K, 0% used [0x00000000eee00000,0x00000000eee00000,0x00000000ef300000)
 ParOldGen       total 84992K, used 17055K [0x00000000c0000000, 0x00000000c5300000, 0x00000000eab00000)
  object space 84992K, 20% used [0x00000000c0000000,0x00000000c10a7df0,0x00000000c5300000)
 Metaspace       used 6340K, capacity 7090K, committed 7296K, reserved 1056768K
  class space    used 594K, capacity 618K, committed 640K, reserved 1048576K
Event: 6.566 GC heap after
Heap after GC invocations=4 (full 0):
 PSYoungGen      total 68608K, used 5116K [0x00000000eab00000, 0x00000000ef300000, 0x0000000100000000)
  eden space 63488K, 0% used [0x00000000eab00000,0x00000000eab00000,0x00000000ee900000)
  from space 5120K, 99% used [0x00000000eee00000,0x00000000ef2ff130,0x00000000ef300000)
  to   space 5120K, 0% used [0x00000000ee900000,0x00000000ee900000,0x00000000eee00000)
 ParOldGen       total 84992K, used 26718K [0x00000000c0000000, 0x00000000c5300000, 0x00000000eab00000)
  object space 84992K, 31% used [0x00000000c0000000,0x00000000c1a17bf8,0x00000000c5300000)
 Metaspace       used 6340K, capacity 7090K, committed 7296K, reserved 1056768K
  class space    used 594K, capacity 618K, committed 640K, reserved 1048576K
}

Deoptimization events (10 events):
Event: 5.898 Thread 0x0000000002530800 Uncommon trap: reason=bimorphic action=maybe_recompile pc=0x0000000002d7138c method=com.android.dx.cf.code.BytecodeArray.parseInstruction(ILcom/android/dx/cf/code/BytecodeArray$Visitor;)I @ 971
Event: 5.899 Thread 0x0000000002530800 Uncommon trap: reason=bimorphic action=maybe_recompile pc=0x0000000002d71300 method=com.android.dx.cf.code.BytecodeArray.parseInstruction(ILcom/android/dx/cf/code/BytecodeArray$Visitor;)I @ 955
Event: 6.182 Thread 0x000000001661c000 Uncommon trap: reason=unstable_if action=reinterpret pc=0x0000000002da6d74 method=com.android.dx.ssa.SCCP.simulateBranch(Lcom/android/dx/ssa/SsaInsn;)V @ 548
Event: 6.645 Thread 0x000000001661c000 Uncommon trap: reason=bimorphic action=maybe_recompile pc=0x0000000002e030b4 method=com.android.dx.cf.code.BytecodeArray.parseInstruction(ILcom/android/dx/cf/code/BytecodeArray$Visitor;)I @ 2135
Event: 6.733 Thread 0x000000001661c000 Uncommon trap: reason=bimorphic action=maybe_recompile pc=0x0000000002e030b4 method=com.android.dx.cf.code.BytecodeArray.parseInstruction(ILcom/android/dx/cf/code/BytecodeArray$Visitor;)I @ 2135
Event: 6.766 Thread 0x0000000002530800 Uncommon trap: reason=class_check action=maybe_recompile pc=0x0000000002c300c8 method=java.util.Arrays.hashCode([Ljava/lang/Object;)I @ 43
Event: 6.766 Thread 0x0000000002530800 Uncommon trap: reason=class_check action=maybe_recompile pc=0x0000000002c300c8 method=java.util.Arrays.hashCode([Ljava/lang/Object;)I @ 43
Event: 6.766 Thread 0x0000000002530800 Uncommon trap: reason=class_check action=maybe_recompile pc=0x0000000002c300c8 method=java.util.Arrays.hashCode([Ljava/lang/Object;)I @ 43
Event: 6.766 Thread 0x0000000002530800 Uncommon trap: reason=class_check action=maybe_recompile pc=0x0000000002c300c8 method=java.util.Arrays.hashCode([Ljava/lang/Object;)I @ 43
Event: 6.768 Thread 0x0000000002530800 Uncommon trap: reason=class_check action=maybe_recompile pc=0x0000000002c2c9f4 method=java.util.Arrays.hashCode([Ljava/lang/Object;)I @ 43

Internal exceptions (7 events):
Event: 0.761 Thread 0x0000000002530800 Exception <a 'java/lang/NoSuchMethodError': Method sun.misc.Unsafe.defineClass(Ljava/lang/String;[BII)Ljava/lang/Class; name or signature does not match> (0x00000000eab07cc0) thrown at [C:\src\android\AOSP-openjdk\external\jetbrains\jdk\hotspot\src\share\v
’zðßWè?
Event: 0.761 Thread 0x0000000002530800 Exception <a 'java/lang/NoSuchMethodError': Method sun.misc.Unsafe.prefetchRead(Ljava/lang/Object;J)V name or signature does not match> (0x00000000eab07fa8) thrown at [C:\src\android\AOSP-openjdk\external\jetbrains\jdk\hotspot\src\share\vm\prims\jni.cpp, l(-Ë™¸/@
Event: 3.398 Thread 0x0000000016622800 Implicit null exception at 0x00000000029c4925 to 0x00000000029c6e51
Event: 3.488 Thread 0x000000001661c000 Implicit null exception at 0x00000000029f73ad to 0x00000000029f9899
Event: 3.767 Thread 0x0000000016620800 Exception <a 'java/lang/ArrayIndexOutOfBoundsException': 18> (0x00000000ec7b0578) thrown at [C:\src\android\AOSP-openjdk\external\jetbrains\jdk\hotspot\src\share\vm\interpreter\interpreterRuntime.cpp, line 366]
Event: 3.767 Thread 0x0000000016620800 Exception <a 'java/lang/ArrayIndexOutOfBoundsException': 145> (0x00000000ec7b20f8) thrown at [C:\src\android\AOSP-openjdk\external\jetbrains\jdk\hotspot\src\share\vm\interpreter\interpreterRuntime.cpp, line 366]
Event: 3.768 Thread 0x0000000016620800 Exception <a 'java/lang/ArrayIndexOutOfBoundsException': 40> (0x00000000ec7b33e0) thrown at [C:\src\android\AOSP-openjdk\external\jetbrains\jdk\hotspot\src\share\vm\interpreter\interpreterRuntime.cpp, line 366]

Events (10 events):
Event: 6.767 loading class com/android/dx/rop/cst/Zeroes done
Event: 6.768 Thread 0x0000000002530800 Uncommon trap: trap_request=0xffffffde fr.pc=0x0000000002c2c9f4
Event: 6.768 Thread 0x0000000002530800 DEOPT PACKING pc=0x0000000002c2c9f4 sp=0x000000000252ebf0
Event: 6.768 Thread 0x0000000002530800 DEOPT UNPACKING pc=0x000000000267556a sp=0x000000000252eb78 mode 2
Event: 6.784 loading class com/android/dx/dex/file/CatchStructs
Event: 6.784 loading class com/android/dx/dex/file/CatchStructs done
Event: 7.041 Thread 0x0000000002530800 DEOPT PACKING pc=0x0000000002e58154 sp=0x000000000252ed30
Event: 7.041 Thread 0x0000000002530800 DEOPT UNPACKING pc=0x00000000026775bf sp=0x000000000252eac0 mode 0
Event: 7.066 Thread 0x0000000002530800 DEOPT PACKING pc=0x0000000002e58b84 sp=0x000000000252ed60
Event: 7.066 Thread 0x0000000002530800 DEOPT UNPACKING pc=0x00000000026775bf sp=0x000000000252eab0 mode 0


Dynamic libraries:
0x00007ff6a3010000 - 0x00007ff6a3045000 	E:\Android\android-studio-ide-145.2915834-windows\jre\bin\java.exe
0x00007ffecf410000 - 0x00007ffecf5d1000 	C:\Windows\SYSTEM32\ntdll.dll
0x00007ffecef70000 - 0x00007ffecf01d000 	C:\Windows\system32\KERNEL32.DLL
0x00007ffecc330000 - 0x00007ffecc518000 	C:\Windows\system32\KERNELBASE.dll
0x00007ffecc9e0000 - 0x00007ffecca87000 	C:\Windows\system32\ADVAPI32.dll
0x00007ffece4c0000 - 0x00007ffece55d000 	C:\Windows\system32\msvcrt.dll
0x00007ffeccd10000 - 0x00007ffeccd6b000 	C:\Windows\system32\sechost.dll
0x00007ffece730000 - 0x00007ffece84c000 	C:\Windows\system32\RPCRT4.dll
0x00007ffece920000 - 0x00007ffecea76000 	C:\Windows\system32\USER32.dll
0x00007ffeccd90000 - 0x00007ffeccf16000 	C:\Windows\system32\GDI32.dll
0x00007ffebe600000 - 0x00007ffebe874000 	C:\Windows\WinSxS\amd64_microsoft.windows.common-controls_6595b64144ccf1df_6.0.10586.0_none_8c15ae12515e1c22\COMCTL32.dll
0x00007ffecca90000 - 0x00007ffeccd0d000 	C:\Windows\system32\combase.dll
0x00007ffecc520000 - 0x00007ffecc58a000 	C:\Windows\system32\bcryptPrimitives.dll
0x00007ffeccf20000 - 0x00007ffeccf5b000 	C:\Windows\system32\IMM32.DLL
0x00000000600f0000 - 0x00000000601c2000 	E:\Android\android-studio-ide-145.2915834-windows\jre\jre\bin\msvcr100.dll
0x000000005ece0000 - 0x000000005f514000 	E:\Android\android-studio-ide-145.2915834-windows\jre\jre\bin\server\jvm.dll
0x00007ffecf1d0000 - 0x00007ffecf1d8000 	C:\Windows\system32\PSAPI.DLL
0x00007ffec9c20000 - 0x00007ffec9c29000 	C:\Windows\SYSTEM32\WSOCK32.dll
0x00007ffece560000 - 0x00007ffece5cb000 	C:\Windows\system32\WS2_32.dll
0x00007ffec9d40000 - 0x00007ffec9d63000 	C:\Windows\SYSTEM32\WINMM.dll
0x00007ffec1700000 - 0x00007ffec170a000 	C:\Windows\SYSTEM32\VERSION.dll
0x00007ffec9bf0000 - 0x00007ffec9c1c000 	C:\Windows\SYSTEM32\WINMMBASE.dll
0x00007ffecbbd0000 - 0x00007ffecbc13000 	C:\Windows\system32\cfgmgr32.dll
0x00007ffec8ed0000 - 0x00007ffec8edf000 	E:\Android\android-studio-ide-145.2915834-windows\jre\jre\bin\verify.dll
0x00007ffec8d20000 - 0x00007ffec8d49000 	E:\Android\android-studio-ide-145.2915834-windows\jre\jre\bin\java.dll
0x00007ffec8d00000 - 0x00007ffec8d16000 	E:\Android\android-studio-ide-145.2915834-windows\jre\jre\bin\zip.dll
0x00007ffeccf60000 - 0x00007ffece4bc000 	C:\Windows\system32\SHELL32.dll
0x00007ffecbce0000 - 0x00007ffecc325000 	C:\Windows\system32\windows.storage.dll
0x00007ffecea80000 - 0x00007ffecead2000 	C:\Windows\system32\shlwapi.dll
0x00007ffecba90000 - 0x00007ffecba9f000 	C:\Windows\system32\kernel.appcore.dll
0x00007ffecbc20000 - 0x00007ffecbcd5000 	C:\Windows\system32\shcore.dll
0x00007ffecba30000 - 0x00007ffecba7b000 	C:\Windows\system32\powrprof.dll
0x00007ffecbaa0000 - 0x00007ffecbab4000 	C:\Windows\system32\profapi.dll

VM Arguments:
jvm_args: -Djava.awt.headless=true -Xmx1024M -Dfile.encoding=GBK -Duser.country=CN -Duser.language=zh -Duser.variant 
java_command: com.android.dx.command.Main --dex --num-threads=4 --output E:\Teapopo\app\build\intermediates\pre-dexed\debug\okhttp-3.2.0_f55d89d5337775cc52f87f2c7b73539820543a5b.jar C:\Users\lhq\.gradle\caches\modules-2\files-2.1\com.squareup.okhttp3\okhttp\3.2.0\f7873a2ebde246a45c2a8d6f3247108b4c88a879\okhttp-3.2.0.jar
java_class_path (initial): C:\Users\lhq\AppData\Local\Android\sdk\build-tools\23.0.3\lib\dx.jar
Launcher Type: SUN_STANDARD

Environment Variables:
JAVA_HOME=C:\Program Files\Java\jdk1.8.0_91
PATH=C:\ProgramData\Oracle\Java\javapath;C:\Windows\system32;C:\Windows;C:\Windows\System32\Wbem;C:\Windows\System32\WindowsPowerShell\v1.0\;C:\Users\lhq\AppData\Local\Android\sdk\platform-tools;C:\Users\lhq\AppData\Local\Android\sdk\tools;C:\Program Files\Java\jdk1.8.0_91\bin;C:\Program Files\Java\jdk1.8.0_91\jre\bin
USERNAME=lhq
OS=Windows_NT
PROCESSOR_IDENTIFIER=Intel64 Family 6 Model 69 Stepping 1, GenuineIntel



---------------  S Y S T E M  ---------------

OS: Windows 10.0 , 64 bit Build 10586 (10.0.10586.0)

CPU:total 4 (2 cores per cpu, 2 threads per core) family 6 model 69 stepping 1, cmov, cx8, fxsr, mmx, sse, sse2, sse3, ssse3, sse4.1, sse4.2, popcnt, avx, avx2, aes, clmul, erms, lzcnt, ht, tsc, tscinvbit, bmi1, bmi2

Memory: 4k page, physical 8067548k(1170428k free), swap 8067548k(5508k free)

vm_info: OpenJDK 64-Bit Server VM (25.76-b01) for windows-amd64 JRE (1.8.0_76-release-b01), built on May 12 2016 23:29:00 by "ralucas" with MS VC++ 10.0 (VS2010)

time: Thu Jul 07 11:09:35 2016
elapsed time: 7 seconds (0d 0h 0m 7s)

