#
# There is insufficient memory for the Java Runtime Environment to continue.
# Native memory allocation (malloc) failed to allocate 639872 bytes for Chunk::new
# Possible reasons:
#   The system is out of physical RAM or swap space
#   In 32 bit mode, the process size limit was hit
# Possible solutions:
#   Reduce memory load on the system
#   Increase physical memory or swap space
#   Check if swap backing store is full
#   Use 64 bit Java on a 64 bit OS
#   Decrease Java heap size (-Xmx/-Xms)
#   Decrease number of Java threads
#   Decrease Java thread stack sizes (-Xss)
#   Set larger code cache with -XX:ReservedCodeCacheSize=
# This output file may be truncated or incomplete.
#
#  Out of Memory Error (allocation.cpp:390), pid=102404, tid=0x00000000000193f4
#
# JRE version: OpenJDK Runtime Environment (8.0_76-b01) (build 1.8.0_76-release-b01)
# Java VM: OpenJDK 64-Bit Server VM (25.76-b01 mixed mode windows-amd64 compressed oops)
# Failed to write core dump. Minidumps are not enabled by default on client versions of Windows
#

---------------  T H R E A D  ---------------

Current thread (0x0000000014da7000):  JavaThread "C2 CompilerThread0" daemon [_thread_in_native, id=103412, stack(0x00000000162b0000,0x00000000163b0000)]

Stack: [0x00000000162b0000,0x00000000163b0000]
[error occurred during error reporting (printing stack bounds), id 0xc0000005]

Native frames: (J=compiled Java code, j=interpreted, Vv=VM code, C=native code)


Current CompileTask:
C2:   1936 1090       4       com.android.dx.dex.code.OutputFinisher::addConstants (93 bytes)


---------------  P R O C E S S  ---------------

Java Threads: ( => current thread )
  0x000000001640f000 JavaThread "Service Thread" daemon [_thread_blocked, id=102516, stack(0x00000000169b0000,0x0000000016ab0000)]
  0x0000000016408000 JavaThread "C1 CompilerThread2" daemon [_thread_in_native, id=102648, stack(0x00000000168b0000,0x00000000169b0000)]
  0x00000000163fd800 JavaThread "C2 CompilerThread1" daemon [_thread_in_native, id=103184, stack(0x00000000167b0000,0x00000000168b0000)]
=>0x0000000014da7000 JavaThread "C2 CompilerThread0" daemon [_thread_in_native, id=103412, stack(0x00000000162b0000,0x00000000163b0000)]
  0x0000000014d5c800 JavaThread "Attach Listener" daemon [_thread_blocked, id=94656, stack(0x00000000161b0000,0x00000000162b0000)]
  0x0000000014d5b000 JavaThread "Signal Dispatcher" daemon [_thread_blocked, id=102596, stack(0x00000000160b0000,0x00000000161b0000)]
  0x0000000014d38800 JavaThread "Finalizer" daemon [_thread_blocked, id=103232, stack(0x0000000015fb0000,0x00000000160b0000)]
  0x0000000002670000 JavaThread "Reference Handler" daemon [_thread_blocked, id=90956, stack(0x0000000015eb0000,0x0000000015fb0000)]
  0x0000000002580800 JavaThread "main" [_thread_in_Java, id=102640, stack(0x0000000002480000,0x0000000002580000)]

Other Threads:
  0x0000000014d15800 VMThread [stack: 0x0000000015db0000,0x0000000015eb0000] [id=102612]
  0x0000000016411000 WatcherThread [stack: 0x0000000016ab0000,0x0000000016bb0000] [id=101964]

VM state:not at safepoint (normal execution)

VM Mutex/Monitor currently owned by a thread: None

Heap:
 PSYoungGen      total 36864K, used 21594K [0x00000000eab00000, 0x00000000ed400000, 0x0000000100000000)
  eden space 31744K, 68% used [0x00000000eab00000,0x00000000ec016810,0x00000000eca00000)
  from space 5120K, 0% used [0x00000000ecf00000,0x00000000ecf00000,0x00000000ed400000)
  to   space 5120K, 0% used [0x00000000eca00000,0x00000000eca00000,0x00000000ecf00000)
 ParOldGen       total 84992K, used 0K [0x00000000c0000000, 0x00000000c5300000, 0x00000000eab00000)
  object space 84992K, 0% used [0x00000000c0000000,0x00000000c0000000,0x00000000c5300000)
 Metaspace       used 6110K, capacity 7024K, committed 7296K, reserved 1056768K
  class space    used 594K, capacity 616K, committed 640K, reserved 1048576K

Card table byte_map: [0x0000000011a40000,0x0000000011c50000] byte_map_base: 0x0000000011440000

Marking Bits: (ParMarkBitMap*) 0x000000005f499d00
 Begin Bits: [0x00000000121b0000, 0x00000000131b0000)
 End Bits:   [0x00000000131b0000, 0x00000000141b0000)

Polling page: 0x00000000009a0000

CodeCache: size=245760Kb used=4663Kb max_used=4663Kb free=241096Kb
 bounds [0x0000000002680000, 0x0000000002b20000, 0x0000000011680000]
 total_blobs=1508 nmethods=1237 adapters=185
 compilation: enabled

Compilation events (10 events):
Event: 1.821 Thread 0x0000000016408000 1230       3       com.android.dx.dex.file.DebugInfoEncoder::emitPosition (214 bytes)
Event: 1.823 Thread 0x0000000016408000 nmethod 1230 0x0000000002b0d4d0 code [0x0000000002b0d7c0, 0x0000000002b0eca8]
Event: 1.823 Thread 0x0000000016408000 1231       3       java.util.Collections::sort (8 bytes)
Event: 1.823 Thread 0x0000000016408000 nmethod 1231 0x0000000002b0f910 code [0x0000000002b0fa80, 0x0000000002b0fc88]
Event: 1.933 Thread 0x0000000016408000 1232       1       com.android.dx.rop.annotation.NameValuePair::getName (5 bytes)
Event: 1.933 Thread 0x0000000016408000 nmethod 1232 0x0000000002b0fd50 code [0x0000000002b0fea0, 0x0000000002b0ffb0]
Event: 1.933 Thread 0x0000000016408000 1234       3       com.android.dx.util.ByteArrayAnnotatedOutput::annotates (13 bytes)
Event: 1.934 Thread 0x0000000016408000 nmethod 1234 0x0000000002b10010 code [0x0000000002b10160, 0x0000000002b10310]
Event: 1.934 Thread 0x0000000016408000 1233       1       com.android.dx.dex.file.EncodedMember::getAccessFlags (5 bytes)
Event: 1.934 Thread 0x0000000016408000 nmethod 1233 0x0000000002b10390 code [0x0000000002b104e0, 0x0000000002b105f0]

GC Heap History (0 events):
No events

Deoptimization events (10 events):
Event: 1.436 Thread 0x000000001666b800 Uncommon trap: reason=unstable_if action=reinterpret pc=0x0000000002a14dc0 method=com.android.dx.ssa.SsaRenamer$BlockRenamer.addMapping(ILcom/android/dx/rop/code/RegisterSpec;)V @ 120
Event: 1.523 Thread 0x0000000002580800 Uncommon trap: reason=bimorphic action=maybe_recompile pc=0x0000000002927200 method=java.util.HashMap.getNode(ILjava/lang/Object;)Ljava/util/HashMap$Node; @ 126
Event: 1.524 Thread 0x0000000002580800 Uncommon trap: reason=bimorphic action=maybe_recompile pc=0x0000000002927200 method=java.util.HashMap.getNode(ILjava/lang/Object;)Ljava/util/HashMap$Node; @ 126
Event: 1.524 Thread 0x0000000002580800 Uncommon trap: reason=bimorphic action=maybe_recompile pc=0x0000000002927200 method=java.util.HashMap.getNode(ILjava/lang/Object;)Ljava/util/HashMap$Node; @ 126
Event: 1.528 Thread 0x0000000002580800 Uncommon trap: reason=bimorphic action=maybe_recompile pc=0x0000000002927200 method=java.util.HashMap.getNode(ILjava/lang/Object;)Ljava/util/HashMap$Node; @ 126
Event: 1.548 Thread 0x0000000002580800 Uncommon trap: reason=unstable_if action=reinterpret pc=0x0000000002ab01e8 method=java.util.HashMap.putVal(ILjava/lang/Object;Ljava/lang/Object;ZZ)Ljava/lang/Object; @ 109
Event: 1.783 Thread 0x0000000002580800 Uncommon trap: reason=class_check action=maybe_recompile pc=0x00000000029f0888 method=java.util.Arrays.equals([Ljava/lang/Object;[Ljava/lang/Object;)Z @ 62
Event: 1.783 Thread 0x0000000002580800 Uncommon trap: reason=class_check action=maybe_recompile pc=0x00000000029f0888 method=java.util.Arrays.equals([Ljava/lang/Object;[Ljava/lang/Object;)Z @ 62
Event: 1.784 Thread 0x0000000002580800 Uncommon trap: reason=class_check action=maybe_recompile pc=0x00000000029f0888 method=java.util.Arrays.equals([Ljava/lang/Object;[Ljava/lang/Object;)Z @ 62
Event: 1.784 Thread 0x0000000002580800 Uncommon trap: reason=class_check action=maybe_recompile pc=0x00000000029f0888 method=java.util.Arrays.equals([Ljava/lang/Object;[Ljava/lang/Object;)Z @ 62

Internal exceptions (2 events):
Event: 0.058 Thread 0x0000000002580800 Exception <a 'java/lang/NoSuchMethodError': Method sun.misc.Unsafe.defineClass(Ljava/lang/String;[BII)Ljava/lang/Class; name or signature does not match> (0x00000000eab07cc0) thrown at [C:\src\android\AOSP-openjdk\external\jetbrains\jdk\hotspot\src\share\væ\Ô2ë®?
Event: 0.059 Thread 0x0000000002580800 Exception <a 'java/lang/NoSuchMethodError': Method sun.misc.Unsafe.prefetchRead(Ljava/lang/Object;J)V name or signature does not match> (0x00000000eab07fa8) thrown at [C:\src\android\AOSP-openjdk\external\jetbrains\jdk\hotspot\src\share\vm\prims\jni.cpp, l

Events (10 events):
Event: 1.809 loading class com/android/dx/dex/file/DebugInfoEncoder$1
Event: 1.809 loading class com/android/dx/dex/file/DebugInfoEncoder$1 done
Event: 1.810 loading class com/android/dx/dex/file/DebugInfoEncoder$2
Event: 1.810 loading class com/android/dx/dex/file/DebugInfoEncoder$2 done
Event: 1.824 loading class com/android/dex/EncodedValueCodec
Event: 1.824 loading class com/android/dex/EncodedValueCodec done
Event: 1.933 loading class com/android/dx/dex/file/MapItem
Event: 1.933 loading class com/android/dx/dex/file/MapItem done
Event: 1.934 loading class com/android/dx/dex/file/UniformListItem
Event: 1.934 loading class com/android/dx/dex/file/UniformListItem done


Dynamic libraries:
0x00007ff6a3010000 - 0x00007ff6a3045000 	E:\Android\android-studio-ide-145.2915834-windows\jre\bin\java.exe
0x00007ffecf410000 - 0x00007ffecf5d1000 	C:\Windows\SYSTEM32\ntdll.dll
0x00007ffecef70000 - 0x00007ffecf01d000 	C:\Windows\system32\KERNEL32.DLL
0x00007ffecc330000 - 0x00007ffecc518000 	C:\Windows\system32\KERNELBASE.dll
0x00007ffecc9e0000 - 0x00007ffecca87000 	C:\Windows\system32\ADVAPI32.dll
0x00007ffece4c0000 - 0x00007ffece55d000 	C:\Windows\system32\msvcrt.dll
0x00007ffeccd10000 - 0x00007ffeccd6b000 	C:\Windows\system32\sechost.dll
0x00007ffece730000 - 0x00007ffece84c000 	C:\Windows\system32\RPCRT4.dll
0x00007ffece920000 - 0x00007ffecea76000 	C:\Windows\system32\USER32.dll
0x00007ffeccd90000 - 0x00007ffeccf16000 	C:\Windows\system32\GDI32.dll
0x00007ffebe600000 - 0x00007ffebe874000 	C:\Windows\WinSxS\amd64_microsoft.windows.common-controls_6595b64144ccf1df_6.0.10586.0_none_8c15ae12515e1c22\COMCTL32.dll
0x00007ffecca90000 - 0x00007ffeccd0d000 	C:\Windows\system32\combase.dll
0x00007ffecc520000 - 0x00007ffecc58a000 	C:\Windows\system32\bcryptPrimitives.dll
0x00007ffeccf20000 - 0x00007ffeccf5b000 	C:\Windows\system32\IMM32.DLL
0x00000000600f0000 - 0x00000000601c2000 	E:\Android\android-studio-ide-145.2915834-windows\jre\jre\bin\msvcr100.dll
0x000000005ece0000 - 0x000000005f514000 	E:\Android\android-studio-ide-145.2915834-windows\jre\jre\bin\server\jvm.dll
0x00007ffecf1d0000 - 0x00007ffecf1d8000 	C:\Windows\system32\PSAPI.DLL
0x00007ffec9c20000 - 0x00007ffec9c29000 	C:\Windows\SYSTEM32\WSOCK32.dll
0x00007ffece560000 - 0x00007ffece5cb000 	C:\Windows\system32\WS2_32.dll
0x00007ffec9d40000 - 0x00007ffec9d63000 	C:\Windows\SYSTEM32\WINMM.dll
0x00007ffec1700000 - 0x00007ffec170a000 	C:\Windows\SYSTEM32\VERSION.dll
0x00007ffec9bf0000 - 0x00007ffec9c1c000 	C:\Windows\SYSTEM32\WINMMBASE.dll
0x00007ffecbbd0000 - 0x00007ffecbc13000 	C:\Windows\system32\cfgmgr32.dll
0x00007ffec8ed0000 - 0x00007ffec8edf000 	E:\Android\android-studio-ide-145.2915834-windows\jre\jre\bin\verify.dll
0x00007ffec8d20000 - 0x00007ffec8d49000 	E:\Android\android-studio-ide-145.2915834-windows\jre\jre\bin\java.dll
0x00007ffec8d00000 - 0x00007ffec8d16000 	E:\Android\android-studio-ide-145.2915834-windows\jre\jre\bin\zip.dll
0x00007ffeccf60000 - 0x00007ffece4bc000 	C:\Windows\system32\SHELL32.dll
0x00007ffecbce0000 - 0x00007ffecc325000 	C:\Windows\system32\windows.storage.dll
0x00007ffecea80000 - 0x00007ffecead2000 	C:\Windows\system32\shlwapi.dll
0x00007ffecba90000 - 0x00007ffecba9f000 	C:\Windows\system32\kernel.appcore.dll
0x00007ffecbc20000 - 0x00007ffecbcd5000 	C:\Windows\system32\shcore.dll
0x00007ffecba30000 - 0x00007ffecba7b000 	C:\Windows\system32\powrprof.dll
0x00007ffecbaa0000 - 0x00007ffecbab4000 	C:\Windows\system32\profapi.dll

VM Arguments:
jvm_args: -Djava.awt.headless=true -Xmx1024M -Dfile.encoding=GBK -Duser.country=CN -Duser.language=zh -Duser.variant 
java_command: com.android.dx.command.Main --dex --num-threads=4 --output E:\Teapopo\app\build\intermediates\pre-dexed\debug\me.gujun.android.taggroup-library-1.4_320e711310d38233020cf4dc6635afe17ae948f4.jar E:\Teapopo\app\build\intermediates\exploded-aar\me.gujun.android.taggroup\library\1.4\jars\classes.jar
java_class_path (initial): C:\Users\lhq\AppData\Local\Android\sdk\build-tools\23.0.3\lib\dx.jar
Launcher Type: SUN_STANDARD

Environment Variables:
JAVA_HOME=C:\Program Files\Java\jdk1.8.0_91
PATH=C:\ProgramData\Oracle\Java\javapath;C:\Windows\system32;C:\Windows;C:\Windows\System32\Wbem;C:\Windows\System32\WindowsPowerShell\v1.0\;C:\Users\lhq\AppData\Local\Android\sdk\platform-tools;C:\Users\lhq\AppData\Local\Android\sdk\tools;C:\Program Files\Java\jdk1.8.0_91\bin;C:\Program Files\Java\jdk1.8.0_91\jre\bin
USERNAME=lhq
OS=Windows_NT
PROCESSOR_IDENTIFIER=Intel64 Family 6 Model 69 Stepping 1, GenuineIntel



---------------  S Y S T E M  ---------------

OS: Windows 10.0 , 64 bit Build 10586 (10.0.10586.0)

CPU:total 4 (2 cores per cpu, 2 threads per core) family 6 model 69 stepping 1, cmov, cx8, fxsr, mmx, sse, sse2, sse3, ssse3, sse4.1, sse4.2, popcnt, avx, avx2, aes, clmul, erms, lzcnt, ht, tsc, tscinvbit, bmi1, bmi2

Memory: 4k page, physical 8067548k(1361660k free), swap 8067548k(5260k free)

vm_info: OpenJDK 64-Bit Server VM (25.76-b01) for windows-amd64 JRE (1.8.0_76-release-b01), built on May 12 2016 23:29:00 by "ralucas" with MS VC++ 10.0 (VS2010)

time: Thu Jul 07 11:09:55 2016
elapsed time: 1 seconds (0d 0h 0m 1s)

