#
# There is insufficient memory for the Java Runtime Environment to continue.
# Native memory allocation (malloc) failed to allocate 32744 bytes for ChunkPool::allocate
# Possible reasons:
#   The system is out of physical RAM or swap space
#   In 32 bit mode, the process size limit was hit
# Possible solutions:
#   Reduce memory load on the system
#   Increase physical memory or swap space
#   Check if swap backing store is full
#   Use 64 bit Java on a 64 bit OS
#   Decrease Java heap size (-Xmx/-Xms)
#   Decrease number of Java threads
#   Decrease Java thread stack sizes (-Xss)
#   Set larger code cache with -XX:ReservedCodeCacheSize=
# This output file may be truncated or incomplete.
#
#  Out of Memory Error (allocation.cpp:273), pid=3420, tid=0x0000000000001dd4
#
# JRE version: OpenJDK Runtime Environment (8.0_76-b01) (build 1.8.0_76-release-b01)
# Java VM: OpenJDK 64-Bit Server VM (25.76-b01 mixed mode windows-amd64 compressed oops)
# Failed to write core dump. Minidumps are not enabled by default on client versions of Windows
#

---------------  T H R E A D  ---------------

Current thread (0x00000000164c6800):  JavaThread "C1 CompilerThread2" daemon [_thread_in_native, id=7636, stack(0x0000000016860000,0x0000000016960000)]

Stack: [0x0000000016860000,0x0000000016960000]
[error occurred during error reporting (printing stack bounds), id 0xc0000005]

Native frames: (J=compiled Java code, j=interpreted, Vv=VM code, C=native code)


Current CompileTask:
C1:    663   82       3       sun.nio.cs.UTF_8$Decoder::decode (779 bytes)


---------------  P R O C E S S  ---------------

Java Threads: ( => current thread )
  0x00000000164cd000 JavaThread "Service Thread" daemon [_thread_blocked, id=7148, stack(0x0000000016960000,0x0000000016a60000)]
=>0x00000000164c6800 JavaThread "C1 CompilerThread2" daemon [_thread_in_native, id=7636, stack(0x0000000016860000,0x0000000016960000)]
  0x0000000014d5c000 JavaThread "C2 CompilerThread1" daemon [_thread_blocked, id=7620, stack(0x0000000016360000,0x0000000016460000)]
  0x0000000014d0d800 JavaThread "C2 CompilerThread0" daemon [_thread_blocked, id=3712, stack(0x0000000016260000,0x0000000016360000)]
  0x0000000014d0c000 JavaThread "Attach Listener" daemon [_thread_blocked, id=6580, stack(0x0000000016160000,0x0000000016260000)]
  0x0000000014d0b000 JavaThread "Signal Dispatcher" daemon [_thread_blocked, id=200, stack(0x0000000016060000,0x0000000016160000)]
  0x0000000014ce8800 JavaThread "Finalizer" daemon [_thread_blocked, id=4236, stack(0x0000000015f60000,0x0000000016060000)]
  0x0000000002620000 JavaThread "Reference Handler" daemon [_thread_blocked, id=1116, stack(0x0000000015e60000,0x0000000015f60000)]
  0x0000000002530800 JavaThread "main" [_thread_in_vm, id=5808, stack(0x0000000002430000,0x0000000002530000)]

Other Threads:
  0x0000000014cc5800 VMThread [stack: 0x0000000015d60000,0x0000000015e60000] [id=864]
  0x00000000164cf800 WatcherThread [stack: 0x0000000016a60000,0x0000000016b60000] [id=7072]

VM state:not at safepoint (normal execution)

VM Mutex/Monitor currently owned by a thread:  ([mutex/lock_event])
[0x0000000001ffbdd0] AdapterHandlerLibrary_lock - owner thread: 0x0000000002530800

Heap:
 PSYoungGen      total 36864K, used 2544K [0x00000000eab00000, 0x00000000ed400000, 0x0000000100000000)
  eden space 31744K, 8% used [0x00000000eab00000,0x00000000ead7c2b8,0x00000000eca00000)
  from space 5120K, 0% used [0x00000000ecf00000,0x00000000ecf00000,0x00000000ed400000)
  to   space 5120K, 0% used [0x00000000eca00000,0x00000000eca00000,0x00000000ecf00000)
 ParOldGen       total 84992K, used 0K [0x00000000c0000000, 0x00000000c5300000, 0x00000000eab00000)
  object space 84992K, 0% used [0x00000000c0000000,0x00000000c0000000,0x00000000c5300000)
 Metaspace       used 3249K, capacity 4720K, committed 4864K, reserved 1056768K
  class space    used 345K, capacity 424K, committed 512K, reserved 1048576K

Card table byte_map: [0x00000000119f0000,0x0000000011c00000] byte_map_base: 0x00000000113f0000

Marking Bits: (ParMarkBitMap*) 0x000000005e0b9d00
 Begin Bits: [0x0000000012160000, 0x0000000013160000)
 End Bits:   [0x0000000013160000, 0x0000000014160000)

Polling page: 0x0000000000520000

CodeCache: size=245760Kb used=1206Kb max_used=1206Kb free=244553Kb
 bounds [0x0000000002630000, 0x00000000028a0000, 0x0000000011630000]
 total_blobs=323 nmethods=81 adapters=156
 compilation: enabled

Compilation events (10 events):
Event: 0.646 Thread 0x00000000164c6800 nmethod 75 0x000000000275bc90 code [0x000000000275bde0, 0x000000000275bf50]
Event: 0.655 Thread 0x00000000164c6800   77       3       java.util.zip.ZipFile::access$400 (5 bytes)
Event: 0.655 Thread 0x00000000164c6800 nmethod 77 0x000000000275c790 code [0x000000000275c8e0, 0x000000000275ca10]
Event: 0.657 Thread 0x00000000164c6800   79       1       java.util.zip.ZipFile::access$300 (5 bytes)
Event: 0.657 Thread 0x00000000164c6800 nmethod 79 0x000000000275ce90 code [0x000000000275cfe0, 0x000000000275d0d0]
Event: 0.657 Thread 0x00000000164c6800   80       3       java.util.zip.ZipFile::ensureOpen (37 bytes)
Event: 0.658 Thread 0x00000000164c6800 nmethod 80 0x000000000275d150 code [0x000000000275d2e0, 0x000000000275d5b8]
Event: 0.658 Thread 0x00000000164c6800   81       1       java.util.zip.ZipCoder::isUTF8 (5 bytes)
Event: 0.658 Thread 0x00000000164c6800 nmethod 81 0x000000000275d6d0 code [0x000000000275d820, 0x000000000275d930]
Event: 0.658 Thread 0x00000000164c6800   82       3       sun.nio.cs.UTF_8$Decoder::decode (779 bytes)

GC Heap History (0 events):
No events

Deoptimization events (0 events):
No events

Internal exceptions (2 events):
Event: 0.124 Thread 0x0000000002530800 Exception <a 'java/lang/NoSuchMethodError': Method sun.misc.Unsafe.defineClass(Ljava/lang/String;[BII)Ljava/lang/Class; name or signature does not match> (0x00000000eab07cc0) thrown at [C:\src\android\AOSP-openjdk\external\jetbrains\jdk\hotspot\src\share\v3€{/¬¿?
Event: 0.124 Thread 0x0000000002530800 Exception <a 'java/lang/NoSuchMethodError': Method sun.misc.Unsafe.prefetchRead(Ljava/lang/Object;J)V name or signature does not match> (0x00000000eab07fa8) thrown at [C:\src\android\AOSP-openjdk\external\jetbrains\jdk\hotspot\src\share\vm\prims\jni.cpp, l

Events (10 events):
Event: 0.650 loading class java/util/concurrent/LinkedBlockingQueue$Node
Event: 0.650 loading class java/util/concurrent/LinkedBlockingQueue$Node done
Event: 0.650 loading class com/android/dx/cf/direct/ClassPathOpener
Event: 0.650 loading class com/android/dx/cf/direct/ClassPathOpener done
Event: 0.652 loading class com/android/dx/cf/direct/ClassPathOpener$1
Event: 0.652 loading class com/android/dx/cf/direct/ClassPathOpener$1 done
Event: 0.653 loading class com/android/dx/command/dexer/Main$FileBytesConsumer
Event: 0.653 loading class com/android/dx/command/dexer/Main$FileBytesConsumer done
Event: 0.654 loading class java/util/zip/ZipFile$ZipEntryIterator
Event: 0.654 loading class java/util/zip/ZipFile$ZipEntryIterator done


Dynamic libraries:
0x00007ff75b500000 - 0x00007ff75b535000 	E:\Android\android-studio-ide-145.2915834-windows\jre\bin\java.exe
0x00007ffbe4110000 - 0x00007ffbe42d1000 	C:\Windows\SYSTEM32\ntdll.dll
0x00007ffbe2080000 - 0x00007ffbe212d000 	C:\Windows\system32\KERNEL32.DLL
0x00007ffbe0ec0000 - 0x00007ffbe10a8000 	C:\Windows\system32\KERNELBASE.dll
0x00007ffbe3c80000 - 0x00007ffbe3d27000 	C:\Windows\system32\ADVAPI32.dll
0x00007ffbe4070000 - 0x00007ffbe410d000 	C:\Windows\system32\msvcrt.dll
0x00007ffbe22d0000 - 0x00007ffbe232b000 	C:\Windows\system32\sechost.dll
0x00007ffbe1d60000 - 0x00007ffbe1e7c000 	C:\Windows\system32\RPCRT4.dll
0x00007ffbe1970000 - 0x00007ffbe1ac6000 	C:\Windows\system32\USER32.dll
0x00007ffbe2140000 - 0x00007ffbe22c6000 	C:\Windows\system32\GDI32.dll
0x00007ffbd49b0000 - 0x00007ffbd4c24000 	C:\Windows\WinSxS\amd64_microsoft.windows.common-controls_6595b64144ccf1df_6.0.10586.0_none_8c15ae12515e1c22\COMCTL32.dll
0x00007ffbe24a0000 - 0x00007ffbe271d000 	C:\Windows\system32\combase.dll
0x00007ffbe14a0000 - 0x00007ffbe150a000 	C:\Windows\system32\bcryptPrimitives.dll
0x00007ffbe1ef0000 - 0x00007ffbe1f2b000 	C:\Windows\system32\IMM32.DLL
0x000000005d820000 - 0x000000005d8f2000 	E:\Android\android-studio-ide-145.2915834-windows\jre\jre\bin\msvcr100.dll
0x000000005d900000 - 0x000000005e134000 	E:\Android\android-studio-ide-145.2915834-windows\jre\jre\bin\server\jvm.dll
0x00007ffbe1530000 - 0x00007ffbe1538000 	C:\Windows\system32\PSAPI.DLL
0x00007ffbdd900000 - 0x00007ffbdd909000 	C:\Windows\SYSTEM32\WSOCK32.dll
0x00007ffbe3d30000 - 0x00007ffbe3d9b000 	C:\Windows\system32\WS2_32.dll
0x00007ffbdea60000 - 0x00007ffbdea83000 	C:\Windows\SYSTEM32\WINMM.dll
0x00007ffbd61b0000 - 0x00007ffbd61ba000 	C:\Windows\SYSTEM32\VERSION.dll
0x00007ffbdea00000 - 0x00007ffbdea2c000 	C:\Windows\SYSTEM32\WINMMBASE.dll
0x00007ffbe1300000 - 0x00007ffbe1343000 	C:\Windows\system32\cfgmgr32.dll
0x00007ffbdbbd0000 - 0x00007ffbdbbdf000 	E:\Android\android-studio-ide-145.2915834-windows\jre\jre\bin\verify.dll
0x00007ffbdba90000 - 0x00007ffbdbab9000 	E:\Android\android-studio-ide-145.2915834-windows\jre\jre\bin\java.dll
0x00007ffbdba70000 - 0x00007ffbdba86000 	E:\Android\android-studio-ide-145.2915834-windows\jre\jre\bin\zip.dll
0x00007ffbe2720000 - 0x00007ffbe3c7c000 	C:\Windows\system32\SHELL32.dll
0x00007ffbe07c0000 - 0x00007ffbe0e05000 	C:\Windows\system32\windows.storage.dll
0x00007ffbe2440000 - 0x00007ffbe2492000 	C:\Windows\system32\shlwapi.dll
0x00007ffbe0730000 - 0x00007ffbe073f000 	C:\Windows\system32\kernel.appcore.dll
0x00007ffbe1350000 - 0x00007ffbe1405000 	C:\Windows\system32\shcore.dll
0x00007ffbe0770000 - 0x00007ffbe07bb000 	C:\Windows\system32\powrprof.dll
0x00007ffbe0740000 - 0x00007ffbe0754000 	C:\Windows\system32\profapi.dll

VM Arguments:
jvm_args: -Djava.awt.headless=true -Xmx1024M -Dfile.encoding=GBK -Duser.country=CN -Duser.language=zh -Duser.variant 
java_command: com.android.dx.command.Main --dex --num-threads=4 --output E:\Teapopo\app\build\intermediates\pre-dexed\debug\com.android.support-design-23.3.0_a393777e91d2ca5abd5bcb30009b7e0561c9cfda.jar E:\Teapopo\app\build\intermediates\exploded-aar\com.android.support\design\23.3.0\jars\classes.jar
java_class_path (initial): C:\Users\lhq\AppData\Local\Android\sdk\build-tools\23.0.3\lib\dx.jar
Launcher Type: SUN_STANDARD

Environment Variables:
JAVA_HOME=C:\Program Files\Java\jdk1.8.0_91
PATH=C:\ProgramData\Oracle\Java\javapath;C:\Windows\system32;C:\Windows;C:\Windows\System32\Wbem;C:\Windows\System32\WindowsPowerShell\v1.0\;C:\Users\lhq\AppData\Local\Android\sdk\platform-tools;C:\Users\lhq\AppData\Local\Android\sdk\tools;C:\Program Files\Java\jdk1.8.0_91\bin;C:\Program Files\Java\jdk1.8.0_91\jre\bin
USERNAME=lhq
OS=Windows_NT
PROCESSOR_IDENTIFIER=Intel64 Family 6 Model 69 Stepping 1, GenuineIntel



---------------  S Y S T E M  ---------------

OS: Windows 10.0 , 64 bit Build 10586 (10.0.10586.0)

CPU:total 4 (2 cores per cpu, 2 threads per core) family 6 model 69 stepping 1, cmov, cx8, fxsr, mmx, sse, sse2, sse3, ssse3, sse4.1, sse4.2, popcnt, avx, avx2, aes, clmul, erms, lzcnt, ht, tsc, tscinvbit, bmi1, bmi2

Memory: 4k page, physical 8067548k(1072552k free), swap 8067548k(5140k free)

vm_info: OpenJDK 64-Bit Server VM (25.76-b01) for windows-amd64 JRE (1.8.0_76-release-b01), built on May 12 2016 23:29:00 by "ralucas" with MS VC++ 10.0 (VS2010)

time: Fri Jul 15 10:48:26 2016
elapsed time: 0 seconds (0d 0h 0m 0s)

