#
# There is insufficient memory for the Java Runtime Environment to continue.
# Native memory allocation (malloc) failed to allocate 997488 bytes for Chunk::new
# Possible reasons:
#   The system is out of physical RAM or swap space
#   In 32 bit mode, the process size limit was hit
# Possible solutions:
#   Reduce memory load on the system
#   Increase physical memory or swap space
#   Check if swap backing store is full
#   Use 64 bit Java on a 64 bit OS
#   Decrease Java heap size (-Xmx/-Xms)
#   Decrease number of Java threads
#   Decrease Java thread stack sizes (-Xss)
#   Set larger code cache with -XX:ReservedCodeCacheSize=
# This output file may be truncated or incomplete.
#
#  Out of Memory Error (allocation.cpp:390), pid=175292, tid=0x000000000002ae80
#
# JRE version: OpenJDK Runtime Environment (8.0_76-b01) (build 1.8.0_76-release-b01)
# Java VM: OpenJDK 64-Bit Server VM (25.76-b01 mixed mode windows-amd64 compressed oops)
# Failed to write core dump. Minidumps are not enabled by default on client versions of Windows
#

---------------  T H R E A D  ---------------

Current thread (0x0000000014cfa800):  JavaThread "C2 CompilerThread1" daemon [_thread_in_native, id=175744, stack(0x0000000016310000,0x0000000016410000)]

Stack: [0x0000000016310000,0x0000000016410000]
[error occurred during error reporting (printing stack bounds), id 0xc0000005]

Native frames: (J=compiled Java code, j=interpreted, Vv=VM code, C=native code)


Current CompileTask:
C2:   1757 1256   !   4       com.android.dx.cf.code.Ropper::processBlock (1101 bytes)


---------------  P R O C E S S  ---------------

Java Threads: ( => current thread )
  0x00000000166d2000 JavaThread "pool-1-thread-4" [_thread_in_Java, id=175480, stack(0x0000000016f10000,0x0000000017010000)]
  0x00000000166d1000 JavaThread "pool-1-thread-3" [_thread_blocked, id=175740, stack(0x0000000016e10000,0x0000000016f10000)]
  0x00000000165fb800 JavaThread "pool-1-thread-2" [_thread_blocked, id=170344, stack(0x0000000016d10000,0x0000000016e10000)]
  0x00000000165ae000 JavaThread "pool-2-thread-1" [_thread_blocked, id=175296, stack(0x0000000016c10000,0x0000000016d10000)]
  0x00000000165a9000 JavaThread "pool-1-thread-1" [_thread_in_Java, id=175512, stack(0x0000000016b10000,0x0000000016c10000)]
  0x0000000016486800 JavaThread "Service Thread" daemon [_thread_blocked, id=174380, stack(0x0000000016910000,0x0000000016a10000)]
  0x0000000014cfe000 JavaThread "C1 CompilerThread2" daemon [_thread_blocked, id=175612, stack(0x0000000016810000,0x0000000016910000)]
=>0x0000000014cfa800 JavaThread "C2 CompilerThread1" daemon [_thread_in_native, id=175744, stack(0x0000000016310000,0x0000000016410000)]
  0x0000000014cad800 JavaThread "C2 CompilerThread0" daemon [_thread_blocked, id=175676, stack(0x0000000016210000,0x0000000016310000)]
  0x0000000014cac000 JavaThread "Attach Listener" daemon [_thread_blocked, id=175288, stack(0x0000000016110000,0x0000000016210000)]
  0x0000000014cab000 JavaThread "Signal Dispatcher" daemon [_thread_blocked, id=175268, stack(0x0000000016010000,0x0000000016110000)]
  0x0000000014c88800 JavaThread "Finalizer" daemon [_thread_blocked, id=175692, stack(0x0000000015f10000,0x0000000016010000)]
  0x00000000025c0000 JavaThread "Reference Handler" daemon [_thread_blocked, id=175180, stack(0x0000000015e10000,0x0000000015f10000)]
  0x00000000024d0800 JavaThread "main" [_thread_in_Java, id=176092, stack(0x0000000001e40000,0x0000000001f40000)]

Other Threads:
  0x0000000014c65800 VMThread [stack: 0x0000000015d10000,0x0000000015e10000] [id=166576]
  0x0000000016489000 WatcherThread [stack: 0x0000000016a10000,0x0000000016b10000] [id=175536]

VM state:not at safepoint (normal execution)

VM Mutex/Monitor currently owned by a thread: None

Heap:
 PSYoungGen      total 68608K, used 8189K [0x00000000eab00000, 0x00000000ef300000, 0x0000000100000000)
  eden space 63488K, 4% used [0x00000000eab00000,0x00000000eae04ab8,0x00000000ee900000)
  from space 5120K, 99% used [0x00000000ee900000,0x00000000eedfac80,0x00000000eee00000)
  to   space 5120K, 0% used [0x00000000eee00000,0x00000000eee00000,0x00000000ef300000)
 ParOldGen       total 84992K, used 22182K [0x00000000c0000000, 0x00000000c5300000, 0x00000000eab00000)
  object space 84992K, 26% used [0x00000000c0000000,0x00000000c15a9808,0x00000000c5300000)
 Metaspace       used 5988K, capacity 6960K, committed 7040K, reserved 1056768K
  class space    used 571K, capacity 616K, committed 640K, reserved 1048576K

Card table byte_map: [0x0000000011990000,0x0000000011ba0000] byte_map_base: 0x0000000011390000

Marking Bits: (ParMarkBitMap*) 0x000000005f499d00
 Begin Bits: [0x0000000012100000, 0x0000000013100000)
 End Bits:   [0x0000000013100000, 0x0000000014100000)

Polling page: 0x0000000001f40000

CodeCache: size=245760Kb used=5628Kb max_used=5628Kb free=240131Kb
 bounds [0x00000000025d0000, 0x0000000002b60000, 0x00000000115d0000]
 total_blobs=1646 nmethods=1376 adapters=184
 compilation: enabled

Compilation events (10 events):
Event: 1.704 Thread 0x0000000014cfe000 1406       2       java.util.HashMap::<init> (8 bytes)
Event: 1.704 Thread 0x0000000014cfe000 nmethod 1406 0x0000000002b4fed0 code [0x0000000002b50060, 0x0000000002b501e8]
Event: 1.704 Thread 0x0000000014cfe000 1407       2       java.util.HashMap::<init> (98 bytes)
Event: 1.705 Thread 0x0000000014cfe000 nmethod 1407 0x0000000002b50290 code [0x0000000002b50480, 0x0000000002b50ba8]
Event: 1.705 Thread 0x0000000014cfe000 1410       2       com.android.dx.cf.code.ConcreteMethod::getMaxLocals (8 bytes)
Event: 1.705 Thread 0x0000000014cfe000 nmethod 1410 0x0000000002b51010 code [0x0000000002b51160, 0x0000000002b512b0]
Event: 1.705 Thread 0x0000000014cfe000 1411       2       com.android.dx.rop.code.Rops::opMoveParam (69 bytes)
Event: 1.706 Thread 0x0000000014cfe000 nmethod 1411 0x0000000002b51350 code [0x0000000002b51520, 0x0000000002b519f8]
Event: 1.708 Thread 0x0000000014cfe000 1412       2       com.android.dx.ssa.BasicRegisterMapper::<init> (17 bytes)
Event: 1.708 Thread 0x0000000014cfe000 nmethod 1412 0x0000000002b51d10 code [0x0000000002b51e80, 0x0000000002b52068]

GC Heap History (6 events):
Event: 0.915 GC heap before
{Heap before GC invocations=1 (full 0):
 PSYoungGen      total 36864K, used 31744K [0x00000000eab00000, 0x00000000ed400000, 0x0000000100000000)
  eden space 31744K, 100% used [0x00000000eab00000,0x00000000eca00000,0x00000000eca00000)
  from space 5120K, 0% used [0x00000000ecf00000,0x00000000ecf00000,0x00000000ed400000)
  to   space 5120K, 0% used [0x00000000eca00000,0x00000000eca00000,0x00000000ecf00000)
 ParOldGen       total 84992K, used 0K [0x00000000c0000000, 0x00000000c5300000, 0x00000000eab00000)
  object space 84992K, 0% used [0x00000000c0000000,0x00000000c0000000,0x00000000c5300000)
 Metaspace       used 5797K, capacity 6768K, committed 7040K, reserved 1056768K
  class space    used 569K, capacity 616K, committed 640K, reserved 1048576K
Event: 0.934 GC heap after
Heap after GC invocations=1 (full 0):
 PSYoungGen      total 36864K, used 5119K [0x00000000eab00000, 0x00000000ef300000, 0x0000000100000000)
  eden space 31744K, 0% used [0x00000000eab00000,0x00000000eab00000,0x00000000eca00000)
  from space 5120K, 99% used [0x00000000eca00000,0x00000000eceffc80,0x00000000ecf00000)
  to   space 5120K, 0% used [0x00000000eee00000,0x00000000eee00000,0x00000000ef300000)
 ParOldGen       total 84992K, used 3362K [0x00000000c0000000, 0x00000000c5300000, 0x00000000eab00000)
  object space 84992K, 3% used [0x00000000c0000000,0x00000000c0348a58,0x00000000c5300000)
 Metaspace       used 5797K, capacity 6768K, committed 7040K, reserved 1056768K
  class space    used 569K, capacity 616K, committed 640K, reserved 1048576K
}
Event: 1.295 GC heap before
{Heap before GC invocations=2 (full 0):
 PSYoungGen      total 36864K, used 36863K [0x00000000eab00000, 0x00000000ef300000, 0x0000000100000000)
  eden space 31744K, 100% used [0x00000000eab00000,0x00000000eca00000,0x00000000eca00000)
  from space 5120K, 99% used [0x00000000eca00000,0x00000000eceffc80,0x00000000ecf00000)
  to   space 5120K, 0% used [0x00000000eee00000,0x00000000eee00000,0x00000000ef300000)
 ParOldGen       total 84992K, used 3362K [0x00000000c0000000, 0x00000000c5300000, 0x00000000eab00000)
  object space 84992K, 3% used [0x00000000c0000000,0x00000000c0348a58,0x00000000c5300000)
 Metaspace       used 5949K, capacity 6896K, committed 7040K, reserved 1056768K
  class space    used 570K, capacity 616K, committed 640K, reserved 1048576K
Event: 1.319 GC heap after
Heap after GC invocations=2 (full 0):
 PSYoungGen      total 68608K, used 5102K [0x00000000eab00000, 0x00000000ef300000, 0x0000000100000000)
  eden space 63488K, 0% used [0x00000000eab00000,0x00000000eab00000,0x00000000ee900000)
  from space 5120K, 99% used [0x00000000eee00000,0x00000000ef2fb8d0,0x00000000ef300000)
  to   space 5120K, 0% used [0x00000000ee900000,0x00000000ee900000,0x00000000eee00000)
 ParOldGen       total 84992K, used 10290K [0x00000000c0000000, 0x00000000c5300000, 0x00000000eab00000)
  object space 84992K, 12% used [0x00000000c0000000,0x00000000c0a0c9a0,0x00000000c5300000)
 Metaspace       used 5949K, capacity 6896K, committed 7040K, reserved 1056768K
  class space    used 570K, capacity 616K, committed 640K, reserved 1048576K
}
Event: 1.716 GC heap before
{Heap before GC invocations=3 (full 0):
 PSYoungGen      total 68608K, used 68590K [0x00000000eab00000, 0x00000000ef300000, 0x0000000100000000)
  eden space 63488K, 100% used [0x00000000eab00000,0x00000000ee900000,0x00000000ee900000)
  from space 5120K, 99% used [0x00000000eee00000,0x00000000ef2fb8d0,0x00000000ef300000)
  to   space 5120K, 0% used [0x00000000ee900000,0x00000000ee900000,0x00000000eee00000)
 ParOldGen       total 84992K, used 10290K [0x00000000c0000000, 0x00000000c5300000, 0x00000000eab00000)
  object space 84992K, 12% used [0x00000000c0000000,0x00000000c0a0c9a0,0x00000000c5300000)
 Metaspace       used 5987K, capacity 6960K, committed 7040K, reserved 1056768K
  class space    used 571K, capacity 616K, committed 640K, reserved 1048576K
Event: 1.751 GC heap after
Heap after GC invocations=3 (full 0):
 PSYoungGen      total 68608K, used 5099K [0x00000000eab00000, 0x00000000ef300000, 0x0000000100000000)
  eden space 63488K, 0% used [0x00000000eab00000,0x00000000eab00000,0x00000000ee900000)
  from space 5120K, 99% used [0x00000000ee900000,0x00000000eedfac80,0x00000000eee00000)
  to   space 5120K, 0% used [0x00000000eee00000,0x00000000eee00000,0x00000000ef300000)
 ParOldGen       total 84992K, used 22182K [0x00000000c0000000, 0x00000000c5300000, 0x00000000eab00000)
  object space 84992K, 26% used [0x00000000c0000000,0x00000000c15a9808,0x00000000c5300000)
 Metaspace       used 5987K, capacity 6960K, committed 7040K, reserved 1056768K
  class space    used 571K, capacity 616K, committed 640K, reserved 1048576K
}

Deoptimization events (10 events):
Event: 0.600 Thread 0x00000000166d1000 Uncommon trap: reason=unstable_if action=reinterpret pc=0x0000000002836c70 method=java.util.BitSet.nextSetBit(I)I @ 87
Event: 0.959 Thread 0x00000000166d1000 Uncommon trap: reason=unstable_if action=reinterpret pc=0x0000000002995674 method=com.android.dx.cf.code.ByteCatchList.listFor(I)Lcom/android/dx/cf/code/ByteCatchList; @ 19
Event: 0.987 Thread 0x00000000166d1000 Uncommon trap: reason=unstable_if action=reinterpret pc=0x000000000280a038 method=com.android.dx.cf.code.Ropper.labelToResultIndex(I)I @ 34
Event: 0.987 Thread 0x00000000166d1000 Uncommon trap: reason=unstable_if action=reinterpret pc=0x0000000002809958 method=com.android.dx.cf.code.Ropper.labelToResultIndex(I)I @ 34
Event: 1.031 Thread 0x00000000166d1000 Uncommon trap: reason=unstable_if action=reinterpret pc=0x0000000002a10500 method=com.android.dx.util.LabeledList.set(ILcom/android/dx/util/LabeledItem;)V @ 16
Event: 1.031 Thread 0x00000000166d1000 Uncommon trap: reason=unstable_if action=reinterpret pc=0x0000000002a05b84 method=com.android.dx.util.LabeledList.set(ILcom/android/dx/util/LabeledItem;)V @ 16
Event: 1.422 Thread 0x00000000165a9000 Uncommon trap: reason=class_check action=maybe_recompile pc=0x0000000002933f84 method=com.android.dx.ssa.NormalSsaInsn.accept(Lcom/android/dx/ssa/SsaInsn$Visitor;)V @ 9
Event: 1.422 Thread 0x00000000165a9000 Uncommon trap: reason=class_check action=maybe_recompile pc=0x0000000002933f84 method=com.android.dx.ssa.NormalSsaInsn.accept(Lcom/android/dx/ssa/SsaInsn$Visitor;)V @ 9
Event: 1.422 Thread 0x00000000165a9000 Uncommon trap: reason=class_check action=maybe_recompile pc=0x0000000002933f84 method=com.android.dx.ssa.NormalSsaInsn.accept(Lcom/android/dx/ssa/SsaInsn$Visitor;)V @ 9
Event: 1.422 Thread 0x00000000165a9000 Uncommon trap: reason=class_check action=maybe_recompile pc=0x0000000002933f84 method=com.android.dx.ssa.NormalSsaInsn.accept(Lcom/android/dx/ssa/SsaInsn$Visitor;)V @ 9

Internal exceptions (2 events):
Event: 0.043 Thread 0x00000000024d0800 Exception <a 'java/lang/NoSuchMethodError': Method sun.misc.Unsafe.defineClass(Ljava/lang/String;[BII)Ljava/lang/Class; name or signature does not match> (0x00000000eab07cc0) thrown at [C:\src\android\AOSP-openjdk\external\jetbrains\jdk\hotspot\src\share\v¿	÷W®Ê•?
Event: 0.043 Thread 0x00000000024d0800 Exception <a 'java/lang/NoSuchMethodError': Method sun.misc.Unsafe.prefetchRead(Ljava/lang/Object;J)V name or signature does not match> (0x00000000eab07fa8) thrown at [C:\src\android\AOSP-openjdk\external\jetbrains\jdk\hotspot\src\share\vm\prims\jni.cpp, l

Events (10 events):
Event: 1.683 Thread 0x00000000166d1000 DEOPT PACKING pc=0x000000000295f33c sp=0x0000000016f0e960
Event: 1.683 Thread 0x00000000166d1000 DEOPT UNPACKING pc=0x00000000026175bf sp=0x0000000016f0e728 mode 0
Event: 1.686 Thread 0x00000000166d1000 DEOPT PACKING pc=0x0000000002aa0957 sp=0x0000000016f0ebe0
Event: 1.686 Thread 0x00000000166d1000 DEOPT UNPACKING pc=0x00000000026175bf sp=0x0000000016f0e910 mode 0
Event: 1.689 Thread 0x00000000166d1000 DEOPT PACKING pc=0x0000000002aad186 sp=0x0000000016f0eaf0
Event: 1.689 Thread 0x00000000166d1000 DEOPT UNPACKING pc=0x00000000026175bf sp=0x0000000016f0e8a8 mode 0
Event: 1.709 Executing VM operation: ParallelGCFailedAllocation
Event: 1.751 Executing VM operation: ParallelGCFailedAllocation done
Event: 1.752 Thread 0x00000000024d0800 DEOPT PACKING pc=0x000000000295f33c sp=0x0000000001f3e480
Event: 1.752 Thread 0x00000000024d0800 DEOPT UNPACKING pc=0x00000000026175bf sp=0x0000000001f3e248 mode 0


Dynamic libraries:
0x00007ff75f820000 - 0x00007ff75f855000 	E:\Android\android-studio-ide-145.2915834-windows\jre\bin\java.exe
0x00007ffecf410000 - 0x00007ffecf5d1000 	C:\Windows\SYSTEM32\ntdll.dll
0x00007ffecef70000 - 0x00007ffecf01d000 	C:\Windows\system32\KERNEL32.DLL
0x00007ffecc330000 - 0x00007ffecc518000 	C:\Windows\system32\KERNELBASE.dll
0x00007ffecc9e0000 - 0x00007ffecca87000 	C:\Windows\system32\ADVAPI32.dll
0x00007ffece4c0000 - 0x00007ffece55d000 	C:\Windows\system32\msvcrt.dll
0x00007ffeccd10000 - 0x00007ffeccd6b000 	C:\Windows\system32\sechost.dll
0x00007ffece730000 - 0x00007ffece84c000 	C:\Windows\system32\RPCRT4.dll
0x00007ffece920000 - 0x00007ffecea76000 	C:\Windows\system32\USER32.dll
0x00007ffeccd90000 - 0x00007ffeccf16000 	C:\Windows\system32\GDI32.dll
0x00007ffebe600000 - 0x00007ffebe874000 	C:\Windows\WinSxS\amd64_microsoft.windows.common-controls_6595b64144ccf1df_6.0.10586.0_none_8c15ae12515e1c22\COMCTL32.dll
0x00007ffecca90000 - 0x00007ffeccd0d000 	C:\Windows\system32\combase.dll
0x00007ffecc520000 - 0x00007ffecc58a000 	C:\Windows\system32\bcryptPrimitives.dll
0x00007ffeccf20000 - 0x00007ffeccf5b000 	C:\Windows\system32\IMM32.DLL
0x000000005fdc0000 - 0x000000005fe92000 	E:\Android\android-studio-ide-145.2915834-windows\jre\jre\bin\msvcr100.dll
0x000000005ece0000 - 0x000000005f514000 	E:\Android\android-studio-ide-145.2915834-windows\jre\jre\bin\server\jvm.dll
0x00007ffecf1d0000 - 0x00007ffecf1d8000 	C:\Windows\system32\PSAPI.DLL
0x00007ffeca010000 - 0x00007ffeca019000 	C:\Windows\SYSTEM32\WSOCK32.dll
0x00007ffece560000 - 0x00007ffece5cb000 	C:\Windows\system32\WS2_32.dll
0x00007ffec9d40000 - 0x00007ffec9d63000 	C:\Windows\SYSTEM32\WINMM.dll
0x00007ffec1700000 - 0x00007ffec170a000 	C:\Windows\SYSTEM32\VERSION.dll
0x00007ffec9bf0000 - 0x00007ffec9c1c000 	C:\Windows\SYSTEM32\WINMMBASE.dll
0x00007ffecbbd0000 - 0x00007ffecbc13000 	C:\Windows\system32\cfgmgr32.dll
0x00007ffeca000000 - 0x00007ffeca00f000 	E:\Android\android-studio-ide-145.2915834-windows\jre\jre\bin\verify.dll
0x00007ffec8e50000 - 0x00007ffec8e79000 	E:\Android\android-studio-ide-145.2915834-windows\jre\jre\bin\java.dll
0x00007ffec99a0000 - 0x00007ffec99b6000 	E:\Android\android-studio-ide-145.2915834-windows\jre\jre\bin\zip.dll
0x00007ffeccf60000 - 0x00007ffece4bc000 	C:\Windows\system32\SHELL32.dll
0x00007ffecbce0000 - 0x00007ffecc325000 	C:\Windows\system32\windows.storage.dll
0x00007ffecea80000 - 0x00007ffecead2000 	C:\Windows\system32\shlwapi.dll
0x00007ffecba90000 - 0x00007ffecba9f000 	C:\Windows\system32\kernel.appcore.dll
0x00007ffecbc20000 - 0x00007ffecbcd5000 	C:\Windows\system32\shcore.dll
0x00007ffecba30000 - 0x00007ffecba7b000 	C:\Windows\system32\powrprof.dll
0x00007ffecbaa0000 - 0x00007ffecbab4000 	C:\Windows\system32\profapi.dll

VM Arguments:
jvm_args: -Djava.awt.headless=true -Xmx1024M -Dfile.encoding=GBK -Duser.country=CN -Duser.language=zh -Duser.variant 
java_command: com.android.dx.command.Main --dex --num-threads=4 --output E:\Teapopo\app\build\intermediates\pre-dexed\debug\prettytime-3.2.7.Final_6045bf371a9f4ed5e779901eba4bdd457bd5ea74.jar C:\Users\lhq\.gradle\caches\modules-2\files-2.1\org.ocpsoft.prettytime\prettytime\3.2.7.Final\4b216ebcf284752a40e11c39c2ea62bc45528c33\prettytime-3.2.7.Final.jar
java_class_path (initial): C:\Users\lhq\AppData\Local\Android\sdk\build-tools\23.0.3\lib\dx.jar
Launcher Type: SUN_STANDARD

Environment Variables:
JAVA_HOME=C:\Program Files\Java\jdk1.8.0_91
PATH=C:\ProgramData\Oracle\Java\javapath;C:\Windows\system32;C:\Windows;C:\Windows\System32\Wbem;C:\Windows\System32\WindowsPowerShell\v1.0\;C:\Users\lhq\AppData\Local\Android\sdk\platform-tools;C:\Users\lhq\AppData\Local\Android\sdk\tools;C:\Program Files\Java\jdk1.8.0_91\bin;C:\Program Files\Java\jdk1.8.0_91\jre\bin
USERNAME=lhq
OS=Windows_NT
PROCESSOR_IDENTIFIER=Intel64 Family 6 Model 69 Stepping 1, GenuineIntel



---------------  S Y S T E M  ---------------

OS: Windows 10.0 , 64 bit Build 10586 (10.0.10586.0)

CPU:total 4 (2 cores per cpu, 2 threads per core) family 6 model 69 stepping 1, cmov, cx8, fxsr, mmx, sse, sse2, sse3, ssse3, sse4.1, sse4.2, popcnt, avx, avx2, aes, clmul, erms, lzcnt, ht, tsc, tscinvbit, bmi1, bmi2

Memory: 4k page, physical 8067548k(597188k free), swap 8067548k(5836k free)

vm_info: OpenJDK 64-Bit Server VM (25.76-b01) for windows-amd64 JRE (1.8.0_76-release-b01), built on May 12 2016 23:29:00 by "ralucas" with MS VC++ 10.0 (VS2010)

time: Fri Jul 08 15:20:55 2016
elapsed time: 1 seconds (0d 0h 0m 1s)

