#
# There is insufficient memory for the Java Runtime Environment to continue.
# Native memory allocation (malloc) failed to allocate 590176 bytes for Chunk::new
# Possible reasons:
#   The system is out of physical RAM or swap space
#   In 32 bit mode, the process size limit was hit
# Possible solutions:
#   Reduce memory load on the system
#   Increase physical memory or swap space
#   Check if swap backing store is full
#   Use 64 bit Java on a 64 bit OS
#   Decrease Java heap size (-Xmx/-Xms)
#   Decrease number of Java threads
#   Decrease Java thread stack sizes (-Xss)
#   Set larger code cache with -XX:ReservedCodeCacheSize=
# This output file may be truncated or incomplete.
#
#  Out of Memory Error (allocation.cpp:390), pid=171664, tid=0x0000000000029ff4
#
# JRE version: OpenJDK Runtime Environment (8.0_76-b01) (build 1.8.0_76-release-b01)
# Java VM: OpenJDK 64-Bit Server VM (25.76-b01 mixed mode windows-amd64 compressed oops)
# Failed to write core dump. Minidumps are not enabled by default on client versions of Windows
#

---------------  T H R E A D  ---------------

Current thread (0x0000000014c38800):  JavaThread "C2 CompilerThread0" daemon [_thread_in_native, id=172020, stack(0x00000000161a0000,0x00000000162a0000)]

Stack: [0x00000000161a0000,0x00000000162a0000]
[error occurred during error reporting (printing stack bounds), id 0xc0000005]

Native frames: (J=compiled Java code, j=interpreted, Vv=VM code, C=native code)


Current CompileTask:
C2:   3612 1490   !   4       com.android.dx.cf.code.Ropper::processBlock (1101 bytes)


---------------  P R O C E S S  ---------------

Java Threads: ( => current thread )
  0x000000001662a000 JavaThread "pool-1-thread-4" [_thread_blocked, id=171024, stack(0x0000000016ea0000,0x0000000016fa0000)]
  0x0000000016628800 JavaThread "pool-1-thread-3" [_thread_in_Java, id=170172, stack(0x0000000016da0000,0x0000000016ea0000)]
  0x0000000016627000 JavaThread "pool-1-thread-2" [_thread_blocked, id=170376, stack(0x0000000016ca0000,0x0000000016da0000)]
  0x0000000016624000 JavaThread "pool-2-thread-1" [_thread_blocked, id=169404, stack(0x0000000016ba0000,0x0000000016ca0000)]
  0x0000000016623800 JavaThread "pool-1-thread-1" [_thread_blocked, id=166104, stack(0x0000000016aa0000,0x0000000016ba0000)]
  0x0000000016419800 JavaThread "Service Thread" daemon [_thread_blocked, id=169180, stack(0x00000000168a0000,0x00000000169a0000)]
  0x00000000163f2000 JavaThread "C1 CompilerThread2" daemon [_thread_blocked, id=171020, stack(0x00000000167a0000,0x00000000168a0000)]
  0x0000000014c3b800 JavaThread "C2 CompilerThread1" daemon [_thread_in_native, id=172024, stack(0x00000000162a0000,0x00000000163a0000)]
=>0x0000000014c38800 JavaThread "C2 CompilerThread0" daemon [_thread_in_native, id=172020, stack(0x00000000161a0000,0x00000000162a0000)]
  0x0000000014bee000 JavaThread "Attach Listener" daemon [_thread_blocked, id=172016, stack(0x00000000160a0000,0x00000000161a0000)]
  0x0000000014beb000 JavaThread "Signal Dispatcher" daemon [_thread_blocked, id=172012, stack(0x0000000015fa0000,0x00000000160a0000)]
  0x0000000014bc8000 JavaThread "Finalizer" daemon [_thread_blocked, id=171960, stack(0x0000000015e40000,0x0000000015f40000)]
  0x0000000002500000 JavaThread "Reference Handler" daemon [_thread_blocked, id=171948, stack(0x0000000015d40000,0x0000000015e40000)]
  0x0000000002410800 JavaThread "main" [_thread_blocked, id=171820, stack(0x0000000001f60000,0x0000000002060000)]

Other Threads:
  0x0000000014ba5800 VMThread [stack: 0x0000000015c40000,0x0000000015d40000] [id=171940]
  0x000000001641b800 WatcherThread [stack: 0x00000000169a0000,0x0000000016aa0000] [id=165208]

VM state:not at safepoint (normal execution)

VM Mutex/Monitor currently owned by a thread: None

Heap:
 PSYoungGen      total 36864K, used 5953K [0x00000000eab00000, 0x00000000ed400000, 0x0000000100000000)
  eden space 31744K, 2% used [0x00000000eab00000,0x00000000eabd7d18,0x00000000eca00000)
  from space 5120K, 99% used [0x00000000ecf00000,0x00000000ed3f8ac8,0x00000000ed400000)
  to   space 5120K, 0% used [0x00000000eca00000,0x00000000eca00000,0x00000000ecf00000)
 ParOldGen       total 84992K, used 6499K [0x00000000c0000000, 0x00000000c5300000, 0x00000000eab00000)
  object space 84992K, 7% used [0x00000000c0000000,0x00000000c0658ea0,0x00000000c5300000)
 Metaspace       used 6246K, capacity 7090K, committed 7296K, reserved 1056768K
  class space    used 595K, capacity 618K, committed 640K, reserved 1048576K

Card table byte_map: [0x00000000118d0000,0x0000000011ae0000] byte_map_base: 0x00000000112d0000

Marking Bits: (ParMarkBitMap*) 0x000000005f499d00
 Begin Bits: [0x0000000012040000, 0x0000000013040000)
 End Bits:   [0x0000000013040000, 0x0000000014040000)

Polling page: 0x0000000000990000

CodeCache: size=245760Kb used=6533Kb max_used=6533Kb free=239226Kb
 bounds [0x0000000002510000, 0x0000000002b80000, 0x0000000011510000]
 total_blobs=1787 nmethods=1517 adapters=184
 compilation: enabled

Compilation events (10 events):
Event: 3.000 Thread 0x00000000163f2000 nmethod 1537 0x0000000002b71c50 code [0x0000000002b71da0, 0x0000000002b71ef0]
Event: 3.000 Thread 0x00000000163f2000 1531       3       com.android.dx.dex.code.RopTranslator$LocalVariableAwareTranslationVisitor::visitThrowingInsn (11 bytes)
Event: 3.001 Thread 0x00000000163f2000 nmethod 1531 0x0000000002b71f90 code [0x0000000002b721a0, 0x0000000002b72d18]
Event: 3.001 Thread 0x00000000163f2000 1532       3       com.android.dx.dex.code.RopTranslator$TranslationVisitor::visitThrowingInsn (118 bytes)
Event: 3.003 Thread 0x00000000163f2000 nmethod 1532 0x0000000002b733d0 code [0x0000000002b736e0, 0x0000000002b74fe8]
Event: 3.003 Thread 0x00000000163f2000 1538   !   2       sun.reflect.generics.parser.SignatureParser::current (40 bytes)
Event: 3.003 Thread 0x00000000163f2000 nmethod 1538 0x0000000002b75e10 code [0x0000000002b75f60, 0x0000000002b76110]
Event: 3.003 Thread 0x00000000163f2000 1539       2       java.util.HashMap::get (23 bytes)
Event: 3.003 Thread 0x00000000163f2000 nmethod 1539 0x0000000002b76250 code [0x0000000002b763c0, 0x0000000002b765b8]
Event: 3.003 Thread 0x00000000163f2000 1540   !   2       com.android.dx.rop.code.RegisterSpec::intern (70 bytes)

GC Heap History (4 events):
Event: 1.799 GC heap before
{Heap before GC invocations=1 (full 0):
 PSYoungGen      total 36864K, used 31744K [0x00000000eab00000, 0x00000000ed400000, 0x0000000100000000)
  eden space 31744K, 100% used [0x00000000eab00000,0x00000000eca00000,0x00000000eca00000)
  from space 5120K, 0% used [0x00000000ecf00000,0x00000000ecf00000,0x00000000ed400000)
  to   space 5120K, 0% used [0x00000000eca00000,0x00000000eca00000,0x00000000ecf00000)
 ParOldGen       total 84992K, used 0K [0x00000000c0000000, 0x00000000c5300000, 0x00000000eab00000)
  object space 84992K, 0% used [0x00000000c0000000,0x00000000c0000000,0x00000000c5300000)
 Metaspace       used 5995K, capacity 6960K, committed 7040K, reserved 1056768K
  class space    used 574K, capacity 616K, committed 640K, reserved 1048576K
Event: 1.812 GC heap after
Heap after GC invocations=1 (full 0):
 PSYoungGen      total 36864K, used 5109K [0x00000000eab00000, 0x00000000ed400000, 0x0000000100000000)
  eden space 31744K, 0% used [0x00000000eab00000,0x00000000eab00000,0x00000000eca00000)
  from space 5120K, 99% used [0x00000000eca00000,0x00000000ecefd618,0x00000000ecf00000)
  to   space 5120K, 0% used [0x00000000ecf00000,0x00000000ecf00000,0x00000000ed400000)
 ParOldGen       total 84992K, used 1893K [0x00000000c0000000, 0x00000000c5300000, 0x00000000eab00000)
  object space 84992K, 2% used [0x00000000c0000000,0x00000000c01d9658,0x00000000c5300000)
 Metaspace       used 5995K, capacity 6960K, committed 7040K, reserved 1056768K
  class space    used 574K, capacity 616K, committed 640K, reserved 1048576K
}
Event: 3.385 GC heap before
{Heap before GC invocations=2 (full 0):
 PSYoungGen      total 36864K, used 36853K [0x00000000eab00000, 0x00000000ed400000, 0x0000000100000000)
  eden space 31744K, 100% used [0x00000000eab00000,0x00000000eca00000,0x00000000eca00000)
  from space 5120K, 99% used [0x00000000eca00000,0x00000000ecefd618,0x00000000ecf00000)
  to   space 5120K, 0% used [0x00000000ecf00000,0x00000000ecf00000,0x00000000ed400000)
 ParOldGen       total 84992K, used 1893K [0x00000000c0000000, 0x00000000c5300000, 0x00000000eab00000)
  object space 84992K, 2% used [0x00000000c0000000,0x00000000c01d9658,0x00000000c5300000)
 Metaspace       used 6246K, capacity 7090K, committed 7296K, reserved 1056768K
  class space    used 595K, capacity 618K, committed 640K, reserved 1048576K
Event: 3.568 GC heap after
Heap after GC invocations=2 (full 0):
 PSYoungGen      total 36864K, used 5090K [0x00000000eab00000, 0x00000000ed400000, 0x0000000100000000)
  eden space 31744K, 0% used [0x00000000eab00000,0x00000000eab00000,0x00000000eca00000)
  from space 5120K, 99% used [0x00000000ecf00000,0x00000000ed3f8ac8,0x00000000ed400000)
  to   space 5120K, 0% used [0x00000000eca00000,0x00000000eca00000,0x00000000ecf00000)
 ParOldGen       total 84992K, used 6499K [0x00000000c0000000, 0x00000000c5300000, 0x00000000eab00000)
  object space 84992K, 7% used [0x00000000c0000000,0x00000000c0658ea0,0x00000000c5300000)
 Metaspace       used 6246K, capacity 7090K, committed 7296K, reserved 1056768K
  class space    used 595K, capacity 618K, committed 640K, reserved 1048576K
}

Deoptimization events (10 events):
Event: 2.158 Thread 0x0000000016627000 Uncommon trap: reason=unstable_if action=reinterpret pc=0x000000000291f15c method=com.android.dx.ssa.SsaMethod.updateOneDefinition(Lcom/android/dx/ssa/SsaInsn;Lcom/android/dx/rop/code/RegisterSpec;)V @ 4
Event: 2.172 Thread 0x0000000016627000 Uncommon trap: reason=uninitialized action=reinterpret pc=0x0000000002a4d48c method=com.android.dx.cf.code.BytecodeArray.parseInstruction(ILcom/android/dx/cf/code/BytecodeArray$Visitor;)I @ 1079
Event: 2.297 Thread 0x000000001662a000 Uncommon trap: reason=unstable_if action=reinterpret pc=0x0000000002974838 method=com.android.dx.cf.code.Ropper.labelToResultIndex(I)I @ 34
Event: 2.508 Thread 0x0000000016627000 Uncommon trap: reason=unstable_if action=reinterpret pc=0x00000000029c6b30 method=com.android.dx.util.LabeledList.set(ILcom/android/dx/util/LabeledItem;)V @ 16
Event: 2.964 Thread 0x0000000016628800 Uncommon trap: reason=unstable_if action=reinterpret pc=0x0000000002a377b8 method=com.android.dx.ssa.SCCP.simulateStmt(Lcom/android/dx/ssa/SsaInsn;)V @ 53
Event: 2.975 Thread 0x0000000016628800 Uncommon trap: reason=unstable_if action=reinterpret pc=0x0000000002ab9f84 method=com.android.dx.util.BitIntSet.has(I)Z @ 8
Event: 2.999 Thread 0x000000001662a000 Uncommon trap: reason=unstable_if action=reinterpret pc=0x000000000283f12c method=java.util.HashMap.putVal(ILjava/lang/Object;Ljava/lang/Object;ZZ)Ljava/lang/Object; @ 162
Event: 3.003 Thread 0x000000001662a000 Uncommon trap: reason=unstable_if action=reinterpret pc=0x0000000002a3cf10 method=java.util.HashMap.getNode(ILjava/lang/Object;)Ljava/util/HashMap$Node; @ 84
Event: 3.003 Thread 0x000000001662a000 Uncommon trap: reason=unstable_if action=reinterpret pc=0x0000000002a8a238 method=java.util.HashMap.putVal(ILjava/lang/Object;Ljava/lang/Object;ZZ)Ljava/lang/Object; @ 162
Event: 3.003 Thread 0x000000001662a000 Uncommon trap: reason=unstable_if action=reinterpret pc=0x0000000002a2fb94 method=java.util.HashMap.getNode(ILjava/lang/Object;)Ljava/util/HashMap$Node; @ 84

Internal exceptions (6 events):
Event: 0.040 Thread 0x0000000002410800 Exception <a 'java/lang/NoSuchMethodError': Method sun.misc.Unsafe.defineClass(Ljava/lang/String;[BII)Ljava/lang/Class; name or signature does not match> (0x00000000eab07cc0) thrown at [C:\src\android\AOSP-openjdk\external\jetbrains\jdk\hotspot\src\share\v%JÉ¹Ÿn¤?
Event: 0.040 Thread 0x0000000002410800 Exception <a 'java/lang/NoSuchMethodError': Method sun.misc.Unsafe.prefetchRead(Ljava/lang/Object;J)V name or signature does not match> (0x00000000eab07fa8) thrown at [C:\src\android\AOSP-openjdk\external\jetbrains\jdk\hotspot\src\share\vm\prims\jni.cpp, l†ž»™Lø?
Event: 1.519 Thread 0x0000000016623800 Implicit null exception at 0x0000000002867a62 to 0x0000000002867b5a
Event: 3.001 Thread 0x000000001662a000 Exception <a 'java/lang/ArrayIndexOutOfBoundsException': 18> (0x00000000ec9ed5c8) thrown at [C:\src\android\AOSP-openjdk\external\jetbrains\jdk\hotspot\src\share\vm\interpreter\interpreterRuntime.cpp, line 366]
Event: 3.001 Thread 0x000000001662a000 Exception <a 'java/lang/ArrayIndexOutOfBoundsException': 145> (0x00000000ec9ef148) thrown at [C:\src\android\AOSP-openjdk\external\jetbrains\jdk\hotspot\src\share\vm\interpreter\interpreterRuntime.cpp, line 366]
Event: 3.002 Thread 0x000000001662a000 Exception <a 'java/lang/ArrayIndexOutOfBoundsException': 40> (0x00000000ec9f0430) thrown at [C:\src\android\AOSP-openjdk\external\jetbrains\jdk\hotspot\src\share\vm\interpreter\interpreterRuntime.cpp, line 366]

Events (10 events):
Event: 3.003 Thread 0x000000001662a000 DEOPT PACKING pc=0x0000000002a3cf10 sp=0x0000000016f9e600
Event: 3.003 Thread 0x000000001662a000 DEOPT UNPACKING pc=0x000000000255556a sp=0x0000000016f9e520 mode 2
Event: 3.003 Thread 0x000000001662a000 Uncommon trap: trap_request=0xffffff65 fr.pc=0x0000000002a8a238
Event: 3.003 Thread 0x000000001662a000 DEOPT PACKING pc=0x0000000002a8a238 sp=0x0000000016f9e6e0
Event: 3.003 Thread 0x000000001662a000 DEOPT UNPACKING pc=0x000000000255556a sp=0x0000000016f9e668 mode 2
Event: 3.003 Thread 0x000000001662a000 Uncommon trap: trap_request=0xffffff65 fr.pc=0x0000000002a2fb94
Event: 3.003 Thread 0x000000001662a000 DEOPT PACKING pc=0x0000000002a2fb94 sp=0x0000000016f9e690
Event: 3.003 Thread 0x000000001662a000 DEOPT UNPACKING pc=0x000000000255556a sp=0x0000000016f9e620 mode 2
Event: 3.004 Executing VM operation: ParallelGCFailedAllocation
Event: 3.568 Executing VM operation: ParallelGCFailedAllocation done


Dynamic libraries:
0x00007ff75f820000 - 0x00007ff75f855000 	E:\Android\android-studio-ide-145.2915834-windows\jre\bin\java.exe
0x00007ffecf410000 - 0x00007ffecf5d1000 	C:\Windows\SYSTEM32\ntdll.dll
0x00007ffecef70000 - 0x00007ffecf01d000 	C:\Windows\system32\KERNEL32.DLL
0x00007ffecc330000 - 0x00007ffecc518000 	C:\Windows\system32\KERNELBASE.dll
0x00007ffecc9e0000 - 0x00007ffecca87000 	C:\Windows\system32\ADVAPI32.dll
0x00007ffece4c0000 - 0x00007ffece55d000 	C:\Windows\system32\msvcrt.dll
0x00007ffeccd10000 - 0x00007ffeccd6b000 	C:\Windows\system32\sechost.dll
0x00007ffece730000 - 0x00007ffece84c000 	C:\Windows\system32\RPCRT4.dll
0x00007ffece920000 - 0x00007ffecea76000 	C:\Windows\system32\USER32.dll
0x00007ffeccd90000 - 0x00007ffeccf16000 	C:\Windows\system32\GDI32.dll
0x00007ffebe600000 - 0x00007ffebe874000 	C:\Windows\WinSxS\amd64_microsoft.windows.common-controls_6595b64144ccf1df_6.0.10586.0_none_8c15ae12515e1c22\COMCTL32.dll
0x00007ffecca90000 - 0x00007ffeccd0d000 	C:\Windows\system32\combase.dll
0x00007ffecc520000 - 0x00007ffecc58a000 	C:\Windows\system32\bcryptPrimitives.dll
0x00007ffeccf20000 - 0x00007ffeccf5b000 	C:\Windows\system32\IMM32.DLL
0x000000005fdc0000 - 0x000000005fe92000 	E:\Android\android-studio-ide-145.2915834-windows\jre\jre\bin\msvcr100.dll
0x000000005ece0000 - 0x000000005f514000 	E:\Android\android-studio-ide-145.2915834-windows\jre\jre\bin\server\jvm.dll
0x00007ffecf1d0000 - 0x00007ffecf1d8000 	C:\Windows\system32\PSAPI.DLL
0x00007ffeca010000 - 0x00007ffeca019000 	C:\Windows\SYSTEM32\WSOCK32.dll
0x00007ffece560000 - 0x00007ffece5cb000 	C:\Windows\system32\WS2_32.dll
0x00007ffec9d40000 - 0x00007ffec9d63000 	C:\Windows\SYSTEM32\WINMM.dll
0x00007ffec1700000 - 0x00007ffec170a000 	C:\Windows\SYSTEM32\VERSION.dll
0x00007ffec9bf0000 - 0x00007ffec9c1c000 	C:\Windows\SYSTEM32\WINMMBASE.dll
0x00007ffecbbd0000 - 0x00007ffecbc13000 	C:\Windows\system32\cfgmgr32.dll
0x00007ffeca000000 - 0x00007ffeca00f000 	E:\Android\android-studio-ide-145.2915834-windows\jre\jre\bin\verify.dll
0x00007ffec8e10000 - 0x00007ffec8e39000 	E:\Android\android-studio-ide-145.2915834-windows\jre\jre\bin\java.dll
0x00007ffec91d0000 - 0x00007ffec91e6000 	E:\Android\android-studio-ide-145.2915834-windows\jre\jre\bin\zip.dll
0x00007ffeccf60000 - 0x00007ffece4bc000 	C:\Windows\system32\SHELL32.dll
0x00007ffecbce0000 - 0x00007ffecc325000 	C:\Windows\system32\windows.storage.dll
0x00007ffecea80000 - 0x00007ffecead2000 	C:\Windows\system32\shlwapi.dll
0x00007ffecba90000 - 0x00007ffecba9f000 	C:\Windows\system32\kernel.appcore.dll
0x00007ffecbc20000 - 0x00007ffecbcd5000 	C:\Windows\system32\shcore.dll
0x00007ffecba30000 - 0x00007ffecba7b000 	C:\Windows\system32\powrprof.dll
0x00007ffecbaa0000 - 0x00007ffecbab4000 	C:\Windows\system32\profapi.dll

VM Arguments:
jvm_args: -Djava.awt.headless=true -Xmx1024M -Dfile.encoding=GBK -Duser.country=CN -Duser.language=zh -Duser.variant 
java_command: com.android.dx.command.Main --dex --num-threads=4 --output E:\Teapopo\app\build\intermediates\pre-dexed\debug\jackson-core-2.5.1_9851aa8e09bd9550729a788673a05bbcacef8540.jar C:\Users\lhq\.gradle\caches\modules-2\files-2.1\com.fasterxml.jackson.core\jackson-core\2.5.1\e2a00ad1d7e540ec395e9296a34da484c8888d4d\jackson-core-2.5.1.jar
java_class_path (initial): C:\Users\lhq\AppData\Local\Android\sdk\build-tools\23.0.3\lib\dx.jar
Launcher Type: SUN_STANDARD

Environment Variables:
JAVA_HOME=C:\Program Files\Java\jdk1.8.0_91
PATH=C:\ProgramData\Oracle\Java\javapath;C:\Windows\system32;C:\Windows;C:\Windows\System32\Wbem;C:\Windows\System32\WindowsPowerShell\v1.0\;C:\Users\lhq\AppData\Local\Android\sdk\platform-tools;C:\Users\lhq\AppData\Local\Android\sdk\tools;C:\Program Files\Java\jdk1.8.0_91\bin;C:\Program Files\Java\jdk1.8.0_91\jre\bin
USERNAME=lhq
OS=Windows_NT
PROCESSOR_IDENTIFIER=Intel64 Family 6 Model 69 Stepping 1, GenuineIntel



---------------  S Y S T E M  ---------------

OS: Windows 10.0 , 64 bit Build 10586 (10.0.10586.0)

CPU:total 4 (2 cores per cpu, 2 threads per core) family 6 model 69 stepping 1, cmov, cx8, fxsr, mmx, sse, sse2, sse3, ssse3, sse4.1, sse4.2, popcnt, avx, avx2, aes, clmul, erms, lzcnt, ht, tsc, tscinvbit, bmi1, bmi2

Memory: 4k page, physical 8067548k(1174412k free), swap 8067548k(5340k free)

vm_info: OpenJDK 64-Bit Server VM (25.76-b01) for windows-amd64 JRE (1.8.0_76-release-b01), built on May 12 2016 23:29:00 by "ralucas" with MS VC++ 10.0 (VS2010)

time: Fri Jul 08 14:40:59 2016
elapsed time: 3 seconds (0d 0h 0m 3s)

