#
# There is insufficient memory for the Java Runtime Environment to continue.
# Native memory allocation (malloc) failed to allocate 503376 bytes for Chunk::new
# Possible reasons:
#   The system is out of physical RAM or swap space
#   In 32 bit mode, the process size limit was hit
# Possible solutions:
#   Reduce memory load on the system
#   Increase physical memory or swap space
#   Check if swap backing store is full
#   Use 64 bit Java on a 64 bit OS
#   Decrease Java heap size (-Xmx/-Xms)
#   Decrease number of Java threads
#   Decrease Java thread stack sizes (-Xss)
#   Set larger code cache with -XX:ReservedCodeCacheSize=
# This output file may be truncated or incomplete.
#
#  Out of Memory Error (allocation.cpp:390), pid=102496, tid=0x00000000000193b0
#
# JRE version: OpenJDK Runtime Environment (8.0_76-b01) (build 1.8.0_76-release-b01)
# Java VM: OpenJDK 64-Bit Server VM (25.76-b01 mixed mode windows-amd64 compressed oops)
# Failed to write core dump. Minidumps are not enabled by default on client versions of Windows
#

---------------  T H R E A D  ---------------

Current thread (0x0000000014cf8000):  JavaThread "C2 CompilerThread0" daemon [_thread_in_native, id=103344, stack(0x00000000161f0000,0x00000000162f0000)]

Stack: [0x00000000161f0000,0x00000000162f0000]
[error occurred during error reporting (printing stack bounds), id 0xc0000005]

Native frames: (J=compiled Java code, j=interpreted, Vv=VM code, C=native code)


Current CompileTask:
C2:   2083 1285       4       com.android.dx.dex.code.OutputFinisher::addConstants (93 bytes)


---------------  P R O C E S S  ---------------

Java Threads: ( => current thread )
  0x000000001644a800 JavaThread "Service Thread" daemon [_thread_blocked, id=103420, stack(0x00000000168f0000,0x00000000169f0000)]
  0x0000000016446000 JavaThread "C1 CompilerThread2" daemon [_thread_blocked, id=103168, stack(0x00000000167f0000,0x00000000168f0000)]
  0x0000000014cfa800 JavaThread "C2 CompilerThread1" daemon [_thread_blocked, id=102860, stack(0x00000000162f0000,0x00000000163f0000)]
=>0x0000000014cf8000 JavaThread "C2 CompilerThread0" daemon [_thread_in_native, id=103344, stack(0x00000000161f0000,0x00000000162f0000)]
  0x0000000014cad000 JavaThread "Attach Listener" daemon [_thread_blocked, id=101960, stack(0x00000000160f0000,0x00000000161f0000)]
  0x0000000014cac000 JavaThread "Signal Dispatcher" daemon [_thread_blocked, id=101720, stack(0x0000000015ff0000,0x00000000160f0000)]
  0x0000000014c88800 JavaThread "Finalizer" daemon [_thread_blocked, id=102444, stack(0x0000000015ef0000,0x0000000015ff0000)]
  0x00000000025c0000 JavaThread "Reference Handler" daemon [_thread_blocked, id=102428, stack(0x0000000015df0000,0x0000000015ef0000)]
  0x00000000024d0800 JavaThread "main" [_thread_blocked, id=102720, stack(0x00000000022d0000,0x00000000023d0000)]

Other Threads:
  0x0000000014c65800 VMThread [stack: 0x0000000015cf0000,0x0000000015df0000] [id=102588]
  0x000000001644c800 WatcherThread [stack: 0x00000000169f0000,0x0000000016af0000] [id=92016]

VM state:not at safepoint (normal execution)

VM Mutex/Monitor currently owned by a thread: None

Heap:
 PSYoungGen      total 36864K, used 30501K [0x00000000eab00000, 0x00000000ed400000, 0x0000000100000000)
  eden space 31744K, 96% used [0x00000000eab00000,0x00000000ec8c9580,0x00000000eca00000)
  from space 5120K, 0% used [0x00000000ecf00000,0x00000000ecf00000,0x00000000ed400000)
  to   space 5120K, 0% used [0x00000000eca00000,0x00000000eca00000,0x00000000ecf00000)
 ParOldGen       total 84992K, used 0K [0x00000000c0000000, 0x00000000c5300000, 0x00000000eab00000)
  object space 84992K, 0% used [0x00000000c0000000,0x00000000c0000000,0x00000000c5300000)
 Metaspace       used 6256K, capacity 7152K, committed 7296K, reserved 1056768K
  class space    used 595K, capacity 616K, committed 640K, reserved 1048576K

Card table byte_map: [0x0000000011990000,0x0000000011ba0000] byte_map_base: 0x0000000011390000

Marking Bits: (ParMarkBitMap*) 0x000000005f499d00
 Begin Bits: [0x0000000012100000, 0x0000000013100000)
 End Bits:   [0x0000000013100000, 0x0000000014100000)

Polling page: 0x0000000000520000

CodeCache: size=245760Kb used=5544Kb max_used=5544Kb free=240215Kb
 bounds [0x00000000025d0000, 0x0000000002b40000, 0x00000000115d0000]
 total_blobs=1712 nmethods=1441 adapters=185
 compilation: enabled

Compilation events (10 events):
Event: 2.061 Thread 0x0000000016446000 1438       3       com.android.dx.dex.file.DebugInfoEncoder::emitStringIndex (45 bytes)
Event: 2.061 Thread 0x0000000016446000 nmethod 1438 0x0000000002b36d90 code [0x0000000002b36f60, 0x0000000002b37608]
Event: 2.061 Thread 0x0000000016446000 1440       3       com.android.dx.dex.file.DebugInfoEncoder::emitLocalsAtAddress (150 bytes)
Event: 2.063 Thread 0x0000000016446000 nmethod 1440 0x0000000002b3ac10 code [0x0000000002b3aea0, 0x0000000002b3c288]
Event: 2.063 Thread 0x0000000016446000 1439       3       java.util.Arrays::sort (47 bytes)
Event: 2.063 Thread 0x0000000016446000 nmethod 1439 0x0000000002b3cad0 code [0x0000000002b3cc80, 0x0000000002b3d0d8]
Event: 2.063 Thread 0x0000000016446000 1442       3       com.android.dx.dex.file.DebugInfoEncoder::emitPositionsAtAddress (48 bytes)
Event: 2.064 Thread 0x0000000016446000 nmethod 1442 0x0000000002b3d310 code [0x0000000002b3d520, 0x0000000002b3df08]
Event: 2.064 Thread 0x0000000016446000 1441       1       com.android.dx.dex.code.DalvInsnList::getRegistersSize (5 bytes)
Event: 2.064 Thread 0x0000000016446000 nmethod 1441 0x0000000002b3e590 code [0x0000000002b3e6e0, 0x0000000002b3e7f0]

GC Heap History (0 events):
No events

Deoptimization events (10 events):
Event: 1.637 Thread 0x00000000024d0800 Uncommon trap: reason=class_check action=maybe_recompile pc=0x0000000002aa4054 method=java.util.HashMap.putVal(ILjava/lang/Object;Ljava/lang/Object;ZZ)Ljava/lang/Object; @ 203
Event: 1.637 Thread 0x00000000024d0800 Uncommon trap: reason=class_check action=maybe_recompile pc=0x0000000002aa4054 method=java.util.HashMap.putVal(ILjava/lang/Object;Ljava/lang/Object;ZZ)Ljava/lang/Object; @ 203
Event: 1.893 Thread 0x00000000024d0800 Uncommon trap: reason=speculate_class_check action=maybe_recompile pc=0x00000000029281d4 method=com.android.dx.util.FixedSizeList.equals(Ljava/lang/Object;)Z @ 25
Event: 1.893 Thread 0x00000000024d0800 Uncommon trap: reason=class_check action=maybe_recompile pc=0x000000000294cf8c method=java.util.Arrays.equals([Ljava/lang/Object;[Ljava/lang/Object;)Z @ 62
Event: 1.893 Thread 0x00000000024d0800 Uncommon trap: reason=speculate_class_check action=maybe_recompile pc=0x00000000029281d4 method=com.android.dx.util.FixedSizeList.equals(Ljava/lang/Object;)Z @ 25
Event: 1.893 Thread 0x00000000024d0800 Uncommon trap: reason=class_check action=maybe_recompile pc=0x000000000294cf8c method=java.util.Arrays.equals([Ljava/lang/Object;[Ljava/lang/Object;)Z @ 62
Event: 1.893 Thread 0x00000000024d0800 Uncommon trap: reason=speculate_class_check action=maybe_recompile pc=0x00000000029281d4 method=com.android.dx.util.FixedSizeList.equals(Ljava/lang/Object;)Z @ 25
Event: 1.893 Thread 0x00000000024d0800 Uncommon trap: reason=class_check action=maybe_recompile pc=0x000000000294cf8c method=java.util.Arrays.equals([Ljava/lang/Object;[Ljava/lang/Object;)Z @ 62
Event: 1.894 Thread 0x00000000024d0800 Uncommon trap: reason=speculate_class_check action=maybe_recompile pc=0x00000000029281d4 method=com.android.dx.util.FixedSizeList.equals(Ljava/lang/Object;)Z @ 25
Event: 1.894 Thread 0x00000000024d0800 Uncommon trap: reason=class_check action=maybe_recompile pc=0x000000000294cf8c method=java.util.Arrays.equals([Ljava/lang/Object;[Ljava/lang/Object;)Z @ 62

Internal exceptions (2 events):
Event: 0.102 Thread 0x00000000024d0800 Exception <a 'java/lang/NoSuchMethodError': Method sun.misc.Unsafe.defineClass(Ljava/lang/String;[BII)Ljava/lang/Class; name or signature does not match> (0x00000000eab07cc0) thrown at [C:\src\android\AOSP-openjdk\external\jetbrains\jdk\hotspot\src\share\v’µº
Á∫?
Event: 0.102 Thread 0x00000000024d0800 Exception <a 'java/lang/NoSuchMethodError': Method sun.misc.Unsafe.prefetchRead(Ljava/lang/Object;J)V name or signature does not match> (0x00000000eab07fa8) thrown at [C:\src\android\AOSP-openjdk\external\jetbrains\jdk\hotspot\src\share\vm\prims\jni.cpp, l

Events (10 events):
Event: 1.896 loading class com/android/dx/util/ByteArrayAnnotatedOutput
Event: 1.896 loading class com/android/dx/util/ByteArrayAnnotatedOutput done
Event: 1.898 loading class com/android/dx/rop/code/RegisterSpecList$Expander
Event: 1.898 loading class com/android/dx/rop/code/RegisterSpecList$Expander done
Event: 2.045 loading class com/android/dx/dex/file/DebugInfoEncoder
Event: 2.045 loading class com/android/dx/dex/file/DebugInfoEncoder done
Event: 2.046 loading class com/android/dx/dex/file/DebugInfoEncoder$1
Event: 2.046 loading class com/android/dx/dex/file/DebugInfoEncoder$1 done
Event: 2.047 loading class com/android/dx/dex/file/DebugInfoEncoder$2
Event: 2.047 loading class com/android/dx/dex/file/DebugInfoEncoder$2 done


Dynamic libraries:
0x00007ff6a3010000 - 0x00007ff6a3045000 	E:\Android\android-studio-ide-145.2915834-windows\jre\bin\java.exe
0x00007ffecf410000 - 0x00007ffecf5d1000 	C:\Windows\SYSTEM32\ntdll.dll
0x00007ffecef70000 - 0x00007ffecf01d000 	C:\Windows\system32\KERNEL32.DLL
0x00007ffecc330000 - 0x00007ffecc518000 	C:\Windows\system32\KERNELBASE.dll
0x00007ffecc9e0000 - 0x00007ffecca87000 	C:\Windows\system32\ADVAPI32.dll
0x00007ffece4c0000 - 0x00007ffece55d000 	C:\Windows\system32\msvcrt.dll
0x00007ffeccd10000 - 0x00007ffeccd6b000 	C:\Windows\system32\sechost.dll
0x00007ffece730000 - 0x00007ffece84c000 	C:\Windows\system32\RPCRT4.dll
0x00007ffece920000 - 0x00007ffecea76000 	C:\Windows\system32\USER32.dll
0x00007ffeccd90000 - 0x00007ffeccf16000 	C:\Windows\system32\GDI32.dll
0x00007ffebe600000 - 0x00007ffebe874000 	C:\Windows\WinSxS\amd64_microsoft.windows.common-controls_6595b64144ccf1df_6.0.10586.0_none_8c15ae12515e1c22\COMCTL32.dll
0x00007ffecca90000 - 0x00007ffeccd0d000 	C:\Windows\system32\combase.dll
0x00007ffecc520000 - 0x00007ffecc58a000 	C:\Windows\system32\bcryptPrimitives.dll
0x00007ffeccf20000 - 0x00007ffeccf5b000 	C:\Windows\system32\IMM32.DLL
0x00000000600f0000 - 0x00000000601c2000 	E:\Android\android-studio-ide-145.2915834-windows\jre\jre\bin\msvcr100.dll
0x000000005ece0000 - 0x000000005f514000 	E:\Android\android-studio-ide-145.2915834-windows\jre\jre\bin\server\jvm.dll
0x00007ffecf1d0000 - 0x00007ffecf1d8000 	C:\Windows\system32\PSAPI.DLL
0x00007ffec9c20000 - 0x00007ffec9c29000 	C:\Windows\SYSTEM32\WSOCK32.dll
0x00007ffece560000 - 0x00007ffece5cb000 	C:\Windows\system32\WS2_32.dll
0x00007ffec9d40000 - 0x00007ffec9d63000 	C:\Windows\SYSTEM32\WINMM.dll
0x00007ffec1700000 - 0x00007ffec170a000 	C:\Windows\SYSTEM32\VERSION.dll
0x00007ffec9bf0000 - 0x00007ffec9c1c000 	C:\Windows\SYSTEM32\WINMMBASE.dll
0x00007ffecbbd0000 - 0x00007ffecbc13000 	C:\Windows\system32\cfgmgr32.dll
0x00007ffec8ed0000 - 0x00007ffec8edf000 	E:\Android\android-studio-ide-145.2915834-windows\jre\jre\bin\verify.dll
0x00007ffec8d20000 - 0x00007ffec8d49000 	E:\Android\android-studio-ide-145.2915834-windows\jre\jre\bin\java.dll
0x00007ffec8d00000 - 0x00007ffec8d16000 	E:\Android\android-studio-ide-145.2915834-windows\jre\jre\bin\zip.dll
0x00007ffeccf60000 - 0x00007ffece4bc000 	C:\Windows\system32\SHELL32.dll
0x00007ffecbce0000 - 0x00007ffecc325000 	C:\Windows\system32\windows.storage.dll
0x00007ffecea80000 - 0x00007ffecead2000 	C:\Windows\system32\shlwapi.dll
0x00007ffecba90000 - 0x00007ffecba9f000 	C:\Windows\system32\kernel.appcore.dll
0x00007ffecbc20000 - 0x00007ffecbcd5000 	C:\Windows\system32\shcore.dll
0x00007ffecba30000 - 0x00007ffecba7b000 	C:\Windows\system32\powrprof.dll
0x00007ffecbaa0000 - 0x00007ffecbab4000 	C:\Windows\system32\profapi.dll

VM Arguments:
jvm_args: -Djava.awt.headless=true -Xmx1024M -Dfile.encoding=GBK -Duser.country=CN -Duser.language=zh -Duser.variant 
java_command: com.android.dx.command.Main --dex --num-threads=4 --output E:\Teapopo\app\build\intermediates\pre-dexed\debug\logansquare-1.3.7_66792233ed20698d6db078c391784faf406bffe1.jar C:\Users\lhq\.gradle\caches\modules-2\files-2.1\com.bluelinelabs\logansquare\1.3.7\21faabea32cf348b11f20bd035f61c82114b2438\logansquare-1.3.7.jar
java_class_path (initial): C:\Users\lhq\AppData\Local\Android\sdk\build-tools\23.0.3\lib\dx.jar
Launcher Type: SUN_STANDARD

Environment Variables:
JAVA_HOME=C:\Program Files\Java\jdk1.8.0_91
PATH=C:\ProgramData\Oracle\Java\javapath;C:\Windows\system32;C:\Windows;C:\Windows\System32\Wbem;C:\Windows\System32\WindowsPowerShell\v1.0\;C:\Users\lhq\AppData\Local\Android\sdk\platform-tools;C:\Users\lhq\AppData\Local\Android\sdk\tools;C:\Program Files\Java\jdk1.8.0_91\bin;C:\Program Files\Java\jdk1.8.0_91\jre\bin
USERNAME=lhq
OS=Windows_NT
PROCESSOR_IDENTIFIER=Intel64 Family 6 Model 69 Stepping 1, GenuineIntel



---------------  S Y S T E M  ---------------

OS: Windows 10.0 , 64 bit Build 10586 (10.0.10586.0)

CPU:total 4 (2 cores per cpu, 2 threads per core) family 6 model 69 stepping 1, cmov, cx8, fxsr, mmx, sse, sse2, sse3, ssse3, sse4.1, sse4.2, popcnt, avx, avx2, aes, clmul, erms, lzcnt, ht, tsc, tscinvbit, bmi1, bmi2

Memory: 4k page, physical 8067548k(1363576k free), swap 8067548k(5184k free)

vm_info: OpenJDK 64-Bit Server VM (25.76-b01) for windows-amd64 JRE (1.8.0_76-release-b01), built on May 12 2016 23:29:00 by "ralucas" with MS VC++ 10.0 (VS2010)

time: Thu Jul 07 11:09:55 2016
elapsed time: 2 seconds (0d 0h 0m 2s)

