#
# There is insufficient memory for the Java Runtime Environment to continue.
# Native memory allocation (malloc) failed to allocate 32744 bytes for ChunkPool::allocate
# Possible reasons:
#   The system is out of physical RAM or swap space
#   In 32 bit mode, the process size limit was hit
# Possible solutions:
#   Reduce memory load on the system
#   Increase physical memory or swap space
#   Check if swap backing store is full
#   Use 64 bit Java on a 64 bit OS
#   Decrease Java heap size (-Xmx/-Xms)
#   Decrease number of Java threads
#   Decrease Java thread stack sizes (-Xss)
#   Set larger code cache with -XX:ReservedCodeCacheSize=
# This output file may be truncated or incomplete.
#
#  Out of Memory Error (allocation.cpp:273), pid=13420, tid=0x00000000000041f4
#
# JRE version: OpenJDK Runtime Environment (8.0_76-b01) (build 1.8.0_76-release-b01)
# Java VM: OpenJDK 64-Bit Server VM (25.76-b01 mixed mode windows-amd64 compressed oops)
# Failed to write core dump. Minidumps are not enabled by default on client versions of Windows
#

---------------  T H R E A D  ---------------

Current thread (0x0000000016373000):  JavaThread "C2 CompilerThread1" daemon [_thread_in_native, id=16884, stack(0x0000000016720000,0x0000000016820000)]

Stack: [0x0000000016720000,0x0000000016820000]
[error occurred during error reporting (printing stack bounds), id 0xc0000005]

Native frames: (J=compiled Java code, j=interpreted, Vv=VM code, C=native code)


Current CompileTask:
C2:    995  598       4       com.android.dx.ssa.NormalSsaInsn::accept (25 bytes)


---------------  P R O C E S S  ---------------

Java Threads: ( => current thread )
  0x00000000165ca800 JavaThread "pool-1-thread-4" [_thread_in_vm, id=16592, stack(0x0000000016f20000,0x0000000017020000)]
  0x00000000165ca000 JavaThread "pool-1-thread-3" [_thread_blocked, id=16588, stack(0x0000000016e20000,0x0000000016f20000)]
  0x0000000016596000 JavaThread "pool-1-thread-2" [_thread_in_Java, id=16576, stack(0x0000000016d20000,0x0000000016e20000)]
  0x00000000164d0000 JavaThread "pool-2-thread-1" [_thread_blocked, id=16560, stack(0x0000000016c20000,0x0000000016d20000)]
  0x00000000164cf000 JavaThread "pool-1-thread-1" [_thread_in_vm, id=16568, stack(0x0000000016b20000,0x0000000016c20000)]
  0x000000001637f800 JavaThread "Service Thread" daemon [_thread_blocked, id=16928, stack(0x0000000016920000,0x0000000016a20000)]
  0x0000000016376000 JavaThread "C1 CompilerThread2" daemon [_thread_in_vm, id=16892, stack(0x0000000016820000,0x0000000016920000)]
=>0x0000000016373000 JavaThread "C2 CompilerThread1" daemon [_thread_in_native, id=16884, stack(0x0000000016720000,0x0000000016820000)]
  0x0000000014ccd800 JavaThread "C2 CompilerThread0" daemon [_thread_in_native, id=17020, stack(0x0000000016220000,0x0000000016320000)]
  0x0000000014ccc000 JavaThread "Attach Listener" daemon [_thread_blocked, id=17016, stack(0x0000000016120000,0x0000000016220000)]
  0x0000000014ccb000 JavaThread "Signal Dispatcher" daemon [_thread_blocked, id=17076, stack(0x0000000016020000,0x0000000016120000)]
  0x0000000014ca8800 JavaThread "Finalizer" daemon [_thread_blocked, id=16744, stack(0x0000000015f20000,0x0000000016020000)]
  0x0000000014c87000 JavaThread "Reference Handler" daemon [_thread_blocked, id=16676, stack(0x0000000015e20000,0x0000000015f20000)]
  0x00000000024f0800 JavaThread "main" [_thread_blocked, id=17056, stack(0x0000000002360000,0x0000000002460000)]

Other Threads:
  0x0000000014c84800 VMThread [stack: 0x0000000015d20000,0x0000000015e20000] [id=16620]
  0x0000000016381800 WatcherThread [stack: 0x0000000016a20000,0x0000000016b20000] [id=16932]

VM state:synchronizing (normal execution)

VM Mutex/Monitor currently owned by a thread:  ([mutex/lock_event])
[0x00000000024ebae0] Safepoint_lock - owner thread: 0x0000000014c84800
[0x00000000024ebe60] Threads_lock - owner thread: 0x0000000014c84800
[0x00000000024edbf0] CompiledIC_lock - owner thread: 0x00000000164cf000

Heap:
 PSYoungGen      total 36864K, used 14224K [0x00000000eab00000, 0x00000000ed400000, 0x0000000100000000)
  eden space 31744K, 44% used [0x00000000eab00000,0x00000000eb8e4270,0x00000000eca00000)
  from space 5120K, 0% used [0x00000000ecf00000,0x00000000ecf00000,0x00000000ed400000)
  to   space 5120K, 0% used [0x00000000eca00000,0x00000000eca00000,0x00000000ecf00000)
 ParOldGen       total 84992K, used 0K [0x00000000c0000000, 0x00000000c5300000, 0x00000000eab00000)
  object space 84992K, 0% used [0x00000000c0000000,0x00000000c0000000,0x00000000c5300000)
 Metaspace       used 5611K, capacity 6640K, committed 6784K, reserved 1056768K
  class space    used 570K, capacity 616K, committed 640K, reserved 1048576K

Card table byte_map: [0x00000000119b0000,0x0000000011bc0000] byte_map_base: 0x00000000113b0000

Marking Bits: (ParMarkBitMap*) 0x000000005e0b9d00
 Begin Bits: [0x0000000012120000, 0x0000000013120000)
 End Bits:   [0x0000000013120000, 0x0000000014120000)

Polling page: 0x0000000000460000

CodeCache: size=245760Kb used=2828Kb max_used=2828Kb free=242931Kb
 bounds [0x00000000025f0000, 0x00000000028c0000, 0x00000000115f0000]
 total_blobs=987 nmethods=717 adapters=184
 compilation: enabled

Compilation events (10 events):
Event: 0.961 Thread 0x0000000016376000 nmethod 726 0x00000000028b0a10 code [0x00000000028b0be0, 0x00000000028b14f8]
Event: 0.961 Thread 0x0000000016376000  727       3       com.android.dx.rop.cst.CstType::compareTo0 (25 bytes)
Event: 0.962 Thread 0x0000000016376000 nmethod 727 0x00000000028b1810 code [0x00000000028b1980, 0x00000000028b1dc8]
Event: 0.962 Thread 0x0000000016376000  728       3       com.android.dx.rop.cst.CstMemberRef::compareTo0 (49 bytes)
Event: 0.963 Thread 0x0000000016376000 nmethod 728 0x00000000028b1f50 code [0x00000000028b21a0, 0x00000000028b3538]
Event: 0.963 Thread 0x0000000016376000  729       3       com.android.dx.rop.cst.CstBaseMethodRef::compareTo0 (29 bytes)
Event: 0.963 Thread 0x0000000016376000 nmethod 729 0x00000000028b3e50 code [0x00000000028b3fe0, 0x00000000028b4378]
Event: 0.963 Thread 0x0000000016376000  732       3       com.android.dx.rop.type.StdTypeList::get (9 bytes)
Event: 0.963 Thread 0x0000000016376000 nmethod 732 0x00000000028b44d0 code [0x00000000028b4640, 0x00000000028b4928]
Event: 0.963 Thread 0x0000000016376000  733       3       com.android.dx.cf.code.BaseMachine::getLocalTarget (151 bytes)

GC Heap History (0 events):
No events

Deoptimization events (4 events):
Event: 0.339 Thread 0x00000000024f0800 Uncommon trap: reason=unstable_if action=reinterpret pc=0x000000000272e454 method=java.lang.String.indexOf(II)I @ 49
Event: 0.689 Thread 0x00000000164cf000 Uncommon trap: reason=unstable_if action=reinterpret pc=0x00000000027ef23c method=java.util.HashMap.getNode(ILjava/lang/Object;)Ljava/util/HashMap$Node; @ 62
Event: 0.835 Thread 0x0000000016596000 Uncommon trap: reason=unstable_if action=reinterpret pc=0x00000000027f4870 method=java.util.BitSet.nextSetBit(I)I @ 87
Event: 0.855 Thread 0x0000000016596000 Uncommon trap: reason=unstable_if action=reinterpret pc=0x00000000028046bc method=java.util.HashMap.getNode(ILjava/lang/Object;)Ljava/util/HashMap$Node; @ 62

Internal exceptions (2 events):
Event: 0.038 Thread 0x00000000024f0800 Exception <a 'java/lang/NoSuchMethodError': Method sun.misc.Unsafe.defineClass(Ljava/lang/String;[BII)Ljava/lang/Class; name or signature does not match> (0x00000000eab07cc0) thrown at [C:\src\android\AOSP-openjdk\external\jetbrains\jdk\hotspot\src\share\v’‹}¥0ë£?
Event: 0.038 Thread 0x00000000024f0800 Exception <a 'java/lang/NoSuchMethodError': Method sun.misc.Unsafe.prefetchRead(Ljava/lang/Object;J)V name or signature does not match> (0x00000000eab07fa8) thrown at [C:\src\android\AOSP-openjdk\external\jetbrains\jdk\hotspot\src\share\vm\prims\jni.cpp, l

Events (10 events):
Event: 0.700 loading class com/android/dx/ssa/back/FirstFitLocalCombiningAllocator$Multiset done
Event: 0.705 loading class com/android/dx/cf/code/BytecodeArray$ConstantParserVisitor
Event: 0.705 loading class com/android/dx/cf/code/BytecodeArray$ConstantParserVisitor done
Event: 0.835 Thread 0x0000000016596000 Uncommon trap: trap_request=0xffffff65 fr.pc=0x00000000027f4870
Event: 0.835 Thread 0x0000000016596000 DEOPT PACKING pc=0x00000000027f4870 sp=0x0000000016e1e9f0
Event: 0.835 Thread 0x0000000016596000 DEOPT UNPACKING pc=0x000000000263556a sp=0x0000000016e1e988 mode 2
Event: 0.855 Thread 0x0000000016596000 Uncommon trap: trap_request=0xffffff65 fr.pc=0x00000000028046bc
Event: 0.855 Thread 0x0000000016596000 DEOPT PACKING pc=0x00000000028046bc sp=0x0000000016e1e900
Event: 0.855 Thread 0x0000000016596000 DEOPT UNPACKING pc=0x000000000263556a sp=0x0000000016e1e830 mode 2
Event: 0.963 Executing VM operation: ForceSafepoint


Dynamic libraries:
0x00007ff75b500000 - 0x00007ff75b535000 	E:\Android\android-studio-ide-145.2915834-windows\jre\bin\java.exe
0x00007ffbe4110000 - 0x00007ffbe42d1000 	C:\Windows\SYSTEM32\ntdll.dll
0x00007ffbe2080000 - 0x00007ffbe212d000 	C:\Windows\system32\KERNEL32.DLL
0x00007ffbe0ec0000 - 0x00007ffbe10a8000 	C:\Windows\system32\KERNELBASE.dll
0x00007ffbe3c80000 - 0x00007ffbe3d27000 	C:\Windows\system32\ADVAPI32.dll
0x00007ffbe4070000 - 0x00007ffbe410d000 	C:\Windows\system32\msvcrt.dll
0x00007ffbe22d0000 - 0x00007ffbe232b000 	C:\Windows\system32\sechost.dll
0x00007ffbe1d60000 - 0x00007ffbe1e7c000 	C:\Windows\system32\RPCRT4.dll
0x00007ffbe1970000 - 0x00007ffbe1ac6000 	C:\Windows\system32\USER32.dll
0x00007ffbe2140000 - 0x00007ffbe22c6000 	C:\Windows\system32\GDI32.dll
0x00007ffbd49b0000 - 0x00007ffbd4c24000 	C:\Windows\WinSxS\amd64_microsoft.windows.common-controls_6595b64144ccf1df_6.0.10586.0_none_8c15ae12515e1c22\COMCTL32.dll
0x00007ffbe24a0000 - 0x00007ffbe271d000 	C:\Windows\system32\combase.dll
0x00007ffbe14a0000 - 0x00007ffbe150a000 	C:\Windows\system32\bcryptPrimitives.dll
0x00007ffbe1ef0000 - 0x00007ffbe1f2b000 	C:\Windows\system32\IMM32.DLL
0x000000005d820000 - 0x000000005d8f2000 	E:\Android\android-studio-ide-145.2915834-windows\jre\jre\bin\msvcr100.dll
0x000000005d900000 - 0x000000005e134000 	E:\Android\android-studio-ide-145.2915834-windows\jre\jre\bin\server\jvm.dll
0x00007ffbe1530000 - 0x00007ffbe1538000 	C:\Windows\system32\PSAPI.DLL
0x00007ffbdd900000 - 0x00007ffbdd909000 	C:\Windows\SYSTEM32\WSOCK32.dll
0x00007ffbe3d30000 - 0x00007ffbe3d9b000 	C:\Windows\system32\WS2_32.dll
0x00007ffbdea60000 - 0x00007ffbdea83000 	C:\Windows\SYSTEM32\WINMM.dll
0x00007ffbd61b0000 - 0x00007ffbd61ba000 	C:\Windows\SYSTEM32\VERSION.dll
0x00007ffbdea00000 - 0x00007ffbdea2c000 	C:\Windows\SYSTEM32\WINMMBASE.dll
0x00007ffbe1300000 - 0x00007ffbe1343000 	C:\Windows\system32\cfgmgr32.dll
0x00007ffbdbbd0000 - 0x00007ffbdbbdf000 	E:\Android\android-studio-ide-145.2915834-windows\jre\jre\bin\verify.dll
0x00007ffbdba90000 - 0x00007ffbdbab9000 	E:\Android\android-studio-ide-145.2915834-windows\jre\jre\bin\java.dll
0x00007ffbdba70000 - 0x00007ffbdba86000 	E:\Android\android-studio-ide-145.2915834-windows\jre\jre\bin\zip.dll
0x00007ffbe2720000 - 0x00007ffbe3c7c000 	C:\Windows\system32\SHELL32.dll
0x00007ffbe07c0000 - 0x00007ffbe0e05000 	C:\Windows\system32\windows.storage.dll
0x00007ffbe2440000 - 0x00007ffbe2492000 	C:\Windows\system32\shlwapi.dll
0x00007ffbe0730000 - 0x00007ffbe073f000 	C:\Windows\system32\kernel.appcore.dll
0x00007ffbe1350000 - 0x00007ffbe1405000 	C:\Windows\system32\shcore.dll
0x00007ffbe0770000 - 0x00007ffbe07bb000 	C:\Windows\system32\powrprof.dll
0x00007ffbe0740000 - 0x00007ffbe0754000 	C:\Windows\system32\profapi.dll

VM Arguments:
jvm_args: -Djava.awt.headless=true -Xmx1024M -Dfile.encoding=GBK -Duser.country=CN -Duser.language=zh -Duser.variant 
java_command: com.android.dx.command.Main --dex --num-threads=4 --output E:\Teapopo\app\build\intermediates\pre-dexed\debug\com.android.support-cardview-v7-23.3.0_e310debcae2dad0061400bb00f4a30321b099d90.jar E:\Teapopo\app\build\intermediates\exploded-aar\com.android.support\cardview-v7\23.3.0\jars\classes.jar
java_class_path (initial): C:\Users\lhq\AppData\Local\Android\sdk\build-tools\23.0.3\lib\dx.jar
Launcher Type: SUN_STANDARD

Environment Variables:
JAVA_HOME=C:\Program Files\Java\jdk1.8.0_91
PATH=C:\ProgramData\Oracle\Java\javapath;C:\Windows\system32;C:\Windows;C:\Windows\System32\Wbem;C:\Windows\System32\WindowsPowerShell\v1.0\;C:\Users\lhq\AppData\Local\Android\sdk\platform-tools;C:\Users\lhq\AppData\Local\Android\sdk\tools;C:\Program Files\Java\jdk1.8.0_91\bin;C:\Program Files\Java\jdk1.8.0_91\jre\bin
USERNAME=lhq
OS=Windows_NT
PROCESSOR_IDENTIFIER=Intel64 Family 6 Model 69 Stepping 1, GenuineIntel



---------------  S Y S T E M  ---------------

OS: Windows 10.0 , 64 bit Build 10586 (10.0.10586.0)

CPU:total 4 (2 cores per cpu, 2 threads per core) family 6 model 69 stepping 1, cmov, cx8, fxsr, mmx, sse, sse2, sse3, ssse3, sse4.1, sse4.2, popcnt, avx, avx2, aes, clmul, erms, lzcnt, ht, tsc, tscinvbit, bmi1, bmi2

Memory: 4k page, physical 8067548k(1127548k free), swap 8067548k(3060k free)

vm_info: OpenJDK 64-Bit Server VM (25.76-b01) for windows-amd64 JRE (1.8.0_76-release-b01), built on May 12 2016 23:29:00 by "ralucas" with MS VC++ 10.0 (VS2010)

time: Fri Jul 15 16:50:09 2016
elapsed time: 0 seconds (0d 0h 0m 0s)

