#
# There is insufficient memory for the Java Runtime Environment to continue.
# Native memory allocation (malloc) failed to allocate 285856 bytes for Chunk::new
# Possible reasons:
#   The system is out of physical RAM or swap space
#   In 32 bit mode, the process size limit was hit
# Possible solutions:
#   Reduce memory load on the system
#   Increase physical memory or swap space
#   Check if swap backing store is full
#   Use 64 bit Java on a 64 bit OS
#   Decrease Java heap size (-Xmx/-Xms)
#   Decrease number of Java threads
#   Decrease Java thread stack sizes (-Xss)
#   Set larger code cache with -XX:ReservedCodeCacheSize=
# This output file may be truncated or incomplete.
#
#  Out of Memory Error (allocation.cpp:390), pid=64428, tid=0x000000000000fcb0
#
# JRE version: OpenJDK Runtime Environment (8.0_76-b01) (build 1.8.0_76-release-b01)
# Java VM: OpenJDK 64-Bit Server VM (25.76-b01 mixed mode windows-amd64 compressed oops)
# Failed to write core dump. Minidumps are not enabled by default on client versions of Windows
#

---------------  T H R E A D  ---------------

Current thread (0x00000000162ea000):  JavaThread "C2 CompilerThread1" daemon [_thread_in_native, id=64688, stack(0x00000000166a0000,0x00000000167a0000)]

Stack: [0x00000000166a0000,0x00000000167a0000]
[error occurred during error reporting (printing stack bounds), id 0xc0000005]

Native frames: (J=compiled Java code, j=interpreted, Vv=VM code, C=native code)


Current CompileTask:
C2:   2352 1284       4       com.android.dx.ssa.back.LivenessAnalyzer::run (231 bytes)


---------------  P R O C E S S  ---------------

Java Threads: ( => current thread )
  0x00000000164dc800 JavaThread "pool-1-thread-4" [_thread_blocked, id=65576, stack(0x0000000016ea0000,0x0000000016fa0000)]
  0x0000000016542000 JavaThread "pool-1-thread-3" [_thread_in_Java, id=65600, stack(0x0000000016da0000,0x0000000016ea0000)]
  0x000000001645a000 JavaThread "pool-1-thread-2" [_thread_in_Java, id=65924, stack(0x0000000016ca0000,0x0000000016da0000)]
  0x0000000016457800 JavaThread "pool-2-thread-1" [_thread_blocked, id=65432, stack(0x0000000016ba0000,0x0000000016ca0000)]
  0x0000000016456800 JavaThread "pool-1-thread-1" [_thread_blocked, id=63012, stack(0x0000000016aa0000,0x0000000016ba0000)]
  0x0000000016306000 JavaThread "Service Thread" daemon [_thread_blocked, id=65532, stack(0x00000000168a0000,0x00000000169a0000)]
  0x00000000162f5000 JavaThread "C1 CompilerThread2" daemon [_thread_blocked, id=65540, stack(0x00000000167a0000,0x00000000168a0000)]
=>0x00000000162ea000 JavaThread "C2 CompilerThread1" daemon [_thread_in_native, id=64688, stack(0x00000000166a0000,0x00000000167a0000)]
  0x0000000014c3d800 JavaThread "C2 CompilerThread0" daemon [_thread_in_native, id=54500, stack(0x00000000161a0000,0x00000000162a0000)]
  0x0000000014c3c000 JavaThread "Attach Listener" daemon [_thread_blocked, id=64316, stack(0x00000000160a0000,0x00000000161a0000)]
  0x0000000014c3b000 JavaThread "Signal Dispatcher" daemon [_thread_blocked, id=66092, stack(0x0000000015fa0000,0x00000000160a0000)]
  0x0000000014c18800 JavaThread "Finalizer" daemon [_thread_blocked, id=65572, stack(0x0000000015ea0000,0x0000000015fa0000)]
  0x0000000002550000 JavaThread "Reference Handler" daemon [_thread_blocked, id=66404, stack(0x0000000015da0000,0x0000000015ea0000)]
  0x0000000002460800 JavaThread "main" [_thread_in_vm, id=66408, stack(0x0000000002360000,0x0000000002460000)]

Other Threads:
  0x0000000014bf5800 VMThread [stack: 0x0000000015ca0000,0x0000000015da0000] [id=53412]
  0x0000000016308000 WatcherThread [stack: 0x00000000169a0000,0x0000000016aa0000] [id=66240]

VM state:not at safepoint (normal execution)

VM Mutex/Monitor currently owned by a thread: None

Heap:
 PSYoungGen      total 36864K, used 30914K [0x00000000eab00000, 0x00000000ed400000, 0x0000000100000000)
  eden space 31744K, 81% used [0x00000000eab00000,0x00000000ec4331f8,0x00000000eca00000)
  from space 5120K, 99% used [0x00000000eca00000,0x00000000ecefd7b0,0x00000000ecf00000)
  to   space 5120K, 0% used [0x00000000ecf00000,0x00000000ecf00000,0x00000000ed400000)
 ParOldGen       total 84992K, used 1249K [0x00000000c0000000, 0x00000000c5300000, 0x00000000eab00000)
  object space 84992K, 1% used [0x00000000c0000000,0x00000000c0138540,0x00000000c5300000)
 Metaspace       used 6074K, capacity 7024K, committed 7296K, reserved 1056768K
  class space    used 574K, capacity 616K, committed 640K, reserved 1048576K

Card table byte_map: [0x0000000011920000,0x0000000011b30000] byte_map_base: 0x0000000011320000

Marking Bits: (ParMarkBitMap*) 0x0000000076459d00
 Begin Bits: [0x0000000012090000, 0x0000000013090000)
 End Bits:   [0x0000000013090000, 0x0000000014090000)

Polling page: 0x0000000000520000

CodeCache: size=245760Kb used=5435Kb max_used=5435Kb free=240324Kb
 bounds [0x0000000002560000, 0x0000000002ac0000, 0x0000000011560000]
 total_blobs=1676 nmethods=1406 adapters=184
 compilation: enabled

Compilation events (10 events):
Event: 2.340 Thread 0x00000000162f5000 1416       2       java.util.HashMap$HashIterator::nextNode (100 bytes)
Event: 2.341 Thread 0x00000000162f5000 nmethod 1416 0x0000000002ab1690 code [0x0000000002ab1820, 0x0000000002ab1b98]
Event: 2.341 Thread 0x00000000162f5000 1417       2       java.lang.Character::forDigit (42 bytes)
Event: 2.342 Thread 0x00000000162f5000 nmethod 1417 0x0000000002ab1dd0 code [0x0000000002ab1f20, 0x0000000002ab20d0]
Event: 2.343 Thread 0x00000000162f5000 1418       2       com.android.dx.rop.type.Type::getInitializedType (42 bytes)
Event: 2.344 Thread 0x00000000162f5000 nmethod 1418 0x0000000002ab2150 code [0x0000000002ab22e0, 0x0000000002ab26b8]
Event: 2.345 Thread 0x00000000162f5000 1419       2       com.android.dx.ssa.back.FirstFitLocalCombiningAllocator$Multiset::getAndRemoveHighestCount (63 bytes)
Event: 2.345 Thread 0x00000000162f5000 nmethod 1419 0x0000000002ab28d0 code [0x0000000002ab2a40, 0x0000000002ab2c90]
Event: 2.349 Thread 0x00000000162f5000 1421       2       com.android.dx.cf.attrib.RawAttribute::byteLength (11 bytes)
Event: 2.350 Thread 0x00000000162f5000 nmethod 1421 0x0000000002ab3290 code [0x0000000002ab33e0, 0x0000000002ab3530]

GC Heap History (2 events):
Event: 1.977 GC heap before
{Heap before GC invocations=1 (full 0):
 PSYoungGen      total 36864K, used 31744K [0x00000000eab00000, 0x00000000ed400000, 0x0000000100000000)
  eden space 31744K, 100% used [0x00000000eab00000,0x00000000eca00000,0x00000000eca00000)
  from space 5120K, 0% used [0x00000000ecf00000,0x00000000ecf00000,0x00000000ed400000)
  to   space 5120K, 0% used [0x00000000eca00000,0x00000000eca00000,0x00000000ecf00000)
 ParOldGen       total 84992K, used 0K [0x00000000c0000000, 0x00000000c5300000, 0x00000000eab00000)
  object space 84992K, 0% used [0x00000000c0000000,0x00000000c0000000,0x00000000c5300000)
 Metaspace       used 5898K, capacity 6832K, committed 7040K, reserved 1056768K
  class space    used 572K, capacity 616K, committed 640K, reserved 1048576K
Event: 2.011 GC heap after
Heap after GC invocations=1 (full 0):
 PSYoungGen      total 36864K, used 5109K [0x00000000eab00000, 0x00000000ed400000, 0x0000000100000000)
  eden space 31744K, 0% used [0x00000000eab00000,0x00000000eab00000,0x00000000eca00000)
  from space 5120K, 99% used [0x00000000eca00000,0x00000000ecefd7b0,0x00000000ecf00000)
  to   space 5120K, 0% used [0x00000000ecf00000,0x00000000ecf00000,0x00000000ed400000)
 ParOldGen       total 84992K, used 1249K [0x00000000c0000000, 0x00000000c5300000, 0x00000000eab00000)
  object space 84992K, 1% used [0x00000000c0000000,0x00000000c0138540,0x00000000c5300000)
 Metaspace       used 5898K, capacity 6832K, committed 7040K, reserved 1056768K
  class space    used 572K, capacity 616K, committed 640K, reserved 1048576K
}

Deoptimization events (10 events):
Event: 1.478 Thread 0x0000000016542000 Uncommon trap: reason=class_check action=maybe_recompile pc=0x00000000027d86f0 method=com.android.dx.ssa.NormalSsaInsn.accept(Lcom/android/dx/ssa/SsaInsn$Visitor;)V @ 9
Event: 1.548 Thread 0x0000000002460800 Uncommon trap: reason=class_check action=maybe_recompile pc=0x000000000285c84c method=com.android.dx.ssa.NormalSsaInsn.accept(Lcom/android/dx/ssa/SsaInsn$Visitor;)V @ 9
Event: 1.548 Thread 0x0000000002460800 Uncommon trap: reason=class_check action=maybe_recompile pc=0x000000000285c84c method=com.android.dx.ssa.NormalSsaInsn.accept(Lcom/android/dx/ssa/SsaInsn$Visitor;)V @ 9
Event: 1.549 Thread 0x0000000002460800 Uncommon trap: reason=class_check action=maybe_recompile pc=0x00000000027d86f0 method=com.android.dx.ssa.NormalSsaInsn.accept(Lcom/android/dx/ssa/SsaInsn$Visitor;)V @ 9
Event: 2.025 Thread 0x0000000002460800 Uncommon trap: reason=bimorphic action=maybe_recompile pc=0x00000000029057c4 method=java.util.HashMap.putVal(ILjava/lang/Object;Ljava/lang/Object;ZZ)Ljava/lang/Object; @ 203
Event: 2.026 Thread 0x0000000002460800 Uncommon trap: reason=unstable_if action=reinterpret pc=0x00000000029dd400 method=com.android.dx.rop.code.DexTranslationAdvice.requiresSourcesInOrder(Lcom/android/dx/rop/code/Rop;Lcom/android/dx/rop/code/RegisterSpecList;)Z @ 21
Event: 2.125 Thread 0x0000000016542000 Uncommon trap: reason=bimorphic action=maybe_recompile pc=0x00000000029057c4 method=java.util.HashMap.putVal(ILjava/lang/Object;Ljava/lang/Object;ZZ)Ljava/lang/Object; @ 203
Event: 2.126 Thread 0x0000000002460800 Uncommon trap: reason=unstable_if action=reinterpret pc=0x0000000002849e3c method=com.android.dx.rop.code.RegisterSpec.equals(ILcom/android/dx/rop/type/TypeBearer;Lcom/android/dx/rop/code/LocalItem;)Z @ 42
Event: 2.147 Thread 0x0000000002460800 Uncommon trap: reason=unstable_if action=reinterpret pc=0x0000000002906f7c method=com.android.dx.util.IntList.binarysearch(I)I @ 105
Event: 2.274 Thread 0x0000000016542000 Uncommon trap: reason=bimorphic action=maybe_recompile pc=0x0000000002902720 method=java.util.HashMap.putVal(ILjava/lang/Object;Ljava/lang/Object;ZZ)Ljava/lang/Object; @ 203

Internal exceptions (3 events):
Event: 0.189 Thread 0x0000000002460800 Exception <a 'java/lang/NoSuchMethodError': Method sun.misc.Unsafe.defineClass(Ljava/lang/String;[BII)Ljava/lang/Class; name or signature does not match> (0x00000000eab07cc0) thrown at [C:\src\android\AOSP-openjdk\external\jetbrains\jdk\hotspot\src\share\vÅL%°B»?
Event: 0.190 Thread 0x0000000002460800 Exception <a 'java/lang/NoSuchMethodError': Method sun.misc.Unsafe.prefetchRead(Ljava/lang/Object;J)V name or signature does not match> (0x00000000eab07fa8) thrown at [C:\src\android\AOSP-openjdk\external\jetbrains\jdk\hotspot\src\share\vm\prims\jni.cpp, lYa=®˜?
Event: 1.438 Thread 0x0000000016456800 Implicit null exception at 0x0000000002827189 to 0x000000000282a0c1

Events (10 events):
Event: 2.125 Thread 0x0000000016542000 DEOPT UNPACKING pc=0x00000000025a556a sp=0x0000000016e9e7e8 mode 2
Event: 2.126 Thread 0x0000000002460800 Uncommon trap: trap_request=0xffffff65 fr.pc=0x0000000002849e3c
Event: 2.126 Thread 0x0000000002460800 DEOPT PACKING pc=0x0000000002849e3c sp=0x000000000245e4d0
Event: 2.126 Thread 0x0000000002460800 DEOPT UNPACKING pc=0x00000000025a556a sp=0x000000000245e458 mode 2
Event: 2.147 Thread 0x0000000002460800 Uncommon trap: trap_request=0xffffff65 fr.pc=0x0000000002906f7c
Event: 2.147 Thread 0x0000000002460800 DEOPT PACKING pc=0x0000000002906f7c sp=0x000000000245e4c0
Event: 2.147 Thread 0x0000000002460800 DEOPT UNPACKING pc=0x00000000025a556a sp=0x000000000245e438 mode 2
Event: 2.274 Thread 0x0000000016542000 Uncommon trap: trap_request=0xffffffc6 fr.pc=0x0000000002902720
Event: 2.274 Thread 0x0000000016542000 DEOPT PACKING pc=0x0000000002902720 sp=0x0000000016e9e7e0
Event: 2.274 Thread 0x0000000016542000 DEOPT UNPACKING pc=0x00000000025a556a sp=0x0000000016e9e768 mode 2


Dynamic libraries:
0x00007ff6beda0000 - 0x00007ff6bedd5000 	E:\Android\android-studio-ide-145.2915834-windows\jre\bin\java.exe
0x00007ffc71010000 - 0x00007ffc711d1000 	C:\Windows\SYSTEM32\ntdll.dll
0x00007ffc70e50000 - 0x00007ffc70efd000 	C:\Windows\system32\KERNEL32.DLL
0x00007ffc6da90000 - 0x00007ffc6dc78000 	C:\Windows\system32\KERNELBASE.dll
0x00007ffc6eb70000 - 0x00007ffc6ec17000 	C:\Windows\system32\ADVAPI32.dll
0x00007ffc70f00000 - 0x00007ffc70f9d000 	C:\Windows\system32\msvcrt.dll
0x00007ffc6eb10000 - 0x00007ffc6eb6b000 	C:\Windows\system32\sechost.dll
0x00007ffc6ec80000 - 0x00007ffc6ed9c000 	C:\Windows\system32\RPCRT4.dll
0x00007ffc6f0f0000 - 0x00007ffc6f246000 	C:\Windows\system32\USER32.dll
0x00007ffc70960000 - 0x00007ffc70ae6000 	C:\Windows\system32\GDI32.dll
0x00007ffc5ff30000 - 0x00007ffc601a4000 	C:\Windows\WinSxS\amd64_microsoft.windows.common-controls_6595b64144ccf1df_6.0.10586.0_none_8c15ae12515e1c22\COMCTL32.dll
0x00007ffc6eda0000 - 0x00007ffc6f01d000 	C:\Windows\system32\combase.dll
0x00007ffc6d9a0000 - 0x00007ffc6da0a000 	C:\Windows\system32\bcryptPrimitives.dll
0x00007ffc6ec20000 - 0x00007ffc6ec5b000 	C:\Windows\system32\IMM32.DLL
0x0000000075bc0000 - 0x0000000075c92000 	E:\Android\android-studio-ide-145.2915834-windows\jre\jre\bin\msvcr100.dll
0x0000000075ca0000 - 0x00000000764d4000 	E:\Android\android-studio-ide-145.2915834-windows\jre\jre\bin\server\jvm.dll
0x00007ffc70c70000 - 0x00007ffc70c78000 	C:\Windows\system32\PSAPI.DLL
0x00007ffc6bc20000 - 0x00007ffc6bc29000 	C:\Windows\SYSTEM32\WSOCK32.dll
0x00007ffc70af0000 - 0x00007ffc70b5b000 	C:\Windows\system32\WS2_32.dll
0x00007ffc6b5f0000 - 0x00007ffc6b613000 	C:\Windows\SYSTEM32\WINMM.dll
0x00007ffc62e40000 - 0x00007ffc62e4a000 	C:\Windows\SYSTEM32\VERSION.dll
0x00007ffc6b590000 - 0x00007ffc6b5bc000 	C:\Windows\SYSTEM32\WINMMBASE.dll
0x00007ffc6d780000 - 0x00007ffc6d7c3000 	C:\Windows\system32\cfgmgr32.dll
0x00007ffc6bc10000 - 0x00007ffc6bc1f000 	E:\Android\android-studio-ide-145.2915834-windows\jre\jre\bin\verify.dll
0x00007ffc68150000 - 0x00007ffc68179000 	E:\Android\android-studio-ide-145.2915834-windows\jre\jre\bin\java.dll
0x00007ffc6bbd0000 - 0x00007ffc6bbe6000 	E:\Android\android-studio-ide-145.2915834-windows\jre\jre\bin\zip.dll
0x00007ffc6f400000 - 0x00007ffc7095c000 	C:\Windows\system32\SHELL32.dll
0x00007ffc6ddc0000 - 0x00007ffc6e405000 	C:\Windows\system32\windows.storage.dll
0x00007ffc70c80000 - 0x00007ffc70cd2000 	C:\Windows\system32\shlwapi.dll
0x00007ffc6d660000 - 0x00007ffc6d66f000 	C:\Windows\system32\kernel.appcore.dll
0x00007ffc6d6c0000 - 0x00007ffc6d775000 	C:\Windows\system32\shcore.dll
0x00007ffc6d670000 - 0x00007ffc6d6bb000 	C:\Windows\system32\powrprof.dll
0x00007ffc6d630000 - 0x00007ffc6d644000 	C:\Windows\system32\profapi.dll

VM Arguments:
jvm_args: -Djava.awt.headless=true -Xmx1024M -Dfile.encoding=GBK -Duser.country=CN -Duser.language=zh -Duser.variant 
java_command: com.android.dx.command.Main --dex --num-threads=4 --output E:\Teapopo\app\build\intermediates\pre-dexed\debug\library-2.4.0_5cc62dc586a02d49b3e8d5d0485f29cee3c3d2bb.jar C:\Users\lhq\.gradle\caches\modules-2\files-2.1\com.nineoldandroids\library\2.4.0\e9b63380f3a242dbdbf103a2355ad7e43bad17cb\library-2.4.0.jar
java_class_path (initial): C:\Users\lhq\AppData\Local\Android\sdk\build-tools\23.0.3\lib\dx.jar
Launcher Type: SUN_STANDARD

Environment Variables:
JAVA_HOME=C:\Program Files\Java\jdk1.8.0_91
PATH=C:\ProgramData\Oracle\Java\javapath;C:\Windows\system32;C:\Windows;C:\Windows\System32\Wbem;C:\Windows\System32\WindowsPowerShell\v1.0\;C:\Users\lhq\AppData\Local\Android\sdk\platform-tools;C:\Users\lhq\AppData\Local\Android\sdk\tools;C:\Program Files\Java\jdk1.8.0_91\bin;C:\Program Files\Java\jdk1.8.0_91\jre\bin
USERNAME=lhq
OS=Windows_NT
PROCESSOR_IDENTIFIER=Intel64 Family 6 Model 69 Stepping 1, GenuineIntel



---------------  S Y S T E M  ---------------

OS: Windows 10.0 , 64 bit Build 10586 (10.0.10586.0)

CPU:total 4 (2 cores per cpu, 2 threads per core) family 6 model 69 stepping 1, cmov, cx8, fxsr, mmx, sse, sse2, sse3, ssse3, sse4.1, sse4.2, popcnt, avx, avx2, aes, clmul, erms, lzcnt, ht, tsc, tscinvbit, bmi1, bmi2

Memory: 4k page, physical 8067548k(1039864k free), swap 8067548k(5600k free)

vm_info: OpenJDK 64-Bit Server VM (25.76-b01) for windows-amd64 JRE (1.8.0_76-release-b01), built on May 12 2016 23:29:00 by "ralucas" with MS VC++ 10.0 (VS2010)

time: Mon Jul 04 16:19:05 2016
elapsed time: 2 seconds (0d 0h 0m 2s)

