#
# There is insufficient memory for the Java Runtime Environment to continue.
# Native memory allocation (malloc) failed to allocate 32784 bytes for Chunk::new
# Possible reasons:
#   The system is out of physical RAM or swap space
#   In 32 bit mode, the process size limit was hit
# Possible solutions:
#   Reduce memory load on the system
#   Increase physical memory or swap space
#   Check if swap backing store is full
#   Use 64 bit Java on a 64 bit OS
#   Decrease Java heap size (-Xmx/-Xms)
#   Decrease number of Java threads
#   Decrease Java thread stack sizes (-Xss)
#   Set larger code cache with -XX:ReservedCodeCacheSize=
# This output file may be truncated or incomplete.
#
#  Out of Memory Error (allocation.cpp:390), pid=65616, tid=0x000000000000f81c
#
# JRE version: OpenJDK Runtime Environment (8.0_76-b01) (build 1.8.0_76-release-b01)
# Java VM: OpenJDK 64-Bit Server VM (25.76-b01 mixed mode windows-amd64 compressed oops)
# Failed to write core dump. Minidumps are not enabled by default on client versions of Windows
#

---------------  T H R E A D  ---------------

Current thread (0x0000000016305800):  JavaThread "C2 CompilerThread1" daemon [_thread_in_native, id=63516, stack(0x00000000166b0000,0x00000000167b0000)]

Stack: [0x00000000166b0000,0x00000000167b0000]
[error occurred during error reporting (printing stack bounds), id 0xc0000005]

Native frames: (J=compiled Java code, j=interpreted, Vv=VM code, C=native code)


Current CompileTask:
C2:   2479  761   !   4       com.android.dx.rop.code.RegisterSpec::intern (70 bytes)


---------------  P R O C E S S  ---------------

Java Threads: ( => current thread )
  0x0000000016557000 JavaThread "pool-1-thread-4" [_thread_in_Java, id=65848, stack(0x0000000016eb0000,0x0000000016fb0000)]
  0x0000000016556000 JavaThread "pool-1-thread-3" [_thread_in_vm, id=64824, stack(0x0000000016db0000,0x0000000016eb0000)]
  0x0000000016555000 JavaThread "pool-1-thread-2" [_thread_in_Java, id=66200, stack(0x0000000016cb0000,0x0000000016db0000)]
  0x0000000016548800 JavaThread "pool-2-thread-1" [_thread_blocked, id=66412, stack(0x0000000016bb0000,0x0000000016cb0000)]
  0x0000000016547800 JavaThread "pool-1-thread-1" [_thread_in_Java, id=29412, stack(0x0000000016ab0000,0x0000000016bb0000)]
  0x000000001630e800 JavaThread "Service Thread" daemon [_thread_blocked, id=66496, stack(0x00000000168b0000,0x00000000169b0000)]
  0x0000000016309800 JavaThread "C1 CompilerThread2" daemon [_thread_in_native, id=66148, stack(0x00000000167b0000,0x00000000168b0000)]
=>0x0000000016305800 JavaThread "C2 CompilerThread1" daemon [_thread_in_native, id=63516, stack(0x00000000166b0000,0x00000000167b0000)]
  0x0000000014c98000 JavaThread "C2 CompilerThread0" daemon [_thread_in_native, id=64316, stack(0x00000000161b0000,0x00000000162b0000)]
  0x0000000014c4d800 JavaThread "Attach Listener" daemon [_thread_blocked, id=66404, stack(0x00000000160b0000,0x00000000161b0000)]
  0x0000000014c4c000 JavaThread "Signal Dispatcher" daemon [_thread_blocked, id=65596, stack(0x0000000015fb0000,0x00000000160b0000)]
  0x0000000014c28800 JavaThread "Finalizer" daemon [_thread_blocked, id=66252, stack(0x0000000015eb0000,0x0000000015fb0000)]
  0x0000000002560000 JavaThread "Reference Handler" daemon [_thread_blocked, id=66268, stack(0x0000000015db0000,0x0000000015eb0000)]
  0x0000000002470800 JavaThread "main" [_thread_in_Java, id=64952, stack(0x0000000002370000,0x0000000002470000)]

Other Threads:
  0x0000000014c05800 VMThread [stack: 0x0000000015cb0000,0x0000000015db0000] [id=60580]
  0x0000000016311000 WatcherThread [stack: 0x00000000169b0000,0x0000000016ab0000] [id=66084]

VM state:not at safepoint (normal execution)

VM Mutex/Monitor currently owned by a thread: None

Heap:
 PSYoungGen      total 36864K, used 16174K [0x00000000eab00000, 0x00000000ed400000, 0x0000000100000000)
  eden space 31744K, 50% used [0x00000000eab00000,0x00000000ebacb830,0x00000000eca00000)
  from space 5120K, 0% used [0x00000000ecf00000,0x00000000ecf00000,0x00000000ed400000)
  to   space 5120K, 0% used [0x00000000eca00000,0x00000000eca00000,0x00000000ecf00000)
 ParOldGen       total 84992K, used 0K [0x00000000c0000000, 0x00000000c5300000, 0x00000000eab00000)
  object space 84992K, 0% used [0x00000000c0000000,0x00000000c0000000,0x00000000c5300000)
 Metaspace       used 5697K, capacity 6704K, committed 6784K, reserved 1056768K
  class space    used 571K, capacity 616K, committed 640K, reserved 1048576K

Card table byte_map: [0x0000000011930000,0x0000000011b40000] byte_map_base: 0x0000000011330000

Marking Bits: (ParMarkBitMap*) 0x0000000076459d00
 Begin Bits: [0x00000000120a0000, 0x00000000130a0000)
 End Bits:   [0x00000000130a0000, 0x00000000140a0000)

Polling page: 0x0000000002290000

CodeCache: size=245760Kb used=2867Kb max_used=2878Kb free=242892Kb
 bounds [0x0000000002570000, 0x0000000002850000, 0x0000000011570000]
 total_blobs=1008 nmethods=738 adapters=184
 compilation: enabled

Compilation events (10 events):
Event: 2.464 Thread 0x0000000014c98000  754       4       com.android.dx.rop.code.RegisterSpec::equals (51 bytes)
Event: 2.465 Thread 0x0000000016305800  756   !   4       com.android.dx.util.FixedSizeList::set0 (22 bytes)
Event: 2.466 Thread 0x0000000016305800 nmethod 756 0x0000000002837b90 code [0x0000000002837ce0, 0x0000000002837df8]
Event: 2.467 Thread 0x0000000014c98000 nmethod 754 0x000000000283ff50 code [0x00000000028400a0, 0x0000000002840438]
Event: 2.470 Thread 0x0000000016305800  761   !   4       com.android.dx.rop.code.RegisterSpec::intern (70 bytes)
Event: 2.471 Thread 0x0000000014c98000  762       4       com.android.dx.rop.type.Type::equals (31 bytes)
Event: 2.472 Thread 0x0000000014c98000 nmethod 762 0x00000000028394d0 code [0x0000000002839620, 0x00000000028397b8]
Event: 2.474 Thread 0x0000000014c98000  763       4       com.android.dx.util.LabeledList::indexOfLabel (22 bytes)
Event: 2.475 Thread 0x0000000014c98000 nmethod 763 0x000000000283c710 code [0x000000000283c860, 0x000000000283c918]
Event: 2.475 Thread 0x0000000014c98000  764  s    4       java.util.Vector::elementAt (48 bytes)

GC Heap History (0 events):
No events

Deoptimization events (2 events):
Event: 1.077 Thread 0x0000000002470800 Uncommon trap: reason=unstable_if action=reinterpret pc=0x00000000026b2814 method=java.lang.String.indexOf(II)I @ 49
Event: 2.384 Thread 0x0000000016547800 Uncommon trap: reason=unstable_if action=reinterpret pc=0x00000000027b5d74 method=java.util.BitSet.ensureCapacity(I)V @ 6

Internal exceptions (2 events):
Event: 0.401 Thread 0x0000000002470800 Exception <a 'java/lang/NoSuchMethodError': Method sun.misc.Unsafe.defineClass(Ljava/lang/String;[BII)Ljava/lang/Class; name or signature does not match> (0x00000000eab07cc0) thrown at [C:\src\android\AOSP-openjdk\external\jetbrains\jdk\hotspot\src\share\væSV),³Ù?
Event: 0.402 Thread 0x0000000002470800 Exception <a 'java/lang/NoSuchMethodError': Method sun.misc.Unsafe.prefetchRead(Ljava/lang/Object;J)V name or signature does not match> (0x00000000eab07fa8) thrown at [C:\src\android\AOSP-openjdk\external\jetbrains\jdk\hotspot\src\share\vm\prims\jni.cpp, l

Events (10 events):
Event: 2.307 loading class com/android/dx/ssa/back/FirstFitLocalCombiningAllocator$Multiset done
Event: 2.310 loading class java/util/DualPivotQuicksort
Event: 2.310 loading class java/util/DualPivotQuicksort done
Event: 2.375 loading class com/android/dx/cf/attrib/AttConstantValue
Event: 2.375 loading class com/android/dx/cf/attrib/AttConstantValue done
Event: 2.383 Thread 0x0000000016547800 Uncommon trap: trap_request=0xffffff65 fr.pc=0x00000000027b5d74
Event: 2.384 Thread 0x0000000016547800 DEOPT PACKING pc=0x00000000027b5d74 sp=0x0000000016baebc0
Event: 2.384 Thread 0x0000000016547800 DEOPT UNPACKING pc=0x00000000025b556a sp=0x0000000016baeaa8 mode 2
Event: 2.454 loading class java/util/ArrayList$1
Event: 2.454 loading class java/util/ArrayList$1 done


Dynamic libraries:
0x00007ff6beda0000 - 0x00007ff6bedd5000 	E:\Android\android-studio-ide-145.2915834-windows\jre\bin\java.exe
0x00007ffc71010000 - 0x00007ffc711d1000 	C:\Windows\SYSTEM32\ntdll.dll
0x00007ffc70e50000 - 0x00007ffc70efd000 	C:\Windows\system32\KERNEL32.DLL
0x00007ffc6da90000 - 0x00007ffc6dc78000 	C:\Windows\system32\KERNELBASE.dll
0x00007ffc6eb70000 - 0x00007ffc6ec17000 	C:\Windows\system32\ADVAPI32.dll
0x00007ffc70f00000 - 0x00007ffc70f9d000 	C:\Windows\system32\msvcrt.dll
0x00007ffc6eb10000 - 0x00007ffc6eb6b000 	C:\Windows\system32\sechost.dll
0x00007ffc6ec80000 - 0x00007ffc6ed9c000 	C:\Windows\system32\RPCRT4.dll
0x00007ffc6f0f0000 - 0x00007ffc6f246000 	C:\Windows\system32\USER32.dll
0x00007ffc70960000 - 0x00007ffc70ae6000 	C:\Windows\system32\GDI32.dll
0x00007ffc5ff30000 - 0x00007ffc601a4000 	C:\Windows\WinSxS\amd64_microsoft.windows.common-controls_6595b64144ccf1df_6.0.10586.0_none_8c15ae12515e1c22\COMCTL32.dll
0x00007ffc6eda0000 - 0x00007ffc6f01d000 	C:\Windows\system32\combase.dll
0x00007ffc6d9a0000 - 0x00007ffc6da0a000 	C:\Windows\system32\bcryptPrimitives.dll
0x00007ffc6ec20000 - 0x00007ffc6ec5b000 	C:\Windows\system32\IMM32.DLL
0x0000000075bc0000 - 0x0000000075c92000 	E:\Android\android-studio-ide-145.2915834-windows\jre\jre\bin\msvcr100.dll
0x0000000075ca0000 - 0x00000000764d4000 	E:\Android\android-studio-ide-145.2915834-windows\jre\jre\bin\server\jvm.dll
0x00007ffc70c70000 - 0x00007ffc70c78000 	C:\Windows\system32\PSAPI.DLL
0x00007ffc6bc20000 - 0x00007ffc6bc29000 	C:\Windows\SYSTEM32\WSOCK32.dll
0x00007ffc70af0000 - 0x00007ffc70b5b000 	C:\Windows\system32\WS2_32.dll
0x00007ffc6b5f0000 - 0x00007ffc6b613000 	C:\Windows\SYSTEM32\WINMM.dll
0x00007ffc62e40000 - 0x00007ffc62e4a000 	C:\Windows\SYSTEM32\VERSION.dll
0x00007ffc6b590000 - 0x00007ffc6b5bc000 	C:\Windows\SYSTEM32\WINMMBASE.dll
0x00007ffc6d780000 - 0x00007ffc6d7c3000 	C:\Windows\system32\cfgmgr32.dll
0x00007ffc6bc10000 - 0x00007ffc6bc1f000 	E:\Android\android-studio-ide-145.2915834-windows\jre\jre\bin\verify.dll
0x00007ffc68150000 - 0x00007ffc68179000 	E:\Android\android-studio-ide-145.2915834-windows\jre\jre\bin\java.dll
0x00007ffc6bbd0000 - 0x00007ffc6bbe6000 	E:\Android\android-studio-ide-145.2915834-windows\jre\jre\bin\zip.dll
0x00007ffc6f400000 - 0x00007ffc7095c000 	C:\Windows\system32\SHELL32.dll
0x00007ffc6ddc0000 - 0x00007ffc6e405000 	C:\Windows\system32\windows.storage.dll
0x00007ffc70c80000 - 0x00007ffc70cd2000 	C:\Windows\system32\shlwapi.dll
0x00007ffc6d660000 - 0x00007ffc6d66f000 	C:\Windows\system32\kernel.appcore.dll
0x00007ffc6d6c0000 - 0x00007ffc6d775000 	C:\Windows\system32\shcore.dll
0x00007ffc6d670000 - 0x00007ffc6d6bb000 	C:\Windows\system32\powrprof.dll
0x00007ffc6d630000 - 0x00007ffc6d644000 	C:\Windows\system32\profapi.dll

VM Arguments:
jvm_args: -Djava.awt.headless=true -Xmx1024M -Dfile.encoding=GBK -Duser.country=CN -Duser.language=zh -Duser.variant 
java_command: com.android.dx.command.Main --dex --num-threads=4 --output E:\Teapopo\app\build\intermediates\pre-dexed\debug\ShareSDK-SinaWeibo-2.7.1_3c66a4f923b4d74b0122d47f407843abfd9ce61b.jar E:\Teapopo\app\libs\ShareSDK-SinaWeibo-2.7.1.jar
java_class_path (initial): C:\Users\lhq\AppData\Local\Android\sdk\build-tools\23.0.3\lib\dx.jar
Launcher Type: SUN_STANDARD

Environment Variables:
JAVA_HOME=C:\Program Files\Java\jdk1.8.0_91
PATH=C:\ProgramData\Oracle\Java\javapath;C:\Windows\system32;C:\Windows;C:\Windows\System32\Wbem;C:\Windows\System32\WindowsPowerShell\v1.0\;C:\Users\lhq\AppData\Local\Android\sdk\platform-tools;C:\Users\lhq\AppData\Local\Android\sdk\tools;C:\Program Files\Java\jdk1.8.0_91\bin;C:\Program Files\Java\jdk1.8.0_91\jre\bin
USERNAME=lhq
OS=Windows_NT
PROCESSOR_IDENTIFIER=Intel64 Family 6 Model 69 Stepping 1, GenuineIntel



---------------  S Y S T E M  ---------------

OS: Windows 10.0 , 64 bit Build 10586 (10.0.10586.0)

CPU:total 4 (2 cores per cpu, 2 threads per core) family 6 model 69 stepping 1, cmov, cx8, fxsr, mmx, sse, sse2, sse3, ssse3, sse4.1, sse4.2, popcnt, avx, avx2, aes, clmul, erms, lzcnt, ht, tsc, tscinvbit, bmi1, bmi2

Memory: 4k page, physical 8067548k(1023004k free), swap 8067548k(5136k free)

vm_info: OpenJDK 64-Bit Server VM (25.76-b01) for windows-amd64 JRE (1.8.0_76-release-b01), built on May 12 2016 23:29:00 by "ralucas" with MS VC++ 10.0 (VS2010)

time: Mon Jul 04 16:19:15 2016
elapsed time: 2 seconds (0d 0h 0m 2s)

