#
# There is insufficient memory for the Java Runtime Environment to continue.
# Native memory allocation (malloc) failed to allocate 32744 bytes for ChunkPool::allocate
# Possible reasons:
#   The system is out of physical RAM or swap space
#   In 32 bit mode, the process size limit was hit
# Possible solutions:
#   Reduce memory load on the system
#   Increase physical memory or swap space
#   Check if swap backing store is full
#   Use 64 bit Java on a 64 bit OS
#   Decrease Java heap size (-Xmx/-Xms)
#   Decrease number of Java threads
#   Decrease Java thread stack sizes (-Xss)
#   Set larger code cache with -XX:ReservedCodeCacheSize=
# This output file may be truncated or incomplete.
#
#  Out of Memory Error (allocation.cpp:273), pid=164904, tid=0x000000000002870c
#
# JRE version: OpenJDK Runtime Environment (8.0_76-b01) (build 1.8.0_76-release-b01)
# Java VM: OpenJDK 64-Bit Server VM (25.76-b01 mixed mode windows-amd64 compressed oops)
# Failed to write core dump. Minidumps are not enabled by default on client versions of Windows
#

---------------  T H R E A D  ---------------

Current thread (0x0000000014e5d800):  JavaThread "C2 CompilerThread0" daemon [_thread_in_native, id=165644, stack(0x00000000163a0000,0x00000000164a0000)]

Stack: [0x00000000163a0000,0x00000000164a0000]
[error occurred during error reporting (printing stack bounds), id 0xc0000005]

Native frames: (J=compiled Java code, j=interpreted, Vv=VM code, C=native code)


Current CompileTask:
C2:   2528 1838   !   4       com.android.dx.cf.cst.ConstantPoolParser::parse0 (731 bytes)


---------------  P R O C E S S  ---------------

Java Threads: ( => current thread )
  0x00000000167f4800 JavaThread "pool-1-thread-4" [_thread_in_Java, id=165156, stack(0x00000000170a0000,0x00000000171a0000)]
  0x00000000167f4000 JavaThread "pool-1-thread-3" [_thread_blocked, id=162552, stack(0x0000000016fa0000,0x00000000170a0000)]
  0x0000000016774000 JavaThread "pool-1-thread-2" [_thread_blocked, id=165660, stack(0x0000000016ea0000,0x0000000016fa0000)]
  0x0000000016773800 JavaThread "pool-2-thread-1" [_thread_blocked, id=164384, stack(0x0000000016da0000,0x0000000016ea0000)]
  0x00000000167ee000 JavaThread "pool-1-thread-1" [_thread_blocked, id=157720, stack(0x0000000016ca0000,0x0000000016da0000)]
  0x00000000165b0800 JavaThread "Service Thread" daemon [_thread_blocked, id=163616, stack(0x0000000016aa0000,0x0000000016ba0000)]
  0x0000000014ead800 JavaThread "C1 CompilerThread2" daemon [_thread_blocked, id=165140, stack(0x00000000169a0000,0x0000000016aa0000)]
  0x0000000014eaa800 JavaThread "C2 CompilerThread1" daemon [_thread_in_native, id=165880, stack(0x00000000164a0000,0x00000000165a0000)]
=>0x0000000014e5d800 JavaThread "C2 CompilerThread0" daemon [_thread_in_native, id=165644, stack(0x00000000163a0000,0x00000000164a0000)]
  0x0000000014e5c000 JavaThread "Attach Listener" daemon [_thread_blocked, id=165120, stack(0x00000000162a0000,0x00000000163a0000)]
  0x0000000014e5b000 JavaThread "Signal Dispatcher" daemon [_thread_blocked, id=160280, stack(0x00000000161a0000,0x00000000162a0000)]
  0x0000000014e38000 JavaThread "Finalizer" daemon [_thread_blocked, id=165572, stack(0x00000000160a0000,0x00000000161a0000)]
  0x0000000002690000 JavaThread "Reference Handler" daemon [_thread_blocked, id=161560, stack(0x0000000015fa0000,0x00000000160a0000)]
  0x00000000025a0800 JavaThread "main" [_thread_in_Java, id=160968, stack(0x0000000002100000,0x0000000002200000)]

Other Threads:
  0x0000000014e15800 VMThread [stack: 0x0000000015ea0000,0x0000000015fa0000] [id=165672]
  0x00000000165b2800 WatcherThread [stack: 0x0000000016ba0000,0x0000000016ca0000] [id=157304]

VM state:not at safepoint (normal execution)

VM Mutex/Monitor currently owned by a thread: None

Heap:
 PSYoungGen      total 68608K, used 13372K [0x00000000eab00000, 0x00000000ef300000, 0x0000000100000000)
  eden space 63488K, 13% used [0x00000000eab00000,0x00000000eb315a28,0x00000000ee900000)
  from space 5120K, 99% used [0x00000000eee00000,0x00000000ef2f96a8,0x00000000ef300000)
  to   space 5120K, 0% used [0x00000000ee900000,0x00000000ee900000,0x00000000eee00000)
 ParOldGen       total 84992K, used 27199K [0x00000000c0000000, 0x00000000c5300000, 0x00000000eab00000)
  object space 84992K, 32% used [0x00000000c0000000,0x00000000c1a8ff38,0x00000000c5300000)
 Metaspace       used 6212K, capacity 7216K, committed 7296K, reserved 1056768K
  class space    used 566K, capacity 616K, committed 640K, reserved 1048576K

Card table byte_map: [0x0000000011b40000,0x0000000011d50000] byte_map_base: 0x0000000011540000

Marking Bits: (ParMarkBitMap*) 0x000000005f499d00
 Begin Bits: [0x00000000122b0000, 0x00000000132b0000)
 End Bits:   [0x00000000132b0000, 0x00000000142b0000)

Polling page: 0x0000000000510000

CodeCache: size=245760Kb used=7528Kb max_used=7528Kb free=238231Kb
 bounds [0x0000000002780000, 0x0000000002ef0000, 0x0000000011780000]
 total_blobs=2126 nmethods=1862 adapters=177
 compilation: enabled

Compilation events (10 events):
Event: 2.496 Thread 0x0000000014ead800 1894       2       java.util.BitSet::trimToSize (32 bytes)
Event: 2.497 Thread 0x0000000014ead800 nmethod 1894 0x0000000002ed0810 code [0x0000000002ed0980, 0x0000000002ed0c58]
Event: 2.508 Thread 0x0000000014ead800 1895       2       java.util.concurrent.locks.AbstractQueuedSynchronizer::setHead (16 bytes)
Event: 2.508 Thread 0x0000000014ead800 nmethod 1895 0x0000000002ed0450 code [0x0000000002ed05a0, 0x0000000002ed0750]
Event: 2.510 Thread 0x0000000014ead800 1896       3       com.android.dx.dex.file.AnnotationUtils::makeSignature (251 bytes)
Event: 2.513 Thread 0x0000000014ead800 nmethod 1896 0x0000000002edc650 code [0x0000000002edcaa0, 0x0000000002edf508]
Event: 2.514 Thread 0x0000000014ead800 1897 % !   3       com.android.dx.cf.code.Ropper::doit @ 21 (126 bytes)
Event: 2.515 Thread 0x0000000014ead800 nmethod 1897% 0x0000000002ecde90 code [0x0000000002ece1a0, 0x0000000002ecf6d8]
Event: 2.521 Thread 0x0000000014ead800 1898       2       com.android.dx.cf.code.Ropper$CatchInfo::<init> (6 bytes)
Event: 2.521 Thread 0x0000000014ead800 nmethod 1898 0x0000000002ecda90 code [0x0000000002ecdbe0, 0x0000000002ecddb0]

GC Heap History (8 events):
Event: 0.996 GC heap before
{Heap before GC invocations=1 (full 0):
 PSYoungGen      total 36864K, used 31744K [0x00000000eab00000, 0x00000000ed400000, 0x0000000100000000)
  eden space 31744K, 100% used [0x00000000eab00000,0x00000000eca00000,0x00000000eca00000)
  from space 5120K, 0% used [0x00000000ecf00000,0x00000000ecf00000,0x00000000ed400000)
  to   space 5120K, 0% used [0x00000000eca00000,0x00000000eca00000,0x00000000ecf00000)
 ParOldGen       total 84992K, used 0K [0x00000000c0000000, 0x00000000c5300000, 0x00000000eab00000)
  object space 84992K, 0% used [0x00000000c0000000,0x00000000c0000000,0x00000000c5300000)
 Metaspace       used 5786K, capacity 6896K, committed 7040K, reserved 1056768K
  class space    used 553K, capacity 616K, committed 640K, reserved 1048576K
Event: 1.013 GC heap after
Heap after GC invocations=1 (full 0):
 PSYoungGen      total 36864K, used 5119K [0x00000000eab00000, 0x00000000ef300000, 0x0000000100000000)
  eden space 31744K, 0% used [0x00000000eab00000,0x00000000eab00000,0x00000000eca00000)
  from space 5120K, 99% used [0x00000000eca00000,0x00000000eceffd48,0x00000000ecf00000)
  to   space 5120K, 0% used [0x00000000eee00000,0x00000000eee00000,0x00000000ef300000)
 ParOldGen       total 84992K, used 4009K [0x00000000c0000000, 0x00000000c5300000, 0x00000000eab00000)
  object space 84992K, 4% used [0x00000000c0000000,0x00000000c03ea610,0x00000000c5300000)
 Metaspace       used 5786K, capacity 6896K, committed 7040K, reserved 1056768K
  class space    used 553K, capacity 616K, committed 640K, reserved 1048576K
}
Event: 1.404 GC heap before
{Heap before GC invocations=2 (full 0):
 PSYoungGen      total 36864K, used 36863K [0x00000000eab00000, 0x00000000ef300000, 0x0000000100000000)
  eden space 31744K, 100% used [0x00000000eab00000,0x00000000eca00000,0x00000000eca00000)
  from space 5120K, 99% used [0x00000000eca00000,0x00000000eceffd48,0x00000000ecf00000)
  to   space 5120K, 0% used [0x00000000eee00000,0x00000000eee00000,0x00000000ef300000)
 ParOldGen       total 84992K, used 4009K [0x00000000c0000000, 0x00000000c5300000, 0x00000000eab00000)
  object space 84992K, 4% used [0x00000000c0000000,0x00000000c03ea610,0x00000000c5300000)
 Metaspace       used 6055K, capacity 7088K, committed 7296K, reserved 1056768K
  class space    used 565K, capacity 616K, committed 640K, reserved 1048576K
Event: 1.437 GC heap after
Heap after GC invocations=2 (full 0):
 PSYoungGen      total 68608K, used 5100K [0x00000000eab00000, 0x00000000ef300000, 0x0000000100000000)
  eden space 63488K, 0% used [0x00000000eab00000,0x00000000eab00000,0x00000000ee900000)
  from space 5120K, 99% used [0x00000000eee00000,0x00000000ef2fb1e0,0x00000000ef300000)
  to   space 5120K, 0% used [0x00000000ee900000,0x00000000ee900000,0x00000000eee00000)
 ParOldGen       total 84992K, used 8805K [0x00000000c0000000, 0x00000000c5300000, 0x00000000eab00000)
  object space 84992K, 10% used [0x00000000c0000000,0x00000000c08997d0,0x00000000c5300000)
 Metaspace       used 6055K, capacity 7088K, committed 7296K, reserved 1056768K
  class space    used 565K, capacity 616K, committed 640K, reserved 1048576K
}
Event: 1.908 GC heap before
{Heap before GC invocations=3 (full 0):
 PSYoungGen      total 68608K, used 68588K [0x00000000eab00000, 0x00000000ef300000, 0x0000000100000000)
  eden space 63488K, 100% used [0x00000000eab00000,0x00000000ee900000,0x00000000ee900000)
  from space 5120K, 99% used [0x00000000eee00000,0x00000000ef2fb1e0,0x00000000ef300000)
  to   space 5120K, 0% used [0x00000000ee900000,0x00000000ee900000,0x00000000eee00000)
 ParOldGen       total 84992K, used 8805K [0x00000000c0000000, 0x00000000c5300000, 0x00000000eab00000)
  object space 84992K, 10% used [0x00000000c0000000,0x00000000c08997d0,0x00000000c5300000)
 Metaspace       used 6166K, capacity 7216K, committed 7296K, reserved 1056768K
  class space    used 565K, capacity 616K, committed 640K, reserved 1048576K
Event: 1.932 GC heap after
Heap after GC invocations=3 (full 0):
 PSYoungGen      total 68608K, used 5098K [0x00000000eab00000, 0x00000000ef300000, 0x0000000100000000)
  eden space 63488K, 0% used [0x00000000eab00000,0x00000000eab00000,0x00000000ee900000)
  from space 5120K, 99% used [0x00000000ee900000,0x00000000eedfabb0,0x00000000eee00000)
  to   space 5120K, 0% used [0x00000000eee00000,0x00000000eee00000,0x00000000ef300000)
 ParOldGen       total 84992K, used 17499K [0x00000000c0000000, 0x00000000c5300000, 0x00000000eab00000)
  object space 84992K, 20% used [0x00000000c0000000,0x00000000c1116e08,0x00000000c5300000)
 Metaspace       used 6166K, capacity 7216K, committed 7296K, reserved 1056768K
  class space    used 565K, capacity 616K, committed 640K, reserved 1048576K
}
Event: 2.456 GC heap before
{Heap before GC invocations=4 (full 0):
 PSYoungGen      total 68608K, used 68586K [0x00000000eab00000, 0x00000000ef300000, 0x0000000100000000)
  eden space 63488K, 100% used [0x00000000eab00000,0x00000000ee900000,0x00000000ee900000)
  from space 5120K, 99% used [0x00000000ee900000,0x00000000eedfabb0,0x00000000eee00000)
  to   space 5120K, 0% used [0x00000000eee00000,0x00000000eee00000,0x00000000ef300000)
 ParOldGen       total 84992K, used 17499K [0x00000000c0000000, 0x00000000c5300000, 0x00000000eab00000)
  object space 84992K, 20% used [0x00000000c0000000,0x00000000c1116e08,0x00000000c5300000)
 Metaspace       used 6211K, capacity 7216K, committed 7296K, reserved 1056768K
  class space    used 566K, capacity 616K, committed 640K, reserved 1048576K
Event: 2.493 GC heap after
Heap after GC invocations=4 (full 0):
 PSYoungGen      total 68608K, used 5093K [0x00000000eab00000, 0x00000000ef300000, 0x0000000100000000)
  eden space 63488K, 0% used [0x00000000eab00000,0x00000000eab00000,0x00000000ee900000)
  from space 5120K, 99% used [0x00000000eee00000,0x00000000ef2f96a8,0x00000000ef300000)
  to   space 5120K, 0% used [0x00000000ee900000,0x00000000ee900000,0x00000000eee00000)
 ParOldGen       total 84992K, used 27199K [0x00000000c0000000, 0x00000000c5300000, 0x00000000eab00000)
  object space 84992K, 32% used [0x00000000c0000000,0x00000000c1a8ff38,0x00000000c5300000)
 Metaspace       used 6211K, capacity 7216K, committed 7296K, reserved 1056768K
  class space    used 566K, capacity 616K, committed 640K, reserved 1048576K
}

Deoptimization events (10 events):
Event: 1.199 Thread 0x0000000016774000 Uncommon trap: reason=bimorphic action=maybe_recompile pc=0x0000000002a6519c method=java.util.HashMap.putVal(ILjava/lang/Object;Ljava/lang/Object;ZZ)Ljava/lang/Object; @ 91
Event: 1.203 Thread 0x0000000016774000 Uncommon trap: reason=bimorphic action=maybe_recompile pc=0x0000000002a6519c method=java.util.HashMap.putVal(ILjava/lang/Object;Ljava/lang/Object;ZZ)Ljava/lang/Object; @ 91
Event: 1.211 Thread 0x0000000016774000 Uncommon trap: reason=bimorphic action=maybe_recompile pc=0x0000000002a6519c method=java.util.HashMap.putVal(ILjava/lang/Object;Ljava/lang/Object;ZZ)Ljava/lang/Object; @ 91
Event: 1.238 Thread 0x00000000167f4800 Uncommon trap: reason=unstable_if action=reinterpret pc=0x0000000002d12e3c method=com.android.dx.ssa.SCCP.simulateStmt(Lcom/android/dx/ssa/SsaInsn;)V @ 53
Event: 1.242 Thread 0x00000000167f4000 Uncommon trap: reason=bimorphic action=maybe_recompile pc=0x0000000002a6519c method=java.util.HashMap.putVal(ILjava/lang/Object;Ljava/lang/Object;ZZ)Ljava/lang/Object; @ 91
Event: 1.486 Thread 0x00000000167ee000 Uncommon trap: reason=unstable_if action=reinterpret pc=0x0000000002c6245c method=com.android.dx.ssa.SsaMethod.updateOneDefinition(Lcom/android/dx/ssa/SsaInsn;Lcom/android/dx/rop/code/RegisterSpec;)V @ 4
Event: 2.019 Thread 0x00000000167f4800 Uncommon trap: reason=unstable_if action=reinterpret pc=0x0000000002e72168 method=com.android.dx.dex.cf.AttributeTranslator.getAnnotations0(Lcom/android/dx/cf/iface/AttributeList;)Lcom/android/dx/rop/annotation/Annotations; @ 29
Event: 2.023 Thread 0x00000000167f4000 Uncommon trap: reason=unstable_if action=reinterpret pc=0x0000000002e40aac method=com.android.dx.ssa.SsaRenamer$BlockRenamer.process()V @ 90
Event: 2.095 Thread 0x00000000167ee000 Uncommon trap: reason=unstable_if action=reinterpret pc=0x0000000002e7c0d0 method=com.android.dx.rop.code.RegisterSpec.equals(ILcom/android/dx/rop/type/TypeBearer;Lcom/android/dx/rop/code/LocalItem;)Z @ 42
Event: 2.112 Thread 0x00000000167f4000 Uncommon trap: reason=null_check action=make_not_entrant pc=0x0000000002c7e5a8 method=com.android.dx.rop.type.Type.equals(Ljava/lang/Object;)Z @ 8

Internal exceptions (4 events):
Event: 0.027 Thread 0x00000000025a0800 Exception <a 'java/lang/NoSuchMethodError': Method sun.misc.Unsafe.defineClass(Ljava/lang/String;[BII)Ljava/lang/Class; name or signature does not match> (0x00000000eab07cc0) thrown at [C:\src\android\AOSP-openjdk\external\jetbrains\jdk\hotspot\src\share\v§–œØøz›?
Event: 0.027 Thread 0x00000000025a0800 Exception <a 'java/lang/NoSuchMethodError': Method sun.misc.Unsafe.prefetchRead(Ljava/lang/Object;J)V name or signature does not match> (0x00000000eab07fa8) thrown at [C:\src\android\AOSP-openjdk\external\jetbrains\jdk\hotspot\src\share\vm\prims\jni.cpp, l*Ýõøñ?
Event: 1.123 Thread 0x0000000016774000 Implicit null exception at 0x0000000002b49389 to 0x0000000002b4b109
Event: 2.112 Thread 0x00000000167f4000 Implicit null exception at 0x0000000002c7e4a2 to 0x0000000002c7e59a

Events (10 events):
Event: 2.095 Thread 0x00000000167ee000 DEOPT UNPACKING pc=0x00000000027c556a sp=0x0000000016d9e3e8 mode 2
Event: 2.112 Thread 0x00000000167f4000 Uncommon trap: trap_request=0xfffffff4 fr.pc=0x0000000002c7e5a8
Event: 2.112 Thread 0x00000000167f4000 DEOPT PACKING pc=0x0000000002c7e5a8 sp=0x000000001709e190
Event: 2.112 Thread 0x00000000167f4000 DEOPT UNPACKING pc=0x00000000027c556a sp=0x000000001709e118 mode 2
Event: 2.248 Thread 0x0000000016774000 DEOPT PACKING pc=0x0000000002e70c16 sp=0x0000000016f9e900
Event: 2.248 Thread 0x0000000016774000 DEOPT UNPACKING pc=0x00000000027c75bf sp=0x0000000016f9e6a8 mode 0
Event: 2.455 Executing VM operation: ParallelGCFailedAllocation
Event: 2.493 Executing VM operation: ParallelGCFailedAllocation done
Event: 2.511 Thread 0x00000000167ee000 DEOPT PACKING pc=0x0000000002e459f2 sp=0x0000000016d9e6b0
Event: 2.511 Thread 0x00000000167ee000 DEOPT UNPACKING pc=0x00000000027c75bf sp=0x0000000016d9e4e0 mode 0


Dynamic libraries:
0x00007ff75f820000 - 0x00007ff75f855000 	E:\Android\android-studio-ide-145.2915834-windows\jre\bin\java.exe
0x00007ffecf410000 - 0x00007ffecf5d1000 	C:\Windows\SYSTEM32\ntdll.dll
0x00007ffecef70000 - 0x00007ffecf01d000 	C:\Windows\system32\KERNEL32.DLL
0x00007ffecc330000 - 0x00007ffecc518000 	C:\Windows\system32\KERNELBASE.dll
0x00007ffecc9e0000 - 0x00007ffecca87000 	C:\Windows\system32\ADVAPI32.dll
0x00007ffece4c0000 - 0x00007ffece55d000 	C:\Windows\system32\msvcrt.dll
0x00007ffeccd10000 - 0x00007ffeccd6b000 	C:\Windows\system32\sechost.dll
0x00007ffece730000 - 0x00007ffece84c000 	C:\Windows\system32\RPCRT4.dll
0x00007ffece920000 - 0x00007ffecea76000 	C:\Windows\system32\USER32.dll
0x00007ffeccd90000 - 0x00007ffeccf16000 	C:\Windows\system32\GDI32.dll
0x00007ffebe600000 - 0x00007ffebe874000 	C:\Windows\WinSxS\amd64_microsoft.windows.common-controls_6595b64144ccf1df_6.0.10586.0_none_8c15ae12515e1c22\COMCTL32.dll
0x00007ffecca90000 - 0x00007ffeccd0d000 	C:\Windows\system32\combase.dll
0x00007ffecc520000 - 0x00007ffecc58a000 	C:\Windows\system32\bcryptPrimitives.dll
0x00007ffeccf20000 - 0x00007ffeccf5b000 	C:\Windows\system32\IMM32.DLL
0x000000005fdc0000 - 0x000000005fe92000 	E:\Android\android-studio-ide-145.2915834-windows\jre\jre\bin\msvcr100.dll
0x000000005ece0000 - 0x000000005f514000 	E:\Android\android-studio-ide-145.2915834-windows\jre\jre\bin\server\jvm.dll
0x00007ffecf1d0000 - 0x00007ffecf1d8000 	C:\Windows\system32\PSAPI.DLL
0x00007ffec9d40000 - 0x00007ffec9d63000 	C:\Windows\SYSTEM32\WINMM.dll
0x00007ffec1700000 - 0x00007ffec170a000 	C:\Windows\SYSTEM32\VERSION.dll
0x00007ffeca010000 - 0x00007ffeca019000 	C:\Windows\SYSTEM32\WSOCK32.dll
0x00007ffece560000 - 0x00007ffece5cb000 	C:\Windows\system32\WS2_32.dll
0x00000000020d0000 - 0x00000000020fc000 	C:\Windows\SYSTEM32\WINMMBASE.dll
0x00007ffecbbd0000 - 0x00007ffecbc13000 	C:\Windows\system32\cfgmgr32.dll
0x00007ffeca000000 - 0x00007ffeca00f000 	E:\Android\android-studio-ide-145.2915834-windows\jre\jre\bin\verify.dll
0x00007ffec8e10000 - 0x00007ffec8e39000 	E:\Android\android-studio-ide-145.2915834-windows\jre\jre\bin\java.dll
0x00007ffec91d0000 - 0x00007ffec91e6000 	E:\Android\android-studio-ide-145.2915834-windows\jre\jre\bin\zip.dll
0x00007ffeccf60000 - 0x00007ffece4bc000 	C:\Windows\system32\SHELL32.dll
0x00007ffecbce0000 - 0x00007ffecc325000 	C:\Windows\system32\windows.storage.dll
0x00007ffecea80000 - 0x00007ffecead2000 	C:\Windows\system32\shlwapi.dll
0x00007ffecba90000 - 0x00007ffecba9f000 	C:\Windows\system32\kernel.appcore.dll
0x00007ffecbc20000 - 0x00007ffecbcd5000 	C:\Windows\system32\shcore.dll
0x00007ffecba30000 - 0x00007ffecba7b000 	C:\Windows\system32\powrprof.dll
0x00007ffecbaa0000 - 0x00007ffecbab4000 	C:\Windows\system32\profapi.dll

VM Arguments:
jvm_args: -Djava.awt.headless=true -Xmx1024M -Dfile.encoding=GBK -Duser.country=CN -Duser.language=zh -Duser.variant 
java_command: com.android.dx.command.Main --dex --num-threads=4 --output E:\Teapopo\app\build\intermediates\pre-dexed\debug\debug_a522b71e7afbff9183502dd320454d14b0b13bcb.jar E:\Teapopo\app\build\intermediates\classes\debug
java_class_path (initial): C:\Users\lhq\AppData\Local\Android\sdk\build-tools\23.0.3\lib\dx.jar
Launcher Type: SUN_STANDARD

Environment Variables:
JAVA_HOME=C:\Program Files\Java\jdk1.8.0_91
PATH=C:\ProgramData\Oracle\Java\javapath;C:\Windows\system32;C:\Windows;C:\Windows\System32\Wbem;C:\Windows\System32\WindowsPowerShell\v1.0\;C:\Users\lhq\AppData\Local\Android\sdk\platform-tools;C:\Users\lhq\AppData\Local\Android\sdk\tools;C:\Program Files\Java\jdk1.8.0_91\bin;C:\Program Files\Java\jdk1.8.0_91\jre\bin
USERNAME=lhq
OS=Windows_NT
PROCESSOR_IDENTIFIER=Intel64 Family 6 Model 69 Stepping 1, GenuineIntel



---------------  S Y S T E M  ---------------

OS: Windows 10.0 , 64 bit Build 10586 (10.0.10586.0)

CPU:total 4 (2 cores per cpu, 2 threads per core) family 6 model 69 stepping 1, cmov, cx8, fxsr, mmx, sse, sse2, sse3, ssse3, sse4.1, sse4.2, popcnt, avx, avx2, aes, clmul, erms, lzcnt, ht, tsc, tscinvbit, bmi1, bmi2

Memory: 4k page, physical 8067548k(576216k free), swap 8067548k(5124k free)

vm_info: OpenJDK 64-Bit Server VM (25.76-b01) for windows-amd64 JRE (1.8.0_76-release-b01), built on May 12 2016 23:29:00 by "ralucas" with MS VC++ 10.0 (VS2010)

time: Fri Jul 08 14:33:36 2016
elapsed time: 2 seconds (0d 0h 0m 2s)

