#
# There is insufficient memory for the Java Runtime Environment to continue.
# Native memory allocation (malloc) failed to allocate 889408 bytes for Chunk::new
# Possible reasons:
#   The system is out of physical RAM or swap space
#   In 32 bit mode, the process size limit was hit
# Possible solutions:
#   Reduce memory load on the system
#   Increase physical memory or swap space
#   Check if swap backing store is full
#   Use 64 bit Java on a 64 bit OS
#   Decrease Java heap size (-Xmx/-Xms)
#   Decrease number of Java threads
#   Decrease Java thread stack sizes (-Xss)
#   Set larger code cache with -XX:ReservedCodeCacheSize=
# This output file may be truncated or incomplete.
#
#  Out of Memory Error (allocation.cpp:390), pid=4484, tid=0x00000000000012c8
#
# JRE version: OpenJDK Runtime Environment (8.0_76-b01) (build 1.8.0_76-release-b01)
# Java VM: OpenJDK 64-Bit Server VM (25.76-b01 mixed mode windows-amd64 compressed oops)
# Failed to write core dump. Minidumps are not enabled by default on client versions of Windows
#

---------------  T H R E A D  ---------------

Current thread (0x0000000016305000):  JavaThread "C2 CompilerThread1" daemon [_thread_in_native, id=4808, stack(0x00000000166b0000,0x00000000167b0000)]

Stack: [0x00000000166b0000,0x00000000167b0000]
[error occurred during error reporting (printing stack bounds), id 0xc0000005]

Native frames: (J=compiled Java code, j=interpreted, Vv=VM code, C=native code)


Current CompileTask:
C2:   3505 1427   !   4       com.android.dx.cf.code.BytecodeArray::parseInstruction (2764 bytes)


---------------  P R O C E S S  ---------------

Java Threads: ( => current thread )
  0x0000000016311000 JavaThread "Service Thread" daemon [_thread_blocked, id=5676, stack(0x00000000168b0000,0x00000000169b0000)]
  0x000000001630b000 JavaThread "C1 CompilerThread2" daemon [_thread_blocked, id=3772, stack(0x00000000167b0000,0x00000000168b0000)]
=>0x0000000016305000 JavaThread "C2 CompilerThread1" daemon [_thread_in_native, id=4808, stack(0x00000000166b0000,0x00000000167b0000)]
  0x0000000014c3e000 JavaThread "C2 CompilerThread0" daemon [_thread_in_native, id=4372, stack(0x00000000161b0000,0x00000000162b0000)]
  0x0000000014c3d000 JavaThread "Attach Listener" daemon [_thread_blocked, id=5704, stack(0x00000000160b0000,0x00000000161b0000)]
  0x0000000014c3c000 JavaThread "Signal Dispatcher" daemon [_thread_blocked, id=5848, stack(0x0000000015fb0000,0x00000000160b0000)]
  0x0000000014c18800 JavaThread "Finalizer" daemon [_thread_blocked, id=4580, stack(0x0000000015eb0000,0x0000000015fb0000)]
  0x0000000002550000 JavaThread "Reference Handler" daemon [_thread_blocked, id=2012, stack(0x0000000015db0000,0x0000000015eb0000)]
  0x0000000002460800 JavaThread "main" [_thread_in_Java, id=4568, stack(0x0000000002360000,0x0000000002460000)]

Other Threads:
  0x0000000014bf5800 VMThread [stack: 0x0000000015cb0000,0x0000000015db0000] [id=4928]
  0x0000000016313800 WatcherThread [stack: 0x00000000169b0000,0x0000000016ab0000] [id=788]

VM state:not at safepoint (normal execution)

VM Mutex/Monitor currently owned by a thread: None

Heap:
 PSYoungGen      total 36864K, used 16452K [0x00000000eab00000, 0x00000000ef300000, 0x0000000100000000)
  eden space 31744K, 35% used [0x00000000eab00000,0x00000000eb614840,0x00000000eca00000)
  from space 5120K, 99% used [0x00000000eca00000,0x00000000ecefc818,0x00000000ecf00000)
  to   space 5120K, 0% used [0x00000000eee00000,0x00000000eee00000,0x00000000ef300000)
 ParOldGen       total 84992K, used 10414K [0x00000000c0000000, 0x00000000c5300000, 0x00000000eab00000)
  object space 84992K, 12% used [0x00000000c0000000,0x00000000c0a2ba10,0x00000000c5300000)
 Metaspace       used 6477K, capacity 7344K, committed 7552K, reserved 1056768K
  class space    used 596K, capacity 616K, committed 640K, reserved 1048576K

Card table byte_map: [0x0000000011920000,0x0000000011b30000] byte_map_base: 0x0000000011320000

Marking Bits: (ParMarkBitMap*) 0x000000006c4a9d00
 Begin Bits: [0x0000000012090000, 0x0000000013090000)
 End Bits:   [0x0000000013090000, 0x0000000014090000)

Polling page: 0x0000000000430000

CodeCache: size=245760Kb used=6678Kb max_used=6678Kb free=239081Kb
 bounds [0x0000000002560000, 0x0000000002bf0000, 0x0000000011560000]
 total_blobs=2034 nmethods=1764 adapters=184
 compilation: enabled

Compilation events (10 events):
Event: 3.493 Thread 0x000000001630b000 1796       2       com.android.dx.util.FixedSizeList::equals (41 bytes)
Event: 3.493 Thread 0x000000001630b000 nmethod 1796 0x0000000002be5050 code [0x0000000002be51c0, 0x0000000002be53c8]
Event: 3.494 Thread 0x000000001630b000 1797       2       com.android.dx.dex.code.OutputFinisher::massageInstructions (89 bytes)
Event: 3.495 Thread 0x000000001630b000 nmethod 1797 0x0000000002be54d0 code [0x0000000002be56a0, 0x0000000002be5c58]
Event: 3.495 Thread 0x000000001630b000 1798       2       com.android.dx.dex.code.LocalList$Entry::compareTo (9 bytes)
Event: 3.495 Thread 0x000000001630b000 nmethod 1798 0x0000000002be6450 code [0x0000000002be65c0, 0x0000000002be6768]
Event: 3.498 Thread 0x000000001630b000 1799 %     3       com.android.dx.dex.code.LocalList$MakeState::snapshot @ 16 (110 bytes)
Event: 3.500 Thread 0x000000001630b000 nmethod 1799% 0x0000000002be6810 code [0x0000000002be6ac0, 0x0000000002be7d78]
Event: 3.500 Thread 0x000000001630b000 1800       3       com.android.dx.dex.code.LocalList$MakeState::snapshot (110 bytes)
Event: 3.501 Thread 0x000000001630b000 nmethod 1800 0x0000000002be8850 code [0x0000000002be8ae0, 0x0000000002be9c58]

GC Heap History (6 events):
Event: 2.353 GC heap before
{Heap before GC invocations=1 (full 0):
 PSYoungGen      total 36864K, used 31744K [0x00000000eab00000, 0x00000000ed400000, 0x0000000100000000)
  eden space 31744K, 100% used [0x00000000eab00000,0x00000000eca00000,0x00000000eca00000)
  from space 5120K, 0% used [0x00000000ecf00000,0x00000000ecf00000,0x00000000ed400000)
  to   space 5120K, 0% used [0x00000000eca00000,0x00000000eca00000,0x00000000ecf00000)
 ParOldGen       total 84992K, used 0K [0x00000000c0000000, 0x00000000c5300000, 0x00000000eab00000)
  object space 84992K, 0% used [0x00000000c0000000,0x00000000c0000000,0x00000000c5300000)
 Metaspace       used 5935K, capacity 6896K, committed 7040K, reserved 1056768K
  class space    used 577K, capacity 616K, committed 640K, reserved 1048576K
Event: 2.363 GC heap after
Heap after GC invocations=1 (full 0):
 PSYoungGen      total 36864K, used 5106K [0x00000000eab00000, 0x00000000ed400000, 0x0000000100000000)
  eden space 31744K, 0% used [0x00000000eab00000,0x00000000eab00000,0x00000000eca00000)
  from space 5120K, 99% used [0x00000000eca00000,0x00000000ecefcac8,0x00000000ecf00000)
  to   space 5120K, 0% used [0x00000000ecf00000,0x00000000ecf00000,0x00000000ed400000)
 ParOldGen       total 84992K, used 1742K [0x00000000c0000000, 0x00000000c5300000, 0x00000000eab00000)
  object space 84992K, 2% used [0x00000000c0000000,0x00000000c01b3b40,0x00000000c5300000)
 Metaspace       used 5935K, capacity 6896K, committed 7040K, reserved 1056768K
  class space    used 577K, capacity 616K, committed 640K, reserved 1048576K
}
Event: 2.738 GC heap before
{Heap before GC invocations=2 (full 0):
 PSYoungGen      total 36864K, used 36850K [0x00000000eab00000, 0x00000000ed400000, 0x0000000100000000)
  eden space 31744K, 100% used [0x00000000eab00000,0x00000000eca00000,0x00000000eca00000)
  from space 5120K, 99% used [0x00000000eca00000,0x00000000ecefcac8,0x00000000ecf00000)
  to   space 5120K, 0% used [0x00000000ecf00000,0x00000000ecf00000,0x00000000ed400000)
 ParOldGen       total 84992K, used 1742K [0x00000000c0000000, 0x00000000c5300000, 0x00000000eab00000)
  object space 84992K, 2% used [0x00000000c0000000,0x00000000c01b3b40,0x00000000c5300000)
 Metaspace       used 6129K, capacity 7088K, committed 7296K, reserved 1056768K
  class space    used 579K, capacity 616K, committed 640K, reserved 1048576K
Event: 2.776 GC heap after
Heap after GC invocations=2 (full 0):
 PSYoungGen      total 36864K, used 5110K [0x00000000eab00000, 0x00000000ed400000, 0x0000000100000000)
  eden space 31744K, 0% used [0x00000000eab00000,0x00000000eab00000,0x00000000eca00000)
  from space 5120K, 99% used [0x00000000ecf00000,0x00000000ed3fd9c8,0x00000000ed400000)
  to   space 5120K, 0% used [0x00000000eca00000,0x00000000eca00000,0x00000000ecf00000)
 ParOldGen       total 84992K, used 6054K [0x00000000c0000000, 0x00000000c5300000, 0x00000000eab00000)
  object space 84992K, 7% used [0x00000000c0000000,0x00000000c05e9818,0x00000000c5300000)
 Metaspace       used 6129K, capacity 7088K, committed 7296K, reserved 1056768K
  class space    used 579K, capacity 616K, committed 640K, reserved 1048576K
}
Event: 3.052 GC heap before
{Heap before GC invocations=3 (full 0):
 PSYoungGen      total 36864K, used 36854K [0x00000000eab00000, 0x00000000ed400000, 0x0000000100000000)
  eden space 31744K, 100% used [0x00000000eab00000,0x00000000eca00000,0x00000000eca00000)
  from space 5120K, 99% used [0x00000000ecf00000,0x00000000ed3fd9c8,0x00000000ed400000)
  to   space 5120K, 0% used [0x00000000eca00000,0x00000000eca00000,0x00000000ecf00000)
 ParOldGen       total 84992K, used 6054K [0x00000000c0000000, 0x00000000c5300000, 0x00000000eab00000)
  object space 84992K, 7% used [0x00000000c0000000,0x00000000c05e9818,0x00000000c5300000)
 Metaspace       used 6215K, capacity 7088K, committed 7296K, reserved 1056768K
  class space    used 580K, capacity 616K, committed 640K, reserved 1048576K
Event: 3.076 GC heap after
Heap after GC invocations=3 (full 0):
 PSYoungGen      total 36864K, used 5106K [0x00000000eab00000, 0x00000000ef300000, 0x0000000100000000)
  eden space 31744K, 0% used [0x00000000eab00000,0x00000000eab00000,0x00000000eca00000)
  from space 5120K, 99% used [0x00000000eca00000,0x00000000ecefc818,0x00000000ecf00000)
  to   space 5120K, 0% used [0x00000000eee00000,0x00000000eee00000,0x00000000ef300000)
 ParOldGen       total 84992K, used 10414K [0x00000000c0000000, 0x00000000c5300000, 0x00000000eab00000)
  object space 84992K, 12% used [0x00000000c0000000,0x00000000c0a2ba10,0x00000000c5300000)
 Metaspace       used 6215K, capacity 7088K, committed 7296K, reserved 1056768K
  class space    used 580K, capacity 616K, committed 640K, reserved 1048576K
}

Deoptimization events (10 events):
Event: 3.204 Thread 0x0000000002460800 Uncommon trap: reason=class_check action=maybe_recompile pc=0x0000000002aa3fdc method=java.util.HashMap.putVal(ILjava/lang/Object;Ljava/lang/Object;ZZ)Ljava/lang/Object; @ 203
Event: 3.204 Thread 0x0000000002460800 Uncommon trap: reason=class_check action=maybe_recompile pc=0x0000000002aa3fdc method=java.util.HashMap.putVal(ILjava/lang/Object;Ljava/lang/Object;ZZ)Ljava/lang/Object; @ 203
Event: 3.280 Thread 0x0000000002460800 Uncommon trap: reason=bimorphic action=maybe_recompile pc=0x0000000002ba4630 method=java.util.HashMap.putVal(ILjava/lang/Object;Ljava/lang/Object;ZZ)Ljava/lang/Object; @ 203
Event: 3.280 Thread 0x0000000002460800 Uncommon trap: reason=unstable_if action=reinterpret pc=0x0000000002ba45b0 method=java.util.HashMap.putVal(ILjava/lang/Object;Ljava/lang/Object;ZZ)Ljava/lang/Object; @ 94
Event: 3.399 Thread 0x0000000002460800 Uncommon trap: reason=speculate_class_check action=maybe_recompile pc=0x0000000002902aa4 method=com.android.dx.util.FixedSizeList.equals(Ljava/lang/Object;)Z @ 25
Event: 3.399 Thread 0x0000000002460800 Uncommon trap: reason=class_check action=maybe_recompile pc=0x00000000028e7e5c method=java.util.Arrays.equals([Ljava/lang/Object;[Ljava/lang/Object;)Z @ 62
Event: 3.399 Thread 0x0000000002460800 Uncommon trap: reason=speculate_class_check action=maybe_recompile pc=0x0000000002902aa4 method=com.android.dx.util.FixedSizeList.equals(Ljava/lang/Object;)Z @ 25
Event: 3.399 Thread 0x0000000002460800 Uncommon trap: reason=unstable_if action=reinterpret pc=0x00000000028e7e34 method=java.util.Arrays.equals([Ljava/lang/Object;[Ljava/lang/Object;)Z @ 23
Event: 3.405 Thread 0x0000000002460800 Uncommon trap: reason=speculate_class_check action=maybe_recompile pc=0x0000000002902aa4 method=com.android.dx.util.FixedSizeList.equals(Ljava/lang/Object;)Z @ 25
Event: 3.405 Thread 0x0000000002460800 Uncommon trap: reason=speculate_class_check action=maybe_recompile pc=0x0000000002902aa4 method=com.android.dx.util.FixedSizeList.equals(Ljava/lang/Object;)Z @ 25

Internal exceptions (3 events):
Event: 0.488 Thread 0x0000000002460800 Exception <a 'java/lang/NoSuchMethodError': Method sun.misc.Unsafe.defineClass(Ljava/lang/String;[BII)Ljava/lang/Class; name or signature does not match> (0x00000000eab07cc0) thrown at [C:\src\android\AOSP-openjdk\external\jetbrains\jdk\hotspot\src\share\v&hºçe@ß?
Event: 0.488 Thread 0x0000000002460800 Exception <a 'java/lang/NoSuchMethodError': Method sun.misc.Unsafe.prefetchRead(Ljava/lang/Object;J)V name or signature does not match> (0x00000000eab07fa8) thrown at [C:\src\android\AOSP-openjdk\external\jetbrains\jdk\hotspot\src\share\vm\prims\jni.cpp, lëLÛO!@
Event: 2.391 Thread 0x0000000016503800 Implicit null exception at 0x000000000289efd6 to 0x00000000028a155d

Events (10 events):
Event: 3.399 loading class com/android/dx/dex/code/CatchTable$Entry
Event: 3.399 loading class com/android/dx/dex/code/CatchTable$Entry done
Event: 3.400 loading class com/android/dx/util/ByteArrayAnnotatedOutput
Event: 3.400 loading class com/android/dx/util/ByteArrayAnnotatedOutput done
Event: 3.405 Thread 0x0000000002460800 Uncommon trap: trap_request=0xffffff76 fr.pc=0x0000000002902aa4
Event: 3.405 Thread 0x0000000002460800 DEOPT PACKING pc=0x0000000002902aa4 sp=0x000000000245ef40
Event: 3.405 Thread 0x0000000002460800 DEOPT UNPACKING pc=0x00000000025a556a sp=0x000000000245ef00 mode 2
Event: 3.405 Thread 0x0000000002460800 Uncommon trap: trap_request=0xffffff76 fr.pc=0x0000000002902aa4
Event: 3.405 Thread 0x0000000002460800 DEOPT PACKING pc=0x0000000002902aa4 sp=0x000000000245ef40
Event: 3.405 Thread 0x0000000002460800 DEOPT UNPACKING pc=0x00000000025a556a sp=0x000000000245ef00 mode 2


Dynamic libraries:
0x00007ff63bdd0000 - 0x00007ff63be05000 	E:\Android\android-studio-ide-145.2915834-windows\jre\bin\java.exe
0x00007ffc01870000 - 0x00007ffc01a31000 	C:\Windows\SYSTEM32\ntdll.dll
0x00007ffc01610000 - 0x00007ffc016bd000 	C:\Windows\system32\KERNEL32.DLL
0x00007ffbfe5e0000 - 0x00007ffbfe7c8000 	C:\Windows\system32\KERNELBASE.dll
0x00007ffbff5b0000 - 0x00007ffbff657000 	C:\Windows\system32\ADVAPI32.dll
0x00007ffc016c0000 - 0x00007ffc0175d000 	C:\Windows\system32\msvcrt.dll
0x00007ffc01810000 - 0x00007ffc0186b000 	C:\Windows\system32\sechost.dll
0x00007ffc00eb0000 - 0x00007ffc00fcc000 	C:\Windows\system32\RPCRT4.dll
0x00007ffbfef60000 - 0x00007ffbff0b6000 	C:\Windows\system32\USER32.dll
0x00007ffc01330000 - 0x00007ffc014b6000 	C:\Windows\system32\GDI32.dll
0x00007ffbf0a00000 - 0x00007ffbf0c74000 	C:\Windows\WinSxS\amd64_microsoft.windows.common-controls_6595b64144ccf1df_6.0.10586.0_none_8c15ae12515e1c22\COMCTL32.dll
0x00007ffbfece0000 - 0x00007ffbfef5d000 	C:\Windows\system32\combase.dll
0x00007ffbfe570000 - 0x00007ffbfe5da000 	C:\Windows\system32\bcryptPrimitives.dll
0x00007ffc00bc0000 - 0x00007ffc00bfb000 	C:\Windows\system32\IMM32.DLL
0x000000006ca70000 - 0x000000006cb42000 	E:\Android\android-studio-ide-145.2915834-windows\jre\jre\bin\msvcr100.dll
0x000000006bcf0000 - 0x000000006c524000 	E:\Android\android-studio-ide-145.2915834-windows\jre\jre\bin\server\jvm.dll
0x00007ffbfecd0000 - 0x00007ffbfecd8000 	C:\Windows\system32\PSAPI.DLL
0x00007ffbfc260000 - 0x00007ffbfc269000 	C:\Windows\SYSTEM32\WSOCK32.dll
0x00007ffc00fd0000 - 0x00007ffc0103b000 	C:\Windows\system32\WS2_32.dll
0x00007ffbfc520000 - 0x00007ffbfc543000 	C:\Windows\SYSTEM32\WINMM.dll
0x00007ffbf4030000 - 0x00007ffbf403a000 	C:\Windows\SYSTEM32\VERSION.dll
0x00007ffbfc420000 - 0x00007ffbfc44c000 	C:\Windows\SYSTEM32\WINMMBASE.dll
0x00007ffbfe940000 - 0x00007ffbfe983000 	C:\Windows\system32\cfgmgr32.dll
0x00007ffbfbff0000 - 0x00007ffbfbfff000 	E:\Android\android-studio-ide-145.2915834-windows\jre\jre\bin\verify.dll
0x00007ffbfbdd0000 - 0x00007ffbfbdf9000 	E:\Android\android-studio-ide-145.2915834-windows\jre\jre\bin\java.dll
0x00007ffbfb390000 - 0x00007ffbfb3a6000 	E:\Android\android-studio-ide-145.2915834-windows\jre\jre\bin\zip.dll
0x00007ffbff660000 - 0x00007ffc00bbc000 	C:\Windows\system32\SHELL32.dll
0x00007ffbfdf20000 - 0x00007ffbfe565000 	C:\Windows\system32\windows.storage.dll
0x00007ffbff120000 - 0x00007ffbff172000 	C:\Windows\system32\shlwapi.dll
0x00007ffbfdeb0000 - 0x00007ffbfdebf000 	C:\Windows\system32\kernel.appcore.dll
0x00007ffbfe7d0000 - 0x00007ffbfe885000 	C:\Windows\system32\shcore.dll
0x00007ffbfdec0000 - 0x00007ffbfdf0b000 	C:\Windows\system32\powrprof.dll
0x00007ffbfde90000 - 0x00007ffbfdea4000 	C:\Windows\system32\profapi.dll

VM Arguments:
jvm_args: -Djava.awt.headless=true -Xmx1024M -Dfile.encoding=GBK -Duser.country=CN -Duser.language=zh -Duser.variant 
java_command: com.android.dx.command.Main --dex --num-threads=4 --output E:\Teapopo\app\build\intermediates\pre-dexed\debug\Teapopo-galleryfinal-unspecified_634f7026b21035ad459e9956171cf9be121e24d3.jar E:\Teapopo\app\build\intermediates\exploded-aar\Teapopo\galleryfinal\unspecified\jars\classes.jar
java_class_path (initial): C:\Users\lhq\AppData\Local\Android\sdk\build-tools\23.0.3\lib\dx.jar
Launcher Type: SUN_STANDARD

Environment Variables:
JAVA_HOME=C:\Program Files\Java\jdk1.8.0_91
PATH=C:\ProgramData\Oracle\Java\javapath;C:\Windows\system32;C:\Windows;C:\Windows\System32\Wbem;C:\Windows\System32\WindowsPowerShell\v1.0\;C:\Users\lhq\AppData\Local\Android\sdk\platform-tools;C:\Users\lhq\AppData\Local\Android\sdk\tools;C:\Program Files\Java\jdk1.8.0_91\bin;C:\Program Files\Java\jdk1.8.0_91\jre\bin
USERNAME=lhq
OS=Windows_NT
PROCESSOR_IDENTIFIER=Intel64 Family 6 Model 69 Stepping 1, GenuineIntel



---------------  S Y S T E M  ---------------

OS: Windows 10.0 , 64 bit Build 10586 (10.0.10586.0)

CPU:total 4 (2 cores per cpu, 2 threads per core) family 6 model 69 stepping 1, cmov, cx8, fxsr, mmx, sse, sse2, sse3, ssse3, sse4.1, sse4.2, popcnt, avx, avx2, aes, clmul, erms, lzcnt, ht, tsc, tscinvbit, bmi1, bmi2

Memory: 4k page, physical 8067548k(905104k free), swap 8067548k(5300k free)

vm_info: OpenJDK 64-Bit Server VM (25.76-b01) for windows-amd64 JRE (1.8.0_76-release-b01), built on May 12 2016 23:29:00 by "ralucas" with MS VC++ 10.0 (VS2010)

time: Fri Jul 01 15:46:45 2016
elapsed time: 3 seconds (0d 0h 0m 3s)

