#
# There is insufficient memory for the Java Runtime Environment to continue.
# Native memory allocation (malloc) failed to allocate 63056 bytes for Chunk::new
# Possible reasons:
#   The system is out of physical RAM or swap space
#   In 32 bit mode, the process size limit was hit
# Possible solutions:
#   Reduce memory load on the system
#   Increase physical memory or swap space
#   Check if swap backing store is full
#   Use 64 bit Java on a 64 bit OS
#   Decrease Java heap size (-Xmx/-Xms)
#   Decrease number of Java threads
#   Decrease Java thread stack sizes (-Xss)
#   Set larger code cache with -XX:ReservedCodeCacheSize=
# This output file may be truncated or incomplete.
#
#  Out of Memory Error (allocation.cpp:390), pid=89960, tid=0x0000000000016360
#
# JRE version: OpenJDK Runtime Environment (8.0_76-b01) (build 1.8.0_76-release-b01)
# Java VM: OpenJDK 64-Bit Server VM (25.76-b01 mixed mode windows-amd64 compressed oops)
# Failed to write core dump. Minidumps are not enabled by default on client versions of Windows
#

---------------  T H R E A D  ---------------

Current thread (0x0000000014c6d800):  JavaThread "C2 CompilerThread0" daemon [_thread_in_native, id=90976, stack(0x0000000016220000,0x0000000016320000)]

Stack: [0x0000000016220000,0x0000000016320000]
[error occurred during error reporting (printing stack bounds), id 0xc0000005]

Native frames: (J=compiled Java code, j=interpreted, Vv=VM code, C=native code)


Current CompileTask:
C2:   1224  935       4       com.android.dx.util.LabeledList::addLabelIndex (43 bytes)


---------------  P R O C E S S  ---------------

Java Threads: ( => current thread )
  0x00000000165f0800 JavaThread "pool-1-thread-4" [_thread_in_Java, id=37248, stack(0x0000000016f20000,0x0000000017020000)]
  0x00000000165ef800 JavaThread "pool-1-thread-3" [_thread_in_Java, id=85016, stack(0x0000000016e20000,0x0000000016f20000)]
  0x00000000165ba000 JavaThread "pool-1-thread-2" [_thread_in_Java, id=73048, stack(0x0000000016d20000,0x0000000016e20000)]
  0x00000000164d8800 JavaThread "pool-2-thread-1" [_thread_blocked, id=90576, stack(0x0000000016c20000,0x0000000016d20000)]
  0x00000000164cf000 JavaThread "pool-1-thread-1" [_thread_in_Java, id=90500, stack(0x0000000016b20000,0x0000000016c20000)]
  0x000000001637f800 JavaThread "Service Thread" daemon [_thread_blocked, id=90116, stack(0x0000000016920000,0x0000000016a20000)]
  0x0000000016378000 JavaThread "C1 CompilerThread2" daemon [_thread_in_native, id=90164, stack(0x0000000016820000,0x0000000016920000)]
  0x000000001636a000 JavaThread "C2 CompilerThread1" daemon [_thread_in_native, id=84092, stack(0x0000000016720000,0x0000000016820000)]
=>0x0000000014c6d800 JavaThread "C2 CompilerThread0" daemon [_thread_in_native, id=90976, stack(0x0000000016220000,0x0000000016320000)]
  0x0000000014c6c000 JavaThread "Attach Listener" daemon [_thread_blocked, id=87084, stack(0x0000000016120000,0x0000000016220000)]
  0x0000000014c6b000 JavaThread "Signal Dispatcher" daemon [_thread_blocked, id=77724, stack(0x0000000016020000,0x0000000016120000)]
  0x0000000014c48800 JavaThread "Finalizer" daemon [_thread_blocked, id=91092, stack(0x0000000015ec0000,0x0000000015fc0000)]
  0x0000000002580000 JavaThread "Reference Handler" daemon [_thread_blocked, id=90584, stack(0x0000000015dc0000,0x0000000015ec0000)]
  0x0000000002490800 JavaThread "main" [_thread_in_Java, id=81152, stack(0x0000000001f10000,0x0000000002010000)]

Other Threads:
  0x0000000014c25800 VMThread [stack: 0x0000000015cc0000,0x0000000015dc0000] [id=78004]
  0x0000000016382000 WatcherThread [stack: 0x0000000016a20000,0x0000000016b20000] [id=73064]

VM state:not at safepoint (normal execution)

VM Mutex/Monitor currently owned by a thread: None

Heap:
 PSYoungGen      total 36864K, used 22500K [0x00000000eab00000, 0x00000000ed400000, 0x0000000100000000)
  eden space 31744K, 70% used [0x00000000eab00000,0x00000000ec0f9108,0x00000000eca00000)
  from space 5120K, 0% used [0x00000000ecf00000,0x00000000ecf00000,0x00000000ed400000)
  to   space 5120K, 0% used [0x00000000eca00000,0x00000000eca00000,0x00000000ecf00000)
 ParOldGen       total 84992K, used 0K [0x00000000c0000000, 0x00000000c5300000, 0x00000000eab00000)
  object space 84992K, 0% used [0x00000000c0000000,0x00000000c0000000,0x00000000c5300000)
 Metaspace       used 5829K, capacity 6768K, committed 7040K, reserved 1056768K
  class space    used 574K, capacity 616K, committed 640K, reserved 1048576K

Card table byte_map: [0x0000000011950000,0x0000000011b60000] byte_map_base: 0x0000000011350000

Marking Bits: (ParMarkBitMap*) 0x000000005f499d00
 Begin Bits: [0x00000000120c0000, 0x00000000130c0000)
 End Bits:   [0x00000000130c0000, 0x00000000140c0000)

Polling page: 0x0000000000710000

CodeCache: size=245760Kb used=3430Kb max_used=3441Kb free=242329Kb
 bounds [0x0000000002590000, 0x0000000002900000, 0x0000000011590000]
 total_blobs=1168 nmethods=898 adapters=184
 compilation: enabled

Compilation events (10 events):
Event: 1.210 Thread 0x0000000016378000 nmethod 892 0x00000000028cacd0 code [0x00000000028cae80, 0x00000000028cb518]
Event: 1.210 Thread 0x0000000016378000  904   !   3       com.android.dx.cf.code.RopperMachine::run (1550 bytes)
Event: 1.211 Thread 0x0000000014c6d800 nmethod 930 0x00000000028ccf90 code [0x00000000028cd0e0, 0x00000000028cd228]
Event: 1.211 Thread 0x0000000014c6d800  931       4       com.android.dx.ssa.SsaMethod::updateOneDefinition (70 bytes)
Event: 1.212 Thread 0x0000000014c6d800 nmethod 931 0x00000000028ec810 code [0x00000000028ec940, 0x00000000028ec9b8]
Event: 1.212 Thread 0x0000000014c6d800  932       4       com.android.dx.rop.code.PlainInsn::<init> (73 bytes)
Event: 1.214 Thread 0x0000000014c6d800 nmethod 932 0x00000000028ca8d0 code [0x00000000028caa20, 0x00000000028cab58]
Event: 1.214 Thread 0x0000000014c6d800  933       4       com.android.dx.rop.code.InsnList::forEach (28 bytes)
Event: 1.216 Thread 0x0000000014c6d800 nmethod 933 0x00000000028ca410 code [0x00000000028ca560, 0x00000000028ca6d8]
Event: 1.219 Thread 0x0000000014c6d800  935       4       com.android.dx.util.LabeledList::addLabelIndex (43 bytes)

GC Heap History (0 events):
No events

Deoptimization events (5 events):
Event: 0.414 Thread 0x0000000002490800 Uncommon trap: reason=unstable_if action=reinterpret pc=0x00000000026c7e10 method=java.lang.String.indexOf(II)I @ 49
Event: 0.795 Thread 0x0000000002490800 Uncommon trap: reason=unstable_if action=reinterpret pc=0x000000000279f924 method=java.util.HashMap.getNode(ILjava/lang/Object;)Ljava/util/HashMap$Node; @ 129
Event: 0.798 Thread 0x0000000002490800 Uncommon trap: reason=unstable_if action=reinterpret pc=0x00000000027c4b70 method=java.util.BitSet.nextSetBit(I)I @ 87
Event: 0.922 Thread 0x00000000164cf000 Uncommon trap: reason=class_check action=maybe_recompile pc=0x00000000027e2314 method=com.android.dx.ssa.NormalSsaInsn.accept(Lcom/android/dx/ssa/SsaInsn$Visitor;)V @ 9
Event: 1.109 Thread 0x00000000165ef800 Uncommon trap: reason=unstable_if action=reinterpret pc=0x00000000027d8cbc method=java.util.HashMap.getNode(ILjava/lang/Object;)Ljava/util/HashMap$Node; @ 129

Internal exceptions (2 events):
Event: 0.061 Thread 0x0000000002490800 Exception <a 'java/lang/NoSuchMethodError': Method sun.misc.Unsafe.defineClass(Ljava/lang/String;[BII)Ljava/lang/Class; name or signature does not match> (0x00000000eab07cc0) thrown at [C:\src\android\AOSP-openjdk\external\jetbrains\jdk\hotspot\src\share\v4õ4Í¯?
Event: 0.061 Thread 0x0000000002490800 Exception <a 'java/lang/NoSuchMethodError': Method sun.misc.Unsafe.prefetchRead(Ljava/lang/Object;J)V name or signature does not match> (0x00000000eab07fa8) thrown at [C:\src\android\AOSP-openjdk\external\jetbrains\jdk\hotspot\src\share\vm\prims\jni.cpp, l

Events (10 events):
Event: 0.935 loading class java/util/HashMap$Values done
Event: 0.935 loading class java/util/HashMap$ValueIterator
Event: 0.935 loading class java/util/HashMap$ValueIterator done
Event: 0.970 Executing VM operation: ForceSafepoint
Event: 1.089 Executing VM operation: ForceSafepoint done
Event: 1.108 Thread 0x00000000165ef800 Uncommon trap: trap_request=0xffffff65 fr.pc=0x00000000027d8cbc
Event: 1.109 Thread 0x00000000165ef800 DEOPT PACKING pc=0x00000000027d8cbc sp=0x0000000016f1e7a0
Event: 1.109 Thread 0x00000000165ef800 DEOPT UNPACKING pc=0x00000000025d556a sp=0x0000000016f1e6c0 mode 2
Event: 1.184 loading class com/android/dx/cf/code/BytecodeArray$ConstantParserVisitor
Event: 1.184 loading class com/android/dx/cf/code/BytecodeArray$ConstantParserVisitor done


Dynamic libraries:
0x00007ff6a3010000 - 0x00007ff6a3045000 	E:\Android\android-studio-ide-145.2915834-windows\jre\bin\java.exe
0x00007ffecf410000 - 0x00007ffecf5d1000 	C:\Windows\SYSTEM32\ntdll.dll
0x00007ffecef70000 - 0x00007ffecf01d000 	C:\Windows\system32\KERNEL32.DLL
0x00007ffecc330000 - 0x00007ffecc518000 	C:\Windows\system32\KERNELBASE.dll
0x00007ffecc9e0000 - 0x00007ffecca87000 	C:\Windows\system32\ADVAPI32.dll
0x00007ffece4c0000 - 0x00007ffece55d000 	C:\Windows\system32\msvcrt.dll
0x00007ffeccd10000 - 0x00007ffeccd6b000 	C:\Windows\system32\sechost.dll
0x00007ffece730000 - 0x00007ffece84c000 	C:\Windows\system32\RPCRT4.dll
0x00007ffece920000 - 0x00007ffecea76000 	C:\Windows\system32\USER32.dll
0x00007ffeccd90000 - 0x00007ffeccf16000 	C:\Windows\system32\GDI32.dll
0x00007ffebe600000 - 0x00007ffebe874000 	C:\Windows\WinSxS\amd64_microsoft.windows.common-controls_6595b64144ccf1df_6.0.10586.0_none_8c15ae12515e1c22\COMCTL32.dll
0x00007ffecca90000 - 0x00007ffeccd0d000 	C:\Windows\system32\combase.dll
0x00007ffecc520000 - 0x00007ffecc58a000 	C:\Windows\system32\bcryptPrimitives.dll
0x00007ffeccf20000 - 0x00007ffeccf5b000 	C:\Windows\system32\IMM32.DLL
0x00000000600f0000 - 0x00000000601c2000 	E:\Android\android-studio-ide-145.2915834-windows\jre\jre\bin\msvcr100.dll
0x000000005ece0000 - 0x000000005f514000 	E:\Android\android-studio-ide-145.2915834-windows\jre\jre\bin\server\jvm.dll
0x00007ffecf1d0000 - 0x00007ffecf1d8000 	C:\Windows\system32\PSAPI.DLL
0x00007ffec8ed0000 - 0x00007ffec8ed9000 	C:\Windows\SYSTEM32\WSOCK32.dll
0x00007ffece560000 - 0x00007ffece5cb000 	C:\Windows\system32\WS2_32.dll
0x00007ffec9d40000 - 0x00007ffec9d63000 	C:\Windows\SYSTEM32\WINMM.dll
0x00007ffec1700000 - 0x00007ffec170a000 	C:\Windows\SYSTEM32\VERSION.dll
0x00007ffec9bf0000 - 0x00007ffec9c1c000 	C:\Windows\SYSTEM32\WINMMBASE.dll
0x00007ffecbbd0000 - 0x00007ffecbc13000 	C:\Windows\system32\cfgmgr32.dll
0x00007ffec8e10000 - 0x00007ffec8e1f000 	E:\Android\android-studio-ide-145.2915834-windows\jre\jre\bin\verify.dll
0x00007ffec8d10000 - 0x00007ffec8d39000 	E:\Android\android-studio-ide-145.2915834-windows\jre\jre\bin\java.dll
0x00007ffec8cd0000 - 0x00007ffec8ce6000 	E:\Android\android-studio-ide-145.2915834-windows\jre\jre\bin\zip.dll
0x00007ffeccf60000 - 0x00007ffece4bc000 	C:\Windows\system32\SHELL32.dll
0x00007ffecbce0000 - 0x00007ffecc325000 	C:\Windows\system32\windows.storage.dll
0x00007ffecea80000 - 0x00007ffecead2000 	C:\Windows\system32\shlwapi.dll
0x00007ffecba90000 - 0x00007ffecba9f000 	C:\Windows\system32\kernel.appcore.dll
0x00007ffecbc20000 - 0x00007ffecbcd5000 	C:\Windows\system32\shcore.dll
0x00007ffecba30000 - 0x00007ffecba7b000 	C:\Windows\system32\powrprof.dll
0x00007ffecbaa0000 - 0x00007ffecbab4000 	C:\Windows\system32\profapi.dll

VM Arguments:
jvm_args: -Djava.awt.headless=true -Xmx1024M -Dfile.encoding=GBK -Duser.country=CN -Duser.language=zh -Duser.variant 
java_command: com.android.dx.command.Main --dex --num-threads=4 --output E:\Teapopo\app\build\intermediates\pre-dexed\debug\logansquare-1.3.7_66792233ed20698d6db078c391784faf406bffe1.jar C:\Users\lhq\.gradle\caches\modules-2\files-2.1\com.bluelinelabs\logansquare\1.3.7\21faabea32cf348b11f20bd035f61c82114b2438\logansquare-1.3.7.jar
java_class_path (initial): C:\Users\lhq\AppData\Local\Android\sdk\build-tools\23.0.3\lib\dx.jar
Launcher Type: SUN_STANDARD

Environment Variables:
JAVA_HOME=C:\Program Files\Java\jdk1.8.0_91
PATH=C:\ProgramData\Oracle\Java\javapath;C:\Windows\system32;C:\Windows;C:\Windows\System32\Wbem;C:\Windows\System32\WindowsPowerShell\v1.0\;C:\Users\lhq\AppData\Local\Android\sdk\platform-tools;C:\Users\lhq\AppData\Local\Android\sdk\tools;C:\Program Files\Java\jdk1.8.0_91\bin;C:\Program Files\Java\jdk1.8.0_91\jre\bin
USERNAME=lhq
OS=Windows_NT
PROCESSOR_IDENTIFIER=Intel64 Family 6 Model 69 Stepping 1, GenuineIntel



---------------  S Y S T E M  ---------------

OS: Windows 10.0 , 64 bit Build 10586 (10.0.10586.0)

CPU:total 4 (2 cores per cpu, 2 threads per core) family 6 model 69 stepping 1, cmov, cx8, fxsr, mmx, sse, sse2, sse3, ssse3, sse4.1, sse4.2, popcnt, avx, avx2, aes, clmul, erms, lzcnt, ht, tsc, tscinvbit, bmi1, bmi2

Memory: 4k page, physical 8067548k(1027924k free), swap 8067548k(5136k free)

vm_info: OpenJDK 64-Bit Server VM (25.76-b01) for windows-amd64 JRE (1.8.0_76-release-b01), built on May 12 2016 23:29:00 by "ralucas" with MS VC++ 10.0 (VS2010)

time: Thu Jul 07 09:34:06 2016
elapsed time: 1 seconds (0d 0h 0m 1s)

