#
# There is insufficient memory for the Java Runtime Environment to continue.
# Native memory allocation (malloc) failed to allocate 1372688 bytes for Chunk::new
# Possible reasons:
#   The system is out of physical RAM or swap space
#   In 32 bit mode, the process size limit was hit
# Possible solutions:
#   Reduce memory load on the system
#   Increase physical memory or swap space
#   Check if swap backing store is full
#   Use 64 bit Java on a 64 bit OS
#   Decrease Java heap size (-Xmx/-Xms)
#   Decrease number of Java threads
#   Decrease Java thread stack sizes (-Xss)
#   Set larger code cache with -XX:ReservedCodeCacheSize=
# This output file may be truncated or incomplete.
#
#  Out of Memory Error (allocation.cpp:390), pid=16568, tid=0x0000000000004294
#
# JRE version: OpenJDK Runtime Environment (8.0_76-b01) (build 1.8.0_76-release-b01)
# Java VM: OpenJDK 64-Bit Server VM (25.76-b01 mixed mode windows-amd64 compressed oops)
# Failed to write core dump. Minidumps are not enabled by default on client versions of Windows
#

---------------  T H R E A D  ---------------

Current thread (0x0000000014d5d800):  JavaThread "C2 CompilerThread0" daemon [_thread_in_native, id=17044, stack(0x00000000162a0000,0x00000000163a0000)]

Stack: [0x00000000162a0000,0x00000000163a0000]
[error occurred during error reporting (printing stack bounds), id 0xc0000005]

Native frames: (J=compiled Java code, j=interpreted, Vv=VM code, C=native code)


Current CompileTask:
C2:   2314 1850   !   4       com.android.dx.cf.cst.ConstantPoolParser::parse0 (731 bytes)


---------------  P R O C E S S  ---------------

Java Threads: ( => current thread )
  0x0000000016776800 JavaThread "pool-1-thread-4" [_thread_in_Java, id=16964, stack(0x0000000016fa0000,0x00000000170a0000)]
  0x000000001677b000 JavaThread "pool-1-thread-3" [_thread_in_Java, id=17220, stack(0x0000000016ea0000,0x0000000016fa0000)]
  0x000000001677a800 JavaThread "pool-1-thread-2" [_thread_in_Java, id=17020, stack(0x0000000016da0000,0x0000000016ea0000)]
  0x0000000016774000 JavaThread "pool-2-thread-1" [_thread_blocked, id=17028, stack(0x0000000016ca0000,0x0000000016da0000)]
  0x0000000016773000 JavaThread "pool-1-thread-1" [_thread_in_Java, id=17032, stack(0x0000000016ba0000,0x0000000016ca0000)]
  0x00000000165b7000 JavaThread "Service Thread" daemon [_thread_blocked, id=12068, stack(0x00000000169a0000,0x0000000016aa0000)]
  0x0000000014dad800 JavaThread "C1 CompilerThread2" daemon [_thread_blocked, id=17272, stack(0x00000000164a0000,0x00000000165a0000)]
  0x0000000014daa800 JavaThread "C2 CompilerThread1" daemon [_thread_in_native, id=17024, stack(0x00000000163a0000,0x00000000164a0000)]
=>0x0000000014d5d800 JavaThread "C2 CompilerThread0" daemon [_thread_in_native, id=17044, stack(0x00000000162a0000,0x00000000163a0000)]
  0x0000000014d5c000 JavaThread "Attach Listener" daemon [_thread_blocked, id=17184, stack(0x00000000161a0000,0x00000000162a0000)]
  0x0000000014d5b000 JavaThread "Signal Dispatcher" daemon [_thread_blocked, id=15708, stack(0x00000000160a0000,0x00000000161a0000)]
  0x0000000014d38800 JavaThread "Finalizer" daemon [_thread_blocked, id=16580, stack(0x0000000015fa0000,0x00000000160a0000)]
  0x0000000002670000 JavaThread "Reference Handler" daemon [_thread_blocked, id=9480, stack(0x0000000015ea0000,0x0000000015fa0000)]
  0x0000000002580800 JavaThread "main" [_thread_in_vm, id=16900, stack(0x0000000002480000,0x0000000002580000)]

Other Threads:
  0x0000000014d15800 VMThread [stack: 0x0000000015da0000,0x0000000015ea0000] [id=17012]
  0x00000000165b9000 WatcherThread [stack: 0x0000000016aa0000,0x0000000016ba0000] [id=17176]

VM state:not at safepoint (normal execution)

VM Mutex/Monitor currently owned by a thread: None

Heap:
 PSYoungGen      total 132096K, used 66104K [0x00000000eab00000, 0x00000000f3100000, 0x0000000100000000)
  eden space 126976K, 48% used [0x00000000eab00000,0x00000000ee693a20,0x00000000f2700000)
  from space 5120K, 99% used [0x00000000f2c00000,0x00000000f30fa998,0x00000000f3100000)
  to   space 5120K, 0% used [0x00000000f2700000,0x00000000f2700000,0x00000000f2c00000)
 ParOldGen       total 84992K, used 27692K [0x00000000c0000000, 0x00000000c5300000, 0x00000000eab00000)
  object space 84992K, 32% used [0x00000000c0000000,0x00000000c1b0b2b0,0x00000000c5300000)
 Metaspace       used 6227K, capacity 7216K, committed 7296K, reserved 1056768K
  class space    used 566K, capacity 616K, committed 640K, reserved 1048576K

Card table byte_map: [0x0000000011a40000,0x0000000011c50000] byte_map_base: 0x0000000011440000

Marking Bits: (ParMarkBitMap*) 0x0000000076459d00
 Begin Bits: [0x00000000121b0000, 0x00000000131b0000)
 End Bits:   [0x00000000131b0000, 0x00000000141b0000)

Polling page: 0x0000000000910000

CodeCache: size=245760Kb used=7542Kb max_used=7542Kb free=238217Kb
 bounds [0x0000000002680000, 0x0000000002df0000, 0x0000000011680000]
 total_blobs=2141 nmethods=1877 adapters=177
 compilation: enabled

Compilation events (10 events):
Event: 2.262 Thread 0x0000000014daa800 nmethod 1906 0x0000000002ddae50 code [0x0000000002ddb1a0, 0x0000000002ddd4d8]
Event: 2.262 Thread 0x0000000014daa800 1793       4       com.android.dx.ssa.SsaRenamer$BlockRenamer::process (191 bytes)
Event: 2.290 Thread 0x0000000014dad800 1922       2       java.util.concurrent.locks.AbstractQueuedSynchronizer::parkAndCheckInterrupt (8 bytes)
Event: 2.291 Thread 0x0000000014dad800 nmethod 1922 0x0000000002dce5d0 code [0x0000000002dce740, 0x0000000002dce978]
Event: 2.297 Thread 0x0000000014dad800 1923       2       com.android.dx.cf.code.SwitchList::getTarget (9 bytes)
Event: 2.297 Thread 0x0000000014dad800 nmethod 1923 0x0000000002dc7050 code [0x0000000002dc71c0, 0x0000000002dc7328]
Event: 2.300 Thread 0x0000000014daa800 nmethod 1793 0x0000000002de0f50 code [0x0000000002de1180, 0x0000000002de2230]
Event: 2.300 Thread 0x0000000014daa800 1809       4       com.android.dx.ssa.LocalVariableExtractor::processBlock (383 bytes)
Event: 2.306 Thread 0x0000000014dad800 1925 %     3       com.android.dx.ssa.SCCP::simulateBranch @ 615 (666 bytes)
Event: 2.310 Thread 0x0000000014dad800 nmethod 1925% 0x0000000002de37d0 code [0x0000000002de3c80, 0x0000000002de78b8]

GC Heap History (8 events):
Event: 0.779 GC heap before
{Heap before GC invocations=1 (full 0):
 PSYoungGen      total 36864K, used 31744K [0x00000000eab00000, 0x00000000ed400000, 0x0000000100000000)
  eden space 31744K, 100% used [0x00000000eab00000,0x00000000eca00000,0x00000000eca00000)
  from space 5120K, 0% used [0x00000000ecf00000,0x00000000ecf00000,0x00000000ed400000)
  to   space 5120K, 0% used [0x00000000eca00000,0x00000000eca00000,0x00000000ecf00000)
 ParOldGen       total 84992K, used 0K [0x00000000c0000000, 0x00000000c5300000, 0x00000000eab00000)
  object space 84992K, 0% used [0x00000000c0000000,0x00000000c0000000,0x00000000c5300000)
 Metaspace       used 5809K, capacity 6960K, committed 7040K, reserved 1056768K
  class space    used 556K, capacity 616K, committed 640K, reserved 1048576K
Event: 0.791 GC heap after
Heap after GC invocations=1 (full 0):
 PSYoungGen      total 36864K, used 5111K [0x00000000eab00000, 0x00000000ef300000, 0x0000000100000000)
  eden space 31744K, 0% used [0x00000000eab00000,0x00000000eab00000,0x00000000eca00000)
  from space 5120K, 99% used [0x00000000eca00000,0x00000000ecefddf8,0x00000000ecf00000)
  to   space 5120K, 0% used [0x00000000eee00000,0x00000000eee00000,0x00000000ef300000)
 ParOldGen       total 84992K, used 4104K [0x00000000c0000000, 0x00000000c5300000, 0x00000000eab00000)
  object space 84992K, 4% used [0x00000000c0000000,0x00000000c0402270,0x00000000c5300000)
 Metaspace       used 5809K, capacity 6960K, committed 7040K, reserved 1056768K
  class space    used 556K, capacity 616K, committed 640K, reserved 1048576K
}
Event: 1.110 GC heap before
{Heap before GC invocations=2 (full 0):
 PSYoungGen      total 36864K, used 36855K [0x00000000eab00000, 0x00000000ef300000, 0x0000000100000000)
  eden space 31744K, 100% used [0x00000000eab00000,0x00000000eca00000,0x00000000eca00000)
  from space 5120K, 99% used [0x00000000eca00000,0x00000000ecefddf8,0x00000000ecf00000)
  to   space 5120K, 0% used [0x00000000eee00000,0x00000000eee00000,0x00000000ef300000)
 ParOldGen       total 84992K, used 4104K [0x00000000c0000000, 0x00000000c5300000, 0x00000000eab00000)
  object space 84992K, 4% used [0x00000000c0000000,0x00000000c0402270,0x00000000c5300000)
 Metaspace       used 6046K, capacity 7152K, committed 7296K, reserved 1056768K
  class space    used 564K, capacity 616K, committed 640K, reserved 1048576K
Event: 1.124 GC heap after
Heap after GC invocations=2 (full 0):
 PSYoungGen      total 68608K, used 5111K [0x00000000eab00000, 0x00000000ef300000, 0x0000000100000000)
  eden space 63488K, 0% used [0x00000000eab00000,0x00000000eab00000,0x00000000ee900000)
  from space 5120K, 99% used [0x00000000eee00000,0x00000000ef2fdcd0,0x00000000ef300000)
  to   space 5120K, 0% used [0x00000000ee900000,0x00000000ee900000,0x00000000eee00000)
 ParOldGen       total 84992K, used 8744K [0x00000000c0000000, 0x00000000c5300000, 0x00000000eab00000)
  object space 84992K, 10% used [0x00000000c0000000,0x00000000c088a168,0x00000000c5300000)
 Metaspace       used 6046K, capacity 7152K, committed 7296K, reserved 1056768K
  class space    used 564K, capacity 616K, committed 640K, reserved 1048576K
}
Event: 1.565 GC heap before
{Heap before GC invocations=3 (full 0):
 PSYoungGen      total 68608K, used 68599K [0x00000000eab00000, 0x00000000ef300000, 0x0000000100000000)
  eden space 63488K, 100% used [0x00000000eab00000,0x00000000ee900000,0x00000000ee900000)
  from space 5120K, 99% used [0x00000000eee00000,0x00000000ef2fdcd0,0x00000000ef300000)
  to   space 5120K, 0% used [0x00000000ee900000,0x00000000ee900000,0x00000000eee00000)
 ParOldGen       total 84992K, used 8744K [0x00000000c0000000, 0x00000000c5300000, 0x00000000eab00000)
  object space 84992K, 10% used [0x00000000c0000000,0x00000000c088a168,0x00000000c5300000)
 Metaspace       used 6179K, capacity 7216K, committed 7296K, reserved 1056768K
  class space    used 565K, capacity 616K, committed 640K, reserved 1048576K
Event: 1.610 GC heap after
Heap after GC invocations=3 (full 0):
 PSYoungGen      total 68608K, used 5105K [0x00000000eab00000, 0x00000000f3100000, 0x0000000100000000)
  eden space 63488K, 0% used [0x00000000eab00000,0x00000000eab00000,0x00000000ee900000)
  from space 5120K, 99% used [0x00000000ee900000,0x00000000eedfc690,0x00000000eee00000)
  to   space 5120K, 0% used [0x00000000f2c00000,0x00000000f2c00000,0x00000000f3100000)
 ParOldGen       total 84992K, used 17926K [0x00000000c0000000, 0x00000000c5300000, 0x00000000eab00000)
  object space 84992K, 21% used [0x00000000c0000000,0x00000000c11818c8,0x00000000c5300000)
 Metaspace       used 6179K, capacity 7216K, committed 7296K, reserved 1056768K
  class space    used 565K, capacity 616K, committed 640K, reserved 1048576K
}
Event: 1.984 GC heap before
{Heap before GC invocations=4 (full 0):
 PSYoungGen      total 68608K, used 68593K [0x00000000eab00000, 0x00000000f3100000, 0x0000000100000000)
  eden space 63488K, 100% used [0x00000000eab00000,0x00000000ee900000,0x00000000ee900000)
  from space 5120K, 99% used [0x00000000ee900000,0x00000000eedfc690,0x00000000eee00000)
  to   space 5120K, 0% used [0x00000000f2c00000,0x00000000f2c00000,0x00000000f3100000)
 ParOldGen       total 84992K, used 17926K [0x00000000c0000000, 0x00000000c5300000, 0x00000000eab00000)
  object space 84992K, 21% used [0x00000000c0000000,0x00000000c11818c8,0x00000000c5300000)
 Metaspace       used 6212K, capacity 7216K, committed 7296K, reserved 1056768K
  class space    used 566K, capacity 616K, committed 640K, reserved 1048576K
Event: 2.023 GC heap after
Heap after GC invocations=4 (full 0):
 PSYoungGen      total 132096K, used 5098K [0x00000000eab00000, 0x00000000f3100000, 0x0000000100000000)
  eden space 126976K, 0% used [0x00000000eab00000,0x00000000eab00000,0x00000000f2700000)
  from space 5120K, 99% used [0x00000000f2c00000,0x00000000f30fa998,0x00000000f3100000)
  to   space 5120K, 0% used [0x00000000f2700000,0x00000000f2700000,0x00000000f2c00000)
 ParOldGen       total 84992K, used 27692K [0x00000000c0000000, 0x00000000c5300000, 0x00000000eab00000)
  object space 84992K, 32% used [0x00000000c0000000,0x00000000c1b0b2b0,0x00000000c5300000)
 Metaspace       used 6212K, capacity 7216K, committed 7296K, reserved 1056768K
  class space    used 566K, capacity 616K, committed 640K, reserved 1048576K
}

Deoptimization events (10 events):
Event: 2.068 Thread 0x0000000016776800 Uncommon trap: reason=uninitialized action=reinterpret pc=0x0000000002d8bb2c method=com.android.dx.cf.code.BytecodeArray.parseInstruction(ILcom/android/dx/cf/code/BytecodeArray$Visitor;)I @ 1031
Event: 2.071 Thread 0x0000000016773000 Uncommon trap: reason=class_check action=maybe_recompile pc=0x00000000029ef388 method=java.util.HashMap.putVal(ILjava/lang/Object;Ljava/lang/Object;ZZ)Ljava/lang/Object; @ 203
Event: 2.072 Thread 0x0000000016773000 Uncommon trap: reason=bimorphic action=maybe_recompile pc=0x00000000028a3a70 method=java.util.HashMap.getNode(ILjava/lang/Object;)Ljava/util/HashMap$Node; @ 126
Event: 2.072 Thread 0x0000000016773000 Uncommon trap: reason=bimorphic action=maybe_recompile pc=0x00000000028a3a70 method=java.util.HashMap.getNode(ILjava/lang/Object;)Ljava/util/HashMap$Node; @ 126
Event: 2.072 Thread 0x0000000016773000 Uncommon trap: reason=bimorphic action=maybe_recompile pc=0x00000000028a3a70 method=java.util.HashMap.getNode(ILjava/lang/Object;)Ljava/util/HashMap$Node; @ 126
Event: 2.140 Thread 0x0000000016776800 Uncommon trap: reason=class_check action=maybe_recompile pc=0x0000000002c7aeec method=com.android.dx.ssa.NormalSsaInsn.accept(Lcom/android/dx/ssa/SsaInsn$Visitor;)V @ 9
Event: 2.140 Thread 0x0000000016776800 Uncommon trap: reason=class_check action=maybe_recompile pc=0x00000000028f75f0 method=com.android.dx.ssa.NormalSsaInsn.accept(Lcom/android/dx/ssa/SsaInsn$Visitor;)V @ 9
Event: 2.140 Thread 0x0000000016776800 Uncommon trap: reason=class_check action=maybe_recompile pc=0x00000000028f75f0 method=com.android.dx.ssa.NormalSsaInsn.accept(Lcom/android/dx/ssa/SsaInsn$Visitor;)V @ 9
Event: 2.140 Thread 0x0000000016776800 Uncommon trap: reason=class_check action=maybe_recompile pc=0x0000000002c7aeec method=com.android.dx.ssa.NormalSsaInsn.accept(Lcom/android/dx/ssa/SsaInsn$Visitor;)V @ 9
Event: 2.140 Thread 0x0000000016776800 Uncommon trap: reason=class_check action=maybe_recompile pc=0x00000000028f75f0 method=com.android.dx.ssa.NormalSsaInsn.accept(Lcom/android/dx/ssa/SsaInsn$Visitor;)V @ 9

Internal exceptions (3 events):
Event: 0.022 Thread 0x0000000002580800 Exception <a 'java/lang/NoSuchMethodError': Method sun.misc.Unsafe.defineClass(Ljava/lang/String;[BII)Ljava/lang/Class; name or signature does not match> (0x00000000eab07cc0) thrown at [C:\src\android\AOSP-openjdk\external\jetbrains\jdk\hotspot\src\share\v7;ñ*¥–?
Event: 0.022 Thread 0x0000000002580800 Exception <a 'java/lang/NoSuchMethodError': Method sun.misc.Unsafe.prefetchRead(Ljava/lang/Object;J)V name or signature does not match> (0x00000000eab07fa8) thrown at [C:\src\android\AOSP-openjdk\external\jetbrains\jdk\hotspot\src\share\vm\prims\jni.cpp, lsã”_÷ú?
Event: 1.628 Thread 0x000000001677a800 Implicit null exception at 0x0000000002ba4962 to 0x0000000002ba4a5a

Events (10 events):
Event: 2.140 Thread 0x0000000016776800 DEOPT UNPACKING pc=0x00000000026c556a sp=0x000000001709e9e0 mode 2
Event: 2.140 Thread 0x0000000016776800 Uncommon trap: trap_request=0xffffffde fr.pc=0x00000000028f75f0
Event: 2.140 Thread 0x0000000016776800 DEOPT PACKING pc=0x00000000028f75f0 sp=0x000000001709ea40
Event: 2.140 Thread 0x0000000016776800 DEOPT UNPACKING pc=0x00000000026c556a sp=0x000000001709e9e0 mode 2
Event: 2.140 Thread 0x0000000016776800 Uncommon trap: trap_request=0xffffffde fr.pc=0x0000000002c7aeec
Event: 2.140 Thread 0x0000000016776800 DEOPT PACKING pc=0x0000000002c7aeec sp=0x000000001709e690
Event: 2.140 Thread 0x0000000016776800 DEOPT UNPACKING pc=0x00000000026c556a sp=0x000000001709e670 mode 2
Event: 2.140 Thread 0x0000000016776800 Uncommon trap: trap_request=0xffffffde fr.pc=0x00000000028f75f0
Event: 2.140 Thread 0x0000000016776800 DEOPT PACKING pc=0x00000000028f75f0 sp=0x000000001709e6c0
Event: 2.140 Thread 0x0000000016776800 DEOPT UNPACKING pc=0x00000000026c556a sp=0x000000001709e660 mode 2


Dynamic libraries:
0x00007ff701100000 - 0x00007ff701135000 	E:\Android\android-studio-ide-145.2915834-windows\jre\bin\java.exe
0x00007ffc71010000 - 0x00007ffc711d1000 	C:\Windows\SYSTEM32\ntdll.dll
0x00007ffc70e50000 - 0x00007ffc70efd000 	C:\Windows\system32\KERNEL32.DLL
0x00007ffc6da90000 - 0x00007ffc6dc78000 	C:\Windows\system32\KERNELBASE.dll
0x00007ffc6eb70000 - 0x00007ffc6ec17000 	C:\Windows\system32\ADVAPI32.dll
0x00007ffc70f00000 - 0x00007ffc70f9d000 	C:\Windows\system32\msvcrt.dll
0x00007ffc6eb10000 - 0x00007ffc6eb6b000 	C:\Windows\system32\sechost.dll
0x00007ffc6ec80000 - 0x00007ffc6ed9c000 	C:\Windows\system32\RPCRT4.dll
0x00007ffc6f0f0000 - 0x00007ffc6f246000 	C:\Windows\system32\USER32.dll
0x00007ffc70960000 - 0x00007ffc70ae6000 	C:\Windows\system32\GDI32.dll
0x00007ffc5ff30000 - 0x00007ffc601a4000 	C:\Windows\WinSxS\amd64_microsoft.windows.common-controls_6595b64144ccf1df_6.0.10586.0_none_8c15ae12515e1c22\COMCTL32.dll
0x00007ffc6eda0000 - 0x00007ffc6f01d000 	C:\Windows\system32\combase.dll
0x00007ffc6d9a0000 - 0x00007ffc6da0a000 	C:\Windows\system32\bcryptPrimitives.dll
0x00007ffc6ec20000 - 0x00007ffc6ec5b000 	C:\Windows\system32\IMM32.DLL
0x0000000075bc0000 - 0x0000000075c92000 	E:\Android\android-studio-ide-145.2915834-windows\jre\jre\bin\msvcr100.dll
0x0000000075ca0000 - 0x00000000764d4000 	E:\Android\android-studio-ide-145.2915834-windows\jre\jre\bin\server\jvm.dll
0x00007ffc70c70000 - 0x00007ffc70c78000 	C:\Windows\system32\PSAPI.DLL
0x00007ffc6b5f0000 - 0x00007ffc6b613000 	C:\Windows\SYSTEM32\WINMM.dll
0x00007ffc6bd90000 - 0x00007ffc6bd99000 	C:\Windows\SYSTEM32\WSOCK32.dll
0x00007ffc62e40000 - 0x00007ffc62e4a000 	C:\Windows\SYSTEM32\VERSION.dll
0x00007ffc70af0000 - 0x00007ffc70b5b000 	C:\Windows\system32\WS2_32.dll
0x00007ffc6b590000 - 0x00007ffc6b5bc000 	C:\Windows\SYSTEM32\WINMMBASE.dll
0x00007ffc6d780000 - 0x00007ffc6d7c3000 	C:\Windows\system32\cfgmgr32.dll
0x00007ffc6b700000 - 0x00007ffc6b70f000 	E:\Android\android-studio-ide-145.2915834-windows\jre\jre\bin\verify.dll
0x00007ffc67fb0000 - 0x00007ffc67fd9000 	E:\Android\android-studio-ide-145.2915834-windows\jre\jre\bin\java.dll
0x00007ffc65ee0000 - 0x00007ffc65ef6000 	E:\Android\android-studio-ide-145.2915834-windows\jre\jre\bin\zip.dll
0x00007ffc6f400000 - 0x00007ffc7095c000 	C:\Windows\system32\SHELL32.dll
0x00007ffc6ddc0000 - 0x00007ffc6e405000 	C:\Windows\system32\windows.storage.dll
0x00007ffc70c80000 - 0x00007ffc70cd2000 	C:\Windows\system32\shlwapi.dll
0x00007ffc6d660000 - 0x00007ffc6d66f000 	C:\Windows\system32\kernel.appcore.dll
0x00007ffc6d6c0000 - 0x00007ffc6d775000 	C:\Windows\system32\shcore.dll
0x00007ffc6d670000 - 0x00007ffc6d6bb000 	C:\Windows\system32\powrprof.dll
0x00007ffc6d630000 - 0x00007ffc6d644000 	C:\Windows\system32\profapi.dll

VM Arguments:
jvm_args: -Djava.awt.headless=true -Xmx1024M -Dfile.encoding=GBK -Duser.country=CN -Duser.language=zh -Duser.variant 
java_command: com.android.dx.command.Main --dex --num-threads=4 --output E:\Teapopo\app\build\intermediates\pre-dexed\debug\debug_a522b71e7afbff9183502dd320454d14b0b13bcb.jar E:\Teapopo\app\build\intermediates\classes\debug
java_class_path (initial): C:\Users\lhq\AppData\Local\Android\sdk\build-tools\23.0.3\lib\dx.jar
Launcher Type: SUN_STANDARD

Environment Variables:
JAVA_HOME=C:\Program Files\Java\jdk1.8.0_91
PATH=C:\ProgramData\Oracle\Java\javapath;C:\Windows\system32;C:\Windows;C:\Windows\System32\Wbem;C:\Windows\System32\WindowsPowerShell\v1.0\;C:\Users\lhq\AppData\Local\Android\sdk\platform-tools;C:\Users\lhq\AppData\Local\Android\sdk\tools;C:\Program Files\Java\jdk1.8.0_91\bin;C:\Program Files\Java\jdk1.8.0_91\jre\bin
USERNAME=lhq
OS=Windows_NT
PROCESSOR_IDENTIFIER=Intel64 Family 6 Model 69 Stepping 1, GenuineIntel



---------------  S Y S T E M  ---------------

OS: Windows 10.0 , 64 bit Build 10586 (10.0.10586.0)

CPU:total 4 (2 cores per cpu, 2 threads per core) family 6 model 69 stepping 1, cmov, cx8, fxsr, mmx, sse, sse2, sse3, ssse3, sse4.1, sse4.2, popcnt, avx, avx2, aes, clmul, erms, lzcnt, ht, tsc, tscinvbit, bmi1, bmi2

Memory: 4k page, physical 8067548k(728544k free), swap 8067548k(6460k free)

vm_info: OpenJDK 64-Bit Server VM (25.76-b01) for windows-amd64 JRE (1.8.0_76-release-b01), built on May 12 2016 23:29:00 by "ralucas" with MS VC++ 10.0 (VS2010)

time: Sat Jul 02 16:18:44 2016
elapsed time: 2 seconds (0d 0h 0m 2s)

