#
# There is insufficient memory for the Java Runtime Environment to continue.
# Native memory allocation (malloc) failed to allocate 619856 bytes for Chunk::new
# Possible reasons:
#   The system is out of physical RAM or swap space
#   In 32 bit mode, the process size limit was hit
# Possible solutions:
#   Reduce memory load on the system
#   Increase physical memory or swap space
#   Check if swap backing store is full
#   Use 64 bit Java on a 64 bit OS
#   Decrease Java heap size (-Xmx/-Xms)
#   Decrease number of Java threads
#   Decrease Java thread stack sizes (-Xss)
#   Set larger code cache with -XX:ReservedCodeCacheSize=
# This output file may be truncated or incomplete.
#
#  Out of Memory Error (allocation.cpp:390), pid=15472, tid=0x0000000000003fa8
#
# JRE version: OpenJDK Runtime Environment (8.0_76-b01) (build 1.8.0_76-release-b01)
# Java VM: OpenJDK 64-Bit Server VM (25.76-b01 mixed mode windows-amd64 compressed oops)
# Failed to write core dump. Minidumps are not enabled by default on client versions of Windows
#

---------------  T H R E A D  ---------------

Current thread (0x0000000014c4d800):  JavaThread "C2 CompilerThread0" daemon [_thread_in_native, id=16296, stack(0x00000000161a0000,0x00000000162a0000)]

Stack: [0x00000000161a0000,0x00000000162a0000]
[error occurred during error reporting (printing stack bounds), id 0xc0000005]

Native frames: (J=compiled Java code, j=interpreted, Vv=VM code, C=native code)


Current CompileTask:
C2:   7540 2343       4       com.android.dx.dex.code.LocalList$MakeState::snapshot (110 bytes)


---------------  P R O C E S S  ---------------

Java Threads: ( => current thread )
  0x00000000162ff800 JavaThread "Service Thread" daemon [_thread_blocked, id=13340, stack(0x00000000168a0000,0x00000000169a0000)]
  0x00000000162f7800 JavaThread "C1 CompilerThread2" daemon [_thread_in_native, id=992, stack(0x00000000167a0000,0x00000000168a0000)]
  0x00000000162f5000 JavaThread "C2 CompilerThread1" daemon [_thread_in_native, id=14368, stack(0x00000000166a0000,0x00000000167a0000)]
=>0x0000000014c4d800 JavaThread "C2 CompilerThread0" daemon [_thread_in_native, id=16296, stack(0x00000000161a0000,0x00000000162a0000)]
  0x0000000014c4c000 JavaThread "Attach Listener" daemon [_thread_blocked, id=14364, stack(0x00000000160a0000,0x00000000161a0000)]
  0x0000000014c4b000 JavaThread "Signal Dispatcher" daemon [_thread_blocked, id=16124, stack(0x0000000015fa0000,0x00000000160a0000)]
  0x0000000014c28000 JavaThread "Finalizer" daemon [_thread_blocked, id=15444, stack(0x0000000015ea0000,0x0000000015fa0000)]
  0x0000000002560000 JavaThread "Reference Handler" daemon [_thread_blocked, id=16016, stack(0x0000000015da0000,0x0000000015ea0000)]
  0x0000000002470800 JavaThread "main" [_thread_in_Java, id=15076, stack(0x00000000021c0000,0x00000000022c0000)]

Other Threads:
  0x0000000014c05800 VMThread [stack: 0x0000000015ca0000,0x0000000015da0000] [id=12000]
  0x0000000016302800 WatcherThread [stack: 0x00000000169a0000,0x0000000016aa0000] [id=14460]

VM state:not at safepoint (normal execution)

VM Mutex/Monitor currently owned by a thread: None

Heap:
 PSYoungGen      total 68608K, used 15300K [0x00000000eab00000, 0x00000000f4d00000, 0x0000000100000000)
  eden space 63488K, 16% used [0x00000000eab00000,0x00000000eb4f1b70,0x00000000ee900000)
  from space 5120K, 99% used [0x00000000ee900000,0x00000000eedff7d0,0x00000000eee00000)
  to   space 19456K, 0% used [0x00000000f3a00000,0x00000000f3a00000,0x00000000f4d00000)
 ParOldGen       total 84992K, used 36324K [0x00000000c0000000, 0x00000000c5300000, 0x00000000eab00000)
  object space 84992K, 42% used [0x00000000c0000000,0x00000000c23791c0,0x00000000c5300000)
 Metaspace       used 6686K, capacity 7472K, committed 7552K, reserved 1056768K
  class space    used 599K, capacity 616K, committed 640K, reserved 1048576K

Card table byte_map: [0x0000000011930000,0x0000000011b40000] byte_map_base: 0x0000000011330000

Marking Bits: (ParMarkBitMap*) 0x000000005e0b9d00
 Begin Bits: [0x00000000120a0000, 0x00000000130a0000)
 End Bits:   [0x00000000130a0000, 0x00000000140a0000)

Polling page: 0x0000000000470000

CodeCache: size=245760Kb used=9372Kb max_used=9372Kb free=236387Kb
 bounds [0x0000000002570000, 0x0000000002ea0000, 0x0000000011570000]
 total_blobs=2584 nmethods=2312 adapters=185
 compilation: enabled

Compilation events (10 events):
Event: 7.514 Thread 0x00000000162f7800 nmethod 2388 0x0000000002e9ac90 code [0x0000000002e9ae00, 0x0000000002e9afd8]
Event: 7.533 Thread 0x00000000162f7800 2389       2       com.android.dx.dex.code.LocalList::get (9 bytes)
Event: 7.533 Thread 0x00000000162f7800 nmethod 2389 0x0000000002e9b0d0 code [0x0000000002e9b240, 0x0000000002e9b3e8]
Event: 7.533 Thread 0x00000000162f7800 2390       2       com.android.dx.dex.code.LocalList$Entry::getRegister (8 bytes)
Event: 7.533 Thread 0x00000000162f7800 nmethod 2390 0x0000000002e9b490 code [0x0000000002e9b5e0, 0x0000000002e9b730]
Event: 7.534 Thread 0x00000000162f7800 2391       2       com.android.dx.dex.file.DebugInfoEncoder::emitAdvanceLine (82 bytes)
Event: 7.535 Thread 0x00000000162f7800 nmethod 2391 0x0000000002e9b7d0 code [0x0000000002e9b9a0, 0x0000000002e9bec8]
Event: 7.536 Thread 0x00000000162f7800 2392       1       com.android.dx.dex.code.LocalList$Entry::getType (5 bytes)
Event: 7.536 Thread 0x00000000162f7800 nmethod 2392 0x0000000002e9c310 code [0x0000000002e9c460, 0x0000000002e9c570]
Event: 7.536 Thread 0x00000000162f7800 2395       2       com.android.dx.dex.file.DebugInfoEncoder::convert0 (246 bytes)

GC Heap History (10 events):
Event: 1.960 GC heap before
{Heap before GC invocations=1 (full 0):
 PSYoungGen      total 36864K, used 31744K [0x00000000eab00000, 0x00000000ed400000, 0x0000000100000000)
  eden space 31744K, 100% used [0x00000000eab00000,0x00000000eca00000,0x00000000eca00000)
  from space 5120K, 0% used [0x00000000ecf00000,0x00000000ecf00000,0x00000000ed400000)
  to   space 5120K, 0% used [0x00000000eca00000,0x00000000eca00000,0x00000000ecf00000)
 ParOldGen       total 84992K, used 0K [0x00000000c0000000, 0x00000000c5300000, 0x00000000eab00000)
  object space 84992K, 0% used [0x00000000c0000000,0x00000000c0000000,0x00000000c5300000)
 Metaspace       used 5885K, capacity 6832K, committed 7040K, reserved 1056768K
  class space    used 571K, capacity 616K, committed 640K, reserved 1048576K
Event: 2.002 GC heap after
Heap after GC invocations=1 (full 0):
 PSYoungGen      total 36864K, used 5099K [0x00000000eab00000, 0x00000000ef300000, 0x0000000100000000)
  eden space 31744K, 0% used [0x00000000eab00000,0x00000000eab00000,0x00000000eca00000)
  from space 5120K, 99% used [0x00000000eca00000,0x00000000ecefac08,0x00000000ecf00000)
  to   space 5120K, 0% used [0x00000000eee00000,0x00000000eee00000,0x00000000ef300000)
 ParOldGen       total 84992K, used 1148K [0x00000000c0000000, 0x00000000c5300000, 0x00000000eab00000)
  object space 84992K, 1% used [0x00000000c0000000,0x00000000c011f390,0x00000000c5300000)
 Metaspace       used 5885K, capacity 6832K, committed 7040K, reserved 1056768K
  class space    used 571K, capacity 616K, committed 640K, reserved 1048576K
}
Event: 3.612 GC heap before
{Heap before GC invocations=2 (full 0):
 PSYoungGen      total 36864K, used 36843K [0x00000000eab00000, 0x00000000ef300000, 0x0000000100000000)
  eden space 31744K, 100% used [0x00000000eab00000,0x00000000eca00000,0x00000000eca00000)
  from space 5120K, 99% used [0x00000000eca00000,0x00000000ecefac08,0x00000000ecf00000)
  to   space 5120K, 0% used [0x00000000eee00000,0x00000000eee00000,0x00000000ef300000)
 ParOldGen       total 84992K, used 1148K [0x00000000c0000000, 0x00000000c5300000, 0x00000000eab00000)
  object space 84992K, 1% used [0x00000000c0000000,0x00000000c011f390,0x00000000c5300000)
 Metaspace       used 6116K, capacity 7024K, committed 7296K, reserved 1056768K
  class space    used 572K, capacity 616K, committed 640K, reserved 1048576K
Event: 3.686 GC heap after
Heap after GC invocations=2 (full 0):
 PSYoungGen      total 68608K, used 5117K [0x00000000eab00000, 0x00000000ef300000, 0x0000000100000000)
  eden space 63488K, 0% used [0x00000000eab00000,0x00000000eab00000,0x00000000ee900000)
  from space 5120K, 99% used [0x00000000eee00000,0x00000000ef2ff7d0,0x00000000ef300000)
  to   space 5120K, 0% used [0x00000000ee900000,0x00000000ee900000,0x00000000eee00000)
 ParOldGen       total 84992K, used 8010K [0x00000000c0000000, 0x00000000c5300000, 0x00000000eab00000)
  object space 84992K, 9% used [0x00000000c0000000,0x00000000c07d2950,0x00000000c5300000)
 Metaspace       used 6116K, capacity 7024K, committed 7296K, reserved 1056768K
  class space    used 572K, capacity 616K, committed 640K, reserved 1048576K
}
Event: 4.902 GC heap before
{Heap before GC invocations=3 (full 0):
 PSYoungGen      total 68608K, used 68605K [0x00000000eab00000, 0x00000000ef300000, 0x0000000100000000)
  eden space 63488K, 100% used [0x00000000eab00000,0x00000000ee900000,0x00000000ee900000)
  from space 5120K, 99% used [0x00000000eee00000,0x00000000ef2ff7d0,0x00000000ef300000)
  to   space 5120K, 0% used [0x00000000ee900000,0x00000000ee900000,0x00000000eee00000)
 ParOldGen       total 84992K, used 8010K [0x00000000c0000000, 0x00000000c5300000, 0x00000000eab00000)
  object space 84992K, 9% used [0x00000000c0000000,0x00000000c07d2950,0x00000000c5300000)
 Metaspace       used 6201K, capacity 7088K, committed 7296K, reserved 1056768K
  class space    used 577K, capacity 616K, committed 640K, reserved 1048576K
Event: 4.952 GC heap after
Heap after GC invocations=3 (full 0):
 PSYoungGen      total 68608K, used 5101K [0x00000000eab00000, 0x00000000ef300000, 0x0000000100000000)
  eden space 63488K, 0% used [0x00000000eab00000,0x00000000eab00000,0x00000000ee900000)
  from space 5120K, 99% used [0x00000000ee900000,0x00000000eedfb7e0,0x00000000eee00000)
  to   space 5120K, 0% used [0x00000000eee00000,0x00000000eee00000,0x00000000ef300000)
 ParOldGen       total 84992K, used 17614K [0x00000000c0000000, 0x00000000c5300000, 0x00000000eab00000)
  object space 84992K, 20% used [0x00000000c0000000,0x00000000c1133a70,0x00000000c5300000)
 Metaspace       used 6201K, capacity 7088K, committed 7296K, reserved 1056768K
  class space    used 577K, capacity 616K, committed 640K, reserved 1048576K
}
Event: 5.929 GC heap before
{Heap before GC invocations=4 (full 0):
 PSYoungGen      total 68608K, used 68589K [0x00000000eab00000, 0x00000000ef300000, 0x0000000100000000)
  eden space 63488K, 100% used [0x00000000eab00000,0x00000000ee900000,0x00000000ee900000)
  from space 5120K, 99% used [0x00000000ee900000,0x00000000eedfb7e0,0x00000000eee00000)
  to   space 5120K, 0% used [0x00000000eee00000,0x00000000eee00000,0x00000000ef300000)
 ParOldGen       total 84992K, used 17614K [0x00000000c0000000, 0x00000000c5300000, 0x00000000eab00000)
  object space 84992K, 20% used [0x00000000c0000000,0x00000000c1133a70,0x00000000c5300000)
 Metaspace       used 6249K, capacity 7088K, committed 7296K, reserved 1056768K
  class space    used 577K, capacity 616K, committed 640K, reserved 1048576K
Event: 6.033 GC heap after
Heap after GC invocations=4 (full 0):
 PSYoungGen      total 68608K, used 5107K [0x00000000eab00000, 0x00000000ef300000, 0x0000000100000000)
  eden space 63488K, 0% used [0x00000000eab00000,0x00000000eab00000,0x00000000ee900000)
  from space 5120K, 99% used [0x00000000eee00000,0x00000000ef2fcd08,0x00000000ef300000)
  to   space 5120K, 0% used [0x00000000ee900000,0x00000000ee900000,0x00000000eee00000)
 ParOldGen       total 84992K, used 28172K [0x00000000c0000000, 0x00000000c5300000, 0x00000000eab00000)
  object space 84992K, 33% used [0x00000000c0000000,0x00000000c1b83390,0x00000000c5300000)
 Metaspace       used 6249K, capacity 7088K, committed 7296K, reserved 1056768K
  class space    used 577K, capacity 616K, committed 640K, reserved 1048576K
}
Event: 6.878 GC heap before
{Heap before GC invocations=5 (full 0):
 PSYoungGen      total 68608K, used 68595K [0x00000000eab00000, 0x00000000ef300000, 0x0000000100000000)
  eden space 63488K, 100% used [0x00000000eab00000,0x00000000ee900000,0x00000000ee900000)
  from space 5120K, 99% used [0x00000000eee00000,0x00000000ef2fcd08,0x00000000ef300000)
  to   space 5120K, 0% used [0x00000000ee900000,0x00000000ee900000,0x00000000eee00000)
 ParOldGen       total 84992K, used 28172K [0x00000000c0000000, 0x00000000c5300000, 0x00000000eab00000)
  object space 84992K, 33% used [0x00000000c0000000,0x00000000c1b83390,0x00000000c5300000)
 Metaspace       used 6336K, capacity 7152K, committed 7296K, reserved 1056768K
  class space    used 581K, capacity 616K, committed 640K, reserved 1048576K
Event: 6.983 GC heap after
Heap after GC invocations=5 (full 0):
 PSYoungGen      total 68608K, used 5117K [0x00000000eab00000, 0x00000000f4d00000, 0x0000000100000000)
  eden space 63488K, 0% used [0x00000000eab00000,0x00000000eab00000,0x00000000ee900000)
  from space 5120K, 99% used [0x00000000ee900000,0x00000000eedff7d0,0x00000000eee00000)
  to   space 19456K, 0% used [0x00000000f3a00000,0x00000000f3a00000,0x00000000f4d00000)
 ParOldGen       total 84992K, used 36324K [0x00000000c0000000, 0x00000000c5300000, 0x00000000eab00000)
  object space 84992K, 42% used [0x00000000c0000000,0x00000000c23791c0,0x00000000c5300000)
 Metaspace       used 6336K, capacity 7152K, committed 7296K, reserved 1056768K
  class space    used 581K, capacity 616K, committed 640K, reserved 1048576K
}

Deoptimization events (10 events):
Event: 6.995 Thread 0x0000000002470800 Uncommon trap: reason=class_check action=maybe_recompile pc=0x000000000295d108 method=java.util.Arrays.hashCode([Ljava/lang/Object;)I @ 43
Event: 6.995 Thread 0x0000000002470800 Uncommon trap: reason=class_check action=maybe_recompile pc=0x000000000295d108 method=java.util.Arrays.hashCode([Ljava/lang/Object;)I @ 43
Event: 6.995 Thread 0x0000000002470800 Uncommon trap: reason=class_check action=maybe_recompile pc=0x00000000029560b4 method=java.util.Arrays.hashCode([Ljava/lang/Object;)I @ 43
Event: 7.198 Thread 0x0000000002470800 Uncommon trap: reason=speculate_class_check action=maybe_recompile pc=0x0000000002894108 method=com.android.dx.util.FixedSizeList.equals(Ljava/lang/Object;)Z @ 25
Event: 7.198 Thread 0x0000000002470800 Uncommon trap: reason=class_check action=maybe_recompile pc=0x0000000002896188 method=java.util.Arrays.equals([Ljava/lang/Object;[Ljava/lang/Object;)Z @ 62
Event: 7.198 Thread 0x0000000002470800 Uncommon trap: reason=speculate_class_check action=maybe_recompile pc=0x0000000002894108 method=com.android.dx.util.FixedSizeList.equals(Ljava/lang/Object;)Z @ 25
Event: 7.198 Thread 0x0000000002470800 Uncommon trap: reason=unstable_if action=reinterpret pc=0x0000000002896160 method=java.util.Arrays.equals([Ljava/lang/Object;[Ljava/lang/Object;)Z @ 23
Event: 7.217 Thread 0x0000000002470800 Uncommon trap: reason=speculate_class_check action=maybe_recompile pc=0x0000000002894108 method=com.android.dx.util.FixedSizeList.equals(Ljava/lang/Object;)Z @ 25
Event: 7.217 Thread 0x0000000002470800 Uncommon trap: reason=speculate_class_check action=maybe_recompile pc=0x0000000002894108 method=com.android.dx.util.FixedSizeList.equals(Ljava/lang/Object;)Z @ 25
Event: 7.413 Thread 0x0000000002470800 Uncommon trap: reason=unstable_if action=reinterpret pc=0x0000000002e53874 method=com.android.dx.dex.code.LocalList$MakeState.filterSpec(Lcom/android/dx/rop/code/RegisterSpec;)Lcom/android/dx/rop/code/RegisterSpec; @ 1

Internal exceptions (3 events):
Event: 0.382 Thread 0x0000000002470800 Exception <a 'java/lang/NoSuchMethodError': Method sun.misc.Unsafe.defineClass(Ljava/lang/String;[BII)Ljava/lang/Class; name or signature does not match> (0x00000000eab07cc0) thrown at [C:\src\android\AOSP-openjdk\external\jetbrains\jdk\hotspot\src\share\vk‹5:ìzØ?
Event: 0.383 Thread 0x0000000002470800 Exception <a 'java/lang/NoSuchMethodError': Method sun.misc.Unsafe.prefetchRead(Ljava/lang/Object;J)V name or signature does not match> (0x00000000eab07fa8) thrown at [C:\src\android\AOSP-openjdk\external\jetbrains\jdk\hotspot\src\share\vm\prims\jni.cpp, líÖ±R÷ö@
Event: 2.371 Thread 0x0000000016600000 Implicit null exception at 0x000000000282cfe2 to 0x000000000282d0da

Events (10 events):
Event: 7.413 Thread 0x0000000002470800 DEOPT PACKING pc=0x0000000002e53874 sp=0x00000000022bef90
Event: 7.413 Thread 0x0000000002470800 DEOPT UNPACKING pc=0x00000000025b556a sp=0x00000000022bef08 mode 2
Event: 7.474 Thread 0x0000000002470800 DEOPT PACKING pc=0x0000000002dec101 sp=0x00000000022bef30
Event: 7.474 Thread 0x0000000002470800 DEOPT UNPACKING pc=0x00000000025b75bf sp=0x00000000022bed38 mode 0
Event: 7.480 loading class com/android/dx/dex/file/DebugInfoEncoder
Event: 7.480 loading class com/android/dx/dex/file/DebugInfoEncoder done
Event: 7.481 loading class com/android/dx/dex/file/DebugInfoEncoder$1
Event: 7.481 loading class com/android/dx/dex/file/DebugInfoEncoder$1 done
Event: 7.482 loading class com/android/dx/dex/file/DebugInfoEncoder$2
Event: 7.482 loading class com/android/dx/dex/file/DebugInfoEncoder$2 done


Dynamic libraries:
0x00007ff75b500000 - 0x00007ff75b535000 	E:\Android\android-studio-ide-145.2915834-windows\jre\bin\java.exe
0x00007ffbe4110000 - 0x00007ffbe42d1000 	C:\Windows\SYSTEM32\ntdll.dll
0x00007ffbe2080000 - 0x00007ffbe212d000 	C:\Windows\system32\KERNEL32.DLL
0x00007ffbe0ec0000 - 0x00007ffbe10a8000 	C:\Windows\system32\KERNELBASE.dll
0x00007ffbe3c80000 - 0x00007ffbe3d27000 	C:\Windows\system32\ADVAPI32.dll
0x00007ffbe4070000 - 0x00007ffbe410d000 	C:\Windows\system32\msvcrt.dll
0x00007ffbe22d0000 - 0x00007ffbe232b000 	C:\Windows\system32\sechost.dll
0x00007ffbe1d60000 - 0x00007ffbe1e7c000 	C:\Windows\system32\RPCRT4.dll
0x00007ffbe1970000 - 0x00007ffbe1ac6000 	C:\Windows\system32\USER32.dll
0x00007ffbe2140000 - 0x00007ffbe22c6000 	C:\Windows\system32\GDI32.dll
0x00007ffbd49b0000 - 0x00007ffbd4c24000 	C:\Windows\WinSxS\amd64_microsoft.windows.common-controls_6595b64144ccf1df_6.0.10586.0_none_8c15ae12515e1c22\COMCTL32.dll
0x00007ffbe24a0000 - 0x00007ffbe271d000 	C:\Windows\system32\combase.dll
0x00007ffbe14a0000 - 0x00007ffbe150a000 	C:\Windows\system32\bcryptPrimitives.dll
0x00007ffbe1ef0000 - 0x00007ffbe1f2b000 	C:\Windows\system32\IMM32.DLL
0x000000005d820000 - 0x000000005d8f2000 	E:\Android\android-studio-ide-145.2915834-windows\jre\jre\bin\msvcr100.dll
0x000000005d900000 - 0x000000005e134000 	E:\Android\android-studio-ide-145.2915834-windows\jre\jre\bin\server\jvm.dll
0x00007ffbe1530000 - 0x00007ffbe1538000 	C:\Windows\system32\PSAPI.DLL
0x00007ffbdd900000 - 0x00007ffbdd909000 	C:\Windows\SYSTEM32\WSOCK32.dll
0x00007ffbe3d30000 - 0x00007ffbe3d9b000 	C:\Windows\system32\WS2_32.dll
0x00007ffbdea60000 - 0x00007ffbdea83000 	C:\Windows\SYSTEM32\WINMM.dll
0x00007ffbd61b0000 - 0x00007ffbd61ba000 	C:\Windows\SYSTEM32\VERSION.dll
0x00007ffbdea00000 - 0x00007ffbdea2c000 	C:\Windows\SYSTEM32\WINMMBASE.dll
0x00007ffbe1300000 - 0x00007ffbe1343000 	C:\Windows\system32\cfgmgr32.dll
0x00007ffbdbbd0000 - 0x00007ffbdbbdf000 	E:\Android\android-studio-ide-145.2915834-windows\jre\jre\bin\verify.dll
0x00007ffbdba90000 - 0x00007ffbdbab9000 	E:\Android\android-studio-ide-145.2915834-windows\jre\jre\bin\java.dll
0x00007ffbdba70000 - 0x00007ffbdba86000 	E:\Android\android-studio-ide-145.2915834-windows\jre\jre\bin\zip.dll
0x00007ffbe2720000 - 0x00007ffbe3c7c000 	C:\Windows\system32\SHELL32.dll
0x00007ffbe07c0000 - 0x00007ffbe0e05000 	C:\Windows\system32\windows.storage.dll
0x00007ffbe2440000 - 0x00007ffbe2492000 	C:\Windows\system32\shlwapi.dll
0x00007ffbe0730000 - 0x00007ffbe073f000 	C:\Windows\system32\kernel.appcore.dll
0x00007ffbe1350000 - 0x00007ffbe1405000 	C:\Windows\system32\shcore.dll
0x00007ffbe0770000 - 0x00007ffbe07bb000 	C:\Windows\system32\powrprof.dll
0x00007ffbe0740000 - 0x00007ffbe0754000 	C:\Windows\system32\profapi.dll

VM Arguments:
jvm_args: -Djava.awt.headless=true -Xmx1024M -Dfile.encoding=GBK -Duser.country=CN -Duser.language=zh -Duser.variant 
java_command: com.android.dx.command.Main --dex --num-threads=4 --output E:\Teapopo\app\build\intermediates\pre-dexed\debug\alipaySdk-20160516_867e23ae1dc6e781d61955b32bc4747b98bf405f.jar E:\Teapopo\app\libs\alipaySdk-20160516.jar
java_class_path (initial): C:\Users\lhq\AppData\Local\Android\sdk\build-tools\23.0.3\lib\dx.jar
Launcher Type: SUN_STANDARD

Environment Variables:
JAVA_HOME=C:\Program Files\Java\jdk1.8.0_91
PATH=C:\ProgramData\Oracle\Java\javapath;C:\Windows\system32;C:\Windows;C:\Windows\System32\Wbem;C:\Windows\System32\WindowsPowerShell\v1.0\;C:\Users\lhq\AppData\Local\Android\sdk\platform-tools;C:\Users\lhq\AppData\Local\Android\sdk\tools;C:\Program Files\Java\jdk1.8.0_91\bin;C:\Program Files\Java\jdk1.8.0_91\jre\bin
USERNAME=lhq
OS=Windows_NT
PROCESSOR_IDENTIFIER=Intel64 Family 6 Model 69 Stepping 1, GenuineIntel



---------------  S Y S T E M  ---------------

OS: Windows 10.0 , 64 bit Build 10586 (10.0.10586.0)

CPU:total 4 (2 cores per cpu, 2 threads per core) family 6 model 69 stepping 1, cmov, cx8, fxsr, mmx, sse, sse2, sse3, ssse3, sse4.1, sse4.2, popcnt, avx, avx2, aes, clmul, erms, lzcnt, ht, tsc, tscinvbit, bmi1, bmi2

Memory: 4k page, physical 8067548k(1055440k free), swap 8067548k(3256k free)

vm_info: OpenJDK 64-Bit Server VM (25.76-b01) for windows-amd64 JRE (1.8.0_76-release-b01), built on May 12 2016 23:29:00 by "ralucas" with MS VC++ 10.0 (VS2010)

time: Fri Jul 15 16:49:58 2016
elapsed time: 7 seconds (0d 0h 0m 7s)

