#
# There is insufficient memory for the Java Runtime Environment to continue.
# Native memory allocation (malloc) failed to allocate 300944 bytes for Chunk::new
# Possible reasons:
#   The system is out of physical RAM or swap space
#   In 32 bit mode, the process size limit was hit
# Possible solutions:
#   Reduce memory load on the system
#   Increase physical memory or swap space
#   Check if swap backing store is full
#   Use 64 bit Java on a 64 bit OS
#   Decrease Java heap size (-Xmx/-Xms)
#   Decrease number of Java threads
#   Decrease Java thread stack sizes (-Xss)
#   Set larger code cache with -XX:ReservedCodeCacheSize=
# This output file may be truncated or incomplete.
#
#  Out of Memory Error (allocation.cpp:390), pid=66392, tid=0x00000000000101c0
#
# JRE version: OpenJDK Runtime Environment (8.0_76-b01) (build 1.8.0_76-release-b01)
# Java VM: OpenJDK 64-Bit Server VM (25.76-b01 mixed mode windows-amd64 compressed oops)
# Failed to write core dump. Minidumps are not enabled by default on client versions of Windows
#

---------------  T H R E A D  ---------------

Current thread (0x00000000163bc000):  JavaThread "C2 CompilerThread1" daemon [_thread_in_native, id=65984, stack(0x0000000016770000,0x0000000016870000)]

Stack: [0x0000000016770000,0x0000000016870000]
[error occurred during error reporting (printing stack bounds), id 0xc0000005]

Native frames: (J=compiled Java code, j=interpreted, Vv=VM code, C=native code)


Current CompileTask:
C2:   2649 1485       4       com.android.dx.ssa.LocalVariableExtractor::processBlock (383 bytes)


---------------  P R O C E S S  ---------------

Java Threads: ( => current thread )
  0x00000000165d1800 JavaThread "pool-1-thread-4" [_thread_blocked, id=64664, stack(0x0000000016f70000,0x0000000017070000)]
  0x00000000165cf800 JavaThread "pool-1-thread-3" [_thread_blocked, id=66112, stack(0x0000000016e70000,0x0000000016f70000)]
  0x00000000165ce000 JavaThread "pool-1-thread-2" [_thread_in_vm, id=66256, stack(0x0000000016d70000,0x0000000016e70000)]
  0x00000000165ca800 JavaThread "pool-2-thread-1" [_thread_blocked, id=64616, stack(0x0000000016c70000,0x0000000016d70000)]
  0x00000000165c7000 JavaThread "pool-1-thread-1" [_thread_in_Java, id=29176, stack(0x0000000016b70000,0x0000000016c70000)]
  0x00000000163ce000 JavaThread "Service Thread" daemon [_thread_blocked, id=65424, stack(0x0000000016970000,0x0000000016a70000)]
  0x00000000163c7000 JavaThread "C1 CompilerThread2" daemon [_thread_blocked, id=66424, stack(0x0000000016870000,0x0000000016970000)]
=>0x00000000163bc000 JavaThread "C2 CompilerThread1" daemon [_thread_in_native, id=65984, stack(0x0000000016770000,0x0000000016870000)]
  0x0000000014d2d800 JavaThread "C2 CompilerThread0" daemon [_thread_in_native, id=65980, stack(0x0000000016270000,0x0000000016370000)]
  0x0000000014d2c000 JavaThread "Attach Listener" daemon [_thread_blocked, id=64676, stack(0x0000000016170000,0x0000000016270000)]
  0x0000000014d2b000 JavaThread "Signal Dispatcher" daemon [_thread_blocked, id=65600, stack(0x0000000016070000,0x0000000016170000)]
  0x000000000264a000 JavaThread "Finalizer" daemon [_thread_blocked, id=66064, stack(0x0000000015f70000,0x0000000016070000)]
  0x0000000002640000 JavaThread "Reference Handler" daemon [_thread_blocked, id=66508, stack(0x0000000015e70000,0x0000000015f70000)]
  0x0000000002550800 JavaThread "main" [_thread_in_Java, id=65880, stack(0x0000000002350000,0x0000000002450000)]

Other Threads:
  0x0000000014ce5800 VMThread [stack: 0x0000000015d70000,0x0000000015e70000] [id=66048]
  0x00000000163d0000 WatcherThread [stack: 0x0000000016a70000,0x0000000016b70000] [id=66020]

VM state:not at safepoint (normal execution)

VM Mutex/Monitor currently owned by a thread: None

Heap:
 PSYoungGen      total 36864K, used 21148K [0x00000000eab00000, 0x00000000ed400000, 0x0000000100000000)
  eden space 31744K, 50% used [0x00000000eab00000,0x00000000ebaac108,0x00000000eca00000)
  from space 5120K, 99% used [0x00000000ecf00000,0x00000000ed3fb0d0,0x00000000ed400000)
  to   space 5120K, 0% used [0x00000000eca00000,0x00000000eca00000,0x00000000ecf00000)
 ParOldGen       total 84992K, used 6026K [0x00000000c0000000, 0x00000000c5300000, 0x00000000eab00000)
  object space 84992K, 7% used [0x00000000c0000000,0x00000000c05e29c8,0x00000000c5300000)
 Metaspace       used 6223K, capacity 7088K, committed 7296K, reserved 1056768K
  class space    used 576K, capacity 616K, committed 640K, reserved 1048576K

Card table byte_map: [0x0000000011a10000,0x0000000011c20000] byte_map_base: 0x0000000011410000

Marking Bits: (ParMarkBitMap*) 0x0000000076459d00
 Begin Bits: [0x0000000012180000, 0x0000000013180000)
 End Bits:   [0x0000000013180000, 0x0000000014180000)

Polling page: 0x0000000000450000

CodeCache: size=245760Kb used=6622Kb max_used=6638Kb free=239137Kb
 bounds [0x0000000002650000, 0x0000000002ce0000, 0x0000000011650000]
 total_blobs=1879 nmethods=1609 adapters=184
 compilation: enabled

Compilation events (10 events):
Event: 2.484 Thread 0x00000000163c7000 1622       2       java.util.TreeMap$EntryIterator::next (5 bytes)
Event: 2.484 Thread 0x00000000163c7000 nmethod 1622 0x0000000002cc3290 code [0x0000000002cc3400, 0x0000000002cc3568]
Event: 2.489 Thread 0x00000000163c7000 1624       2       com.android.dx.ssa.back.FirstFitLocalCombiningAllocator$Multiset::getAndRemoveHighestCount (63 bytes)
Event: 2.489 Thread 0x00000000163c7000 nmethod 1624 0x0000000002cc3610 code [0x0000000002cc3780, 0x0000000002cc39d0]
Event: 2.557 Thread 0x0000000014d2d800 nmethod 1481 0x0000000002cc8a10 code [0x0000000002cc8d20, 0x0000000002ccae70]
Event: 2.557 Thread 0x0000000014d2d800 1482       4       java.util.TreeMap::getEntry (84 bytes)
Event: 2.568 Thread 0x0000000014d2d800 nmethod 1482 0x0000000002cc4b90 code [0x0000000002cc4d00, 0x0000000002cc5318]
Event: 2.568 Thread 0x0000000014d2d800 1498       4       com.android.dx.ssa.MoveParamCombiner$1::visitNonMoveInsn (213 bytes)
Event: 2.611 Thread 0x0000000014d2d800 nmethod 1498 0x0000000002cd07d0 code [0x0000000002cd0aa0, 0x0000000002cd1e90]
Event: 2.611 Thread 0x0000000014d2d800 1480       4       com.android.dx.ssa.LiteralOpUpgrader::tryReplacingWithConstant (161 bytes)

GC Heap History (4 events):
Event: 1.887 GC heap before
{Heap before GC invocations=1 (full 0):
 PSYoungGen      total 36864K, used 31744K [0x00000000eab00000, 0x00000000ed400000, 0x0000000100000000)
  eden space 31744K, 100% used [0x00000000eab00000,0x00000000eca00000,0x00000000eca00000)
  from space 5120K, 0% used [0x00000000ecf00000,0x00000000ecf00000,0x00000000ed400000)
  to   space 5120K, 0% used [0x00000000eca00000,0x00000000eca00000,0x00000000ecf00000)
 ParOldGen       total 84992K, used 0K [0x00000000c0000000, 0x00000000c5300000, 0x00000000eab00000)
  object space 84992K, 0% used [0x00000000c0000000,0x00000000c0000000,0x00000000c5300000)
 Metaspace       used 5955K, capacity 6896K, committed 7040K, reserved 1056768K
  class space    used 575K, capacity 616K, committed 640K, reserved 1048576K
Event: 1.911 GC heap after
Heap after GC invocations=1 (full 0):
 PSYoungGen      total 36864K, used 5112K [0x00000000eab00000, 0x00000000ed400000, 0x0000000100000000)
  eden space 31744K, 0% used [0x00000000eab00000,0x00000000eab00000,0x00000000eca00000)
  from space 5120K, 99% used [0x00000000eca00000,0x00000000ecefe378,0x00000000ecf00000)
  to   space 5120K, 0% used [0x00000000ecf00000,0x00000000ecf00000,0x00000000ed400000)
 ParOldGen       total 84992K, used 1297K [0x00000000c0000000, 0x00000000c5300000, 0x00000000eab00000)
  object space 84992K, 1% used [0x00000000c0000000,0x00000000c01446c0,0x00000000c5300000)
 Metaspace       used 5955K, capacity 6896K, committed 7040K, reserved 1056768K
  class space    used 575K, capacity 616K, committed 640K, reserved 1048576K
}
Event: 2.358 GC heap before
{Heap before GC invocations=2 (full 0):
 PSYoungGen      total 36864K, used 36856K [0x00000000eab00000, 0x00000000ed400000, 0x0000000100000000)
  eden space 31744K, 100% used [0x00000000eab00000,0x00000000eca00000,0x00000000eca00000)
  from space 5120K, 99% used [0x00000000eca00000,0x00000000ecefe378,0x00000000ecf00000)
  to   space 5120K, 0% used [0x00000000ecf00000,0x00000000ecf00000,0x00000000ed400000)
 ParOldGen       total 84992K, used 1297K [0x00000000c0000000, 0x00000000c5300000, 0x00000000eab00000)
  object space 84992K, 1% used [0x00000000c0000000,0x00000000c01446c0,0x00000000c5300000)
 Metaspace       used 6189K, capacity 7088K, committed 7296K, reserved 1056768K
  class space    used 575K, capacity 616K, committed 640K, reserved 1048576K
Event: 2.420 GC heap after
Heap after GC invocations=2 (full 0):
 PSYoungGen      total 36864K, used 5100K [0x00000000eab00000, 0x00000000ed400000, 0x0000000100000000)
  eden space 31744K, 0% used [0x00000000eab00000,0x00000000eab00000,0x00000000eca00000)
  from space 5120K, 99% used [0x00000000ecf00000,0x00000000ed3fb0d0,0x00000000ed400000)
  to   space 5120K, 0% used [0x00000000eca00000,0x00000000eca00000,0x00000000ecf00000)
 ParOldGen       total 84992K, used 6026K [0x00000000c0000000, 0x00000000c5300000, 0x00000000eab00000)
  object space 84992K, 7% used [0x00000000c0000000,0x00000000c05e29c8,0x00000000c5300000)
 Metaspace       used 6189K, capacity 7088K, committed 7296K, reserved 1056768K
  class space    used 575K, capacity 616K, committed 640K, reserved 1048576K
}

Deoptimization events (7 events):
Event: 1.045 Thread 0x0000000002550800 Uncommon trap: reason=unstable_if action=reinterpret pc=0x0000000002791210 method=java.lang.String.indexOf(II)I @ 49
Event: 1.422 Thread 0x00000000165ce000 Uncommon trap: reason=unstable_if action=reinterpret pc=0x000000000286ad60 method=java.util.HashMap.getNode(ILjava/lang/Object;)Ljava/util/HashMap$Node; @ 129
Event: 1.465 Thread 0x00000000165ce000 Uncommon trap: reason=unstable_if action=reinterpret pc=0x000000000287f770 method=java.util.BitSet.nextSetBit(I)I @ 87
Event: 1.872 Thread 0x00000000165d1800 Uncommon trap: reason=null_check action=make_not_entrant pc=0x0000000002a7e028 method=com.android.dx.rop.type.Type.equals(Ljava/lang/Object;)Z @ 8
Event: 2.117 Thread 0x00000000165ce000 Uncommon trap: reason=unstable_if action=reinterpret pc=0x0000000002b2c930 method=com.android.dx.ssa.SCCP.simulateStmt(Lcom/android/dx/ssa/SsaInsn;)V @ 53
Event: 2.127 Thread 0x00000000165ce000 Uncommon trap: reason=unstable_if action=reinterpret pc=0x000000000293217c method=com.android.dx.rop.code.RegisterSpec.equals(ILcom/android/dx/rop/type/TypeBearer;Lcom/android/dx/rop/code/LocalItem;)Z @ 42
Event: 2.308 Thread 0x00000000165d1800 Uncommon trap: reason=unstable_if action=reinterpret pc=0x000000000290149c method=com.android.dx.rop.cst.Constant.compareTo(Lcom/android/dx/rop/cst/Constant;)I @ 12

Internal exceptions (3 events):
Event: 0.071 Thread 0x0000000002550800 Exception <a 'java/lang/NoSuchMethodError': Method sun.misc.Unsafe.defineClass(Ljava/lang/String;[BII)Ljava/lang/Class; name or signature does not match> (0x00000000eab07cc0) thrown at [C:\src\android\AOSP-openjdk\external\jetbrains\jdk\hotspot\src\share\vP/W“²?
Event: 0.071 Thread 0x0000000002550800 Exception <a 'java/lang/NoSuchMethodError': Method sun.misc.Unsafe.prefetchRead(Ljava/lang/Object;J)V name or signature does not match> (0x00000000eab07fa8) thrown at [C:\src\android\AOSP-openjdk\external\jetbrains\jdk\hotspot\src\share\vm\prims\jni.cpp, l·íöâ"ôý?
Event: 1.872 Thread 0x00000000165d1800 Implicit null exception at 0x0000000002a7df22 to 0x0000000002a7e01a

Events (10 events):
Event: 2.127 Thread 0x00000000165ce000 DEOPT UNPACKING pc=0x000000000269556a sp=0x0000000016e6eb88 mode 2
Event: 2.308 Thread 0x00000000165d1800 Uncommon trap: trap_request=0xffffff65 fr.pc=0x000000000290149c
Event: 2.308 Thread 0x00000000165d1800 DEOPT PACKING pc=0x000000000290149c sp=0x000000001706e280
Event: 2.308 Thread 0x00000000165d1800 DEOPT UNPACKING pc=0x000000000269556a sp=0x000000001706e220 mode 2
Event: 2.335 Executing VM operation: ParallelGCFailedAllocation
Event: 2.420 Executing VM operation: ParallelGCFailedAllocation done
Event: 2.428 loading class com/android/dx/cf/code/SwitchList
Event: 2.428 loading class com/android/dx/cf/code/SwitchList done
Event: 2.435 loading class com/android/dx/cf/code/BytecodeArray$ConstantParserVisitor
Event: 2.435 loading class com/android/dx/cf/code/BytecodeArray$ConstantParserVisitor done


Dynamic libraries:
0x00007ff6beda0000 - 0x00007ff6bedd5000 	E:\Android\android-studio-ide-145.2915834-windows\jre\bin\java.exe
0x00007ffc71010000 - 0x00007ffc711d1000 	C:\Windows\SYSTEM32\ntdll.dll
0x00007ffc70e50000 - 0x00007ffc70efd000 	C:\Windows\system32\KERNEL32.DLL
0x00007ffc6da90000 - 0x00007ffc6dc78000 	C:\Windows\system32\KERNELBASE.dll
0x00007ffc6eb70000 - 0x00007ffc6ec17000 	C:\Windows\system32\ADVAPI32.dll
0x00007ffc70f00000 - 0x00007ffc70f9d000 	C:\Windows\system32\msvcrt.dll
0x00007ffc6eb10000 - 0x00007ffc6eb6b000 	C:\Windows\system32\sechost.dll
0x00007ffc6ec80000 - 0x00007ffc6ed9c000 	C:\Windows\system32\RPCRT4.dll
0x00007ffc6f0f0000 - 0x00007ffc6f246000 	C:\Windows\system32\USER32.dll
0x00007ffc70960000 - 0x00007ffc70ae6000 	C:\Windows\system32\GDI32.dll
0x00007ffc5ff30000 - 0x00007ffc601a4000 	C:\Windows\WinSxS\amd64_microsoft.windows.common-controls_6595b64144ccf1df_6.0.10586.0_none_8c15ae12515e1c22\COMCTL32.dll
0x00007ffc6eda0000 - 0x00007ffc6f01d000 	C:\Windows\system32\combase.dll
0x00007ffc6d9a0000 - 0x00007ffc6da0a000 	C:\Windows\system32\bcryptPrimitives.dll
0x00007ffc6ec20000 - 0x00007ffc6ec5b000 	C:\Windows\system32\IMM32.DLL
0x0000000075bc0000 - 0x0000000075c92000 	E:\Android\android-studio-ide-145.2915834-windows\jre\jre\bin\msvcr100.dll
0x0000000075ca0000 - 0x00000000764d4000 	E:\Android\android-studio-ide-145.2915834-windows\jre\jre\bin\server\jvm.dll
0x00007ffc70c70000 - 0x00007ffc70c78000 	C:\Windows\system32\PSAPI.DLL
0x00007ffc6bc20000 - 0x00007ffc6bc29000 	C:\Windows\SYSTEM32\WSOCK32.dll
0x00007ffc70af0000 - 0x00007ffc70b5b000 	C:\Windows\system32\WS2_32.dll
0x00007ffc6b5f0000 - 0x00007ffc6b613000 	C:\Windows\SYSTEM32\WINMM.dll
0x00007ffc62e40000 - 0x00007ffc62e4a000 	C:\Windows\SYSTEM32\VERSION.dll
0x00007ffc6b590000 - 0x00007ffc6b5bc000 	C:\Windows\SYSTEM32\WINMMBASE.dll
0x00007ffc6d780000 - 0x00007ffc6d7c3000 	C:\Windows\system32\cfgmgr32.dll
0x00007ffc6bc10000 - 0x00007ffc6bc1f000 	E:\Android\android-studio-ide-145.2915834-windows\jre\jre\bin\verify.dll
0x00007ffc68150000 - 0x00007ffc68179000 	E:\Android\android-studio-ide-145.2915834-windows\jre\jre\bin\java.dll
0x00007ffc6bbd0000 - 0x00007ffc6bbe6000 	E:\Android\android-studio-ide-145.2915834-windows\jre\jre\bin\zip.dll
0x00007ffc6f400000 - 0x00007ffc7095c000 	C:\Windows\system32\SHELL32.dll
0x00007ffc6ddc0000 - 0x00007ffc6e405000 	C:\Windows\system32\windows.storage.dll
0x00007ffc70c80000 - 0x00007ffc70cd2000 	C:\Windows\system32\shlwapi.dll
0x00007ffc6d660000 - 0x00007ffc6d66f000 	C:\Windows\system32\kernel.appcore.dll
0x00007ffc6d6c0000 - 0x00007ffc6d775000 	C:\Windows\system32\shcore.dll
0x00007ffc6d670000 - 0x00007ffc6d6bb000 	C:\Windows\system32\powrprof.dll
0x00007ffc6d630000 - 0x00007ffc6d644000 	C:\Windows\system32\profapi.dll

VM Arguments:
jvm_args: -Djava.awt.headless=true -Xmx1024M -Dfile.encoding=GBK -Duser.country=CN -Duser.language=zh -Duser.variant 
java_command: com.android.dx.command.Main --dex --num-threads=4 --output E:\Teapopo\app\build\intermediates\pre-dexed\debug\gson-2.6.1_3625ad074e9d0de3f80f864386453f8548c8f899.jar C:\Users\lhq\.gradle\caches\modules-2\files-2.1\com.google.code.gson\gson\2.6.1\b9d63507329a7178e026fc334f87587ee5070ac5\gson-2.6.1.jar
java_class_path (initial): C:\Users\lhq\AppData\Local\Android\sdk\build-tools\23.0.3\lib\dx.jar
Launcher Type: SUN_STANDARD

Environment Variables:
JAVA_HOME=C:\Program Files\Java\jdk1.8.0_91
PATH=C:\ProgramData\Oracle\Java\javapath;C:\Windows\system32;C:\Windows;C:\Windows\System32\Wbem;C:\Windows\System32\WindowsPowerShell\v1.0\;C:\Users\lhq\AppData\Local\Android\sdk\platform-tools;C:\Users\lhq\AppData\Local\Android\sdk\tools;C:\Program Files\Java\jdk1.8.0_91\bin;C:\Program Files\Java\jdk1.8.0_91\jre\bin
USERNAME=lhq
OS=Windows_NT
PROCESSOR_IDENTIFIER=Intel64 Family 6 Model 69 Stepping 1, GenuineIntel



---------------  S Y S T E M  ---------------

OS: Windows 10.0 , 64 bit Build 10586 (10.0.10586.0)

CPU:total 4 (2 cores per cpu, 2 threads per core) family 6 model 69 stepping 1, cmov, cx8, fxsr, mmx, sse, sse2, sse3, ssse3, sse4.1, sse4.2, popcnt, avx, avx2, aes, clmul, erms, lzcnt, ht, tsc, tscinvbit, bmi1, bmi2

Memory: 4k page, physical 8067548k(1027456k free), swap 8067548k(5636k free)

vm_info: OpenJDK 64-Bit Server VM (25.76-b01) for windows-amd64 JRE (1.8.0_76-release-b01), built on May 12 2016 23:29:00 by "ralucas" with MS VC++ 10.0 (VS2010)

time: Mon Jul 04 16:19:15 2016
elapsed time: 2 seconds (0d 0h 0m 2s)

