#
# There is insufficient memory for the Java Runtime Environment to continue.
# Native memory allocation (malloc) failed to allocate 37696 bytes for Chunk::new
# Possible reasons:
#   The system is out of physical RAM or swap space
#   In 32 bit mode, the process size limit was hit
# Possible solutions:
#   Reduce memory load on the system
#   Increase physical memory or swap space
#   Check if swap backing store is full
#   Use 64 bit Java on a 64 bit OS
#   Decrease Java heap size (-Xmx/-Xms)
#   Decrease number of Java threads
#   Decrease Java thread stack sizes (-Xss)
#   Set larger code cache with -XX:ReservedCodeCacheSize=
# This output file may be truncated or incomplete.
#
#  Out of Memory Error (allocation.cpp:390), pid=90512, tid=0x0000000000016068
#
# JRE version: OpenJDK Runtime Environment (8.0_76-b01) (build 1.8.0_76-release-b01)
# Java VM: OpenJDK 64-Bit Server VM (25.76-b01 mixed mode windows-amd64 compressed oops)
# Failed to write core dump. Minidumps are not enabled by default on client versions of Windows
#

---------------  T H R E A D  ---------------

Current thread (0x0000000014ddc800):  JavaThread "C2 CompilerThread0" daemon [_thread_in_native, id=90216, stack(0x0000000016320000,0x0000000016420000)]

Stack: [0x0000000016320000,0x0000000016420000]
[error occurred during error reporting (printing stack bounds), id 0xc0000005]

Native frames: (J=compiled Java code, j=interpreted, Vv=VM code, C=native code)


Current CompileTask:
C2:    893  194       4       java.lang.String::startsWith (72 bytes)


---------------  P R O C E S S  ---------------

Java Threads: ( => current thread )
  0x00000000166d6000 JavaThread "pool-1-thread-4" [_thread_new, id=84044, stack(0x0000000000000000,0x0000000000000000)]
  0x00000000166d5800 JavaThread "pool-1-thread-3" [_thread_new, id=83996, stack(0x0000000000000000,0x0000000000000000)]
  0x00000000166d4000 JavaThread "pool-1-thread-2" [_thread_in_vm, id=84084, stack(0x0000000016e20000,0x0000000016f20000)]
  0x00000000166cc000 JavaThread "pool-2-thread-1" [_thread_blocked, id=84092, stack(0x0000000016d20000,0x0000000016e20000)]
  0x00000000166d1000 JavaThread "pool-1-thread-1" [_thread_in_Java, id=91068, stack(0x0000000016c20000,0x0000000016d20000)]
  0x000000001658b000 JavaThread "Service Thread" daemon [_thread_blocked, id=90464, stack(0x0000000016a20000,0x0000000016b20000)]
  0x0000000016584000 JavaThread "C1 CompilerThread2" daemon [_thread_in_vm, id=90580, stack(0x0000000016920000,0x0000000016a20000)]
  0x0000000014e2a800 JavaThread "C2 CompilerThread1" daemon [_thread_blocked, id=90524, stack(0x0000000016420000,0x0000000016520000)]
=>0x0000000014ddc800 JavaThread "C2 CompilerThread0" daemon [_thread_in_native, id=90216, stack(0x0000000016320000,0x0000000016420000)]
  0x0000000014ddb000 JavaThread "Attach Listener" daemon [_thread_blocked, id=90460, stack(0x0000000016220000,0x0000000016320000)]
  0x0000000014dd9800 JavaThread "Signal Dispatcher" daemon [_thread_blocked, id=90660, stack(0x0000000016120000,0x0000000016220000)]
  0x0000000014db8000 JavaThread "Finalizer" daemon [_thread_blocked, id=90668, stack(0x0000000016020000,0x0000000016120000)]
  0x00000000026f0000 JavaThread "Reference Handler" daemon [_thread_blocked, id=90588, stack(0x0000000015f20000,0x0000000016020000)]
  0x0000000002600800 JavaThread "main" [_thread_blocked, id=90528, stack(0x0000000002500000,0x0000000002600000)]

Other Threads:
  0x0000000014d95800 VMThread [stack: 0x0000000015e20000,0x0000000015f20000] [id=90684]
  0x000000001658d000 WatcherThread [stack: 0x0000000016b20000,0x0000000016c20000] [id=90956]

VM state:not at safepoint (normal execution)

VM Mutex/Monitor currently owned by a thread: None

Heap:
 PSYoungGen      total 36864K, used 6357K [0x00000000eab00000, 0x00000000ed400000, 0x0000000100000000)
  eden space 31744K, 20% used [0x00000000eab00000,0x00000000eb135530,0x00000000eca00000)
  from space 5120K, 0% used [0x00000000ecf00000,0x00000000ecf00000,0x00000000ed400000)
  to   space 5120K, 0% used [0x00000000eca00000,0x00000000eca00000,0x00000000ecf00000)
 ParOldGen       total 84992K, used 0K [0x00000000c0000000, 0x00000000c5300000, 0x00000000eab00000)
  object space 84992K, 0% used [0x00000000c0000000,0x00000000c0000000,0x00000000c5300000)
 Metaspace       used 4251K, capacity 5456K, committed 5760K, reserved 1056768K
  class space    used 456K, capacity 520K, committed 640K, reserved 1048576K

Card table byte_map: [0x0000000011ac0000,0x0000000011cd0000] byte_map_base: 0x00000000114c0000

Marking Bits: (ParMarkBitMap*) 0x000000005f499d00
 Begin Bits: [0x0000000012230000, 0x0000000013230000)
 End Bits:   [0x0000000013230000, 0x0000000014230000)

Polling page: 0x0000000000430000

CodeCache: size=245760Kb used=1495Kb max_used=1496Kb free=244264Kb
 bounds [0x0000000002700000, 0x0000000002970000, 0x0000000011700000]
 total_blobs=456 nmethods=194 adapters=176
 compilation: enabled

Compilation events (10 events):
Event: 0.706 Thread 0x0000000016584000 nmethod 189 0x00000000028754d0 code [0x0000000002875640, 0x00000000028759a8]
Event: 0.774 Thread 0x0000000016584000  190       3       java.lang.ref.SoftReference::get (29 bytes)
Event: 0.774 Thread 0x0000000016584000 nmethod 190 0x0000000002875110 code [0x0000000002875260, 0x0000000002875450]
Event: 0.777 Thread 0x0000000016584000  191       3       java.lang.Character::digit (6 bytes)
Event: 0.777 Thread 0x0000000016584000 nmethod 191 0x0000000002874bd0 code [0x0000000002874d40, 0x0000000002874fd8]
Event: 0.777 Thread 0x0000000016584000  192       3       java.lang.Character::digit (10 bytes)
Event: 0.777 Thread 0x0000000016584000 nmethod 192 0x0000000002874750 code [0x00000000028748c0, 0x0000000002874af8]
Event: 0.779 Thread 0x0000000016584000  193       3       java.lang.CharacterDataLatin1::digit (91 bytes)
Event: 0.779 Thread 0x0000000016584000 nmethod 193 0x00000000028740d0 code [0x0000000002874240, 0x00000000028745d0]
Event: 0.892 Thread 0x0000000014ddc800  194       4       java.lang.String::startsWith (72 bytes)

GC Heap History (0 events):
No events

Deoptimization events (0 events):
No events

Internal exceptions (2 events):
Event: 0.036 Thread 0x0000000002600800 Exception <a 'java/lang/NoSuchMethodError': Method sun.misc.Unsafe.defineClass(Ljava/lang/String;[BII)Ljava/lang/Class; name or signature does not match> (0x00000000eab07cc0) thrown at [C:\src\android\AOSP-openjdk\external\jetbrains\jdk\hotspot\src\share\v†.b´k¢?
Event: 0.036 Thread 0x0000000002600800 Exception <a 'java/lang/NoSuchMethodError': Method sun.misc.Unsafe.prefetchRead(Ljava/lang/Object;J)V name or signature does not match> (0x00000000eab07fa8) thrown at [C:\src\android\AOSP-openjdk\external\jetbrains\jdk\hotspot\src\share\vm\prims\jni.cpp, l

Events (10 events):
Event: 0.891 loading class com/android/dx/cf/code/Ropper$Subroutine
Event: 0.891 loading class com/android/dx/cf/code/Ropper$Subroutine done
Event: 0.891 loading class com/android/dx/cf/code/Ropper$CatchInfo
Event: 0.891 loading class com/android/dx/cf/code/Ropper$CatchInfo done
Event: 0.892 loading class com/android/dx/cf/code/LocalsArray
Event: 0.892 loading class com/android/dx/cf/code/LocalsArray done
Event: 0.892 loading class com/android/dx/cf/code/OneLocalsArray
Event: 0.892 loading class com/android/dx/cf/code/OneLocalsArray done
Event: 0.892 loading class com/android/dx/cf/code/LocalsArraySet
Event: 0.893 loading class com/android/dx/cf/code/LocalsArraySet done


Dynamic libraries:
0x00007ff6a3010000 - 0x00007ff6a3045000 	E:\Android\android-studio-ide-145.2915834-windows\jre\bin\java.exe
0x00007ffecf410000 - 0x00007ffecf5d1000 	C:\Windows\SYSTEM32\ntdll.dll
0x00007ffecef70000 - 0x00007ffecf01d000 	C:\Windows\system32\KERNEL32.DLL
0x00007ffecc330000 - 0x00007ffecc518000 	C:\Windows\system32\KERNELBASE.dll
0x00007ffecc9e0000 - 0x00007ffecca87000 	C:\Windows\system32\ADVAPI32.dll
0x00007ffece4c0000 - 0x00007ffece55d000 	C:\Windows\system32\msvcrt.dll
0x00007ffeccd10000 - 0x00007ffeccd6b000 	C:\Windows\system32\sechost.dll
0x00007ffece730000 - 0x00007ffece84c000 	C:\Windows\system32\RPCRT4.dll
0x00007ffece920000 - 0x00007ffecea76000 	C:\Windows\system32\USER32.dll
0x00007ffeccd90000 - 0x00007ffeccf16000 	C:\Windows\system32\GDI32.dll
0x00007ffebe600000 - 0x00007ffebe874000 	C:\Windows\WinSxS\amd64_microsoft.windows.common-controls_6595b64144ccf1df_6.0.10586.0_none_8c15ae12515e1c22\COMCTL32.dll
0x00007ffecca90000 - 0x00007ffeccd0d000 	C:\Windows\system32\combase.dll
0x00007ffecc520000 - 0x00007ffecc58a000 	C:\Windows\system32\bcryptPrimitives.dll
0x00007ffeccf20000 - 0x00007ffeccf5b000 	C:\Windows\system32\IMM32.DLL
0x00000000600f0000 - 0x00000000601c2000 	E:\Android\android-studio-ide-145.2915834-windows\jre\jre\bin\msvcr100.dll
0x000000005ece0000 - 0x000000005f514000 	E:\Android\android-studio-ide-145.2915834-windows\jre\jre\bin\server\jvm.dll
0x00007ffecf1d0000 - 0x00007ffecf1d8000 	C:\Windows\system32\PSAPI.DLL
0x00007ffec8ed0000 - 0x00007ffec8ed9000 	C:\Windows\SYSTEM32\WSOCK32.dll
0x00007ffece560000 - 0x00007ffece5cb000 	C:\Windows\system32\WS2_32.dll
0x00007ffec9d40000 - 0x00007ffec9d63000 	C:\Windows\SYSTEM32\WINMM.dll
0x00007ffec1700000 - 0x00007ffec170a000 	C:\Windows\SYSTEM32\VERSION.dll
0x0000000001f90000 - 0x0000000001fbc000 	C:\Windows\SYSTEM32\WINMMBASE.dll
0x00007ffecbbd0000 - 0x00007ffecbc13000 	C:\Windows\system32\cfgmgr32.dll
0x00007ffec8e10000 - 0x00007ffec8e1f000 	E:\Android\android-studio-ide-145.2915834-windows\jre\jre\bin\verify.dll
0x00007ffec8d10000 - 0x00007ffec8d39000 	E:\Android\android-studio-ide-145.2915834-windows\jre\jre\bin\java.dll
0x00007ffec8cd0000 - 0x00007ffec8ce6000 	E:\Android\android-studio-ide-145.2915834-windows\jre\jre\bin\zip.dll
0x00007ffeccf60000 - 0x00007ffece4bc000 	C:\Windows\system32\SHELL32.dll
0x00007ffecbce0000 - 0x00007ffecc325000 	C:\Windows\system32\windows.storage.dll
0x00007ffecea80000 - 0x00007ffecead2000 	C:\Windows\system32\shlwapi.dll
0x00007ffecba90000 - 0x00007ffecba9f000 	C:\Windows\system32\kernel.appcore.dll
0x00007ffecbc20000 - 0x00007ffecbcd5000 	C:\Windows\system32\shcore.dll
0x00007ffecba30000 - 0x00007ffecba7b000 	C:\Windows\system32\powrprof.dll
0x00007ffecbaa0000 - 0x00007ffecbab4000 	C:\Windows\system32\profapi.dll

VM Arguments:
jvm_args: -Djava.awt.headless=true -Xmx1024M -Dfile.encoding=GBK -Duser.country=CN -Duser.language=zh -Duser.variant 
java_command: com.android.dx.command.Main --dex --num-threads=4 --output E:\Teapopo\app\build\intermediates\pre-dexed\debug\converter-logansquare-1.4.0_9ab252c5aff9b827e9df407ace52540ced1b9380.jar C:\Users\lhq\.gradle\caches\modules-2\files-2.1\com.github.aurae.retrofit2\converter-logansquare\1.4.0\322af2f0bf61e44862de81e7c70f1166f07c6ec6\converter-logansquare-1.4.0.jar
java_class_path (initial): C:\Users\lhq\AppData\Local\Android\sdk\build-tools\23.0.3\lib\dx.jar
Launcher Type: SUN_STANDARD

Environment Variables:
JAVA_HOME=C:\Program Files\Java\jdk1.8.0_91
PATH=C:\ProgramData\Oracle\Java\javapath;C:\Windows\system32;C:\Windows;C:\Windows\System32\Wbem;C:\Windows\System32\WindowsPowerShell\v1.0\;C:\Users\lhq\AppData\Local\Android\sdk\platform-tools;C:\Users\lhq\AppData\Local\Android\sdk\tools;C:\Program Files\Java\jdk1.8.0_91\bin;C:\Program Files\Java\jdk1.8.0_91\jre\bin
USERNAME=lhq
OS=Windows_NT
PROCESSOR_IDENTIFIER=Intel64 Family 6 Model 69 Stepping 1, GenuineIntel



---------------  S Y S T E M  ---------------

OS: Windows 10.0 , 64 bit Build 10586 (10.0.10586.0)

CPU:total 4 (2 cores per cpu, 2 threads per core) family 6 model 69 stepping 1, cmov, cx8, fxsr, mmx, sse, sse2, sse3, ssse3, sse4.1, sse4.2, popcnt, avx, avx2, aes, clmul, erms, lzcnt, ht, tsc, tscinvbit, bmi1, bmi2

Memory: 4k page, physical 8067548k(1049444k free), swap 8067548k(3136k free)

vm_info: OpenJDK 64-Bit Server VM (25.76-b01) for windows-amd64 JRE (1.8.0_76-release-b01), built on May 12 2016 23:29:00 by "ralucas" with MS VC++ 10.0 (VS2010)

time: Thu Jul 07 09:33:37 2016
elapsed time: 0 seconds (0d 0h 0m 0s)

