#
# There is insufficient memory for the Java Runtime Environment to continue.
# Native memory allocation (malloc) failed to allocate 421456 bytes for Chunk::new
# Possible reasons:
#   The system is out of physical RAM or swap space
#   In 32 bit mode, the process size limit was hit
# Possible solutions:
#   Reduce memory load on the system
#   Increase physical memory or swap space
#   Check if swap backing store is full
#   Use 64 bit Java on a 64 bit OS
#   Decrease Java heap size (-Xmx/-Xms)
#   Decrease number of Java threads
#   Decrease Java thread stack sizes (-Xss)
#   Set larger code cache with -XX:ReservedCodeCacheSize=
# This output file may be truncated or incomplete.
#
#  Out of Memory Error (allocation.cpp:390), pid=32596, tid=0x0000000000007bdc
#
# JRE version: OpenJDK Runtime Environment (8.0_76-b01) (build 1.8.0_76-release-b01)
# Java VM: OpenJDK 64-Bit Server VM (25.76-b01 mixed mode windows-amd64 compressed oops)
# Failed to write core dump. Minidumps are not enabled by default on client versions of Windows
#

---------------  T H R E A D  ---------------

Current thread (0x0000000014c4d800):  JavaThread "C2 CompilerThread0" daemon [_thread_in_native, id=31708, stack(0x0000000016190000,0x0000000016290000)]

Stack: [0x0000000016190000,0x0000000016290000]
[error occurred during error reporting (printing stack bounds), id 0xc0000005]

Native frames: (J=compiled Java code, j=interpreted, Vv=VM code, C=native code)


Current CompileTask:
C2:   2595 1362       4       com.android.dx.ssa.SsaBasicBlock::newFromRop (183 bytes)


---------------  P R O C E S S  ---------------

Java Threads: ( => current thread )
  0x0000000016555000 JavaThread "pool-1-thread-4" [_thread_in_Java, id=32396, stack(0x0000000016e90000,0x0000000016f90000)]
  0x0000000016545800 JavaThread "pool-1-thread-3" [_thread_in_Java, id=32028, stack(0x0000000016d90000,0x0000000016e90000)]
  0x0000000016490800 JavaThread "pool-1-thread-2" [_thread_in_Java, id=32480, stack(0x0000000016c90000,0x0000000016d90000)]
  0x000000001648c800 JavaThread "pool-2-thread-1" [_thread_blocked, id=32448, stack(0x0000000016b90000,0x0000000016c90000)]
  0x00000000164d2800 JavaThread "pool-1-thread-1" [_thread_in_Java, id=32740, stack(0x0000000016a90000,0x0000000016b90000)]
  0x0000000016306000 JavaThread "Service Thread" daemon [_thread_blocked, id=30332, stack(0x0000000016890000,0x0000000016990000)]
  0x00000000162e1000 JavaThread "C1 CompilerThread2" daemon [_thread_blocked, id=29900, stack(0x0000000016790000,0x0000000016890000)]
  0x0000000014c9a800 JavaThread "C2 CompilerThread1" daemon [_thread_in_native, id=30568, stack(0x0000000016690000,0x0000000016790000)]
=>0x0000000014c4d800 JavaThread "C2 CompilerThread0" daemon [_thread_in_native, id=31708, stack(0x0000000016190000,0x0000000016290000)]
  0x0000000014c4c000 JavaThread "Attach Listener" daemon [_thread_blocked, id=32680, stack(0x0000000016090000,0x0000000016190000)]
  0x0000000014c4b000 JavaThread "Signal Dispatcher" daemon [_thread_blocked, id=31312, stack(0x0000000015f90000,0x0000000016090000)]
  0x0000000014c28800 JavaThread "Finalizer" daemon [_thread_blocked, id=29096, stack(0x0000000015e90000,0x0000000015f90000)]
  0x0000000002560000 JavaThread "Reference Handler" daemon [_thread_blocked, id=32600, stack(0x0000000015d90000,0x0000000015e90000)]
  0x0000000002470800 JavaThread "main" [_thread_in_Java, id=31588, stack(0x0000000002300000,0x0000000002400000)]

Other Threads:
  0x0000000014c05800 VMThread [stack: 0x0000000015c90000,0x0000000015d90000] [id=32112]
  0x0000000016308000 WatcherThread [stack: 0x0000000016990000,0x0000000016a90000] [id=31956]

VM state:not at safepoint (normal execution)

VM Mutex/Monitor currently owned by a thread: None

Heap:
 PSYoungGen      total 68608K, used 66564K [0x00000000eab00000, 0x00000000ef300000, 0x0000000100000000)
  eden space 63488K, 96% used [0x00000000eab00000,0x00000000ee7086b0,0x00000000ee900000)
  from space 5120K, 99% used [0x00000000eee00000,0x00000000ef2f8c50,0x00000000ef300000)
  to   space 5120K, 0% used [0x00000000ee900000,0x00000000ee900000,0x00000000eee00000)
 ParOldGen       total 84992K, used 10245K [0x00000000c0000000, 0x00000000c5300000, 0x00000000eab00000)
  object space 84992K, 12% used [0x00000000c0000000,0x00000000c0a01580,0x00000000c5300000)
 Metaspace       used 5991K, capacity 6960K, committed 7040K, reserved 1056768K
  class space    used 571K, capacity 616K, committed 640K, reserved 1048576K

Card table byte_map: [0x0000000011930000,0x0000000011b40000] byte_map_base: 0x0000000011330000

Marking Bits: (ParMarkBitMap*) 0x0000000076459d00
 Begin Bits: [0x00000000120a0000, 0x00000000130a0000)
 End Bits:   [0x00000000130a0000, 0x00000000140a0000)

Polling page: 0x0000000001e40000

CodeCache: size=245760Kb used=5931Kb max_used=5946Kb free=239828Kb
 bounds [0x0000000002570000, 0x0000000002b50000, 0x0000000011570000]
 total_blobs=1634 nmethods=1364 adapters=184
 compilation: enabled

Compilation events (10 events):
Event: 2.478 Thread 0x00000000162e1000 1395       3       com.android.dx.ssa.back.FirstFitLocalCombiningAllocator::handleNormalUnassociated (99 bytes)
Event: 2.480 Thread 0x00000000162e1000 nmethod 1395 0x0000000002b38cd0 code [0x0000000002b38f80, 0x0000000002b3a338]
Event: 2.486 Thread 0x00000000162e1000 1397       2       com.android.dx.ssa.BasicRegisterMapper::<init> (17 bytes)
Event: 2.486 Thread 0x00000000162e1000 nmethod 1397 0x0000000002b18c50 code [0x0000000002b18dc0, 0x0000000002b18fa8]
Event: 2.498 Thread 0x00000000162e1000 1399 %     3       com.android.dx.ssa.SCCP::<init> @ 113 (142 bytes)
Event: 2.499 Thread 0x00000000162e1000 nmethod 1399% 0x0000000002b3add0 code [0x0000000002b3b040, 0x0000000002b3c1a8]
Event: 2.499 Thread 0x00000000162e1000 1400 %     3       com.android.dx.ssa.SCCP::replaceConstants @ 2 (209 bytes)
Event: 2.501 Thread 0x00000000162e1000 nmethod 1400% 0x0000000002b3cad0 code [0x0000000002b3cde0, 0x0000000002b3e9b8]
Event: 2.518 Thread 0x0000000014c4d800 nmethod 1357% 0x0000000002b41f10 code [0x0000000002b420e0, 0x0000000002b42f98]
Event: 2.518 Thread 0x0000000014c4d800 1362       4       com.android.dx.ssa.SsaBasicBlock::newFromRop (183 bytes)

GC Heap History (4 events):
Event: 1.234 GC heap before
{Heap before GC invocations=1 (full 0):
 PSYoungGen      total 36864K, used 31744K [0x00000000eab00000, 0x00000000ed400000, 0x0000000100000000)
  eden space 31744K, 100% used [0x00000000eab00000,0x00000000eca00000,0x00000000eca00000)
  from space 5120K, 0% used [0x00000000ecf00000,0x00000000ecf00000,0x00000000ed400000)
  to   space 5120K, 0% used [0x00000000eca00000,0x00000000eca00000,0x00000000ecf00000)
 ParOldGen       total 84992K, used 0K [0x00000000c0000000, 0x00000000c5300000, 0x00000000eab00000)
  object space 84992K, 0% used [0x00000000c0000000,0x00000000c0000000,0x00000000c5300000)
 Metaspace       used 5830K, capacity 6832K, committed 7040K, reserved 1056768K
  class space    used 569K, capacity 616K, committed 640K, reserved 1048576K
Event: 1.357 GC heap after
Heap after GC invocations=1 (full 0):
 PSYoungGen      total 36864K, used 5088K [0x00000000eab00000, 0x00000000ef300000, 0x0000000100000000)
  eden space 31744K, 0% used [0x00000000eab00000,0x00000000eab00000,0x00000000eca00000)
  from space 5120K, 99% used [0x00000000eca00000,0x00000000ecef82b0,0x00000000ecf00000)
  to   space 5120K, 0% used [0x00000000eee00000,0x00000000eee00000,0x00000000ef300000)
 ParOldGen       total 84992K, used 3278K [0x00000000c0000000, 0x00000000c5300000, 0x00000000eab00000)
  object space 84992K, 3% used [0x00000000c0000000,0x00000000c0333b88,0x00000000c5300000)
 Metaspace       used 5830K, capacity 6832K, committed 7040K, reserved 1056768K
  class space    used 569K, capacity 616K, committed 640K, reserved 1048576K
}
Event: 1.875 GC heap before
{Heap before GC invocations=2 (full 0):
 PSYoungGen      total 36864K, used 36832K [0x00000000eab00000, 0x00000000ef300000, 0x0000000100000000)
  eden space 31744K, 100% used [0x00000000eab00000,0x00000000eca00000,0x00000000eca00000)
  from space 5120K, 99% used [0x00000000eca00000,0x00000000ecef82b0,0x00000000ecf00000)
  to   space 5120K, 0% used [0x00000000eee00000,0x00000000eee00000,0x00000000ef300000)
 ParOldGen       total 84992K, used 3278K [0x00000000c0000000, 0x00000000c5300000, 0x00000000eab00000)
  object space 84992K, 3% used [0x00000000c0000000,0x00000000c0333b88,0x00000000c5300000)
 Metaspace       used 5967K, capacity 6896K, committed 7040K, reserved 1056768K
  class space    used 571K, capacity 616K, committed 640K, reserved 1048576K
Event: 1.892 GC heap after
Heap after GC invocations=2 (full 0):
 PSYoungGen      total 68608K, used 5091K [0x00000000eab00000, 0x00000000ef300000, 0x0000000100000000)
  eden space 63488K, 0% used [0x00000000eab00000,0x00000000eab00000,0x00000000ee900000)
  from space 5120K, 99% used [0x00000000eee00000,0x00000000ef2f8c50,0x00000000ef300000)
  to   space 5120K, 0% used [0x00000000ee900000,0x00000000ee900000,0x00000000eee00000)
 ParOldGen       total 84992K, used 10245K [0x00000000c0000000, 0x00000000c5300000, 0x00000000eab00000)
  object space 84992K, 12% used [0x00000000c0000000,0x00000000c0a01580,0x00000000c5300000)
 Metaspace       used 5967K, capacity 6896K, committed 7040K, reserved 1056768K
  class space    used 571K, capacity 616K, committed 640K, reserved 1048576K
}

Deoptimization events (10 events):
Event: 0.588 Thread 0x0000000016490800 Uncommon trap: reason=unstable_if action=reinterpret pc=0x0000000002761ee4 method=java.util.HashMap.getNode(ILjava/lang/Object;)Ljava/util/HashMap$Node; @ 129
Event: 1.411 Thread 0x0000000016545800 Uncommon trap: reason=unstable_if action=reinterpret pc=0x000000000291ca8c method=com.android.dx.cf.code.ByteCatchList.listFor(I)Lcom/android/dx/cf/code/ByteCatchList; @ 19
Event: 1.416 Thread 0x0000000016545800 Uncommon trap: reason=unstable_if action=reinterpret pc=0x00000000027a8ef8 method=com.android.dx.cf.code.Ropper.labelToResultIndex(I)I @ 34
Event: 1.416 Thread 0x0000000016545800 Uncommon trap: reason=unstable_if action=reinterpret pc=0x00000000027a51d8 method=com.android.dx.cf.code.Ropper.labelToResultIndex(I)I @ 34
Event: 1.928 Thread 0x0000000016555000 Uncommon trap: reason=unstable_if action=reinterpret pc=0x0000000002a6b324 method=com.android.dx.ssa.SsaRenamer$BlockRenamer.process()V @ 90
Event: 1.929 Thread 0x0000000016555000 Uncommon trap: reason=class_check action=maybe_recompile pc=0x00000000028eaf18 method=com.android.dx.ssa.NormalSsaInsn.accept(Lcom/android/dx/ssa/SsaInsn$Visitor;)V @ 9
Event: 1.929 Thread 0x0000000016555000 Uncommon trap: reason=class_check action=maybe_recompile pc=0x00000000028eaf18 method=com.android.dx.ssa.NormalSsaInsn.accept(Lcom/android/dx/ssa/SsaInsn$Visitor;)V @ 9
Event: 1.929 Thread 0x0000000016555000 Uncommon trap: reason=class_check action=maybe_recompile pc=0x00000000028eaf18 method=com.android.dx.ssa.NormalSsaInsn.accept(Lcom/android/dx/ssa/SsaInsn$Visitor;)V @ 9
Event: 1.929 Thread 0x0000000016555000 Uncommon trap: reason=class_check action=maybe_recompile pc=0x00000000028eaf18 method=com.android.dx.ssa.NormalSsaInsn.accept(Lcom/android/dx/ssa/SsaInsn$Visitor;)V @ 9
Event: 2.446 Thread 0x0000000016545800 Uncommon trap: reason=unstable_if action=reinterpret pc=0x00000000029ad0c4 method=com.android.dx.util.LabeledList.set(ILcom/android/dx/util/LabeledItem;)V @ 16

Internal exceptions (2 events):
Event: 0.046 Thread 0x0000000002470800 Exception <a 'java/lang/NoSuchMethodError': Method sun.misc.Unsafe.defineClass(Ljava/lang/String;[BII)Ljava/lang/Class; name or signature does not match> (0x00000000eab07cc0) thrown at [C:\src\android\AOSP-openjdk\external\jetbrains\jdk\hotspot\src\share\v_@¸
Event: 0.046 Thread 0x0000000002470800 Exception <a 'java/lang/NoSuchMethodError': Method sun.misc.Unsafe.prefetchRead(Ljava/lang/Object;J)V name or signature does not match> (0x00000000eab07fa8) thrown at [C:\src\android\AOSP-openjdk\external\jetbrains\jdk\hotspot\src\share\vm\prims\jni.cpp, l

Events (10 events):
Event: 2.446 Thread 0x0000000016545800 DEOPT PACKING pc=0x00000000029ad0c4 sp=0x0000000016e8e700
Event: 2.446 Thread 0x0000000016545800 DEOPT UNPACKING pc=0x00000000025b556a sp=0x0000000016e8e6e8 mode 2
Event: 2.449 Thread 0x0000000016555000 DEOPT PACKING pc=0x00000000028bf761 sp=0x0000000016f8e7b0
Event: 2.449 Thread 0x0000000016555000 DEOPT UNPACKING pc=0x00000000025b75bf sp=0x0000000016f8e520 mode 0
Event: 2.464 Thread 0x0000000016545800 DEOPT PACKING pc=0x00000000028bf761 sp=0x0000000016e8e720
Event: 2.464 Thread 0x0000000016545800 DEOPT UNPACKING pc=0x00000000025b75bf sp=0x0000000016e8e4a0 mode 0
Event: 2.474 Thread 0x00000000164d2800 DEOPT PACKING pc=0x0000000002a64ac5 sp=0x0000000016b8ee10
Event: 2.474 Thread 0x00000000164d2800 DEOPT UNPACKING pc=0x00000000025b75bf sp=0x0000000016b8eb40 mode 0
Event: 2.478 Thread 0x0000000016555000 DEOPT PACKING pc=0x0000000002a4aeac sp=0x0000000016f8e8d0
Event: 2.478 Thread 0x0000000016555000 DEOPT UNPACKING pc=0x00000000025b75bf sp=0x0000000016f8e668 mode 0


Dynamic libraries:
0x00007ff6beda0000 - 0x00007ff6bedd5000 	E:\Android\android-studio-ide-145.2915834-windows\jre\bin\java.exe
0x00007ffc71010000 - 0x00007ffc711d1000 	C:\Windows\SYSTEM32\ntdll.dll
0x00007ffc70e50000 - 0x00007ffc70efd000 	C:\Windows\system32\KERNEL32.DLL
0x00007ffc6da90000 - 0x00007ffc6dc78000 	C:\Windows\system32\KERNELBASE.dll
0x00007ffc6eb70000 - 0x00007ffc6ec17000 	C:\Windows\system32\ADVAPI32.dll
0x00007ffc70f00000 - 0x00007ffc70f9d000 	C:\Windows\system32\msvcrt.dll
0x00007ffc6eb10000 - 0x00007ffc6eb6b000 	C:\Windows\system32\sechost.dll
0x00007ffc6ec80000 - 0x00007ffc6ed9c000 	C:\Windows\system32\RPCRT4.dll
0x00007ffc6f0f0000 - 0x00007ffc6f246000 	C:\Windows\system32\USER32.dll
0x00007ffc70960000 - 0x00007ffc70ae6000 	C:\Windows\system32\GDI32.dll
0x00007ffc5ff30000 - 0x00007ffc601a4000 	C:\Windows\WinSxS\amd64_microsoft.windows.common-controls_6595b64144ccf1df_6.0.10586.0_none_8c15ae12515e1c22\COMCTL32.dll
0x00007ffc6eda0000 - 0x00007ffc6f01d000 	C:\Windows\system32\combase.dll
0x00007ffc6d9a0000 - 0x00007ffc6da0a000 	C:\Windows\system32\bcryptPrimitives.dll
0x00007ffc6ec20000 - 0x00007ffc6ec5b000 	C:\Windows\system32\IMM32.DLL
0x0000000075bc0000 - 0x0000000075c92000 	E:\Android\android-studio-ide-145.2915834-windows\jre\jre\bin\msvcr100.dll
0x0000000075ca0000 - 0x00000000764d4000 	E:\Android\android-studio-ide-145.2915834-windows\jre\jre\bin\server\jvm.dll
0x00007ffc70c70000 - 0x00007ffc70c78000 	C:\Windows\system32\PSAPI.DLL
0x00007ffc6bbe0000 - 0x00007ffc6bbe9000 	C:\Windows\SYSTEM32\WSOCK32.dll
0x00007ffc70af0000 - 0x00007ffc70b5b000 	C:\Windows\system32\WS2_32.dll
0x00007ffc6b5f0000 - 0x00007ffc6b613000 	C:\Windows\SYSTEM32\WINMM.dll
0x00007ffc62e40000 - 0x00007ffc62e4a000 	C:\Windows\SYSTEM32\VERSION.dll
0x00007ffc6b590000 - 0x00007ffc6b5bc000 	C:\Windows\SYSTEM32\WINMMBASE.dll
0x00007ffc6d780000 - 0x00007ffc6d7c3000 	C:\Windows\system32\cfgmgr32.dll
0x00007ffc6bbd0000 - 0x00007ffc6bbdf000 	E:\Android\android-studio-ide-145.2915834-windows\jre\jre\bin\verify.dll
0x00007ffc68150000 - 0x00007ffc68179000 	E:\Android\android-studio-ide-145.2915834-windows\jre\jre\bin\java.dll
0x00007ffc6ad40000 - 0x00007ffc6ad56000 	E:\Android\android-studio-ide-145.2915834-windows\jre\jre\bin\zip.dll
0x00007ffc6f400000 - 0x00007ffc7095c000 	C:\Windows\system32\SHELL32.dll
0x00007ffc6ddc0000 - 0x00007ffc6e405000 	C:\Windows\system32\windows.storage.dll
0x00007ffc70c80000 - 0x00007ffc70cd2000 	C:\Windows\system32\shlwapi.dll
0x00007ffc6d660000 - 0x00007ffc6d66f000 	C:\Windows\system32\kernel.appcore.dll
0x00007ffc6d6c0000 - 0x00007ffc6d775000 	C:\Windows\system32\shcore.dll
0x00007ffc6d670000 - 0x00007ffc6d6bb000 	C:\Windows\system32\powrprof.dll
0x00007ffc6d630000 - 0x00007ffc6d644000 	C:\Windows\system32\profapi.dll

VM Arguments:
jvm_args: -Djava.awt.headless=true -Xmx1024M -Dfile.encoding=GBK -Duser.country=CN -Duser.language=zh -Duser.variant 
java_command: com.android.dx.command.Main --dex --num-threads=4 --output E:\Teapopo\app\build\intermediates\pre-dexed\debug\prettytime-3.2.7.Final_6045bf371a9f4ed5e779901eba4bdd457bd5ea74.jar C:\Users\lhq\.gradle\caches\modules-2\files-2.1\org.ocpsoft.prettytime\prettytime\3.2.7.Final\4b216ebcf284752a40e11c39c2ea62bc45528c33\prettytime-3.2.7.Final.jar
java_class_path (initial): C:\Users\lhq\AppData\Local\Android\sdk\build-tools\23.0.3\lib\dx.jar
Launcher Type: SUN_STANDARD

Environment Variables:
JAVA_HOME=C:\Program Files\Java\jdk1.8.0_91
PATH=C:\ProgramData\Oracle\Java\javapath;C:\Windows\system32;C:\Windows;C:\Windows\System32\Wbem;C:\Windows\System32\WindowsPowerShell\v1.0\;C:\Users\lhq\AppData\Local\Android\sdk\platform-tools;C:\Users\lhq\AppData\Local\Android\sdk\tools;C:\Program Files\Java\jdk1.8.0_91\bin;C:\Program Files\Java\jdk1.8.0_91\jre\bin
USERNAME=lhq
OS=Windows_NT
PROCESSOR_IDENTIFIER=Intel64 Family 6 Model 69 Stepping 1, GenuineIntel



---------------  S Y S T E M  ---------------

OS: Windows 10.0 , 64 bit Build 10586 (10.0.10586.0)

CPU:total 4 (2 cores per cpu, 2 threads per core) family 6 model 69 stepping 1, cmov, cx8, fxsr, mmx, sse, sse2, sse3, ssse3, sse4.1, sse4.2, popcnt, avx, avx2, aes, clmul, erms, lzcnt, ht, tsc, tscinvbit, bmi1, bmi2

Memory: 4k page, physical 8067548k(1081708k free), swap 8067548k(5456k free)

vm_info: OpenJDK 64-Bit Server VM (25.76-b01) for windows-amd64 JRE (1.8.0_76-release-b01), built on May 12 2016 23:29:00 by "ralucas" with MS VC++ 10.0 (VS2010)

time: Mon Jul 04 09:54:01 2016
elapsed time: 2 seconds (0d 0h 0m 2s)

