#
# There is insufficient memory for the Java Runtime Environment to continue.
# Native memory allocation (malloc) failed to allocate 1000096 bytes for Chunk::new
# Possible reasons:
#   The system is out of physical RAM or swap space
#   In 32 bit mode, the process size limit was hit
# Possible solutions:
#   Reduce memory load on the system
#   Increase physical memory or swap space
#   Check if swap backing store is full
#   Use 64 bit Java on a 64 bit OS
#   Decrease Java heap size (-Xmx/-Xms)
#   Decrease number of Java threads
#   Decrease Java thread stack sizes (-Xss)
#   Set larger code cache with -XX:ReservedCodeCacheSize=
# This output file may be truncated or incomplete.
#
#  Out of Memory Error (allocation.cpp:390), pid=170796, tid=0x0000000000029bd0
#
# JRE version: OpenJDK Runtime Environment (8.0_76-b01) (build 1.8.0_76-release-b01)
# Java VM: OpenJDK 64-Bit Server VM (25.76-b01 mixed mode windows-amd64 compressed oops)
# Failed to write core dump. Minidumps are not enabled by default on client versions of Windows
#

---------------  T H R E A D  ---------------

Current thread (0x0000000014bcd800):  JavaThread "C2 CompilerThread0" daemon [_thread_in_native, id=170960, stack(0x0000000016180000,0x0000000016280000)]

Stack: [0x0000000016180000,0x0000000016280000]
[error occurred during error reporting (printing stack bounds), id 0xc0000005]

Native frames: (J=compiled Java code, j=interpreted, Vv=VM code, C=native code)


Current CompileTask:
C2:   4519 1826   !   4       com.android.dx.cf.code.BytecodeArray::parseInstruction (2764 bytes)


---------------  P R O C E S S  ---------------

Java Threads: ( => current thread )
  0x00000000165e8800 JavaThread "pool-1-thread-4" [_thread_blocked, id=163852, stack(0x0000000016e80000,0x0000000016f80000)]
  0x00000000165e8000 JavaThread "pool-1-thread-3" [_thread_blocked, id=167576, stack(0x0000000016d80000,0x0000000016e80000)]
  0x0000000016615800 JavaThread "pool-1-thread-2" [_thread_blocked, id=167412, stack(0x0000000016c80000,0x0000000016d80000)]
  0x00000000165e0800 JavaThread "pool-2-thread-1" [_thread_blocked, id=169880, stack(0x0000000016b80000,0x0000000016c80000)]
  0x00000000165de000 JavaThread "pool-1-thread-1" [_thread_blocked, id=170660, stack(0x0000000016a80000,0x0000000016b80000)]
  0x00000000163df800 JavaThread "Service Thread" daemon [_thread_blocked, id=160964, stack(0x0000000016880000,0x0000000016980000)]
  0x0000000016380800 JavaThread "C1 CompilerThread2" daemon [_thread_blocked, id=166016, stack(0x0000000016780000,0x0000000016880000)]
  0x0000000014c1c000 JavaThread "C2 CompilerThread1" daemon [_thread_in_native, id=169664, stack(0x0000000016280000,0x0000000016380000)]
=>0x0000000014bcd800 JavaThread "C2 CompilerThread0" daemon [_thread_in_native, id=170960, stack(0x0000000016180000,0x0000000016280000)]
  0x0000000014bcc000 JavaThread "Attach Listener" daemon [_thread_blocked, id=170696, stack(0x0000000016080000,0x0000000016180000)]
  0x0000000014bcb000 JavaThread "Signal Dispatcher" daemon [_thread_blocked, id=169000, stack(0x0000000015f80000,0x0000000016080000)]
  0x0000000014ba8800 JavaThread "Finalizer" daemon [_thread_blocked, id=170268, stack(0x0000000015e10000,0x0000000015f10000)]
  0x00000000024c0000 JavaThread "Reference Handler" daemon [_thread_blocked, id=170480, stack(0x0000000015d10000,0x0000000015e10000)]
  0x00000000023d0800 JavaThread "main" [_thread_in_vm_trans, id=170592, stack(0x0000000001f70000,0x0000000002070000)]

Other Threads:
  0x0000000014b85800 VMThread [stack: 0x0000000015c10000,0x0000000015d10000] [id=170580]
  0x00000000163e2000 WatcherThread [stack: 0x0000000016980000,0x0000000016a80000] [id=169024]

VM state:not at safepoint (normal execution)

VM Mutex/Monitor currently owned by a thread: None

Heap:
 PSYoungGen      total 68608K, used 60351K [0x00000000eab00000, 0x00000000ef300000, 0x0000000100000000)
  eden space 63488K, 87% used [0x00000000eab00000,0x00000000ee0f7680,0x00000000ee900000)
  from space 5120K, 99% used [0x00000000eee00000,0x00000000ef2f8748,0x00000000ef300000)
  to   space 5120K, 0% used [0x00000000ee900000,0x00000000ee900000,0x00000000eee00000)
 ParOldGen       total 84992K, used 13529K [0x00000000c0000000, 0x00000000c5300000, 0x00000000eab00000)
  object space 84992K, 15% used [0x00000000c0000000,0x00000000c0d36480,0x00000000c5300000)
 Metaspace       used 6303K, capacity 7152K, committed 7296K, reserved 1056768K
  class space    used 581K, capacity 616K, committed 640K, reserved 1048576K

Card table byte_map: [0x0000000011890000,0x0000000011aa0000] byte_map_base: 0x0000000011290000

Marking Bits: (ParMarkBitMap*) 0x000000005f499d00
 Begin Bits: [0x0000000012000000, 0x0000000013000000)
 End Bits:   [0x0000000013000000, 0x0000000014000000)

Polling page: 0x0000000000500000

CodeCache: size=245760Kb used=7329Kb max_used=7355Kb free=238430Kb
 bounds [0x00000000024d0000, 0x0000000002c10000, 0x00000000114d0000]
 total_blobs=2060 nmethods=1790 adapters=184
 compilation: enabled

Compilation events (10 events):
Event: 4.187 Thread 0x0000000016380800 1824       3       com.android.dx.ssa.SsaMethod::updateOneDefinition (70 bytes)
Event: 4.187 Thread 0x0000000016380800 nmethod 1824 0x0000000002bebf50 code [0x0000000002bec100, 0x0000000002bec928]
Event: 4.187 Thread 0x0000000014bcd800 nmethod 1817 0x0000000002bf2550 code [0x0000000002bf2ec0, 0x0000000002bf37d8]
Event: 4.188 Thread 0x0000000014bcd800 1823       4       com.android.dx.ssa.back.FirstFitLocalCombiningAllocator::findNextUnreservedRopReg (68 bytes)
Event: 4.193 Thread 0x0000000014bcd800 nmethod 1823 0x0000000002bde010 code [0x0000000002bde180, 0x0000000002bde5b8]
Event: 4.194 Thread 0x0000000014bcd800 1826   !   4       com.android.dx.cf.code.BytecodeArray::parseInstruction (2764 bytes)
Event: 4.210 Thread 0x0000000016380800 1833       2       java.util.HashMap::putVal (300 bytes)
Event: 4.211 Thread 0x0000000016380800 nmethod 1833 0x0000000002beafd0 code [0x0000000002beb1e0, 0x0000000002beb8f8]
Event: 4.417 Thread 0x0000000014c1c000 nmethod 1816 0x0000000002bfe410 code [0x0000000002bfe7c0, 0x0000000002c02430]
Event: 4.417 Thread 0x0000000014c1c000 1828       4       com.android.dx.ssa.SCCP::simulateBranch (666 bytes)

GC Heap History (8 events):
Event: 2.069 GC heap before
{Heap before GC invocations=1 (full 0):
 PSYoungGen      total 36864K, used 31744K [0x00000000eab00000, 0x00000000ed400000, 0x0000000100000000)
  eden space 31744K, 100% used [0x00000000eab00000,0x00000000eca00000,0x00000000eca00000)
  from space 5120K, 0% used [0x00000000ecf00000,0x00000000ecf00000,0x00000000ed400000)
  to   space 5120K, 0% used [0x00000000eca00000,0x00000000eca00000,0x00000000ecf00000)
 ParOldGen       total 84992K, used 0K [0x00000000c0000000, 0x00000000c5300000, 0x00000000eab00000)
  object space 84992K, 0% used [0x00000000c0000000,0x00000000c0000000,0x00000000c5300000)
 Metaspace       used 5875K, capacity 6832K, committed 7040K, reserved 1056768K
  class space    used 578K, capacity 616K, committed 640K, reserved 1048576K
Event: 2.081 GC heap after
Heap after GC invocations=1 (full 0):
 PSYoungGen      total 36864K, used 5099K [0x00000000eab00000, 0x00000000ed400000, 0x0000000100000000)
  eden space 31744K, 0% used [0x00000000eab00000,0x00000000eab00000,0x00000000eca00000)
  from space 5120K, 99% used [0x00000000eca00000,0x00000000ecefaf38,0x00000000ecf00000)
  to   space 5120K, 0% used [0x00000000ecf00000,0x00000000ecf00000,0x00000000ed400000)
 ParOldGen       total 84992K, used 131K [0x00000000c0000000, 0x00000000c5300000, 0x00000000eab00000)
  object space 84992K, 0% used [0x00000000c0000000,0x00000000c0020c18,0x00000000c5300000)
 Metaspace       used 5875K, capacity 6832K, committed 7040K, reserved 1056768K
  class space    used 578K, capacity 616K, committed 640K, reserved 1048576K
}
Event: 2.700 GC heap before
{Heap before GC invocations=2 (full 0):
 PSYoungGen      total 36864K, used 36843K [0x00000000eab00000, 0x00000000ed400000, 0x0000000100000000)
  eden space 31744K, 100% used [0x00000000eab00000,0x00000000eca00000,0x00000000eca00000)
  from space 5120K, 99% used [0x00000000eca00000,0x00000000ecefaf38,0x00000000ecf00000)
  to   space 5120K, 0% used [0x00000000ecf00000,0x00000000ecf00000,0x00000000ed400000)
 ParOldGen       total 84992K, used 131K [0x00000000c0000000, 0x00000000c5300000, 0x00000000eab00000)
  object space 84992K, 0% used [0x00000000c0000000,0x00000000c0020c18,0x00000000c5300000)
 Metaspace       used 6176K, capacity 7088K, committed 7296K, reserved 1056768K
  class space    used 580K, capacity 616K, committed 640K, reserved 1048576K
Event: 2.732 GC heap after
Heap after GC invocations=2 (full 0):
 PSYoungGen      total 36864K, used 5094K [0x00000000eab00000, 0x00000000ef300000, 0x0000000100000000)
  eden space 31744K, 0% used [0x00000000eab00000,0x00000000eab00000,0x00000000eca00000)
  from space 5120K, 99% used [0x00000000ecf00000,0x00000000ed3f9b48,0x00000000ed400000)
  to   space 5120K, 0% used [0x00000000eca00000,0x00000000eca00000,0x00000000ecf00000)
 ParOldGen       total 84992K, used 3718K [0x00000000c0000000, 0x00000000c5300000, 0x00000000eab00000)
  object space 84992K, 4% used [0x00000000c0000000,0x00000000c03a1a30,0x00000000c5300000)
 Metaspace       used 6176K, capacity 7088K, committed 7296K, reserved 1056768K
  class space    used 580K, capacity 616K, committed 640K, reserved 1048576K
}
Event: 3.090 GC heap before
{Heap before GC invocations=3 (full 0):
 PSYoungGen      total 36864K, used 36838K [0x00000000eab00000, 0x00000000ef300000, 0x0000000100000000)
  eden space 31744K, 100% used [0x00000000eab00000,0x00000000eca00000,0x00000000eca00000)
  from space 5120K, 99% used [0x00000000ecf00000,0x00000000ed3f9b48,0x00000000ed400000)
  to   space 5120K, 0% used [0x00000000eca00000,0x00000000eca00000,0x00000000ecf00000)
 ParOldGen       total 84992K, used 3718K [0x00000000c0000000, 0x00000000c5300000, 0x00000000eab00000)
  object space 84992K, 4% used [0x00000000c0000000,0x00000000c03a1a30,0x00000000c5300000)
 Metaspace       used 6227K, capacity 7088K, committed 7296K, reserved 1056768K
  class space    used 581K, capacity 616K, committed 640K, reserved 1048576K
Event: 3.131 GC heap after
Heap after GC invocations=3 (full 0):
 PSYoungGen      total 36864K, used 5097K [0x00000000eab00000, 0x00000000ef300000, 0x0000000100000000)
  eden space 31744K, 0% used [0x00000000eab00000,0x00000000eab00000,0x00000000eca00000)
  from space 5120K, 99% used [0x00000000eca00000,0x00000000ecefa708,0x00000000ecf00000)
  to   space 5120K, 0% used [0x00000000eee00000,0x00000000eee00000,0x00000000ef300000)
 ParOldGen       total 84992K, used 8765K [0x00000000c0000000, 0x00000000c5300000, 0x00000000eab00000)
  object space 84992K, 10% used [0x00000000c0000000,0x00000000c088f7e8,0x00000000c5300000)
 Metaspace       used 6227K, capacity 7088K, committed 7296K, reserved 1056768K
  class space    used 581K, capacity 616K, committed 640K, reserved 1048576K
}
Event: 3.392 GC heap before
{Heap before GC invocations=4 (full 0):
 PSYoungGen      total 36864K, used 36841K [0x00000000eab00000, 0x00000000ef300000, 0x0000000100000000)
  eden space 31744K, 100% used [0x00000000eab00000,0x00000000eca00000,0x00000000eca00000)
  from space 5120K, 99% used [0x00000000eca00000,0x00000000ecefa708,0x00000000ecf00000)
  to   space 5120K, 0% used [0x00000000eee00000,0x00000000eee00000,0x00000000ef300000)
 ParOldGen       total 84992K, used 8765K [0x00000000c0000000, 0x00000000c5300000, 0x00000000eab00000)
  object space 84992K, 10% used [0x00000000c0000000,0x00000000c088f7e8,0x00000000c5300000)
 Metaspace       used 6268K, capacity 7152K, committed 7296K, reserved 1056768K
  class space    used 581K, capacity 616K, committed 640K, reserved 1048576K
Event: 3.429 GC heap after
Heap after GC invocations=4 (full 0):
 PSYoungGen      total 68608K, used 5089K [0x00000000eab00000, 0x00000000ef300000, 0x0000000100000000)
  eden space 63488K, 0% used [0x00000000eab00000,0x00000000eab00000,0x00000000ee900000)
  from space 5120K, 99% used [0x00000000eee00000,0x00000000ef2f8748,0x00000000ef300000)
  to   space 5120K, 0% used [0x00000000ee900000,0x00000000ee900000,0x00000000eee00000)
 ParOldGen       total 84992K, used 13529K [0x00000000c0000000, 0x00000000c5300000, 0x00000000eab00000)
  object space 84992K, 15% used [0x00000000c0000000,0x00000000c0d36480,0x00000000c5300000)
 Metaspace       used 6268K, capacity 7152K, committed 7296K, reserved 1056768K
  class space    used 581K, capacity 616K, committed 640K, reserved 1048576K
}

Deoptimization events (10 events):
Event: 2.926 Thread 0x00000000165e8800 Uncommon trap: reason=class_check action=maybe_recompile pc=0x000000000297ad04 method=java.util.HashMap.putVal(ILjava/lang/Object;Ljava/lang/Object;ZZ)Ljava/lang/Object; @ 203
Event: 2.926 Thread 0x00000000165e8800 Uncommon trap: reason=bimorphic action=maybe_recompile pc=0x000000000288aeac method=java.util.HashMap.getNode(ILjava/lang/Object;)Ljava/util/HashMap$Node; @ 126
Event: 3.519 Thread 0x0000000016615800 Uncommon trap: reason=bimorphic action=maybe_recompile pc=0x0000000002b359a0 method=com.android.dx.cf.code.BytecodeArray.parseInstruction(ILcom/android/dx/cf/code/BytecodeArray$Visitor;)I @ 1130
Event: 3.519 Thread 0x0000000016615800 Uncommon trap: reason=bimorphic action=maybe_recompile pc=0x0000000002b359a0 method=com.android.dx.cf.code.BytecodeArray.parseInstruction(ILcom/android/dx/cf/code/BytecodeArray$Visitor;)I @ 1130
Event: 4.048 Thread 0x00000000023d0800 Uncommon trap: reason=unstable_if action=reinterpret pc=0x0000000002ae39b0 method=com.android.dx.ssa.SCCP.simulateStmt(Lcom/android/dx/ssa/SsaInsn;)V @ 53
Event: 4.188 Thread 0x00000000023d0800 Uncommon trap: reason=class_check action=maybe_recompile pc=0x0000000002bce888 method=com.android.dx.cf.code.BytecodeArray.parseInstruction(ILcom/android/dx/cf/code/BytecodeArray$Visitor;)I @ 1807
Event: 4.188 Thread 0x00000000023d0800 Uncommon trap: reason=class_check action=maybe_recompile pc=0x0000000002bce888 method=com.android.dx.cf.code.BytecodeArray.parseInstruction(ILcom/android/dx/cf/code/BytecodeArray$Visitor;)I @ 1807
Event: 4.188 Thread 0x00000000023d0800 Uncommon trap: reason=class_check action=maybe_recompile pc=0x0000000002bce888 method=com.android.dx.cf.code.BytecodeArray.parseInstruction(ILcom/android/dx/cf/code/BytecodeArray$Visitor;)I @ 1807
Event: 4.188 Thread 0x00000000023d0800 Uncommon trap: reason=class_check action=maybe_recompile pc=0x0000000002bce888 method=com.android.dx.cf.code.BytecodeArray.parseInstruction(ILcom/android/dx/cf/code/BytecodeArray$Visitor;)I @ 1807
Event: 4.200 Thread 0x00000000023d0800 Uncommon trap: reason=class_check action=maybe_recompile pc=0x000000000297ad04 method=java.util.HashMap.putVal(ILjava/lang/Object;Ljava/lang/Object;ZZ)Ljava/lang/Object; @ 203

Internal exceptions (3 events):
Event: 0.737 Thread 0x00000000023d0800 Exception <a 'java/lang/NoSuchMethodError': Method sun.misc.Unsafe.defineClass(Ljava/lang/String;[BII)Ljava/lang/Class; name or signature does not match> (0x00000000eab07cc0) thrown at [C:\src\android\AOSP-openjdk\external\jetbrains\jdk\hotspot\src\share\vé¾Þe”ç?
Event: 0.737 Thread 0x00000000023d0800 Exception <a 'java/lang/NoSuchMethodError': Method sun.misc.Unsafe.prefetchRead(Ljava/lang/Object;J)V name or signature does not match> (0x00000000eab07fa8) thrown at [C:\src\android\AOSP-openjdk\external\jetbrains\jdk\hotspot\src\share\vm\prims\jni.cpp, lÉöø{ô
Event: 2.119 Thread 0x00000000165e8000 Implicit null exception at 0x000000000283e7e2 to 0x000000000283e8e9

Events (10 events):
Event: 4.188 Thread 0x00000000023d0800 DEOPT UNPACKING pc=0x000000000251556a sp=0x000000000206e128 mode 2
Event: 4.188 Thread 0x00000000023d0800 Uncommon trap: trap_request=0xffffffde fr.pc=0x0000000002bce888
Event: 4.188 Thread 0x00000000023d0800 DEOPT PACKING pc=0x0000000002bce888 sp=0x000000000206e160
Event: 4.188 Thread 0x00000000023d0800 DEOPT UNPACKING pc=0x000000000251556a sp=0x000000000206e128 mode 2
Event: 4.188 Thread 0x00000000023d0800 Uncommon trap: trap_request=0xffffffde fr.pc=0x0000000002bce888
Event: 4.188 Thread 0x00000000023d0800 DEOPT PACKING pc=0x0000000002bce888 sp=0x000000000206e160
Event: 4.188 Thread 0x00000000023d0800 DEOPT UNPACKING pc=0x000000000251556a sp=0x000000000206e128 mode 2
Event: 4.200 Thread 0x00000000023d0800 Uncommon trap: trap_request=0xffffffde fr.pc=0x000000000297ad04
Event: 4.200 Thread 0x00000000023d0800 DEOPT PACKING pc=0x000000000297ad04 sp=0x000000000206df00
Event: 4.200 Thread 0x00000000023d0800 DEOPT UNPACKING pc=0x000000000251556a sp=0x000000000206de88 mode 2


Dynamic libraries:
0x00007ff75f820000 - 0x00007ff75f855000 	E:\Android\android-studio-ide-145.2915834-windows\jre\bin\java.exe
0x00007ffecf410000 - 0x00007ffecf5d1000 	C:\Windows\SYSTEM32\ntdll.dll
0x00007ffecef70000 - 0x00007ffecf01d000 	C:\Windows\system32\KERNEL32.DLL
0x00007ffecc330000 - 0x00007ffecc518000 	C:\Windows\system32\KERNELBASE.dll
0x00007ffecc9e0000 - 0x00007ffecca87000 	C:\Windows\system32\ADVAPI32.dll
0x00007ffece4c0000 - 0x00007ffece55d000 	C:\Windows\system32\msvcrt.dll
0x00007ffeccd10000 - 0x00007ffeccd6b000 	C:\Windows\system32\sechost.dll
0x00007ffece730000 - 0x00007ffece84c000 	C:\Windows\system32\RPCRT4.dll
0x00007ffece920000 - 0x00007ffecea76000 	C:\Windows\system32\USER32.dll
0x00007ffeccd90000 - 0x00007ffeccf16000 	C:\Windows\system32\GDI32.dll
0x00007ffebe600000 - 0x00007ffebe874000 	C:\Windows\WinSxS\amd64_microsoft.windows.common-controls_6595b64144ccf1df_6.0.10586.0_none_8c15ae12515e1c22\COMCTL32.dll
0x00007ffecca90000 - 0x00007ffeccd0d000 	C:\Windows\system32\combase.dll
0x00007ffecc520000 - 0x00007ffecc58a000 	C:\Windows\system32\bcryptPrimitives.dll
0x00007ffeccf20000 - 0x00007ffeccf5b000 	C:\Windows\system32\IMM32.DLL
0x000000005fdc0000 - 0x000000005fe92000 	E:\Android\android-studio-ide-145.2915834-windows\jre\jre\bin\msvcr100.dll
0x000000005ece0000 - 0x000000005f514000 	E:\Android\android-studio-ide-145.2915834-windows\jre\jre\bin\server\jvm.dll
0x00007ffecf1d0000 - 0x00007ffecf1d8000 	C:\Windows\system32\PSAPI.DLL
0x00007ffeca010000 - 0x00007ffeca019000 	C:\Windows\SYSTEM32\WSOCK32.dll
0x00007ffece560000 - 0x00007ffece5cb000 	C:\Windows\system32\WS2_32.dll
0x00007ffec9d40000 - 0x00007ffec9d63000 	C:\Windows\SYSTEM32\WINMM.dll
0x00007ffec1700000 - 0x00007ffec170a000 	C:\Windows\SYSTEM32\VERSION.dll
0x00007ffec9bf0000 - 0x00007ffec9c1c000 	C:\Windows\SYSTEM32\WINMMBASE.dll
0x00007ffecbbd0000 - 0x00007ffecbc13000 	C:\Windows\system32\cfgmgr32.dll
0x00007ffeca000000 - 0x00007ffeca00f000 	E:\Android\android-studio-ide-145.2915834-windows\jre\jre\bin\verify.dll
0x00007ffec8e10000 - 0x00007ffec8e39000 	E:\Android\android-studio-ide-145.2915834-windows\jre\jre\bin\java.dll
0x00007ffec91d0000 - 0x00007ffec91e6000 	E:\Android\android-studio-ide-145.2915834-windows\jre\jre\bin\zip.dll
0x00007ffeccf60000 - 0x00007ffece4bc000 	C:\Windows\system32\SHELL32.dll
0x00007ffecbce0000 - 0x00007ffecc325000 	C:\Windows\system32\windows.storage.dll
0x00007ffecea80000 - 0x00007ffecead2000 	C:\Windows\system32\shlwapi.dll
0x00007ffecba90000 - 0x00007ffecba9f000 	C:\Windows\system32\kernel.appcore.dll
0x00007ffecbc20000 - 0x00007ffecbcd5000 	C:\Windows\system32\shcore.dll
0x00007ffecba30000 - 0x00007ffecba7b000 	C:\Windows\system32\powrprof.dll
0x00007ffecbaa0000 - 0x00007ffecbab4000 	C:\Windows\system32\profapi.dll

VM Arguments:
jvm_args: -Djava.awt.headless=true -Xmx1024M -Dfile.encoding=GBK -Duser.country=CN -Duser.language=zh -Duser.variant 
java_command: com.android.dx.command.Main --dex --num-threads=4 --output E:\Teapopo\app\build\intermediates\pre-dexed\debug\com.android.support-support-v4-23.3.0_2465d991adc87dfe13a5f478b78e3a12c58914b2.jar E:\Teapopo\app\build\intermediates\exploded-aar\com.android.support\support-v4\23.3.0\jars\classes.jar
java_class_path (initial): C:\Users\lhq\AppData\Local\Android\sdk\build-tools\23.0.3\lib\dx.jar
Launcher Type: SUN_STANDARD

Environment Variables:
JAVA_HOME=C:\Program Files\Java\jdk1.8.0_91
PATH=C:\ProgramData\Oracle\Java\javapath;C:\Windows\system32;C:\Windows;C:\Windows\System32\Wbem;C:\Windows\System32\WindowsPowerShell\v1.0\;C:\Users\lhq\AppData\Local\Android\sdk\platform-tools;C:\Users\lhq\AppData\Local\Android\sdk\tools;C:\Program Files\Java\jdk1.8.0_91\bin;C:\Program Files\Java\jdk1.8.0_91\jre\bin
USERNAME=lhq
OS=Windows_NT
PROCESSOR_IDENTIFIER=Intel64 Family 6 Model 69 Stepping 1, GenuineIntel



---------------  S Y S T E M  ---------------

OS: Windows 10.0 , 64 bit Build 10586 (10.0.10586.0)

CPU:total 4 (2 cores per cpu, 2 threads per core) family 6 model 69 stepping 1, cmov, cx8, fxsr, mmx, sse, sse2, sse3, ssse3, sse4.1, sse4.2, popcnt, avx, avx2, aes, clmul, erms, lzcnt, ht, tsc, tscinvbit, bmi1, bmi2

Memory: 4k page, physical 8067548k(1197768k free), swap 8067548k(5260k free)

vm_info: OpenJDK 64-Bit Server VM (25.76-b01) for windows-amd64 JRE (1.8.0_76-release-b01), built on May 12 2016 23:29:00 by "ralucas" with MS VC++ 10.0 (VS2010)

time: Fri Jul 08 14:39:58 2016
elapsed time: 4 seconds (0d 0h 0m 4s)

