#
# There is insufficient memory for the Java Runtime Environment to continue.
# Native memory allocation (malloc) failed to allocate 32744 bytes for ChunkPool::allocate
# Possible reasons:
#   The system is out of physical RAM or swap space
#   In 32 bit mode, the process size limit was hit
# Possible solutions:
#   Reduce memory load on the system
#   Increase physical memory or swap space
#   Check if swap backing store is full
#   Use 64 bit Java on a 64 bit OS
#   Decrease Java heap size (-Xmx/-Xms)
#   Decrease number of Java threads
#   Decrease Java thread stack sizes (-Xss)
#   Set larger code cache with -XX:ReservedCodeCacheSize=
# This output file may be truncated or incomplete.
#
#  Out of Memory Error (allocation.cpp:273), pid=170416, tid=0x00000000000288d8
#
# JRE version: OpenJDK Runtime Environment (8.0_76-b01) (build 1.8.0_76-release-b01)
# Java VM: OpenJDK 64-Bit Server VM (25.76-b01 mixed mode windows-amd64 compressed oops)
# Failed to write core dump. Minidumps are not enabled by default on client versions of Windows
#

---------------  T H R E A D  ---------------

Current thread (0x0000000014d0d000):  JavaThread "C2 CompilerThread0" daemon [_thread_in_native, id=166104, stack(0x0000000016250000,0x0000000016350000)]

Stack: [0x0000000016250000,0x0000000016350000]
[error occurred during error reporting (printing stack bounds), id 0xc0000005]

Native frames: (J=compiled Java code, j=interpreted, Vv=VM code, C=native code)


Current CompileTask:
C2:   3777 1236   !   4       com.android.dx.cf.code.BytecodeArray::parseInstruction (2764 bytes)


---------------  P R O C E S S  ---------------

Java Threads: ( => current thread )
  0x000000001670d000 JavaThread "pool-1-thread-4" [_thread_blocked, id=171040, stack(0x0000000016f50000,0x0000000017050000)]
  0x0000000016789800 JavaThread "pool-1-thread-3" [_thread_blocked, id=171036, stack(0x0000000016e50000,0x0000000016f50000)]
  0x0000000016789000 JavaThread "pool-1-thread-2" [_thread_in_vm, id=171032, stack(0x0000000016d50000,0x0000000016e50000)]
  0x000000001677f800 JavaThread "pool-2-thread-1" [_thread_blocked, id=171028, stack(0x0000000016c50000,0x0000000016d50000)]
  0x000000001677f000 JavaThread "pool-1-thread-1" [_thread_blocked, id=171024, stack(0x0000000016b50000,0x0000000016c50000)]
  0x00000000164b7000 JavaThread "Service Thread" daemon [_thread_blocked, id=170172, stack(0x0000000016950000,0x0000000016a50000)]
  0x00000000164a8800 JavaThread "C1 CompilerThread2" daemon [_thread_in_native, id=170376, stack(0x0000000016850000,0x0000000016950000)]
  0x0000000014d5b000 JavaThread "C2 CompilerThread1" daemon [_thread_in_native, id=169404, stack(0x0000000016350000,0x0000000016450000)]
=>0x0000000014d0d000 JavaThread "C2 CompilerThread0" daemon [_thread_in_native, id=166104, stack(0x0000000016250000,0x0000000016350000)]
  0x0000000014d0b800 JavaThread "Attach Listener" daemon [_thread_blocked, id=170756, stack(0x0000000016150000,0x0000000016250000)]
  0x0000000014cf7800 JavaThread "Signal Dispatcher" daemon [_thread_blocked, id=169832, stack(0x0000000016050000,0x0000000016150000)]
  0x0000000014ce8000 JavaThread "Finalizer" daemon [_thread_blocked, id=170664, stack(0x0000000015f50000,0x0000000016050000)]
  0x0000000002560000 JavaThread "Reference Handler" daemon [_thread_blocked, id=167172, stack(0x0000000015e50000,0x0000000015f50000)]
  0x0000000002470800 JavaThread "main" [_thread_in_Java, id=167380, stack(0x0000000002000000,0x0000000002100000)]

Other Threads:
  0x0000000014cc5800 VMThread [stack: 0x0000000015d50000,0x0000000015e50000] [id=170180]
  0x00000000164b9000 WatcherThread [stack: 0x0000000016a50000,0x0000000016b50000] [id=166564]

VM state:not at safepoint (normal execution)

VM Mutex/Monitor currently owned by a thread: None

Heap:
 PSYoungGen      total 36864K, used 9671K [0x00000000eab00000, 0x00000000ed400000, 0x0000000100000000)
  eden space 31744K, 14% used [0x00000000eab00000,0x00000000eaf726b0,0x00000000eca00000)
  from space 5120K, 99% used [0x00000000eca00000,0x00000000eceff5e0,0x00000000ecf00000)
  to   space 5120K, 0% used [0x00000000ecf00000,0x00000000ecf00000,0x00000000ed400000)
 ParOldGen       total 84992K, used 685K [0x00000000c0000000, 0x00000000c5300000, 0x00000000eab00000)
  object space 84992K, 0% used [0x00000000c0000000,0x00000000c00ab6a8,0x00000000c5300000)
 Metaspace       used 5962K, capacity 6896K, committed 7040K, reserved 1056768K
  class space    used 573K, capacity 616K, committed 640K, reserved 1048576K

Card table byte_map: [0x00000000119f0000,0x0000000011c00000] byte_map_base: 0x00000000113f0000

Marking Bits: (ParMarkBitMap*) 0x000000005f499d00
 Begin Bits: [0x0000000012160000, 0x0000000013160000)
 End Bits:   [0x0000000013160000, 0x0000000014160000)

Polling page: 0x0000000000810000

CodeCache: size=245760Kb used=4941Kb max_used=4941Kb free=240818Kb
 bounds [0x0000000002630000, 0x0000000002b10000, 0x0000000011630000]
 total_blobs=1525 nmethods=1255 adapters=184
 compilation: enabled

Compilation events (10 events):
Event: 3.767 Thread 0x00000000164a8800 nmethod 1256 0x0000000002b04dd0 code [0x0000000002b04f40, 0x0000000002b05190]
Event: 3.767 Thread 0x00000000164a8800 1257       3       com.android.dx.cf.code.BasicBlocker::visitNoArgs (298 bytes)
Event: 3.769 Thread 0x00000000164a8800 nmethod 1257 0x0000000002b05290 code [0x0000000002b05500, 0x0000000002b062b8]
Event: 3.769 Thread 0x00000000164a8800 1259       3       com.android.dx.rop.cst.CstFieldRef::getType (8 bytes)
Event: 3.769 Thread 0x00000000164a8800 nmethod 1259 0x0000000002b06e90 code [0x0000000002b07000, 0x0000000002b073a8]
Event: 3.769 Thread 0x00000000164a8800 1260       3       com.android.dx.rop.cst.CstNat::getFieldType (11 bytes)
Event: 3.769 Thread 0x00000000164a8800 nmethod 1260 0x0000000002b074d0 code [0x0000000002b07640, 0x0000000002b07868]
Event: 3.769 Thread 0x00000000164a8800 1258       3       com.android.dx.cf.code.ConcreteMethod::getMaxLocals (8 bytes)
Event: 3.769 Thread 0x00000000164a8800 nmethod 1258 0x0000000002b07910 code [0x0000000002b07a60, 0x0000000002b07c50]
Event: 3.769 Thread 0x00000000164a8800 1261       3       com.android.dx.cf.code.Simulator$SimVisitor::visitNoArgs (2108 bytes)

GC Heap History (2 events):
Event: 3.726 GC heap before
{Heap before GC invocations=1 (full 0):
 PSYoungGen      total 36864K, used 31744K [0x00000000eab00000, 0x00000000ed400000, 0x0000000100000000)
  eden space 31744K, 100% used [0x00000000eab00000,0x00000000eca00000,0x00000000eca00000)
  from space 5120K, 0% used [0x00000000ecf00000,0x00000000ecf00000,0x00000000ed400000)
  to   space 5120K, 0% used [0x00000000eca00000,0x00000000eca00000,0x00000000ecf00000)
 ParOldGen       total 84992K, used 0K [0x00000000c0000000, 0x00000000c5300000, 0x00000000eab00000)
  object space 84992K, 0% used [0x00000000c0000000,0x00000000c0000000,0x00000000c5300000)
 Metaspace       used 5916K, capacity 6832K, committed 7040K, reserved 1056768K
  class space    used 573K, capacity 616K, committed 640K, reserved 1048576K
Event: 3.737 GC heap after
Heap after GC invocations=1 (full 0):
 PSYoungGen      total 36864K, used 5117K [0x00000000eab00000, 0x00000000ed400000, 0x0000000100000000)
  eden space 31744K, 0% used [0x00000000eab00000,0x00000000eab00000,0x00000000eca00000)
  from space 5120K, 99% used [0x00000000eca00000,0x00000000eceff5e0,0x00000000ecf00000)
  to   space 5120K, 0% used [0x00000000ecf00000,0x00000000ecf00000,0x00000000ed400000)
 ParOldGen       total 84992K, used 685K [0x00000000c0000000, 0x00000000c5300000, 0x00000000eab00000)
  object space 84992K, 0% used [0x00000000c0000000,0x00000000c00ab6a8,0x00000000c5300000)
 Metaspace       used 5916K, capacity 6832K, committed 7040K, reserved 1056768K
  class space    used 573K, capacity 616K, committed 640K, reserved 1048576K
}

Deoptimization events (5 events):
Event: 0.403 Thread 0x0000000002470800 Uncommon trap: reason=unstable_if action=reinterpret pc=0x000000000277f4d4 method=java.lang.String.compareTo(Ljava/lang/String;)I @ 38
Event: 0.524 Thread 0x0000000002470800 Uncommon trap: reason=unstable_if action=reinterpret pc=0x0000000002774490 method=java.lang.String.indexOf(II)I @ 49
Event: 2.616 Thread 0x0000000002470800 Uncommon trap: reason=unstable_if action=reinterpret pc=0x0000000002897a30 method=java.util.BitSet.nextSetBit(I)I @ 87
Event: 2.621 Thread 0x0000000002470800 Uncommon trap: reason=unstable_if action=reinterpret pc=0x0000000002852924 method=java.util.HashMap.getNode(ILjava/lang/Object;)Ljava/util/HashMap$Node; @ 129
Event: 3.163 Thread 0x0000000016789000 Uncommon trap: reason=unstable_if action=reinterpret pc=0x0000000002989edc method=com.android.dx.rop.cst.Constant.compareTo(Lcom/android/dx/rop/cst/Constant;)I @ 12

Internal exceptions (2 events):
Event: 0.040 Thread 0x0000000002470800 Exception <a 'java/lang/NoSuchMethodError': Method sun.misc.Unsafe.defineClass(Ljava/lang/String;[BII)Ljava/lang/Class; name or signature does not match> (0x00000000eab07cc0) thrown at [C:\src\android\AOSP-openjdk\external\jetbrains\jdk\hotspot\src\share\vÄFtNê‡¤?
Event: 0.040 Thread 0x0000000002470800 Exception <a 'java/lang/NoSuchMethodError': Method sun.misc.Unsafe.prefetchRead(Ljava/lang/Object;J)V name or signature does not match> (0x00000000eab07fa8) thrown at [C:\src\android\AOSP-openjdk\external\jetbrains\jdk\hotspot\src\share\vm\prims\jni.cpp, l

Events (10 events):
Event: 3.163 Thread 0x0000000016789000 DEOPT PACKING pc=0x0000000002989edc sp=0x0000000016e4e580
Event: 3.163 Thread 0x0000000016789000 DEOPT UNPACKING pc=0x000000000267556a sp=0x0000000016e4e520 mode 2
Event: 3.188 loading class java/util/TreeMap$EntrySet
Event: 3.188 loading class java/util/TreeMap$EntrySet done
Event: 3.188 loading class java/util/TreeMap$EntryIterator
Event: 3.188 loading class java/util/TreeMap$EntryIterator done
Event: 3.682 Executing VM operation: ForceSafepoint
Event: 3.682 Executing VM operation: ForceSafepoint done
Event: 3.726 Executing VM operation: ParallelGCFailedAllocation
Event: 3.737 Executing VM operation: ParallelGCFailedAllocation done


Dynamic libraries:
0x00007ff75f820000 - 0x00007ff75f855000 	E:\Android\android-studio-ide-145.2915834-windows\jre\bin\java.exe
0x00007ffecf410000 - 0x00007ffecf5d1000 	C:\Windows\SYSTEM32\ntdll.dll
0x00007ffecef70000 - 0x00007ffecf01d000 	C:\Windows\system32\KERNEL32.DLL
0x00007ffecc330000 - 0x00007ffecc518000 	C:\Windows\system32\KERNELBASE.dll
0x00007ffecc9e0000 - 0x00007ffecca87000 	C:\Windows\system32\ADVAPI32.dll
0x00007ffece4c0000 - 0x00007ffece55d000 	C:\Windows\system32\msvcrt.dll
0x00007ffeccd10000 - 0x00007ffeccd6b000 	C:\Windows\system32\sechost.dll
0x00007ffece730000 - 0x00007ffece84c000 	C:\Windows\system32\RPCRT4.dll
0x00007ffece920000 - 0x00007ffecea76000 	C:\Windows\system32\USER32.dll
0x00007ffeccd90000 - 0x00007ffeccf16000 	C:\Windows\system32\GDI32.dll
0x00007ffebe600000 - 0x00007ffebe874000 	C:\Windows\WinSxS\amd64_microsoft.windows.common-controls_6595b64144ccf1df_6.0.10586.0_none_8c15ae12515e1c22\COMCTL32.dll
0x00007ffecca90000 - 0x00007ffeccd0d000 	C:\Windows\system32\combase.dll
0x00007ffecc520000 - 0x00007ffecc58a000 	C:\Windows\system32\bcryptPrimitives.dll
0x00007ffeccf20000 - 0x00007ffeccf5b000 	C:\Windows\system32\IMM32.DLL
0x000000005fdc0000 - 0x000000005fe92000 	E:\Android\android-studio-ide-145.2915834-windows\jre\jre\bin\msvcr100.dll
0x000000005ece0000 - 0x000000005f514000 	E:\Android\android-studio-ide-145.2915834-windows\jre\jre\bin\server\jvm.dll
0x00007ffecf1d0000 - 0x00007ffecf1d8000 	C:\Windows\system32\PSAPI.DLL
0x00007ffeca010000 - 0x00007ffeca019000 	C:\Windows\SYSTEM32\WSOCK32.dll
0x00007ffece560000 - 0x00007ffece5cb000 	C:\Windows\system32\WS2_32.dll
0x00007ffec9d40000 - 0x00007ffec9d63000 	C:\Windows\SYSTEM32\WINMM.dll
0x00007ffec1700000 - 0x00007ffec170a000 	C:\Windows\SYSTEM32\VERSION.dll
0x00007ffec9bf0000 - 0x00007ffec9c1c000 	C:\Windows\SYSTEM32\WINMMBASE.dll
0x00007ffecbbd0000 - 0x00007ffecbc13000 	C:\Windows\system32\cfgmgr32.dll
0x00007ffeca000000 - 0x00007ffeca00f000 	E:\Android\android-studio-ide-145.2915834-windows\jre\jre\bin\verify.dll
0x00007ffec8e10000 - 0x00007ffec8e39000 	E:\Android\android-studio-ide-145.2915834-windows\jre\jre\bin\java.dll
0x00007ffec91d0000 - 0x00007ffec91e6000 	E:\Android\android-studio-ide-145.2915834-windows\jre\jre\bin\zip.dll
0x00007ffeccf60000 - 0x00007ffece4bc000 	C:\Windows\system32\SHELL32.dll
0x00007ffecbce0000 - 0x00007ffecc325000 	C:\Windows\system32\windows.storage.dll
0x00007ffecea80000 - 0x00007ffecead2000 	C:\Windows\system32\shlwapi.dll
0x00007ffecba90000 - 0x00007ffecba9f000 	C:\Windows\system32\kernel.appcore.dll
0x00007ffecbc20000 - 0x00007ffecbcd5000 	C:\Windows\system32\shcore.dll
0x00007ffecba30000 - 0x00007ffecba7b000 	C:\Windows\system32\powrprof.dll
0x00007ffecbaa0000 - 0x00007ffecbab4000 	C:\Windows\system32\profapi.dll

VM Arguments:
jvm_args: -Djava.awt.headless=true -Xmx1024M -Dfile.encoding=GBK -Duser.country=CN -Duser.language=zh -Duser.variant 
java_command: com.android.dx.command.Main --dex --num-threads=4 --output E:\Teapopo\app\build\intermediates\pre-dexed\debug\internal_impl-23.3.0_28b3398d2dbc7f7ea5a8913df3305754d75fa771.jar E:\Teapopo\app\build\intermediates\exploded-aar\com.android.support\support-v4\23.3.0\jars\libs\internal_impl-23.3.0.jar
java_class_path (initial): C:\Users\lhq\AppData\Local\Android\sdk\build-tools\23.0.3\lib\dx.jar
Launcher Type: SUN_STANDARD

Environment Variables:
JAVA_HOME=C:\Program Files\Java\jdk1.8.0_91
PATH=C:\ProgramData\Oracle\Java\javapath;C:\Windows\system32;C:\Windows;C:\Windows\System32\Wbem;C:\Windows\System32\WindowsPowerShell\v1.0\;C:\Users\lhq\AppData\Local\Android\sdk\platform-tools;C:\Users\lhq\AppData\Local\Android\sdk\tools;C:\Program Files\Java\jdk1.8.0_91\bin;C:\Program Files\Java\jdk1.8.0_91\jre\bin
USERNAME=lhq
OS=Windows_NT
PROCESSOR_IDENTIFIER=Intel64 Family 6 Model 69 Stepping 1, GenuineIntel



---------------  S Y S T E M  ---------------

OS: Windows 10.0 , 64 bit Build 10586 (10.0.10586.0)

CPU:total 4 (2 cores per cpu, 2 threads per core) family 6 model 69 stepping 1, cmov, cx8, fxsr, mmx, sse, sse2, sse3, ssse3, sse4.1, sse4.2, popcnt, avx, avx2, aes, clmul, erms, lzcnt, ht, tsc, tscinvbit, bmi1, bmi2

Memory: 4k page, physical 8067548k(1160284k free), swap 8067548k(5132k free)

vm_info: OpenJDK 64-Bit Server VM (25.76-b01) for windows-amd64 JRE (1.8.0_76-release-b01), built on May 12 2016 23:29:00 by "ralucas" with MS VC++ 10.0 (VS2010)

time: Fri Jul 08 14:40:51 2016
elapsed time: 3 seconds (0d 0h 0m 3s)

