#
# There is insufficient memory for the Java Runtime Environment to continue.
# Native memory allocation (malloc) failed to allocate 32744 bytes for ChunkPool::allocate
# Possible reasons:
#   The system is out of physical RAM or swap space
#   In 32 bit mode, the process size limit was hit
# Possible solutions:
#   Reduce memory load on the system
#   Increase physical memory or swap space
#   Check if swap backing store is full
#   Use 64 bit Java on a 64 bit OS
#   Decrease Java heap size (-Xmx/-Xms)
#   Decrease number of Java threads
#   Decrease Java thread stack sizes (-Xss)
#   Set larger code cache with -XX:ReservedCodeCacheSize=
# This output file may be truncated or incomplete.
#
#  Out of Memory Error (allocation.cpp:273), pid=15316, tid=0x0000000000003cdc
#
# JRE version: OpenJDK Runtime Environment (8.0_76-b01) (build 1.8.0_76-release-b01)
# Java VM: OpenJDK 64-Bit Server VM (25.76-b01 mixed mode windows-amd64 compressed oops)
# Failed to write core dump. Minidumps are not enabled by default on client versions of Windows
#

---------------  T H R E A D  ---------------

Current thread (0x0000000014c2e800):  JavaThread "C1 CompilerThread2" daemon [_thread_in_native, id=15580, stack(0x00000000167a0000,0x00000000168a0000)]

Stack: [0x00000000167a0000,0x00000000168a0000]
[error occurred during error reporting (printing stack bounds), id 0xc0000005]

Native frames: (J=compiled Java code, j=interpreted, Vv=VM code, C=native code)


Current CompileTask:
C1:    477   17       3       java.util.jar.Attributes$Name::isValid (32 bytes)


---------------  P R O C E S S  ---------------

Java Threads: ( => current thread )
  0x00000000163fd800 JavaThread "Service Thread" daemon [_thread_blocked, id=16108, stack(0x00000000168a0000,0x00000000169a0000)]
=>0x0000000014c2e800 JavaThread "C1 CompilerThread2" daemon [_thread_in_native, id=15580, stack(0x00000000167a0000,0x00000000168a0000)]
  0x0000000014c2a800 JavaThread "C2 CompilerThread1" daemon [_thread_blocked, id=16280, stack(0x00000000162a0000,0x00000000163a0000)]
  0x0000000014bdd800 JavaThread "C2 CompilerThread0" daemon [_thread_blocked, id=14724, stack(0x00000000161a0000,0x00000000162a0000)]
  0x0000000014bdc000 JavaThread "Attach Listener" daemon [_thread_blocked, id=13340, stack(0x00000000160a0000,0x00000000161a0000)]
  0x0000000014bdb000 JavaThread "Signal Dispatcher" daemon [_thread_blocked, id=11832, stack(0x0000000015fa0000,0x00000000160a0000)]
  0x0000000014bb8800 JavaThread "Finalizer" daemon [_thread_blocked, id=15424, stack(0x0000000015e40000,0x0000000015f40000)]
  0x00000000024f0000 JavaThread "Reference Handler" daemon [_thread_blocked, id=12680, stack(0x0000000015d40000,0x0000000015e40000)]
  0x0000000002400800 JavaThread "main" [_thread_in_vm, id=15576, stack(0x0000000001f60000,0x0000000002060000)]

Other Threads:
  0x0000000014b95800 VMThread [stack: 0x0000000015c40000,0x0000000015d40000] [id=15392]
  0x0000000016400000 WatcherThread [stack: 0x00000000169a0000,0x0000000016aa0000] [id=13232]

VM state:not at safepoint (normal execution)

VM Mutex/Monitor currently owned by a thread: None

Heap:
 PSYoungGen      total 36864K, used 1270K [0x00000000eab00000, 0x00000000ed400000, 0x0000000100000000)
  eden space 31744K, 4% used [0x00000000eab00000,0x00000000eac3d828,0x00000000eca00000)
  from space 5120K, 0% used [0x00000000ecf00000,0x00000000ecf00000,0x00000000ed400000)
  to   space 5120K, 0% used [0x00000000eca00000,0x00000000eca00000,0x00000000ecf00000)
 ParOldGen       total 84992K, used 0K [0x00000000c0000000, 0x00000000c5300000, 0x00000000eab00000)
  object space 84992K, 0% used [0x00000000c0000000,0x00000000c0000000,0x00000000c5300000)
 Metaspace       used 2641K, capacity 4480K, committed 4480K, reserved 1056768K
  class space    used 276K, capacity 384K, committed 384K, reserved 1048576K

Card table byte_map: [0x00000000118c0000,0x0000000011ad0000] byte_map_base: 0x00000000112c0000

Marking Bits: (ParMarkBitMap*) 0x000000005e0b9d00
 Begin Bits: [0x0000000012030000, 0x0000000013030000)
 End Bits:   [0x0000000013030000, 0x0000000014030000)

Polling page: 0x0000000000720000

CodeCache: size=245760Kb used=1087Kb max_used=1097Kb free=244672Kb
 bounds [0x0000000002500000, 0x0000000002770000, 0x0000000011500000]
 total_blobs=254 nmethods=18 adapters=151
 compilation: enabled

Compilation events (10 events):
Event: 0.384 Thread 0x0000000014c2e800    8       3       java.lang.CharacterDataLatin1::getProperties (11 bytes)
Event: 0.384 Thread 0x0000000014c2e800 nmethod 8 0x000000000260e2d0 code [0x000000000260e420, 0x000000000260e5b0]
Event: 0.384 Thread 0x0000000014c2e800   10       3       java.lang.AbstractStringBuilder::ensureCapacityInternal (16 bytes)
Event: 0.384 Thread 0x0000000014c2e800 nmethod 10 0x000000000260e690 code [0x000000000260e800, 0x000000000260ea48]
Event: 0.384 Thread 0x0000000014c2e800   15       3       java.lang.Math::min (11 bytes)
Event: 0.384 Thread 0x0000000014c2e800 nmethod 15 0x000000000260eb10 code [0x000000000260ec60, 0x000000000260edf0]
Event: 0.384 Thread 0x0000000014c2e800   16       3       java.lang.AbstractStringBuilder::append (50 bytes)
Event: 0.385 Thread 0x0000000014c2e800 nmethod 16 0x000000000260ee50 code [0x000000000260efe0, 0x000000000260f4e8]
Event: 0.476 Thread 0x0000000014c2e800   17       3       java.util.jar.Attributes$Name::isValid (32 bytes)
Event: 0.476 Thread 0x0000000014bdd800   19       4       sun.misc.ASCIICaseInsensitiveComparator::toLower (16 bytes)

GC Heap History (0 events):
No events

Deoptimization events (0 events):
No events

Internal exceptions (2 events):
Event: 0.073 Thread 0x0000000002400800 Exception <a 'java/lang/NoSuchMethodError': Method sun.misc.Unsafe.defineClass(Ljava/lang/String;[BII)Ljava/lang/Class; name or signature does not match> (0x00000000eab07cc0) thrown at [C:\src\android\AOSP-openjdk\external\jetbrains\jdk\hotspot\src\share\vX-èËº³²?
Event: 0.073 Thread 0x0000000002400800 Exception <a 'java/lang/NoSuchMethodError': Method sun.misc.Unsafe.prefetchRead(Ljava/lang/Object;J)V name or signature does not match> (0x00000000eab07fa8) thrown at [C:\src\android\AOSP-openjdk\external\jetbrains\jdk\hotspot\src\share\vm\prims\jni.cpp, l

Events (10 events):
Event: 0.397 loading class sun/misc/Resource done
Event: 0.397 loading class sun/misc/URLClassPath$JarLoader$2 done
Event: 0.418 loading class java/util/jar/Attributes
Event: 0.418 loading class java/util/jar/Attributes done
Event: 0.419 loading class java/util/jar/Manifest$FastInputStream
Event: 0.419 loading class java/util/jar/Manifest$FastInputStream done
Event: 0.419 loading class sun/nio/cs/UTF_8$Decoder
Event: 0.419 loading class sun/nio/cs/UTF_8$Decoder done
Event: 0.419 loading class java/util/jar/Attributes$Name
Event: 0.419 loading class java/util/jar/Attributes$Name done


Dynamic libraries:
0x00007ff75b500000 - 0x00007ff75b535000 	E:\Android\android-studio-ide-145.2915834-windows\jre\bin\java.exe
0x00007ffbe4110000 - 0x00007ffbe42d1000 	C:\Windows\SYSTEM32\ntdll.dll
0x00007ffbe2080000 - 0x00007ffbe212d000 	C:\Windows\system32\KERNEL32.DLL
0x00007ffbe0ec0000 - 0x00007ffbe10a8000 	C:\Windows\system32\KERNELBASE.dll
0x00007ffbe3c80000 - 0x00007ffbe3d27000 	C:\Windows\system32\ADVAPI32.dll
0x00007ffbe4070000 - 0x00007ffbe410d000 	C:\Windows\system32\msvcrt.dll
0x00007ffbe22d0000 - 0x00007ffbe232b000 	C:\Windows\system32\sechost.dll
0x00007ffbe1d60000 - 0x00007ffbe1e7c000 	C:\Windows\system32\RPCRT4.dll
0x00007ffbe1970000 - 0x00007ffbe1ac6000 	C:\Windows\system32\USER32.dll
0x00007ffbe2140000 - 0x00007ffbe22c6000 	C:\Windows\system32\GDI32.dll
0x00007ffbd49b0000 - 0x00007ffbd4c24000 	C:\Windows\WinSxS\amd64_microsoft.windows.common-controls_6595b64144ccf1df_6.0.10586.0_none_8c15ae12515e1c22\COMCTL32.dll
0x00007ffbe24a0000 - 0x00007ffbe271d000 	C:\Windows\system32\combase.dll
0x00007ffbe14a0000 - 0x00007ffbe150a000 	C:\Windows\system32\bcryptPrimitives.dll
0x00007ffbe1ef0000 - 0x00007ffbe1f2b000 	C:\Windows\system32\IMM32.DLL
0x000000005d820000 - 0x000000005d8f2000 	E:\Android\android-studio-ide-145.2915834-windows\jre\jre\bin\msvcr100.dll
0x000000005d900000 - 0x000000005e134000 	E:\Android\android-studio-ide-145.2915834-windows\jre\jre\bin\server\jvm.dll
0x00007ffbe1530000 - 0x00007ffbe1538000 	C:\Windows\system32\PSAPI.DLL
0x00007ffbdd900000 - 0x00007ffbdd909000 	C:\Windows\SYSTEM32\WSOCK32.dll
0x00007ffbe3d30000 - 0x00007ffbe3d9b000 	C:\Windows\system32\WS2_32.dll
0x00007ffbdea60000 - 0x00007ffbdea83000 	C:\Windows\SYSTEM32\WINMM.dll
0x00007ffbd61b0000 - 0x00007ffbd61ba000 	C:\Windows\SYSTEM32\VERSION.dll
0x00007ffbdea00000 - 0x00007ffbdea2c000 	C:\Windows\SYSTEM32\WINMMBASE.dll
0x00007ffbe1300000 - 0x00007ffbe1343000 	C:\Windows\system32\cfgmgr32.dll
0x00007ffbdbbd0000 - 0x00007ffbdbbdf000 	E:\Android\android-studio-ide-145.2915834-windows\jre\jre\bin\verify.dll
0x00007ffbdba90000 - 0x00007ffbdbab9000 	E:\Android\android-studio-ide-145.2915834-windows\jre\jre\bin\java.dll
0x00007ffbdba70000 - 0x00007ffbdba86000 	E:\Android\android-studio-ide-145.2915834-windows\jre\jre\bin\zip.dll
0x00007ffbe2720000 - 0x00007ffbe3c7c000 	C:\Windows\system32\SHELL32.dll
0x00007ffbe07c0000 - 0x00007ffbe0e05000 	C:\Windows\system32\windows.storage.dll
0x00007ffbe2440000 - 0x00007ffbe2492000 	C:\Windows\system32\shlwapi.dll
0x00007ffbe0730000 - 0x00007ffbe073f000 	C:\Windows\system32\kernel.appcore.dll
0x00007ffbe1350000 - 0x00007ffbe1405000 	C:\Windows\system32\shcore.dll
0x00007ffbe0770000 - 0x00007ffbe07bb000 	C:\Windows\system32\powrprof.dll
0x00007ffbe0740000 - 0x00007ffbe0754000 	C:\Windows\system32\profapi.dll

VM Arguments:
jvm_args: -Djava.awt.headless=true -Xmx1024M -Dfile.encoding=GBK -Duser.country=CN -Duser.language=zh -Duser.variant 
java_command: com.android.dx.command.Main --dex --num-threads=4 --output E:\Teapopo\app\build\intermediates\pre-dexed\debug\retrofit-2.0.2_6bba8ba617a92f93110b74d63f6c288bfe4224e2.jar C:\Users\lhq\.gradle\caches\modules-2\files-2.1\com.squareup.retrofit2\retrofit\2.0.2\43eeae0b9fb087bb3194ba59ab63a38a32fbf3e\retrofit-2.0.2.jar
java_class_path (initial): C:\Users\lhq\AppData\Local\Android\sdk\build-tools\23.0.3\lib\dx.jar
Launcher Type: SUN_STANDARD

Environment Variables:
JAVA_HOME=C:\Program Files\Java\jdk1.8.0_91
PATH=C:\ProgramData\Oracle\Java\javapath;C:\Windows\system32;C:\Windows;C:\Windows\System32\Wbem;C:\Windows\System32\WindowsPowerShell\v1.0\;C:\Users\lhq\AppData\Local\Android\sdk\platform-tools;C:\Users\lhq\AppData\Local\Android\sdk\tools;C:\Program Files\Java\jdk1.8.0_91\bin;C:\Program Files\Java\jdk1.8.0_91\jre\bin
USERNAME=lhq
OS=Windows_NT
PROCESSOR_IDENTIFIER=Intel64 Family 6 Model 69 Stepping 1, GenuineIntel



---------------  S Y S T E M  ---------------

OS: Windows 10.0 , 64 bit Build 10586 (10.0.10586.0)

CPU:total 4 (2 cores per cpu, 2 threads per core) family 6 model 69 stepping 1, cmov, cx8, fxsr, mmx, sse, sse2, sse3, ssse3, sse4.1, sse4.2, popcnt, avx, avx2, aes, clmul, erms, lzcnt, ht, tsc, tscinvbit, bmi1, bmi2

Memory: 4k page, physical 8067548k(1175172k free), swap 8067548k(80924k free)

vm_info: OpenJDK 64-Bit Server VM (25.76-b01) for windows-amd64 JRE (1.8.0_76-release-b01), built on May 12 2016 23:29:00 by "ralucas" with MS VC++ 10.0 (VS2010)

time: Fri Jul 15 16:50:04 2016
elapsed time: 0 seconds (0d 0h 0m 0s)

