#
# There is insufficient memory for the Java Runtime Environment to continue.
# Native memory allocation (malloc) failed to allocate 773776 bytes for Chunk::new
# Possible reasons:
#   The system is out of physical RAM or swap space
#   In 32 bit mode, the process size limit was hit
# Possible solutions:
#   Reduce memory load on the system
#   Increase physical memory or swap space
#   Check if swap backing store is full
#   Use 64 bit Java on a 64 bit OS
#   Decrease Java heap size (-Xmx/-Xms)
#   Decrease number of Java threads
#   Decrease Java thread stack sizes (-Xss)
#   Set larger code cache with -XX:ReservedCodeCacheSize=
# This output file may be truncated or incomplete.
#
#  Out of Memory Error (allocation.cpp:390), pid=4912, tid=0x00000000000019bc
#
# JRE version: OpenJDK Runtime Environment (8.0_76-b01) (build 1.8.0_76-release-b01)
# Java VM: OpenJDK 64-Bit Server VM (25.76-b01 mixed mode windows-amd64 compressed oops)
# Failed to write core dump. Minidumps are not enabled by default on client versions of Windows
#

---------------  T H R E A D  ---------------

Current thread (0x0000000014d5c000):  JavaThread "C2 CompilerThread1" daemon [_thread_in_native, id=6588, stack(0x00000000163d0000,0x00000000164d0000)]

Stack: [0x00000000163d0000,0x00000000164d0000]
[error occurred during error reporting (printing stack bounds), id 0xc0000005]

Native frames: (J=compiled Java code, j=interpreted, Vv=VM code, C=native code)


Current CompileTask:
C2:   1317 1616   !   4       com.android.dx.cf.code.BytecodeArray::parseInstruction (2764 bytes)


---------------  P R O C E S S  ---------------

Java Threads: ( => current thread )
  0x0000000016686000 JavaThread "pool-1-thread-4" [_thread_in_Java, id=6168, stack(0x0000000016fd0000,0x00000000170d0000)]
  0x0000000016681000 JavaThread "pool-1-thread-3" [_thread_in_Java, id=3576, stack(0x0000000016ed0000,0x0000000016fd0000)]
  0x000000001667f000 JavaThread "pool-1-thread-2" [_thread_in_Java, id=7120, stack(0x0000000016dd0000,0x0000000016ed0000)]
  0x000000001667c000 JavaThread "pool-2-thread-1" [_thread_blocked, id=6756, stack(0x0000000016cd0000,0x0000000016dd0000)]
  0x0000000016678000 JavaThread "pool-1-thread-1" [_thread_in_vm, id=3248, stack(0x0000000016bd0000,0x0000000016cd0000)]
  0x000000001655e800 JavaThread "Service Thread" daemon [_thread_blocked, id=3120, stack(0x00000000169d0000,0x0000000016ad0000)]
  0x00000000164d0800 JavaThread "C1 CompilerThread2" daemon [_thread_blocked, id=3836, stack(0x00000000168d0000,0x00000000169d0000)]
=>0x0000000014d5c000 JavaThread "C2 CompilerThread1" daemon [_thread_in_native, id=6588, stack(0x00000000163d0000,0x00000000164d0000)]
  0x0000000014d58800 JavaThread "C2 CompilerThread0" daemon [_thread_in_native, id=6084, stack(0x00000000162d0000,0x00000000163d0000)]
  0x0000000014d0c800 JavaThread "Attach Listener" daemon [_thread_blocked, id=5960, stack(0x00000000161d0000,0x00000000162d0000)]
  0x0000000014d09800 JavaThread "Signal Dispatcher" daemon [_thread_blocked, id=6196, stack(0x00000000160d0000,0x00000000161d0000)]
  0x000000000262a000 JavaThread "Finalizer" daemon [_thread_blocked, id=5952, stack(0x0000000015f70000,0x0000000016070000)]
  0x0000000002620000 JavaThread "Reference Handler" daemon [_thread_blocked, id=3004, stack(0x0000000015e70000,0x0000000015f70000)]
  0x0000000002530800 JavaThread "main" [_thread_in_native, id=284, stack(0x0000000002430000,0x0000000002530000)]

Other Threads:
  0x0000000014cc5800 VMThread [stack: 0x0000000015d70000,0x0000000015e70000] [id=1000]
  0x00000000164ec000 WatcherThread [stack: 0x0000000016ad0000,0x0000000016bd0000] [id=6440]

VM state:not at safepoint (normal execution)

VM Mutex/Monitor currently owned by a thread: None

Heap:
 PSYoungGen      total 68608K, used 37534K [0x00000000eab00000, 0x00000000ef300000, 0x0000000100000000)
  eden space 63488K, 51% used [0x00000000eab00000,0x00000000ecaae4d8,0x00000000ee900000)
  from space 5120K, 99% used [0x00000000eee00000,0x00000000ef2f9650,0x00000000ef300000)
  to   space 5120K, 0% used [0x00000000ee900000,0x00000000ee900000,0x00000000eee00000)
 ParOldGen       total 84992K, used 8550K [0x00000000c0000000, 0x00000000c5300000, 0x00000000eab00000)
  object space 84992K, 10% used [0x00000000c0000000,0x00000000c0859a00,0x00000000c5300000)
 Metaspace       used 6094K, capacity 7152K, committed 7296K, reserved 1056768K
  class space    used 565K, capacity 616K, committed 640K, reserved 1048576K

Card table byte_map: [0x00000000119f0000,0x0000000011c00000] byte_map_base: 0x00000000113f0000

Marking Bits: (ParMarkBitMap*) 0x000000006c4a9d00
 Begin Bits: [0x0000000012160000, 0x0000000013160000)
 End Bits:   [0x0000000013160000, 0x0000000014160000)

Polling page: 0x0000000002390000

CodeCache: size=245760Kb used=6872Kb max_used=6872Kb free=238887Kb
 bounds [0x0000000002630000, 0x0000000002cf0000, 0x0000000011630000]
 total_blobs=1954 nmethods=1690 adapters=177
 compilation: enabled

Compilation events (10 events):
Event: 1.302 Thread 0x00000000164d0800 1702   !   2       java.util.concurrent.FutureTask::run (126 bytes)
Event: 1.303 Thread 0x00000000164d0800 nmethod 1702 0x0000000002ce7f50 code [0x0000000002ce8100, 0x0000000002ce8528]
Event: 1.304 Thread 0x00000000164d0800 1703       1       com.android.dx.ssa.PhiInsn::isPhiOrMove (2 bytes)
Event: 1.304 Thread 0x00000000164d0800 nmethod 1703 0x0000000002cbb810 code [0x0000000002cbb960, 0x0000000002cbba70]
Event: 1.307 Thread 0x00000000164d0800 1704       2       com.android.dx.dex.code.TargetInsn::<init> (29 bytes)
Event: 1.307 Thread 0x00000000164d0800 nmethod 1704 0x0000000002ce87d0 code [0x0000000002ce8940, 0x0000000002ce8b98]
Event: 1.311 Thread 0x00000000164d0800 1705       2       java.util.concurrent.FutureTask::finishCompletion (74 bytes)
Event: 1.312 Thread 0x00000000164d0800 nmethod 1705 0x0000000002ce8cd0 code [0x0000000002ce8e40, 0x0000000002ce9168]
Event: 1.312 Thread 0x00000000164d0800 1706       2       com.android.dx.dex.cf.AttributeTranslator::getAnnotations (22 bytes)
Event: 1.312 Thread 0x00000000164d0800 nmethod 1706 0x0000000002ce92d0 code [0x0000000002ce9480, 0x0000000002ce9808]

GC Heap History (4 events):
Event: 0.737 GC heap before
{Heap before GC invocations=1 (full 0):
 PSYoungGen      total 36864K, used 31744K [0x00000000eab00000, 0x00000000ed400000, 0x0000000100000000)
  eden space 31744K, 100% used [0x00000000eab00000,0x00000000eca00000,0x00000000eca00000)
  from space 5120K, 0% used [0x00000000ecf00000,0x00000000ecf00000,0x00000000ed400000)
  to   space 5120K, 0% used [0x00000000eca00000,0x00000000eca00000,0x00000000ecf00000)
 ParOldGen       total 84992K, used 0K [0x00000000c0000000, 0x00000000c5300000, 0x00000000eab00000)
  object space 84992K, 0% used [0x00000000c0000000,0x00000000c0000000,0x00000000c5300000)
 Metaspace       used 5792K, capacity 6896K, committed 7040K, reserved 1056768K
  class space    used 556K, capacity 616K, committed 640K, reserved 1048576K
Event: 0.756 GC heap after
Heap after GC invocations=1 (full 0):
 PSYoungGen      total 36864K, used 5092K [0x00000000eab00000, 0x00000000ef300000, 0x0000000100000000)
  eden space 31744K, 0% used [0x00000000eab00000,0x00000000eab00000,0x00000000eca00000)
  from space 5120K, 99% used [0x00000000eca00000,0x00000000ecef90e0,0x00000000ecf00000)
  to   space 5120K, 0% used [0x00000000eee00000,0x00000000eee00000,0x00000000ef300000)
 ParOldGen       total 84992K, used 3889K [0x00000000c0000000, 0x00000000c5300000, 0x00000000eab00000)
  object space 84992K, 4% used [0x00000000c0000000,0x00000000c03cc4e8,0x00000000c5300000)
 Metaspace       used 5792K, capacity 6896K, committed 7040K, reserved 1056768K
  class space    used 556K, capacity 616K, committed 640K, reserved 1048576K
}
Event: 1.103 GC heap before
{Heap before GC invocations=2 (full 0):
 PSYoungGen      total 36864K, used 36836K [0x00000000eab00000, 0x00000000ef300000, 0x0000000100000000)
  eden space 31744K, 100% used [0x00000000eab00000,0x00000000eca00000,0x00000000eca00000)
  from space 5120K, 99% used [0x00000000eca00000,0x00000000ecef90e0,0x00000000ecf00000)
  to   space 5120K, 0% used [0x00000000eee00000,0x00000000eee00000,0x00000000ef300000)
 ParOldGen       total 84992K, used 3889K [0x00000000c0000000, 0x00000000c5300000, 0x00000000eab00000)
  object space 84992K, 4% used [0x00000000c0000000,0x00000000c03cc4e8,0x00000000c5300000)
 Metaspace       used 6026K, capacity 7088K, committed 7296K, reserved 1056768K
  class space    used 565K, capacity 616K, committed 640K, reserved 1048576K
Event: 1.127 GC heap after
Heap after GC invocations=2 (full 0):
 PSYoungGen      total 68608K, used 5093K [0x00000000eab00000, 0x00000000ef300000, 0x0000000100000000)
  eden space 63488K, 0% used [0x00000000eab00000,0x00000000eab00000,0x00000000ee900000)
  from space 5120K, 99% used [0x00000000eee00000,0x00000000ef2f9650,0x00000000ef300000)
  to   space 5120K, 0% used [0x00000000ee900000,0x00000000ee900000,0x00000000eee00000)
 ParOldGen       total 84992K, used 8550K [0x00000000c0000000, 0x00000000c5300000, 0x00000000eab00000)
  object space 84992K, 10% used [0x00000000c0000000,0x00000000c0859a00,0x00000000c5300000)
 Metaspace       used 6026K, capacity 7088K, committed 7296K, reserved 1056768K
  class space    used 565K, capacity 616K, committed 640K, reserved 1048576K
}

Deoptimization events (10 events):
Event: 0.849 Thread 0x0000000016681000 Uncommon trap: reason=unstable_if action=reinterpret pc=0x0000000002976ee8 method=com.android.dx.rop.code.RegisterSpec.equals(ILcom/android/dx/rop/type/TypeBearer;Lcom/android/dx/rop/code/LocalItem;)Z @ 16
Event: 0.850 Thread 0x0000000016681000 Uncommon trap: reason=unstable_if action=reinterpret pc=0x0000000002b03ab8 method=com.android.dx.cf.code.Ropper.labelToResultIndex(I)I @ 34
Event: 0.854 Thread 0x0000000016681000 Uncommon trap: reason=unstable_if action=reinterpret pc=0x00000000027bb95c method=com.android.dx.rop.cst.Constant.compareTo(Lcom/android/dx/rop/cst/Constant;)I @ 12
Event: 0.856 Thread 0x0000000016681000 Uncommon trap: reason=uninitialized action=reinterpret pc=0x0000000002a51fa8 method=com.android.dx.cf.code.BytecodeArray.parseInstruction(ILcom/android/dx/cf/code/BytecodeArray$Visitor;)I @ 999
Event: 0.866 Thread 0x0000000016681000 Uncommon trap: reason=unstable_if action=reinterpret pc=0x0000000002a9f790 method=com.android.dx.rop.code.RegisterSpecSet.put(Lcom/android/dx/rop/code/RegisterSpec;)V @ 77
Event: 0.890 Thread 0x0000000016686000 Uncommon trap: reason=unstable_if action=reinterpret pc=0x0000000002b55248 method=com.android.dx.ssa.SsaRenamer$BlockRenamer.addMapping(ILcom/android/dx/rop/code/RegisterSpec;)V @ 120
Event: 0.961 Thread 0x0000000016681000 Uncommon trap: reason=bimorphic action=maybe_recompile pc=0x0000000002918e18 method=java.util.HashMap.putVal(ILjava/lang/Object;Ljava/lang/Object;ZZ)Ljava/lang/Object; @ 91
Event: 0.963 Thread 0x0000000016678000 Uncommon trap: reason=bimorphic action=maybe_recompile pc=0x0000000002918e18 method=java.util.HashMap.putVal(ILjava/lang/Object;Ljava/lang/Object;ZZ)Ljava/lang/Object; @ 91
Event: 0.964 Thread 0x0000000016681000 Uncommon trap: reason=bimorphic action=maybe_recompile pc=0x0000000002918e18 method=java.util.HashMap.putVal(ILjava/lang/Object;Ljava/lang/Object;ZZ)Ljava/lang/Object; @ 91
Event: 0.968 Thread 0x0000000016678000 Uncommon trap: reason=bimorphic action=maybe_recompile pc=0x0000000002918e18 method=java.util.HashMap.putVal(ILjava/lang/Object;Ljava/lang/Object;ZZ)Ljava/lang/Object; @ 91

Internal exceptions (2 events):
Event: 0.026 Thread 0x0000000002530800 Exception <a 'java/lang/NoSuchMethodError': Method sun.misc.Unsafe.defineClass(Ljava/lang/String;[BII)Ljava/lang/Class; name or signature does not match> (0x00000000eab07cc0) thrown at [C:\src\android\AOSP-openjdk\external\jetbrains\jdk\hotspot\src\share\v9djU{ùö?
Event: 0.026 Thread 0x0000000002530800 Exception <a 'java/lang/NoSuchMethodError': Method sun.misc.Unsafe.prefetchRead(Ljava/lang/Object;J)V name or signature does not match> (0x00000000eab07fa8) thrown at [C:\src\android\AOSP-openjdk\external\jetbrains\jdk\hotspot\src\share\vm\prims\jni.cpp, l

Events (10 events):
Event: 0.963 Thread 0x0000000016678000 DEOPT PACKING pc=0x0000000002918e18 sp=0x0000000016cce510
Event: 0.963 Thread 0x0000000016678000 DEOPT UNPACKING pc=0x000000000267556a sp=0x0000000016cce498 mode 2
Event: 0.964 Thread 0x0000000016681000 Uncommon trap: trap_request=0xffffffc6 fr.pc=0x0000000002918e18
Event: 0.964 Thread 0x0000000016681000 DEOPT PACKING pc=0x0000000002918e18 sp=0x0000000016fce770
Event: 0.964 Thread 0x0000000016681000 DEOPT UNPACKING pc=0x000000000267556a sp=0x0000000016fce6f8 mode 2
Event: 0.968 Thread 0x0000000016678000 Uncommon trap: trap_request=0xffffffc6 fr.pc=0x0000000002918e18
Event: 0.968 Thread 0x0000000016678000 DEOPT PACKING pc=0x0000000002918e18 sp=0x0000000016cce510
Event: 0.968 Thread 0x0000000016678000 DEOPT UNPACKING pc=0x000000000267556a sp=0x0000000016cce498 mode 2
Event: 1.099 Executing VM operation: ParallelGCFailedAllocation
Event: 1.127 Executing VM operation: ParallelGCFailedAllocation done


Dynamic libraries:
0x00007ff63bdd0000 - 0x00007ff63be05000 	E:\Android\android-studio-ide-145.2915834-windows\jre\bin\java.exe
0x00007ffc01870000 - 0x00007ffc01a31000 	C:\Windows\SYSTEM32\ntdll.dll
0x00007ffc01610000 - 0x00007ffc016bd000 	C:\Windows\system32\KERNEL32.DLL
0x00007ffbfe5e0000 - 0x00007ffbfe7c8000 	C:\Windows\system32\KERNELBASE.dll
0x00007ffbff5b0000 - 0x00007ffbff657000 	C:\Windows\system32\ADVAPI32.dll
0x00007ffc016c0000 - 0x00007ffc0175d000 	C:\Windows\system32\msvcrt.dll
0x00007ffc01810000 - 0x00007ffc0186b000 	C:\Windows\system32\sechost.dll
0x00007ffc00eb0000 - 0x00007ffc00fcc000 	C:\Windows\system32\RPCRT4.dll
0x00007ffbfef60000 - 0x00007ffbff0b6000 	C:\Windows\system32\USER32.dll
0x00007ffc01330000 - 0x00007ffc014b6000 	C:\Windows\system32\GDI32.dll
0x00007ffbf0a00000 - 0x00007ffbf0c74000 	C:\Windows\WinSxS\amd64_microsoft.windows.common-controls_6595b64144ccf1df_6.0.10586.0_none_8c15ae12515e1c22\COMCTL32.dll
0x00007ffbfece0000 - 0x00007ffbfef5d000 	C:\Windows\system32\combase.dll
0x00007ffbfe570000 - 0x00007ffbfe5da000 	C:\Windows\system32\bcryptPrimitives.dll
0x00007ffc00bc0000 - 0x00007ffc00bfb000 	C:\Windows\system32\IMM32.DLL
0x000000006ca70000 - 0x000000006cb42000 	E:\Android\android-studio-ide-145.2915834-windows\jre\jre\bin\msvcr100.dll
0x000000006bcf0000 - 0x000000006c524000 	E:\Android\android-studio-ide-145.2915834-windows\jre\jre\bin\server\jvm.dll
0x00007ffbfecd0000 - 0x00007ffbfecd8000 	C:\Windows\system32\PSAPI.DLL
0x00007ffbfc260000 - 0x00007ffbfc269000 	C:\Windows\SYSTEM32\WSOCK32.dll
0x00007ffbfc520000 - 0x00007ffbfc543000 	C:\Windows\SYSTEM32\WINMM.dll
0x00007ffbf4030000 - 0x00007ffbf403a000 	C:\Windows\SYSTEM32\VERSION.dll
0x00007ffc00fd0000 - 0x00007ffc0103b000 	C:\Windows\system32\WS2_32.dll
0x00007ffbfc420000 - 0x00007ffbfc44c000 	C:\Windows\SYSTEM32\WINMMBASE.dll
0x00007ffbfe940000 - 0x00007ffbfe983000 	C:\Windows\system32\cfgmgr32.dll
0x00007ffbfbff0000 - 0x00007ffbfbfff000 	E:\Android\android-studio-ide-145.2915834-windows\jre\jre\bin\verify.dll
0x00007ffbfbdd0000 - 0x00007ffbfbdf9000 	E:\Android\android-studio-ide-145.2915834-windows\jre\jre\bin\java.dll
0x00007ffbfb390000 - 0x00007ffbfb3a6000 	E:\Android\android-studio-ide-145.2915834-windows\jre\jre\bin\zip.dll
0x00007ffbff660000 - 0x00007ffc00bbc000 	C:\Windows\system32\SHELL32.dll
0x00007ffbfdf20000 - 0x00007ffbfe565000 	C:\Windows\system32\windows.storage.dll
0x00007ffbff120000 - 0x00007ffbff172000 	C:\Windows\system32\shlwapi.dll
0x00007ffbfdeb0000 - 0x00007ffbfdebf000 	C:\Windows\system32\kernel.appcore.dll
0x00007ffbfe7d0000 - 0x00007ffbfe885000 	C:\Windows\system32\shcore.dll
0x00007ffbfdec0000 - 0x00007ffbfdf0b000 	C:\Windows\system32\powrprof.dll
0x00007ffbfde90000 - 0x00007ffbfdea4000 	C:\Windows\system32\profapi.dll

VM Arguments:
jvm_args: -Djava.awt.headless=true -Xmx1024M -Dfile.encoding=GBK -Duser.country=CN -Duser.language=zh -Duser.variant 
java_command: com.android.dx.command.Main --dex --num-threads=4 --output E:\Teapopo\app\build\intermediates\pre-dexed\debug\debug_a522b71e7afbff9183502dd320454d14b0b13bcb.jar E:\Teapopo\app\build\intermediates\classes\debug
java_class_path (initial): C:\Users\lhq\AppData\Local\Android\sdk\build-tools\23.0.3\lib\dx.jar
Launcher Type: SUN_STANDARD

Environment Variables:
JAVA_HOME=C:\Program Files\Java\jdk1.8.0_91
PATH=C:\ProgramData\Oracle\Java\javapath;C:\Windows\system32;C:\Windows;C:\Windows\System32\Wbem;C:\Windows\System32\WindowsPowerShell\v1.0\;C:\Users\lhq\AppData\Local\Android\sdk\platform-tools;C:\Users\lhq\AppData\Local\Android\sdk\tools;C:\Program Files\Java\jdk1.8.0_91\bin;C:\Program Files\Java\jdk1.8.0_91\jre\bin
USERNAME=lhq
OS=Windows_NT
PROCESSOR_IDENTIFIER=Intel64 Family 6 Model 69 Stepping 1, GenuineIntel



---------------  S Y S T E M  ---------------

OS: Windows 10.0 , 64 bit Build 10586 (10.0.10586.0)

CPU:total 4 (2 cores per cpu, 2 threads per core) family 6 model 69 stepping 1, cmov, cx8, fxsr, mmx, sse, sse2, sse3, ssse3, sse4.1, sse4.2, popcnt, avx, avx2, aes, clmul, erms, lzcnt, ht, tsc, tscinvbit, bmi1, bmi2

Memory: 4k page, physical 8067548k(1149704k free), swap 8067548k(4292k free)

vm_info: OpenJDK 64-Bit Server VM (25.76-b01) for windows-amd64 JRE (1.8.0_76-release-b01), built on May 12 2016 23:29:00 by "ralucas" with MS VC++ 10.0 (VS2010)

time: Fri Jul 01 17:40:42 2016
elapsed time: 1 seconds (0d 0h 0m 1s)

