#
# There is insufficient memory for the Java Runtime Environment to continue.
# Native memory allocation (malloc) failed to allocate 51376 bytes for Chunk::new
# Possible reasons:
#   The system is out of physical RAM or swap space
#   In 32 bit mode, the process size limit was hit
# Possible solutions:
#   Reduce memory load on the system
#   Increase physical memory or swap space
#   Check if swap backing store is full
#   Use 64 bit Java on a 64 bit OS
#   Decrease Java heap size (-Xmx/-Xms)
#   Decrease number of Java threads
#   Decrease Java thread stack sizes (-Xss)
#   Set larger code cache with -XX:ReservedCodeCacheSize=
# This output file may be truncated or incomplete.
#
#  Out of Memory Error (allocation.cpp:390), pid=17280, tid=0x0000000000003814
#
# JRE version: OpenJDK Runtime Environment (8.0_76-b01) (build 1.8.0_76-release-b01)
# Java VM: OpenJDK 64-Bit Server VM (25.76-b01 mixed mode windows-amd64 compressed oops)
# Failed to write core dump. Minidumps are not enabled by default on client versions of Windows
#

---------------  T H R E A D  ---------------

Current thread (0x00000000164ea000):  JavaThread "C2 CompilerThread1" daemon [_thread_in_native, id=14356, stack(0x00000000168a0000,0x00000000169a0000)]

Stack: [0x00000000168a0000,0x00000000169a0000]
[error occurred during error reporting (printing stack bounds), id 0xc0000005]

Native frames: (J=compiled Java code, j=interpreted, Vv=VM code, C=native code)


Current CompileTask:
C2:   1207  259       4       java.lang.String::replace (127 bytes)


---------------  P R O C E S S  ---------------

Java Threads: ( => current thread )
  0x000000001670f800 JavaThread "pool-1-thread-4" [_thread_blocked, id=16452, stack(0x00000000170a0000,0x00000000171a0000)]
  0x000000001670f000 JavaThread "pool-1-thread-3" [_thread_blocked, id=8244, stack(0x0000000016fa0000,0x00000000170a0000)]
  0x0000000016708800 JavaThread "pool-1-thread-2" [_thread_blocked, id=15832, stack(0x0000000016ea0000,0x0000000016fa0000)]
  0x0000000016705800 JavaThread "pool-2-thread-1" [_thread_blocked, id=9068, stack(0x0000000016da0000,0x0000000016ea0000)]
  0x0000000016704800 JavaThread "pool-1-thread-1" [_thread_in_vm, id=15604, stack(0x0000000016ca0000,0x0000000016da0000)]
  0x00000000164fe800 JavaThread "Service Thread" daemon [_thread_blocked, id=15016, stack(0x0000000016aa0000,0x0000000016ba0000)]
  0x00000000164f8000 JavaThread "C1 CompilerThread2" daemon [_thread_blocked, id=15424, stack(0x00000000169a0000,0x0000000016aa0000)]
=>0x00000000164ea000 JavaThread "C2 CompilerThread1" daemon [_thread_in_native, id=14356, stack(0x00000000168a0000,0x00000000169a0000)]
  0x0000000014e3d800 JavaThread "C2 CompilerThread0" daemon [_thread_blocked, id=14992, stack(0x00000000163a0000,0x00000000164a0000)]
  0x0000000014e3c000 JavaThread "Attach Listener" daemon [_thread_blocked, id=16272, stack(0x00000000162a0000,0x00000000163a0000)]
  0x0000000014e3b000 JavaThread "Signal Dispatcher" daemon [_thread_blocked, id=15476, stack(0x00000000161a0000,0x00000000162a0000)]
  0x0000000014e18800 JavaThread "Finalizer" daemon [_thread_blocked, id=16256, stack(0x00000000160a0000,0x00000000161a0000)]
  0x0000000002750000 JavaThread "Reference Handler" daemon [_thread_blocked, id=16280, stack(0x0000000015fa0000,0x00000000160a0000)]
  0x0000000002660800 JavaThread "main" [_thread_blocked, id=17404, stack(0x0000000002560000,0x0000000002660000)]

Other Threads:
  0x0000000014df5800 VMThread [stack: 0x0000000015ea0000,0x0000000015fa0000] [id=11832]
  0x0000000016502000 WatcherThread [stack: 0x0000000016ba0000,0x0000000016ca0000] [id=15564]

VM state:not at safepoint (normal execution)

VM Mutex/Monitor currently owned by a thread: None

Heap:
 PSYoungGen      total 36864K, used 8902K [0x00000000eab00000, 0x00000000ed400000, 0x0000000100000000)
  eden space 31744K, 28% used [0x00000000eab00000,0x00000000eb3b1b00,0x00000000eca00000)
  from space 5120K, 0% used [0x00000000ecf00000,0x00000000ecf00000,0x00000000ed400000)
  to   space 5120K, 0% used [0x00000000eca00000,0x00000000eca00000,0x00000000ecf00000)
 ParOldGen       total 84992K, used 0K [0x00000000c0000000, 0x00000000c5300000, 0x00000000eab00000)
  object space 84992K, 0% used [0x00000000c0000000,0x00000000c0000000,0x00000000c5300000)
 Metaspace       used 4739K, capacity 5808K, committed 6016K, reserved 1056768K
  class space    used 505K, capacity 552K, committed 640K, reserved 1048576K

Card table byte_map: [0x0000000011b20000,0x0000000011d30000] byte_map_base: 0x0000000011520000

Marking Bits: (ParMarkBitMap*) 0x000000005e0b9d00
 Begin Bits: [0x0000000012290000, 0x0000000013290000)
 End Bits:   [0x0000000013290000, 0x0000000014290000)

Polling page: 0x0000000000520000

CodeCache: size=245760Kb used=1653Kb max_used=1656Kb free=244106Kb
 bounds [0x0000000002760000, 0x00000000029d0000, 0x0000000011760000]
 total_blobs=534 nmethods=268 adapters=180
 compilation: enabled

Compilation events (10 events):
Event: 1.200 Thread 0x00000000164f8000 nmethod 261 0x00000000028f8710 code [0x00000000028f8920, 0x00000000028f93f8]
Event: 1.200 Thread 0x00000000164f8000  262       3       java.util.WeakHashMap::put (162 bytes)
Event: 1.201 Thread 0x00000000164f8000 nmethod 262 0x00000000028f9990 code [0x00000000028f9bc0, 0x00000000028faa58]
Event: 1.201 Thread 0x00000000164f8000  263       3       java.util.WeakHashMap$Entry::<init> (24 bytes)
Event: 1.202 Thread 0x00000000164f8000 nmethod 263 0x00000000028fb110 code [0x00000000028fb280, 0x00000000028fb5b0]
Event: 1.203 Thread 0x0000000014e3d800 nmethod 260 0x00000000028fe550 code [0x00000000028fe6a0, 0x00000000028fe8d8]
Event: 1.203 Thread 0x00000000164f8000  264       3       java.util.zip.ZipFile::getZipEntry (236 bytes)
Event: 1.204 Thread 0x00000000164f8000 nmethod 264 0x00000000028fd350 code [0x00000000028fd5a0, 0x00000000028fe128]
Event: 1.204 Thread 0x00000000164f8000  265       3       java.util.zip.ZipEntry::<init> (43 bytes)
Event: 1.204 Thread 0x00000000164f8000 nmethod 265 0x00000000028fcf50 code [0x00000000028fd0a0, 0x00000000028fd2b0]

GC Heap History (0 events):
No events

Deoptimization events (0 events):
No events

Internal exceptions (2 events):
Event: 0.037 Thread 0x0000000002660800 Exception <a 'java/lang/NoSuchMethodError': Method sun.misc.Unsafe.defineClass(Ljava/lang/String;[BII)Ljava/lang/Class; name or signature does not match> (0x00000000eab07cc0) thrown at [C:\src\android\AOSP-openjdk\external\jetbrains\jdk\hotspot\src\share\v@A°Ùø¢?
Event: 0.037 Thread 0x0000000002660800 Exception <a 'java/lang/NoSuchMethodError': Method sun.misc.Unsafe.prefetchRead(Ljava/lang/Object;J)V name or signature does not match> (0x00000000eab07fa8) thrown at [C:\src\android\AOSP-openjdk\external\jetbrains\jdk\hotspot\src\share\vm\prims\jni.cpp, l

Events (10 events):
Event: 1.198 loading class com/android/dx/ssa/PhiInsn
Event: 1.198 loading class com/android/dx/ssa/PhiInsn done
Event: 1.199 loading class com/android/dx/ssa/SsaRenamer$1
Event: 1.199 loading class com/android/dx/ssa/SsaRenamer$1 done
Event: 1.199 loading class com/android/dx/ssa/SsaRenamer$BlockRenamer
Event: 1.199 loading class com/android/dx/ssa/SsaRenamer$BlockRenamer done
Event: 1.202 loading class com/android/dx/ssa/RegisterMapper
Event: 1.202 loading class com/android/dx/ssa/RegisterMapper done
Event: 1.203 loading class com/android/dx/ssa/SsaRenamer$BlockRenamer$RenamingMapper
Event: 1.203 loading class com/android/dx/ssa/SsaRenamer$BlockRenamer$RenamingMapper done


Dynamic libraries:
0x00007ff75b500000 - 0x00007ff75b535000 	E:\Android\android-studio-ide-145.2915834-windows\jre\bin\java.exe
0x00007ffbe4110000 - 0x00007ffbe42d1000 	C:\Windows\SYSTEM32\ntdll.dll
0x00007ffbe2080000 - 0x00007ffbe212d000 	C:\Windows\system32\KERNEL32.DLL
0x00007ffbe0ec0000 - 0x00007ffbe10a8000 	C:\Windows\system32\KERNELBASE.dll
0x00007ffbe3c80000 - 0x00007ffbe3d27000 	C:\Windows\system32\ADVAPI32.dll
0x00007ffbe4070000 - 0x00007ffbe410d000 	C:\Windows\system32\msvcrt.dll
0x00007ffbe22d0000 - 0x00007ffbe232b000 	C:\Windows\system32\sechost.dll
0x00007ffbe1d60000 - 0x00007ffbe1e7c000 	C:\Windows\system32\RPCRT4.dll
0x00007ffbe1970000 - 0x00007ffbe1ac6000 	C:\Windows\system32\USER32.dll
0x00007ffbe2140000 - 0x00007ffbe22c6000 	C:\Windows\system32\GDI32.dll
0x00007ffbd49b0000 - 0x00007ffbd4c24000 	C:\Windows\WinSxS\amd64_microsoft.windows.common-controls_6595b64144ccf1df_6.0.10586.0_none_8c15ae12515e1c22\COMCTL32.dll
0x00007ffbe24a0000 - 0x00007ffbe271d000 	C:\Windows\system32\combase.dll
0x00007ffbe14a0000 - 0x00007ffbe150a000 	C:\Windows\system32\bcryptPrimitives.dll
0x00007ffbe1ef0000 - 0x00007ffbe1f2b000 	C:\Windows\system32\IMM32.DLL
0x000000005d820000 - 0x000000005d8f2000 	E:\Android\android-studio-ide-145.2915834-windows\jre\jre\bin\msvcr100.dll
0x000000005d900000 - 0x000000005e134000 	E:\Android\android-studio-ide-145.2915834-windows\jre\jre\bin\server\jvm.dll
0x00007ffbe1530000 - 0x00007ffbe1538000 	C:\Windows\system32\PSAPI.DLL
0x00007ffbdd900000 - 0x00007ffbdd909000 	C:\Windows\SYSTEM32\WSOCK32.dll
0x00007ffbe3d30000 - 0x00007ffbe3d9b000 	C:\Windows\system32\WS2_32.dll
0x00007ffbdea60000 - 0x00007ffbdea83000 	C:\Windows\SYSTEM32\WINMM.dll
0x00007ffbd61b0000 - 0x00007ffbd61ba000 	C:\Windows\SYSTEM32\VERSION.dll
0x0000000002530000 - 0x000000000255c000 	C:\Windows\SYSTEM32\WINMMBASE.dll
0x00007ffbe1300000 - 0x00007ffbe1343000 	C:\Windows\system32\cfgmgr32.dll
0x00007ffbdbbd0000 - 0x00007ffbdbbdf000 	E:\Android\android-studio-ide-145.2915834-windows\jre\jre\bin\verify.dll
0x00007ffbdba90000 - 0x00007ffbdbab9000 	E:\Android\android-studio-ide-145.2915834-windows\jre\jre\bin\java.dll
0x00007ffbdba70000 - 0x00007ffbdba86000 	E:\Android\android-studio-ide-145.2915834-windows\jre\jre\bin\zip.dll
0x00007ffbe2720000 - 0x00007ffbe3c7c000 	C:\Windows\system32\SHELL32.dll
0x00007ffbe07c0000 - 0x00007ffbe0e05000 	C:\Windows\system32\windows.storage.dll
0x00007ffbe2440000 - 0x00007ffbe2492000 	C:\Windows\system32\shlwapi.dll
0x00007ffbe0730000 - 0x00007ffbe073f000 	C:\Windows\system32\kernel.appcore.dll
0x00007ffbe1350000 - 0x00007ffbe1405000 	C:\Windows\system32\shcore.dll
0x00007ffbe0770000 - 0x00007ffbe07bb000 	C:\Windows\system32\powrprof.dll
0x00007ffbe0740000 - 0x00007ffbe0754000 	C:\Windows\system32\profapi.dll

VM Arguments:
jvm_args: -Djava.awt.headless=true -Xmx1024M -Dfile.encoding=GBK -Duser.country=CN -Duser.language=zh -Duser.variant 
java_command: com.android.dx.command.Main --dex --num-threads=4 --output E:\Teapopo\app\build\intermediates\pre-dexed\debug\ShareSDK-Flickr-2.7.1_163d0bf086b3595266e2cdfeb7b5f7b94ab91cc9.jar E:\Teapopo\app\libs\ShareSDK-Flickr-2.7.1.jar
java_class_path (initial): C:\Users\lhq\AppData\Local\Android\sdk\build-tools\23.0.3\lib\dx.jar
Launcher Type: SUN_STANDARD

Environment Variables:
JAVA_HOME=C:\Program Files\Java\jdk1.8.0_91
PATH=C:\ProgramData\Oracle\Java\javapath;C:\Windows\system32;C:\Windows;C:\Windows\System32\Wbem;C:\Windows\System32\WindowsPowerShell\v1.0\;C:\Users\lhq\AppData\Local\Android\sdk\platform-tools;C:\Users\lhq\AppData\Local\Android\sdk\tools;C:\Program Files\Java\jdk1.8.0_91\bin;C:\Program Files\Java\jdk1.8.0_91\jre\bin
USERNAME=lhq
OS=Windows_NT
PROCESSOR_IDENTIFIER=Intel64 Family 6 Model 69 Stepping 1, GenuineIntel



---------------  S Y S T E M  ---------------

OS: Windows 10.0 , 64 bit Build 10586 (10.0.10586.0)

CPU:total 4 (2 cores per cpu, 2 threads per core) family 6 model 69 stepping 1, cmov, cx8, fxsr, mmx, sse, sse2, sse3, ssse3, sse4.1, sse4.2, popcnt, avx, avx2, aes, clmul, erms, lzcnt, ht, tsc, tscinvbit, bmi1, bmi2

Memory: 4k page, physical 8067548k(1124860k free), swap 8067548k(4356k free)

vm_info: OpenJDK 64-Bit Server VM (25.76-b01) for windows-amd64 JRE (1.8.0_76-release-b01), built on May 12 2016 23:29:00 by "ralucas" with MS VC++ 10.0 (VS2010)

time: Fri Jul 15 16:50:08 2016
elapsed time: 1 seconds (0d 0h 0m 1s)

