#
# There is insufficient memory for the Java Runtime Environment to continue.
# Native memory allocation (malloc) failed to allocate 1420816 bytes for Chunk::new
# Possible reasons:
#   The system is out of physical RAM or swap space
#   In 32 bit mode, the process size limit was hit
# Possible solutions:
#   Reduce memory load on the system
#   Increase physical memory or swap space
#   Check if swap backing store is full
#   Use 64 bit Java on a 64 bit OS
#   Decrease Java heap size (-Xmx/-Xms)
#   Decrease number of Java threads
#   Decrease Java thread stack sizes (-Xss)
#   Set larger code cache with -XX:ReservedCodeCacheSize=
# This output file may be truncated or incomplete.
#
#  Out of Memory Error (allocation.cpp:390), pid=6364, tid=0x0000000000001904
#
# JRE version: OpenJDK Runtime Environment (8.0_76-b01) (build 1.8.0_76-release-b01)
# Java VM: OpenJDK 64-Bit Server VM (25.76-b01 mixed mode windows-amd64 compressed oops)
# Failed to write core dump. Minidumps are not enabled by default on client versions of Windows
#

---------------  T H R E A D  ---------------

Current thread (0x0000000014cba800):  JavaThread "C2 CompilerThread1" daemon [_thread_in_native, id=6404, stack(0x0000000016720000,0x0000000016820000)]

Stack: [0x0000000016720000,0x0000000016820000]
[error occurred during error reporting (printing stack bounds), id 0xc0000005]

Native frames: (J=compiled Java code, j=interpreted, Vv=VM code, C=native code)


Current CompileTask:
C2:   5518 2147       4       com.android.dx.dex.code.DalvCode::finishProcessingIfNecessary (69 bytes)


---------------  P R O C E S S  ---------------

Java Threads: ( => current thread )
  0x000000001637b000 JavaThread "Service Thread" daemon [_thread_blocked, id=1600, stack(0x0000000016920000,0x0000000016a20000)]
  0x0000000014cbd800 JavaThread "C1 CompilerThread2" daemon [_thread_blocked, id=6316, stack(0x0000000016820000,0x0000000016920000)]
=>0x0000000014cba800 JavaThread "C2 CompilerThread1" daemon [_thread_in_native, id=6404, stack(0x0000000016720000,0x0000000016820000)]
  0x0000000014c6d800 JavaThread "C2 CompilerThread0" daemon [_thread_blocked, id=620, stack(0x0000000016220000,0x0000000016320000)]
  0x0000000014c6c800 JavaThread "Attach Listener" daemon [_thread_blocked, id=908, stack(0x0000000016120000,0x0000000016220000)]
  0x0000000014c6b000 JavaThread "Signal Dispatcher" daemon [_thread_blocked, id=5180, stack(0x0000000016020000,0x0000000016120000)]
  0x000000000258a000 JavaThread "Finalizer" daemon [_thread_blocked, id=5496, stack(0x0000000015ec0000,0x0000000015fc0000)]
  0x0000000014c27000 JavaThread "Reference Handler" daemon [_thread_blocked, id=6900, stack(0x0000000015dc0000,0x0000000015ec0000)]
  0x0000000002490800 JavaThread "main" [_thread_in_Java, id=6484, stack(0x0000000001eb0000,0x0000000001fb0000)]

Other Threads:
  0x0000000014c24800 VMThread [stack: 0x0000000015cc0000,0x0000000015dc0000] [id=3584]
  0x000000001637d000 WatcherThread [stack: 0x0000000016a20000,0x0000000016b20000] [id=6184]

VM state:not at safepoint (normal execution)

VM Mutex/Monitor currently owned by a thread: None

Heap:
 PSYoungGen      total 68608K, used 31254K [0x00000000eab00000, 0x00000000ef300000, 0x0000000100000000)
  eden space 63488K, 41% used [0x00000000eab00000,0x00000000ec485f98,0x00000000ee900000)
  from space 5120K, 99% used [0x00000000eee00000,0x00000000ef2ff988,0x00000000ef300000)
  to   space 5120K, 0% used [0x00000000ee900000,0x00000000ee900000,0x00000000eee00000)
 ParOldGen       total 84992K, used 15564K [0x00000000c0000000, 0x00000000c5300000, 0x00000000eab00000)
  object space 84992K, 18% used [0x00000000c0000000,0x00000000c0f332a0,0x00000000c5300000)
 Metaspace       used 6650K, capacity 7472K, committed 7552K, reserved 1056768K
  class space    used 600K, capacity 616K, committed 640K, reserved 1048576K

Card table byte_map: [0x0000000011950000,0x0000000011b60000] byte_map_base: 0x0000000011350000

Marking Bits: (ParMarkBitMap*) 0x000000005e0b9d00
 Begin Bits: [0x00000000120c0000, 0x00000000130c0000)
 End Bits:   [0x00000000130c0000, 0x00000000140c0000)

Polling page: 0x0000000000450000

CodeCache: size=245760Kb used=8514Kb max_used=8526Kb free=237245Kb
 bounds [0x0000000002590000, 0x0000000002df0000, 0x0000000011590000]
 total_blobs=2431 nmethods=2159 adapters=185
 compilation: enabled

Compilation events (10 events):
Event: 5.271 Thread 0x0000000014cbd800 2186       3       com.android.dx.util.ByteArrayAnnotatedOutput::writeShort (64 bytes)
Event: 5.271 Thread 0x0000000014cbd800 nmethod 2186 0x0000000002de4190 code [0x0000000002de4320, 0x0000000002de46d8]
Event: 5.272 Thread 0x0000000014cbd800 2187       3       com.android.dx.dex.file.MemberIdItem::writeTo (231 bytes)
Event: 5.275 Thread 0x0000000014cbd800 nmethod 2187 0x0000000002de4910 code [0x0000000002de4ea0, 0x0000000002de8928]
Event: 5.275 Thread 0x0000000014cbd800 2188       3       com.android.dx.dex.file.FieldIdItem::getTypoidIdx (17 bytes)
Event: 5.276 Thread 0x0000000014cbd800 nmethod 2188 0x0000000002de3510 code [0x0000000002de36c0, 0x0000000002de3ef8]
Event: 5.280 Thread 0x0000000014c6d800 2189       4       com.android.dx.rop.type.Prototype::compareTo (9 bytes)
Event: 5.282 Thread 0x0000000014cbd800 2190       3       com.android.dx.dex.file.MethodIdItem::getMethodRef (8 bytes)
Event: 5.282 Thread 0x0000000014cbd800 nmethod 2190 0x0000000002dd3910 code [0x0000000002dd3a80, 0x0000000002dd3d50]
Event: 5.287 Thread 0x0000000014c6d800 nmethod 2189 0x0000000002dd1790 code [0x0000000002dd1900, 0x0000000002dd1e58]

GC Heap History (8 events):
Event: 2.277 GC heap before
{Heap before GC invocations=1 (full 0):
 PSYoungGen      total 36864K, used 31744K [0x00000000eab00000, 0x00000000ed400000, 0x0000000100000000)
  eden space 31744K, 100% used [0x00000000eab00000,0x00000000eca00000,0x00000000eca00000)
  from space 5120K, 0% used [0x00000000ecf00000,0x00000000ecf00000,0x00000000ed400000)
  to   space 5120K, 0% used [0x00000000eca00000,0x00000000eca00000,0x00000000ecf00000)
 ParOldGen       total 84992K, used 0K [0x00000000c0000000, 0x00000000c5300000, 0x00000000eab00000)
  object space 84992K, 0% used [0x00000000c0000000,0x00000000c0000000,0x00000000c5300000)
 Metaspace       used 5944K, capacity 6896K, committed 7040K, reserved 1056768K
  class space    used 577K, capacity 616K, committed 640K, reserved 1048576K
Event: 2.288 GC heap after
Heap after GC invocations=1 (full 0):
 PSYoungGen      total 36864K, used 5100K [0x00000000eab00000, 0x00000000ed400000, 0x0000000100000000)
  eden space 31744K, 0% used [0x00000000eab00000,0x00000000eab00000,0x00000000eca00000)
  from space 5120K, 99% used [0x00000000eca00000,0x00000000ecefb1a8,0x00000000ecf00000)
  to   space 5120K, 0% used [0x00000000ecf00000,0x00000000ecf00000,0x00000000ed400000)
 ParOldGen       total 84992K, used 1274K [0x00000000c0000000, 0x00000000c5300000, 0x00000000eab00000)
  object space 84992K, 1% used [0x00000000c0000000,0x00000000c013e828,0x00000000c5300000)
 Metaspace       used 5944K, capacity 6896K, committed 7040K, reserved 1056768K
  class space    used 577K, capacity 616K, committed 640K, reserved 1048576K
}
Event: 2.750 GC heap before
{Heap before GC invocations=2 (full 0):
 PSYoungGen      total 36864K, used 36844K [0x00000000eab00000, 0x00000000ed400000, 0x0000000100000000)
  eden space 31744K, 100% used [0x00000000eab00000,0x00000000eca00000,0x00000000eca00000)
  from space 5120K, 99% used [0x00000000eca00000,0x00000000ecefb1a8,0x00000000ecf00000)
  to   space 5120K, 0% used [0x00000000ecf00000,0x00000000ecf00000,0x00000000ed400000)
 ParOldGen       total 84992K, used 1274K [0x00000000c0000000, 0x00000000c5300000, 0x00000000eab00000)
  object space 84992K, 1% used [0x00000000c0000000,0x00000000c013e828,0x00000000c5300000)
 Metaspace       used 6145K, capacity 7088K, committed 7296K, reserved 1056768K
  class space    used 579K, capacity 616K, committed 640K, reserved 1048576K
Event: 2.767 GC heap after
Heap after GC invocations=2 (full 0):
 PSYoungGen      total 36864K, used 5112K [0x00000000eab00000, 0x00000000ef300000, 0x0000000100000000)
  eden space 31744K, 0% used [0x00000000eab00000,0x00000000eab00000,0x00000000eca00000)
  from space 5120K, 99% used [0x00000000ecf00000,0x00000000ed3fe118,0x00000000ed400000)
  to   space 5120K, 0% used [0x00000000eca00000,0x00000000eca00000,0x00000000ecf00000)
 ParOldGen       total 84992K, used 5601K [0x00000000c0000000, 0x00000000c5300000, 0x00000000eab00000)
  object space 84992K, 6% used [0x00000000c0000000,0x00000000c05786f8,0x00000000c5300000)
 Metaspace       used 6145K, capacity 7088K, committed 7296K, reserved 1056768K
  class space    used 579K, capacity 616K, committed 640K, reserved 1048576K
}
Event: 3.121 GC heap before
{Heap before GC invocations=3 (full 0):
 PSYoungGen      total 36864K, used 36856K [0x00000000eab00000, 0x00000000ef300000, 0x0000000100000000)
  eden space 31744K, 100% used [0x00000000eab00000,0x00000000eca00000,0x00000000eca00000)
  from space 5120K, 99% used [0x00000000ecf00000,0x00000000ed3fe118,0x00000000ed400000)
  to   space 5120K, 0% used [0x00000000eca00000,0x00000000eca00000,0x00000000ecf00000)
 ParOldGen       total 84992K, used 5601K [0x00000000c0000000, 0x00000000c5300000, 0x00000000eab00000)
  object space 84992K, 6% used [0x00000000c0000000,0x00000000c05786f8,0x00000000c5300000)
 Metaspace       used 6193K, capacity 7088K, committed 7296K, reserved 1056768K
  class space    used 579K, capacity 616K, committed 640K, reserved 1048576K
Event: 3.145 GC heap after
Heap after GC invocations=3 (full 0):
 PSYoungGen      total 36864K, used 5102K [0x00000000eab00000, 0x00000000ef300000, 0x0000000100000000)
  eden space 31744K, 0% used [0x00000000eab00000,0x00000000eab00000,0x00000000eca00000)
  from space 5120K, 99% used [0x00000000eca00000,0x00000000ecefba28,0x00000000ecf00000)
  to   space 5120K, 0% used [0x00000000eee00000,0x00000000eee00000,0x00000000ef300000)
 ParOldGen       total 84992K, used 10287K [0x00000000c0000000, 0x00000000c5300000, 0x00000000eab00000)
  object space 84992K, 12% used [0x00000000c0000000,0x00000000c0a0bd20,0x00000000c5300000)
 Metaspace       used 6193K, capacity 7088K, committed 7296K, reserved 1056768K
  class space    used 579K, capacity 616K, committed 640K, reserved 1048576K
}
Event: 3.446 GC heap before
{Heap before GC invocations=4 (full 0):
 PSYoungGen      total 36864K, used 36846K [0x00000000eab00000, 0x00000000ef300000, 0x0000000100000000)
  eden space 31744K, 100% used [0x00000000eab00000,0x00000000eca00000,0x00000000eca00000)
  from space 5120K, 99% used [0x00000000eca00000,0x00000000ecefba28,0x00000000ecf00000)
  to   space 5120K, 0% used [0x00000000eee00000,0x00000000eee00000,0x00000000ef300000)
 ParOldGen       total 84992K, used 10287K [0x00000000c0000000, 0x00000000c5300000, 0x00000000eab00000)
  object space 84992K, 12% used [0x00000000c0000000,0x00000000c0a0bd20,0x00000000c5300000)
 Metaspace       used 6229K, capacity 7152K, committed 7296K, reserved 1056768K
  class space    used 579K, capacity 616K, committed 640K, reserved 1048576K
Event: 3.483 GC heap after
Heap after GC invocations=4 (full 0):
 PSYoungGen      total 68608K, used 5118K [0x00000000eab00000, 0x00000000ef300000, 0x0000000100000000)
  eden space 63488K, 0% used [0x00000000eab00000,0x00000000eab00000,0x00000000ee900000)
  from space 5120K, 99% used [0x00000000eee00000,0x00000000ef2ff988,0x00000000ef300000)
  to   space 5120K, 0% used [0x00000000ee900000,0x00000000ee900000,0x00000000eee00000)
 ParOldGen       total 84992K, used 15564K [0x00000000c0000000, 0x00000000c5300000, 0x00000000eab00000)
  object space 84992K, 18% used [0x00000000c0000000,0x00000000c0f332a0,0x00000000c5300000)
 Metaspace       used 6229K, capacity 7152K, committed 7296K, reserved 1056768K
  class space    used 579K, capacity 616K, committed 640K, reserved 1048576K
}

Deoptimization events (10 events):
Event: 3.613 Thread 0x0000000002490800 Uncommon trap: reason=class_check action=maybe_recompile pc=0x0000000002a76c08 method=java.util.Arrays.hashCode([Ljava/lang/Object;)I @ 43
Event: 3.613 Thread 0x0000000002490800 Uncommon trap: reason=class_check action=maybe_recompile pc=0x0000000002a495e8 method=java.util.Arrays.hashCode([Ljava/lang/Object;)I @ 43
Event: 4.070 Thread 0x0000000002490800 Uncommon trap: reason=speculate_class_check action=maybe_recompile pc=0x00000000028d84c4 method=com.android.dx.util.FixedSizeList.equals(Ljava/lang/Object;)Z @ 25
Event: 4.070 Thread 0x0000000002490800 Uncommon trap: reason=speculate_class_check action=maybe_recompile pc=0x00000000028d84c4 method=com.android.dx.util.FixedSizeList.equals(Ljava/lang/Object;)Z @ 25
Event: 4.160 Thread 0x0000000002490800 Uncommon trap: reason=speculate_class_check action=maybe_recompile pc=0x00000000028d84c4 method=com.android.dx.util.FixedSizeList.equals(Ljava/lang/Object;)Z @ 25
Event: 4.160 Thread 0x0000000002490800 Uncommon trap: reason=speculate_class_check action=maybe_recompile pc=0x00000000028d84c4 method=com.android.dx.util.FixedSizeList.equals(Ljava/lang/Object;)Z @ 25
Event: 4.414 Thread 0x0000000002490800 Uncommon trap: reason=unstable_if action=reinterpret pc=0x0000000002cb26e4 method=java.util.TreeMap.put(Ljava/lang/Object;Ljava/lang/Object;)Ljava/lang/Object; @ 163
Event: 4.545 Thread 0x0000000002490800 Uncommon trap: reason=unstable_if action=reinterpret pc=0x0000000002d344e4 method=java.util.ArrayList.<init>(I)V @ 5
Event: 4.752 Thread 0x0000000002490800 Uncommon trap: reason=unstable_if action=reinterpret pc=0x00000000028474fc method=java.lang.Long.numberOfTrailingZeros(J)I @ 3
Event: 4.998 Thread 0x0000000002490800 Uncommon trap: reason=unstable_if action=reinterpret pc=0x0000000002d8e804 method=com.android.dx.util.ByteArrayAnnotatedOutput.writeByte(I)V @ 13

Internal exceptions (6 events):
Event: 0.081 Thread 0x0000000002490800 Exception <a 'java/lang/NoSuchMethodError': Method sun.misc.Unsafe.defineClass(Ljava/lang/String;[BII)Ljava/lang/Class; name or signature does not match> (0x00000000eab07cc0) thrown at [C:\src\android\AOSP-openjdk\external\jetbrains\jdk\hotspot\src\share\vvQ≈¨÷‘¥?
Event: 0.081 Thread 0x0000000002490800 Exception <a 'java/lang/NoSuchMethodError': Method sun.misc.Unsafe.prefetchRead(Ljava/lang/Object;J)V name or signature does not match> (0x00000000eab07fa8) thrown at [C:\src\android\AOSP-openjdk\external\jetbrains\jdk\hotspot\src\share\vm\prims\jni.cpp, lb»©0è@
Event: 2.320 Thread 0x000000001659b800 Implicit null exception at 0x000000000292c1e2 to 0x000000000292c2da
Event: 2.472 Thread 0x000000001659a000 Implicit null exception at 0x00000000028de297 to 0x00000000028e0909
Event: 3.407 Thread 0x000000001659a000 Implicit null exception at 0x0000000002bedd65 to 0x0000000002bedf21
Event: 3.407 Thread 0x000000001659a000 Implicit null exception at 0x0000000002c3dcd5 to 0x0000000002c3f4b5

Events (10 events):
Event: 4.752 Thread 0x0000000002490800 DEOPT UNPACKING pc=0x00000000025d556a sp=0x0000000001faed20 mode 2
Event: 4.979 loading class com/android/dx/dex/file/MapItem
Event: 4.979 loading class com/android/dx/dex/file/MapItem done
Event: 4.985 Executing VM operation: EnableBiasedLocking
Event: 4.985 Executing VM operation: EnableBiasedLocking done
Event: 4.991 loading class com/android/dex/DexFormat
Event: 4.991 loading class com/android/dex/DexFormat done
Event: 4.998 Thread 0x0000000002490800 Uncommon trap: trap_request=0xffffff65 fr.pc=0x0000000002d8e804
Event: 4.998 Thread 0x0000000002490800 DEOPT PACKING pc=0x0000000002d8e804 sp=0x0000000001faef70
Event: 4.998 Thread 0x0000000002490800 DEOPT UNPACKING pc=0x00000000025d556a sp=0x0000000001faef28 mode 2


Dynamic libraries:
0x00007ff6012a0000 - 0x00007ff6012d5000 	E:\Android\android-studio-ide-145.2915834-windows\jre\bin\java.exe
0x00007ffbe4110000 - 0x00007ffbe42d1000 	C:\Windows\SYSTEM32\ntdll.dll
0x00007ffbe2080000 - 0x00007ffbe212d000 	C:\Windows\system32\KERNEL32.DLL
0x00007ffbe0ec0000 - 0x00007ffbe10a8000 	C:\Windows\system32\KERNELBASE.dll
0x00007ffbe3c80000 - 0x00007ffbe3d27000 	C:\Windows\system32\ADVAPI32.dll
0x00007ffbe4070000 - 0x00007ffbe410d000 	C:\Windows\system32\msvcrt.dll
0x00007ffbe22d0000 - 0x00007ffbe232b000 	C:\Windows\system32\sechost.dll
0x00007ffbe1d60000 - 0x00007ffbe1e7c000 	C:\Windows\system32\RPCRT4.dll
0x00007ffbe1970000 - 0x00007ffbe1ac6000 	C:\Windows\system32\USER32.dll
0x00007ffbe2140000 - 0x00007ffbe22c6000 	C:\Windows\system32\GDI32.dll
0x00007ffbd4c10000 - 0x00007ffbd4e84000 	C:\Windows\WinSxS\amd64_microsoft.windows.common-controls_6595b64144ccf1df_6.0.10586.0_none_8c15ae12515e1c22\COMCTL32.dll
0x00007ffbe24a0000 - 0x00007ffbe271d000 	C:\Windows\system32\combase.dll
0x00007ffbe14a0000 - 0x00007ffbe150a000 	C:\Windows\system32\bcryptPrimitives.dll
0x00007ffbe1ef0000 - 0x00007ffbe1f2b000 	C:\Windows\system32\IMM32.DLL
0x000000005d820000 - 0x000000005d8f2000 	E:\Android\android-studio-ide-145.2915834-windows\jre\jre\bin\msvcr100.dll
0x000000005d900000 - 0x000000005e134000 	E:\Android\android-studio-ide-145.2915834-windows\jre\jre\bin\server\jvm.dll
0x00007ffbe1530000 - 0x00007ffbe1538000 	C:\Windows\system32\PSAPI.DLL
0x00007ffbd92f0000 - 0x00007ffbd92f9000 	C:\Windows\SYSTEM32\WSOCK32.dll
0x00007ffbe3d30000 - 0x00007ffbe3d9b000 	C:\Windows\system32\WS2_32.dll
0x00007ffbdea60000 - 0x00007ffbdea83000 	C:\Windows\SYSTEM32\WINMM.dll
0x00007ffbd61b0000 - 0x00007ffbd61ba000 	C:\Windows\SYSTEM32\VERSION.dll
0x00007ffbdea00000 - 0x00007ffbdea2c000 	C:\Windows\SYSTEM32\WINMMBASE.dll
0x00007ffbe1300000 - 0x00007ffbe1343000 	C:\Windows\system32\cfgmgr32.dll
0x00007ffbd92e0000 - 0x00007ffbd92ef000 	E:\Android\android-studio-ide-145.2915834-windows\jre\jre\bin\verify.dll
0x00007ffbd92b0000 - 0x00007ffbd92d9000 	E:\Android\android-studio-ide-145.2915834-windows\jre\jre\bin\java.dll
0x00007ffbd9110000 - 0x00007ffbd9126000 	E:\Android\android-studio-ide-145.2915834-windows\jre\jre\bin\zip.dll
0x00007ffbe2720000 - 0x00007ffbe3c7c000 	C:\Windows\system32\SHELL32.dll
0x00007ffbe07c0000 - 0x00007ffbe0e05000 	C:\Windows\system32\windows.storage.dll
0x00007ffbe2440000 - 0x00007ffbe2492000 	C:\Windows\system32\shlwapi.dll
0x00007ffbe0730000 - 0x00007ffbe073f000 	C:\Windows\system32\kernel.appcore.dll
0x00007ffbe1350000 - 0x00007ffbe1405000 	C:\Windows\system32\shcore.dll
0x00007ffbe0770000 - 0x00007ffbe07bb000 	C:\Windows\system32\powrprof.dll
0x00007ffbe0740000 - 0x00007ffbe0754000 	C:\Windows\system32\profapi.dll

VM Arguments:
jvm_args: -Djava.awt.headless=true -Xmx1024M -Dfile.encoding=GBK -Duser.country=CN -Duser.language=zh -Duser.variant 
java_command: com.android.dx.command.Main --dex --num-threads=4 --output E:\Teapopo\app\build\intermediates\pre-dexed\debug\com.android.support-design-23.3.0_a393777e91d2ca5abd5bcb30009b7e0561c9cfda.jar E:\Teapopo\app\build\intermediates\exploded-aar\com.android.support\design\23.3.0\jars\classes.jar
java_class_path (initial): C:\Users\lhq\AppData\Local\Android\sdk\build-tools\23.0.3\lib\dx.jar
Launcher Type: SUN_STANDARD

Environment Variables:
JAVA_HOME=C:\Program Files\Java\jdk1.8.0_91
PATH=C:\ProgramData\Oracle\Java\javapath;C:\Windows\system32;C:\Windows;C:\Windows\System32\Wbem;C:\Windows\System32\WindowsPowerShell\v1.0\;C:\Users\lhq\AppData\Local\Android\sdk\platform-tools;C:\Users\lhq\AppData\Local\Android\sdk\tools;C:\Program Files\Java\jdk1.8.0_91\bin;C:\Program Files\Java\jdk1.8.0_91\jre\bin
USERNAME=lhq
OS=Windows_NT
PROCESSOR_IDENTIFIER=Intel64 Family 6 Model 69 Stepping 1, GenuineIntel



---------------  S Y S T E M  ---------------

OS: Windows 10.0 , 64 bit Build 10586 (10.0.10586.0)

CPU:total 4 (2 cores per cpu, 2 threads per core) family 6 model 69 stepping 1, cmov, cx8, fxsr, mmx, sse, sse2, sse3, ssse3, sse4.1, sse4.2, popcnt, avx, avx2, aes, clmul, erms, lzcnt, ht, tsc, tscinvbit, bmi1, bmi2

Memory: 4k page, physical 8067548k(980252k free), swap 8067548k(7012k free)

vm_info: OpenJDK 64-Bit Server VM (25.76-b01) for windows-amd64 JRE (1.8.0_76-release-b01), built on May 12 2016 23:29:00 by "ralucas" with MS VC++ 10.0 (VS2010)

time: Wed Jul 13 11:04:37 2016
elapsed time: 5 seconds (0d 0h 0m 5s)

