#
# There is insufficient memory for the Java Runtime Environment to continue.
# Native memory allocation (malloc) failed to allocate 32744 bytes for ChunkPool::allocate
# Possible reasons:
#   The system is out of physical RAM or swap space
#   In 32 bit mode, the process size limit was hit
# Possible solutions:
#   Reduce memory load on the system
#   Increase physical memory or swap space
#   Check if swap backing store is full
#   Use 64 bit Java on a 64 bit OS
#   Decrease Java heap size (-Xmx/-Xms)
#   Decrease number of Java threads
#   Decrease Java thread stack sizes (-Xss)
#   Set larger code cache with -XX:ReservedCodeCacheSize=
# This output file may be truncated or incomplete.
#
#  Out of Memory Error (allocation.cpp:273), pid=15524, tid=0x0000000000003c74
#
# JRE version: OpenJDK Runtime Environment (8.0_76-b01) (build 1.8.0_76-release-b01)
# Java VM: OpenJDK 64-Bit Server VM (25.76-b01 mixed mode windows-amd64 compressed oops)
# Failed to write core dump. Minidumps are not enabled by default on client versions of Windows
#

---------------  T H R E A D  ---------------

Current thread (0x00000000163c6800):  JavaThread "C1 CompilerThread2" daemon [_thread_in_native, id=15476, stack(0x0000000016870000,0x0000000016970000)]

Stack: [0x0000000016870000,0x0000000016970000]
[error occurred during error reporting (printing stack bounds), id 0xc0000005]

Native frames: (J=compiled Java code, j=interpreted, Vv=VM code, C=native code)


Current CompileTask:
C1:    777  544   !   3       com.android.dx.cf.code.BytecodeArray::parseInstruction (2764 bytes)


---------------  P R O C E S S  ---------------

Java Threads: ( => current thread )
  0x0000000016527800 JavaThread "pool-1-thread-4" [_thread_in_Java, id=15604, stack(0x0000000016f70000,0x0000000017070000)]
  0x0000000016525800 JavaThread "pool-1-thread-3" [_thread_in_vm, id=9068, stack(0x0000000016e70000,0x0000000016f70000)]
  0x0000000016535000 JavaThread "pool-1-thread-2" [_thread_in_Java, id=16148, stack(0x0000000016d70000,0x0000000016e70000)]
  0x00000000164f1800 JavaThread "pool-2-thread-1" [_thread_blocked, id=14828, stack(0x0000000016c70000,0x0000000016d70000)]
  0x00000000164f0800 JavaThread "pool-1-thread-1" [_thread_in_Java, id=15244, stack(0x0000000016b70000,0x0000000016c70000)]
  0x00000000163cd800 JavaThread "Service Thread" daemon [_thread_blocked, id=15008, stack(0x0000000016970000,0x0000000016a70000)]
=>0x00000000163c6800 JavaThread "C1 CompilerThread2" daemon [_thread_in_native, id=15476, stack(0x0000000016870000,0x0000000016970000)]
  0x00000000163c4000 JavaThread "C2 CompilerThread1" daemon [_thread_in_native, id=15884, stack(0x0000000016770000,0x0000000016870000)]
  0x0000000014d2d800 JavaThread "C2 CompilerThread0" daemon [_thread_blocked, id=16272, stack(0x0000000016270000,0x0000000016370000)]
  0x0000000014d2c000 JavaThread "Attach Listener" daemon [_thread_blocked, id=15624, stack(0x0000000016170000,0x0000000016270000)]
  0x0000000014d2b000 JavaThread "Signal Dispatcher" daemon [_thread_blocked, id=14752, stack(0x0000000016070000,0x0000000016170000)]
  0x0000000014d08800 JavaThread "Finalizer" daemon [_thread_blocked, id=8964, stack(0x0000000015f70000,0x0000000016070000)]
  0x0000000002640000 JavaThread "Reference Handler" daemon [_thread_blocked, id=8900, stack(0x0000000015e70000,0x0000000015f70000)]
  0x0000000002550800 JavaThread "main" [_thread_blocked, id=12264, stack(0x0000000002450000,0x0000000002550000)]

Other Threads:
  0x0000000014ce5800 VMThread [stack: 0x0000000015d70000,0x0000000015e70000] [id=8244]
  0x00000000163d1000 WatcherThread [stack: 0x0000000016a70000,0x0000000016b70000] [id=16260]

VM state:synchronizing (normal execution)

VM Mutex/Monitor currently owned by a thread:  ([mutex/lock_event])
[0x00000000008ac8a0] Safepoint_lock - owner thread: 0x0000000014ce5800
[0x00000000008ac420] Threads_lock - owner thread: 0x0000000014ce5800
[0x00000000008ac5a0] Heap_lock - owner thread: 0x0000000016525800
[0x00000000008adf30] MethodData_lock - owner thread: 0x0000000016525800

Heap:
 PSYoungGen      total 36864K, used 12709K [0x00000000eab00000, 0x00000000ed400000, 0x0000000100000000)
  eden space 31744K, 40% used [0x00000000eab00000,0x00000000eb7697b8,0x00000000eca00000)
  from space 5120K, 0% used [0x00000000ecf00000,0x00000000ecf00000,0x00000000ed400000)
  to   space 5120K, 0% used [0x00000000eca00000,0x00000000eca00000,0x00000000ecf00000)
 ParOldGen       total 84992K, used 0K [0x00000000c0000000, 0x00000000c5300000, 0x00000000eab00000)
  object space 84992K, 0% used [0x00000000c0000000,0x00000000c0000000,0x00000000c5300000)
 Metaspace       used 5460K, capacity 6448K, committed 6528K, reserved 1058816K
  class space    used 571K, capacity 616K, committed 640K, reserved 1048576K

Card table byte_map: [0x0000000011a10000,0x0000000011c20000] byte_map_base: 0x0000000011410000

Marking Bits: (ParMarkBitMap*) 0x000000005e0b9d00
 Begin Bits: [0x0000000012180000, 0x0000000013180000)
 End Bits:   [0x0000000013180000, 0x0000000014180000)

Polling page: 0x0000000000510000

CodeCache: size=245760Kb used=2061Kb max_used=2072Kb free=243698Kb
 bounds [0x0000000002650000, 0x00000000028c0000, 0x0000000011650000]
 total_blobs=803 nmethods=533 adapters=184
 compilation: enabled

Compilation events (10 events):
Event: 0.767 Thread 0x00000000163c4000 nmethod 537 0x00000000028507d0 code [0x0000000002850920, 0x0000000002850a38]
Event: 0.767 Thread 0x00000000163c6800 nmethod 540 0x0000000002857310 code [0x0000000002857540, 0x00000000028582a8]
Event: 0.767 Thread 0x00000000163c6800  534   !   3       com.android.dx.rop.code.LocalVariableInfo::getStarts0 (18 bytes)
Event: 0.767 Thread 0x00000000163c6800 nmethod 534 0x0000000002850190 code [0x0000000002850300, 0x0000000002850568]
Event: 0.767 Thread 0x00000000163c6800  544   !   3       com.android.dx.cf.code.BytecodeArray::parseInstruction (2764 bytes)
Event: 0.771 Thread 0x0000000014d2d800  550       4       java.lang.Long::numberOfTrailingZeros (116 bytes)
Event: 0.771 Thread 0x00000000163c4000  551       4       com.android.dx.ssa.NormalSsaInsn::accept (25 bytes)
Event: 0.772 Thread 0x0000000014d2d800 nmethod 550 0x0000000002854390 code [0x00000000028544c0, 0x0000000002854598]
Event: 0.773 Thread 0x00000000163c4000 nmethod 551 0x0000000002853f90 code [0x00000000028540e0, 0x00000000028541e8]
Event: 0.773 Thread 0x0000000014d2d800  552       4       com.android.dx.util.IntList::add (65 bytes)

GC Heap History (0 events):
No events

Deoptimization events (3 events):
Event: 0.445 Thread 0x0000000002550800 Uncommon trap: reason=unstable_if action=reinterpret pc=0x00000000027895d4 method=java.lang.String.indexOf(II)I @ 49
Event: 0.750 Thread 0x0000000016535000 Uncommon trap: reason=unstable_if action=reinterpret pc=0x00000000028368b0 method=java.util.BitSet.nextSetBit(I)I @ 87
Event: 0.754 Thread 0x0000000016527800 Uncommon trap: reason=unstable_if action=reinterpret pc=0x00000000028273b4 method=java.util.HashMap.getNode(ILjava/lang/Object;)Ljava/util/HashMap$Node; @ 129

Internal exceptions (2 events):
Event: 0.037 Thread 0x0000000002550800 Exception <a 'java/lang/NoSuchMethodError': Method sun.misc.Unsafe.defineClass(Ljava/lang/String;[BII)Ljava/lang/Class; name or signature does not match> (0x00000000eab07cc0) thrown at [C:\src\android\AOSP-openjdk\external\jetbrains\jdk\hotspot\src\share\vç¢\w¹,£?
Event: 0.037 Thread 0x0000000002550800 Exception <a 'java/lang/NoSuchMethodError': Method sun.misc.Unsafe.prefetchRead(Ljava/lang/Object;J)V name or signature does not match> (0x00000000eab07fa8) thrown at [C:\src\android\AOSP-openjdk\external\jetbrains\jdk\hotspot\src\share\vm\prims\jni.cpp, l

Events (10 events):
Event: 0.750 Thread 0x0000000016535000 DEOPT UNPACKING pc=0x000000000269556a sp=0x0000000016e6e768 mode 2
Event: 0.753 loading class com/android/dx/cf/code/Ropper$ExceptionHandlerSetup
Event: 0.753 loading class com/android/dx/cf/code/Ropper$ExceptionHandlerSetup done
Event: 0.754 Thread 0x0000000016527800 Uncommon trap: trap_request=0xffffff65 fr.pc=0x00000000028273b4
Event: 0.754 Thread 0x0000000016527800 DEOPT PACKING pc=0x00000000028273b4 sp=0x000000001706e250
Event: 0.754 Thread 0x0000000016527800 DEOPT UNPACKING pc=0x000000000269556a sp=0x000000001706e1c8 mode 2
Event: 0.754 loading class java/util/HashMap$Values
Event: 0.755 loading class java/util/HashMap$Values done
Event: 0.755 loading class java/util/HashMap$ValueIterator
Event: 0.755 loading class java/util/HashMap$ValueIterator done


Dynamic libraries:
0x00007ff75b500000 - 0x00007ff75b535000 	E:\Android\android-studio-ide-145.2915834-windows\jre\bin\java.exe
0x00007ffbe4110000 - 0x00007ffbe42d1000 	C:\Windows\SYSTEM32\ntdll.dll
0x00007ffbe2080000 - 0x00007ffbe212d000 	C:\Windows\system32\KERNEL32.DLL
0x00007ffbe0ec0000 - 0x00007ffbe10a8000 	C:\Windows\system32\KERNELBASE.dll
0x00007ffbe3c80000 - 0x00007ffbe3d27000 	C:\Windows\system32\ADVAPI32.dll
0x00007ffbe4070000 - 0x00007ffbe410d000 	C:\Windows\system32\msvcrt.dll
0x00007ffbe22d0000 - 0x00007ffbe232b000 	C:\Windows\system32\sechost.dll
0x00007ffbe1d60000 - 0x00007ffbe1e7c000 	C:\Windows\system32\RPCRT4.dll
0x00007ffbe1970000 - 0x00007ffbe1ac6000 	C:\Windows\system32\USER32.dll
0x00007ffbe2140000 - 0x00007ffbe22c6000 	C:\Windows\system32\GDI32.dll
0x00007ffbd49b0000 - 0x00007ffbd4c24000 	C:\Windows\WinSxS\amd64_microsoft.windows.common-controls_6595b64144ccf1df_6.0.10586.0_none_8c15ae12515e1c22\COMCTL32.dll
0x00007ffbe24a0000 - 0x00007ffbe271d000 	C:\Windows\system32\combase.dll
0x00007ffbe14a0000 - 0x00007ffbe150a000 	C:\Windows\system32\bcryptPrimitives.dll
0x00007ffbe1ef0000 - 0x00007ffbe1f2b000 	C:\Windows\system32\IMM32.DLL
0x000000005d820000 - 0x000000005d8f2000 	E:\Android\android-studio-ide-145.2915834-windows\jre\jre\bin\msvcr100.dll
0x000000005d900000 - 0x000000005e134000 	E:\Android\android-studio-ide-145.2915834-windows\jre\jre\bin\server\jvm.dll
0x00007ffbe1530000 - 0x00007ffbe1538000 	C:\Windows\system32\PSAPI.DLL
0x00007ffbdd900000 - 0x00007ffbdd909000 	C:\Windows\SYSTEM32\WSOCK32.dll
0x00007ffbe3d30000 - 0x00007ffbe3d9b000 	C:\Windows\system32\WS2_32.dll
0x00007ffbd61b0000 - 0x00007ffbd61ba000 	C:\Windows\SYSTEM32\VERSION.dll
0x00007ffbdea60000 - 0x00007ffbdea83000 	C:\Windows\SYSTEM32\WINMM.dll
0x00007ffbdea00000 - 0x00007ffbdea2c000 	C:\Windows\SYSTEM32\WINMMBASE.dll
0x00007ffbe1300000 - 0x00007ffbe1343000 	C:\Windows\system32\cfgmgr32.dll
0x00007ffbdbbd0000 - 0x00007ffbdbbdf000 	E:\Android\android-studio-ide-145.2915834-windows\jre\jre\bin\verify.dll
0x00007ffbdba90000 - 0x00007ffbdbab9000 	E:\Android\android-studio-ide-145.2915834-windows\jre\jre\bin\java.dll
0x00007ffbdba70000 - 0x00007ffbdba86000 	E:\Android\android-studio-ide-145.2915834-windows\jre\jre\bin\zip.dll
0x00007ffbe2720000 - 0x00007ffbe3c7c000 	C:\Windows\system32\SHELL32.dll
0x00007ffbe07c0000 - 0x00007ffbe0e05000 	C:\Windows\system32\windows.storage.dll
0x00007ffbe2440000 - 0x00007ffbe2492000 	C:\Windows\system32\shlwapi.dll
0x00007ffbe0730000 - 0x00007ffbe073f000 	C:\Windows\system32\kernel.appcore.dll
0x00007ffbe1350000 - 0x00007ffbe1405000 	C:\Windows\system32\shcore.dll
0x00007ffbe0770000 - 0x00007ffbe07bb000 	C:\Windows\system32\powrprof.dll
0x00007ffbe0740000 - 0x00007ffbe0754000 	C:\Windows\system32\profapi.dll

VM Arguments:
jvm_args: -Djava.awt.headless=true -Xmx1024M -Dfile.encoding=GBK -Duser.country=CN -Duser.language=zh -Duser.variant 
java_command: com.android.dx.command.Main --dex --num-threads=4 --output E:\Teapopo\app\build\intermediates\pre-dexed\debug\ShareSDK-Dropbox-2.7.1_c0d3ecc634d4d39f984d850dee4f14ba4a7886ce.jar E:\Teapopo\app\libs\ShareSDK-Dropbox-2.7.1.jar
java_class_path (initial): C:\Users\lhq\AppData\Local\Android\sdk\build-tools\23.0.3\lib\dx.jar
Launcher Type: SUN_STANDARD

Environment Variables:
JAVA_HOME=C:\Program Files\Java\jdk1.8.0_91
PATH=C:\ProgramData\Oracle\Java\javapath;C:\Windows\system32;C:\Windows;C:\Windows\System32\Wbem;C:\Windows\System32\WindowsPowerShell\v1.0\;C:\Users\lhq\AppData\Local\Android\sdk\platform-tools;C:\Users\lhq\AppData\Local\Android\sdk\tools;C:\Program Files\Java\jdk1.8.0_91\bin;C:\Program Files\Java\jdk1.8.0_91\jre\bin
USERNAME=lhq
OS=Windows_NT
PROCESSOR_IDENTIFIER=Intel64 Family 6 Model 69 Stepping 1, GenuineIntel



---------------  S Y S T E M  ---------------

OS: Windows 10.0 , 64 bit Build 10586 (10.0.10586.0)

CPU:total 4 (2 cores per cpu, 2 threads per core) family 6 model 69 stepping 1, cmov, cx8, fxsr, mmx, sse, sse2, sse3, ssse3, sse4.1, sse4.2, popcnt, avx, avx2, aes, clmul, erms, lzcnt, ht, tsc, tscinvbit, bmi1, bmi2

Memory: 4k page, physical 8067548k(1168508k free), swap 8067548k(5008k free)

vm_info: OpenJDK 64-Bit Server VM (25.76-b01) for windows-amd64 JRE (1.8.0_76-release-b01), built on May 12 2016 23:29:00 by "ralucas" with MS VC++ 10.0 (VS2010)

time: Fri Jul 15 16:50:04 2016
elapsed time: 0 seconds (0d 0h 0m 0s)

