#
# There is insufficient memory for the Java Runtime Environment to continue.
# Native memory allocation (malloc) failed to allocate 359056 bytes for Chunk::new
# Possible reasons:
#   The system is out of physical RAM or swap space
#   In 32 bit mode, the process size limit was hit
# Possible solutions:
#   Reduce memory load on the system
#   Increase physical memory or swap space
#   Check if swap backing store is full
#   Use 64 bit Java on a 64 bit OS
#   Decrease Java heap size (-Xmx/-Xms)
#   Decrease number of Java threads
#   Decrease Java thread stack sizes (-Xss)
#   Set larger code cache with -XX:ReservedCodeCacheSize=
# This output file may be truncated or incomplete.
#
#  Out of Memory Error (allocation.cpp:390), pid=103112, tid=0x00000000000179c4
#
# JRE version: OpenJDK Runtime Environment (8.0_76-b01) (build 1.8.0_76-release-b01)
# Java VM: OpenJDK 64-Bit Server VM (25.76-b01 mixed mode windows-amd64 compressed oops)
# Failed to write core dump. Minidumps are not enabled by default on client versions of Windows
#

---------------  T H R E A D  ---------------

Current thread (0x0000000014ca7000):  JavaThread "C2 CompilerThread0" daemon [_thread_in_native, id=96708, stack(0x00000000161a0000,0x00000000162a0000)]

Stack: [0x00000000161a0000,0x00000000162a0000]
[error occurred during error reporting (printing stack bounds), id 0xc0000005]

Native frames: (J=compiled Java code, j=interpreted, Vv=VM code, C=native code)


Current CompileTask:
C2:   2332 1038       4       com.android.dx.dex.code.OutputFinisher::addConstants (93 bytes)


---------------  P R O C E S S  ---------------

Java Threads: ( => current thread )
  0x000000001641f000 JavaThread "Service Thread" daemon [_thread_blocked, id=102416, stack(0x00000000168a0000,0x00000000169a0000)]
  0x00000000163ec800 JavaThread "C1 CompilerThread2" daemon [_thread_blocked, id=92036, stack(0x00000000167a0000,0x00000000168a0000)]
  0x0000000014caa800 JavaThread "C2 CompilerThread1" daemon [_thread_blocked, id=83108, stack(0x00000000162a0000,0x00000000163a0000)]
=>0x0000000014ca7000 JavaThread "C2 CompilerThread0" daemon [_thread_in_native, id=96708, stack(0x00000000161a0000,0x00000000162a0000)]
  0x0000000014c5c800 JavaThread "Attach Listener" daemon [_thread_blocked, id=101720, stack(0x00000000160a0000,0x00000000161a0000)]
  0x0000000014c5b000 JavaThread "Signal Dispatcher" daemon [_thread_blocked, id=103292, stack(0x0000000015fa0000,0x00000000160a0000)]
  0x0000000014c38800 JavaThread "Finalizer" daemon [_thread_blocked, id=102164, stack(0x0000000015ea0000,0x0000000015fa0000)]
  0x0000000002570000 JavaThread "Reference Handler" daemon [_thread_blocked, id=102692, stack(0x0000000015da0000,0x0000000015ea0000)]
  0x0000000002480800 JavaThread "main" [_thread_in_vm, id=96796, stack(0x0000000002030000,0x0000000002130000)]

Other Threads:
  0x0000000014c15800 VMThread [stack: 0x0000000015ca0000,0x0000000015da0000] [id=102496]
  0x0000000016422000 WatcherThread [stack: 0x00000000169a0000,0x0000000016aa0000] [id=102408]

VM state:not at safepoint (normal execution)

VM Mutex/Monitor currently owned by a thread: None

Heap:
 PSYoungGen      total 36864K, used 23123K [0x00000000eab00000, 0x00000000ed400000, 0x0000000100000000)
  eden space 31744K, 72% used [0x00000000eab00000,0x00000000ec194f78,0x00000000eca00000)
  from space 5120K, 0% used [0x00000000ecf00000,0x00000000ecf00000,0x00000000ed400000)
  to   space 5120K, 0% used [0x00000000eca00000,0x00000000eca00000,0x00000000ecf00000)
 ParOldGen       total 84992K, used 0K [0x00000000c0000000, 0x00000000c5300000, 0x00000000eab00000)
  object space 84992K, 0% used [0x00000000c0000000,0x00000000c0000000,0x00000000c5300000)
 Metaspace       used 5920K, capacity 6896K, committed 7040K, reserved 1056768K
  class space    used 586K, capacity 616K, committed 640K, reserved 1048576K

Card table byte_map: [0x0000000011940000,0x0000000011b50000] byte_map_base: 0x0000000011340000

Marking Bits: (ParMarkBitMap*) 0x000000005f499d00
 Begin Bits: [0x00000000120b0000, 0x00000000130b0000)
 End Bits:   [0x00000000130b0000, 0x00000000140b0000)

Polling page: 0x0000000000450000

CodeCache: size=245760Kb used=4215Kb max_used=4215Kb free=241544Kb
 bounds [0x0000000002580000, 0x00000000029b0000, 0x0000000011580000]
 total_blobs=1336 nmethods=1066 adapters=184
 compilation: enabled

Compilation events (10 events):
Event: 2.323 Thread 0x00000000163ec800 1062       1       com.android.dx.dex.file.DexFile::getStringData (5 bytes)
Event: 2.323 Thread 0x00000000163ec800 nmethod 1062 0x000000000299f650 code [0x000000000299f7a0, 0x000000000299f8b0]
Event: 2.323 Thread 0x00000000163ec800 1063       3       com.android.dx.dex.file.StringIdItem::addContents (36 bytes)
Event: 2.324 Thread 0x00000000163ec800 nmethod 1063 0x000000000299f910 code [0x000000000299fae0, 0x00000000029a0418]
Event: 2.324 Thread 0x00000000163ec800 1064       3       com.android.dx.dex.file.StringDataItem::<init> (15 bytes)
Event: 2.324 Thread 0x00000000163ec800 nmethod 1064 0x00000000029a0990 code [0x00000000029a0b40, 0x00000000029a11c8]
Event: 2.325 Thread 0x00000000163ec800 1065       3       com.android.dx.dex.file.StringDataItem::addContents (1 bytes)
Event: 2.325 Thread 0x00000000163ec800 nmethod 1065 0x00000000029a1550 code [0x00000000029a16a0, 0x00000000029a17f0]
Event: 2.330 Thread 0x00000000163ec800 1066       3       java.lang.Thread::interrupted (8 bytes)
Event: 2.330 Thread 0x00000000163ec800 nmethod 1066 0x00000000029a1890 code [0x00000000029a1a00, 0x00000000029a1b88]

GC Heap History (0 events):
No events

Deoptimization events (6 events):
Event: 0.795 Thread 0x0000000002480800 Uncommon trap: reason=unstable_if action=reinterpret pc=0x00000000026be654 method=java.lang.String.indexOf(II)I @ 49
Event: 1.345 Thread 0x0000000016603000 Uncommon trap: reason=unstable_if action=reinterpret pc=0x00000000027a1d24 method=java.util.HashMap.getNode(ILjava/lang/Object;)Ljava/util/HashMap$Node; @ 129
Event: 1.666 Thread 0x0000000016610800 Uncommon trap: reason=class_check action=maybe_recompile pc=0x000000000288e314 method=java.util.Collections$UnmodifiableCollection$1.hasNext()Z @ 4
Event: 1.666 Thread 0x0000000016610800 Uncommon trap: reason=class_check action=maybe_recompile pc=0x000000000288e314 method=java.util.Collections$UnmodifiableCollection$1.hasNext()Z @ 4
Event: 1.666 Thread 0x0000000016610800 Uncommon trap: reason=class_check action=maybe_recompile pc=0x000000000288e314 method=java.util.Collections$UnmodifiableCollection$1.hasNext()Z @ 4
Event: 1.666 Thread 0x0000000016610800 Uncommon trap: reason=class_check action=maybe_recompile pc=0x000000000288e314 method=java.util.Collections$UnmodifiableCollection$1.hasNext()Z @ 4

Internal exceptions (2 events):
Event: 0.468 Thread 0x0000000002480800 Exception <a 'java/lang/NoSuchMethodError': Method sun.misc.Unsafe.defineClass(Ljava/lang/String;[BII)Ljava/lang/Class; name or signature does not match> (0x00000000eab07cc0) thrown at [C:\src\android\AOSP-openjdk\external\jetbrains\jdk\hotspot\src\share\vrЙІкоЭ?
Event: 0.468 Thread 0x0000000002480800 Exception <a 'java/lang/NoSuchMethodError': Method sun.misc.Unsafe.prefetchRead(Ljava/lang/Object;J)V name or signature does not match> (0x00000000eab07fa8) thrown at [C:\src\android\AOSP-openjdk\external\jetbrains\jdk\hotspot\src\share\vm\prims\jni.cpp, l

Events (10 events):
Event: 2.327 loading class com/android/dx/dex/code/PositionList$Entry
Event: 2.327 loading class com/android/dx/dex/code/PositionList$Entry done
Event: 2.328 loading class com/android/dx/dex/code/LocalList
Event: 2.328 loading class com/android/dx/dex/code/LocalList done
Event: 2.328 loading class com/android/dx/dex/code/LocalList$MakeState
Event: 2.328 loading class com/android/dx/dex/code/LocalList$MakeState done
Event: 2.329 loading class com/android/dx/dex/code/CatchHandlerList
Event: 2.329 loading class com/android/dx/dex/code/CatchHandlerList done
Event: 2.330 loading class com/android/dx/dex/code/CatchTable
Event: 2.330 loading class com/android/dx/dex/code/CatchTable done


Dynamic libraries:
0x00007ff6a3010000 - 0x00007ff6a3045000 	E:\Android\android-studio-ide-145.2915834-windows\jre\bin\java.exe
0x00007ffecf410000 - 0x00007ffecf5d1000 	C:\Windows\SYSTEM32\ntdll.dll
0x00007ffecef70000 - 0x00007ffecf01d000 	C:\Windows\system32\KERNEL32.DLL
0x00007ffecc330000 - 0x00007ffecc518000 	C:\Windows\system32\KERNELBASE.dll
0x00007ffecc9e0000 - 0x00007ffecca87000 	C:\Windows\system32\ADVAPI32.dll
0x00007ffece4c0000 - 0x00007ffece55d000 	C:\Windows\system32\msvcrt.dll
0x00007ffeccd10000 - 0x00007ffeccd6b000 	C:\Windows\system32\sechost.dll
0x00007ffece730000 - 0x00007ffece84c000 	C:\Windows\system32\RPCRT4.dll
0x00007ffece920000 - 0x00007ffecea76000 	C:\Windows\system32\USER32.dll
0x00007ffeccd90000 - 0x00007ffeccf16000 	C:\Windows\system32\GDI32.dll
0x00007ffebe600000 - 0x00007ffebe874000 	C:\Windows\WinSxS\amd64_microsoft.windows.common-controls_6595b64144ccf1df_6.0.10586.0_none_8c15ae12515e1c22\COMCTL32.dll
0x00007ffecca90000 - 0x00007ffeccd0d000 	C:\Windows\system32\combase.dll
0x00007ffecc520000 - 0x00007ffecc58a000 	C:\Windows\system32\bcryptPrimitives.dll
0x00007ffeccf20000 - 0x00007ffeccf5b000 	C:\Windows\system32\IMM32.DLL
0x00000000600f0000 - 0x00000000601c2000 	E:\Android\android-studio-ide-145.2915834-windows\jre\jre\bin\msvcr100.dll
0x000000005ece0000 - 0x000000005f514000 	E:\Android\android-studio-ide-145.2915834-windows\jre\jre\bin\server\jvm.dll
0x00007ffecf1d0000 - 0x00007ffecf1d8000 	C:\Windows\system32\PSAPI.DLL
0x00007ffec9c20000 - 0x00007ffec9c29000 	C:\Windows\SYSTEM32\WSOCK32.dll
0x00007ffece560000 - 0x00007ffece5cb000 	C:\Windows\system32\WS2_32.dll
0x00007ffec9d40000 - 0x00007ffec9d63000 	C:\Windows\SYSTEM32\WINMM.dll
0x00007ffec1700000 - 0x00007ffec170a000 	C:\Windows\SYSTEM32\VERSION.dll
0x00007ffec9bf0000 - 0x00007ffec9c1c000 	C:\Windows\SYSTEM32\WINMMBASE.dll
0x00007ffecbbd0000 - 0x00007ffecbc13000 	C:\Windows\system32\cfgmgr32.dll
0x00007ffec8ed0000 - 0x00007ffec8edf000 	E:\Android\android-studio-ide-145.2915834-windows\jre\jre\bin\verify.dll
0x00007ffec8d20000 - 0x00007ffec8d49000 	E:\Android\android-studio-ide-145.2915834-windows\jre\jre\bin\java.dll
0x00007ffec8d00000 - 0x00007ffec8d16000 	E:\Android\android-studio-ide-145.2915834-windows\jre\jre\bin\zip.dll
0x00007ffeccf60000 - 0x00007ffece4bc000 	C:\Windows\system32\SHELL32.dll
0x00007ffecbce0000 - 0x00007ffecc325000 	C:\Windows\system32\windows.storage.dll
0x00007ffecea80000 - 0x00007ffecead2000 	C:\Windows\system32\shlwapi.dll
0x00007ffecba90000 - 0x00007ffecba9f000 	C:\Windows\system32\kernel.appcore.dll
0x00007ffecbc20000 - 0x00007ffecbcd5000 	C:\Windows\system32\shcore.dll
0x00007ffecba30000 - 0x00007ffecba7b000 	C:\Windows\system32\powrprof.dll
0x00007ffecbaa0000 - 0x00007ffecbab4000 	C:\Windows\system32\profapi.dll

VM Arguments:
jvm_args: -Djava.awt.headless=true -Xmx1024M -Dfile.encoding=GBK -Duser.country=CN -Duser.language=zh -Duser.variant 
java_command: com.android.dx.command.Main --dex --num-threads=4 --output E:\Teapopo\app\build\intermediates\pre-dexed\debug\ShareSDK-Linkedin-2.7.1_db46b731d0a8806e92c8c3c135244dd89ee220a5.jar E:\Teapopo\app\libs\ShareSDK-Linkedin-2.7.1.jar
java_class_path (initial): C:\Users\lhq\AppData\Local\Android\sdk\build-tools\23.0.3\lib\dx.jar
Launcher Type: SUN_STANDARD

Environment Variables:
JAVA_HOME=C:\Program Files\Java\jdk1.8.0_91
PATH=C:\ProgramData\Oracle\Java\javapath;C:\Windows\system32;C:\Windows;C:\Windows\System32\Wbem;C:\Windows\System32\WindowsPowerShell\v1.0\;C:\Users\lhq\AppData\Local\Android\sdk\platform-tools;C:\Users\lhq\AppData\Local\Android\sdk\tools;C:\Program Files\Java\jdk1.8.0_91\bin;C:\Program Files\Java\jdk1.8.0_91\jre\bin
USERNAME=lhq
OS=Windows_NT
PROCESSOR_IDENTIFIER=Intel64 Family 6 Model 69 Stepping 1, GenuineIntel



---------------  S Y S T E M  ---------------

OS: Windows 10.0 , 64 bit Build 10586 (10.0.10586.0)

CPU:total 4 (2 cores per cpu, 2 threads per core) family 6 model 69 stepping 1, cmov, cx8, fxsr, mmx, sse, sse2, sse3, ssse3, sse4.1, sse4.2, popcnt, avx, avx2, aes, clmul, erms, lzcnt, ht, tsc, tscinvbit, bmi1, bmi2

Memory: 4k page, physical 8067548k(1150480k free), swap 8067548k(5184k free)

vm_info: OpenJDK 64-Bit Server VM (25.76-b01) for windows-amd64 JRE (1.8.0_76-release-b01), built on May 12 2016 23:29:00 by "ralucas" with MS VC++ 10.0 (VS2010)

time: Thu Jul 07 11:07:38 2016
elapsed time: 2 seconds (0d 0h 0m 2s)

