#
# There is insufficient memory for the Java Runtime Environment to continue.
# Native memory allocation (malloc) failed to allocate 47456 bytes for Chunk::new
# Possible reasons:
#   The system is out of physical RAM or swap space
#   In 32 bit mode, the process size limit was hit
# Possible solutions:
#   Reduce memory load on the system
#   Increase physical memory or swap space
#   Check if swap backing store is full
#   Use 64 bit Java on a 64 bit OS
#   Decrease Java heap size (-Xmx/-Xms)
#   Decrease number of Java threads
#   Decrease Java thread stack sizes (-Xss)
#   Set larger code cache with -XX:ReservedCodeCacheSize=
# This output file may be truncated or incomplete.
#
#  Out of Memory Error (allocation.cpp:390), pid=169692, tid=0x0000000000028e94
#
# JRE version: OpenJDK Runtime Environment (8.0_76-b01) (build 1.8.0_76-release-b01)
# Java VM: OpenJDK 64-Bit Server VM (25.76-b01 mixed mode windows-amd64 compressed oops)
# Failed to write core dump. Minidumps are not enabled by default on client versions of Windows
#

---------------  T H R E A D  ---------------

Current thread (0x0000000014cfd000):  JavaThread "C2 CompilerThread0" daemon [_thread_in_native, id=167572, stack(0x0000000016250000,0x0000000016350000)]

Stack: [0x0000000016250000,0x0000000016350000]
[error occurred during error reporting (printing stack bounds), id 0xc0000005]

Native frames: (J=compiled Java code, j=interpreted, Vv=VM code, C=native code)


Current CompileTask:
C2:   3136  284       4       java.lang.String::replace (127 bytes)


---------------  P R O C E S S  ---------------

Java Threads: ( => current thread )
  0x00000000166c6000 JavaThread "pool-1-thread-4" [_thread_blocked, id=169604, stack(0x0000000016f50000,0x0000000017050000)]
  0x00000000166c5000 JavaThread "pool-1-thread-3" [_thread_in_vm, id=164592, stack(0x0000000016e50000,0x0000000016f50000)]
  0x00000000166c3000 JavaThread "pool-1-thread-2" [_thread_blocked, id=166104, stack(0x0000000016d50000,0x0000000016e50000)]
  0x00000000166b8000 JavaThread "pool-2-thread-1" [_thread_blocked, id=167520, stack(0x0000000016c50000,0x0000000016d50000)]
  0x00000000166b7000 JavaThread "pool-1-thread-1" [_thread_blocked, id=166328, stack(0x0000000016b50000,0x0000000016c50000)]
  0x00000000164a9800 JavaThread "Service Thread" daemon [_thread_blocked, id=170280, stack(0x0000000016950000,0x0000000016a50000)]
  0x00000000164a5000 JavaThread "C1 CompilerThread2" daemon [_thread_blocked, id=170404, stack(0x0000000016850000,0x0000000016950000)]
  0x0000000014d4b000 JavaThread "C2 CompilerThread1" daemon [_thread_blocked, id=167540, stack(0x0000000016350000,0x0000000016450000)]
=>0x0000000014cfd000 JavaThread "C2 CompilerThread0" daemon [_thread_in_native, id=167572, stack(0x0000000016250000,0x0000000016350000)]
  0x0000000014cfc000 JavaThread "Attach Listener" daemon [_thread_blocked, id=167556, stack(0x0000000016150000,0x0000000016250000)]
  0x0000000014cfb000 JavaThread "Signal Dispatcher" daemon [_thread_blocked, id=167496, stack(0x0000000016050000,0x0000000016150000)]
  0x0000000014cd8000 JavaThread "Finalizer" daemon [_thread_blocked, id=169832, stack(0x0000000015f50000,0x0000000016050000)]
  0x0000000002610000 JavaThread "Reference Handler" daemon [_thread_blocked, id=170392, stack(0x0000000015e50000,0x0000000015f50000)]
  0x0000000002520800 JavaThread "main" [_thread_blocked, id=169704, stack(0x0000000000740000,0x0000000000840000)]

Other Threads:
  0x0000000014cb5800 VMThread [stack: 0x0000000015d50000,0x0000000015e50000] [id=169304]
  0x00000000164ac000 WatcherThread [stack: 0x0000000016a50000,0x0000000016b50000] [id=170276]

VM state:at safepoint (normal execution)

VM Mutex/Monitor currently owned by a thread:  ([mutex/lock_event])
[0x000000000251c820] Threads_lock - owner thread: 0x0000000014cb5800
[0x000000000251bfa0] Heap_lock - owner thread: 0x00000000166c3000

Heap:
 PSYoungGen      total 36864K, used 9529K [0x00000000eab00000, 0x00000000ed400000, 0x0000000100000000)
  eden space 31744K, 30% used [0x00000000eab00000,0x00000000eb44e6e0,0x00000000eca00000)
  from space 5120K, 0% used [0x00000000ecf00000,0x00000000ecf00000,0x00000000ed400000)
  to   space 5120K, 1% used [0x00000000eca00000,0x00000000eca18000,0x00000000ecf00000)
 ParOldGen       total 84992K, used 0K [0x00000000c0000000, 0x00000000c5300000, 0x00000000eab00000)
  object space 84992K, 0% used [0x00000000c0000000,0x00000000c0000000,0x00000000c5300000)
 Metaspace       used 4840K, capacity 5872K, committed 6016K, reserved 1060864K
  class space    used 520K, capacity 552K, committed 640K, reserved 1048576K

Card table byte_map: [0x00000000119e0000,0x0000000011bf0000] byte_map_base: 0x00000000113e0000

Marking Bits: (ParMarkBitMap*) 0x000000005f499d00
 Begin Bits: [0x0000000012150000, 0x0000000013150000)
 End Bits:   [0x0000000013150000, 0x0000000014150000)

Polling page: 0x0000000000460000

CodeCache: size=245760Kb used=1698Kb max_used=1698Kb free=244061Kb
 bounds [0x0000000002620000, 0x0000000002890000, 0x0000000011620000]
 total_blobs=551 nmethods=285 adapters=180
 compilation: enabled

Compilation events (10 events):
Event: 3.132 Thread 0x00000000164a5000  280       3       java.util.ArrayList$Itr::next (66 bytes)
Event: 3.132 Thread 0x00000000164a5000 nmethod 280 0x00000000027c35d0 code [0x00000000027c3780, 0x00000000027c3c68]
Event: 3.132 Thread 0x00000000164a5000  281       3       java.util.ArrayList$Itr::checkForComodification (23 bytes)
Event: 3.132 Thread 0x00000000164a5000 nmethod 281 0x00000000027c3ed0 code [0x00000000027c4040, 0x00000000027c4268]
Event: 3.132 Thread 0x00000000164a5000  282       3       java.util.AbstractCollection::<init> (5 bytes)
Event: 3.132 Thread 0x0000000014cfd000  284       4       java.lang.String::replace (127 bytes)
Event: 3.132 Thread 0x00000000164a5000 nmethod 282 0x00000000027c4350 code [0x00000000027c44a0, 0x00000000027c4650]
Event: 3.132 Thread 0x00000000164a5000  279  s    3       java.net.URL::hashCode (30 bytes)
Event: 3.133 Thread 0x00000000164a5000 nmethod 279 0x00000000027c4710 code [0x00000000027c4880, 0x00000000027c4ca8]
Event: 3.133 Thread 0x00000000164a5000  285       3       java.net.URLClassLoader::defineClass (142 bytes)

GC Heap History (0 events):
No events

Deoptimization events (1 events):
Event: 1.590 Thread 0x0000000002520800 Uncommon trap: reason=unstable_if action=reinterpret pc=0x000000000275edd4 method=java.lang.String.indexOf(II)I @ 49

Internal exceptions (2 events):
Event: 0.159 Thread 0x0000000002520800 Exception <a 'java/lang/NoSuchMethodError': Method sun.misc.Unsafe.defineClass(Ljava/lang/String;[BII)Ljava/lang/Class; name or signature does not match> (0x00000000eab07cc0) thrown at [C:\src\android\AOSP-openjdk\external\jetbrains\jdk\hotspot\src\share\vŸÝOÄB\Ä?
Event: 0.159 Thread 0x0000000002520800 Exception <a 'java/lang/NoSuchMethodError': Method sun.misc.Unsafe.prefetchRead(Ljava/lang/Object;J)V name or signature does not match> (0x00000000eab07fa8) thrown at [C:\src\android\AOSP-openjdk\external\jetbrains\jdk\hotspot\src\share\vm\prims\jni.cpp, l

Events (10 events):
Event: 3.132 loading class com/android/dx/ssa/ConstCollector$2
Event: 3.132 loading class com/android/dx/ssa/ConstCollector$2 done
Event: 3.133 loading class java/util/HashMap$EntrySet
Event: 3.133 loading class java/util/HashMap$EntrySet done
Event: 3.133 loading class java/util/HashMap$EntryIterator
Event: 3.133 loading class java/util/HashMap$EntryIterator done
Event: 3.133 loading class com/android/dx/ssa/ConstCollector$1
Event: 3.133 loading class com/android/dx/ssa/ConstCollector$1 done
Event: 3.134 loading class com/android/dx/ssa/PhiTypeResolver
Event: 3.134 loading class com/android/dx/ssa/PhiTypeResolver done


Dynamic libraries:
0x00007ff75f820000 - 0x00007ff75f855000 	E:\Android\android-studio-ide-145.2915834-windows\jre\bin\java.exe
0x00007ffecf410000 - 0x00007ffecf5d1000 	C:\Windows\SYSTEM32\ntdll.dll
0x00007ffecef70000 - 0x00007ffecf01d000 	C:\Windows\system32\KERNEL32.DLL
0x00007ffecc330000 - 0x00007ffecc518000 	C:\Windows\system32\KERNELBASE.dll
0x00007ffecc9e0000 - 0x00007ffecca87000 	C:\Windows\system32\ADVAPI32.dll
0x00007ffece4c0000 - 0x00007ffece55d000 	C:\Windows\system32\msvcrt.dll
0x00007ffeccd10000 - 0x00007ffeccd6b000 	C:\Windows\system32\sechost.dll
0x00007ffece730000 - 0x00007ffece84c000 	C:\Windows\system32\RPCRT4.dll
0x00007ffece920000 - 0x00007ffecea76000 	C:\Windows\system32\USER32.dll
0x00007ffeccd90000 - 0x00007ffeccf16000 	C:\Windows\system32\GDI32.dll
0x00007ffebe600000 - 0x00007ffebe874000 	C:\Windows\WinSxS\amd64_microsoft.windows.common-controls_6595b64144ccf1df_6.0.10586.0_none_8c15ae12515e1c22\COMCTL32.dll
0x00007ffecca90000 - 0x00007ffeccd0d000 	C:\Windows\system32\combase.dll
0x00007ffecc520000 - 0x00007ffecc58a000 	C:\Windows\system32\bcryptPrimitives.dll
0x00007ffeccf20000 - 0x00007ffeccf5b000 	C:\Windows\system32\IMM32.DLL
0x000000005fdc0000 - 0x000000005fe92000 	E:\Android\android-studio-ide-145.2915834-windows\jre\jre\bin\msvcr100.dll
0x000000005ece0000 - 0x000000005f514000 	E:\Android\android-studio-ide-145.2915834-windows\jre\jre\bin\server\jvm.dll
0x00007ffecf1d0000 - 0x00007ffecf1d8000 	C:\Windows\system32\PSAPI.DLL
0x00007ffeca010000 - 0x00007ffeca019000 	C:\Windows\SYSTEM32\WSOCK32.dll
0x00007ffece560000 - 0x00007ffece5cb000 	C:\Windows\system32\WS2_32.dll
0x00007ffec9d40000 - 0x00007ffec9d63000 	C:\Windows\SYSTEM32\WINMM.dll
0x00007ffec1700000 - 0x00007ffec170a000 	C:\Windows\SYSTEM32\VERSION.dll
0x00007ffec9bf0000 - 0x00007ffec9c1c000 	C:\Windows\SYSTEM32\WINMMBASE.dll
0x00007ffecbbd0000 - 0x00007ffecbc13000 	C:\Windows\system32\cfgmgr32.dll
0x00007ffeca000000 - 0x00007ffeca00f000 	E:\Android\android-studio-ide-145.2915834-windows\jre\jre\bin\verify.dll
0x00007ffec8e10000 - 0x00007ffec8e39000 	E:\Android\android-studio-ide-145.2915834-windows\jre\jre\bin\java.dll
0x00007ffec91d0000 - 0x00007ffec91e6000 	E:\Android\android-studio-ide-145.2915834-windows\jre\jre\bin\zip.dll
0x00007ffeccf60000 - 0x00007ffece4bc000 	C:\Windows\system32\SHELL32.dll
0x00007ffecbce0000 - 0x00007ffecc325000 	C:\Windows\system32\windows.storage.dll
0x00007ffecea80000 - 0x00007ffecead2000 	C:\Windows\system32\shlwapi.dll
0x00007ffecba90000 - 0x00007ffecba9f000 	C:\Windows\system32\kernel.appcore.dll
0x00007ffecbc20000 - 0x00007ffecbcd5000 	C:\Windows\system32\shcore.dll
0x00007ffecba30000 - 0x00007ffecba7b000 	C:\Windows\system32\powrprof.dll
0x00007ffecbaa0000 - 0x00007ffecbab4000 	C:\Windows\system32\profapi.dll

VM Arguments:
jvm_args: -Djava.awt.headless=true -Xmx1024M -Dfile.encoding=GBK -Duser.country=CN -Duser.language=zh -Duser.variant 
java_command: com.android.dx.command.Main --dex --num-threads=4 --output E:\Teapopo\app\build\intermediates\pre-dexed\debug\ShareSDK-Tumblr-2.7.1_98fb1c7b1d438c7f1bfd05efc78608dbefa4e0fc.jar E:\Teapopo\app\libs\ShareSDK-Tumblr-2.7.1.jar
java_class_path (initial): C:\Users\lhq\AppData\Local\Android\sdk\build-tools\23.0.3\lib\dx.jar
Launcher Type: SUN_STANDARD

Environment Variables:
JAVA_HOME=C:\Program Files\Java\jdk1.8.0_91
PATH=C:\ProgramData\Oracle\Java\javapath;C:\Windows\system32;C:\Windows;C:\Windows\System32\Wbem;C:\Windows\System32\WindowsPowerShell\v1.0\;C:\Users\lhq\AppData\Local\Android\sdk\platform-tools;C:\Users\lhq\AppData\Local\Android\sdk\tools;C:\Program Files\Java\jdk1.8.0_91\bin;C:\Program Files\Java\jdk1.8.0_91\jre\bin
USERNAME=lhq
OS=Windows_NT
PROCESSOR_IDENTIFIER=Intel64 Family 6 Model 69 Stepping 1, GenuineIntel



---------------  S Y S T E M  ---------------

OS: Windows 10.0 , 64 bit Build 10586 (10.0.10586.0)

CPU:total 4 (2 cores per cpu, 2 threads per core) family 6 model 69 stepping 1, cmov, cx8, fxsr, mmx, sse, sse2, sse3, ssse3, sse4.1, sse4.2, popcnt, avx, avx2, aes, clmul, erms, lzcnt, ht, tsc, tscinvbit, bmi1, bmi2

Memory: 4k page, physical 8067548k(1193404k free), swap 8067548k(5128k free)

vm_info: OpenJDK 64-Bit Server VM (25.76-b01) for windows-amd64 JRE (1.8.0_76-release-b01), built on May 12 2016 23:29:00 by "ralucas" with MS VC++ 10.0 (VS2010)

time: Fri Jul 08 14:39:58 2016
elapsed time: 3 seconds (0d 0h 0m 3s)

