#
# There is insufficient memory for the Java Runtime Environment to continue.
# Native memory allocation (malloc) failed to allocate 65552 bytes for Chunk::new
# Possible reasons:
#   The system is out of physical RAM or swap space
#   In 32 bit mode, the process size limit was hit
# Possible solutions:
#   Reduce memory load on the system
#   Increase physical memory or swap space
#   Check if swap backing store is full
#   Use 64 bit Java on a 64 bit OS
#   Decrease Java heap size (-Xmx/-Xms)
#   Decrease number of Java threads
#   Decrease Java thread stack sizes (-Xss)
#   Set larger code cache with -XX:ReservedCodeCacheSize=
# This output file may be truncated or incomplete.
#
#  Out of Memory Error (allocation.cpp:390), pid=102420, tid=0x00000000000192f0
#
# JRE version: OpenJDK Runtime Environment (8.0_76-b01) (build 1.8.0_76-release-b01)
# Java VM: OpenJDK 64-Bit Server VM (25.76-b01 mixed mode windows-amd64 compressed oops)
# Failed to write core dump. Minidumps are not enabled by default on client versions of Windows
#

---------------  T H R E A D  ---------------

Current thread (0x0000000014cfd800):  JavaThread "C2 CompilerThread1" daemon [_thread_in_native, id=103152, stack(0x0000000016700000,0x0000000016800000)]

Stack: [0x0000000016700000,0x0000000016800000]
[error occurred during error reporting (printing stack bounds), id 0xc0000005]

Native frames: (J=compiled Java code, j=interpreted, Vv=VM code, C=native code)


Current CompileTask:
C2:   3145 1658       4       com.android.dx.ssa.SCCP::simulatePhi (169 bytes)


---------------  P R O C E S S  ---------------

Java Threads: ( => current thread )
  0x0000000016581800 JavaThread "pool-1-thread-4" [_thread_in_Java, id=102928, stack(0x0000000016f00000,0x0000000017000000)]
  0x000000001657e000 JavaThread "pool-1-thread-3" [_thread_blocked, id=102472, stack(0x0000000016e00000,0x0000000016f00000)]
  0x000000001657c800 JavaThread "pool-1-thread-2" [_thread_blocked, id=102480, stack(0x0000000016d00000,0x0000000016e00000)]
  0x0000000016578800 JavaThread "pool-2-thread-1" [_thread_blocked, id=102840, stack(0x0000000016c00000,0x0000000016d00000)]
  0x0000000016575800 JavaThread "pool-1-thread-1" [_thread_blocked, id=100152, stack(0x0000000016b00000,0x0000000016c00000)]
  0x0000000016360000 JavaThread "Service Thread" daemon [_thread_blocked, id=103052, stack(0x0000000016900000,0x0000000016a00000)]
  0x0000000016359000 JavaThread "C1 CompilerThread2" daemon [_thread_blocked, id=102900, stack(0x0000000016800000,0x0000000016900000)]
=>0x0000000014cfd800 JavaThread "C2 CompilerThread1" daemon [_thread_in_native, id=103152, stack(0x0000000016700000,0x0000000016800000)]
  0x0000000014cf7000 JavaThread "C2 CompilerThread0" daemon [_thread_in_native, id=103156, stack(0x0000000016200000,0x0000000016300000)]
  0x0000000014cac000 JavaThread "Attach Listener" daemon [_thread_blocked, id=103120, stack(0x0000000016100000,0x0000000016200000)]
  0x0000000014cab000 JavaThread "Signal Dispatcher" daemon [_thread_blocked, id=103176, stack(0x0000000016000000,0x0000000016100000)]
  0x00000000025ca000 JavaThread "Finalizer" daemon [_thread_blocked, id=90708, stack(0x0000000015f00000,0x0000000016000000)]
  0x00000000025c0000 JavaThread "Reference Handler" daemon [_thread_blocked, id=102640, stack(0x0000000015e00000,0x0000000015f00000)]
  0x00000000024d0800 JavaThread "main" [_thread_blocked, id=103352, stack(0x00000000022d0000,0x00000000023d0000)]

Other Threads:
  0x0000000014c65800 VMThread [stack: 0x0000000015d00000,0x0000000015e00000] [id=102648]
  0x0000000016362000 WatcherThread [stack: 0x0000000016a00000,0x0000000016b00000] [id=103240]

VM state:not at safepoint (normal execution)

VM Mutex/Monitor currently owned by a thread: None

Heap:
 PSYoungGen      total 36864K, used 11503K [0x00000000eab00000, 0x00000000ed400000, 0x0000000100000000)
  eden space 31744K, 20% used [0x00000000eab00000,0x00000000eb13e830,0x00000000eca00000)
  from space 5120K, 99% used [0x00000000ecf00000,0x00000000ed3fd490,0x00000000ed400000)
  to   space 5120K, 0% used [0x00000000eca00000,0x00000000eca00000,0x00000000ecf00000)
 ParOldGen       total 84992K, used 13944K [0x00000000c0000000, 0x00000000c5300000, 0x00000000eab00000)
  object space 84992K, 16% used [0x00000000c0000000,0x00000000c0d9e0a8,0x00000000c5300000)
 Metaspace       used 6214K, capacity 7088K, committed 7296K, reserved 1056768K
  class space    used 580K, capacity 616K, committed 640K, reserved 1048576K

Card table byte_map: [0x0000000011990000,0x0000000011ba0000] byte_map_base: 0x0000000011390000

Marking Bits: (ParMarkBitMap*) 0x000000005f499d00
 Begin Bits: [0x0000000012100000, 0x0000000013100000)
 End Bits:   [0x0000000013100000, 0x0000000014100000)

Polling page: 0x0000000000510000

CodeCache: size=245760Kb used=6318Kb max_used=6329Kb free=239442Kb
 bounds [0x00000000025d0000, 0x0000000002c10000, 0x00000000115d0000]
 total_blobs=1898 nmethods=1628 adapters=184
 compilation: enabled

Compilation events (10 events):
Event: 3.110 Thread 0x0000000014cfd800 nmethod 1567 0x0000000002bf0890 code [0x0000000002bf09e0, 0x0000000002bf0af8]
Event: 3.110 Thread 0x0000000014cfd800 1515   !   4       com.android.dx.cf.code.BaseMachine::arg (36 bytes)
Event: 3.110 Thread 0x0000000014cfd800 nmethod 1515 0x0000000002bab310 code [0x0000000002bab440, 0x0000000002bab4f8]
Event: 3.110 Thread 0x0000000014cfd800 1568       4       com.android.dx.rop.code.ThrowingCstInsn::accept (8 bytes)
Event: 3.111 Thread 0x0000000014cfd800 nmethod 1568 0x0000000002b0de50 code [0x0000000002b0df80, 0x0000000002b0dff8]
Event: 3.111 Thread 0x0000000014cfd800 1285       4       java.lang.AbstractStringBuilder::append (50 bytes)
Event: 3.113 Thread 0x0000000016359000 1659       2       com.android.dx.ssa.LiteralOpUpgrader::isConstIntZeroOrKnownNull (34 bytes)
Event: 3.113 Thread 0x0000000016359000 nmethod 1659 0x0000000002bfaf90 code [0x0000000002bfb100, 0x0000000002bfb308]
Event: 3.117 Thread 0x0000000014cfd800 nmethod 1285 0x0000000002bf9250 code [0x0000000002bf93a0, 0x0000000002bf9758]
Event: 3.117 Thread 0x0000000014cfd800 1658       4       com.android.dx.ssa.SCCP::simulatePhi (169 bytes)

GC Heap History (8 events):
Event: 1.645 GC heap before
{Heap before GC invocations=1 (full 0):
 PSYoungGen      total 36864K, used 31744K [0x00000000eab00000, 0x00000000ed400000, 0x0000000100000000)
  eden space 31744K, 100% used [0x00000000eab00000,0x00000000eca00000,0x00000000eca00000)
  from space 5120K, 0% used [0x00000000ecf00000,0x00000000ecf00000,0x00000000ed400000)
  to   space 5120K, 0% used [0x00000000eca00000,0x00000000eca00000,0x00000000ecf00000)
 ParOldGen       total 84992K, used 0K [0x00000000c0000000, 0x00000000c5300000, 0x00000000eab00000)
  object space 84992K, 0% used [0x00000000c0000000,0x00000000c0000000,0x00000000c5300000)
 Metaspace       used 5839K, capacity 6768K, committed 7040K, reserved 1056768K
  class space    used 577K, capacity 616K, committed 640K, reserved 1048576K
Event: 1.685 GC heap after
Heap after GC invocations=1 (full 0):
 PSYoungGen      total 36864K, used 5003K [0x00000000eab00000, 0x00000000ed400000, 0x0000000100000000)
  eden space 31744K, 0% used [0x00000000eab00000,0x00000000eab00000,0x00000000eca00000)
  from space 5120K, 97% used [0x00000000eca00000,0x00000000ecee2f38,0x00000000ecf00000)
  to   space 5120K, 0% used [0x00000000ecf00000,0x00000000ecf00000,0x00000000ed400000)
 ParOldGen       total 84992K, used 16K [0x00000000c0000000, 0x00000000c5300000, 0x00000000eab00000)
  object space 84992K, 0% used [0x00000000c0000000,0x00000000c0004000,0x00000000c5300000)
 Metaspace       used 5839K, capacity 6768K, committed 7040K, reserved 1056768K
  class space    used 577K, capacity 616K, committed 640K, reserved 1048576K
}
Event: 2.168 GC heap before
{Heap before GC invocations=2 (full 0):
 PSYoungGen      total 36864K, used 36747K [0x00000000eab00000, 0x00000000ed400000, 0x0000000100000000)
  eden space 31744K, 100% used [0x00000000eab00000,0x00000000eca00000,0x00000000eca00000)
  from space 5120K, 97% used [0x00000000eca00000,0x00000000ecee2f38,0x00000000ecf00000)
  to   space 5120K, 0% used [0x00000000ecf00000,0x00000000ecf00000,0x00000000ed400000)
 ParOldGen       total 84992K, used 16K [0x00000000c0000000, 0x00000000c5300000, 0x00000000eab00000)
  object space 84992K, 0% used [0x00000000c0000000,0x00000000c0004000,0x00000000c5300000)
 Metaspace       used 6081K, capacity 7024K, committed 7296K, reserved 1056768K
  class space    used 579K, capacity 616K, committed 640K, reserved 1048576K
Event: 2.219 GC heap after
Heap after GC invocations=2 (full 0):
 PSYoungGen      total 36864K, used 5095K [0x00000000eab00000, 0x00000000ed400000, 0x0000000100000000)
  eden space 31744K, 0% used [0x00000000eab00000,0x00000000eab00000,0x00000000eca00000)
  from space 5120K, 99% used [0x00000000ecf00000,0x00000000ed3f9fa0,0x00000000ed400000)
  to   space 5120K, 0% used [0x00000000eca00000,0x00000000eca00000,0x00000000ecf00000)
 ParOldGen       total 84992K, used 3257K [0x00000000c0000000, 0x00000000c5300000, 0x00000000eab00000)
  object space 84992K, 3% used [0x00000000c0000000,0x00000000c032e478,0x00000000c5300000)
 Metaspace       used 6081K, capacity 7024K, committed 7296K, reserved 1056768K
  class space    used 579K, capacity 616K, committed 640K, reserved 1048576K
}
Event: 2.570 GC heap before
{Heap before GC invocations=3 (full 0):
 PSYoungGen      total 36864K, used 36839K [0x00000000eab00000, 0x00000000ed400000, 0x0000000100000000)
  eden space 31744K, 100% used [0x00000000eab00000,0x00000000eca00000,0x00000000eca00000)
  from space 5120K, 99% used [0x00000000ecf00000,0x00000000ed3f9fa0,0x00000000ed400000)
  to   space 5120K, 0% used [0x00000000eca00000,0x00000000eca00000,0x00000000ecf00000)
 ParOldGen       total 84992K, used 3257K [0x00000000c0000000, 0x00000000c5300000, 0x00000000eab00000)
  object space 84992K, 3% used [0x00000000c0000000,0x00000000c032e478,0x00000000c5300000)
 Metaspace       used 6194K, capacity 7088K, committed 7296K, reserved 1056768K
  class space    used 580K, capacity 616K, committed 640K, reserved 1048576K
Event: 2.647 GC heap after
Heap after GC invocations=3 (full 0):
 PSYoungGen      total 36864K, used 5093K [0x00000000eab00000, 0x00000000ed400000, 0x0000000100000000)
  eden space 31744K, 0% used [0x00000000eab00000,0x00000000eab00000,0x00000000eca00000)
  from space 5120K, 99% used [0x00000000eca00000,0x00000000ecef94a0,0x00000000ecf00000)
  to   space 5120K, 0% used [0x00000000ecf00000,0x00000000ecf00000,0x00000000ed400000)
 ParOldGen       total 84992K, used 8876K [0x00000000c0000000, 0x00000000c5300000, 0x00000000eab00000)
  object space 84992K, 10% used [0x00000000c0000000,0x00000000c08ab180,0x00000000c5300000)
 Metaspace       used 6194K, capacity 7088K, committed 7296K, reserved 1056768K
  class space    used 580K, capacity 616K, committed 640K, reserved 1048576K
}
Event: 2.984 GC heap before
{Heap before GC invocations=4 (full 0):
 PSYoungGen      total 36864K, used 36837K [0x00000000eab00000, 0x00000000ed400000, 0x0000000100000000)
  eden space 31744K, 100% used [0x00000000eab00000,0x00000000eca00000,0x00000000eca00000)
  from space 5120K, 99% used [0x00000000eca00000,0x00000000ecef94a0,0x00000000ecf00000)
  to   space 5120K, 0% used [0x00000000ecf00000,0x00000000ecf00000,0x00000000ed400000)
 ParOldGen       total 84992K, used 8876K [0x00000000c0000000, 0x00000000c5300000, 0x00000000eab00000)
  object space 84992K, 10% used [0x00000000c0000000,0x00000000c08ab180,0x00000000c5300000)
 Metaspace       used 6214K, capacity 7088K, committed 7296K, reserved 1056768K
  class space    used 580K, capacity 616K, committed 640K, reserved 1048576K
Event: 3.009 GC heap after
Heap after GC invocations=4 (full 0):
 PSYoungGen      total 36864K, used 5109K [0x00000000eab00000, 0x00000000ed400000, 0x0000000100000000)
  eden space 31744K, 0% used [0x00000000eab00000,0x00000000eab00000,0x00000000eca00000)
  from space 5120K, 99% used [0x00000000ecf00000,0x00000000ed3fd490,0x00000000ed400000)
  to   space 5120K, 0% used [0x00000000eca00000,0x00000000eca00000,0x00000000ecf00000)
 ParOldGen       total 84992K, used 13944K [0x00000000c0000000, 0x00000000c5300000, 0x00000000eab00000)
  object space 84992K, 16% used [0x00000000c0000000,0x00000000c0d9e0a8,0x00000000c5300000)
 Metaspace       used 6214K, capacity 7088K, committed 7296K, reserved 1056768K
  class space    used 580K, capacity 616K, committed 640K, reserved 1048576K
}

Deoptimization events (10 events):
Event: 2.253 Thread 0x0000000016575800 Uncommon trap: reason=bimorphic action=maybe_recompile pc=0x00000000029cd34c method=java.util.HashMap.getNode(ILjava/lang/Object;)Ljava/util/HashMap$Node; @ 126
Event: 2.253 Thread 0x0000000016575800 Uncommon trap: reason=class_check action=maybe_recompile pc=0x000000000296aec4 method=java.util.HashMap.putVal(ILjava/lang/Object;Ljava/lang/Object;ZZ)Ljava/lang/Object; @ 203
Event: 2.254 Thread 0x0000000016575800 Uncommon trap: reason=bimorphic action=maybe_recompile pc=0x00000000029bc054 method=java.util.HashMap.getNode(ILjava/lang/Object;)Ljava/util/HashMap$Node; @ 126
Event: 2.254 Thread 0x0000000016575800 Uncommon trap: reason=bimorphic action=maybe_recompile pc=0x00000000029bc054 method=java.util.HashMap.getNode(ILjava/lang/Object;)Ljava/util/HashMap$Node; @ 126
Event: 2.273 Thread 0x0000000016575800 Uncommon trap: reason=class_check action=maybe_recompile pc=0x000000000296aec4 method=java.util.HashMap.putVal(ILjava/lang/Object;Ljava/lang/Object;ZZ)Ljava/lang/Object; @ 203
Event: 2.273 Thread 0x0000000016575800 Uncommon trap: reason=bimorphic action=maybe_recompile pc=0x00000000029cd34c method=java.util.HashMap.getNode(ILjava/lang/Object;)Ljava/util/HashMap$Node; @ 126
Event: 2.439 Thread 0x0000000016575800 Uncommon trap: reason=unstable_if action=reinterpret pc=0x000000000299cd5c method=com.android.dx.ssa.SsaMethod.updateOneDefinition(Lcom/android/dx/ssa/SsaInsn;Lcom/android/dx/rop/code/RegisterSpec;)V @ 4
Event: 2.557 Thread 0x000000001657e000 Uncommon trap: reason=null_check action=make_not_entrant pc=0x0000000002907620 method=com.android.dx.ssa.SsaRenamer.getLocalForNewReg(I)Lcom/android/dx/rop/code/LocalItem; @ 19
Event: 3.099 Thread 0x0000000016581800 Uncommon trap: reason=bimorphic action=maybe_recompile pc=0x0000000002b79a68 method=com.android.dx.cf.code.BytecodeArray.parseInstruction(ILcom/android/dx/cf/code/BytecodeArray$Visitor;)I @ 1501
Event: 3.100 Thread 0x0000000016581800 Uncommon trap: reason=bimorphic action=maybe_recompile pc=0x0000000002b79a68 method=com.android.dx.cf.code.BytecodeArray.parseInstruction(ILcom/android/dx/cf/code/BytecodeArray$Visitor;)I @ 1501

Internal exceptions (4 events):
Event: 0.263 Thread 0x00000000024d0800 Exception <a 'java/lang/NoSuchMethodError': Method sun.misc.Unsafe.defineClass(Ljava/lang/String;[BII)Ljava/lang/Class; name or signature does not match> (0x00000000eab07cc0) thrown at [C:\src\android\AOSP-openjdk\external\jetbrains\jdk\hotspot\src\share\v
Event: 0.263 Thread 0x00000000024d0800 Exception <a 'java/lang/NoSuchMethodError': Method sun.misc.Unsafe.prefetchRead(Ljava/lang/Object;J)V name or signature does not match> (0x00000000eab07fa8) thrown at [C:\src\android\AOSP-openjdk\external\jetbrains\jdk\hotspot\src\share\vm\prims\jni.cpp, lšo…jp˜
Event: 2.074 Thread 0x00000000024d0800 Implicit null exception at 0x000000000291d248 to 0x000000000291f69d
Event: 2.557 Thread 0x000000001657e000 Implicit null exception at 0x0000000002904c6d to 0x00000000029075fd

Events (10 events):
Event: 2.570 Executing VM operation: ParallelGCFailedAllocation
Event: 2.647 Executing VM operation: ParallelGCFailedAllocation done
Event: 2.983 Executing VM operation: ParallelGCFailedAllocation
Event: 3.009 Executing VM operation: ParallelGCFailedAllocation done
Event: 3.099 Thread 0x0000000016581800 Uncommon trap: trap_request=0xffffffc6 fr.pc=0x0000000002b79a68
Event: 3.099 Thread 0x0000000016581800 DEOPT PACKING pc=0x0000000002b79a68 sp=0x0000000016ffe510
Event: 3.099 Thread 0x0000000016581800 DEOPT UNPACKING pc=0x000000000261556a sp=0x0000000016ffe490 mode 2
Event: 3.100 Thread 0x0000000016581800 Uncommon trap: trap_request=0xffffffc6 fr.pc=0x0000000002b79a68
Event: 3.100 Thread 0x0000000016581800 DEOPT PACKING pc=0x0000000002b79a68 sp=0x0000000016ffe370
Event: 3.100 Thread 0x0000000016581800 DEOPT UNPACKING pc=0x000000000261556a sp=0x0000000016ffe2f0 mode 2


Dynamic libraries:
0x00007ff6a3010000 - 0x00007ff6a3045000 	E:\Android\android-studio-ide-145.2915834-windows\jre\bin\java.exe
0x00007ffecf410000 - 0x00007ffecf5d1000 	C:\Windows\SYSTEM32\ntdll.dll
0x00007ffecef70000 - 0x00007ffecf01d000 	C:\Windows\system32\KERNEL32.DLL
0x00007ffecc330000 - 0x00007ffecc518000 	C:\Windows\system32\KERNELBASE.dll
0x00007ffecc9e0000 - 0x00007ffecca87000 	C:\Windows\system32\ADVAPI32.dll
0x00007ffece4c0000 - 0x00007ffece55d000 	C:\Windows\system32\msvcrt.dll
0x00007ffeccd10000 - 0x00007ffeccd6b000 	C:\Windows\system32\sechost.dll
0x00007ffece730000 - 0x00007ffece84c000 	C:\Windows\system32\RPCRT4.dll
0x00007ffece920000 - 0x00007ffecea76000 	C:\Windows\system32\USER32.dll
0x00007ffeccd90000 - 0x00007ffeccf16000 	C:\Windows\system32\GDI32.dll
0x00007ffebe600000 - 0x00007ffebe874000 	C:\Windows\WinSxS\amd64_microsoft.windows.common-controls_6595b64144ccf1df_6.0.10586.0_none_8c15ae12515e1c22\COMCTL32.dll
0x00007ffecca90000 - 0x00007ffeccd0d000 	C:\Windows\system32\combase.dll
0x00007ffecc520000 - 0x00007ffecc58a000 	C:\Windows\system32\bcryptPrimitives.dll
0x00007ffeccf20000 - 0x00007ffeccf5b000 	C:\Windows\system32\IMM32.DLL
0x00000000600f0000 - 0x00000000601c2000 	E:\Android\android-studio-ide-145.2915834-windows\jre\jre\bin\msvcr100.dll
0x000000005ece0000 - 0x000000005f514000 	E:\Android\android-studio-ide-145.2915834-windows\jre\jre\bin\server\jvm.dll
0x00007ffecf1d0000 - 0x00007ffecf1d8000 	C:\Windows\system32\PSAPI.DLL
0x00007ffec9c20000 - 0x00007ffec9c29000 	C:\Windows\SYSTEM32\WSOCK32.dll
0x00007ffece560000 - 0x00007ffece5cb000 	C:\Windows\system32\WS2_32.dll
0x00007ffec9d40000 - 0x00007ffec9d63000 	C:\Windows\SYSTEM32\WINMM.dll
0x00007ffec1700000 - 0x00007ffec170a000 	C:\Windows\SYSTEM32\VERSION.dll
0x00007ffec9bf0000 - 0x00007ffec9c1c000 	C:\Windows\SYSTEM32\WINMMBASE.dll
0x00007ffecbbd0000 - 0x00007ffecbc13000 	C:\Windows\system32\cfgmgr32.dll
0x00007ffec8ed0000 - 0x00007ffec8edf000 	E:\Android\android-studio-ide-145.2915834-windows\jre\jre\bin\verify.dll
0x00007ffec8d20000 - 0x00007ffec8d49000 	E:\Android\android-studio-ide-145.2915834-windows\jre\jre\bin\java.dll
0x00007ffec8d00000 - 0x00007ffec8d16000 	E:\Android\android-studio-ide-145.2915834-windows\jre\jre\bin\zip.dll
0x00007ffeccf60000 - 0x00007ffece4bc000 	C:\Windows\system32\SHELL32.dll
0x00007ffecbce0000 - 0x00007ffecc325000 	C:\Windows\system32\windows.storage.dll
0x00007ffecea80000 - 0x00007ffecead2000 	C:\Windows\system32\shlwapi.dll
0x00007ffecba90000 - 0x00007ffecba9f000 	C:\Windows\system32\kernel.appcore.dll
0x00007ffecbc20000 - 0x00007ffecbcd5000 	C:\Windows\system32\shcore.dll
0x00007ffecba30000 - 0x00007ffecba7b000 	C:\Windows\system32\powrprof.dll
0x00007ffecbaa0000 - 0x00007ffecbab4000 	C:\Windows\system32\profapi.dll

VM Arguments:
jvm_args: -Djava.awt.headless=true -Xmx1024M -Dfile.encoding=GBK -Duser.country=CN -Duser.language=zh -Duser.variant 
java_command: com.android.dx.command.Main --dex --num-threads=4 --output E:\Teapopo\app\build\intermediates\pre-dexed\debug\com.android.support-support-v4-23.3.0_2465d991adc87dfe13a5f478b78e3a12c58914b2.jar E:\Teapopo\app\build\intermediates\exploded-aar\com.android.support\support-v4\23.3.0\jars\classes.jar
java_class_path (initial): C:\Users\lhq\AppData\Local\Android\sdk\build-tools\23.0.3\lib\dx.jar
Launcher Type: SUN_STANDARD

Environment Variables:
JAVA_HOME=C:\Program Files\Java\jdk1.8.0_91
PATH=C:\ProgramData\Oracle\Java\javapath;C:\Windows\system32;C:\Windows;C:\Windows\System32\Wbem;C:\Windows\System32\WindowsPowerShell\v1.0\;C:\Users\lhq\AppData\Local\Android\sdk\platform-tools;C:\Users\lhq\AppData\Local\Android\sdk\tools;C:\Program Files\Java\jdk1.8.0_91\bin;C:\Program Files\Java\jdk1.8.0_91\jre\bin
USERNAME=lhq
OS=Windows_NT
PROCESSOR_IDENTIFIER=Intel64 Family 6 Model 69 Stepping 1, GenuineIntel



---------------  S Y S T E M  ---------------

OS: Windows 10.0 , 64 bit Build 10586 (10.0.10586.0)

CPU:total 4 (2 cores per cpu, 2 threads per core) family 6 model 69 stepping 1, cmov, cx8, fxsr, mmx, sse, sse2, sse3, ssse3, sse4.1, sse4.2, popcnt, avx, avx2, aes, clmul, erms, lzcnt, ht, tsc, tscinvbit, bmi1, bmi2

Memory: 4k page, physical 8067548k(1107640k free), swap 8067548k(5140k free)

vm_info: OpenJDK 64-Bit Server VM (25.76-b01) for windows-amd64 JRE (1.8.0_76-release-b01), built on May 12 2016 23:29:00 by "ralucas" with MS VC++ 10.0 (VS2010)

time: Thu Jul 07 11:07:47 2016
elapsed time: 3 seconds (0d 0h 0m 3s)

