#
# There is insufficient memory for the Java Runtime Environment to continue.
# Native memory allocation (malloc) failed to allocate 126912 bytes for Chunk::new
# Possible reasons:
#   The system is out of physical RAM or swap space
#   In 32 bit mode, the process size limit was hit
# Possible solutions:
#   Reduce memory load on the system
#   Increase physical memory or swap space
#   Check if swap backing store is full
#   Use 64 bit Java on a 64 bit OS
#   Decrease Java heap size (-Xmx/-Xms)
#   Decrease number of Java threads
#   Decrease Java thread stack sizes (-Xss)
#   Set larger code cache with -XX:ReservedCodeCacheSize=
# This output file may be truncated or incomplete.
#
#  Out of Memory Error (allocation.cpp:390), pid=16424, tid=0x0000000000004154
#
# JRE version: OpenJDK Runtime Environment (8.0_76-b01) (build 1.8.0_76-release-b01)
# Java VM: OpenJDK 64-Bit Server VM (25.76-b01 mixed mode windows-amd64 compressed oops)
# Failed to write core dump. Minidumps are not enabled by default on client versions of Windows
#

---------------  T H R E A D  ---------------

Current thread (0x0000000014c7d800):  JavaThread "C2 CompilerThread0" daemon [_thread_in_native, id=16724, stack(0x00000000161d0000,0x00000000162d0000)]

Stack: [0x00000000161d0000,0x00000000162d0000]
[error occurred during error reporting (printing stack bounds), id 0xc0000005]

Native frames: (J=compiled Java code, j=interpreted, Vv=VM code, C=native code)


Current CompileTask:
C2:   2292 1162   !   4       com.android.dx.cf.code.Ropper::processBlock (1101 bytes)


---------------  P R O C E S S  ---------------

Java Threads: ( => current thread )
  0x000000001667b000 JavaThread "pool-1-thread-4" [_thread_in_Java, id=16976, stack(0x0000000016ed0000,0x0000000016fd0000)]
  0x000000001666b000 JavaThread "pool-1-thread-3" [_thread_in_Java, id=16972, stack(0x0000000016dd0000,0x0000000016ed0000)]
  0x0000000016587800 JavaThread "pool-1-thread-2" [_thread_in_Java, id=16944, stack(0x0000000016cd0000,0x0000000016dd0000)]
  0x000000001657c000 JavaThread "pool-2-thread-1" [_thread_blocked, id=16940, stack(0x0000000016bd0000,0x0000000016cd0000)]
  0x0000000016580000 JavaThread "pool-1-thread-1" [_thread_in_Java, id=16936, stack(0x0000000016ad0000,0x0000000016bd0000)]
  0x0000000016435800 JavaThread "Service Thread" daemon [_thread_blocked, id=16760, stack(0x00000000168d0000,0x00000000169d0000)]
  0x0000000016429000 JavaThread "C1 CompilerThread2" daemon [_thread_blocked, id=16736, stack(0x00000000167d0000,0x00000000168d0000)]
  0x0000000014ccb800 JavaThread "C2 CompilerThread1" daemon [_thread_in_native, id=16728, stack(0x00000000162d0000,0x00000000163d0000)]
=>0x0000000014c7d800 JavaThread "C2 CompilerThread0" daemon [_thread_in_native, id=16724, stack(0x00000000161d0000,0x00000000162d0000)]
  0x0000000014c7c000 JavaThread "Attach Listener" daemon [_thread_blocked, id=16720, stack(0x00000000160d0000,0x00000000161d0000)]
  0x0000000014c7b000 JavaThread "Signal Dispatcher" daemon [_thread_blocked, id=16716, stack(0x0000000015fd0000,0x00000000160d0000)]
  0x0000000014c58800 JavaThread "Finalizer" daemon [_thread_blocked, id=16660, stack(0x0000000015ed0000,0x0000000015fd0000)]
  0x0000000002590000 JavaThread "Reference Handler" daemon [_thread_blocked, id=16652, stack(0x0000000015dd0000,0x0000000015ed0000)]
  0x00000000024a0800 JavaThread "main" [_thread_in_Java, id=16576, stack(0x00000000022a0000,0x00000000023a0000)]

Other Threads:
  0x0000000014c35800 VMThread [stack: 0x0000000015cd0000,0x0000000015dd0000] [id=16644]
  0x0000000016437800 WatcherThread [stack: 0x00000000169d0000,0x0000000016ad0000] [id=16764]

VM state:not at safepoint (normal execution)

VM Mutex/Monitor currently owned by a thread: None

Heap:
 PSYoungGen      total 36864K, used 21181K [0x00000000eab00000, 0x00000000ed400000, 0x0000000100000000)
  eden space 31744K, 50% used [0x00000000eab00000,0x00000000ebaaf788,0x00000000eca00000)
  from space 5120K, 99% used [0x00000000eca00000,0x00000000eceffc98,0x00000000ecf00000)
  to   space 5120K, 0% used [0x00000000ecf00000,0x00000000ecf00000,0x00000000ed400000)
 ParOldGen       total 84992K, used 2186K [0x00000000c0000000, 0x00000000c5300000, 0x00000000eab00000)
  object space 84992K, 2% used [0x00000000c0000000,0x00000000c02229d0,0x00000000c5300000)
 Metaspace       used 5883K, capacity 6832K, committed 7040K, reserved 1056768K
  class space    used 570K, capacity 616K, committed 640K, reserved 1048576K

Card table byte_map: [0x0000000011960000,0x0000000011b70000] byte_map_base: 0x0000000011360000

Marking Bits: (ParMarkBitMap*) 0x000000005e0b9d00
 Begin Bits: [0x00000000120d0000, 0x00000000130d0000)
 End Bits:   [0x00000000130d0000, 0x00000000140d0000)

Polling page: 0x0000000001f40000

CodeCache: size=245760Kb used=4995Kb max_used=4995Kb free=240764Kb
 bounds [0x00000000025a0000, 0x0000000002a90000, 0x00000000115a0000]
 total_blobs=1472 nmethods=1202 adapters=184
 compilation: enabled

Compilation events (10 events):
Event: 2.242 Thread 0x0000000016429000 1211       3       java.lang.ref.Finalizer::hasBeenFinalized (14 bytes)
Event: 2.243 Thread 0x0000000016429000 nmethod 1211 0x0000000002a85bd0 code [0x0000000002a85d20, 0x0000000002a85ed0]
Event: 2.243 Thread 0x0000000016429000 1212   !   3       java.lang.ref.Finalizer::remove (94 bytes)
Event: 2.243 Thread 0x0000000016429000 nmethod 1212 0x0000000002a85f50 code [0x0000000002a860c0, 0x0000000002a86590]
Event: 2.243 Thread 0x0000000016429000 1213       3       java.lang.System$2::invokeFinalize (5 bytes)
Event: 2.243 Thread 0x0000000016429000 nmethod 1213 0x0000000002a866d0 code [0x0000000002a86840, 0x0000000002a86a68]
Event: 2.243 Thread 0x0000000016429000 1214       3       java.lang.ref.Reference::clear (6 bytes)
Event: 2.243 Thread 0x0000000016429000 nmethod 1214 0x0000000002a86b10 code [0x0000000002a86c60, 0x0000000002a86dd0]
Event: 2.249 Thread 0x0000000016429000 1215       3       com.android.dx.cf.code.ConcreteMethod::getCode (8 bytes)
Event: 2.249 Thread 0x0000000016429000 nmethod 1215 0x0000000002a86e50 code [0x0000000002a86fa0, 0x0000000002a87190]

GC Heap History (2 events):
Event: 1.963 GC heap before
{Heap before GC invocations=1 (full 0):
 PSYoungGen      total 36864K, used 31744K [0x00000000eab00000, 0x00000000ed400000, 0x0000000100000000)
  eden space 31744K, 100% used [0x00000000eab00000,0x00000000eca00000,0x00000000eca00000)
  from space 5120K, 0% used [0x00000000ecf00000,0x00000000ecf00000,0x00000000ed400000)
  to   space 5120K, 0% used [0x00000000eca00000,0x00000000eca00000,0x00000000ecf00000)
 ParOldGen       total 84992K, used 0K [0x00000000c0000000, 0x00000000c5300000, 0x00000000eab00000)
  object space 84992K, 0% used [0x00000000c0000000,0x00000000c0000000,0x00000000c5300000)
 Metaspace       used 5857K, capacity 6832K, committed 7040K, reserved 1056768K
  class space    used 569K, capacity 616K, committed 640K, reserved 1048576K
Event: 2.091 GC heap after
Heap after GC invocations=1 (full 0):
 PSYoungGen      total 36864K, used 5119K [0x00000000eab00000, 0x00000000ed400000, 0x0000000100000000)
  eden space 31744K, 0% used [0x00000000eab00000,0x00000000eab00000,0x00000000eca00000)
  from space 5120K, 99% used [0x00000000eca00000,0x00000000eceffc98,0x00000000ecf00000)
  to   space 5120K, 0% used [0x00000000ecf00000,0x00000000ecf00000,0x00000000ed400000)
 ParOldGen       total 84992K, used 2186K [0x00000000c0000000, 0x00000000c5300000, 0x00000000eab00000)
  object space 84992K, 2% used [0x00000000c0000000,0x00000000c02229d0,0x00000000c5300000)
 Metaspace       used 5857K, capacity 6832K, committed 7040K, reserved 1056768K
  class space    used 569K, capacity 616K, committed 640K, reserved 1048576K
}

Deoptimization events (10 events):
Event: 1.604 Thread 0x000000001666b000 Uncommon trap: reason=class_check action=maybe_recompile pc=0x0000000002971d14 method=java.util.Collections$UnmodifiableCollection$1.next()Ljava/lang/Object; @ 4
Event: 1.604 Thread 0x000000001666b000 Uncommon trap: reason=class_check action=maybe_recompile pc=0x0000000002930314 method=java.util.Collections$UnmodifiableCollection$1.hasNext()Z @ 4
Event: 1.605 Thread 0x000000001666b000 Uncommon trap: reason=class_check action=maybe_recompile pc=0x0000000002930314 method=java.util.Collections$UnmodifiableCollection$1.hasNext()Z @ 4
Event: 1.637 Thread 0x000000001666b000 Uncommon trap: reason=class_check action=maybe_recompile pc=0x0000000002971d14 method=java.util.Collections$UnmodifiableCollection$1.next()Ljava/lang/Object; @ 4
Event: 1.637 Thread 0x000000001666b000 Uncommon trap: reason=class_check action=maybe_recompile pc=0x0000000002971d14 method=java.util.Collections$UnmodifiableCollection$1.next()Ljava/lang/Object; @ 4
Event: 2.121 Thread 0x000000001666b000 Uncommon trap: reason=unstable_if action=reinterpret pc=0x0000000002914408 method=com.android.dx.cf.code.ByteCatchList.listFor(I)Lcom/android/dx/cf/code/ByteCatchList; @ 19
Event: 2.150 Thread 0x000000001666b000 Uncommon trap: reason=unstable_if action=reinterpret pc=0x00000000028160b8 method=com.android.dx.cf.code.Ropper.labelToResultIndex(I)I @ 34
Event: 2.160 Thread 0x000000001666b000 Uncommon trap: reason=unstable_if action=reinterpret pc=0x00000000029f9ec0 method=com.android.dx.util.LabeledList.set(ILcom/android/dx/util/LabeledItem;)V @ 16
Event: 2.160 Thread 0x000000001666b000 Uncommon trap: reason=unstable_if action=reinterpret pc=0x000000000298c644 method=com.android.dx.util.LabeledList.set(ILcom/android/dx/util/LabeledItem;)V @ 16
Event: 2.187 Thread 0x0000000016587800 Uncommon trap: reason=unstable_if action=reinterpret pc=0x0000000002a24b0c method=com.android.dx.util.IntList.sort()V @ 8

Internal exceptions (2 events):
Event: 0.040 Thread 0x00000000024a0800 Exception <a 'java/lang/NoSuchMethodError': Method sun.misc.Unsafe.defineClass(Ljava/lang/String;[BII)Ljava/lang/Class; name or signature does not match> (0x00000000eab07cc0) thrown at [C:\src\android\AOSP-openjdk\external\jetbrains\jdk\hotspot\src\share\v’ÂçÍ°¥§?
Event: 0.040 Thread 0x00000000024a0800 Exception <a 'java/lang/NoSuchMethodError': Method sun.misc.Unsafe.prefetchRead(Ljava/lang/Object;J)V name or signature does not match> (0x00000000eab07fa8) thrown at [C:\src\android\AOSP-openjdk\external\jetbrains\jdk\hotspot\src\share\vm\prims\jni.cpp, l

Events (10 events):
Event: 2.262 Thread 0x0000000016580000 DEOPT PACKING pc=0x0000000002a38e42 sp=0x0000000016bce3b0
Event: 2.262 Thread 0x0000000016580000 DEOPT UNPACKING pc=0x00000000025e75bf sp=0x0000000016bce118 mode 0
Event: 2.263 Thread 0x0000000016580000 DEOPT PACKING pc=0x0000000002a38e42 sp=0x0000000016bce3b0
Event: 2.263 Thread 0x0000000016580000 DEOPT UNPACKING pc=0x00000000025e75bf sp=0x0000000016bce118 mode 0
Event: 2.280 Thread 0x0000000016580000 DEOPT PACKING pc=0x0000000002a38e42 sp=0x0000000016bce3b0
Event: 2.280 Thread 0x0000000016580000 DEOPT UNPACKING pc=0x00000000025e75bf sp=0x0000000016bce118 mode 0
Event: 2.280 Thread 0x0000000016580000 DEOPT PACKING pc=0x0000000002a38e42 sp=0x0000000016bce3b0
Event: 2.280 Thread 0x0000000016580000 DEOPT UNPACKING pc=0x00000000025e75bf sp=0x0000000016bce118 mode 0
Event: 2.281 Thread 0x0000000016580000 DEOPT PACKING pc=0x0000000002a38e42 sp=0x0000000016bce3b0
Event: 2.281 Thread 0x0000000016580000 DEOPT UNPACKING pc=0x00000000025e75bf sp=0x0000000016bce118 mode 0


Dynamic libraries:
0x00007ff75b500000 - 0x00007ff75b535000 	E:\Android\android-studio-ide-145.2915834-windows\jre\bin\java.exe
0x00007ffbe4110000 - 0x00007ffbe42d1000 	C:\Windows\SYSTEM32\ntdll.dll
0x00007ffbe2080000 - 0x00007ffbe212d000 	C:\Windows\system32\KERNEL32.DLL
0x00007ffbe0ec0000 - 0x00007ffbe10a8000 	C:\Windows\system32\KERNELBASE.dll
0x00007ffbe3c80000 - 0x00007ffbe3d27000 	C:\Windows\system32\ADVAPI32.dll
0x00007ffbe4070000 - 0x00007ffbe410d000 	C:\Windows\system32\msvcrt.dll
0x00007ffbe22d0000 - 0x00007ffbe232b000 	C:\Windows\system32\sechost.dll
0x00007ffbe1d60000 - 0x00007ffbe1e7c000 	C:\Windows\system32\RPCRT4.dll
0x00007ffbe1970000 - 0x00007ffbe1ac6000 	C:\Windows\system32\USER32.dll
0x00007ffbe2140000 - 0x00007ffbe22c6000 	C:\Windows\system32\GDI32.dll
0x00007ffbd49b0000 - 0x00007ffbd4c24000 	C:\Windows\WinSxS\amd64_microsoft.windows.common-controls_6595b64144ccf1df_6.0.10586.0_none_8c15ae12515e1c22\COMCTL32.dll
0x00007ffbe24a0000 - 0x00007ffbe271d000 	C:\Windows\system32\combase.dll
0x00007ffbe14a0000 - 0x00007ffbe150a000 	C:\Windows\system32\bcryptPrimitives.dll
0x00007ffbe1ef0000 - 0x00007ffbe1f2b000 	C:\Windows\system32\IMM32.DLL
0x000000005d820000 - 0x000000005d8f2000 	E:\Android\android-studio-ide-145.2915834-windows\jre\jre\bin\msvcr100.dll
0x000000005d900000 - 0x000000005e134000 	E:\Android\android-studio-ide-145.2915834-windows\jre\jre\bin\server\jvm.dll
0x00007ffbe1530000 - 0x00007ffbe1538000 	C:\Windows\system32\PSAPI.DLL
0x00007ffbdd900000 - 0x00007ffbdd909000 	C:\Windows\SYSTEM32\WSOCK32.dll
0x00007ffbe3d30000 - 0x00007ffbe3d9b000 	C:\Windows\system32\WS2_32.dll
0x00007ffbdea60000 - 0x00007ffbdea83000 	C:\Windows\SYSTEM32\WINMM.dll
0x00007ffbd61b0000 - 0x00007ffbd61ba000 	C:\Windows\SYSTEM32\VERSION.dll
0x00007ffbdea00000 - 0x00007ffbdea2c000 	C:\Windows\SYSTEM32\WINMMBASE.dll
0x00007ffbe1300000 - 0x00007ffbe1343000 	C:\Windows\system32\cfgmgr32.dll
0x00007ffbdbbd0000 - 0x00007ffbdbbdf000 	E:\Android\android-studio-ide-145.2915834-windows\jre\jre\bin\verify.dll
0x00007ffbdba90000 - 0x00007ffbdbab9000 	E:\Android\android-studio-ide-145.2915834-windows\jre\jre\bin\java.dll
0x00007ffbdba70000 - 0x00007ffbdba86000 	E:\Android\android-studio-ide-145.2915834-windows\jre\jre\bin\zip.dll
0x00007ffbe2720000 - 0x00007ffbe3c7c000 	C:\Windows\system32\SHELL32.dll
0x00007ffbe07c0000 - 0x00007ffbe0e05000 	C:\Windows\system32\windows.storage.dll
0x00007ffbe2440000 - 0x00007ffbe2492000 	C:\Windows\system32\shlwapi.dll
0x00007ffbe0730000 - 0x00007ffbe073f000 	C:\Windows\system32\kernel.appcore.dll
0x00007ffbe1350000 - 0x00007ffbe1405000 	C:\Windows\system32\shcore.dll
0x00007ffbe0770000 - 0x00007ffbe07bb000 	C:\Windows\system32\powrprof.dll
0x00007ffbe0740000 - 0x00007ffbe0754000 	C:\Windows\system32\profapi.dll

VM Arguments:
jvm_args: -Djava.awt.headless=true -Xmx1024M -Dfile.encoding=GBK -Duser.country=CN -Duser.language=zh -Duser.variant 
java_command: com.android.dx.command.Main --dex --num-threads=4 --output E:\Teapopo\app\build\intermediates\pre-dexed\debug\prettytime-3.2.7.Final_6045bf371a9f4ed5e779901eba4bdd457bd5ea74.jar C:\Users\lhq\.gradle\caches\modules-2\files-2.1\org.ocpsoft.prettytime\prettytime\3.2.7.Final\4b216ebcf284752a40e11c39c2ea62bc45528c33\prettytime-3.2.7.Final.jar
java_class_path (initial): C:\Users\lhq\AppData\Local\Android\sdk\build-tools\23.0.3\lib\dx.jar
Launcher Type: SUN_STANDARD

Environment Variables:
JAVA_HOME=C:\Program Files\Java\jdk1.8.0_91
PATH=C:\ProgramData\Oracle\Java\javapath;C:\Windows\system32;C:\Windows;C:\Windows\System32\Wbem;C:\Windows\System32\WindowsPowerShell\v1.0\;C:\Users\lhq\AppData\Local\Android\sdk\platform-tools;C:\Users\lhq\AppData\Local\Android\sdk\tools;C:\Program Files\Java\jdk1.8.0_91\bin;C:\Program Files\Java\jdk1.8.0_91\jre\bin
USERNAME=lhq
OS=Windows_NT
PROCESSOR_IDENTIFIER=Intel64 Family 6 Model 69 Stepping 1, GenuineIntel



---------------  S Y S T E M  ---------------

OS: Windows 10.0 , 64 bit Build 10586 (10.0.10586.0)

CPU:total 4 (2 cores per cpu, 2 threads per core) family 6 model 69 stepping 1, cmov, cx8, fxsr, mmx, sse, sse2, sse3, ssse3, sse4.1, sse4.2, popcnt, avx, avx2, aes, clmul, erms, lzcnt, ht, tsc, tscinvbit, bmi1, bmi2

Memory: 4k page, physical 8067548k(1075244k free), swap 8067548k(5124k free)

vm_info: OpenJDK 64-Bit Server VM (25.76-b01) for windows-amd64 JRE (1.8.0_76-release-b01), built on May 12 2016 23:29:00 by "ralucas" with MS VC++ 10.0 (VS2010)

time: Fri Jul 15 16:50:07 2016
elapsed time: 2 seconds (0d 0h 0m 2s)

