#
# There is insufficient memory for the Java Runtime Environment to continue.
# Native memory allocation (malloc) failed to allocate 190736 bytes for Chunk::new
# Possible reasons:
#   The system is out of physical RAM or swap space
#   In 32 bit mode, the process size limit was hit
# Possible solutions:
#   Reduce memory load on the system
#   Increase physical memory or swap space
#   Check if swap backing store is full
#   Use 64 bit Java on a 64 bit OS
#   Decrease Java heap size (-Xmx/-Xms)
#   Decrease number of Java threads
#   Decrease Java thread stack sizes (-Xss)
#   Set larger code cache with -XX:ReservedCodeCacheSize=
# This output file may be truncated or incomplete.
#
#  Out of Memory Error (allocation.cpp:390), pid=31844, tid=0x0000000000007e30
#
# JRE version: OpenJDK Runtime Environment (8.0_76-b01) (build 1.8.0_76-release-b01)
# Java VM: OpenJDK 64-Bit Server VM (25.76-b01 mixed mode windows-amd64 compressed oops)
# Failed to write core dump. Minidumps are not enabled by default on client versions of Windows
#

---------------  T H R E A D  ---------------

Current thread (0x0000000014d3d800):  JavaThread "C2 CompilerThread0" daemon [_thread_in_native, id=32304, stack(0x0000000016280000,0x0000000016380000)]

Stack: [0x0000000016280000,0x0000000016380000]
[error occurred during error reporting (printing stack bounds), id 0xc0000005]

Native frames: (J=compiled Java code, j=interpreted, Vv=VM code, C=native code)


Current CompileTask:
C2:   1752 1461       4       com.android.dx.cf.code.ValueAwareMachine::run (1142 bytes)


---------------  P R O C E S S  ---------------

Java Threads: ( => current thread )
  0x00000000164f7800 JavaThread "Service Thread" daemon [_thread_blocked, id=32324, stack(0x0000000016980000,0x0000000016a80000)]
  0x0000000014d8e000 JavaThread "C1 CompilerThread2" daemon [_thread_blocked, id=32312, stack(0x0000000016880000,0x0000000016980000)]
  0x0000000014d8a800 JavaThread "C2 CompilerThread1" daemon [_thread_in_native, id=32308, stack(0x0000000016380000,0x0000000016480000)]
=>0x0000000014d3d800 JavaThread "C2 CompilerThread0" daemon [_thread_in_native, id=32304, stack(0x0000000016280000,0x0000000016380000)]
  0x0000000014d3c000 JavaThread "Attach Listener" daemon [_thread_blocked, id=32300, stack(0x0000000016180000,0x0000000016280000)]
  0x0000000014d3b000 JavaThread "Signal Dispatcher" daemon [_thread_blocked, id=32296, stack(0x0000000016080000,0x0000000016180000)]
  0x0000000014d18000 JavaThread "Finalizer" daemon [_thread_blocked, id=32156, stack(0x0000000015f80000,0x0000000016080000)]
  0x0000000002650000 JavaThread "Reference Handler" daemon [_thread_blocked, id=32148, stack(0x0000000015e80000,0x0000000015f80000)]
  0x0000000002560800 JavaThread "main" [_thread_in_Java, id=31976, stack(0x0000000002460000,0x0000000002560000)]

Other Threads:
  0x0000000014cf5800 VMThread [stack: 0x0000000015d80000,0x0000000015e80000] [id=32108]
  0x00000000164fa000 WatcherThread [stack: 0x0000000016a80000,0x0000000016b80000] [id=32328]

VM state:not at safepoint (normal execution)

VM Mutex/Monitor currently owned by a thread: None

Heap:
 PSYoungGen      total 36864K, used 8715K [0x00000000eab00000, 0x00000000ef300000, 0x0000000100000000)
  eden space 31744K, 11% used [0x00000000eab00000,0x00000000eae84e18,0x00000000eca00000)
  from space 5120K, 99% used [0x00000000ecf00000,0x00000000ed3fe038,0x00000000ed400000)
  to   space 5120K, 0% used [0x00000000eca00000,0x00000000eca00000,0x00000000ecf00000)
 ParOldGen       total 84992K, used 5686K [0x00000000c0000000, 0x00000000c5300000, 0x00000000eab00000)
  object space 84992K, 6% used [0x00000000c0000000,0x00000000c058d800,0x00000000c5300000)
 Metaspace       used 6199K, capacity 7088K, committed 7296K, reserved 1056768K
  class space    used 582K, capacity 616K, committed 640K, reserved 1048576K

Card table byte_map: [0x0000000011a20000,0x0000000011c30000] byte_map_base: 0x0000000011420000

Marking Bits: (ParMarkBitMap*) 0x0000000076459d00
 Begin Bits: [0x0000000012190000, 0x0000000013190000)
 End Bits:   [0x0000000013190000, 0x0000000014190000)

Polling page: 0x0000000000810000

CodeCache: size=245760Kb used=6075Kb max_used=6075Kb free=239684Kb
 bounds [0x0000000002660000, 0x0000000002c60000, 0x0000000011660000]
 total_blobs=1796 nmethods=1525 adapters=184
 compilation: enabled

Compilation events (10 events):
Event: 1.745 Thread 0x0000000014d8e000 nmethod 1535 0x0000000002c504d0 code [0x0000000002c50680, 0x0000000002c50b88]
Event: 1.745 Thread 0x0000000014d8e000 1534       1       com.android.dx.rop.code.LocalItem::getSignature (5 bytes)
Event: 1.745 Thread 0x0000000014d8e000 nmethod 1534 0x0000000002c510d0 code [0x0000000002c51220, 0x0000000002c51330]
Event: 1.745 Thread 0x0000000014d8e000 1539       2       com.android.dx.rop.cst.CstMemberRef::hashCode (19 bytes)
Event: 1.746 Thread 0x0000000014d8e000 nmethod 1539 0x0000000002c51390 code [0x0000000002c51520, 0x0000000002c51748]
Event: 1.746 Thread 0x0000000014d8e000 1540       2       com.android.dx.rop.cst.CstNat::hashCode (19 bytes)
Event: 1.746 Thread 0x0000000014d8e000 nmethod 1540 0x0000000002c51a10 code [0x0000000002c51b80, 0x0000000002c51d58]
Event: 1.746 Thread 0x0000000014d8e000 1536       1       com.android.dx.dex.code.LocalStart::getLocal (5 bytes)
Event: 1.746 Thread 0x0000000014d8e000 nmethod 1536 0x0000000002c51ed0 code [0x0000000002c52020, 0x0000000002c52130]
Event: 1.748 Thread 0x0000000014d8e000 1541       2       java.util.HashMap::putVal (300 bytes)

GC Heap History (4 events):
Event: 1.197 GC heap before
{Heap before GC invocations=1 (full 0):
 PSYoungGen      total 36864K, used 31744K [0x00000000eab00000, 0x00000000ed400000, 0x0000000100000000)
  eden space 31744K, 100% used [0x00000000eab00000,0x00000000eca00000,0x00000000eca00000)
  from space 5120K, 0% used [0x00000000ecf00000,0x00000000ecf00000,0x00000000ed400000)
  to   space 5120K, 0% used [0x00000000eca00000,0x00000000eca00000,0x00000000ecf00000)
 ParOldGen       total 84992K, used 0K [0x00000000c0000000, 0x00000000c5300000, 0x00000000eab00000)
  object space 84992K, 0% used [0x00000000c0000000,0x00000000c0000000,0x00000000c5300000)
 Metaspace       used 5970K, capacity 6896K, committed 7040K, reserved 1056768K
  class space    used 576K, capacity 616K, committed 640K, reserved 1048576K
Event: 1.209 GC heap after
Heap after GC invocations=1 (full 0):
 PSYoungGen      total 36864K, used 5106K [0x00000000eab00000, 0x00000000ed400000, 0x0000000100000000)
  eden space 31744K, 0% used [0x00000000eab00000,0x00000000eab00000,0x00000000eca00000)
  from space 5120K, 99% used [0x00000000eca00000,0x00000000ecefcad8,0x00000000ecf00000)
  to   space 5120K, 0% used [0x00000000ecf00000,0x00000000ecf00000,0x00000000ed400000)
 ParOldGen       total 84992K, used 1658K [0x00000000c0000000, 0x00000000c5300000, 0x00000000eab00000)
  object space 84992K, 1% used [0x00000000c0000000,0x00000000c019ea10,0x00000000c5300000)
 Metaspace       used 5970K, capacity 6896K, committed 7040K, reserved 1056768K
  class space    used 576K, capacity 616K, committed 640K, reserved 1048576K
}
Event: 1.675 GC heap before
{Heap before GC invocations=2 (full 0):
 PSYoungGen      total 36864K, used 36850K [0x00000000eab00000, 0x00000000ed400000, 0x0000000100000000)
  eden space 31744K, 100% used [0x00000000eab00000,0x00000000eca00000,0x00000000eca00000)
  from space 5120K, 99% used [0x00000000eca00000,0x00000000ecefcad8,0x00000000ecf00000)
  to   space 5120K, 0% used [0x00000000ecf00000,0x00000000ecf00000,0x00000000ed400000)
 ParOldGen       total 84992K, used 1658K [0x00000000c0000000, 0x00000000c5300000, 0x00000000eab00000)
  object space 84992K, 1% used [0x00000000c0000000,0x00000000c019ea10,0x00000000c5300000)
 Metaspace       used 6138K, capacity 7024K, committed 7296K, reserved 1056768K
  class space    used 577K, capacity 616K, committed 640K, reserved 1048576K
Event: 1.702 GC heap after
Heap after GC invocations=2 (full 0):
 PSYoungGen      total 36864K, used 5112K [0x00000000eab00000, 0x00000000ef300000, 0x0000000100000000)
  eden space 31744K, 0% used [0x00000000eab00000,0x00000000eab00000,0x00000000eca00000)
  from space 5120K, 99% used [0x00000000ecf00000,0x00000000ed3fe038,0x00000000ed400000)
  to   space 5120K, 0% used [0x00000000eca00000,0x00000000eca00000,0x00000000ecf00000)
 ParOldGen       total 84992K, used 5686K [0x00000000c0000000, 0x00000000c5300000, 0x00000000eab00000)
  object space 84992K, 6% used [0x00000000c0000000,0x00000000c058d800,0x00000000c5300000)
 Metaspace       used 6138K, capacity 7024K, committed 7296K, reserved 1056768K
  class space    used 577K, capacity 616K, committed 640K, reserved 1048576K
}

Deoptimization events (10 events):
Event: 1.733 Thread 0x0000000002560800 Uncommon trap: reason=class_check action=maybe_recompile pc=0x0000000002c0cf48 method=java.util.Arrays.hashCode([Ljava/lang/Object;)I @ 43
Event: 1.733 Thread 0x0000000002560800 Uncommon trap: reason=class_check action=maybe_recompile pc=0x0000000002c0cf48 method=java.util.Arrays.hashCode([Ljava/lang/Object;)I @ 43
Event: 1.734 Thread 0x0000000002560800 Uncommon trap: reason=class_check action=maybe_recompile pc=0x0000000002c0c2b4 method=java.util.Arrays.hashCode([Ljava/lang/Object;)I @ 43
Event: 1.741 Thread 0x0000000002560800 Uncommon trap: reason=bimorphic action=maybe_recompile pc=0x00000000028d2e24 method=java.util.HashMap.getNode(ILjava/lang/Object;)Ljava/util/HashMap$Node; @ 126
Event: 1.741 Thread 0x0000000002560800 Uncommon trap: reason=bimorphic action=maybe_recompile pc=0x00000000028d2e24 method=java.util.HashMap.getNode(ILjava/lang/Object;)Ljava/util/HashMap$Node; @ 126
Event: 1.741 Thread 0x0000000002560800 Uncommon trap: reason=bimorphic action=maybe_recompile pc=0x00000000028d2e24 method=java.util.HashMap.getNode(ILjava/lang/Object;)Ljava/util/HashMap$Node; @ 126
Event: 1.741 Thread 0x0000000002560800 Uncommon trap: reason=class_check action=maybe_recompile pc=0x0000000002b0a560 method=java.util.HashMap.putVal(ILjava/lang/Object;Ljava/lang/Object;ZZ)Ljava/lang/Object; @ 203
Event: 1.742 Thread 0x0000000002560800 Uncommon trap: reason=class_check action=maybe_recompile pc=0x0000000002b0a560 method=java.util.HashMap.putVal(ILjava/lang/Object;Ljava/lang/Object;ZZ)Ljava/lang/Object; @ 203
Event: 1.742 Thread 0x0000000002560800 Uncommon trap: reason=class_check action=maybe_recompile pc=0x0000000002b0a560 method=java.util.HashMap.putVal(ILjava/lang/Object;Ljava/lang/Object;ZZ)Ljava/lang/Object; @ 203
Event: 1.748 Thread 0x0000000002560800 Uncommon trap: reason=class_check action=maybe_recompile pc=0x0000000002b0a560 method=java.util.HashMap.putVal(ILjava/lang/Object;Ljava/lang/Object;ZZ)Ljava/lang/Object; @ 203

Internal exceptions (3 events):
Event: 0.062 Thread 0x0000000002560800 Exception <a 'java/lang/NoSuchMethodError': Method sun.misc.Unsafe.defineClass(Ljava/lang/String;[BII)Ljava/lang/Class; name or signature does not match> (0x00000000eab07cc0) thrown at [C:\src\android\AOSP-openjdk\external\jetbrains\jdk\hotspot\src\share\vˆ]ùøØ?
Event: 0.062 Thread 0x0000000002560800 Exception <a 'java/lang/NoSuchMethodError': Method sun.misc.Unsafe.prefetchRead(Ljava/lang/Object;J)V name or signature does not match> (0x00000000eab07fa8) thrown at [C:\src\android\AOSP-openjdk\external\jetbrains\jdk\hotspot\src\share\vm\prims\jni.cpp, ln_ ‚kÏ?
Event: 0.877 Thread 0x0000000016701800 Implicit null exception at 0x0000000002938554 to 0x000000000293aab9

Events (10 events):
Event: 1.742 Thread 0x0000000002560800 DEOPT PACKING pc=0x0000000002b0a560 sp=0x000000000255f0c0
Event: 1.742 Thread 0x0000000002560800 DEOPT UNPACKING pc=0x00000000026a556a sp=0x000000000255f048 mode 2
Event: 1.742 Thread 0x0000000002560800 Uncommon trap: trap_request=0xffffffde fr.pc=0x0000000002b0a560
Event: 1.742 Thread 0x0000000002560800 DEOPT PACKING pc=0x0000000002b0a560 sp=0x000000000255f0c0
Event: 1.742 Thread 0x0000000002560800 DEOPT UNPACKING pc=0x00000000026a556a sp=0x000000000255f048 mode 2
Event: 1.745 loading class com/android/dx/dex/file/CatchStructs
Event: 1.745 loading class com/android/dx/dex/file/CatchStructs done
Event: 1.748 Thread 0x0000000002560800 Uncommon trap: trap_request=0xffffffde fr.pc=0x0000000002b0a560
Event: 1.748 Thread 0x0000000002560800 DEOPT PACKING pc=0x0000000002b0a560 sp=0x000000000255ef30
Event: 1.748 Thread 0x0000000002560800 DEOPT UNPACKING pc=0x00000000026a556a sp=0x000000000255eeb8 mode 2


Dynamic libraries:
0x00007ff6beda0000 - 0x00007ff6bedd5000 	E:\Android\android-studio-ide-145.2915834-windows\jre\bin\java.exe
0x00007ffc71010000 - 0x00007ffc711d1000 	C:\Windows\SYSTEM32\ntdll.dll
0x00007ffc70e50000 - 0x00007ffc70efd000 	C:\Windows\system32\KERNEL32.DLL
0x00007ffc6da90000 - 0x00007ffc6dc78000 	C:\Windows\system32\KERNELBASE.dll
0x00007ffc6eb70000 - 0x00007ffc6ec17000 	C:\Windows\system32\ADVAPI32.dll
0x00007ffc70f00000 - 0x00007ffc70f9d000 	C:\Windows\system32\msvcrt.dll
0x00007ffc6eb10000 - 0x00007ffc6eb6b000 	C:\Windows\system32\sechost.dll
0x00007ffc6ec80000 - 0x00007ffc6ed9c000 	C:\Windows\system32\RPCRT4.dll
0x00007ffc6f0f0000 - 0x00007ffc6f246000 	C:\Windows\system32\USER32.dll
0x00007ffc70960000 - 0x00007ffc70ae6000 	C:\Windows\system32\GDI32.dll
0x00007ffc5ff30000 - 0x00007ffc601a4000 	C:\Windows\WinSxS\amd64_microsoft.windows.common-controls_6595b64144ccf1df_6.0.10586.0_none_8c15ae12515e1c22\COMCTL32.dll
0x00007ffc6eda0000 - 0x00007ffc6f01d000 	C:\Windows\system32\combase.dll
0x00007ffc6d9a0000 - 0x00007ffc6da0a000 	C:\Windows\system32\bcryptPrimitives.dll
0x00007ffc6ec20000 - 0x00007ffc6ec5b000 	C:\Windows\system32\IMM32.DLL
0x0000000075bc0000 - 0x0000000075c92000 	E:\Android\android-studio-ide-145.2915834-windows\jre\jre\bin\msvcr100.dll
0x0000000075ca0000 - 0x00000000764d4000 	E:\Android\android-studio-ide-145.2915834-windows\jre\jre\bin\server\jvm.dll
0x00007ffc70c70000 - 0x00007ffc70c78000 	C:\Windows\system32\PSAPI.DLL
0x00007ffc6bbe0000 - 0x00007ffc6bbe9000 	C:\Windows\SYSTEM32\WSOCK32.dll
0x00007ffc70af0000 - 0x00007ffc70b5b000 	C:\Windows\system32\WS2_32.dll
0x00007ffc6b5f0000 - 0x00007ffc6b613000 	C:\Windows\SYSTEM32\WINMM.dll
0x00007ffc62e40000 - 0x00007ffc62e4a000 	C:\Windows\SYSTEM32\VERSION.dll
0x00007ffc6b590000 - 0x00007ffc6b5bc000 	C:\Windows\SYSTEM32\WINMMBASE.dll
0x00007ffc6d780000 - 0x00007ffc6d7c3000 	C:\Windows\system32\cfgmgr32.dll
0x00007ffc6bbd0000 - 0x00007ffc6bbdf000 	E:\Android\android-studio-ide-145.2915834-windows\jre\jre\bin\verify.dll
0x00007ffc68150000 - 0x00007ffc68179000 	E:\Android\android-studio-ide-145.2915834-windows\jre\jre\bin\java.dll
0x00007ffc6ad40000 - 0x00007ffc6ad56000 	E:\Android\android-studio-ide-145.2915834-windows\jre\jre\bin\zip.dll
0x00007ffc6f400000 - 0x00007ffc7095c000 	C:\Windows\system32\SHELL32.dll
0x00007ffc6ddc0000 - 0x00007ffc6e405000 	C:\Windows\system32\windows.storage.dll
0x00007ffc70c80000 - 0x00007ffc70cd2000 	C:\Windows\system32\shlwapi.dll
0x00007ffc6d660000 - 0x00007ffc6d66f000 	C:\Windows\system32\kernel.appcore.dll
0x00007ffc6d6c0000 - 0x00007ffc6d775000 	C:\Windows\system32\shcore.dll
0x00007ffc6d670000 - 0x00007ffc6d6bb000 	C:\Windows\system32\powrprof.dll
0x00007ffc6d630000 - 0x00007ffc6d644000 	C:\Windows\system32\profapi.dll

VM Arguments:
jvm_args: -Djava.awt.headless=true -Xmx1024M -Dfile.encoding=GBK -Duser.country=CN -Duser.language=zh -Duser.variant 
java_command: com.android.dx.command.Main --dex --num-threads=4 --output E:\Teapopo\app\build\intermediates\pre-dexed\debug\picasso-2.5.2_1d027ac49ff492889decfd629f6d3d6ea91703f5.jar C:\Users\lhq\.gradle\caches\modules-2\files-2.1\com.squareup.picasso\picasso\2.5.2\7446d06ec8d4f7ffcc53f1da37c95f200dcb9387\picasso-2.5.2.jar
java_class_path (initial): C:\Users\lhq\AppData\Local\Android\sdk\build-tools\23.0.3\lib\dx.jar
Launcher Type: SUN_STANDARD

Environment Variables:
JAVA_HOME=C:\Program Files\Java\jdk1.8.0_91
PATH=C:\ProgramData\Oracle\Java\javapath;C:\Windows\system32;C:\Windows;C:\Windows\System32\Wbem;C:\Windows\System32\WindowsPowerShell\v1.0\;C:\Users\lhq\AppData\Local\Android\sdk\platform-tools;C:\Users\lhq\AppData\Local\Android\sdk\tools;C:\Program Files\Java\jdk1.8.0_91\bin;C:\Program Files\Java\jdk1.8.0_91\jre\bin
USERNAME=lhq
OS=Windows_NT
PROCESSOR_IDENTIFIER=Intel64 Family 6 Model 69 Stepping 1, GenuineIntel



---------------  S Y S T E M  ---------------

OS: Windows 10.0 , 64 bit Build 10586 (10.0.10586.0)

CPU:total 4 (2 cores per cpu, 2 threads per core) family 6 model 69 stepping 1, cmov, cx8, fxsr, mmx, sse, sse2, sse3, ssse3, sse4.1, sse4.2, popcnt, avx, avx2, aes, clmul, erms, lzcnt, ht, tsc, tscinvbit, bmi1, bmi2

Memory: 4k page, physical 8067548k(1124528k free), swap 8067548k(5268k free)

vm_info: OpenJDK 64-Bit Server VM (25.76-b01) for windows-amd64 JRE (1.8.0_76-release-b01), built on May 12 2016 23:29:00 by "ralucas" with MS VC++ 10.0 (VS2010)

time: Mon Jul 04 09:53:38 2016
elapsed time: 1 seconds (0d 0h 0m 1s)

