#
# A fatal error has been detected by the Java Runtime Environment:
#
#  EXCEPTION_ACCESS_VIOLATION (0xc0000005) at pc=0x000000005eecaeb7, pid=102304, tid=0x0000000000016254
#
# JRE version: OpenJDK Runtime Environment (8.0_76-b01) (build 1.8.0_76-release-b01)
# Java VM: OpenJDK 64-Bit Server VM (25.76-b01 mixed mode windows-amd64 compressed oops)
# Problematic frame:
# V  [jvm.dll+0x1eaeb7]
#
# Failed to write core dump. Minidumps are not enabled by default on client versions of Windows
#
# If you would like to submit a bug report, please visit:
#   http://bugreport.java.com/bugreport/crash.jsp
#

---------------  T H R E A D  ---------------

Current thread (0x00000000165c2000):  JavaThread "pool-1-thread-3" [_thread_in_vm, id=90708, stack(0x0000000016dc0000,0x0000000016ec0000)]

siginfo: ExceptionCode=0xc0000005, writing address 0x0000000016eb9360

Registers:
RAX=0x0000000016eb9360, RBX=0x0000000000000007, RCX=0x0000000000006000, RDX=0x0000000000000006
RSP=0x0000000016ebf360, RBP=0x0000000000000000, RSI=0x0000000016ebf360, RDI=0x0000000000000007
R8 =0x0000000000000006, R9 =0x00000000165b67d0, R10=0x00000000142fd900, R11=0x0000000016dca148
R12=0x00000000165b67d0, R13=0x00000000165c2000, R14=0x0000000016ebf428, R15=0x00000000142fd900
RIP=0x000000005eecaeb7, EFLAGS=0x0000000000010206

Top of Stack: (sp=0x0000000016ebf360)
0x0000000016ebf360:   0000000000000000 0000000000000000
0x0000000016ebf370:   00000000165c2000 00000000165b67d0
0x0000000016ebf380:   00000000ffffffff 000000005eecbde7
0x0000000016ebf390:   0000000016ebf490 00000000142fd900
0x0000000016ebf3a0:   00000000165c2000 000000005ed7aa53
0x0000000016ebf3b0:   0000000016ebf3f0 00000000165c2000
0x0000000016ebf3c0:   0000000016ebf480 00000000165c2000
0x0000000016ebf3d0:   00000000142fd900 00000000165c2000
0x0000000016ebf3e0:   00000000025b0e20 00000000165c2000
0x0000000016ebf3f0:   00000000142fd900 00000000165c2000
0x0000000016ebf400:   00000000142fd900 00000000165c2000
0x0000000016ebf410:   0000000000000001 00000000142fd900
0x0000000016ebf420:   00000000165c2000 000000001642ca90
0x0000000016ebf430:   00000000165c2000 000000005ed7bf3d
0x0000000016ebf440:   0000000016ebf748 00000001000066b0
0x0000000016ebf450:   00000001000066b0 0000000000000000 

Instructions: (pc=0x000000005eecaeb7)
0x000000005eecae97:   48 89 6c 24 30 33 ed 66 90 e8 4b b8 07 00 ff c3
0x000000005eecaea7:   48 63 c8 48 8b c6 48 0f af cf 48 ff c7 48 2b c1
0x000000005eecaeb7:   89 28 48 63 c3 48 3b 05 cd d6 56 00 7e db 48 8b
0x000000005eecaec7:   6c 24 30 48 8b 5c 24 38 48 8b 74 24 40 48 83 c4 


Register to memory mapping:

RAX=0x0000000016eb9360 is pointing into the stack for thread: 0x00000000165c2000
RBX=0x0000000000000007 is an unknown value
RCX=0x0000000000006000 is an unknown value
RDX=0x0000000000000006 is an unknown value
RSP=0x0000000016ebf360 is pointing into the stack for thread: 0x00000000165c2000
RBP=0x0000000000000000 is an unknown value
RSI=0x0000000016ebf360 is pointing into the stack for thread: 0x00000000165c2000
RDI=0x0000000000000007 is an unknown value
R8 =0x0000000000000006 is an unknown value
R9 =0x00000000165b67d0 is an unknown value
R10={method} {0x00000000142fd908} 'run' '()V' in 'java/lang/Thread'
R11=0x0000000016dca148 is pointing into the stack for thread: 0x00000000165c2000
R12=0x00000000165b67d0 is an unknown value
R13=0x00000000165c2000 is a thread
R14=0x0000000016ebf428 is pointing into the stack for thread: 0x00000000165c2000
R15={method} {0x00000000142fd908} 'run' '()V' in 'java/lang/Thread'


Stack: [0x0000000016dc0000,0x0000000016ec0000],  sp=0x0000000016ebf360,  free space=1020k
Native frames: (J=compiled Java code, j=interpreted, Vv=VM code, C=native code)


---------------  P R O C E S S  ---------------

Java Threads: ( => current thread )
  0x00000000165c2800 JavaThread "pool-1-thread-4" [_thread_blocked, id=83748, stack(0x0000000016ec0000,0x0000000016fc0000)]
=>0x00000000165c2000 JavaThread "pool-1-thread-3" [_thread_in_vm, id=90708, stack(0x0000000016dc0000,0x0000000016ec0000)]
  0x00000000165c0800 JavaThread "pool-1-thread-2" [_thread_blocked, id=93640, stack(0x0000000016cc0000,0x0000000016dc0000)]
  0x00000000165bd800 JavaThread "pool-2-thread-1" [_thread_blocked, id=100928, stack(0x0000000016bc0000,0x0000000016cc0000)]
  0x00000000165bd000 JavaThread "pool-1-thread-1" [_thread_in_vm, id=101832, stack(0x0000000016ac0000,0x0000000016bc0000)]
  0x000000001641e000 JavaThread "Service Thread" daemon [_thread_blocked, id=102388, stack(0x00000000168c0000,0x00000000169c0000)]
  0x000000001641a000 JavaThread "C1 CompilerThread2" daemon [_thread_blocked, id=101536, stack(0x00000000167c0000,0x00000000168c0000)]
  0x0000000014cca000 JavaThread "C2 CompilerThread1" daemon [_thread_blocked, id=101024, stack(0x00000000162c0000,0x00000000163c0000)]
  0x0000000014c7e000 JavaThread "C2 CompilerThread0" daemon [_thread_blocked, id=96788, stack(0x00000000161c0000,0x00000000162c0000)]
  0x0000000014c7d000 JavaThread "Attach Listener" daemon [_thread_blocked, id=100308, stack(0x00000000160c0000,0x00000000161c0000)]
  0x0000000014c7c000 JavaThread "Signal Dispatcher" daemon [_thread_blocked, id=91812, stack(0x0000000015fc0000,0x00000000160c0000)]
  0x0000000014c58800 JavaThread "Finalizer" daemon [_thread_blocked, id=72112, stack(0x0000000015ec0000,0x0000000015fc0000)]
  0x0000000002590000 JavaThread "Reference Handler" daemon [_thread_blocked, id=96708, stack(0x0000000015dc0000,0x0000000015ec0000)]
  0x00000000024a0800 JavaThread "main" [_thread_blocked, id=100548, stack(0x00000000023a0000,0x00000000024a0000)]

Other Threads:
  0x0000000014c35800 VMThread [stack: 0x0000000015cc0000,0x0000000015dc0000] [id=102364]
  0x0000000016420800 WatcherThread [stack: 0x00000000169c0000,0x0000000016ac0000] [id=101236]

VM state:not at safepoint (normal execution)

VM Mutex/Monitor currently owned by a thread: None

Heap:
 PSYoungGen      total 36864K, used 11465K [0x00000000eab00000, 0x00000000ed400000, 0x0000000100000000)
  eden space 31744K, 36% used [0x00000000eab00000,0x00000000eb6325b0,0x00000000eca00000)
  from space 5120K, 0% used [0x00000000ecf00000,0x00000000ecf00000,0x00000000ed400000)
  to   space 5120K, 0% used [0x00000000eca00000,0x00000000eca00000,0x00000000ecf00000)
 ParOldGen       total 84992K, used 0K [0x00000000c0000000, 0x00000000c5300000, 0x00000000eab00000)
  object space 84992K, 0% used [0x00000000c0000000,0x00000000c0000000,0x00000000c5300000)
 Metaspace       used 5243K, capacity 6224K, committed 6528K, reserved 1056768K
  class space    used 559K, capacity 584K, committed 640K, reserved 1048576K

Card table byte_map: [0x0000000011960000,0x0000000011b70000] byte_map_base: 0x0000000011360000

Marking Bits: (ParMarkBitMap*) 0x000000005f499d00
 Begin Bits: [0x00000000120d0000, 0x00000000130d0000)
 End Bits:   [0x00000000130d0000, 0x00000000140d0000)

Polling page: 0x0000000000810000

CodeCache: size=245760Kb used=1963Kb max_used=1963Kb free=243796Kb
 bounds [0x00000000025a0000, 0x0000000002810000, 0x00000000115a0000]
 total_blobs=681 nmethods=412 adapters=183
 compilation: enabled

Compilation events (10 events):
Event: 2.356 Thread 0x0000000014c7e000  402       4       java.util.Arrays::copyOfRange (63 bytes)
Event: 2.359 Thread 0x000000001641a000  403       3       java.lang.ClassNotFoundException::<init> (7 bytes)
Event: 2.359 Thread 0x000000001641a000 nmethod 403 0x0000000002783fd0 code [0x0000000002784140, 0x0000000002784388]
Event: 2.359 Thread 0x0000000014c7e000 nmethod 402 0x0000000002783b10 code [0x0000000002783c60, 0x0000000002783e78]
Event: 2.363 Thread 0x000000001641a000  404       3       java.net.URLClassLoader::defineClass (142 bytes)
Event: 2.365 Thread 0x000000001641a000 nmethod 404 0x0000000002788e50 code [0x00000000027891c0, 0x000000000278b498]
Event: 2.365 Thread 0x000000001641a000  405       3       java.util.jar.JarFile::getManifest (5 bytes)
Event: 2.365 Thread 0x000000001641a000 nmethod 405 0x0000000002783790 code [0x0000000002783900, 0x0000000002783a88]
Event: 2.413 Thread 0x000000001641a000  406       3       java.util.jar.JarFile::getManifestFromReference (113 bytes)
Event: 2.415 Thread 0x000000001641a000 nmethod 406 0x0000000002786710 code [0x0000000002786a40, 0x0000000002788098]

GC Heap History (0 events):
No events

Deoptimization events (1 events):
Event: 1.467 Thread 0x00000000024a0800 Uncommon trap: reason=unstable_if action=reinterpret pc=0x00000000026f3c90 method=java.lang.String.indexOf(II)I @ 49

Internal exceptions (2 events):
Event: 0.444 Thread 0x00000000024a0800 Exception <a 'java/lang/NoSuchMethodError': Method sun.misc.Unsafe.defineClass(Ljava/lang/String;[BII)Ljava/lang/Class; name or signature does not match> (0x00000000eab07cc0) thrown at [C:\src\android\AOSP-openjdk\external\jetbrains\jdk\hotspot\src\share\vdbﬂÄ]m‹?
Event: 0.444 Thread 0x00000000024a0800 Exception <a 'java/lang/NoSuchMethodError': Method sun.misc.Unsafe.prefetchRead(Ljava/lang/Object;J)V name or signature does not match> (0x00000000eab07fa8) thrown at [C:\src\android\AOSP-openjdk\external\jetbrains\jdk\hotspot\src\share\vm\prims\jni.cpp, l

Events (10 events):
Event: 2.360 loading class com/android/dx/dex/code/form/Form31c
Event: 2.360 loading class com/android/dx/dex/code/form/Form31c done
Event: 2.361 loading class com/android/dx/dex/code/form/Form22c
Event: 2.361 loading class com/android/dx/dex/code/form/Form22c done
Event: 2.362 loading class com/android/dx/dex/code/form/Form35c
Event: 2.362 loading class com/android/dx/dex/code/form/Form35c done
Event: 2.362 loading class com/android/dx/dex/code/form/Form3rc
Event: 2.362 loading class com/android/dx/dex/code/form/Form3rc done
Event: 2.363 loading class com/android/dx/dex/code/form/Form31t
Event: 2.363 loading class com/android/dx/dex/code/form/Form31t done


Dynamic libraries:
0x00007ff6a3010000 - 0x00007ff6a3045000 	E:\Android\android-studio-ide-145.2915834-windows\jre\bin\java.exe
0x00007ffecf410000 - 0x00007ffecf5d1000 	C:\Windows\SYSTEM32\ntdll.dll
0x00007ffecef70000 - 0x00007ffecf01d000 	C:\Windows\system32\KERNEL32.DLL
0x00007ffecc330000 - 0x00007ffecc518000 	C:\Windows\system32\KERNELBASE.dll
0x00007ffecc9e0000 - 0x00007ffecca87000 	C:\Windows\system32\ADVAPI32.dll
0x00007ffece4c0000 - 0x00007ffece55d000 	C:\Windows\system32\msvcrt.dll
0x00007ffeccd10000 - 0x00007ffeccd6b000 	C:\Windows\system32\sechost.dll
0x00007ffece730000 - 0x00007ffece84c000 	C:\Windows\system32\RPCRT4.dll
0x00007ffece920000 - 0x00007ffecea76000 	C:\Windows\system32\USER32.dll
0x00007ffeccd90000 - 0x00007ffeccf16000 	C:\Windows\system32\GDI32.dll
0x00007ffebe600000 - 0x00007ffebe874000 	C:\Windows\WinSxS\amd64_microsoft.windows.common-controls_6595b64144ccf1df_6.0.10586.0_none_8c15ae12515e1c22\COMCTL32.dll
0x00007ffecca90000 - 0x00007ffeccd0d000 	C:\Windows\system32\combase.dll
0x00007ffecc520000 - 0x00007ffecc58a000 	C:\Windows\system32\bcryptPrimitives.dll
0x00007ffeccf20000 - 0x00007ffeccf5b000 	C:\Windows\system32\IMM32.DLL
0x00000000600f0000 - 0x00000000601c2000 	E:\Android\android-studio-ide-145.2915834-windows\jre\jre\bin\msvcr100.dll
0x000000005ece0000 - 0x000000005f514000 	E:\Android\android-studio-ide-145.2915834-windows\jre\jre\bin\server\jvm.dll
0x00007ffecf1d0000 - 0x00007ffecf1d8000 	C:\Windows\system32\PSAPI.DLL
0x00007ffec9c20000 - 0x00007ffec9c29000 	C:\Windows\SYSTEM32\WSOCK32.dll
0x00007ffece560000 - 0x00007ffece5cb000 	C:\Windows\system32\WS2_32.dll
0x00007ffec9d40000 - 0x00007ffec9d63000 	C:\Windows\SYSTEM32\WINMM.dll
0x00007ffec1700000 - 0x00007ffec170a000 	C:\Windows\SYSTEM32\VERSION.dll
0x00007ffec9bf0000 - 0x00007ffec9c1c000 	C:\Windows\SYSTEM32\WINMMBASE.dll
0x00007ffecbbd0000 - 0x00007ffecbc13000 	C:\Windows\system32\cfgmgr32.dll
0x00007ffec8ed0000 - 0x00007ffec8edf000 	E:\Android\android-studio-ide-145.2915834-windows\jre\jre\bin\verify.dll
0x00007ffec8d20000 - 0x00007ffec8d49000 	E:\Android\android-studio-ide-145.2915834-windows\jre\jre\bin\java.dll
0x00007ffec8d00000 - 0x00007ffec8d16000 	E:\Android\android-studio-ide-145.2915834-windows\jre\jre\bin\zip.dll
0x00007ffeccf60000 - 0x00007ffece4bc000 	C:\Windows\system32\SHELL32.dll
0x00007ffecbce0000 - 0x00007ffecc325000 	C:\Windows\system32\windows.storage.dll
0x00007ffecea80000 - 0x00007ffecead2000 	C:\Windows\system32\shlwapi.dll
0x00007ffecba90000 - 0x00007ffecba9f000 	C:\Windows\system32\kernel.appcore.dll
0x00007ffecbc20000 - 0x00007ffecbcd5000 	C:\Windows\system32\shcore.dll
0x00007ffecba30000 - 0x00007ffecba7b000 	C:\Windows\system32\powrprof.dll
0x00007ffecbaa0000 - 0x00007ffecbab4000 	C:\Windows\system32\profapi.dll

VM Arguments:
jvm_args: -Djava.awt.headless=true -Xmx1024M -Dfile.encoding=GBK -Duser.country=CN -Duser.language=zh -Duser.variant 
java_command: com.android.dx.command.Main --dex --num-threads=4 --output E:\Teapopo\app\build\intermediates\pre-dexed\debug\library-2.4.0_5cc62dc586a02d49b3e8d5d0485f29cee3c3d2bb.jar C:\Users\lhq\.gradle\caches\modules-2\files-2.1\com.nineoldandroids\library\2.4.0\e9b63380f3a242dbdbf103a2355ad7e43bad17cb\library-2.4.0.jar
java_class_path (initial): C:\Users\lhq\AppData\Local\Android\sdk\build-tools\23.0.3\lib\dx.jar
Launcher Type: SUN_STANDARD

Environment Variables:
JAVA_HOME=C:\Program Files\Java\jdk1.8.0_91
PATH=C:\ProgramData\Oracle\Java\javapath;C:\Windows\system32;C:\Windows;C:\Windows\System32\Wbem;C:\Windows\System32\WindowsPowerShell\v1.0\;C:\Users\lhq\AppData\Local\Android\sdk\platform-tools;C:\Users\lhq\AppData\Local\Android\sdk\tools;C:\Program Files\Java\jdk1.8.0_91\bin;C:\Program Files\Java\jdk1.8.0_91\jre\bin
USERNAME=lhq
OS=Windows_NT
PROCESSOR_IDENTIFIER=Intel64 Family 6 Model 69 Stepping 1, GenuineIntel



---------------  S Y S T E M  ---------------

OS: Windows 10.0 , 64 bit Build 10586 (10.0.10586.0)

CPU:total 4 (2 cores per cpu, 2 threads per core) family 6 model 69 stepping 1, cmov, cx8, fxsr, mmx, sse, sse2, sse3, ssse3, sse4.1, sse4.2, popcnt, avx, avx2, aes, clmul, erms, lzcnt, ht, tsc, tscinvbit, bmi1, bmi2

Memory: 4k page, physical 8067548k(1125640k free), swap 8067548k(66620k free)

vm_info: OpenJDK 64-Bit Server VM (25.76-b01) for windows-amd64 JRE (1.8.0_76-release-b01), built on May 12 2016 23:29:00 by "ralucas" with MS VC++ 10.0 (VS2010)

time: Thu Jul 07 11:07:04 2016
elapsed time: 2 seconds (0d 0h 0m 2s)

