#
# There is insufficient memory for the Java Runtime Environment to continue.
# Native memory allocation (malloc) failed to allocate 32744 bytes for ChunkPool::allocate
# Possible reasons:
#   The system is out of physical RAM or swap space
#   In 32 bit mode, the process size limit was hit
# Possible solutions:
#   Reduce memory load on the system
#   Increase physical memory or swap space
#   Check if swap backing store is full
#   Use 64 bit Java on a 64 bit OS
#   Decrease Java heap size (-Xmx/-Xms)
#   Decrease number of Java threads
#   Decrease Java thread stack sizes (-Xss)
#   Set larger code cache with -XX:ReservedCodeCacheSize=
# This output file may be truncated or incomplete.
#
#  Out of Memory Error (allocation.cpp:273), pid=56328, tid=0x000000000000e150
#
# JRE version: OpenJDK Runtime Environment (8.0_76-b01) (build 1.8.0_76-release-b01)
# Java VM: OpenJDK 64-Bit Server VM (25.76-b01 mixed mode windows-amd64 compressed oops)
# Failed to write core dump. Minidumps are not enabled by default on client versions of Windows
#

---------------  T H R E A D  ---------------

Current thread (0x0000000014c4e000):  JavaThread "C2 CompilerThread1" daemon [_thread_in_native, id=57680, stack(0x00000000166a0000,0x00000000167a0000)]

Stack: [0x00000000166a0000,0x00000000167a0000]
[error occurred during error reporting (printing stack bounds), id 0xc0000005]

Native frames: (J=compiled Java code, j=interpreted, Vv=VM code, C=native code)


Current CompileTask:
C2:   1880 1221       4       com.android.dx.ssa.SsaBasicBlock::forEachInsn (37 bytes)


---------------  P R O C E S S  ---------------

Java Threads: ( => current thread )
  0x0000000016468000 JavaThread "pool-1-thread-4" [_thread_in_Java, id=58060, stack(0x0000000016ea0000,0x0000000016fa0000)]
  0x000000001645f800 JavaThread "pool-2-thread-1" [_thread_blocked, id=57948, stack(0x0000000016ba0000,0x0000000016ca0000)]
  0x000000001631a800 JavaThread "Service Thread" daemon [_thread_blocked, id=57732, stack(0x00000000168a0000,0x00000000169a0000)]
  0x00000000162f0000 JavaThread "C1 CompilerThread2" daemon [_thread_blocked, id=57628, stack(0x00000000167a0000,0x00000000168a0000)]
=>0x0000000014c4e000 JavaThread "C2 CompilerThread1" daemon [_thread_in_native, id=57680, stack(0x00000000166a0000,0x00000000167a0000)]
  0x0000000014c47000 JavaThread "C2 CompilerThread0" daemon [_thread_in_native, id=57576, stack(0x00000000161a0000,0x00000000162a0000)]
  0x0000000014bfc800 JavaThread "Attach Listener" daemon [_thread_blocked, id=57580, stack(0x00000000160a0000,0x00000000161a0000)]
  0x0000000014bfb000 JavaThread "Signal Dispatcher" daemon [_thread_blocked, id=57584, stack(0x0000000015fa0000,0x00000000160a0000)]
  0x0000000014bd8800 JavaThread "Finalizer" daemon [_thread_blocked, id=54328, stack(0x0000000015e40000,0x0000000015f40000)]
  0x0000000002510000 JavaThread "Reference Handler" daemon [_thread_blocked, id=57368, stack(0x0000000015d40000,0x0000000015e40000)]
  0x0000000002420800 JavaThread "main" [_thread_blocked, id=54716, stack(0x0000000001fd0000,0x00000000020d0000)]

Other Threads:
  0x0000000014bb5800 VMThread [stack: 0x0000000015c40000,0x0000000015d40000] [id=56420]
  0x000000001631c800 WatcherThread [stack: 0x00000000169a0000,0x0000000016aa0000] [id=57728]

VM state:not at safepoint (normal execution)

VM Mutex/Monitor currently owned by a thread: None

Heap:
 PSYoungGen      total 36864K, used 10232K [0x00000000eab00000, 0x00000000ef300000, 0x0000000100000000)
  eden space 31744K, 16% used [0x00000000eab00000,0x00000000eb005b10,0x00000000eca00000)
  from space 5120K, 99% used [0x00000000eca00000,0x00000000ecef8530,0x00000000ecf00000)
  to   space 5120K, 0% used [0x00000000eee00000,0x00000000eee00000,0x00000000ef300000)
 ParOldGen       total 84992K, used 1218K [0x00000000c0000000, 0x00000000c5300000, 0x00000000eab00000)
  object space 84992K, 1% used [0x00000000c0000000,0x00000000c0130850,0x00000000c5300000)
 Metaspace       used 5994K, capacity 6960K, committed 7040K, reserved 1056768K
  class space    used 577K, capacity 616K, committed 640K, reserved 1048576K

Card table byte_map: [0x00000000118e0000,0x0000000011af0000] byte_map_base: 0x00000000112e0000

Marking Bits: (ParMarkBitMap*) 0x000000005f499d00
 Begin Bits: [0x0000000012050000, 0x0000000013050000)
 End Bits:   [0x0000000013050000, 0x0000000014050000)

Polling page: 0x0000000000520000

CodeCache: size=245760Kb used=5077Kb max_used=5077Kb free=240682Kb
 bounds [0x0000000002520000, 0x0000000002a20000, 0x0000000011520000]
 total_blobs=1523 nmethods=1253 adapters=184
 compilation: enabled

Compilation events (10 events):
Event: 1.862 Thread 0x00000000162f0000 1259       3       com.android.dx.rop.type.Type::getComponentType (70 bytes)
Event: 1.863 Thread 0x00000000162f0000 nmethod 1259 0x0000000002a15790 code [0x0000000002a159a0, 0x0000000002a164c8]
Event: 1.863 Thread 0x00000000162f0000 1257       3       com.android.dx.rop.type.Type::isReference (15 bytes)
Event: 1.864 Thread 0x00000000162f0000 nmethod 1257 0x0000000002a16990 code [0x0000000002a16ae0, 0x0000000002a16c90]
Event: 1.864 Thread 0x00000000162f0000 1258       3       java.lang.Character::forDigit (42 bytes)
Event: 1.864 Thread 0x00000000162f0000 nmethod 1258 0x0000000002a16d10 code [0x0000000002a16e80, 0x0000000002a17110]
Event: 1.864 Thread 0x00000000162f0000 1260       3       com.android.dx.cf.code.Simulator$SimVisitor::visitBranch (341 bytes)
Event: 1.865 Thread 0x00000000162f0000 nmethod 1260 0x0000000002a17190 code [0x0000000002a17420, 0x0000000002a18508]
Event: 1.868 Thread 0x00000000162f0000 1261       3       com.android.dx.cf.code.Frame::mergeWith (80 bytes)
Event: 1.869 Thread 0x00000000162f0000 nmethod 1261 0x0000000002a18e10 code [0x0000000002a19040, 0x0000000002a1a028]

GC Heap History (2 events):
Event: 1.785 GC heap before
{Heap before GC invocations=1 (full 0):
 PSYoungGen      total 36864K, used 31744K [0x00000000eab00000, 0x00000000ed400000, 0x0000000100000000)
  eden space 31744K, 100% used [0x00000000eab00000,0x00000000eca00000,0x00000000eca00000)
  from space 5120K, 0% used [0x00000000ecf00000,0x00000000ecf00000,0x00000000ed400000)
  to   space 5120K, 0% used [0x00000000eca00000,0x00000000eca00000,0x00000000ecf00000)
 ParOldGen       total 84992K, used 0K [0x00000000c0000000, 0x00000000c5300000, 0x00000000eab00000)
  object space 84992K, 0% used [0x00000000c0000000,0x00000000c0000000,0x00000000c5300000)
 Metaspace       used 5961K, capacity 6896K, committed 7040K, reserved 1056768K
  class space    used 577K, capacity 616K, committed 640K, reserved 1048576K
Event: 1.813 GC heap after
Heap after GC invocations=1 (full 0):
 PSYoungGen      total 36864K, used 5089K [0x00000000eab00000, 0x00000000ef300000, 0x0000000100000000)
  eden space 31744K, 0% used [0x00000000eab00000,0x00000000eab00000,0x00000000eca00000)
  from space 5120K, 99% used [0x00000000eca00000,0x00000000ecef8530,0x00000000ecf00000)
  to   space 5120K, 0% used [0x00000000eee00000,0x00000000eee00000,0x00000000ef300000)
 ParOldGen       total 84992K, used 1218K [0x00000000c0000000, 0x00000000c5300000, 0x00000000eab00000)
  object space 84992K, 1% used [0x00000000c0000000,0x00000000c0130850,0x00000000c5300000)
 Metaspace       used 5961K, capacity 6896K, committed 7040K, reserved 1056768K
  class space    used 577K, capacity 616K, committed 640K, reserved 1048576K
}

Deoptimization events (10 events):
Event: 0.727 Thread 0x0000000002420800 Uncommon trap: reason=unstable_if action=reinterpret pc=0x0000000002658750 method=java.lang.String.indexOf(II)I @ 49
Event: 1.044 Thread 0x0000000016458800 Uncommon trap: reason=unstable_if action=reinterpret pc=0x0000000002733adc method=java.util.HashMap.getNode(ILjava/lang/Object;)Ljava/util/HashMap$Node; @ 129
Event: 1.233 Thread 0x0000000016468000 Uncommon trap: reason=null_check action=make_not_entrant pc=0x00000000028264e8 method=com.android.dx.rop.type.Type.equals(Ljava/lang/Object;)Z @ 8
Event: 1.661 Thread 0x0000000016468000 Uncommon trap: reason=class_check action=maybe_recompile pc=0x000000000296fb18 method=com.android.dx.ssa.NormalSsaInsn.accept(Lcom/android/dx/ssa/SsaInsn$Visitor;)V @ 9
Event: 1.694 Thread 0x0000000016468000 Uncommon trap: reason=class_check action=maybe_recompile pc=0x000000000296fb18 method=com.android.dx.ssa.NormalSsaInsn.accept(Lcom/android/dx/ssa/SsaInsn$Visitor;)V @ 9
Event: 1.717 Thread 0x0000000016468000 Uncommon trap: reason=class_check action=maybe_recompile pc=0x000000000296fb18 method=com.android.dx.ssa.NormalSsaInsn.accept(Lcom/android/dx/ssa/SsaInsn$Visitor;)V @ 9
Event: 1.717 Thread 0x0000000016468000 Uncommon trap: reason=class_check action=maybe_recompile pc=0x000000000278b894 method=com.android.dx.ssa.NormalSsaInsn.accept(Lcom/android/dx/ssa/SsaInsn$Visitor;)V @ 9
Event: 1.717 Thread 0x0000000016468000 Uncommon trap: reason=class_check action=maybe_recompile pc=0x000000000276b8f0 method=com.android.dx.ssa.NormalSsaInsn.accept(Lcom/android/dx/ssa/SsaInsn$Visitor;)V @ 9
Event: 1.724 Thread 0x0000000016468000 Uncommon trap: reason=class_check action=maybe_recompile pc=0x000000000296fb18 method=com.android.dx.ssa.NormalSsaInsn.accept(Lcom/android/dx/ssa/SsaInsn$Visitor;)V @ 9
Event: 1.776 Thread 0x0000000016462800 Uncommon trap: reason=unstable_if action=reinterpret pc=0x00000000028dce3c method=com.android.dx.util.IntList.binarysearch(I)I @ 105

Internal exceptions (3 events):
Event: 0.070 Thread 0x0000000002420800 Exception <a 'java/lang/NoSuchMethodError': Method sun.misc.Unsafe.defineClass(Ljava/lang/String;[BII)Ljava/lang/Class; name or signature does not match> (0x00000000eab07cc0) thrown at [C:\src\android\AOSP-openjdk\external\jetbrains\jdk\hotspot\src\share\vù‚s£¿²?
Event: 0.071 Thread 0x0000000002420800 Exception <a 'java/lang/NoSuchMethodError': Method sun.misc.Unsafe.prefetchRead(Ljava/lang/Object;J)V name or signature does not match> (0x00000000eab07fa8) thrown at [C:\src\android\AOSP-openjdk\external\jetbrains\jdk\hotspot\src\share\vm\prims\jni.cpp, l´ç¶¿¹ó?
Event: 1.233 Thread 0x0000000016468000 Implicit null exception at 0x00000000028263e2 to 0x00000000028264da

Events (10 events):
Event: 1.717 Thread 0x0000000016468000 DEOPT UNPACKING pc=0x000000000256556a sp=0x0000000016f9ec80 mode 2
Event: 1.724 Thread 0x0000000016468000 Uncommon trap: trap_request=0xffffffde fr.pc=0x000000000296fb18
Event: 1.724 Thread 0x0000000016468000 DEOPT PACKING pc=0x000000000296fb18 sp=0x0000000016f9ecd0
Event: 1.724 Thread 0x0000000016468000 DEOPT UNPACKING pc=0x000000000256556a sp=0x0000000016f9ec00 mode 2
Event: 1.776 Thread 0x0000000016462800 Uncommon trap: trap_request=0xffffff65 fr.pc=0x00000000028dce3c
Event: 1.776 Thread 0x0000000016462800 DEOPT PACKING pc=0x00000000028dce3c sp=0x0000000016d9e9c0
Event: 1.777 Thread 0x0000000016462800 DEOPT UNPACKING pc=0x000000000256556a sp=0x0000000016d9e938 mode 2
Event: 1.784 Executing VM operation: ParallelGCFailedAllocation
Event: 1.813 Executing VM operation: ParallelGCFailedAllocation done
Event: 1.825 Thread 0x0000000016462800 Thread exited: 0x0000000016462800


Dynamic libraries:
0x00007ff63ca10000 - 0x00007ff63ca45000 	E:\Android\android-studio-ide-145.2915834-windows\jre\bin\java.exe
0x00007ffecf410000 - 0x00007ffecf5d1000 	C:\Windows\SYSTEM32\ntdll.dll
0x00007ffecef70000 - 0x00007ffecf01d000 	C:\Windows\system32\KERNEL32.DLL
0x00007ffecc330000 - 0x00007ffecc518000 	C:\Windows\system32\KERNELBASE.dll
0x00007ffecc9e0000 - 0x00007ffecca87000 	C:\Windows\system32\ADVAPI32.dll
0x00007ffece4c0000 - 0x00007ffece55d000 	C:\Windows\system32\msvcrt.dll
0x00007ffeccd10000 - 0x00007ffeccd6b000 	C:\Windows\system32\sechost.dll
0x00007ffece730000 - 0x00007ffece84c000 	C:\Windows\system32\RPCRT4.dll
0x00007ffece920000 - 0x00007ffecea76000 	C:\Windows\system32\USER32.dll
0x00007ffeccd90000 - 0x00007ffeccf16000 	C:\Windows\system32\GDI32.dll
0x00007ffebe600000 - 0x00007ffebe874000 	C:\Windows\WinSxS\amd64_microsoft.windows.common-controls_6595b64144ccf1df_6.0.10586.0_none_8c15ae12515e1c22\COMCTL32.dll
0x00007ffecca90000 - 0x00007ffeccd0d000 	C:\Windows\system32\combase.dll
0x00007ffecc520000 - 0x00007ffecc58a000 	C:\Windows\system32\bcryptPrimitives.dll
0x00007ffeccf20000 - 0x00007ffeccf5b000 	C:\Windows\system32\IMM32.DLL
0x000000005fdc0000 - 0x000000005fe92000 	E:\Android\android-studio-ide-145.2915834-windows\jre\jre\bin\msvcr100.dll
0x000000005ece0000 - 0x000000005f514000 	E:\Android\android-studio-ide-145.2915834-windows\jre\jre\bin\server\jvm.dll
0x00007ffecf1d0000 - 0x00007ffecf1d8000 	C:\Windows\system32\PSAPI.DLL
0x00007ffec9740000 - 0x00007ffec9749000 	C:\Windows\SYSTEM32\WSOCK32.dll
0x00007ffece560000 - 0x00007ffece5cb000 	C:\Windows\system32\WS2_32.dll
0x00007ffec9d40000 - 0x00007ffec9d63000 	C:\Windows\SYSTEM32\WINMM.dll
0x00007ffec1700000 - 0x00007ffec170a000 	C:\Windows\SYSTEM32\VERSION.dll
0x00007ffec9bf0000 - 0x00007ffec9c1c000 	C:\Windows\SYSTEM32\WINMMBASE.dll
0x00007ffecbbd0000 - 0x00007ffecbc13000 	C:\Windows\system32\cfgmgr32.dll
0x00007ffec8e10000 - 0x00007ffec8e1f000 	E:\Android\android-studio-ide-145.2915834-windows\jre\jre\bin\verify.dll
0x00007ffec0730000 - 0x00007ffec0759000 	E:\Android\android-studio-ide-145.2915834-windows\jre\jre\bin\java.dll
0x00007ffec1c00000 - 0x00007ffec1c16000 	E:\Android\android-studio-ide-145.2915834-windows\jre\jre\bin\zip.dll
0x00007ffeccf60000 - 0x00007ffece4bc000 	C:\Windows\system32\SHELL32.dll
0x00007ffecbce0000 - 0x00007ffecc325000 	C:\Windows\system32\windows.storage.dll
0x00007ffecea80000 - 0x00007ffecead2000 	C:\Windows\system32\shlwapi.dll
0x00007ffecba90000 - 0x00007ffecba9f000 	C:\Windows\system32\kernel.appcore.dll
0x00007ffecbc20000 - 0x00007ffecbcd5000 	C:\Windows\system32\shcore.dll
0x00007ffecba30000 - 0x00007ffecba7b000 	C:\Windows\system32\powrprof.dll
0x00007ffecbaa0000 - 0x00007ffecbab4000 	C:\Windows\system32\profapi.dll

VM Arguments:
jvm_args: -Djava.awt.headless=true -Xmx1024M -Dfile.encoding=GBK -Duser.country=CN -Duser.language=zh -Duser.variant 
java_command: com.android.dx.command.Main --dex --num-threads=4 --output E:\Teapopo\app\build\intermediates\pre-dexed\debug\butterknife-7.0.1_3a3abb298b37f0a33a7bc77b0ef6f67f28038b35.jar C:\Users\lhq\.gradle\caches\modules-2\files-2.1\com.jakewharton\butterknife\7.0.1\d5d13ea991eab0252e3710e5df3d6a9d4b21d461\butterknife-7.0.1.jar
java_class_path (initial): C:\Users\lhq\AppData\Local\Android\sdk\build-tools\23.0.3\lib\dx.jar
Launcher Type: SUN_STANDARD

Environment Variables:
JAVA_HOME=C:\Program Files\Java\jdk1.8.0_91
PATH=C:\ProgramData\Oracle\Java\javapath;C:\Windows\system32;C:\Windows;C:\Windows\System32\Wbem;C:\Windows\System32\WindowsPowerShell\v1.0\;C:\Users\lhq\AppData\Local\Android\sdk\platform-tools;C:\Users\lhq\AppData\Local\Android\sdk\tools;C:\Program Files\Java\jdk1.8.0_91\bin;C:\Program Files\Java\jdk1.8.0_91\jre\bin
USERNAME=lhq
OS=Windows_NT
PROCESSOR_IDENTIFIER=Intel64 Family 6 Model 69 Stepping 1, GenuineIntel



---------------  S Y S T E M  ---------------

OS: Windows 10.0 , 64 bit Build 10586 (10.0.10586.0)

CPU:total 4 (2 cores per cpu, 2 threads per core) family 6 model 69 stepping 1, cmov, cx8, fxsr, mmx, sse, sse2, sse3, ssse3, sse4.1, sse4.2, popcnt, avx, avx2, aes, clmul, erms, lzcnt, ht, tsc, tscinvbit, bmi1, bmi2

Memory: 4k page, physical 8067548k(821800k free), swap 8067548k(6488k free)

vm_info: OpenJDK 64-Bit Server VM (25.76-b01) for windows-amd64 JRE (1.8.0_76-release-b01), built on May 12 2016 23:29:00 by "ralucas" with MS VC++ 10.0 (VS2010)

time: Wed Jul 06 14:51:53 2016
elapsed time: 1 seconds (0d 0h 0m 1s)

