#
# There is insufficient memory for the Java Runtime Environment to continue.
# Native memory allocation (malloc) failed to allocate 843616 bytes for Chunk::new
# Possible reasons:
#   The system is out of physical RAM or swap space
#   In 32 bit mode, the process size limit was hit
# Possible solutions:
#   Reduce memory load on the system
#   Increase physical memory or swap space
#   Check if swap backing store is full
#   Use 64 bit Java on a 64 bit OS
#   Decrease Java heap size (-Xmx/-Xms)
#   Decrease number of Java threads
#   Decrease Java thread stack sizes (-Xss)
#   Set larger code cache with -XX:ReservedCodeCacheSize=
# This output file may be truncated or incomplete.
#
#  Out of Memory Error (allocation.cpp:390), pid=170580, tid=0x0000000000029198
#
# JRE version: OpenJDK Runtime Environment (8.0_76-b01) (build 1.8.0_76-release-b01)
# Java VM: OpenJDK 64-Bit Server VM (25.76-b01 mixed mode windows-amd64 compressed oops)
# Failed to write core dump. Minidumps are not enabled by default on client versions of Windows
#

---------------  T H R E A D  ---------------

Current thread (0x0000000016315000):  JavaThread "C2 CompilerThread1" daemon [_thread_in_native, id=168344, stack(0x00000000166c0000,0x00000000167c0000)]

Stack: [0x00000000166c0000,0x00000000167c0000]
[error occurred during error reporting (printing stack bounds), id 0xc0000005]

Native frames: (J=compiled Java code, j=interpreted, Vv=VM code, C=native code)


Current CompileTask:
C2:   1838 1132   !   4       com.android.dx.cf.code.BytecodeArray::parseInstruction (2764 bytes)


---------------  P R O C E S S  ---------------

Java Threads: ( => current thread )
  0x0000000016503000 JavaThread "pool-2-thread-1" [_thread_blocked, id=170896, stack(0x0000000016bc0000,0x0000000016cc0000)]
  0x0000000016502000 JavaThread "pool-1-thread-1" [_thread_in_Java, id=159092, stack(0x0000000016ac0000,0x0000000016bc0000)]
  0x000000001631e800 JavaThread "Service Thread" daemon [_thread_blocked, id=171004, stack(0x00000000168c0000,0x00000000169c0000)]
  0x0000000016318000 JavaThread "C1 CompilerThread2" daemon [_thread_blocked, id=170112, stack(0x00000000167c0000,0x00000000168c0000)]
=>0x0000000016315000 JavaThread "C2 CompilerThread1" daemon [_thread_in_native, id=168344, stack(0x00000000166c0000,0x00000000167c0000)]
  0x0000000014c1d800 JavaThread "C2 CompilerThread0" daemon [_thread_in_native, id=170816, stack(0x00000000161c0000,0x00000000162c0000)]
  0x0000000014c1c000 JavaThread "Attach Listener" daemon [_thread_blocked, id=170088, stack(0x00000000160c0000,0x00000000161c0000)]
  0x0000000014c1b000 JavaThread "Signal Dispatcher" daemon [_thread_blocked, id=169992, stack(0x0000000015fc0000,0x00000000160c0000)]
  0x0000000014bf8800 JavaThread "Finalizer" daemon [_thread_blocked, id=170128, stack(0x0000000015e60000,0x0000000015f60000)]
  0x0000000002530000 JavaThread "Reference Handler" daemon [_thread_blocked, id=170836, stack(0x0000000015d60000,0x0000000015e60000)]
  0x0000000002440800 JavaThread "main" [_thread_blocked, id=169272, stack(0x0000000002340000,0x0000000002440000)]

Other Threads:
  0x0000000014bd5800 VMThread [stack: 0x0000000015c60000,0x0000000015d60000] [id=170144]
  0x0000000016322000 WatcherThread [stack: 0x00000000169c0000,0x0000000016ac0000] [id=169700]

VM state:not at safepoint (normal execution)

VM Mutex/Monitor currently owned by a thread: None

Heap:
 PSYoungGen      total 36864K, used 10386K [0x00000000eab00000, 0x00000000ef300000, 0x0000000100000000)
  eden space 31744K, 16% used [0x00000000eab00000,0x00000000eb02a8d8,0x00000000eca00000)
  from space 5120K, 99% used [0x00000000eca00000,0x00000000ecefa068,0x00000000ecf00000)
  to   space 5120K, 0% used [0x00000000eee00000,0x00000000eee00000,0x00000000ef300000)
 ParOldGen       total 84992K, used 1541K [0x00000000c0000000, 0x00000000c5300000, 0x00000000eab00000)
  object space 84992K, 1% used [0x00000000c0000000,0x00000000c0181440,0x00000000c5300000)
 Metaspace       used 5865K, capacity 6832K, committed 7040K, reserved 1056768K
  class space    used 574K, capacity 616K, committed 640K, reserved 1048576K

Card table byte_map: [0x0000000011900000,0x0000000011b10000] byte_map_base: 0x0000000011300000

Marking Bits: (ParMarkBitMap*) 0x000000005f499d00
 Begin Bits: [0x0000000012070000, 0x0000000013070000)
 End Bits:   [0x0000000013070000, 0x0000000014070000)

Polling page: 0x0000000000810000

CodeCache: size=245760Kb used=4581Kb max_used=4592Kb free=241178Kb
 bounds [0x0000000002540000, 0x00000000029d0000, 0x0000000011540000]
 total_blobs=1434 nmethods=1164 adapters=184
 compilation: enabled

Compilation events (10 events):
Event: 1.811 Thread 0x0000000014c1d800 nmethod 1175 0x00000000029b9550 code [0x00000000029b96a0, 0x00000000029b99d8]
Event: 1.811 Thread 0x0000000014c1d800 1176       4       com.android.dx.ssa.SetFactory::makeDomFrontSet (26 bytes)
Event: 1.814 Thread 0x0000000014c1d800 nmethod 1176 0x00000000029b7690 code [0x00000000029b77e0, 0x00000000029b7978]
Event: 1.821 Thread 0x0000000014c1d800 1177       4       com.android.dx.util.BitIntSet::has (28 bytes)
Event: 1.822 Thread 0x0000000014c1d800 nmethod 1177 0x00000000029b9250 code [0x00000000029b9380, 0x00000000029b9458]
Event: 1.822 Thread 0x0000000014c1d800 1178   !   4       com.android.dx.rop.code.RegisterSpecSet::get (18 bytes)
Event: 1.823 Thread 0x0000000014c1d800 nmethod 1178 0x0000000002954110 code [0x0000000002954240, 0x00000000029542d8]
Event: 1.823 Thread 0x0000000014c1d800 1179       4       com.android.dx.util.BitIntSet$1::next (42 bytes)
Event: 1.825 Thread 0x0000000014c1d800 nmethod 1179 0x00000000029bd250 code [0x00000000029bd3a0, 0x00000000029bd4f8]
Event: 1.825 Thread 0x0000000014c1d800 1180       4       com.android.dx.ssa.SsaRenamer$BlockRenamer::visitNonMoveInsn (14 bytes)

GC Heap History (2 events):
Event: 1.602 GC heap before
{Heap before GC invocations=1 (full 0):
 PSYoungGen      total 36864K, used 31744K [0x00000000eab00000, 0x00000000ed400000, 0x0000000100000000)
  eden space 31744K, 100% used [0x00000000eab00000,0x00000000eca00000,0x00000000eca00000)
  from space 5120K, 0% used [0x00000000ecf00000,0x00000000ecf00000,0x00000000ed400000)
  to   space 5120K, 0% used [0x00000000eca00000,0x00000000eca00000,0x00000000ecf00000)
 ParOldGen       total 84992K, used 0K [0x00000000c0000000, 0x00000000c5300000, 0x00000000eab00000)
  object space 84992K, 0% used [0x00000000c0000000,0x00000000c0000000,0x00000000c5300000)
 Metaspace       used 5854K, capacity 6832K, committed 7040K, reserved 1056768K
  class space    used 574K, capacity 616K, committed 640K, reserved 1048576K
Event: 1.660 GC heap after
Heap after GC invocations=1 (full 0):
 PSYoungGen      total 36864K, used 5096K [0x00000000eab00000, 0x00000000ef300000, 0x0000000100000000)
  eden space 31744K, 0% used [0x00000000eab00000,0x00000000eab00000,0x00000000eca00000)
  from space 5120K, 99% used [0x00000000eca00000,0x00000000ecefa068,0x00000000ecf00000)
  to   space 5120K, 0% used [0x00000000eee00000,0x00000000eee00000,0x00000000ef300000)
 ParOldGen       total 84992K, used 1541K [0x00000000c0000000, 0x00000000c5300000, 0x00000000eab00000)
  object space 84992K, 1% used [0x00000000c0000000,0x00000000c0181440,0x00000000c5300000)
 Metaspace       used 5854K, capacity 6832K, committed 7040K, reserved 1056768K
  class space    used 574K, capacity 616K, committed 640K, reserved 1048576K
}

Deoptimization events (10 events):
Event: 1.078 Thread 0x000000001650d800 Uncommon trap: reason=class_check action=maybe_recompile pc=0x000000000279d894 method=com.android.dx.ssa.NormalSsaInsn.accept(Lcom/android/dx/ssa/SsaInsn$Visitor;)V @ 9
Event: 1.078 Thread 0x000000001650d800 Uncommon trap: reason=class_check action=maybe_recompile pc=0x0000000002750370 method=com.android.dx.ssa.NormalSsaInsn.accept(Lcom/android/dx/ssa/SsaInsn$Visitor;)V @ 9
Event: 1.256 Thread 0x0000000016509800 Uncommon trap: reason=class_check action=maybe_recompile pc=0x0000000002882588 method=com.android.dx.cf.code.Merger.mergeType(Lcom/android/dx/rop/type/TypeBearer;Lcom/android/dx/rop/type/TypeBearer;)Lcom/android/dx/rop/type/TypeBearer; @ 21
Event: 1.266 Thread 0x0000000016509800 Uncommon trap: reason=class_check action=maybe_recompile pc=0x0000000002882588 method=com.android.dx.cf.code.Merger.mergeType(Lcom/android/dx/rop/type/TypeBearer;Lcom/android/dx/rop/type/TypeBearer;)Lcom/android/dx/rop/type/TypeBearer; @ 21
Event: 1.266 Thread 0x0000000016509800 Uncommon trap: reason=class_check action=maybe_recompile pc=0x0000000002882588 method=com.android.dx.cf.code.Merger.mergeType(Lcom/android/dx/rop/type/TypeBearer;Lcom/android/dx/rop/type/TypeBearer;)Lcom/android/dx/rop/type/TypeBearer; @ 21
Event: 1.266 Thread 0x0000000016509800 Uncommon trap: reason=class_check action=maybe_recompile pc=0x0000000002882588 method=com.android.dx.cf.code.Merger.mergeType(Lcom/android/dx/rop/type/TypeBearer;Lcom/android/dx/rop/type/TypeBearer;)Lcom/android/dx/rop/type/TypeBearer; @ 21
Event: 1.273 Thread 0x0000000016509800 Uncommon trap: reason=class_check action=maybe_recompile pc=0x000000000279d894 method=com.android.dx.ssa.NormalSsaInsn.accept(Lcom/android/dx/ssa/SsaInsn$Visitor;)V @ 9
Event: 1.319 Thread 0x0000000016502000 Uncommon trap: reason=unstable_if action=reinterpret pc=0x0000000002867dd0 method=com.android.dx.ssa.NormalSsaInsn.getLocalAssignment()Lcom/android/dx/rop/code/RegisterSpec; @ 12
Event: 1.322 Thread 0x0000000016502000 Uncommon trap: reason=unstable_if action=reinterpret pc=0x0000000002827ca8 method=com.android.dx.ssa.NormalSsaInsn.getLocalAssignment()Lcom/android/dx/rop/code/RegisterSpec; @ 12
Event: 1.322 Thread 0x0000000016502000 Uncommon trap: reason=unstable_if action=reinterpret pc=0x00000000027d0e30 method=com.android.dx.ssa.NormalSsaInsn.getLocalAssignment()Lcom/android/dx/rop/code/RegisterSpec; @ 12

Internal exceptions (3 events):
Event: 0.058 Thread 0x0000000002440800 Exception <a 'java/lang/NoSuchMethodError': Method sun.misc.Unsafe.defineClass(Ljava/lang/String;[BII)Ljava/lang/Class; name or signature does not match> (0x00000000eab07cc0) thrown at [C:\src\android\AOSP-openjdk\external\jetbrains\jdk\hotspot\src\share\v1ÀŸ»é­?
Event: 0.058 Thread 0x0000000002440800 Exception <a 'java/lang/NoSuchMethodError': Method sun.misc.Unsafe.prefetchRead(Ljava/lang/Object;J)V name or signature does not match> (0x00000000eab07fa8) thrown at [C:\src\android\AOSP-openjdk\external\jetbrains\jdk\hotspot\src\share\vm\prims\jni.cpp, l£Õö^JEð?
Event: 1.017 Thread 0x000000001650d800 Implicit null exception at 0x00000000027c4562 to 0x00000000027c465a

Events (10 events):
Event: 1.322 Thread 0x0000000016502000 DEOPT UNPACKING pc=0x000000000258556a sp=0x0000000016bbe930 mode 2
Event: 1.428 Executing VM operation: ForceSafepoint
Event: 1.435 Executing VM operation: ForceSafepoint done
Event: 1.451 Thread 0x0000000016509800 Thread exited: 0x0000000016509800
Event: 1.602 Executing VM operation: ParallelGCFailedAllocation
Event: 1.660 Executing VM operation: ParallelGCFailedAllocation done
Event: 1.673 Thread 0x0000000016502000 DEOPT PACKING pc=0x000000000278a92d sp=0x0000000016bbea70
Event: 1.673 Thread 0x0000000016502000 DEOPT UNPACKING pc=0x00000000025875bf sp=0x0000000016bbe860 mode 0
Event: 1.683 Thread 0x0000000016502000 DEOPT PACKING pc=0x000000000278a92d sp=0x0000000016bbe8e0
Event: 1.683 Thread 0x0000000016502000 DEOPT UNPACKING pc=0x00000000025875bf sp=0x0000000016bbe6c0 mode 0


Dynamic libraries:
0x00007ff75f820000 - 0x00007ff75f855000 	E:\Android\android-studio-ide-145.2915834-windows\jre\bin\java.exe
0x00007ffecf410000 - 0x00007ffecf5d1000 	C:\Windows\SYSTEM32\ntdll.dll
0x00007ffecef70000 - 0x00007ffecf01d000 	C:\Windows\system32\KERNEL32.DLL
0x00007ffecc330000 - 0x00007ffecc518000 	C:\Windows\system32\KERNELBASE.dll
0x00007ffecc9e0000 - 0x00007ffecca87000 	C:\Windows\system32\ADVAPI32.dll
0x00007ffece4c0000 - 0x00007ffece55d000 	C:\Windows\system32\msvcrt.dll
0x00007ffeccd10000 - 0x00007ffeccd6b000 	C:\Windows\system32\sechost.dll
0x00007ffece730000 - 0x00007ffece84c000 	C:\Windows\system32\RPCRT4.dll
0x00007ffece920000 - 0x00007ffecea76000 	C:\Windows\system32\USER32.dll
0x00007ffeccd90000 - 0x00007ffeccf16000 	C:\Windows\system32\GDI32.dll
0x00007ffebe600000 - 0x00007ffebe874000 	C:\Windows\WinSxS\amd64_microsoft.windows.common-controls_6595b64144ccf1df_6.0.10586.0_none_8c15ae12515e1c22\COMCTL32.dll
0x00007ffecca90000 - 0x00007ffeccd0d000 	C:\Windows\system32\combase.dll
0x00007ffecc520000 - 0x00007ffecc58a000 	C:\Windows\system32\bcryptPrimitives.dll
0x00007ffeccf20000 - 0x00007ffeccf5b000 	C:\Windows\system32\IMM32.DLL
0x000000005fdc0000 - 0x000000005fe92000 	E:\Android\android-studio-ide-145.2915834-windows\jre\jre\bin\msvcr100.dll
0x000000005ece0000 - 0x000000005f514000 	E:\Android\android-studio-ide-145.2915834-windows\jre\jre\bin\server\jvm.dll
0x00007ffecf1d0000 - 0x00007ffecf1d8000 	C:\Windows\system32\PSAPI.DLL
0x00007ffeca010000 - 0x00007ffeca019000 	C:\Windows\SYSTEM32\WSOCK32.dll
0x00007ffece560000 - 0x00007ffece5cb000 	C:\Windows\system32\WS2_32.dll
0x00007ffec9d40000 - 0x00007ffec9d63000 	C:\Windows\SYSTEM32\WINMM.dll
0x00007ffec1700000 - 0x00007ffec170a000 	C:\Windows\SYSTEM32\VERSION.dll
0x00007ffec9bf0000 - 0x00007ffec9c1c000 	C:\Windows\SYSTEM32\WINMMBASE.dll
0x00007ffecbbd0000 - 0x00007ffecbc13000 	C:\Windows\system32\cfgmgr32.dll
0x00007ffeca000000 - 0x00007ffeca00f000 	E:\Android\android-studio-ide-145.2915834-windows\jre\jre\bin\verify.dll
0x00007ffec8e10000 - 0x00007ffec8e39000 	E:\Android\android-studio-ide-145.2915834-windows\jre\jre\bin\java.dll
0x00007ffec91d0000 - 0x00007ffec91e6000 	E:\Android\android-studio-ide-145.2915834-windows\jre\jre\bin\zip.dll
0x00007ffeccf60000 - 0x00007ffece4bc000 	C:\Windows\system32\SHELL32.dll
0x00007ffecbce0000 - 0x00007ffecc325000 	C:\Windows\system32\windows.storage.dll
0x00007ffecea80000 - 0x00007ffecead2000 	C:\Windows\system32\shlwapi.dll
0x00007ffecba90000 - 0x00007ffecba9f000 	C:\Windows\system32\kernel.appcore.dll
0x00007ffecbc20000 - 0x00007ffecbcd5000 	C:\Windows\system32\shcore.dll
0x00007ffecba30000 - 0x00007ffecba7b000 	C:\Windows\system32\powrprof.dll
0x00007ffecbaa0000 - 0x00007ffecbab4000 	C:\Windows\system32\profapi.dll

VM Arguments:
jvm_args: -Djava.awt.headless=true -Xmx1024M -Dfile.encoding=GBK -Duser.country=CN -Duser.language=zh -Duser.variant 
java_command: com.android.dx.command.Main --dex --num-threads=4 --output E:\Teapopo\app\build\intermediates\pre-dexed\debug\ShareSDK-Renren-2.7.1_0d49c040db188ef6d52953d18f3f43ecc41ef7e4.jar E:\Teapopo\app\libs\ShareSDK-Renren-2.7.1.jar
java_class_path (initial): C:\Users\lhq\AppData\Local\Android\sdk\build-tools\23.0.3\lib\dx.jar
Launcher Type: SUN_STANDARD

Environment Variables:
JAVA_HOME=C:\Program Files\Java\jdk1.8.0_91
PATH=C:\ProgramData\Oracle\Java\javapath;C:\Windows\system32;C:\Windows;C:\Windows\System32\Wbem;C:\Windows\System32\WindowsPowerShell\v1.0\;C:\Users\lhq\AppData\Local\Android\sdk\platform-tools;C:\Users\lhq\AppData\Local\Android\sdk\tools;C:\Program Files\Java\jdk1.8.0_91\bin;C:\Program Files\Java\jdk1.8.0_91\jre\bin
USERNAME=lhq
OS=Windows_NT
PROCESSOR_IDENTIFIER=Intel64 Family 6 Model 69 Stepping 1, GenuineIntel



---------------  S Y S T E M  ---------------

OS: Windows 10.0 , 64 bit Build 10586 (10.0.10586.0)

CPU:total 4 (2 cores per cpu, 2 threads per core) family 6 model 69 stepping 1, cmov, cx8, fxsr, mmx, sse, sse2, sse3, ssse3, sse4.1, sse4.2, popcnt, avx, avx2, aes, clmul, erms, lzcnt, ht, tsc, tscinvbit, bmi1, bmi2

Memory: 4k page, physical 8067548k(1230600k free), swap 8067548k(5548k free)

vm_info: OpenJDK 64-Bit Server VM (25.76-b01) for windows-amd64 JRE (1.8.0_76-release-b01), built on May 12 2016 23:29:00 by "ralucas" with MS VC++ 10.0 (VS2010)

time: Fri Jul 08 14:40:02 2016
elapsed time: 1 seconds (0d 0h 0m 1s)

