#
# There is insufficient memory for the Java Runtime Environment to continue.
# Native memory allocation (malloc) failed to allocate 955600 bytes for Chunk::new
# Possible reasons:
#   The system is out of physical RAM or swap space
#   In 32 bit mode, the process size limit was hit
# Possible solutions:
#   Reduce memory load on the system
#   Increase physical memory or swap space
#   Check if swap backing store is full
#   Use 64 bit Java on a 64 bit OS
#   Decrease Java heap size (-Xmx/-Xms)
#   Decrease number of Java threads
#   Decrease Java thread stack sizes (-Xss)
#   Set larger code cache with -XX:ReservedCodeCacheSize=
# This output file may be truncated or incomplete.
#
#  Out of Memory Error (allocation.cpp:390), pid=88552, tid=0x0000000000015a24
#
# JRE version: OpenJDK Runtime Environment (8.0_76-b01) (build 1.8.0_76-release-b01)
# Java VM: OpenJDK 64-Bit Server VM (25.76-b01 mixed mode windows-amd64 compressed oops)
# Failed to write core dump. Minidumps are not enabled by default on client versions of Windows
#

---------------  T H R E A D  ---------------

Current thread (0x0000000014e9d800):  JavaThread "C2 CompilerThread0" daemon [_thread_in_native, id=88612, stack(0x00000000163f0000,0x00000000164f0000)]

Stack: [0x00000000163f0000,0x00000000164f0000]
[error occurred during error reporting (printing stack bounds), id 0xc0000005]

Native frames: (J=compiled Java code, j=interpreted, Vv=VM code, C=native code)


Current CompileTask:
C2:   1836 1668   !   4       com.android.dx.cf.code.BytecodeArray::parseInstruction (2764 bytes)


---------------  P R O C E S S  ---------------

Java Threads: ( => current thread )
  0x00000000166f8800 JavaThread "pool-1-thread-4" [_thread_in_Java, id=88852, stack(0x00000000170f0000,0x00000000171f0000)]
  0x00000000166f7000 JavaThread "pool-1-thread-3" [_thread_blocked, id=89956, stack(0x0000000016ff0000,0x00000000170f0000)]
  0x00000000166f6800 JavaThread "pool-1-thread-2" [_thread_in_Java, id=88644, stack(0x0000000016ef0000,0x0000000016ff0000)]
  0x00000000166f1800 JavaThread "pool-2-thread-1" [_thread_blocked, id=89420, stack(0x0000000016df0000,0x0000000016ef0000)]
  0x00000000166f1000 JavaThread "pool-1-thread-1" [_thread_in_Java, id=89932, stack(0x0000000016cf0000,0x0000000016df0000)]
  0x0000000016571000 JavaThread "Service Thread" daemon [_thread_blocked, id=90012, stack(0x0000000016af0000,0x0000000016bf0000)]
  0x00000000164f5000 JavaThread "C1 CompilerThread2" daemon [_thread_blocked, id=7764, stack(0x00000000169f0000,0x0000000016af0000)]
  0x0000000014eea800 JavaThread "C2 CompilerThread1" daemon [_thread_in_native, id=28088, stack(0x00000000168f0000,0x00000000169f0000)]
=>0x0000000014e9d800 JavaThread "C2 CompilerThread0" daemon [_thread_in_native, id=88612, stack(0x00000000163f0000,0x00000000164f0000)]
  0x0000000014e9c000 JavaThread "Attach Listener" daemon [_thread_blocked, id=85608, stack(0x00000000162f0000,0x00000000163f0000)]
  0x0000000014e9b000 JavaThread "Signal Dispatcher" daemon [_thread_blocked, id=76812, stack(0x00000000161f0000,0x00000000162f0000)]
  0x0000000014e78800 JavaThread "Finalizer" daemon [_thread_blocked, id=71956, stack(0x00000000160f0000,0x00000000161f0000)]
  0x00000000027b0000 JavaThread "Reference Handler" daemon [_thread_blocked, id=73440, stack(0x0000000015ff0000,0x00000000160f0000)]
  0x00000000026c0800 JavaThread "main" [_thread_in_vm, id=89736, stack(0x00000000025c0000,0x00000000026c0000)]

Other Threads:
  0x0000000014e55800 VMThread [stack: 0x0000000015ef0000,0x0000000015ff0000] [id=89100]
  0x0000000016573000 WatcherThread [stack: 0x0000000016bf0000,0x0000000016cf0000] [id=82140]

VM state:not at safepoint (normal execution)

VM Mutex/Monitor currently owned by a thread: None

Heap:
 PSYoungGen      total 68608K, used 55652K [0x00000000eab00000, 0x00000000f3100000, 0x0000000100000000)
  eden space 63488K, 79% used [0x00000000eab00000,0x00000000edc5eb90,0x00000000ee900000)
  from space 5120K, 99% used [0x00000000ee900000,0x00000000eedfa720,0x00000000eee00000)
  to   space 5120K, 0% used [0x00000000f2c00000,0x00000000f2c00000,0x00000000f3100000)
 ParOldGen       total 84992K, used 17641K [0x00000000c0000000, 0x00000000c5300000, 0x00000000eab00000)
  object space 84992K, 20% used [0x00000000c0000000,0x00000000c113a538,0x00000000c5300000)
 Metaspace       used 6200K, capacity 7216K, committed 7296K, reserved 1056768K
  class space    used 566K, capacity 616K, committed 640K, reserved 1048576K

Card table byte_map: [0x0000000011b80000,0x0000000011d90000] byte_map_base: 0x0000000011580000

Marking Bits: (ParMarkBitMap*) 0x000000005f499d00
 Begin Bits: [0x00000000122f0000, 0x00000000132f0000)
 End Bits:   [0x00000000132f0000, 0x00000000142f0000)

Polling page: 0x0000000000450000

CodeCache: size=245760Kb used=7207Kb max_used=7207Kb free=238552Kb
 bounds [0x00000000027c0000, 0x0000000002ed0000, 0x00000000117c0000]
 total_blobs=2110 nmethods=1846 adapters=177
 compilation: enabled

Compilation events (10 events):
Event: 1.826 Thread 0x00000000164f5000 1885       2       java.util.concurrent.FutureTask::get (23 bytes)
Event: 1.827 Thread 0x00000000164f5000 nmethod 1885 0x0000000002ecd110 code [0x0000000002ecd280, 0x0000000002ecd438]
Event: 1.827 Thread 0x00000000164f5000 1886       2       java.util.concurrent.FutureTask::report (37 bytes)
Event: 1.827 Thread 0x00000000164f5000 nmethod 1886 0x0000000002ecd510 code [0x0000000002ecd6a0, 0x0000000002ecd958]
Event: 1.827 Thread 0x00000000164f5000 1887       2       com.android.dx.command.dexer.Main::access$2800 (5 bytes)
Event: 1.827 Thread 0x00000000164f5000 nmethod 1887 0x0000000002ecdad0 code [0x0000000002ecdc40, 0x0000000002ecdf48]
Event: 1.827 Thread 0x00000000164f5000 1888   !   2       com.android.dx.command.dexer.Main::addClassToDex (25 bytes)
Event: 1.827 Thread 0x00000000164f5000 nmethod 1888 0x0000000002ece150 code [0x0000000002ece2c0, 0x0000000002ece5c8]
Event: 1.829 Thread 0x00000000164f5000 1889       2       java.util.concurrent.locks.AbstractQueuedSynchronizer::enq (58 bytes)
Event: 1.830 Thread 0x00000000164f5000 nmethod 1889 0x0000000002ece790 code [0x0000000002ece900, 0x0000000002ecebf0]

GC Heap History (6 events):
Event: 0.783 GC heap before
{Heap before GC invocations=1 (full 0):
 PSYoungGen      total 36864K, used 31744K [0x00000000eab00000, 0x00000000ed400000, 0x0000000100000000)
  eden space 31744K, 100% used [0x00000000eab00000,0x00000000eca00000,0x00000000eca00000)
  from space 5120K, 0% used [0x00000000ecf00000,0x00000000ecf00000,0x00000000ed400000)
  to   space 5120K, 0% used [0x00000000eca00000,0x00000000eca00000,0x00000000ecf00000)
 ParOldGen       total 84992K, used 0K [0x00000000c0000000, 0x00000000c5300000, 0x00000000eab00000)
  object space 84992K, 0% used [0x00000000c0000000,0x00000000c0000000,0x00000000c5300000)
 Metaspace       used 5800K, capacity 6896K, committed 7040K, reserved 1056768K
  class space    used 558K, capacity 616K, committed 640K, reserved 1048576K
Event: 0.796 GC heap after
Heap after GC invocations=1 (full 0):
 PSYoungGen      total 36864K, used 5102K [0x00000000eab00000, 0x00000000ef300000, 0x0000000100000000)
  eden space 31744K, 0% used [0x00000000eab00000,0x00000000eab00000,0x00000000eca00000)
  from space 5120K, 99% used [0x00000000eca00000,0x00000000ecefbb50,0x00000000ecf00000)
  to   space 5120K, 0% used [0x00000000eee00000,0x00000000eee00000,0x00000000ef300000)
 ParOldGen       total 84992K, used 4170K [0x00000000c0000000, 0x00000000c5300000, 0x00000000eab00000)
  object space 84992K, 4% used [0x00000000c0000000,0x00000000c04129c0,0x00000000c5300000)
 Metaspace       used 5800K, capacity 6896K, committed 7040K, reserved 1056768K
  class space    used 558K, capacity 616K, committed 640K, reserved 1048576K
}
Event: 1.133 GC heap before
{Heap before GC invocations=2 (full 0):
 PSYoungGen      total 36864K, used 36846K [0x00000000eab00000, 0x00000000ef300000, 0x0000000100000000)
  eden space 31744K, 100% used [0x00000000eab00000,0x00000000eca00000,0x00000000eca00000)
  from space 5120K, 99% used [0x00000000eca00000,0x00000000ecefbb50,0x00000000ecf00000)
  to   space 5120K, 0% used [0x00000000eee00000,0x00000000eee00000,0x00000000ef300000)
 ParOldGen       total 84992K, used 4170K [0x00000000c0000000, 0x00000000c5300000, 0x00000000eab00000)
  object space 84992K, 4% used [0x00000000c0000000,0x00000000c04129c0,0x00000000c5300000)
 Metaspace       used 6049K, capacity 7152K, committed 7296K, reserved 1056768K
  class space    used 565K, capacity 616K, committed 640K, reserved 1048576K
Event: 1.148 GC heap after
Heap after GC invocations=2 (full 0):
 PSYoungGen      total 68608K, used 5111K [0x00000000eab00000, 0x00000000ef300000, 0x0000000100000000)
  eden space 63488K, 0% used [0x00000000eab00000,0x00000000eab00000,0x00000000ee900000)
  from space 5120K, 99% used [0x00000000eee00000,0x00000000ef2fdfa8,0x00000000ef300000)
  to   space 5120K, 0% used [0x00000000ee900000,0x00000000ee900000,0x00000000eee00000)
 ParOldGen       total 84992K, used 8728K [0x00000000c0000000, 0x00000000c5300000, 0x00000000eab00000)
  object space 84992K, 10% used [0x00000000c0000000,0x00000000c08862b8,0x00000000c5300000)
 Metaspace       used 6049K, capacity 7152K, committed 7296K, reserved 1056768K
  class space    used 565K, capacity 616K, committed 640K, reserved 1048576K
}
Event: 1.550 GC heap before
{Heap before GC invocations=3 (full 0):
 PSYoungGen      total 68608K, used 68599K [0x00000000eab00000, 0x00000000ef300000, 0x0000000100000000)
  eden space 63488K, 100% used [0x00000000eab00000,0x00000000ee900000,0x00000000ee900000)
  from space 5120K, 99% used [0x00000000eee00000,0x00000000ef2fdfa8,0x00000000ef300000)
  to   space 5120K, 0% used [0x00000000ee900000,0x00000000ee900000,0x00000000eee00000)
 ParOldGen       total 84992K, used 8728K [0x00000000c0000000, 0x00000000c5300000, 0x00000000eab00000)
  object space 84992K, 10% used [0x00000000c0000000,0x00000000c08862b8,0x00000000c5300000)
 Metaspace       used 6164K, capacity 7216K, committed 7296K, reserved 1056768K
  class space    used 565K, capacity 616K, committed 640K, reserved 1048576K
Event: 1.581 GC heap after
Heap after GC invocations=3 (full 0):
 PSYoungGen      total 68608K, used 5097K [0x00000000eab00000, 0x00000000f3100000, 0x0000000100000000)
  eden space 63488K, 0% used [0x00000000eab00000,0x00000000eab00000,0x00000000ee900000)
  from space 5120K, 99% used [0x00000000ee900000,0x00000000eedfa720,0x00000000eee00000)
  to   space 5120K, 0% used [0x00000000f2c00000,0x00000000f2c00000,0x00000000f3100000)
 ParOldGen       total 84992K, used 17641K [0x00000000c0000000, 0x00000000c5300000, 0x00000000eab00000)
  object space 84992K, 20% used [0x00000000c0000000,0x00000000c113a538,0x00000000c5300000)
 Metaspace       used 6164K, capacity 7216K, committed 7296K, reserved 1056768K
  class space    used 565K, capacity 616K, committed 640K, reserved 1048576K
}

Deoptimization events (10 events):
Event: 0.834 Thread 0x00000000026c0800 Uncommon trap: reason=uninitialized action=reinterpret pc=0x0000000002c1c630 method=com.android.dx.cf.code.BytecodeArray.parseInstruction(ILcom/android/dx/cf/code/BytecodeArray$Visitor;)I @ 999
Event: 0.882 Thread 0x00000000166f8800 Uncommon trap: reason=null_check action=make_not_entrant pc=0x0000000002af43e8 method=com.android.dx.ssa.SsaRenamer.getLocalForNewReg(I)Lcom/android/dx/rop/code/LocalItem; @ 19
Event: 0.897 Thread 0x00000000166f8800 Uncommon trap: reason=unstable_if action=reinterpret pc=0x000000000299371c method=com.android.dx.rop.cst.Constant.compareTo(Lcom/android/dx/rop/cst/Constant;)I @ 12
Event: 0.907 Thread 0x00000000166f1000 Uncommon trap: reason=class_check action=maybe_recompile pc=0x0000000002a149b0 method=com.android.dx.ssa.NormalSsaInsn.accept(Lcom/android/dx/ssa/SsaInsn$Visitor;)V @ 9
Event: 0.907 Thread 0x00000000166f1000 Uncommon trap: reason=class_check action=maybe_recompile pc=0x0000000002a149b0 method=com.android.dx.ssa.NormalSsaInsn.accept(Lcom/android/dx/ssa/SsaInsn$Visitor;)V @ 9
Event: 0.907 Thread 0x00000000166f1000 Uncommon trap: reason=class_check action=maybe_recompile pc=0x0000000002a149b0 method=com.android.dx.ssa.NormalSsaInsn.accept(Lcom/android/dx/ssa/SsaInsn$Visitor;)V @ 9
Event: 0.907 Thread 0x00000000166f1000 Uncommon trap: reason=class_check action=maybe_recompile pc=0x0000000002a149b0 method=com.android.dx.ssa.NormalSsaInsn.accept(Lcom/android/dx/ssa/SsaInsn$Visitor;)V @ 9
Event: 0.919 Thread 0x00000000026c0800 Uncommon trap: reason=unstable_if action=reinterpret pc=0x0000000002cf3f34 method=com.android.dx.rop.code.RegisterSpecSet.put(Lcom/android/dx/rop/code/RegisterSpec;)V @ 77
Event: 1.625 Thread 0x00000000166f1000 Uncommon trap: reason=class_check action=maybe_recompile pc=0x0000000002d7b950 method=com.android.dx.ssa.NormalSsaInsn.accept(Lcom/android/dx/ssa/SsaInsn$Visitor;)V @ 9
Event: 1.664 Thread 0x00000000166f8800 Uncommon trap: reason=null_check action=make_not_entrant pc=0x0000000002cbb768 method=com.android.dx.rop.type.Type.equals(Ljava/lang/Object;)Z @ 8

Internal exceptions (4 events):
Event: 0.027 Thread 0x00000000026c0800 Exception <a 'java/lang/NoSuchMethodError': Method sun.misc.Unsafe.defineClass(Ljava/lang/String;[BII)Ljava/lang/Class; name or signature does not match> (0x00000000eab07cc0) thrown at [C:\src\android\AOSP-openjdk\external\jetbrains\jdk\hotspot\src\share\vÿˆvC|›?
Event: 0.027 Thread 0x00000000026c0800 Exception <a 'java/lang/NoSuchMethodError': Method sun.misc.Unsafe.prefetchRead(Ljava/lang/Object;J)V name or signature does not match> (0x00000000eab07fa8) thrown at [C:\src\android\AOSP-openjdk\external\jetbrains\jdk\hotspot\src\share\vm\prims\jni.cpp, lv˜ÞÙ86ì?
Event: 0.882 Thread 0x00000000166f8800 Implicit null exception at 0x0000000002af19f2 to 0x0000000002af439d
Event: 1.664 Thread 0x00000000166f8800 Implicit null exception at 0x0000000002cbb662 to 0x0000000002cbb75a

Events (10 events):
Event: 1.625 Thread 0x00000000166f1000 DEOPT UNPACKING pc=0x000000000280556a sp=0x0000000016dee9a0 mode 2
Event: 1.629 loading class com/android/dx/cf/attrib/AttRuntimeInvisibleParameterAnnotations
Event: 1.629 loading class com/android/dx/cf/attrib/AttRuntimeInvisibleParameterAnnotations done
Event: 1.664 Thread 0x00000000166f8800 Uncommon trap: trap_request=0xfffffff4 fr.pc=0x0000000002cbb768
Event: 1.664 Thread 0x00000000166f8800 DEOPT PACKING pc=0x0000000002cbb768 sp=0x00000000171ee4c0
Event: 1.664 Thread 0x00000000166f8800 DEOPT UNPACKING pc=0x000000000280556a sp=0x00000000171ee448 mode 2
Event: 1.693 Thread 0x00000000166f8800 DEOPT PACKING pc=0x0000000002d1746c sp=0x00000000171ee750
Event: 1.693 Thread 0x00000000166f8800 DEOPT UNPACKING pc=0x00000000028075bf sp=0x00000000171ee460 mode 0
Event: 1.731 Thread 0x00000000166f1000 DEOPT PACKING pc=0x0000000002d32dcc sp=0x0000000016deeb60
Event: 1.731 Thread 0x00000000166f1000 DEOPT UNPACKING pc=0x00000000028075bf sp=0x0000000016dee8f0 mode 0


Dynamic libraries:
0x00007ff6a3010000 - 0x00007ff6a3045000 	E:\Android\android-studio-ide-145.2915834-windows\jre\bin\java.exe
0x00007ffecf410000 - 0x00007ffecf5d1000 	C:\Windows\SYSTEM32\ntdll.dll
0x00007ffecef70000 - 0x00007ffecf01d000 	C:\Windows\system32\KERNEL32.DLL
0x00007ffecc330000 - 0x00007ffecc518000 	C:\Windows\system32\KERNELBASE.dll
0x00007ffecc9e0000 - 0x00007ffecca87000 	C:\Windows\system32\ADVAPI32.dll
0x00007ffece4c0000 - 0x00007ffece55d000 	C:\Windows\system32\msvcrt.dll
0x00007ffeccd10000 - 0x00007ffeccd6b000 	C:\Windows\system32\sechost.dll
0x00007ffece730000 - 0x00007ffece84c000 	C:\Windows\system32\RPCRT4.dll
0x00007ffece920000 - 0x00007ffecea76000 	C:\Windows\system32\USER32.dll
0x00007ffeccd90000 - 0x00007ffeccf16000 	C:\Windows\system32\GDI32.dll
0x00007ffebe600000 - 0x00007ffebe874000 	C:\Windows\WinSxS\amd64_microsoft.windows.common-controls_6595b64144ccf1df_6.0.10586.0_none_8c15ae12515e1c22\COMCTL32.dll
0x00007ffecca90000 - 0x00007ffeccd0d000 	C:\Windows\system32\combase.dll
0x00007ffecc520000 - 0x00007ffecc58a000 	C:\Windows\system32\bcryptPrimitives.dll
0x00007ffeccf20000 - 0x00007ffeccf5b000 	C:\Windows\system32\IMM32.DLL
0x00000000600f0000 - 0x00000000601c2000 	E:\Android\android-studio-ide-145.2915834-windows\jre\jre\bin\msvcr100.dll
0x000000005ece0000 - 0x000000005f514000 	E:\Android\android-studio-ide-145.2915834-windows\jre\jre\bin\server\jvm.dll
0x00007ffecf1d0000 - 0x00007ffecf1d8000 	C:\Windows\system32\PSAPI.DLL
0x00007ffec9d40000 - 0x00007ffec9d63000 	C:\Windows\SYSTEM32\WINMM.dll
0x00007ffec1700000 - 0x00007ffec170a000 	C:\Windows\SYSTEM32\VERSION.dll
0x00007ffec8ed0000 - 0x00007ffec8ed9000 	C:\Windows\SYSTEM32\WSOCK32.dll
0x00007ffece560000 - 0x00007ffece5cb000 	C:\Windows\system32\WS2_32.dll
0x00007ffec9bf0000 - 0x00007ffec9c1c000 	C:\Windows\SYSTEM32\WINMMBASE.dll
0x00007ffecbbd0000 - 0x00007ffecbc13000 	C:\Windows\system32\cfgmgr32.dll
0x00007ffec8e10000 - 0x00007ffec8e1f000 	E:\Android\android-studio-ide-145.2915834-windows\jre\jre\bin\verify.dll
0x00007ffec8d10000 - 0x00007ffec8d39000 	E:\Android\android-studio-ide-145.2915834-windows\jre\jre\bin\java.dll
0x00007ffec8cd0000 - 0x00007ffec8ce6000 	E:\Android\android-studio-ide-145.2915834-windows\jre\jre\bin\zip.dll
0x00007ffeccf60000 - 0x00007ffece4bc000 	C:\Windows\system32\SHELL32.dll
0x00007ffecbce0000 - 0x00007ffecc325000 	C:\Windows\system32\windows.storage.dll
0x00007ffecea80000 - 0x00007ffecead2000 	C:\Windows\system32\shlwapi.dll
0x00007ffecba90000 - 0x00007ffecba9f000 	C:\Windows\system32\kernel.appcore.dll
0x00007ffecbc20000 - 0x00007ffecbcd5000 	C:\Windows\system32\shcore.dll
0x00007ffecba30000 - 0x00007ffecba7b000 	C:\Windows\system32\powrprof.dll
0x00007ffecbaa0000 - 0x00007ffecbab4000 	C:\Windows\system32\profapi.dll

VM Arguments:
jvm_args: -Djava.awt.headless=true -Xmx1024M -Dfile.encoding=GBK -Duser.country=CN -Duser.language=zh -Duser.variant 
java_command: com.android.dx.command.Main --dex --num-threads=4 --output E:\Teapopo\app\build\intermediates\pre-dexed\debug\debug_a522b71e7afbff9183502dd320454d14b0b13bcb.jar E:\Teapopo\app\build\intermediates\classes\debug
java_class_path (initial): C:\Users\lhq\AppData\Local\Android\sdk\build-tools\23.0.3\lib\dx.jar
Launcher Type: SUN_STANDARD

Environment Variables:
JAVA_HOME=C:\Program Files\Java\jdk1.8.0_91
PATH=C:\ProgramData\Oracle\Java\javapath;C:\Windows\system32;C:\Windows;C:\Windows\System32\Wbem;C:\Windows\System32\WindowsPowerShell\v1.0\;C:\Users\lhq\AppData\Local\Android\sdk\platform-tools;C:\Users\lhq\AppData\Local\Android\sdk\tools;C:\Program Files\Java\jdk1.8.0_91\bin;C:\Program Files\Java\jdk1.8.0_91\jre\bin
USERNAME=lhq
OS=Windows_NT
PROCESSOR_IDENTIFIER=Intel64 Family 6 Model 69 Stepping 1, GenuineIntel



---------------  S Y S T E M  ---------------

OS: Windows 10.0 , 64 bit Build 10586 (10.0.10586.0)

CPU:total 4 (2 cores per cpu, 2 threads per core) family 6 model 69 stepping 1, cmov, cx8, fxsr, mmx, sse, sse2, sse3, ssse3, sse4.1, sse4.2, popcnt, avx, avx2, aes, clmul, erms, lzcnt, ht, tsc, tscinvbit, bmi1, bmi2

Memory: 4k page, physical 8067548k(593068k free), swap 8067548k(5248k free)

vm_info: OpenJDK 64-Bit Server VM (25.76-b01) for windows-amd64 JRE (1.8.0_76-release-b01), built on May 12 2016 23:29:00 by "ralucas" with MS VC++ 10.0 (VS2010)

time: Thu Jul 07 09:32:29 2016
elapsed time: 1 seconds (0d 0h 0m 1s)

