#
# There is insufficient memory for the Java Runtime Environment to continue.
# Native memory allocation (malloc) failed to allocate 394032 bytes for Chunk::new
# Possible reasons:
#   The system is out of physical RAM or swap space
#   In 32 bit mode, the process size limit was hit
# Possible solutions:
#   Reduce memory load on the system
#   Increase physical memory or swap space
#   Check if swap backing store is full
#   Use 64 bit Java on a 64 bit OS
#   Decrease Java heap size (-Xmx/-Xms)
#   Decrease number of Java threads
#   Decrease Java thread stack sizes (-Xss)
#   Set larger code cache with -XX:ReservedCodeCacheSize=
# This output file may be truncated or incomplete.
#
#  Out of Memory Error (allocation.cpp:390), pid=66076, tid=0x0000000000010354
#
# JRE version: OpenJDK Runtime Environment (8.0_76-b01) (build 1.8.0_76-release-b01)
# Java VM: OpenJDK 64-Bit Server VM (25.76-b01 mixed mode windows-amd64 compressed oops)
# Failed to write core dump. Minidumps are not enabled by default on client versions of Windows
#

---------------  T H R E A D  ---------------

Current thread (0x0000000016326000):  JavaThread "C2 CompilerThread1" daemon [_thread_in_native, id=66388, stack(0x00000000166d0000,0x00000000167d0000)]

Stack: [0x00000000166d0000,0x00000000167d0000]
[error occurred during error reporting (printing stack bounds), id 0xc0000005]

Native frames: (J=compiled Java code, j=interpreted, Vv=VM code, C=native code)


Current CompileTask:
C2:   1867 1029       4       com.android.dx.dex.code.OutputFinisher::addConstants (93 bytes)


---------------  P R O C E S S  ---------------

Java Threads: ( => current thread )
  0x000000001632d800 JavaThread "Service Thread" daemon [_thread_blocked, id=66432, stack(0x00000000168d0000,0x00000000169d0000)]
  0x0000000016329000 JavaThread "C1 CompilerThread2" daemon [_thread_blocked, id=66416, stack(0x00000000167d0000,0x00000000168d0000)]
=>0x0000000016326000 JavaThread "C2 CompilerThread1" daemon [_thread_in_native, id=66388, stack(0x00000000166d0000,0x00000000167d0000)]
  0x0000000014cc9000 JavaThread "C2 CompilerThread0" daemon [_thread_blocked, id=66372, stack(0x00000000161d0000,0x00000000162d0000)]
  0x0000000014c7d000 JavaThread "Attach Listener" daemon [_thread_blocked, id=66368, stack(0x00000000160d0000,0x00000000161d0000)]
  0x0000000014c7c000 JavaThread "Signal Dispatcher" daemon [_thread_blocked, id=66364, stack(0x0000000015fd0000,0x00000000160d0000)]
  0x0000000014c58800 JavaThread "Finalizer" daemon [_thread_blocked, id=66332, stack(0x0000000015ed0000,0x0000000015fd0000)]
  0x0000000002590000 JavaThread "Reference Handler" daemon [_thread_blocked, id=66320, stack(0x0000000015dd0000,0x0000000015ed0000)]
  0x00000000024a0800 JavaThread "main" [_thread_in_Java, id=66236, stack(0x0000000002370000,0x0000000002470000)]

Other Threads:
  0x0000000014c35800 VMThread [stack: 0x0000000015cd0000,0x0000000015dd0000] [id=66308]
  0x0000000016331000 WatcherThread [stack: 0x00000000169d0000,0x0000000016ad0000] [id=66436]

VM state:not at safepoint (normal execution)

VM Mutex/Monitor currently owned by a thread: None

Heap:
 PSYoungGen      total 36864K, used 21875K [0x00000000eab00000, 0x00000000ed400000, 0x0000000100000000)
  eden space 31744K, 68% used [0x00000000eab00000,0x00000000ec05cda8,0x00000000eca00000)
  from space 5120K, 0% used [0x00000000ecf00000,0x00000000ecf00000,0x00000000ed400000)
  to   space 5120K, 0% used [0x00000000eca00000,0x00000000eca00000,0x00000000ecf00000)
 ParOldGen       total 84992K, used 0K [0x00000000c0000000, 0x00000000c5300000, 0x00000000eab00000)
  object space 84992K, 0% used [0x00000000c0000000,0x00000000c0000000,0x00000000c5300000)
 Metaspace       used 5969K, capacity 6896K, committed 7040K, reserved 1056768K
  class space    used 589K, capacity 616K, committed 640K, reserved 1048576K

Card table byte_map: [0x0000000011960000,0x0000000011b70000] byte_map_base: 0x0000000011360000

Marking Bits: (ParMarkBitMap*) 0x0000000076459d00
 Begin Bits: [0x00000000120d0000, 0x00000000130d0000)
 End Bits:   [0x00000000130d0000, 0x00000000140d0000)

Polling page: 0x0000000000500000

CodeCache: size=245760Kb used=4208Kb max_used=4220Kb free=241552Kb
 bounds [0x00000000025a0000, 0x00000000029d0000, 0x00000000115a0000]
 total_blobs=1357 nmethods=1087 adapters=184
 compilation: enabled

Compilation events (10 events):
Event: 1.796 Thread 0x0000000016329000 1084       3       com.android.dx.dex.code.LocalList$MakeState::aboutToProcess (127 bytes)
Event: 1.797 Thread 0x0000000014cc9000 1087       4       java.util.Arrays::equals (78 bytes)
Event: 1.797 Thread 0x0000000016329000 nmethod 1084 0x00000000029bafd0 code [0x00000000029bb1c0, 0x00000000029bbb68]
Event: 1.797 Thread 0x0000000016329000 1085       3       com.android.dx.dex.code.LocalList$MakeState::snapshot (110 bytes)
Event: 1.798 Thread 0x0000000016329000 nmethod 1085 0x00000000029bbf50 code [0x00000000029bc1e0, 0x00000000029bd358]
Event: 1.798 Thread 0x0000000016329000 1086       3       com.android.dx.rop.code.RegisterSpecSet::getMaxSize (6 bytes)
Event: 1.798 Thread 0x0000000016329000 nmethod 1086 0x00000000029b7250 code [0x00000000029b73a0, 0x00000000029b74f0]
Event: 1.798 Thread 0x0000000016329000 1088       3       com.android.dx.dex.code.InsnFormat::unsignedFitsInNibble (14 bytes)
Event: 1.799 Thread 0x0000000016329000 nmethod 1088 0x00000000029bddd0 code [0x00000000029bdf20, 0x00000000029be0b0]
Event: 1.806 Thread 0x0000000014cc9000 nmethod 1087 0x00000000029c1490 code [0x00000000029c1600, 0x00000000029c1d18]

GC Heap History (0 events):
No events

Deoptimization events (10 events):
Event: 1.738 Thread 0x0000000016546800 Uncommon trap: reason=class_check action=maybe_recompile pc=0x00000000028c1cec method=com.android.dx.ssa.NormalSsaInsn.accept(Lcom/android/dx/ssa/SsaInsn$Visitor;)V @ 9
Event: 1.758 Thread 0x00000000024a0800 Uncommon trap: reason=bimorphic action=maybe_recompile pc=0x000000000295f7dc method=java.util.HashMap.getNode(ILjava/lang/Object;)Ljava/util/HashMap$Node; @ 126
Event: 1.767 Thread 0x00000000024a0800 Uncommon trap: reason=class_check action=maybe_recompile pc=0x000000000296e050 method=java.util.HashMap.putVal(ILjava/lang/Object;Ljava/lang/Object;ZZ)Ljava/lang/Object; @ 203
Event: 1.772 Thread 0x00000000024a0800 Uncommon trap: reason=bimorphic action=maybe_recompile pc=0x000000000295f7dc method=java.util.HashMap.getNode(ILjava/lang/Object;)Ljava/util/HashMap$Node; @ 126
Event: 1.772 Thread 0x00000000024a0800 Uncommon trap: reason=bimorphic action=maybe_recompile pc=0x000000000295f7dc method=java.util.HashMap.getNode(ILjava/lang/Object;)Ljava/util/HashMap$Node; @ 126
Event: 1.772 Thread 0x00000000024a0800 Uncommon trap: reason=bimorphic action=maybe_recompile pc=0x000000000295f7dc method=java.util.HashMap.getNode(ILjava/lang/Object;)Ljava/util/HashMap$Node; @ 126
Event: 1.792 Thread 0x00000000024a0800 Uncommon trap: reason=speculate_class_check action=maybe_recompile pc=0x00000000028e62bc method=com.android.dx.util.FixedSizeList.equals(Ljava/lang/Object;)Z @ 25
Event: 1.796 Thread 0x00000000024a0800 Uncommon trap: reason=speculate_class_check action=maybe_recompile pc=0x00000000028e62bc method=com.android.dx.util.FixedSizeList.equals(Ljava/lang/Object;)Z @ 25
Event: 1.796 Thread 0x00000000024a0800 Uncommon trap: reason=speculate_class_check action=maybe_recompile pc=0x00000000028e62bc method=com.android.dx.util.FixedSizeList.equals(Ljava/lang/Object;)Z @ 25
Event: 1.797 Thread 0x00000000024a0800 Uncommon trap: reason=speculate_class_check action=maybe_recompile pc=0x00000000028e62bc method=com.android.dx.util.FixedSizeList.equals(Ljava/lang/Object;)Z @ 25

Internal exceptions (2 events):
Event: 0.042 Thread 0x00000000024a0800 Exception <a 'java/lang/NoSuchMethodError': Method sun.misc.Unsafe.defineClass(Ljava/lang/String;[BII)Ljava/lang/Class; name or signature does not match> (0x00000000eab07cc0) thrown at [C:\src\android\AOSP-openjdk\external\jetbrains\jdk\hotspot\src\share\vüUQà¶n¥?
Event: 0.042 Thread 0x00000000024a0800 Exception <a 'java/lang/NoSuchMethodError': Method sun.misc.Unsafe.prefetchRead(Ljava/lang/Object;J)V name or signature does not match> (0x00000000eab07fa8) thrown at [C:\src\android\AOSP-openjdk\external\jetbrains\jdk\hotspot\src\share\vm\prims\jni.cpp, l

Events (10 events):
Event: 1.793 loading class com/android/dx/util/ByteArrayAnnotatedOutput done
Event: 1.796 Thread 0x00000000024a0800 Uncommon trap: trap_request=0xffffff76 fr.pc=0x00000000028e62bc
Event: 1.796 Thread 0x00000000024a0800 DEOPT PACKING pc=0x00000000028e62bc sp=0x000000000246f140
Event: 1.796 Thread 0x00000000024a0800 DEOPT UNPACKING pc=0x00000000025e556a sp=0x000000000246f100 mode 2
Event: 1.796 Thread 0x00000000024a0800 Uncommon trap: trap_request=0xffffff76 fr.pc=0x00000000028e62bc
Event: 1.796 Thread 0x00000000024a0800 DEOPT PACKING pc=0x00000000028e62bc sp=0x000000000246f140
Event: 1.797 Thread 0x00000000024a0800 DEOPT UNPACKING pc=0x00000000025e556a sp=0x000000000246f100 mode 2
Event: 1.797 Thread 0x00000000024a0800 Uncommon trap: trap_request=0xffffff76 fr.pc=0x00000000028e62bc
Event: 1.797 Thread 0x00000000024a0800 DEOPT PACKING pc=0x00000000028e62bc sp=0x000000000246f140
Event: 1.797 Thread 0x00000000024a0800 DEOPT UNPACKING pc=0x00000000025e556a sp=0x000000000246f100 mode 2


Dynamic libraries:
0x00007ff6beda0000 - 0x00007ff6bedd5000 	E:\Android\android-studio-ide-145.2915834-windows\jre\bin\java.exe
0x00007ffc71010000 - 0x00007ffc711d1000 	C:\Windows\SYSTEM32\ntdll.dll
0x00007ffc70e50000 - 0x00007ffc70efd000 	C:\Windows\system32\KERNEL32.DLL
0x00007ffc6da90000 - 0x00007ffc6dc78000 	C:\Windows\system32\KERNELBASE.dll
0x00007ffc6eb70000 - 0x00007ffc6ec17000 	C:\Windows\system32\ADVAPI32.dll
0x00007ffc70f00000 - 0x00007ffc70f9d000 	C:\Windows\system32\msvcrt.dll
0x00007ffc6eb10000 - 0x00007ffc6eb6b000 	C:\Windows\system32\sechost.dll
0x00007ffc6ec80000 - 0x00007ffc6ed9c000 	C:\Windows\system32\RPCRT4.dll
0x00007ffc6f0f0000 - 0x00007ffc6f246000 	C:\Windows\system32\USER32.dll
0x00007ffc70960000 - 0x00007ffc70ae6000 	C:\Windows\system32\GDI32.dll
0x00007ffc5ff30000 - 0x00007ffc601a4000 	C:\Windows\WinSxS\amd64_microsoft.windows.common-controls_6595b64144ccf1df_6.0.10586.0_none_8c15ae12515e1c22\COMCTL32.dll
0x00007ffc6eda0000 - 0x00007ffc6f01d000 	C:\Windows\system32\combase.dll
0x00007ffc6d9a0000 - 0x00007ffc6da0a000 	C:\Windows\system32\bcryptPrimitives.dll
0x00007ffc6ec20000 - 0x00007ffc6ec5b000 	C:\Windows\system32\IMM32.DLL
0x0000000075bc0000 - 0x0000000075c92000 	E:\Android\android-studio-ide-145.2915834-windows\jre\jre\bin\msvcr100.dll
0x0000000075ca0000 - 0x00000000764d4000 	E:\Android\android-studio-ide-145.2915834-windows\jre\jre\bin\server\jvm.dll
0x00007ffc70c70000 - 0x00007ffc70c78000 	C:\Windows\system32\PSAPI.DLL
0x00007ffc6bc20000 - 0x00007ffc6bc29000 	C:\Windows\SYSTEM32\WSOCK32.dll
0x00007ffc70af0000 - 0x00007ffc70b5b000 	C:\Windows\system32\WS2_32.dll
0x00007ffc6b5f0000 - 0x00007ffc6b613000 	C:\Windows\SYSTEM32\WINMM.dll
0x00007ffc62e40000 - 0x00007ffc62e4a000 	C:\Windows\SYSTEM32\VERSION.dll
0x00007ffc6b590000 - 0x00007ffc6b5bc000 	C:\Windows\SYSTEM32\WINMMBASE.dll
0x00007ffc6d780000 - 0x00007ffc6d7c3000 	C:\Windows\system32\cfgmgr32.dll
0x00007ffc6bc10000 - 0x00007ffc6bc1f000 	E:\Android\android-studio-ide-145.2915834-windows\jre\jre\bin\verify.dll
0x00007ffc68150000 - 0x00007ffc68179000 	E:\Android\android-studio-ide-145.2915834-windows\jre\jre\bin\java.dll
0x00007ffc6bbd0000 - 0x00007ffc6bbe6000 	E:\Android\android-studio-ide-145.2915834-windows\jre\jre\bin\zip.dll
0x00007ffc6f400000 - 0x00007ffc7095c000 	C:\Windows\system32\SHELL32.dll
0x00007ffc6ddc0000 - 0x00007ffc6e405000 	C:\Windows\system32\windows.storage.dll
0x00007ffc70c80000 - 0x00007ffc70cd2000 	C:\Windows\system32\shlwapi.dll
0x00007ffc6d660000 - 0x00007ffc6d66f000 	C:\Windows\system32\kernel.appcore.dll
0x00007ffc6d6c0000 - 0x00007ffc6d775000 	C:\Windows\system32\shcore.dll
0x00007ffc6d670000 - 0x00007ffc6d6bb000 	C:\Windows\system32\powrprof.dll
0x00007ffc6d630000 - 0x00007ffc6d644000 	C:\Windows\system32\profapi.dll

VM Arguments:
jvm_args: -Djava.awt.headless=true -Xmx1024M -Dfile.encoding=GBK -Duser.country=CN -Duser.language=zh -Duser.variant 
java_command: com.android.dx.command.Main --dex --num-threads=4 --output E:\Teapopo\app\build\intermediates\pre-dexed\debug\ShareSDK-YouDao-2.7.1_0132f184e6715533640a2311237a9f4b85602a77.jar E:\Teapopo\app\libs\ShareSDK-YouDao-2.7.1.jar
java_class_path (initial): C:\Users\lhq\AppData\Local\Android\sdk\build-tools\23.0.3\lib\dx.jar
Launcher Type: SUN_STANDARD

Environment Variables:
JAVA_HOME=C:\Program Files\Java\jdk1.8.0_91
PATH=C:\ProgramData\Oracle\Java\javapath;C:\Windows\system32;C:\Windows;C:\Windows\System32\Wbem;C:\Windows\System32\WindowsPowerShell\v1.0\;C:\Users\lhq\AppData\Local\Android\sdk\platform-tools;C:\Users\lhq\AppData\Local\Android\sdk\tools;C:\Program Files\Java\jdk1.8.0_91\bin;C:\Program Files\Java\jdk1.8.0_91\jre\bin
USERNAME=lhq
OS=Windows_NT
PROCESSOR_IDENTIFIER=Intel64 Family 6 Model 69 Stepping 1, GenuineIntel



---------------  S Y S T E M  ---------------

OS: Windows 10.0 , 64 bit Build 10586 (10.0.10586.0)

CPU:total 4 (2 cores per cpu, 2 threads per core) family 6 model 69 stepping 1, cmov, cx8, fxsr, mmx, sse, sse2, sse3, ssse3, sse4.1, sse4.2, popcnt, avx, avx2, aes, clmul, erms, lzcnt, ht, tsc, tscinvbit, bmi1, bmi2

Memory: 4k page, physical 8067548k(1020356k free), swap 8067548k(5328k free)

vm_info: OpenJDK 64-Bit Server VM (25.76-b01) for windows-amd64 JRE (1.8.0_76-release-b01), built on May 12 2016 23:29:00 by "ralucas" with MS VC++ 10.0 (VS2010)

time: Mon Jul 04 16:18:47 2016
elapsed time: 1 seconds (0d 0h 0m 1s)

