#
# There is insufficient memory for the Java Runtime Environment to continue.
# Native memory allocation (malloc) failed to allocate 1048576 bytes for AllocateHeap
# Possible reasons:
#   The system is out of physical RAM or swap space
#   In 32 bit mode, the process size limit was hit
# Possible solutions:
#   Reduce memory load on the system
#   Increase physical memory or swap space
#   Check if swap backing store is full
#   Use 64 bit Java on a 64 bit OS
#   Decrease Java heap size (-Xmx/-Xms)
#   Decrease number of Java threads
#   Decrease Java thread stack sizes (-Xss)
#   Set larger code cache with -XX:ReservedCodeCacheSize=
# This output file may be truncated or incomplete.
#
#  Out of Memory Error (memory/allocation.inline.hpp:61), pid=89228, tid=0x0000000000015ec8
#
# JRE version:  (8.0_76-b01) (build )
# Java VM: OpenJDK 64-Bit Server VM (25.76-b01 mixed mode windows-amd64 compressed oops)
# Failed to write core dump. Minidumps are not enabled by default on client versions of Windows
#

---------------  T H R E A D  ---------------

Current thread (0x0000000002490800):  JavaThread "Unknown thread" [_thread_in_vm, id=89800, stack(0x0000000001f40000,0x0000000002040000)]

Stack: [0x0000000001f40000,0x0000000002040000]
[error occurred during error reporting (printing stack bounds), id 0xc0000005]

Native frames: (J=compiled Java code, j=interpreted, Vv=VM code, C=native code)


---------------  P R O C E S S  ---------------

Java Threads: ( => current thread )

Other Threads:

=>0x0000000002490800 (exited) JavaThread "Unknown thread" [_thread_in_vm, id=89800, stack(0x0000000001f40000,0x0000000002040000)]

VM state:not at safepoint (normal execution)

VM Mutex/Monitor currently owned by a thread: None

Heap:
 PSYoungGen      total 36864K, used 634K [0x00000000eab00000, 0x00000000ed400000, 0x0000000100000000)
  eden space 31744K, 2% used [0x00000000eab00000,0x00000000eab9eb90,0x00000000eca00000)
  from space 5120K, 0% used [0x00000000ecf00000,0x00000000ecf00000,0x00000000ed400000)
  to   space 5120K, 0% used [0x00000000eca00000,0x00000000eca00000,0x00000000ecf00000)
 ParOldGen       total 84992K, used 0K [0x00000000c0000000, 0x00000000c5300000, 0x00000000eab00000)
  object space 84992K, 0% used [0x00000000c0000000,0x00000000c0000000,0x00000000c5300000)
 Metaspace       used 771K, capacity 4480K, committed 4480K, reserved 1056768K
  class space    used 73K, capacity 384K, committed 384K, reserved 1048576K

Card table byte_map: [0x0000000011950000,0x0000000011b60000] byte_map_base: 0x0000000011350000

Marking Bits: (ParMarkBitMap*) 0x000000005f499d00
 Begin Bits: [0x00000000120c0000, 0x00000000130c0000)
 End Bits:   [0x00000000130c0000, 0x00000000140c0000)

Polling page: 0x0000000000450000

CodeCache: size=245760Kb used=328Kb max_used=328Kb free=245431Kb
 bounds [0x0000000002590000, 0x0000000002800000, 0x0000000011590000]
 total_blobs=57 nmethods=0 adapters=38
 compilation: enabled

Compilation events (0 events):
No events

GC Heap History (0 events):
No events

Deoptimization events (0 events):
No events

Internal exceptions (0 events):
No events

Events (10 events):
Event: 0.029 loading class java/lang/Short
Event: 0.029 loading class java/lang/Short done
Event: 0.029 loading class java/lang/Integer
Event: 0.029 loading class java/lang/Integer done
Event: 0.029 loading class java/lang/Long
Event: 0.030 loading class java/lang/Long done
Event: 0.031 loading class java/lang/NullPointerException
Event: 0.031 loading class java/lang/NullPointerException done
Event: 0.031 loading class java/lang/ArithmeticException
Event: 0.031 loading class java/lang/ArithmeticException done


Dynamic libraries:
0x00007ff6a3010000 - 0x00007ff6a3045000 	E:\Android\android-studio-ide-145.2915834-windows\jre\bin\java.exe
0x00007ffecf410000 - 0x00007ffecf5d1000 	C:\Windows\SYSTEM32\ntdll.dll
0x00007ffecef70000 - 0x00007ffecf01d000 	C:\Windows\system32\KERNEL32.DLL
0x00007ffecc330000 - 0x00007ffecc518000 	C:\Windows\system32\KERNELBASE.dll
0x00007ffecc9e0000 - 0x00007ffecca87000 	C:\Windows\system32\ADVAPI32.dll
0x00007ffece4c0000 - 0x00007ffece55d000 	C:\Windows\system32\msvcrt.dll
0x00007ffeccd10000 - 0x00007ffeccd6b000 	C:\Windows\system32\sechost.dll
0x00007ffece730000 - 0x00007ffece84c000 	C:\Windows\system32\RPCRT4.dll
0x00007ffece920000 - 0x00007ffecea76000 	C:\Windows\system32\USER32.dll
0x00007ffeccd90000 - 0x00007ffeccf16000 	C:\Windows\system32\GDI32.dll
0x00007ffebe600000 - 0x00007ffebe874000 	C:\Windows\WinSxS\amd64_microsoft.windows.common-controls_6595b64144ccf1df_6.0.10586.0_none_8c15ae12515e1c22\COMCTL32.dll
0x00007ffecca90000 - 0x00007ffeccd0d000 	C:\Windows\system32\combase.dll
0x00007ffecc520000 - 0x00007ffecc58a000 	C:\Windows\system32\bcryptPrimitives.dll
0x00007ffeccf20000 - 0x00007ffeccf5b000 	C:\Windows\system32\IMM32.DLL
0x00000000600f0000 - 0x00000000601c2000 	E:\Android\android-studio-ide-145.2915834-windows\jre\jre\bin\msvcr100.dll
0x000000005ece0000 - 0x000000005f514000 	E:\Android\android-studio-ide-145.2915834-windows\jre\jre\bin\server\jvm.dll
0x00007ffecf1d0000 - 0x00007ffecf1d8000 	C:\Windows\system32\PSAPI.DLL
0x00007ffec8ed0000 - 0x00007ffec8ed9000 	C:\Windows\SYSTEM32\WSOCK32.dll
0x00007ffece560000 - 0x00007ffece5cb000 	C:\Windows\system32\WS2_32.dll
0x00007ffec9d40000 - 0x00007ffec9d63000 	C:\Windows\SYSTEM32\WINMM.dll
0x00007ffec1700000 - 0x00007ffec170a000 	C:\Windows\SYSTEM32\VERSION.dll
0x00007ffec9bf0000 - 0x00007ffec9c1c000 	C:\Windows\SYSTEM32\WINMMBASE.dll
0x00007ffecbbd0000 - 0x00007ffecbc13000 	C:\Windows\system32\cfgmgr32.dll
0x00007ffec8e10000 - 0x00007ffec8e1f000 	E:\Android\android-studio-ide-145.2915834-windows\jre\jre\bin\verify.dll
0x00007ffec8d10000 - 0x00007ffec8d39000 	E:\Android\android-studio-ide-145.2915834-windows\jre\jre\bin\java.dll
0x00007ffec8cd0000 - 0x00007ffec8ce6000 	E:\Android\android-studio-ide-145.2915834-windows\jre\jre\bin\zip.dll

VM Arguments:
jvm_args: -Djava.awt.headless=true -Xmx1024M -Dfile.encoding=GBK -Duser.country=CN -Duser.language=zh -Duser.variant 
java_command: com.android.dx.command.Main --dex --num-threads=4 --output E:\Teapopo\app\build\intermediates\pre-dexed\debug\adapter-rxjava-2.0.2_26f3963087a27c2b4d0505e1e42bbb509fa0a4b0.jar C:\Users\lhq\.gradle\caches\modules-2\files-2.1\com.squareup.retrofit2\adapter-rxjava\2.0.2\a60c039ba54c73d1133b72178e1b04133c73d13d\adapter-rxjava-2.0.2.jar
java_class_path (initial): C:\Users\lhq\AppData\Local\Android\sdk\build-tools\23.0.3\lib\dx.jar
Launcher Type: SUN_STANDARD

Environment Variables:
JAVA_HOME=C:\Program Files\Java\jdk1.8.0_91
PATH=C:\ProgramData\Oracle\Java\javapath;C:\Windows\system32;C:\Windows;C:\Windows\System32\Wbem;C:\Windows\System32\WindowsPowerShell\v1.0\;C:\Users\lhq\AppData\Local\Android\sdk\platform-tools;C:\Users\lhq\AppData\Local\Android\sdk\tools;C:\Program Files\Java\jdk1.8.0_91\bin;C:\Program Files\Java\jdk1.8.0_91\jre\bin
USERNAME=lhq
OS=Windows_NT
PROCESSOR_IDENTIFIER=Intel64 Family 6 Model 69 Stepping 1, GenuineIntel



---------------  S Y S T E M  ---------------

OS: Windows 10.0 , 64 bit Build 10586 (10.0.10586.0)

CPU:total 4 (2 cores per cpu, 2 threads per core) family 6 model 69 stepping 1, cmov, cx8, fxsr, mmx, sse, sse2, sse3, ssse3, sse4.1, sse4.2, popcnt, avx, avx2, aes, clmul, erms, lzcnt, ht, tsc, tscinvbit, bmi1, bmi2

Memory: 4k page, physical 8067548k(769076k free), swap 8067548k(5336k free)

vm_info: OpenJDK 64-Bit Server VM (25.76-b01) for windows-amd64 JRE (1.8.0_76-release-b01), built on May 12 2016 23:29:00 by "ralucas" with MS VC++ 10.0 (VS2010)

time: Thu Jul 07 09:32:59 2016
elapsed time: 0 seconds (0d 0h 0m 0s)

