#
# There is insufficient memory for the Java Runtime Environment to continue.
# Native memory allocation (malloc) failed to allocate 32744 bytes for ChunkPool::allocate
# Possible reasons:
#   The system is out of physical RAM or swap space
#   In 32 bit mode, the process size limit was hit
# Possible solutions:
#   Reduce memory load on the system
#   Increase physical memory or swap space
#   Check if swap backing store is full
#   Use 64 bit Java on a 64 bit OS
#   Decrease Java heap size (-Xmx/-Xms)
#   Decrease number of Java threads
#   Decrease Java thread stack sizes (-Xss)
#   Set larger code cache with -XX:ReservedCodeCacheSize=
# This output file may be truncated or incomplete.
#
#  Out of Memory Error (allocation.cpp:273), pid=170252, tid=0x0000000000029bb8
#
# JRE version: OpenJDK Runtime Environment (8.0_76-b01) (build 1.8.0_76-release-b01)
# Java VM: OpenJDK 64-Bit Server VM (25.76-b01 mixed mode windows-amd64 compressed oops)
# Failed to write core dump. Minidumps are not enabled by default on client versions of Windows
#

---------------  T H R E A D  ---------------

Current thread (0x0000000016368000):  JavaThread "C1 CompilerThread2" daemon [_thread_in_native, id=170936, stack(0x0000000016810000,0x0000000016910000)]

Stack: [0x0000000016810000,0x0000000016910000]
[error occurred during error reporting (printing stack bounds), id 0xc0000005]

Native frames: (J=compiled Java code, j=interpreted, Vv=VM code, C=native code)


Current CompileTask:
C1:   1308  437   !   3       com.android.dx.cf.code.BytecodeArray::parseInstruction (2764 bytes)


---------------  P R O C E S S  ---------------

Java Threads: ( => current thread )
  0x0000000016592800 JavaThread "pool-1-thread-4" [_thread_in_Java, id=169652, stack(0x0000000016f10000,0x0000000017010000)]
  0x0000000016591000 JavaThread "pool-1-thread-3" [_thread_in_Java, id=168976, stack(0x0000000016e10000,0x0000000016f10000)]
  0x000000001658c800 JavaThread "pool-1-thread-2" [_thread_blocked, id=170956, stack(0x0000000016d10000,0x0000000016e10000)]
  0x0000000016586000 JavaThread "pool-2-thread-1" [_thread_blocked, id=168428, stack(0x0000000016c10000,0x0000000016d10000)]
  0x0000000016585800 JavaThread "pool-1-thread-1" [_thread_in_vm, id=170536, stack(0x0000000016b10000,0x0000000016c10000)]
  0x000000001636e800 JavaThread "Service Thread" daemon [_thread_blocked, id=170000, stack(0x0000000016910000,0x0000000016a10000)]
=>0x0000000016368000 JavaThread "C1 CompilerThread2" daemon [_thread_in_native, id=170936, stack(0x0000000016810000,0x0000000016910000)]
  0x0000000016365000 JavaThread "C2 CompilerThread1" daemon [_thread_blocked, id=170004, stack(0x0000000016710000,0x0000000016810000)]
  0x0000000014cad800 JavaThread "C2 CompilerThread0" daemon [_thread_blocked, id=170008, stack(0x0000000016210000,0x0000000016310000)]
  0x0000000014cac000 JavaThread "Attach Listener" daemon [_thread_blocked, id=170016, stack(0x0000000016110000,0x0000000016210000)]
  0x0000000014cab000 JavaThread "Signal Dispatcher" daemon [_thread_blocked, id=171000, stack(0x0000000016010000,0x0000000016110000)]
  0x0000000014c88000 JavaThread "Finalizer" daemon [_thread_blocked, id=162968, stack(0x0000000015f10000,0x0000000016010000)]
  0x00000000025c0000 JavaThread "Reference Handler" daemon [_thread_blocked, id=169808, stack(0x0000000015e10000,0x0000000015f10000)]
  0x00000000024d0800 JavaThread "main" [_thread_blocked, id=170652, stack(0x00000000023d0000,0x00000000024d0000)]

Other Threads:
  0x0000000014c65800 VMThread [stack: 0x0000000015d10000,0x0000000015e10000] [id=169604]
  0x0000000016372000 WatcherThread [stack: 0x0000000016a10000,0x0000000016b10000] [id=167304]

VM state:not at safepoint (normal execution)

VM Mutex/Monitor currently owned by a thread: None

Heap:
 PSYoungGen      total 36864K, used 11432K [0x00000000eab00000, 0x00000000ed400000, 0x0000000100000000)
  eden space 31744K, 36% used [0x00000000eab00000,0x00000000eb62a0f8,0x00000000eca00000)
  from space 5120K, 0% used [0x00000000ecf00000,0x00000000ecf00000,0x00000000ed400000)
  to   space 5120K, 0% used [0x00000000eca00000,0x00000000eca00000,0x00000000ecf00000)
 ParOldGen       total 84992K, used 0K [0x00000000c0000000, 0x00000000c5300000, 0x00000000eab00000)
  object space 84992K, 0% used [0x00000000c0000000,0x00000000c0000000,0x00000000c5300000)
 Metaspace       used 5425K, capacity 6448K, committed 6528K, reserved 1056768K
  class space    used 570K, capacity 616K, committed 640K, reserved 1048576K

Card table byte_map: [0x0000000011990000,0x0000000011ba0000] byte_map_base: 0x0000000011390000

Marking Bits: (ParMarkBitMap*) 0x000000005f499d00
 Begin Bits: [0x0000000012100000, 0x0000000013100000)
 End Bits:   [0x0000000013100000, 0x0000000014100000)

Polling page: 0x0000000000450000

CodeCache: size=245760Kb used=1965Kb max_used=1977Kb free=243794Kb
 bounds [0x00000000025d0000, 0x0000000002840000, 0x00000000115d0000]
 total_blobs=707 nmethods=437 adapters=184
 compilation: enabled

Compilation events (10 events):
Event: 1.294 Thread 0x0000000016368000  432       1       com.android.dx.cf.code.BaseMachine::getInitValues (5 bytes)
Event: 1.294 Thread 0x0000000016368000 nmethod 432 0x00000000027bac50 code [0x00000000027bada0, 0x00000000027baeb0]
Event: 1.295 Thread 0x0000000016365000 nmethod 419 0x00000000027bdb90 code [0x00000000027bdcc0, 0x00000000027bdd38]
Event: 1.295 Thread 0x0000000016368000  434       3       com.android.dx.util.BitIntSet::ensureCapacity (51 bytes)
Event: 1.296 Thread 0x0000000016368000 nmethod 434 0x00000000027bd390 code [0x00000000027bd520, 0x00000000027bd9c8]
Event: 1.296 Thread 0x0000000016368000  436       3       com.android.dx.cf.code.OneLocalsArray::getOrNull (7 bytes)
Event: 1.296 Thread 0x0000000016368000 nmethod 436 0x00000000027bcfd0 code [0x00000000027bd120, 0x00000000027bd290]
Event: 1.296 Thread 0x0000000016368000  437   !   3       com.android.dx.cf.code.BytecodeArray::parseInstruction (2764 bytes)
Event: 1.297 Thread 0x0000000014cad800  442       4       java.util.ArrayList$Itr::next (66 bytes)
Event: 1.299 Thread 0x0000000014cad800 nmethod 442 0x00000000027bb710 code [0x00000000027bb860, 0x00000000027bb978]

GC Heap History (0 events):
No events

Deoptimization events (1 events):
Event: 0.330 Thread 0x00000000024d0800 Uncommon trap: reason=unstable_if action=reinterpret pc=0x000000000270fad4 method=java.lang.String.indexOf(II)I @ 49

Internal exceptions (2 events):
Event: 0.057 Thread 0x00000000024d0800 Exception <a 'java/lang/NoSuchMethodError': Method sun.misc.Unsafe.defineClass(Ljava/lang/String;[BII)Ljava/lang/Class; name or signature does not match> (0x00000000eab07cc0) thrown at [C:\src\android\AOSP-openjdk\external\jetbrains\jdk\hotspot\src\share\vsZ¨zén≠?
Event: 0.057 Thread 0x00000000024d0800 Exception <a 'java/lang/NoSuchMethodError': Method sun.misc.Unsafe.prefetchRead(Ljava/lang/Object;J)V name or signature does not match> (0x00000000eab07fa8) thrown at [C:\src\android\AOSP-openjdk\external\jetbrains\jdk\hotspot\src\share\vm\prims\jni.cpp, l

Events (10 events):
Event: 1.268 loading class com/android/dx/dex/file/DebugInfoItem
Event: 1.268 loading class com/android/dx/dex/file/DebugInfoItem done
Event: 1.269 loading class java/io/PrintWriter
Event: 1.269 loading class java/io/PrintWriter done
Event: 1.269 loading class com/android/dx/rop/annotation/AnnotationsList
Event: 1.269 loading class com/android/dx/rop/annotation/AnnotationsList done
Event: 1.270 loading class com/android/dx/dex/file/MethodIdItem
Event: 1.270 loading class com/android/dx/dex/file/MethodIdItem done
Event: 1.292 loading class com/android/dx/cf/code/Ropper$ExceptionHandlerSetup
Event: 1.292 loading class com/android/dx/cf/code/Ropper$ExceptionHandlerSetup done


Dynamic libraries:
0x00007ff75f820000 - 0x00007ff75f855000 	E:\Android\android-studio-ide-145.2915834-windows\jre\bin\java.exe
0x00007ffecf410000 - 0x00007ffecf5d1000 	C:\Windows\SYSTEM32\ntdll.dll
0x00007ffecef70000 - 0x00007ffecf01d000 	C:\Windows\system32\KERNEL32.DLL
0x00007ffecc330000 - 0x00007ffecc518000 	C:\Windows\system32\KERNELBASE.dll
0x00007ffecc9e0000 - 0x00007ffecca87000 	C:\Windows\system32\ADVAPI32.dll
0x00007ffece4c0000 - 0x00007ffece55d000 	C:\Windows\system32\msvcrt.dll
0x00007ffeccd10000 - 0x00007ffeccd6b000 	C:\Windows\system32\sechost.dll
0x00007ffece730000 - 0x00007ffece84c000 	C:\Windows\system32\RPCRT4.dll
0x00007ffece920000 - 0x00007ffecea76000 	C:\Windows\system32\USER32.dll
0x00007ffeccd90000 - 0x00007ffeccf16000 	C:\Windows\system32\GDI32.dll
0x00007ffebe600000 - 0x00007ffebe874000 	C:\Windows\WinSxS\amd64_microsoft.windows.common-controls_6595b64144ccf1df_6.0.10586.0_none_8c15ae12515e1c22\COMCTL32.dll
0x00007ffecca90000 - 0x00007ffeccd0d000 	C:\Windows\system32\combase.dll
0x00007ffecc520000 - 0x00007ffecc58a000 	C:\Windows\system32\bcryptPrimitives.dll
0x00007ffeccf20000 - 0x00007ffeccf5b000 	C:\Windows\system32\IMM32.DLL
0x000000005fdc0000 - 0x000000005fe92000 	E:\Android\android-studio-ide-145.2915834-windows\jre\jre\bin\msvcr100.dll
0x000000005ece0000 - 0x000000005f514000 	E:\Android\android-studio-ide-145.2915834-windows\jre\jre\bin\server\jvm.dll
0x00007ffecf1d0000 - 0x00007ffecf1d8000 	C:\Windows\system32\PSAPI.DLL
0x00007ffeca010000 - 0x00007ffeca019000 	C:\Windows\SYSTEM32\WSOCK32.dll
0x00007ffec9d40000 - 0x00007ffec9d63000 	C:\Windows\SYSTEM32\WINMM.dll
0x00007ffece560000 - 0x00007ffece5cb000 	C:\Windows\system32\WS2_32.dll
0x00007ffec1700000 - 0x00007ffec170a000 	C:\Windows\SYSTEM32\VERSION.dll
0x00007ffec9bf0000 - 0x00007ffec9c1c000 	C:\Windows\SYSTEM32\WINMMBASE.dll
0x00007ffecbbd0000 - 0x00007ffecbc13000 	C:\Windows\system32\cfgmgr32.dll
0x00007ffeca000000 - 0x00007ffeca00f000 	E:\Android\android-studio-ide-145.2915834-windows\jre\jre\bin\verify.dll
0x00007ffec8e10000 - 0x00007ffec8e39000 	E:\Android\android-studio-ide-145.2915834-windows\jre\jre\bin\java.dll
0x00007ffec91d0000 - 0x00007ffec91e6000 	E:\Android\android-studio-ide-145.2915834-windows\jre\jre\bin\zip.dll
0x00007ffeccf60000 - 0x00007ffece4bc000 	C:\Windows\system32\SHELL32.dll
0x00007ffecbce0000 - 0x00007ffecc325000 	C:\Windows\system32\windows.storage.dll
0x00007ffecea80000 - 0x00007ffecead2000 	C:\Windows\system32\shlwapi.dll
0x00007ffecba90000 - 0x00007ffecba9f000 	C:\Windows\system32\kernel.appcore.dll
0x00007ffecbc20000 - 0x00007ffecbcd5000 	C:\Windows\system32\shcore.dll
0x00007ffecba30000 - 0x00007ffecba7b000 	C:\Windows\system32\powrprof.dll
0x00007ffecbaa0000 - 0x00007ffecbab4000 	C:\Windows\system32\profapi.dll

VM Arguments:
jvm_args: -Djava.awt.headless=true -Xmx1024M -Dfile.encoding=GBK -Duser.country=CN -Duser.language=zh -Duser.variant 
java_command: com.android.dx.command.Main --dex --num-threads=4 --output E:\Teapopo\app\build\intermediates\pre-dexed\debug\ShareSDK-Flickr-2.7.1_163d0bf086b3595266e2cdfeb7b5f7b94ab91cc9.jar E:\Teapopo\app\libs\ShareSDK-Flickr-2.7.1.jar
java_class_path (initial): C:\Users\lhq\AppData\Local\Android\sdk\build-tools\23.0.3\lib\dx.jar
Launcher Type: SUN_STANDARD

Environment Variables:
JAVA_HOME=C:\Program Files\Java\jdk1.8.0_91
PATH=C:\ProgramData\Oracle\Java\javapath;C:\Windows\system32;C:\Windows;C:\Windows\System32\Wbem;C:\Windows\System32\WindowsPowerShell\v1.0\;C:\Users\lhq\AppData\Local\Android\sdk\platform-tools;C:\Users\lhq\AppData\Local\Android\sdk\tools;C:\Program Files\Java\jdk1.8.0_91\bin;C:\Program Files\Java\jdk1.8.0_91\jre\bin
USERNAME=lhq
OS=Windows_NT
PROCESSOR_IDENTIFIER=Intel64 Family 6 Model 69 Stepping 1, GenuineIntel



---------------  S Y S T E M  ---------------

OS: Windows 10.0 , 64 bit Build 10586 (10.0.10586.0)

CPU:total 4 (2 cores per cpu, 2 threads per core) family 6 model 69 stepping 1, cmov, cx8, fxsr, mmx, sse, sse2, sse3, ssse3, sse4.1, sse4.2, popcnt, avx, avx2, aes, clmul, erms, lzcnt, ht, tsc, tscinvbit, bmi1, bmi2

Memory: 4k page, physical 8067548k(1215944k free), swap 8067548k(5140k free)

vm_info: OpenJDK 64-Bit Server VM (25.76-b01) for windows-amd64 JRE (1.8.0_76-release-b01), built on May 12 2016 23:29:00 by "ralucas" with MS VC++ 10.0 (VS2010)

time: Fri Jul 08 14:39:22 2016
elapsed time: 1 seconds (0d 0h 0m 1s)

