#
# A fatal error has been detected by the Java Runtime Environment:
#
#  EXCEPTION_ACCESS_VIOLATION (0xc0000005) at pc=0x000000005eecaeb7, pid=84864, tid=0x0000000000016058
#
# JRE version: OpenJDK Runtime Environment (8.0_76-b01) (build 1.8.0_76-release-b01)
# Java VM: OpenJDK 64-Bit Server VM (25.76-b01 mixed mode windows-amd64 compressed oops)
# Problematic frame:
# V  [jvm.dll+0x1eaeb7]
#
# Failed to write core dump. Minidumps are not enabled by default on client versions of Windows
#
# If you would like to submit a bug report, please visit:
#   http://bugreport.java.com/bugreport/crash.jsp
#

---------------  T H R E A D  ---------------

Current thread (0x00000000165eb800):  JavaThread "pool-1-thread-3" [_thread_in_vm, id=90200, stack(0x0000000016dd0000,0x0000000016ed0000)]

siginfo: ExceptionCode=0xc0000005, writing address 0x0000000016ec7aa0

Registers:
RAX=0x0000000016ec7aa0, RBX=0x0000000000000007, RCX=0x0000000000006000, RDX=0x0000000000000012
RSP=0x0000000016ecdaa0, RBP=0x0000000000000000, RSI=0x0000000016ecdaa0, RDI=0x0000000000000007
R8 =0x0000000000000012, R9 =0x00000000165821c0, R10=0x00000000142e4900, R11=0x0000000016dda160
R12=0x00000000165821c0, R13=0x00000000165eb800, R14=0x0000000016ecdb68, R15=0x00000000142e4900
RIP=0x000000005eecaeb7, EFLAGS=0x0000000000010206

Top of Stack: (sp=0x0000000016ecdaa0)
0x0000000016ecdaa0:   0000000000000000 0000000000000000
0x0000000016ecdab0:   00000000165eb800 00000000165821c0
0x0000000016ecdac0:   00000000ffffffff 000000005eecbde7
0x0000000016ecdad0:   0000000016ecdbd0 00000000142e4900
0x0000000016ecdae0:   00000000165eb800 000000005ed7aa53
0x0000000016ecdaf0:   0000000016ecdb30 00000000165eb800
0x0000000016ecdb00:   0000000016ecdbc0 00000000165eb800
0x0000000016ecdb10:   00000000142e4900 00000000165eb800
0x0000000016ecdb20:   00000000025e69a0 00000000165eb800
0x0000000016ecdb30:   00000000142e4900 00000000165eb800
0x0000000016ecdb40:   00000000142e4900 00000000165eb800
0x0000000016ecdb50:   0000000000000001 00000000142e4900
0x0000000016ecdb60:   00000000165eb800 0000000016443468
0x0000000016ecdb70:   00000000165eb800 000000005ed7bf3d
0x0000000016ecdb80:   0000000016ecdf00 0000000100002248
0x0000000016ecdb90:   000000010000f058 000000001475c118 

Instructions: (pc=0x000000005eecaeb7)
0x000000005eecae97:   48 89 6c 24 30 33 ed 66 90 e8 4b b8 07 00 ff c3
0x000000005eecaea7:   48 63 c8 48 8b c6 48 0f af cf 48 ff c7 48 2b c1
0x000000005eecaeb7:   89 28 48 63 c3 48 3b 05 cd d6 56 00 7e db 48 8b
0x000000005eecaec7:   6c 24 30 48 8b 5c 24 38 48 8b 74 24 40 48 83 c4 


Register to memory mapping:

RAX=0x0000000016ec7aa0 is pointing into the stack for thread: 0x00000000165eb800
RBX=0x0000000000000007 is an unknown value
RCX=0x0000000000006000 is an unknown value
RDX=0x0000000000000012 is an unknown value
RSP=0x0000000016ecdaa0 is pointing into the stack for thread: 0x00000000165eb800
RBP=0x0000000000000000 is an unknown value
RSI=0x0000000016ecdaa0 is pointing into the stack for thread: 0x00000000165eb800
RDI=0x0000000000000007 is an unknown value
R8 =0x0000000000000012 is an unknown value
R9 =0x00000000165821c0 is an unknown value
R10={method} {0x00000000142e4908} 'loadClass' '(Ljava/lang/String;)Ljava/lang/Class;' in 'java/lang/ClassLoader'
R11=0x0000000016dda160 is pointing into the stack for thread: 0x00000000165eb800
R12=0x00000000165821c0 is an unknown value
R13=0x00000000165eb800 is a thread
R14=0x0000000016ecdb68 is pointing into the stack for thread: 0x00000000165eb800
R15={method} {0x00000000142e4908} 'loadClass' '(Ljava/lang/String;)Ljava/lang/Class;' in 'java/lang/ClassLoader'


Stack: [0x0000000016dd0000,0x0000000016ed0000],  sp=0x0000000016ecdaa0,  free space=1014k
Native frames: (J=compiled Java code, j=interpreted, Vv=VM code, C=native code)

Java frames: (J=compiled Java code, j=interpreted, Vv=VM code)
j  com.android.dx.dex.cf.AttributeTranslator.getSignature(Lcom/android/dx/cf/iface/AttributeList;)Lcom/android/dx/rop/annotation/Annotation;+22
j  com.android.dx.dex.cf.AttributeTranslator.getAnnotations(Lcom/android/dx/cf/iface/AttributeList;)Lcom/android/dx/rop/annotation/Annotations;+6
j  com.android.dx.dex.cf.AttributeTranslator.getClassAnnotations(Lcom/android/dx/cf/direct/DirectClassFile;Lcom/android/dx/dex/cf/CfOptions;)Lcom/android/dx/rop/annotation/Annotations;+11
j  com.android.dx.dex.cf.CfTranslator.translate0(Lcom/android/dx/cf/direct/DirectClassFile;[BLcom/android/dx/dex/cf/CfOptions;Lcom/android/dx/dex/DexOptions;Lcom/android/dx/dex/file/DexFile;)Lcom/android/dx/dex/file/ClassDefItem;+69
j  com.android.dx.dex.cf.CfTranslator.translate(Lcom/android/dx/cf/direct/DirectClassFile;[BLcom/android/dx/dex/cf/CfOptions;Lcom/android/dx/dex/DexOptions;Lcom/android/dx/dex/file/DexFile;)Lcom/android/dx/dex/file/ClassDefItem;+6
j  com.android.dx.command.dexer.Main.translateClass([BLcom/android/dx/cf/direct/DirectClassFile;)Lcom/android/dx/dex/file/ClassDefItem;+17
j  com.android.dx.command.dexer.Main.access$2700([BLcom/android/dx/cf/direct/DirectClassFile;)Lcom/android/dx/dex/file/ClassDefItem;+2
j  com.android.dx.command.dexer.Main$ClassTranslatorTask.call()Lcom/android/dx/dex/file/ClassDefItem;+8
j  com.android.dx.command.dexer.Main$ClassTranslatorTask.call()Ljava/lang/Object;+1
j  java.util.concurrent.FutureTask.run()V+42
j  java.util.concurrent.ThreadPoolExecutor.runWorker(Ljava/util/concurrent/ThreadPoolExecutor$Worker;)V+95
j  java.util.concurrent.ThreadPoolExecutor$Worker.run()V+5
j  java.lang.Thread.run()V+11
v  ~StubRoutines::call_stub

---------------  P R O C E S S  ---------------

Java Threads: ( => current thread )
  0x000000001667f800 JavaThread "pool-1-thread-4" [_thread_blocked, id=84044, stack(0x0000000016ed0000,0x0000000016fd0000)]
=>0x00000000165eb800 JavaThread "pool-1-thread-3" [_thread_in_vm, id=90200, stack(0x0000000016dd0000,0x0000000016ed0000)]
  0x000000001658a800 JavaThread "pool-1-thread-2" [_thread_blocked, id=90516, stack(0x0000000016cd0000,0x0000000016dd0000)]
  0x0000000016584800 JavaThread "pool-2-thread-1" [_thread_blocked, id=84860, stack(0x0000000016bd0000,0x0000000016cd0000)]
  0x0000000016583800 JavaThread "pool-1-thread-1" [_thread_blocked, id=87656, stack(0x0000000016ad0000,0x0000000016bd0000)]
  0x0000000016440000 JavaThread "Service Thread" daemon [_thread_blocked, id=90716, stack(0x00000000168d0000,0x00000000169d0000)]
  0x0000000016436800 JavaThread "C1 CompilerThread2" daemon [_thread_blocked, id=89888, stack(0x00000000167d0000,0x00000000168d0000)]
  0x0000000014ccb800 JavaThread "C2 CompilerThread1" daemon [_thread_blocked, id=90124, stack(0x00000000162d0000,0x00000000163d0000)]
  0x0000000014c7d000 JavaThread "C2 CompilerThread0" daemon [_thread_blocked, id=90480, stack(0x00000000161d0000,0x00000000162d0000)]
  0x0000000014c7b800 JavaThread "Attach Listener" daemon [_thread_blocked, id=82756, stack(0x00000000160d0000,0x00000000161d0000)]
  0x0000000014c67800 JavaThread "Signal Dispatcher" daemon [_thread_blocked, id=84256, stack(0x0000000015fd0000,0x00000000160d0000)]
  0x0000000014c58800 JavaThread "Finalizer" daemon [_thread_blocked, id=91020, stack(0x0000000015ed0000,0x0000000015fd0000)]
  0x0000000002590000 JavaThread "Reference Handler" daemon [_thread_blocked, id=90848, stack(0x0000000015dd0000,0x0000000015ed0000)]
  0x00000000024a0800 JavaThread "main" [_thread_blocked, id=87304, stack(0x0000000001ef0000,0x0000000001ff0000)]

Other Threads:
  0x0000000014c35800 VMThread [stack: 0x0000000015cd0000,0x0000000015dd0000] [id=90468]
  0x0000000016442000 WatcherThread [stack: 0x00000000169d0000,0x0000000016ad0000] [id=31788]

VM state:synchronizing (normal execution)

VM Mutex/Monitor currently owned by a thread:  ([mutex/lock_event])
[0x0000000001eec160] Threads_lock - owner thread: 0x0000000014c35800
[0x0000000001eec760] Heap_lock - owner thread: 0x0000000016583800

Heap:
 PSYoungGen      total 36864K, used 9529K [0x00000000eab00000, 0x00000000ed400000, 0x0000000100000000)
  eden space 31744K, 30% used [0x00000000eab00000,0x00000000eb44e628,0x00000000eca00000)
  from space 5120K, 0% used [0x00000000ecf00000,0x00000000ecf00000,0x00000000ed400000)
  to   space 5120K, 0% used [0x00000000eca00000,0x00000000eca00000,0x00000000ecf00000)
 ParOldGen       total 84992K, used 0K [0x00000000c0000000, 0x00000000c5300000, 0x00000000eab00000)
  object space 84992K, 0% used [0x00000000c0000000,0x00000000c0000000,0x00000000c5300000)
 Metaspace       used 5144K, capacity 6160K, committed 6272K, reserved 1058816K
  class space    used 552K, capacity 584K, committed 640K, reserved 1048576K

Card table byte_map: [0x0000000011960000,0x0000000011b70000] byte_map_base: 0x0000000011360000

Marking Bits: (ParMarkBitMap*) 0x000000005f499d00
 Begin Bits: [0x00000000120d0000, 0x00000000130d0000)
 End Bits:   [0x00000000130d0000, 0x00000000140d0000)

Polling page: 0x00000000008a0000

CodeCache: size=245760Kb used=1688Kb max_used=1697Kb free=244071Kb
 bounds [0x00000000025a0000, 0x0000000002810000, 0x00000000115a0000]
 total_blobs=556 nmethods=286 adapters=184
 compilation: enabled

Compilation events (10 events):
Event: 0.994 Thread 0x0000000016436800 nmethod 274 0x0000000002740f50 code [0x0000000002741180, 0x0000000002741d78]
Event: 0.994 Thread 0x0000000016436800  275       3       java.lang.ClassLoader::compareCerts (149 bytes)
Event: 0.994 Thread 0x0000000016436800 nmethod 275 0x0000000002742290 code [0x0000000002742460, 0x0000000002742d18]
Event: 1.007 Thread 0x0000000016436800  276   !   3       java.util.zip.ZipFile::getEntry (86 bytes)
Event: 1.008 Thread 0x0000000016436800 nmethod 276 0x0000000002743010 code [0x00000000027431e0, 0x0000000002743838]
Event: 1.008 Thread 0x0000000016436800  277       3       java.util.zip.ZipEntry::<init> (146 bytes)
Event: 1.008 Thread 0x0000000016436800 nmethod 277 0x0000000002743b10 code [0x0000000002743ca0, 0x00000000027440c8]
Event: 1.008 Thread 0x0000000016436800  278   !   3       sun.misc.URLClassPath$JarLoader::checkResource (55 bytes)
Event: 1.009 Thread 0x0000000016436800 nmethod 278 0x0000000002744250 code [0x0000000002744400, 0x0000000002744a68]
Event: 1.198 Thread 0x0000000016436800  279       3       com.android.dx.cf.direct.DirectClassFile::parseToInterfacesIfNecessary (13 bytes)

GC Heap History (0 events):
No events

Deoptimization events (1 events):
Event: 0.503 Thread 0x00000000024a0800 Uncommon trap: reason=unstable_if action=reinterpret pc=0x00000000026ef454 method=java.lang.String.indexOf(II)I @ 49

Internal exceptions (2 events):
Event: 0.072 Thread 0x00000000024a0800 Exception <a 'java/lang/NoSuchMethodError': Method sun.misc.Unsafe.defineClass(Ljava/lang/String;[BII)Ljava/lang/Class; name or signature does not match> (0x00000000eab07cc0) thrown at [C:\src\android\AOSP-openjdk\external\jetbrains\jdk\hotspot\src\share\vD™4¢ô³?
Event: 0.078 Thread 0x00000000024a0800 Exception <a 'java/lang/NoSuchMethodError': Method sun.misc.Unsafe.prefetchRead(Ljava/lang/Object;J)V name or signature does not match> (0x00000000eab07fa8) thrown at [C:\src\android\AOSP-openjdk\external\jetbrains\jdk\hotspot\src\share\vm\prims\jni.cpp, l

Events (10 events):
Event: 1.009 loading class com/android/dx/dex/code/form/Form21s
Event: 1.009 loading class com/android/dx/dex/code/form/Form21s done
Event: 1.010 loading class com/android/dx/dex/code/form/Form31i
Event: 1.010 loading class com/android/dx/dex/code/form/Form31i done
Event: 1.010 loading class com/android/dx/dex/code/form/Form21h
Event: 1.010 loading class com/android/dx/dex/code/form/Form21h done
Event: 1.011 loading class com/android/dx/dex/code/form/Form51l
Event: 1.011 loading class com/android/dx/dex/code/form/Form51l done
Event: 1.011 loading class com/android/dx/dex/code/form/Form21c
Event: 1.011 loading class com/android/dx/dex/code/form/Form21c done


Dynamic libraries:
0x00007ff6a3010000 - 0x00007ff6a3045000 	E:\Android\android-studio-ide-145.2915834-windows\jre\bin\java.exe
0x00007ffecf410000 - 0x00007ffecf5d1000 	C:\Windows\SYSTEM32\ntdll.dll
0x00007ffecef70000 - 0x00007ffecf01d000 	C:\Windows\system32\KERNEL32.DLL
0x00007ffecc330000 - 0x00007ffecc518000 	C:\Windows\system32\KERNELBASE.dll
0x00007ffecc9e0000 - 0x00007ffecca87000 	C:\Windows\system32\ADVAPI32.dll
0x00007ffece4c0000 - 0x00007ffece55d000 	C:\Windows\system32\msvcrt.dll
0x00007ffeccd10000 - 0x00007ffeccd6b000 	C:\Windows\system32\sechost.dll
0x00007ffece730000 - 0x00007ffece84c000 	C:\Windows\system32\RPCRT4.dll
0x00007ffece920000 - 0x00007ffecea76000 	C:\Windows\system32\USER32.dll
0x00007ffeccd90000 - 0x00007ffeccf16000 	C:\Windows\system32\GDI32.dll
0x00007ffebe600000 - 0x00007ffebe874000 	C:\Windows\WinSxS\amd64_microsoft.windows.common-controls_6595b64144ccf1df_6.0.10586.0_none_8c15ae12515e1c22\COMCTL32.dll
0x00007ffecca90000 - 0x00007ffeccd0d000 	C:\Windows\system32\combase.dll
0x00007ffecc520000 - 0x00007ffecc58a000 	C:\Windows\system32\bcryptPrimitives.dll
0x00007ffeccf20000 - 0x00007ffeccf5b000 	C:\Windows\system32\IMM32.DLL
0x00000000600f0000 - 0x00000000601c2000 	E:\Android\android-studio-ide-145.2915834-windows\jre\jre\bin\msvcr100.dll
0x000000005ece0000 - 0x000000005f514000 	E:\Android\android-studio-ide-145.2915834-windows\jre\jre\bin\server\jvm.dll
0x00007ffecf1d0000 - 0x00007ffecf1d8000 	C:\Windows\system32\PSAPI.DLL
0x00007ffec8ed0000 - 0x00007ffec8ed9000 	C:\Windows\SYSTEM32\WSOCK32.dll
0x00007ffece560000 - 0x00007ffece5cb000 	C:\Windows\system32\WS2_32.dll
0x00007ffec9d40000 - 0x00007ffec9d63000 	C:\Windows\SYSTEM32\WINMM.dll
0x00007ffec1700000 - 0x00007ffec170a000 	C:\Windows\SYSTEM32\VERSION.dll
0x00007ffec9bf0000 - 0x00007ffec9c1c000 	C:\Windows\SYSTEM32\WINMMBASE.dll
0x00007ffecbbd0000 - 0x00007ffecbc13000 	C:\Windows\system32\cfgmgr32.dll
0x00007ffec8e10000 - 0x00007ffec8e1f000 	E:\Android\android-studio-ide-145.2915834-windows\jre\jre\bin\verify.dll
0x00007ffec8d10000 - 0x00007ffec8d39000 	E:\Android\android-studio-ide-145.2915834-windows\jre\jre\bin\java.dll
0x00007ffec8cd0000 - 0x00007ffec8ce6000 	E:\Android\android-studio-ide-145.2915834-windows\jre\jre\bin\zip.dll
0x00007ffeccf60000 - 0x00007ffece4bc000 	C:\Windows\system32\SHELL32.dll
0x00007ffecbce0000 - 0x00007ffecc325000 	C:\Windows\system32\windows.storage.dll
0x00007ffecea80000 - 0x00007ffecead2000 	C:\Windows\system32\shlwapi.dll
0x00007ffecba90000 - 0x00007ffecba9f000 	C:\Windows\system32\kernel.appcore.dll
0x00007ffecbc20000 - 0x00007ffecbcd5000 	C:\Windows\system32\shcore.dll
0x00007ffecba30000 - 0x00007ffecba7b000 	C:\Windows\system32\powrprof.dll
0x00007ffecbaa0000 - 0x00007ffecbab4000 	C:\Windows\system32\profapi.dll
0x00007ffec6db0000 - 0x00007ffec6f3c000 	C:\Windows\SYSTEM32\dbghelp.dll

VM Arguments:
jvm_args: -Djava.awt.headless=true -Xmx1024M -Dfile.encoding=GBK -Duser.country=CN -Duser.language=zh -Duser.variant 
java_command: com.android.dx.command.Main --dex --num-threads=4 --output E:\Teapopo\app\build\intermediates\pre-dexed\debug\com.jaeger.ninegridimageview-library-1.0.1_eaf595a7d4ba28a50fb6dd038fe2ca1481b0a76f.jar E:\Teapopo\app\build\intermediates\exploded-aar\com.jaeger.ninegridimageview\library\1.0.1\jars\classes.jar
java_class_path (initial): C:\Users\lhq\AppData\Local\Android\sdk\build-tools\23.0.3\lib\dx.jar
Launcher Type: SUN_STANDARD

Environment Variables:
JAVA_HOME=C:\Program Files\Java\jdk1.8.0_91
PATH=C:\ProgramData\Oracle\Java\javapath;C:\Windows\system32;C:\Windows;C:\Windows\System32\Wbem;C:\Windows\System32\WindowsPowerShell\v1.0\;C:\Users\lhq\AppData\Local\Android\sdk\platform-tools;C:\Users\lhq\AppData\Local\Android\sdk\tools;C:\Program Files\Java\jdk1.8.0_91\bin;C:\Program Files\Java\jdk1.8.0_91\jre\bin
USERNAME=lhq
OS=Windows_NT
PROCESSOR_IDENTIFIER=Intel64 Family 6 Model 69 Stepping 1, GenuineIntel



---------------  S Y S T E M  ---------------

OS: Windows 10.0 , 64 bit Build 10586 (10.0.10586.0)

CPU:total 4 (2 cores per cpu, 2 threads per core) family 6 model 69 stepping 1, cmov, cx8, fxsr, mmx, sse, sse2, sse3, ssse3, sse4.1, sse4.2, popcnt, avx, avx2, aes, clmul, erms, lzcnt, ht, tsc, tscinvbit, bmi1, bmi2

Memory: 4k page, physical 8067548k(1094092k free), swap 8067548k(414068k free)

vm_info: OpenJDK 64-Bit Server VM (25.76-b01) for windows-amd64 JRE (1.8.0_76-release-b01), built on May 12 2016 23:29:00 by "ralucas" with MS VC++ 10.0 (VS2010)

time: Thu Jul 07 09:34:06 2016
elapsed time: 1 seconds (0d 0h 0m 1s)

