#
# There is insufficient memory for the Java Runtime Environment to continue.
# Native memory allocation (malloc) failed to allocate 778576 bytes for Chunk::new
# Possible reasons:
#   The system is out of physical RAM or swap space
#   In 32 bit mode, the process size limit was hit
# Possible solutions:
#   Reduce memory load on the system
#   Increase physical memory or swap space
#   Check if swap backing store is full
#   Use 64 bit Java on a 64 bit OS
#   Decrease Java heap size (-Xmx/-Xms)
#   Decrease number of Java threads
#   Decrease Java thread stack sizes (-Xss)
#   Set larger code cache with -XX:ReservedCodeCacheSize=
# This output file may be truncated or incomplete.
#
#  Out of Memory Error (allocation.cpp:390), pid=4600, tid=0x0000000000000edc
#
# JRE version: OpenJDK Runtime Environment (8.0_76-b01) (build 1.8.0_76-release-b01)
# Java VM: OpenJDK 64-Bit Server VM (25.76-b01 mixed mode windows-amd64 compressed oops)
# Failed to write core dump. Minidumps are not enabled by default on client versions of Windows
#

---------------  T H R E A D  ---------------

Current thread (0x0000000014df4000):  JavaThread "C2 CompilerThread0" daemon [_thread_in_native, id=3804, stack(0x00000000167a0000,0x00000000168a0000)]

Stack: [0x00000000167a0000,0x00000000168a0000]
[error occurred during error reporting (printing stack bounds), id 0xc0000005]

Native frames: (J=compiled Java code, j=interpreted, Vv=VM code, C=native code)


Current CompileTask:
C2:   1700 1177       4       com.android.dx.merge.IndexMap$EncodedValueTransformer::transform (495 bytes)


---------------  P R O C E S S  ---------------

Java Threads: ( => current thread )
  0x0000000014e3e800 JavaThread "Service Thread" daemon [_thread_blocked, id=1624, stack(0x0000000016aa0000,0x0000000016ba0000)]
  0x0000000014e02000 JavaThread "C1 CompilerThread2" daemon [_thread_blocked, id=4384, stack(0x00000000169a0000,0x0000000016aa0000)]
  0x0000000014dff000 JavaThread "C2 CompilerThread1" daemon [_thread_in_native, id=3504, stack(0x00000000168a0000,0x00000000169a0000)]
=>0x0000000014df4000 JavaThread "C2 CompilerThread0" daemon [_thread_in_native, id=3804, stack(0x00000000167a0000,0x00000000168a0000)]
  0x0000000014df3000 JavaThread "Attach Listener" daemon [_thread_blocked, id=4424, stack(0x00000000166a0000,0x00000000167a0000)]
  0x0000000014dfd000 JavaThread "Signal Dispatcher" daemon [_thread_blocked, id=5912, stack(0x00000000165a0000,0x00000000166a0000)]
  0x0000000014dce000 JavaThread "Finalizer" daemon [_thread_blocked, id=5128, stack(0x0000000016040000,0x0000000016140000)]
  0x0000000002706000 JavaThread "Reference Handler" daemon [_thread_blocked, id=1480, stack(0x0000000015f40000,0x0000000016040000)]
  0x0000000002617000 JavaThread "main" [_thread_in_Java, id=5620, stack(0x0000000002160000,0x0000000002260000)]

Other Threads:
  0x0000000014da5800 VMThread [stack: 0x0000000015e40000,0x0000000015f40000] [id=5692]
  0x0000000016230800 WatcherThread [stack: 0x0000000016ba0000,0x0000000016ca0000] [id=3672]

VM state:not at safepoint (normal execution)

VM Mutex/Monitor currently owned by a thread: None

Heap:
 PSYoungGen      total 112128K, used 11501K [0x00000000eab00000, 0x00000000fbc00000, 0x0000000100000000)
  eden space 107008K, 5% used [0x00000000eab00000,0x00000000eb13c4c8,0x00000000f1380000)
  from space 5120K, 99% used [0x00000000f1380000,0x00000000f187efa8,0x00000000f1880000)
  to   space 50176K, 0% used [0x00000000f8b00000,0x00000000f8b00000,0x00000000fbc00000)
 ParOldGen       total 121856K, used 32041K [0x00000000c0000000, 0x00000000c7700000, 0x00000000eab00000)
  object space 121856K, 26% used [0x00000000c0000000,0x00000000c1f4a7a0,0x00000000c7700000)
 Metaspace       used 4754K, capacity 5424K, committed 5632K, reserved 1056768K
  class space    used 480K, capacity 488K, committed 512K, reserved 1048576K

Card table byte_map: [0x0000000011ad0000,0x0000000011ce0000] byte_map_base: 0x00000000114d0000

Marking Bits: (ParMarkBitMap*) 0x000000006c4a9d00
 Begin Bits: [0x0000000012240000, 0x0000000013240000)
 End Bits:   [0x0000000013240000, 0x0000000014240000)

Polling page: 0x0000000002140000

CodeCache: size=245760Kb used=4190Kb max_used=4205Kb free=241569Kb
 bounds [0x0000000002710000, 0x0000000002b40000, 0x0000000011710000]
 total_blobs=1495 nmethods=1225 adapters=184
 compilation: enabled

Compilation events (10 events):
Event: 1.658 Thread 0x0000000014e02000 1248       3       com.android.dx.io.instructions.ThreeRegisterDecodedInstruction::withIndex (41 bytes)
Event: 1.659 Thread 0x0000000014e02000 nmethod 1248 0x0000000002b2a4d0 code [0x0000000002b2a660, 0x0000000002b2ac48]
Event: 1.659 Thread 0x0000000014dff000 nmethod 1244 0x0000000002b27190 code [0x0000000002b272e0, 0x0000000002b27478]
Event: 1.659 Thread 0x0000000014dff000 1249       4       com.android.dex.Dex$Section::readMethods (59 bytes)
Event: 1.661 Thread 0x0000000014e02000 1253       3       java.util.HashMap::getNode (148 bytes)
Event: 1.662 Thread 0x0000000014e02000 nmethod 1253 0x0000000002b291d0 code [0x0000000002b293c0, 0x0000000002b2a028]
Event: 1.662 Thread 0x0000000014e02000 1254       3       java.util.HashMap::get (23 bytes)
Event: 1.663 Thread 0x0000000014e02000 nmethod 1254 0x0000000002b28ad0 code [0x0000000002b28c60, 0x0000000002b29058]
Event: 1.690 Thread 0x0000000014dff000 nmethod 1249 0x0000000002b2f190 code [0x0000000002b2f320, 0x0000000002b302f8]
Event: 1.690 Thread 0x0000000014dff000 1251       4       com.android.dex.Dex$Section::readFields (51 bytes)

GC Heap History (10 events):
Event: 0.407 GC heap before
{Heap before GC invocations=2 (full 0):
 PSYoungGen      total 36864K, used 36850K [0x00000000eab00000, 0x00000000ef300000, 0x0000000100000000)
  eden space 31744K, 100% used [0x00000000eab00000,0x00000000eca00000,0x00000000eca00000)
  from space 5120K, 99% used [0x00000000eca00000,0x00000000ecefc8c8,0x00000000ecf00000)
  to   space 5120K, 0% used [0x00000000eee00000,0x00000000eee00000,0x00000000ef300000)
 ParOldGen       total 84992K, used 4344K [0x00000000c0000000, 0x00000000c5300000, 0x00000000eab00000)
  object space 84992K, 5% used [0x00000000c0000000,0x00000000c043e0e0,0x00000000c5300000)
 Metaspace       used 3917K, capacity 4944K, committed 5120K, reserved 1056768K
  class space    used 398K, capacity 456K, committed 512K, reserved 1048576K
Event: 0.418 GC heap after
Heap after GC invocations=2 (full 0):
 PSYoungGen      total 68608K, used 5105K [0x00000000eab00000, 0x00000000ef300000, 0x0000000100000000)
  eden space 63488K, 0% used [0x00000000eab00000,0x00000000eab00000,0x00000000ee900000)
  from space 5120K, 99% used [0x00000000eee00000,0x00000000ef2fc6c8,0x00000000ef300000)
  to   space 5120K, 0% used [0x00000000ee900000,0x00000000ee900000,0x00000000eee00000)
 ParOldGen       total 84992K, used 51102K [0x00000000c0000000, 0x00000000c5300000, 0x00000000eab00000)
  object space 84992K, 60% used [0x00000000c0000000,0x00000000c31e7a48,0x00000000c5300000)
 Metaspace       used 3917K, capacity 4944K, committed 5120K, reserved 1056768K
  class space    used 398K, capacity 456K, committed 512K, reserved 1048576K
}
Event: 0.418 GC heap before
{Heap before GC invocations=3 (full 1):
 PSYoungGen      total 68608K, used 5105K [0x00000000eab00000, 0x00000000ef300000, 0x0000000100000000)
  eden space 63488K, 0% used [0x00000000eab00000,0x00000000eab00000,0x00000000ee900000)
  from space 5120K, 99% used [0x00000000eee00000,0x00000000ef2fc6c8,0x00000000ef300000)
  to   space 5120K, 0% used [0x00000000ee900000,0x00000000ee900000,0x00000000eee00000)
 ParOldGen       total 84992K, used 51102K [0x00000000c0000000, 0x00000000c5300000, 0x00000000eab00000)
  object space 84992K, 60% used [0x00000000c0000000,0x00000000c31e7a48,0x00000000c5300000)
 Metaspace       used 3917K, capacity 4944K, committed 5120K, reserved 1056768K
  class space    used 398K, capacity 456K, committed 512K, reserved 1048576K
Event: 0.426 GC heap after
Heap after GC invocations=3 (full 1):
 PSYoungGen      total 68608K, used 0K [0x00000000eab00000, 0x00000000ef300000, 0x0000000100000000)
  eden space 63488K, 0% used [0x00000000eab00000,0x00000000eab00000,0x00000000ee900000)
  from space 5120K, 0% used [0x00000000eee00000,0x00000000eee00000,0x00000000ef300000)
  to   space 5120K, 0% used [0x00000000ee900000,0x00000000ee900000,0x00000000eee00000)
 ParOldGen       total 121856K, used 23877K [0x00000000c0000000, 0x00000000c7700000, 0x00000000eab00000)
  object space 121856K, 19% used [0x00000000c0000000,0x00000000c17515f8,0x00000000c7700000)
 Metaspace       used 3917K, capacity 4944K, committed 5120K, reserved 1056768K
  class space    used 398K, capacity 456K, committed 512K, reserved 1048576K
}
Event: 0.954 GC heap before
{Heap before GC invocations=4 (full 1):
 PSYoungGen      total 68608K, used 63488K [0x00000000eab00000, 0x00000000ef300000, 0x0000000100000000)
  eden space 63488K, 100% used [0x00000000eab00000,0x00000000ee900000,0x00000000ee900000)
  from space 5120K, 0% used [0x00000000eee00000,0x00000000eee00000,0x00000000ef300000)
  to   space 5120K, 0% used [0x00000000ee900000,0x00000000ee900000,0x00000000eee00000)
 ParOldGen       total 121856K, used 23877K [0x00000000c0000000, 0x00000000c7700000, 0x00000000eab00000)
  object space 121856K, 19% used [0x00000000c0000000,0x00000000c17515f8,0x00000000c7700000)
 Metaspace       used 4459K, capacity 5424K, committed 5632K, reserved 1056768K
  class space    used 450K, capacity 488K, committed 512K, reserved 1048576K
Event: 0.962 GC heap after
Heap after GC invocations=4 (full 1):
 PSYoungGen      total 68608K, used 3877K [0x00000000eab00000, 0x00000000f1d80000, 0x0000000100000000)
  eden space 63488K, 0% used [0x00000000eab00000,0x00000000eab00000,0x00000000ee900000)
  from space 5120K, 75% used [0x00000000ee900000,0x00000000eecc9440,0x00000000eee00000)
  to   space 5120K, 0% used [0x00000000f1880000,0x00000000f1880000,0x00000000f1d80000)
 ParOldGen       total 121856K, used 23877K [0x00000000c0000000, 0x00000000c7700000, 0x00000000eab00000)
  object space 121856K, 19% used [0x00000000c0000000,0x00000000c17515f8,0x00000000c7700000)
 Metaspace       used 4459K, capacity 5424K, committed 5632K, reserved 1056768K
  class space    used 450K, capacity 488K, committed 512K, reserved 1048576K
}
Event: 1.180 GC heap before
{Heap before GC invocations=5 (full 1):
 PSYoungGen      total 68608K, used 67365K [0x00000000eab00000, 0x00000000f1d80000, 0x0000000100000000)
  eden space 63488K, 100% used [0x00000000eab00000,0x00000000ee900000,0x00000000ee900000)
  from space 5120K, 75% used [0x00000000ee900000,0x00000000eecc9440,0x00000000eee00000)
  to   space 5120K, 0% used [0x00000000f1880000,0x00000000f1880000,0x00000000f1d80000)
 ParOldGen       total 121856K, used 23877K [0x00000000c0000000, 0x00000000c7700000, 0x00000000eab00000)
  object space 121856K, 19% used [0x00000000c0000000,0x00000000c17515f8,0x00000000c7700000)
 Metaspace       used 4491K, capacity 5424K, committed 5632K, reserved 1056768K
  class space    used 451K, capacity 488K, committed 512K, reserved 1048576K
Event: 1.190 GC heap after
Heap after GC invocations=5 (full 1):
 PSYoungGen      total 112128K, used 3560K [0x00000000eab00000, 0x00000000f1e00000, 0x0000000100000000)
  eden space 107008K, 0% used [0x00000000eab00000,0x00000000eab00000,0x00000000f1380000)
  from space 5120K, 69% used [0x00000000f1880000,0x00000000f1bfa150,0x00000000f1d80000)
  to   space 5120K, 0% used [0x00000000f1380000,0x00000000f1380000,0x00000000f1880000)
 ParOldGen       total 121856K, used 23877K [0x00000000c0000000, 0x00000000c7700000, 0x00000000eab00000)
  object space 121856K, 19% used [0x00000000c0000000,0x00000000c17515f8,0x00000000c7700000)
 Metaspace       used 4491K, capacity 5424K, committed 5632K, reserved 1056768K
  class space    used 451K, capacity 488K, committed 512K, reserved 1048576K
}
Event: 1.665 GC heap before
{Heap before GC invocations=6 (full 1):
 PSYoungGen      total 112128K, used 110568K [0x00000000eab00000, 0x00000000f1e00000, 0x0000000100000000)
  eden space 107008K, 100% used [0x00000000eab00000,0x00000000f1380000,0x00000000f1380000)
  from space 5120K, 69% used [0x00000000f1880000,0x00000000f1bfa150,0x00000000f1d80000)
  to   space 5120K, 0% used [0x00000000f1380000,0x00000000f1380000,0x00000000f1880000)
 ParOldGen       total 121856K, used 23877K [0x00000000c0000000, 0x00000000c7700000, 0x00000000eab00000)
  object space 121856K, 19% used [0x00000000c0000000,0x00000000c17515f8,0x00000000c7700000)
 Metaspace       used 4754K, capacity 5424K, committed 5632K, reserved 1056768K
  class space    used 480K, capacity 488K, committed 512K, reserved 1048576K
Event: 1.678 GC heap after
Heap after GC invocations=6 (full 1):
 PSYoungGen      total 112128K, used 5115K [0x00000000eab00000, 0x00000000fbc00000, 0x0000000100000000)
  eden space 107008K, 0% used [0x00000000eab00000,0x00000000eab00000,0x00000000f1380000)
  from space 5120K, 99% used [0x00000000f1380000,0x00000000f187efa8,0x00000000f1880000)
  to   space 50176K, 0% used [0x00000000f8b00000,0x00000000f8b00000,0x00000000fbc00000)
 ParOldGen       total 121856K, used 32041K [0x00000000c0000000, 0x00000000c7700000, 0x00000000eab00000)
  object space 121856K, 26% used [0x00000000c0000000,0x00000000c1f4a7a0,0x00000000c7700000)
 Metaspace       used 4754K, capacity 5424K, committed 5632K, reserved 1056768K
  class space    used 480K, capacity 488K, committed 512K, reserved 1048576K
}

Deoptimization events (10 events):
Event: 1.221 Thread 0x0000000002617000 Uncommon trap: reason=speculate_class_check action=maybe_recompile pc=0x0000000002a9973c method=java.util.HashMap.putVal(ILjava/lang/Object;Ljava/lang/Object;ZZ)Ljava/lang/Object; @ 152
Event: 1.221 Thread 0x0000000002617000 Uncommon trap: reason=speculate_class_check action=maybe_recompile pc=0x0000000002a996e8 method=java.util.HashMap.putVal(ILjava/lang/Object;Ljava/lang/Object;ZZ)Ljava/lang/Object; @ 56
Event: 1.221 Thread 0x0000000002617000 Uncommon trap: reason=speculate_class_check action=maybe_recompile pc=0x0000000002a996e8 method=java.util.HashMap.putVal(ILjava/lang/Object;Ljava/lang/Object;ZZ)Ljava/lang/Object; @ 56
Event: 1.222 Thread 0x0000000002617000 Uncommon trap: reason=unstable_if action=reinterpret pc=0x00000000028528d0 method=java.lang.String.indexOf(II)I @ 49
Event: 1.411 Thread 0x0000000002617000 Uncommon trap: reason=unstable_if action=reinterpret pc=0x0000000002988aec method=com.android.dx.merge.DexMerger$IdMerger.readIntoMap(Lcom/android/dex/Dex$Section;Lcom/android/dex/TableOfContents$Section;Lcom/android/dx/merge/IndexMap;ILjava/util/TreeMap;I#†Ã"õíˆ?
Event: 1.411 Thread 0x0000000002617000 Uncommon trap: reason=unstable_if action=reinterpret pc=0x0000000002937de0 method=com.android.dex.Mutf8.countBytes(Ljava/lang/String;Z)J @ 28
Event: 1.411 Thread 0x0000000002617000 Uncommon trap: reason=unstable_if action=reinterpret pc=0x000000000290b1d8 method=com.android.dex.Mutf8.encode([BILjava/lang/String;)V @ 24
Event: 1.411 Thread 0x0000000002617000 Uncommon trap: reason=unstable_if action=reinterpret pc=0x000000000292f124 method=com.android.dex.Mutf8.countBytes(Ljava/lang/String;Z)J @ 28
Event: 1.411 Thread 0x0000000002617000 Uncommon trap: reason=unstable_if action=reinterpret pc=0x000000000290dcc8 method=com.android.dex.Mutf8.countBytes(Ljava/lang/String;Z)J @ 28
Event: 1.512 Thread 0x0000000002617000 Uncommon trap: reason=unloaded action=reinterpret pc=0x0000000002a9bd64 method=com.android.dx.merge.IndexMap$EncodedValueTransformer.transform(Lcom/android/dex/EncodedValueReader;)V @ 232

Internal exceptions (3 events):
Event: 0.026 Thread 0x0000000002617000 Exception <a 'java/lang/NoSuchMethodError': Method sun.misc.Unsafe.defineClass(Ljava/lang/String;[BII)Ljava/lang/Class; name or signature does not match> (0x00000000eab07cc0) thrown at [C:\src\android\AOSP-openjdk\external\jetbrains\jdk\hotspot\src\share\v(—t\:ö?
Event: 0.026 Thread 0x0000000002617000 Exception <a 'java/lang/NoSuchMethodError': Method sun.misc.Unsafe.prefetchRead(Ljava/lang/Object;J)V name or signature does not match> (0x00000000eab07fa8) thrown at [C:\src\android\AOSP-openjdk\external\jetbrains\jdk\hotspot\src\share\vm\prims\jni.cpp, l êß‚Bíˆ?
Event: 1.411 Thread 0x0000000002617000 Implicit null exception at 0x0000000002987235 to 0x0000000002988ac9

Events (10 events):
Event: 1.512 Thread 0x0000000002617000 DEOPT PACKING pc=0x0000000002a9bd64 sp=0x000000000225efb0
Event: 1.512 Thread 0x0000000002617000 DEOPT UNPACKING pc=0x000000000275556a sp=0x000000000225efa0 mode 2
Event: 1.520 loading class java/util/Collections$EmptyIterator
Event: 1.520 loading class java/util/Collections$EmptyIterator done
Event: 1.523 Thread 0x0000000002617000 DEOPT PACKING pc=0x0000000002943970 sp=0x000000000225f170
Event: 1.523 Thread 0x0000000002617000 DEOPT UNPACKING pc=0x00000000027575bf sp=0x000000000225ee68 mode 0
Event: 1.527 Thread 0x0000000002617000 DEOPT PACKING pc=0x00000000029e0217 sp=0x000000000225f040
Event: 1.527 Thread 0x0000000002617000 DEOPT UNPACKING pc=0x00000000027575bf sp=0x000000000225ed90 mode 0
Event: 1.665 Executing VM operation: ParallelGCFailedAllocation
Event: 1.678 Executing VM operation: ParallelGCFailedAllocation done


Dynamic libraries:
0x00007ff63bdd0000 - 0x00007ff63be05000 	E:\Android\android-studio-ide-145.2915834-windows\jre\bin\java.exe
0x00007ffc01870000 - 0x00007ffc01a31000 	C:\Windows\SYSTEM32\ntdll.dll
0x00007ffc01610000 - 0x00007ffc016bd000 	C:\Windows\system32\KERNEL32.DLL
0x00007ffbfe5e0000 - 0x00007ffbfe7c8000 	C:\Windows\system32\KERNELBASE.dll
0x00007ffbff5b0000 - 0x00007ffbff657000 	C:\Windows\system32\ADVAPI32.dll
0x00007ffc016c0000 - 0x00007ffc0175d000 	C:\Windows\system32\msvcrt.dll
0x00007ffc01810000 - 0x00007ffc0186b000 	C:\Windows\system32\sechost.dll
0x00007ffc00eb0000 - 0x00007ffc00fcc000 	C:\Windows\system32\RPCRT4.dll
0x00007ffbfef60000 - 0x00007ffbff0b6000 	C:\Windows\system32\USER32.dll
0x00007ffc01330000 - 0x00007ffc014b6000 	C:\Windows\system32\GDI32.dll
0x00007ffbf0a00000 - 0x00007ffbf0c74000 	C:\Windows\WinSxS\amd64_microsoft.windows.common-controls_6595b64144ccf1df_6.0.10586.0_none_8c15ae12515e1c22\COMCTL32.dll
0x00007ffbfece0000 - 0x00007ffbfef5d000 	C:\Windows\system32\combase.dll
0x00007ffbfe570000 - 0x00007ffbfe5da000 	C:\Windows\system32\bcryptPrimitives.dll
0x00007ffc00bc0000 - 0x00007ffc00bfb000 	C:\Windows\system32\IMM32.DLL
0x000000006ca70000 - 0x000000006cb42000 	E:\Android\android-studio-ide-145.2915834-windows\jre\jre\bin\msvcr100.dll
0x000000006bcf0000 - 0x000000006c524000 	E:\Android\android-studio-ide-145.2915834-windows\jre\jre\bin\server\jvm.dll
0x00007ffbfecd0000 - 0x00007ffbfecd8000 	C:\Windows\system32\PSAPI.DLL
0x00007ffbfc520000 - 0x00007ffbfc543000 	C:\Windows\SYSTEM32\WINMM.dll
0x00007ffbf4030000 - 0x00007ffbf403a000 	C:\Windows\SYSTEM32\VERSION.dll
0x00007ffbfc260000 - 0x00007ffbfc269000 	C:\Windows\SYSTEM32\WSOCK32.dll
0x00007ffc00fd0000 - 0x00007ffc0103b000 	C:\Windows\system32\WS2_32.dll
0x00007ffbfc420000 - 0x00007ffbfc44c000 	C:\Windows\SYSTEM32\WINMMBASE.dll
0x00007ffbfe940000 - 0x00007ffbfe983000 	C:\Windows\system32\cfgmgr32.dll
0x00007ffbfbff0000 - 0x00007ffbfbfff000 	E:\Android\android-studio-ide-145.2915834-windows\jre\jre\bin\verify.dll
0x00007ffbfbdd0000 - 0x00007ffbfbdf9000 	E:\Android\android-studio-ide-145.2915834-windows\jre\jre\bin\java.dll
0x00007ffbfb390000 - 0x00007ffbfb3a6000 	E:\Android\android-studio-ide-145.2915834-windows\jre\jre\bin\zip.dll
0x00007ffbff660000 - 0x00007ffc00bbc000 	C:\Windows\system32\SHELL32.dll
0x00007ffbfdf20000 - 0x00007ffbfe565000 	C:\Windows\system32\windows.storage.dll
0x00007ffbff120000 - 0x00007ffbff172000 	C:\Windows\system32\shlwapi.dll
0x00007ffbfdeb0000 - 0x00007ffbfdebf000 	C:\Windows\system32\kernel.appcore.dll
0x00007ffbfe7d0000 - 0x00007ffbfe885000 	C:\Windows\system32\shcore.dll
0x00007ffbfdec0000 - 0x00007ffbfdf0b000 	C:\Windows\system32\powrprof.dll
0x00007ffbfde90000 - 0x00007ffbfdea4000 	C:\Windows\system32\profapi.dll

VM Arguments:
jvm_args: -Djava.awt.headless=true -Xmx1024M -Dfile.encoding=GBK -Duser.country=CN -Duser.language=zh -Duser.variant 
java_command: com.android.dx.command.Main --dex --num-threads=4 --output E:\Teapopo\app\build\intermediates\transforms\dex\debug\folders\1000\1f\main E:\Teapopo\app\build\intermediates\pre-dexed\debug\kenburnsview-1.0.6_7246cce9a56f4a0c7c616d76ac60d9376a09809a.jar E:\Teapopo\app\build\intermediates\pre-dexed\debug\me.yokeyword-fragmentation-0.5.7_31ba2a36b2fa4fd150b2dfa9ebf9ccc7227de868.jar E:\Teapopo\app\build\intermediates\pre-dexed\debug\ShareSDK-Line-2.7.1_9e83aedbc48ab9040e71511adb57c0808b544969.jar E:\Teapopo\app\build\intermediates\pre-dexed\debug\ShareSDK-Wechat-Moments-2.7.1_8acc68db4930c7688661ae216a503abb37cdc916.jar E:\Teapopo\app\build\intermediates\pre-dexed\debug\com.github.dmytrodanylyk.android-process-button-library-1.0.4_0b553d611ef91c854f3f3936b68d52c385c9798c.jar E:\Teapopo\app\build\intermediates\pre-dexed\debug\com.wrapp.floatlabelededittext-library-0.0.6_a8e2eb57d6bfb2cc1240b95e67ff279fbbb63789.jar E:\Teapopo\app\build\intermediates\pre-dexed\debug\ShareSDK-FacebookMessenger-2.7.1_16c524ae5155e0aa49f171952a8a2157c25778b3.jar E:\Teapopo\app\build\intermediates\pre-dexed\debug\ShareSDK-Pocket-2.7.1_82d46b9bc4f864df6e29232a8f7cd19ee6ae7c32.jar E:\Teapopo\app\build\intermediates\pre-dexed\debug\MobCommons-2016.0406.1915_aadbd2256b7018691f3067ff778e48c233d35be3.jar E:\Teapopo\app\build\intermediates\pre-dexed\debug\ShareSDK-Instapaper-2.7.1_402f67658a962a7a73b70ae321219fd46db748c0.jar E:\Teapopo\app\build\intermediates\pre-dexed\debug\ShareSDK-Foursquare-2.7.1_c37870adc6b53f5235b98c753100bc4c86864c17.jar E:\Teapopo\app\build\intermediates\pre-dexed\debug\com.commit451-PhotoView-1.2.5_bc9890e54f5b9c504e282b6b65c985f8c64286c1.jar E:\Teapopo\app\build\intermediates\pre-dexed\debug\logansquare-1.3.7_66792233ed20698d6db078c391784faf406bffe1.jar E:\Teapopo\app\build\intermediates\pre-dexed\debug\okhttp-3.2.0_f55d89d5337775cc52f87f2c7b73539820543a5b.jar E:\Teapopo\app\build\intermediates\pre-dexed\debug\ShareSDK-QZone-2.7.1_8bcd2cba12eecb188ee0658262235
java_class_path (initial): C:\Users\lhq\AppData\Local\Android\sdk\build-tools\23.0.3\lib\dx.jar
Launcher Type: SUN_STANDARD

Environment Variables:
JAVA_HOME=C:\Program Files\Java\jdk1.8.0_91
PATH=C:\ProgramData\Oracle\Java\javapath;C:\Windows\system32;C:\Windows;C:\Windows\System32\Wbem;C:\Windows\System32\WindowsPowerShell\v1.0\;C:\Users\lhq\AppData\Local\Android\sdk\platform-tools;C:\Users\lhq\AppData\Local\Android\sdk\tools;C:\Program Files\Java\jdk1.8.0_91\bin;C:\Program Files\Java\jdk1.8.0_91\jre\bin
USERNAME=lhq
OS=Windows_NT
PROCESSOR_IDENTIFIER=Intel64 Family 6 Model 69 Stepping 1, GenuineIntel



---------------  S Y S T E M  ---------------

OS: Windows 10.0 , 64 bit Build 10586 (10.0.10586.0)

CPU:total 4 (2 cores per cpu, 2 threads per core) family 6 model 69 stepping 1, cmov, cx8, fxsr, mmx, sse, sse2, sse3, ssse3, sse4.1, sse4.2, popcnt, avx, avx2, aes, clmul, erms, lzcnt, ht, tsc, tscinvbit, bmi1, bmi2

Memory: 4k page, physical 8067548k(852500k free), swap 8067548k(5192k free)

vm_info: OpenJDK 64-Bit Server VM (25.76-b01) for windows-amd64 JRE (1.8.0_76-release-b01), built on May 12 2016 23:29:00 by "ralucas" with MS VC++ 10.0 (VS2010)

time: Fri Jul 01 15:46:16 2016
elapsed time: 1 seconds (0d 0h 0m 1s)

