#
# There is insufficient memory for the Java Runtime Environment to continue.
# Native memory allocation (malloc) failed to allocate 32744 bytes for ChunkPool::allocate
# Possible reasons:
#   The system is out of physical RAM or swap space
#   In 32 bit mode, the process size limit was hit
# Possible solutions:
#   Reduce memory load on the system
#   Increase physical memory or swap space
#   Check if swap backing store is full
#   Use 64 bit Java on a 64 bit OS
#   Decrease Java heap size (-Xmx/-Xms)
#   Decrease number of Java threads
#   Decrease Java thread stack sizes (-Xss)
#   Set larger code cache with -XX:ReservedCodeCacheSize=
# This output file may be truncated or incomplete.
#
#  Out of Memory Error (allocation.cpp:273), pid=32392, tid=0x0000000000007eb8
#
# JRE version: OpenJDK Runtime Environment (8.0_76-b01) (build 1.8.0_76-release-b01)
# Java VM: OpenJDK 64-Bit Server VM (25.76-b01 mixed mode windows-amd64 compressed oops)
# Failed to write core dump. Minidumps are not enabled by default on client versions of Windows
#

---------------  T H R E A D  ---------------

Current thread (0x0000000014dfb800):  JavaThread "C2 CompilerThread1" daemon [_thread_in_vm, id=32440, stack(0x00000000163f0000,0x00000000164f0000)]

Stack: [0x00000000163f0000,0x00000000164f0000]
[error occurred during error reporting (printing stack bounds), id 0xc0000005]

Native frames: (J=compiled Java code, j=interpreted, Vv=VM code, C=native code)


Current CompileTask:
C2:    873  639       4       com.android.dx.rop.type.Type::hashCode (8 bytes)


---------------  P R O C E S S  ---------------

Java Threads: ( => current thread )
  0x000000001674e000 JavaThread "pool-1-thread-4" [_thread_in_Java, id=29536, stack(0x0000000016ff0000,0x00000000170f0000)]
  0x00000000166ba000 JavaThread "pool-1-thread-3" [_thread_in_Java, id=33624, stack(0x0000000016ef0000,0x0000000016ff0000)]
  0x00000000166b9800 JavaThread "pool-1-thread-2" [_thread_in_Java, id=32880, stack(0x0000000016df0000,0x0000000016ef0000)]
  0x00000000166b5000 JavaThread "pool-2-thread-1" [_thread_blocked, id=32008, stack(0x0000000016cf0000,0x0000000016df0000)]
  0x00000000166b4000 JavaThread "pool-1-thread-1" [_thread_in_vm, id=33208, stack(0x0000000016bf0000,0x0000000016cf0000)]
  0x000000001654f800 JavaThread "Service Thread" daemon [_thread_blocked, id=32344, stack(0x00000000169f0000,0x0000000016af0000)]
  0x0000000016545800 JavaThread "C1 CompilerThread2" daemon [_thread_in_native, id=32936, stack(0x00000000168f0000,0x00000000169f0000)]
=>0x0000000014dfb800 JavaThread "C2 CompilerThread1" daemon [_thread_in_vm, id=32440, stack(0x00000000163f0000,0x00000000164f0000)]
  0x0000000014dae800 JavaThread "C2 CompilerThread0" daemon [_thread_in_native, id=31944, stack(0x00000000162f0000,0x00000000163f0000)]
  0x0000000014dad000 JavaThread "Attach Listener" daemon [_thread_blocked, id=32992, stack(0x00000000161f0000,0x00000000162f0000)]
  0x0000000014dac000 JavaThread "Signal Dispatcher" daemon [_thread_blocked, id=30056, stack(0x00000000160f0000,0x00000000161f0000)]
  0x0000000014d88000 JavaThread "Finalizer" daemon [_thread_blocked, id=31176, stack(0x0000000015ff0000,0x00000000160f0000)]
  0x00000000026c0000 JavaThread "Reference Handler" daemon [_thread_blocked, id=32944, stack(0x0000000015ef0000,0x0000000015ff0000)]
  0x00000000025d0800 JavaThread "main" [_thread_in_Java, id=33588, stack(0x00000000024d0000,0x00000000025d0000)]

Other Threads:
  0x0000000014d65800 VMThread [stack: 0x0000000015df0000,0x0000000015ef0000] [id=30048]
  0x0000000016552000 WatcherThread [stack: 0x0000000016af0000,0x0000000016bf0000] [id=33692]

VM state:not at safepoint (normal execution)

VM Mutex/Monitor currently owned by a thread: None

Heap:
 PSYoungGen      total 36864K, used 13600K [0x00000000eab00000, 0x00000000ed400000, 0x0000000100000000)
  eden space 31744K, 42% used [0x00000000eab00000,0x00000000eb8482e0,0x00000000eca00000)
  from space 5120K, 0% used [0x00000000ecf00000,0x00000000ecf00000,0x00000000ed400000)
  to   space 5120K, 0% used [0x00000000eca00000,0x00000000eca00000,0x00000000ecf00000)
 ParOldGen       total 84992K, used 0K [0x00000000c0000000, 0x00000000c5300000, 0x00000000eab00000)
  object space 84992K, 0% used [0x00000000c0000000,0x00000000c0000000,0x00000000c5300000)
 Metaspace       used 5588K, capacity 6576K, committed 6784K, reserved 1056768K
  class space    used 573K, capacity 616K, committed 640K, reserved 1048576K

Card table byte_map: [0x0000000011a90000,0x0000000011ca0000] byte_map_base: 0x0000000011490000

Marking Bits: (ParMarkBitMap*) 0x0000000076459d00
 Begin Bits: [0x0000000012200000, 0x0000000013200000)
 End Bits:   [0x0000000013200000, 0x0000000014200000)

Polling page: 0x0000000000810000

CodeCache: size=245760Kb used=2408Kb max_used=2428Kb free=243351Kb
 bounds [0x00000000026d0000, 0x0000000002940000, 0x00000000116d0000]
 total_blobs=890 nmethods=620 adapters=184
 compilation: enabled

Compilation events (10 events):
Event: 0.865 Thread 0x0000000014dae800 nmethod 616 0x0000000002931390 code [0x00000000029314e0, 0x00000000029315e8]
Event: 0.865 Thread 0x0000000014dfb800 nmethod 627 0x000000000292c210 code [0x000000000292c360, 0x000000000292c438]
Event: 0.865 Thread 0x0000000014dae800  631       4       com.android.dx.util.MutabilityControl::<init> (10 bytes)
Event: 0.865 Thread 0x0000000014dfb800  629       4       com.android.dx.ssa.NormalSsaInsn::accept (25 bytes)
Event: 0.865 Thread 0x0000000014dae800 nmethod 631 0x00000000028c6e90 code [0x00000000028c6fc0, 0x00000000028c7018]
Event: 0.865 Thread 0x0000000014dae800  636       4       java.util.HashSet::contains (9 bytes)
Event: 0.867 Thread 0x0000000014dfb800 nmethod 629 0x000000000292be10 code [0x000000000292bf60, 0x000000000292c068]
Event: 0.868 Thread 0x0000000014dfb800  638       4       java.util.ArrayList$Itr::<init> (6 bytes)
Event: 0.869 Thread 0x0000000014dfb800 nmethod 638 0x00000000029225d0 code [0x0000000002922700, 0x0000000002922798]
Event: 0.871 Thread 0x0000000014dfb800  639       4       com.android.dx.rop.type.Type::hashCode (8 bytes)

GC Heap History (0 events):
No events

Deoptimization events (1 events):
Event: 0.469 Thread 0x00000000025d0800 Uncommon trap: reason=unstable_if action=reinterpret pc=0x0000000002807d90 method=java.lang.String.indexOf(II)I @ 49

Internal exceptions (2 events):
Event: 0.034 Thread 0x00000000025d0800 Exception <a 'java/lang/NoSuchMethodError': Method sun.misc.Unsafe.defineClass(Ljava/lang/String;[BII)Ljava/lang/Class; name or signature does not match> (0x00000000eab07cc0) thrown at [C:\src\android\AOSP-openjdk\external\jetbrains\jdk\hotspot\src\share\v¤Éºº}‡¡?
Event: 0.034 Thread 0x00000000025d0800 Exception <a 'java/lang/NoSuchMethodError': Method sun.misc.Unsafe.prefetchRead(Ljava/lang/Object;J)V name or signature does not match> (0x00000000eab07fa8) thrown at [C:\src\android\AOSP-openjdk\external\jetbrains\jdk\hotspot\src\share\vm\prims\jni.cpp, l

Events (10 events):
Event: 0.791 loading class com/android/dx/dex/file/AnnotationSetRefItem
Event: 0.791 loading class com/android/dx/dex/file/AnnotationSetRefItem done
Event: 0.791 loading class com/android/dx/cf/code/SwitchList
Event: 0.791 loading class com/android/dx/cf/code/SwitchList done
Event: 0.795 loading class com/android/dx/ssa/PhiInsn$Operand
Event: 0.795 loading class com/android/dx/ssa/PhiInsn$Operand done
Event: 0.802 loading class com/android/dx/ssa/back/FirstFitLocalCombiningAllocator$Multiset
Event: 0.802 loading class com/android/dx/ssa/back/FirstFitLocalCombiningAllocator$Multiset done
Event: 0.868 loading class java/util/ArrayList$1
Event: 0.868 loading class java/util/ArrayList$1 done


Dynamic libraries:
0x00007ff6beda0000 - 0x00007ff6bedd5000 	E:\Android\android-studio-ide-145.2915834-windows\jre\bin\java.exe
0x00007ffc71010000 - 0x00007ffc711d1000 	C:\Windows\SYSTEM32\ntdll.dll
0x00007ffc70e50000 - 0x00007ffc70efd000 	C:\Windows\system32\KERNEL32.DLL
0x00007ffc6da90000 - 0x00007ffc6dc78000 	C:\Windows\system32\KERNELBASE.dll
0x00007ffc6eb70000 - 0x00007ffc6ec17000 	C:\Windows\system32\ADVAPI32.dll
0x00007ffc70f00000 - 0x00007ffc70f9d000 	C:\Windows\system32\msvcrt.dll
0x00007ffc6eb10000 - 0x00007ffc6eb6b000 	C:\Windows\system32\sechost.dll
0x00007ffc6ec80000 - 0x00007ffc6ed9c000 	C:\Windows\system32\RPCRT4.dll
0x00007ffc6f0f0000 - 0x00007ffc6f246000 	C:\Windows\system32\USER32.dll
0x00007ffc70960000 - 0x00007ffc70ae6000 	C:\Windows\system32\GDI32.dll
0x00007ffc5ff30000 - 0x00007ffc601a4000 	C:\Windows\WinSxS\amd64_microsoft.windows.common-controls_6595b64144ccf1df_6.0.10586.0_none_8c15ae12515e1c22\COMCTL32.dll
0x00007ffc6eda0000 - 0x00007ffc6f01d000 	C:\Windows\system32\combase.dll
0x00007ffc6d9a0000 - 0x00007ffc6da0a000 	C:\Windows\system32\bcryptPrimitives.dll
0x00007ffc6ec20000 - 0x00007ffc6ec5b000 	C:\Windows\system32\IMM32.DLL
0x0000000075bc0000 - 0x0000000075c92000 	E:\Android\android-studio-ide-145.2915834-windows\jre\jre\bin\msvcr100.dll
0x0000000075ca0000 - 0x00000000764d4000 	E:\Android\android-studio-ide-145.2915834-windows\jre\jre\bin\server\jvm.dll
0x00007ffc70c70000 - 0x00007ffc70c78000 	C:\Windows\system32\PSAPI.DLL
0x00007ffc6bbe0000 - 0x00007ffc6bbe9000 	C:\Windows\SYSTEM32\WSOCK32.dll
0x00007ffc6b5f0000 - 0x00007ffc6b613000 	C:\Windows\SYSTEM32\WINMM.dll
0x00007ffc62e40000 - 0x00007ffc62e4a000 	C:\Windows\SYSTEM32\VERSION.dll
0x00007ffc70af0000 - 0x00007ffc70b5b000 	C:\Windows\system32\WS2_32.dll
0x00007ffc6b590000 - 0x00007ffc6b5bc000 	C:\Windows\SYSTEM32\WINMMBASE.dll
0x00007ffc6d780000 - 0x00007ffc6d7c3000 	C:\Windows\system32\cfgmgr32.dll
0x00007ffc6bbd0000 - 0x00007ffc6bbdf000 	E:\Android\android-studio-ide-145.2915834-windows\jre\jre\bin\verify.dll
0x00007ffc68150000 - 0x00007ffc68179000 	E:\Android\android-studio-ide-145.2915834-windows\jre\jre\bin\java.dll
0x00007ffc6ad40000 - 0x00007ffc6ad56000 	E:\Android\android-studio-ide-145.2915834-windows\jre\jre\bin\zip.dll
0x00007ffc6f400000 - 0x00007ffc7095c000 	C:\Windows\system32\SHELL32.dll
0x00007ffc6ddc0000 - 0x00007ffc6e405000 	C:\Windows\system32\windows.storage.dll
0x00007ffc70c80000 - 0x00007ffc70cd2000 	C:\Windows\system32\shlwapi.dll
0x00007ffc6d660000 - 0x00007ffc6d66f000 	C:\Windows\system32\kernel.appcore.dll
0x00007ffc6d6c0000 - 0x00007ffc6d775000 	C:\Windows\system32\shcore.dll
0x00007ffc6d670000 - 0x00007ffc6d6bb000 	C:\Windows\system32\powrprof.dll
0x00007ffc6d630000 - 0x00007ffc6d644000 	C:\Windows\system32\profapi.dll

VM Arguments:
jvm_args: -Djava.awt.headless=true -Xmx1024M -Dfile.encoding=GBK -Duser.country=CN -Duser.language=zh -Duser.variant 
java_command: com.android.dx.command.Main --dex --num-threads=4 --output E:\Teapopo\app\build\intermediates\pre-dexed\debug\com.android.databinding-library-1.1_8ece181c3da577037c768deabb0043c9ae03d065.jar E:\Teapopo\app\build\intermediates\exploded-aar\com.android.databinding\library\1.1\jars\classes.jar
java_class_path (initial): C:\Users\lhq\AppData\Local\Android\sdk\build-tools\23.0.3\lib\dx.jar
Launcher Type: SUN_STANDARD

Environment Variables:
JAVA_HOME=C:\Program Files\Java\jdk1.8.0_91
PATH=C:\ProgramData\Oracle\Java\javapath;C:\Windows\system32;C:\Windows;C:\Windows\System32\Wbem;C:\Windows\System32\WindowsPowerShell\v1.0\;C:\Users\lhq\AppData\Local\Android\sdk\platform-tools;C:\Users\lhq\AppData\Local\Android\sdk\tools;C:\Program Files\Java\jdk1.8.0_91\bin;C:\Program Files\Java\jdk1.8.0_91\jre\bin
USERNAME=lhq
OS=Windows_NT
PROCESSOR_IDENTIFIER=Intel64 Family 6 Model 69 Stepping 1, GenuineIntel



---------------  S Y S T E M  ---------------

OS: Windows 10.0 , 64 bit Build 10586 (10.0.10586.0)

CPU:total 4 (2 cores per cpu, 2 threads per core) family 6 model 69 stepping 1, cmov, cx8, fxsr, mmx, sse, sse2, sse3, ssse3, sse4.1, sse4.2, popcnt, avx, avx2, aes, clmul, erms, lzcnt, ht, tsc, tscinvbit, bmi1, bmi2

Memory: 4k page, physical 8067548k(1138428k free), swap 8067548k(5136k free)

vm_info: OpenJDK 64-Bit Server VM (25.76-b01) for windows-amd64 JRE (1.8.0_76-release-b01), built on May 12 2016 23:29:00 by "ralucas" with MS VC++ 10.0 (VS2010)

time: Mon Jul 04 09:54:56 2016
elapsed time: 0 seconds (0d 0h 0m 0s)

