#
# There is insufficient memory for the Java Runtime Environment to continue.
# Native memory allocation (malloc) failed to allocate 32744 bytes for ChunkPool::allocate
# Possible reasons:
#   The system is out of physical RAM or swap space
#   In 32 bit mode, the process size limit was hit
# Possible solutions:
#   Reduce memory load on the system
#   Increase physical memory or swap space
#   Check if swap backing store is full
#   Use 64 bit Java on a 64 bit OS
#   Decrease Java heap size (-Xmx/-Xms)
#   Decrease number of Java threads
#   Decrease Java thread stack sizes (-Xss)
#   Set larger code cache with -XX:ReservedCodeCacheSize=
# This output file may be truncated or incomplete.
#
#  Out of Memory Error (allocation.cpp:273), pid=66544, tid=0x000000000000fc98
#
# JRE version: OpenJDK Runtime Environment (8.0_76-b01) (build 1.8.0_76-release-b01)
# Java VM: OpenJDK 64-Bit Server VM (25.76-b01 mixed mode windows-amd64 compressed oops)
# Failed to write core dump. Minidumps are not enabled by default on client versions of Windows
#

---------------  T H R E A D  ---------------

Current thread (0x0000000016440000):  JavaThread "C1 CompilerThread2" daemon [_thread_in_native, id=64664, stack(0x00000000167e0000,0x00000000168e0000)]

Stack: [0x00000000167e0000,0x00000000168e0000]
[error occurred during error reporting (printing stack bounds), id 0xc0000005]

Native frames: (J=compiled Java code, j=interpreted, Vv=VM code, C=native code)


Current CompileTask:
C1:    658  501   !   3       com.android.dx.cf.code.BytecodeArray::parseInstruction (2764 bytes)


---------------  P R O C E S S  ---------------

Java Threads: ( => current thread )
  0x000000001666c800 JavaThread "pool-1-thread-4" [_thread_in_Java, id=23988, stack(0x0000000016ee0000,0x0000000016fe0000)]
  0x000000001666c000 JavaThread "pool-1-thread-3" [_thread_in_vm, id=59876, stack(0x0000000016de0000,0x0000000016ee0000)]
  0x000000001666b000 JavaThread "pool-1-thread-2" [_thread_in_vm, id=66112, stack(0x0000000016ce0000,0x0000000016de0000)]
  0x0000000016665000 JavaThread "pool-2-thread-1" [_thread_blocked, id=66464, stack(0x0000000016be0000,0x0000000016ce0000)]
  0x0000000016664800 JavaThread "pool-1-thread-1" [_thread_in_vm, id=47988, stack(0x0000000016ae0000,0x0000000016be0000)]
  0x0000000016446800 JavaThread "Service Thread" daemon [_thread_blocked, id=64280, stack(0x00000000168e0000,0x00000000169e0000)]
=>0x0000000016440000 JavaThread "C1 CompilerThread2" daemon [_thread_in_native, id=64664, stack(0x00000000167e0000,0x00000000168e0000)]
  0x0000000014cda800 JavaThread "C2 CompilerThread1" daemon [_thread_in_native, id=65916, stack(0x00000000162e0000,0x00000000163e0000)]
  0x0000000014cd7000 JavaThread "C2 CompilerThread0" daemon [_thread_in_native, id=65532, stack(0x00000000161e0000,0x00000000162e0000)]
  0x0000000014c8c800 JavaThread "Attach Listener" daemon [_thread_blocked, id=65920, stack(0x00000000160e0000,0x00000000161e0000)]
  0x0000000014c8b000 JavaThread "Signal Dispatcher" daemon [_thread_blocked, id=62724, stack(0x0000000015fe0000,0x00000000160e0000)]
  0x0000000014c68800 JavaThread "Finalizer" daemon [_thread_blocked, id=66352, stack(0x0000000015ee0000,0x0000000015fe0000)]
  0x00000000025a0000 JavaThread "Reference Handler" daemon [_thread_blocked, id=66044, stack(0x0000000015de0000,0x0000000015ee0000)]
  0x00000000024b0800 JavaThread "main" [_thread_blocked, id=66164, stack(0x00000000023a0000,0x00000000024a0000)]

Other Threads:
  0x0000000014c45800 VMThread [stack: 0x0000000015ce0000,0x0000000015de0000] [id=66068]
  0x000000001644a000 WatcherThread [stack: 0x00000000169e0000,0x0000000016ae0000] [id=66236]

VM state:not at safepoint (normal execution)

VM Mutex/Monitor currently owned by a thread: None

Heap:
 PSYoungGen      total 36864K, used 11734K [0x00000000eab00000, 0x00000000ed400000, 0x0000000100000000)
  eden space 31744K, 36% used [0x00000000eab00000,0x00000000eb6759e0,0x00000000eca00000)
  from space 5120K, 0% used [0x00000000ecf00000,0x00000000ecf00000,0x00000000ed400000)
  to   space 5120K, 0% used [0x00000000eca00000,0x00000000eca00000,0x00000000ecf00000)
 ParOldGen       total 84992K, used 0K [0x00000000c0000000, 0x00000000c5300000, 0x00000000eab00000)
  object space 84992K, 0% used [0x00000000c0000000,0x00000000c0000000,0x00000000c5300000)
 Metaspace       used 5435K, capacity 6448K, committed 6528K, reserved 1056768K
  class space    used 568K, capacity 616K, committed 640K, reserved 1048576K

Card table byte_map: [0x0000000011970000,0x0000000011b80000] byte_map_base: 0x0000000011370000

Marking Bits: (ParMarkBitMap*) 0x0000000076459d00
 Begin Bits: [0x00000000120e0000, 0x00000000130e0000)
 End Bits:   [0x00000000130e0000, 0x00000000140e0000)

Polling page: 0x0000000000510000

CodeCache: size=245760Kb used=2004Kb max_used=2016Kb free=243755Kb
 bounds [0x00000000025b0000, 0x0000000002820000, 0x00000000115b0000]
 total_blobs=765 nmethods=495 adapters=184
 compilation: enabled

Compilation events (10 events):
Event: 0.645 Thread 0x0000000016440000  498       3       com.android.dx.ssa.back.LivenessAnalyzer::liveInAtStatement (55 bytes)
Event: 0.646 Thread 0x0000000016440000 nmethod 498 0x00000000027a43d0 code [0x00000000027a45c0, 0x00000000027a4ef8]
Event: 0.646 Thread 0x0000000016440000  500       3       com.android.dx.cf.code.ByteOps::opInfo (6 bytes)
Event: 0.646 Thread 0x0000000016440000 nmethod 500 0x00000000027a5450 code [0x00000000027a55a0, 0x00000000027a56f0]
Event: 0.646 Thread 0x0000000016440000  504       3       java.util.HashMap::<init> (11 bytes)
Event: 0.646 Thread 0x0000000016440000 nmethod 504 0x00000000027a57d0 code [0x00000000027a5940, 0x00000000027a5b50]
Event: 0.646 Thread 0x0000000016440000  501   !   3       com.android.dx.cf.code.BytecodeArray::parseInstruction (2764 bytes)
Event: 0.647 Thread 0x0000000014cd7000 nmethod 489 0x00000000027a8c50 code [0x00000000027a8dc0, 0x00000000027a91e8]
Event: 0.650 Thread 0x0000000014cda800  512   !   4       com.android.dx.util.IntList::get (36 bytes)
Event: 0.650 Thread 0x0000000014cda800 nmethod 512 0x00000000027a5c10 code [0x00000000027a5d40, 0x00000000027a5df8]

GC Heap History (0 events):
No events

Deoptimization events (0 events):
No events

Internal exceptions (2 events):
Event: 0.076 Thread 0x00000000024b0800 Exception <a 'java/lang/NoSuchMethodError': Method sun.misc.Unsafe.defineClass(Ljava/lang/String;[BII)Ljava/lang/Class; name or signature does not match> (0x00000000eab07cc0) thrown at [C:\src\android\AOSP-openjdk\external\jetbrains\jdk\hotspot\src\share\v}ô|êz³?
Event: 0.076 Thread 0x00000000024b0800 Exception <a 'java/lang/NoSuchMethodError': Method sun.misc.Unsafe.prefetchRead(Ljava/lang/Object;J)V name or signature does not match> (0x00000000eab07fa8) thrown at [C:\src\android\AOSP-openjdk\external\jetbrains\jdk\hotspot\src\share\vm\prims\jni.cpp, l

Events (10 events):
Event: 0.652 loading class com/android/dx/dex/file/MethodAnnotationStruct
Event: 0.652 loading class com/android/dx/dex/file/MethodAnnotationStruct done
Event: 0.653 loading class com/android/dx/dex/file/AnnotationItem
Event: 0.653 loading class com/android/dx/dex/file/AnnotationItem done
Event: 0.654 loading class com/android/dx/dex/file/AnnotationItem$TypeIdSorter
Event: 0.654 loading class com/android/dx/dex/file/AnnotationItem$TypeIdSorter done
Event: 0.655 loading class com/android/dx/dex/file/TypeIdItem
Event: 0.655 loading class com/android/dx/dex/file/TypeIdItem done
Event: 0.655 loading class com/android/dx/dex/file/ValueEncoder
Event: 0.655 loading class com/android/dx/dex/file/ValueEncoder done


Dynamic libraries:
0x00007ff6beda0000 - 0x00007ff6bedd5000 	E:\Android\android-studio-ide-145.2915834-windows\jre\bin\java.exe
0x00007ffc71010000 - 0x00007ffc711d1000 	C:\Windows\SYSTEM32\ntdll.dll
0x00007ffc70e50000 - 0x00007ffc70efd000 	C:\Windows\system32\KERNEL32.DLL
0x00007ffc6da90000 - 0x00007ffc6dc78000 	C:\Windows\system32\KERNELBASE.dll
0x00007ffc6eb70000 - 0x00007ffc6ec17000 	C:\Windows\system32\ADVAPI32.dll
0x00007ffc70f00000 - 0x00007ffc70f9d000 	C:\Windows\system32\msvcrt.dll
0x00007ffc6eb10000 - 0x00007ffc6eb6b000 	C:\Windows\system32\sechost.dll
0x00007ffc6ec80000 - 0x00007ffc6ed9c000 	C:\Windows\system32\RPCRT4.dll
0x00007ffc6f0f0000 - 0x00007ffc6f246000 	C:\Windows\system32\USER32.dll
0x00007ffc70960000 - 0x00007ffc70ae6000 	C:\Windows\system32\GDI32.dll
0x00007ffc5ff30000 - 0x00007ffc601a4000 	C:\Windows\WinSxS\amd64_microsoft.windows.common-controls_6595b64144ccf1df_6.0.10586.0_none_8c15ae12515e1c22\COMCTL32.dll
0x00007ffc6eda0000 - 0x00007ffc6f01d000 	C:\Windows\system32\combase.dll
0x00007ffc6d9a0000 - 0x00007ffc6da0a000 	C:\Windows\system32\bcryptPrimitives.dll
0x00007ffc6ec20000 - 0x00007ffc6ec5b000 	C:\Windows\system32\IMM32.DLL
0x0000000075bc0000 - 0x0000000075c92000 	E:\Android\android-studio-ide-145.2915834-windows\jre\jre\bin\msvcr100.dll
0x0000000075ca0000 - 0x00000000764d4000 	E:\Android\android-studio-ide-145.2915834-windows\jre\jre\bin\server\jvm.dll
0x00007ffc70c70000 - 0x00007ffc70c78000 	C:\Windows\system32\PSAPI.DLL
0x00007ffc6bc20000 - 0x00007ffc6bc29000 	C:\Windows\SYSTEM32\WSOCK32.dll
0x00007ffc70af0000 - 0x00007ffc70b5b000 	C:\Windows\system32\WS2_32.dll
0x00007ffc6b5f0000 - 0x00007ffc6b613000 	C:\Windows\SYSTEM32\WINMM.dll
0x00007ffc62e40000 - 0x00007ffc62e4a000 	C:\Windows\SYSTEM32\VERSION.dll
0x00007ffc6b590000 - 0x00007ffc6b5bc000 	C:\Windows\SYSTEM32\WINMMBASE.dll
0x00007ffc6d780000 - 0x00007ffc6d7c3000 	C:\Windows\system32\cfgmgr32.dll
0x00007ffc6bc10000 - 0x00007ffc6bc1f000 	E:\Android\android-studio-ide-145.2915834-windows\jre\jre\bin\verify.dll
0x00007ffc68150000 - 0x00007ffc68179000 	E:\Android\android-studio-ide-145.2915834-windows\jre\jre\bin\java.dll
0x00007ffc6bbd0000 - 0x00007ffc6bbe6000 	E:\Android\android-studio-ide-145.2915834-windows\jre\jre\bin\zip.dll
0x00007ffc6f400000 - 0x00007ffc7095c000 	C:\Windows\system32\SHELL32.dll
0x00007ffc6ddc0000 - 0x00007ffc6e405000 	C:\Windows\system32\windows.storage.dll
0x00007ffc70c80000 - 0x00007ffc70cd2000 	C:\Windows\system32\shlwapi.dll
0x00007ffc6d660000 - 0x00007ffc6d66f000 	C:\Windows\system32\kernel.appcore.dll
0x00007ffc6d6c0000 - 0x00007ffc6d775000 	C:\Windows\system32\shcore.dll
0x00007ffc6d670000 - 0x00007ffc6d6bb000 	C:\Windows\system32\powrprof.dll
0x00007ffc6d630000 - 0x00007ffc6d644000 	C:\Windows\system32\profapi.dll

VM Arguments:
jvm_args: -Djava.awt.headless=true -Xmx1024M -Dfile.encoding=GBK -Duser.country=CN -Duser.language=zh -Duser.variant 
java_command: com.android.dx.command.Main --dex --num-threads=4 --output E:\Teapopo\app\build\intermediates\pre-dexed\debug\ShareSDK-Mingdao-2.7.1_ed84ab86f7b687dd4666460d0dc300a0e4485ba5.jar E:\Teapopo\app\libs\ShareSDK-Mingdao-2.7.1.jar
java_class_path (initial): C:\Users\lhq\AppData\Local\Android\sdk\build-tools\23.0.3\lib\dx.jar
Launcher Type: SUN_STANDARD

Environment Variables:
JAVA_HOME=C:\Program Files\Java\jdk1.8.0_91
PATH=C:\ProgramData\Oracle\Java\javapath;C:\Windows\system32;C:\Windows;C:\Windows\System32\Wbem;C:\Windows\System32\WindowsPowerShell\v1.0\;C:\Users\lhq\AppData\Local\Android\sdk\platform-tools;C:\Users\lhq\AppData\Local\Android\sdk\tools;C:\Program Files\Java\jdk1.8.0_91\bin;C:\Program Files\Java\jdk1.8.0_91\jre\bin
USERNAME=lhq
OS=Windows_NT
PROCESSOR_IDENTIFIER=Intel64 Family 6 Model 69 Stepping 1, GenuineIntel



---------------  S Y S T E M  ---------------

OS: Windows 10.0 , 64 bit Build 10586 (10.0.10586.0)

CPU:total 4 (2 cores per cpu, 2 threads per core) family 6 model 69 stepping 1, cmov, cx8, fxsr, mmx, sse, sse2, sse3, ssse3, sse4.1, sse4.2, popcnt, avx, avx2, aes, clmul, erms, lzcnt, ht, tsc, tscinvbit, bmi1, bmi2

Memory: 4k page, physical 8067548k(1034692k free), swap 8067548k(5136k free)

vm_info: OpenJDK 64-Bit Server VM (25.76-b01) for windows-amd64 JRE (1.8.0_76-release-b01), built on May 12 2016 23:29:00 by "ralucas" with MS VC++ 10.0 (VS2010)

time: Mon Jul 04 16:19:10 2016
elapsed time: 0 seconds (0d 0h 0m 0s)

