#
# There is insufficient memory for the Java Runtime Environment to continue.
# Native memory allocation (malloc) failed to allocate 22536 bytes for AllocateHeap
# Possible reasons:
#   The system is out of physical RAM or swap space
#   In 32 bit mode, the process size limit was hit
# Possible solutions:
#   Reduce memory load on the system
#   Increase physical memory or swap space
#   Check if swap backing store is full
#   Use 64 bit Java on a 64 bit OS
#   Decrease Java heap size (-Xmx/-Xms)
#   Decrease number of Java threads
#   Decrease Java thread stack sizes (-Xss)
#   Set larger code cache with -XX:ReservedCodeCacheSize=
# This output file may be truncated or incomplete.
#
#  Out of Memory Error (memory/allocation.inline.hpp:61), pid=6032, tid=0x0000000000001214
#
# JRE version: OpenJDK Runtime Environment (8.0_76-b01) (build 1.8.0_76-release-b01)
# Java VM: OpenJDK 64-Bit Server VM (25.76-b01 mixed mode windows-amd64 compressed oops)
# Failed to write core dump. Minidumps are not enabled by default on client versions of Windows
#

---------------  T H R E A D  ---------------

Current thread (0x0000000016501000):  JavaThread "pool-1-thread-1" [_thread_in_vm, id=4628, stack(0x0000000016b10000,0x0000000016c10000)]

Stack: [0x0000000016b10000,0x0000000016c10000]
[error occurred during error reporting (printing stack bounds), id 0xc0000005]

Native frames: (J=compiled Java code, j=interpreted, Vv=VM code, C=native code)

Java frames: (J=compiled Java code, j=interpreted, Vv=VM code)
j  com.android.dx.ssa.back.LivenessAnalyzer.handleTailRecursion()V+10
j  com.android.dx.ssa.back.LivenessAnalyzer.run()V+171
j  com.android.dx.ssa.back.LivenessAnalyzer.constructInterferenceGraph(Lcom/android/dx/ssa/SsaMethod;)Lcom/android/dx/ssa/back/InterferenceGraph;+31
j  com.android.dx.ssa.back.SsaToRop.<init>(Lcom/android/dx/ssa/SsaMethod;Z)V+16
j  com.android.dx.ssa.back.SsaToRop.convertToRopMethod(Lcom/android/dx/ssa/SsaMethod;Z)Lcom/android/dx/rop/code/RopMethod;+6
j  com.android.dx.ssa.Optimizer.optimize(Lcom/android/dx/rop/code/RopMethod;IZZLcom/android/dx/rop/code/TranslationAdvice;Ljava/util/EnumSet;)Lcom/android/dx/rop/code/RopMethod;+30
j  com.android.dx.ssa.Optimizer.optimize(Lcom/android/dx/rop/code/RopMethod;IZZLcom/android/dx/rop/code/TranslationAdvice;)Lcom/android/dx/rop/code/RopMethod;+12
j  com.android.dx.dex.cf.CfTranslator.processMethods(Lcom/android/dx/cf/direct/DirectClassFile;Lcom/android/dx/dex/cf/CfOptions;Lcom/android/dx/dex/DexOptions;Lcom/android/dx/dex/file/ClassDefItem;Lcom/android/dx/dex/file/DexFile;)V+265
j  com.android.dx.dex.cf.CfTranslator.translate0(Lcom/android/dx/cf/direct/DirectClassFile;[BLcom/android/dx/dex/cf/CfOptions;Lcom/android/dx/dex/DexOptions;Lcom/android/dx/dex/file/DexFile;)Lcom/android/dx/dex/file/ClassDefItem;+120
j  com.android.dx.dex.cf.CfTranslator.translate(Lcom/android/dx/cf/direct/DirectClassFile;[BLcom/android/dx/dex/cf/CfOptions;Lcom/android/dx/dex/DexOptions;Lcom/android/dx/dex/file/DexFile;)Lcom/android/dx/dex/file/ClassDefItem;+6
j  com.android.dx.command.dexer.Main.translateClass([BLcom/android/dx/cf/direct/DirectClassFile;)Lcom/android/dx/dex/file/ClassDefItem;+17
j  com.android.dx.command.dexer.Main.access$2700([BLcom/android/dx/cf/direct/DirectClassFile;)Lcom/android/dx/dex/file/ClassDefItem;+2
j  com.android.dx.command.dexer.Main$ClassTranslatorTask.call()Lcom/android/dx/dex/file/ClassDefItem;+8
j  com.android.dx.command.dexer.Main$ClassTranslatorTask.call()Ljava/lang/Object;+1
j  java.util.concurrent.FutureTask.run()V+42
j  java.util.concurrent.ThreadPoolExecutor.runWorker(Ljava/util/concurrent/ThreadPoolExecutor$Worker;)V+95
j  java.util.concurrent.ThreadPoolExecutor$Worker.run()V+5
j  java.lang.Thread.run()V+11
v  ~StubRoutines::call_stub

---------------  P R O C E S S  ---------------

Java Threads: ( => current thread )
  0x000000001657e000 JavaThread "pool-1-thread-4" [_thread_new, id=3304, stack(0x0000000000000000,0x0000000000000000)]
  0x0000000016507000 JavaThread "pool-1-thread-3" [_thread_new, id=5760, stack(0x0000000000000000,0x0000000000000000)]
  0x0000000016504800 JavaThread "pool-1-thread-2" [_thread_new, id=3712, stack(0x0000000000000000,0x0000000000000000)]
  0x0000000016502000 JavaThread "pool-2-thread-1" [_thread_blocked, id=1916, stack(0x0000000016c10000,0x0000000016d10000)]
=>0x0000000016501000 JavaThread "pool-1-thread-1" [_thread_in_vm, id=4628, stack(0x0000000016b10000,0x0000000016c10000)]
  0x000000001636c000 JavaThread "Service Thread" daemon [_thread_blocked, id=3428, stack(0x0000000016910000,0x0000000016a10000)]
  0x0000000016364800 JavaThread "C1 CompilerThread2" daemon [_thread_in_native, id=3936, stack(0x0000000016810000,0x0000000016910000)]
  0x0000000016362000 JavaThread "C2 CompilerThread1" daemon [_thread_blocked, id=2156, stack(0x0000000016710000,0x0000000016810000)]
  0x0000000014ccd000 JavaThread "C2 CompilerThread0" daemon [_thread_blocked, id=3604, stack(0x0000000016210000,0x0000000016310000)]
  0x0000000014ccb800 JavaThread "Attach Listener" daemon [_thread_blocked, id=4584, stack(0x0000000016110000,0x0000000016210000)]
  0x0000000014cb7800 JavaThread "Signal Dispatcher" daemon [_thread_blocked, id=272, stack(0x0000000016010000,0x0000000016110000)]
  0x0000000014ca8000 JavaThread "Finalizer" daemon [_thread_blocked, id=6036, stack(0x0000000015f10000,0x0000000016010000)]
  0x00000000025e0000 JavaThread "Reference Handler" daemon [_thread_blocked, id=4676, stack(0x0000000015e10000,0x0000000015f10000)]
  0x00000000024f0800 JavaThread "main" [_thread_in_Java, id=3648, stack(0x00000000020a0000,0x00000000021a0000)]

Other Threads:
  0x0000000014c85800 VMThread [stack: 0x0000000015d10000,0x0000000015e10000] [id=868]
  0x000000001636e000 WatcherThread [stack: 0x0000000016a10000,0x0000000016b10000] [id=5268]

VM state:not at safepoint (normal execution)

VM Mutex/Monitor currently owned by a thread: None

Heap:
 PSYoungGen      total 36864K, used 8915K [0x00000000eab00000, 0x00000000ed400000, 0x0000000100000000)
  eden space 31744K, 28% used [0x00000000eab00000,0x00000000eb3b4ca8,0x00000000eca00000)
  from space 5120K, 0% used [0x00000000ecf00000,0x00000000ecf00000,0x00000000ed400000)
  to   space 5120K, 0% used [0x00000000eca00000,0x00000000eca00000,0x00000000ecf00000)
 ParOldGen       total 84992K, used 0K [0x00000000c0000000, 0x00000000c5300000, 0x00000000eab00000)
  object space 84992K, 0% used [0x00000000c0000000,0x00000000c0000000,0x00000000c5300000)
 Metaspace       used 5001K, capacity 6064K, committed 6272K, reserved 1056768K
  class space    used 530K, capacity 552K, committed 640K, reserved 1048576K

Card table byte_map: [0x00000000119b0000,0x0000000011bc0000] byte_map_base: 0x00000000113b0000

Marking Bits: (ParMarkBitMap*) 0x000000006c4a9d00
 Begin Bits: [0x0000000012120000, 0x0000000013120000)
 End Bits:   [0x0000000013120000, 0x0000000014120000)

Polling page: 0x0000000000450000

CodeCache: size=245760Kb used=1895Kb max_used=1895Kb free=243864Kb
 bounds [0x00000000025f0000, 0x0000000002860000, 0x00000000115f0000]
 total_blobs=631 nmethods=364 adapters=181
 compilation: enabled

Compilation events (10 events):
Event: 2.244 Thread 0x0000000016364800  357       3       java.util.HashSet::contains (9 bytes)
Event: 2.244 Thread 0x0000000016364800 nmethod 357 0x00000000027c6150 code [0x00000000027c62e0, 0x00000000027c67d8]
Event: 2.245 Thread 0x0000000016362000  358       4       java.util.ArrayList::get (11 bytes)
Event: 2.246 Thread 0x0000000016362000 nmethod 358 0x00000000027c8f90 code [0x00000000027c90c0, 0x00000000027c9178]
Event: 2.246 Thread 0x0000000016364800  359       3       java.util.Arrays::copyOf (13 bytes)
Event: 2.246 Thread 0x0000000016364800 nmethod 359 0x00000000027c5d10 code [0x00000000027c5e80, 0x00000000027c6088]
Event: 2.246 Thread 0x0000000016364800  360       3       java.util.ArrayList::remove (69 bytes)
Event: 2.247 Thread 0x0000000016364800 nmethod 360 0x00000000027c51d0 code [0x00000000027c5380, 0x00000000027c59a8]
Event: 2.247 Thread 0x0000000016364800  361       3       com.android.dx.ssa.SsaBasicBlock::forEachInsn (37 bytes)
Event: 2.247 Thread 0x0000000016364800 nmethod 361 0x00000000027c8290 code [0x00000000027c8460, 0x00000000027c8b08]

GC Heap History (0 events):
No events

Deoptimization events (1 events):
Event: 1.476 Thread 0x00000000024f0800 Uncommon trap: reason=unstable_if action=reinterpret pc=0x000000000274a010 method=java.lang.String.indexOf(II)I @ 49

Internal exceptions (2 events):
Event: 0.459 Thread 0x00000000024f0800 Exception <a 'java/lang/NoSuchMethodError': Method sun.misc.Unsafe.defineClass(Ljava/lang/String;[BII)Ljava/lang/Class; name or signature does not match> (0x00000000eab07cc0) thrown at [C:\src\android\AOSP-openjdk\external\jetbrains\jdk\hotspot\src\share\v^Ÿ(_Ý?
Event: 0.459 Thread 0x00000000024f0800 Exception <a 'java/lang/NoSuchMethodError': Method sun.misc.Unsafe.prefetchRead(Ljava/lang/Object;J)V name or signature does not match> (0x00000000eab07fa8) thrown at [C:\src\android\AOSP-openjdk\external\jetbrains\jdk\hotspot\src\share\vm\prims\jni.cpp, l

Events (10 events):
Event: 2.250 loading class com/android/dx/ssa/BasicRegisterMapper
Event: 2.250 loading class com/android/dx/ssa/BasicRegisterMapper done
Event: 2.250 loading class com/android/dx/ssa/back/LivenessAnalyzer
Event: 2.250 loading class com/android/dx/ssa/back/LivenessAnalyzer done
Event: 2.251 loading class com/android/dx/ssa/back/InterferenceGraph
Event: 2.251 loading class com/android/dx/ssa/back/InterferenceGraph done
Event: 2.252 loading class com/android/dx/ssa/back/LivenessAnalyzer$NextFunction
Event: 2.252 loading class com/android/dx/ssa/back/LivenessAnalyzer$NextFunction done
Event: 2.252 loading class com/android/dx/ssa/back/LivenessAnalyzer$1
Event: 2.252 loading class com/android/dx/ssa/back/LivenessAnalyzer$1 done


Dynamic libraries:
0x00007ff63bdd0000 - 0x00007ff63be05000 	E:\Android\android-studio-ide-145.2915834-windows\jre\bin\java.exe
0x00007ffc01870000 - 0x00007ffc01a31000 	C:\Windows\SYSTEM32\ntdll.dll
0x00007ffc01610000 - 0x00007ffc016bd000 	C:\Windows\system32\KERNEL32.DLL
0x00007ffbfe5e0000 - 0x00007ffbfe7c8000 	C:\Windows\system32\KERNELBASE.dll
0x00007ffbff5b0000 - 0x00007ffbff657000 	C:\Windows\system32\ADVAPI32.dll
0x00007ffc016c0000 - 0x00007ffc0175d000 	C:\Windows\system32\msvcrt.dll
0x00007ffc01810000 - 0x00007ffc0186b000 	C:\Windows\system32\sechost.dll
0x00007ffc00eb0000 - 0x00007ffc00fcc000 	C:\Windows\system32\RPCRT4.dll
0x00007ffbfef60000 - 0x00007ffbff0b6000 	C:\Windows\system32\USER32.dll
0x00007ffc01330000 - 0x00007ffc014b6000 	C:\Windows\system32\GDI32.dll
0x00007ffbf0a00000 - 0x00007ffbf0c74000 	C:\Windows\WinSxS\amd64_microsoft.windows.common-controls_6595b64144ccf1df_6.0.10586.0_none_8c15ae12515e1c22\COMCTL32.dll
0x00007ffbfece0000 - 0x00007ffbfef5d000 	C:\Windows\system32\combase.dll
0x00007ffbfe570000 - 0x00007ffbfe5da000 	C:\Windows\system32\bcryptPrimitives.dll
0x00007ffc00bc0000 - 0x00007ffc00bfb000 	C:\Windows\system32\IMM32.DLL
0x000000006ca70000 - 0x000000006cb42000 	E:\Android\android-studio-ide-145.2915834-windows\jre\jre\bin\msvcr100.dll
0x000000006bcf0000 - 0x000000006c524000 	E:\Android\android-studio-ide-145.2915834-windows\jre\jre\bin\server\jvm.dll
0x00007ffbfecd0000 - 0x00007ffbfecd8000 	C:\Windows\system32\PSAPI.DLL
0x00007ffbfc260000 - 0x00007ffbfc269000 	C:\Windows\SYSTEM32\WSOCK32.dll
0x00007ffc00fd0000 - 0x00007ffc0103b000 	C:\Windows\system32\WS2_32.dll
0x00007ffbfc520000 - 0x00007ffbfc543000 	C:\Windows\SYSTEM32\WINMM.dll
0x00007ffbf4030000 - 0x00007ffbf403a000 	C:\Windows\SYSTEM32\VERSION.dll
0x00007ffbfc420000 - 0x00007ffbfc44c000 	C:\Windows\SYSTEM32\WINMMBASE.dll
0x00007ffbfe940000 - 0x00007ffbfe983000 	C:\Windows\system32\cfgmgr32.dll
0x00007ffbfbfd0000 - 0x00007ffbfbfdf000 	E:\Android\android-studio-ide-145.2915834-windows\jre\jre\bin\verify.dll
0x00007ffbfbdd0000 - 0x00007ffbfbdf9000 	E:\Android\android-studio-ide-145.2915834-windows\jre\jre\bin\java.dll
0x00007ffbfb390000 - 0x00007ffbfb3a6000 	E:\Android\android-studio-ide-145.2915834-windows\jre\jre\bin\zip.dll
0x00007ffbff660000 - 0x00007ffc00bbc000 	C:\Windows\system32\SHELL32.dll
0x00007ffbfdf20000 - 0x00007ffbfe565000 	C:\Windows\system32\windows.storage.dll
0x00007ffbff120000 - 0x00007ffbff172000 	C:\Windows\system32\shlwapi.dll
0x00007ffbfdeb0000 - 0x00007ffbfdebf000 	C:\Windows\system32\kernel.appcore.dll
0x00007ffbfe7d0000 - 0x00007ffbfe885000 	C:\Windows\system32\shcore.dll
0x00007ffbfdec0000 - 0x00007ffbfdf0b000 	C:\Windows\system32\powrprof.dll
0x00007ffbfde90000 - 0x00007ffbfdea4000 	C:\Windows\system32\profapi.dll

VM Arguments:
jvm_args: -Djava.awt.headless=true -Xmx1024M -Dfile.encoding=GBK -Duser.country=CN -Duser.language=zh -Duser.variant 
java_command: com.android.dx.command.Main --dex --num-threads=4 --output E:\Teapopo\app\build\intermediates\pre-dexed\debug\picasso-2.5.2_1d027ac49ff492889decfd629f6d3d6ea91703f5.jar C:\Users\lhq\.gradle\caches\modules-2\files-2.1\com.squareup.picasso\picasso\2.5.2\7446d06ec8d4f7ffcc53f1da37c95f200dcb9387\picasso-2.5.2.jar
java_class_path (initial): C:\Users\lhq\AppData\Local\Android\sdk\build-tools\23.0.3\lib\dx.jar
Launcher Type: SUN_STANDARD

Environment Variables:
JAVA_HOME=C:\Program Files\Java\jdk1.8.0_91
PATH=C:\ProgramData\Oracle\Java\javapath;C:\Windows\system32;C:\Windows;C:\Windows\System32\Wbem;C:\Windows\System32\WindowsPowerShell\v1.0\;C:\Users\lhq\AppData\Local\Android\sdk\platform-tools;C:\Users\lhq\AppData\Local\Android\sdk\tools;C:\Program Files\Java\jdk1.8.0_91\bin;C:\Program Files\Java\jdk1.8.0_91\jre\bin
USERNAME=lhq
OS=Windows_NT
PROCESSOR_IDENTIFIER=Intel64 Family 6 Model 69 Stepping 1, GenuineIntel



---------------  S Y S T E M  ---------------

OS: Windows 10.0 , 64 bit Build 10586 (10.0.10586.0)

CPU:total 4 (2 cores per cpu, 2 threads per core) family 6 model 69 stepping 1, cmov, cx8, fxsr, mmx, sse, sse2, sse3, ssse3, sse4.1, sse4.2, popcnt, avx, avx2, aes, clmul, erms, lzcnt, ht, tsc, tscinvbit, bmi1, bmi2

Memory: 4k page, physical 8067548k(1066748k free), swap 8067548k(4868k free)

vm_info: OpenJDK 64-Bit Server VM (25.76-b01) for windows-amd64 JRE (1.8.0_76-release-b01), built on May 12 2016 23:29:00 by "ralucas" with MS VC++ 10.0 (VS2010)

time: Fri Jul 01 11:22:18 2016
elapsed time: 2 seconds (0d 0h 0m 2s)

