#
# There is insufficient memory for the Java Runtime Environment to continue.
# Native memory allocation (malloc) failed to allocate 995696 bytes for Chunk::new
# Possible reasons:
#   The system is out of physical RAM or swap space
#   In 32 bit mode, the process size limit was hit
# Possible solutions:
#   Reduce memory load on the system
#   Increase physical memory or swap space
#   Check if swap backing store is full
#   Use 64 bit Java on a 64 bit OS
#   Decrease Java heap size (-Xmx/-Xms)
#   Decrease number of Java threads
#   Decrease Java thread stack sizes (-Xss)
#   Set larger code cache with -XX:ReservedCodeCacheSize=
# This output file may be truncated or incomplete.
#
#  Out of Memory Error (allocation.cpp:390), pid=6788, tid=0x0000000000000bdc
#
# JRE version: OpenJDK Runtime Environment (8.0_76-b01) (build 1.8.0_76-release-b01)
# Java VM: OpenJDK 64-Bit Server VM (25.76-b01 mixed mode windows-amd64 compressed oops)
# Failed to write core dump. Minidumps are not enabled by default on client versions of Windows
#

---------------  T H R E A D  ---------------

Current thread (0x0000000014c8c000):  JavaThread "C2 CompilerThread1" daemon [_thread_in_native, id=3036, stack(0x00000000162a0000,0x00000000163a0000)]

Stack: [0x00000000162a0000,0x00000000163a0000]
[error occurred during error reporting (printing stack bounds), id 0xc0000005]

Native frames: (J=compiled Java code, j=interpreted, Vv=VM code, C=native code)


Current CompileTask:
C2:   7906 2140   !   4       com.android.dx.cf.code.BytecodeArray::parseInstruction (2764 bytes)


---------------  P R O C E S S  ---------------

Java Threads: ( => current thread )
  0x0000000016424000 JavaThread "Service Thread" daemon [_thread_blocked, id=1420, stack(0x00000000168a0000,0x00000000169a0000)]
  0x00000000163ed800 JavaThread "C1 CompilerThread2" daemon [_thread_blocked, id=5104, stack(0x00000000167a0000,0x00000000168a0000)]
=>0x0000000014c8c000 JavaThread "C2 CompilerThread1" daemon [_thread_in_native, id=3036, stack(0x00000000162a0000,0x00000000163a0000)]
  0x0000000014c3d800 JavaThread "C2 CompilerThread0" daemon [_thread_in_native, id=5616, stack(0x00000000161a0000,0x00000000162a0000)]
  0x0000000014c3c000 JavaThread "Attach Listener" daemon [_thread_blocked, id=2268, stack(0x00000000160a0000,0x00000000161a0000)]
  0x0000000014c3b000 JavaThread "Signal Dispatcher" daemon [_thread_blocked, id=6628, stack(0x0000000015fa0000,0x00000000160a0000)]
  0x0000000014c18800 JavaThread "Finalizer" daemon [_thread_blocked, id=4352, stack(0x0000000015ea0000,0x0000000015fa0000)]
  0x0000000002550000 JavaThread "Reference Handler" daemon [_thread_blocked, id=3696, stack(0x0000000015da0000,0x0000000015ea0000)]
  0x0000000002460800 JavaThread "main" [_thread_in_vm, id=3796, stack(0x0000000000710000,0x0000000000810000)]

Other Threads:
  0x0000000014bf5800 VMThread [stack: 0x0000000015ca0000,0x0000000015da0000] [id=6620]
  0x0000000016426000 WatcherThread [stack: 0x00000000169a0000,0x0000000016aa0000] [id=1288]

VM state:not at safepoint (normal execution)

VM Mutex/Monitor currently owned by a thread: None

Heap:
 PSYoungGen      total 277504K, used 107031K [0x00000000eab00000, 0x00000000fdf00000, 0x0000000100000000)
  eden space 250368K, 33% used [0x00000000eab00000,0x00000000efc6afe8,0x00000000f9f80000)
  from space 27136K, 87% used [0x00000000fbd80000,0x00000000fd49ae98,0x00000000fd800000)
  to   space 30720K, 0% used [0x00000000f9f80000,0x00000000f9f80000,0x00000000fbd80000)
 ParOldGen       total 84992K, used 41580K [0x00000000c0000000, 0x00000000c5300000, 0x00000000eab00000)
  object space 84992K, 48% used [0x00000000c0000000,0x00000000c289b3f0,0x00000000c5300000)
 Metaspace       used 6624K, capacity 7288K, committed 7552K, reserved 1056768K
  class space    used 604K, capacity 624K, committed 640K, reserved 1048576K

Card table byte_map: [0x0000000011920000,0x0000000011b30000] byte_map_base: 0x0000000011320000

Marking Bits: (ParMarkBitMap*) 0x000000005e0b9d00
 Begin Bits: [0x0000000012090000, 0x0000000013090000)
 End Bits:   [0x0000000013090000, 0x0000000014090000)

Polling page: 0x0000000002040000

CodeCache: size=245760Kb used=9641Kb max_used=9641Kb free=236118Kb
 bounds [0x0000000002560000, 0x0000000002ee0000, 0x0000000011560000]
 total_blobs=2426 nmethods=2155 adapters=184
 compilation: enabled

Compilation events (10 events):
Event: 7.731 Thread 0x00000000163ed800 2234       3       java.util.HashMap$HashIterator::<init> (79 bytes)
Event: 7.731 Thread 0x00000000163ed800 nmethod 2234 0x0000000002ecc3d0 code [0x0000000002ecc540, 0x0000000002ecc8d0]
Event: 7.733 Thread 0x00000000163ed800 2235       3       com.android.dx.dex.file.CodeItem::addContents (174 bytes)
Event: 7.734 Thread 0x00000000163ed800 nmethod 2235 0x0000000002ecca50 code [0x0000000002eccd60, 0x0000000002ece708]
Event: 7.734 Thread 0x00000000163ed800 2236       3       com.android.dx.dex.code.StdCatchBuilder::hasAnyCatches (57 bytes)
Event: 7.735 Thread 0x00000000163ed800 nmethod 2236 0x0000000002ecf1d0 code [0x0000000002ecf3c0, 0x0000000002ed00f8]
Event: 7.738 Thread 0x00000000163ed800 2239       2       com.android.dx.dex.code.StdCatchBuilder::getCatchTypes (97 bytes)
Event: 7.739 Thread 0x00000000163ed800 nmethod 2239 0x0000000002ed0650 code [0x0000000002ed0860, 0x0000000002ed0df8]
Event: 7.748 Thread 0x00000000163ed800 2240       2       com.android.dx.rop.code.SwitchInsn::getCatches (4 bytes)
Event: 7.749 Thread 0x00000000163ed800 nmethod 2240 0x0000000002ed1550 code [0x0000000002ed16a0, 0x0000000002ed17f0]

GC Heap History (10 events):
Event: 3.045 GC heap before
{Heap before GC invocations=2 (full 0):
 PSYoungGen      total 36864K, used 36799K [0x00000000eab00000, 0x00000000ef300000, 0x0000000100000000)
  eden space 31744K, 100% used [0x00000000eab00000,0x00000000eca00000,0x00000000eca00000)
  from space 5120K, 98% used [0x00000000eca00000,0x00000000eceefc20,0x00000000ecf00000)
  to   space 5120K, 0% used [0x00000000eee00000,0x00000000eee00000,0x00000000ef300000)
 ParOldGen       total 84992K, used 16K [0x00000000c0000000, 0x00000000c5300000, 0x00000000eab00000)
  object space 84992K, 0% used [0x00000000c0000000,0x00000000c0004000,0x00000000c5300000)
 Metaspace       used 6128K, capacity 7024K, committed 7296K, reserved 1056768K
  class space    used 579K, capacity 616K, committed 640K, reserved 1048576K
Event: 3.140 GC heap after
Heap after GC invocations=2 (full 0):
 PSYoungGen      total 68608K, used 5099K [0x00000000eab00000, 0x00000000ef300000, 0x0000000100000000)
  eden space 63488K, 0% used [0x00000000eab00000,0x00000000eab00000,0x00000000ee900000)
  from space 5120K, 99% used [0x00000000eee00000,0x00000000ef2fadd8,0x00000000ef300000)
  to   space 5120K, 0% used [0x00000000ee900000,0x00000000ee900000,0x00000000eee00000)
 ParOldGen       total 84992K, used 2773K [0x00000000c0000000, 0x00000000c5300000, 0x00000000eab00000)
  object space 84992K, 3% used [0x00000000c0000000,0x00000000c02b5440,0x00000000c5300000)
 Metaspace       used 6128K, capacity 7024K, committed 7296K, reserved 1056768K
  class space    used 579K, capacity 616K, committed 640K, reserved 1048576K
}
Event: 3.917 GC heap before
{Heap before GC invocations=3 (full 0):
 PSYoungGen      total 68608K, used 68587K [0x00000000eab00000, 0x00000000ef300000, 0x0000000100000000)
  eden space 63488K, 100% used [0x00000000eab00000,0x00000000ee900000,0x00000000ee900000)
  from space 5120K, 99% used [0x00000000eee00000,0x00000000ef2fadd8,0x00000000ef300000)
  to   space 5120K, 0% used [0x00000000ee900000,0x00000000ee900000,0x00000000eee00000)
 ParOldGen       total 84992K, used 2773K [0x00000000c0000000, 0x00000000c5300000, 0x00000000eab00000)
  object space 84992K, 3% used [0x00000000c0000000,0x00000000c02b5440,0x00000000c5300000)
 Metaspace       used 6247K, capacity 7152K, committed 7296K, reserved 1056768K
  class space    used 580K, capacity 616K, committed 640K, reserved 1048576K
Event: 3.958 GC heap after
Heap after GC invocations=3 (full 0):
 PSYoungGen      total 68608K, used 5116K [0x00000000eab00000, 0x00000000f3100000, 0x0000000100000000)
  eden space 63488K, 0% used [0x00000000eab00000,0x00000000eab00000,0x00000000ee900000)
  from space 5120K, 99% used [0x00000000ee900000,0x00000000eedff398,0x00000000eee00000)
  to   space 5120K, 0% used [0x00000000f2c00000,0x00000000f2c00000,0x00000000f3100000)
 ParOldGen       total 84992K, used 12113K [0x00000000c0000000, 0x00000000c5300000, 0x00000000eab00000)
  object space 84992K, 14% used [0x00000000c0000000,0x00000000c0bd4648,0x00000000c5300000)
 Metaspace       used 6247K, capacity 7152K, committed 7296K, reserved 1056768K
  class space    used 580K, capacity 616K, committed 640K, reserved 1048576K
}
Event: 4.782 GC heap before
{Heap before GC invocations=4 (full 0):
 PSYoungGen      total 68608K, used 68604K [0x00000000eab00000, 0x00000000f3100000, 0x0000000100000000)
  eden space 63488K, 100% used [0x00000000eab00000,0x00000000ee900000,0x00000000ee900000)
  from space 5120K, 99% used [0x00000000ee900000,0x00000000eedff398,0x00000000eee00000)
  to   space 5120K, 0% used [0x00000000f2c00000,0x00000000f2c00000,0x00000000f3100000)
 ParOldGen       total 84992K, used 12113K [0x00000000c0000000, 0x00000000c5300000, 0x00000000eab00000)
  object space 84992K, 14% used [0x00000000c0000000,0x00000000c0bd4648,0x00000000c5300000)
 Metaspace       used 6306K, capacity 7152K, committed 7296K, reserved 1056768K
  class space    used 580K, capacity 616K, committed 640K, reserved 1048576K
Event: 4.811 GC heap after
Heap after GC invocations=4 (full 0):
 PSYoungGen      total 132096K, used 5092K [0x00000000eab00000, 0x00000000f3100000, 0x0000000100000000)
  eden space 126976K, 0% used [0x00000000eab00000,0x00000000eab00000,0x00000000f2700000)
  from space 5120K, 99% used [0x00000000f2c00000,0x00000000f30f91b8,0x00000000f3100000)
  to   space 5120K, 0% used [0x00000000f2700000,0x00000000f2700000,0x00000000f2c00000)
 ParOldGen       total 84992K, used 21542K [0x00000000c0000000, 0x00000000c5300000, 0x00000000eab00000)
  object space 84992K, 25% used [0x00000000c0000000,0x00000000c1509900,0x00000000c5300000)
 Metaspace       used 6306K, capacity 7152K, committed 7296K, reserved 1056768K
  class space    used 580K, capacity 616K, committed 640K, reserved 1048576K
}
Event: 6.186 GC heap before
{Heap before GC invocations=5 (full 0):
 PSYoungGen      total 132096K, used 132068K [0x00000000eab00000, 0x00000000f3100000, 0x0000000100000000)
  eden space 126976K, 100% used [0x00000000eab00000,0x00000000f2700000,0x00000000f2700000)
  from space 5120K, 99% used [0x00000000f2c00000,0x00000000f30f91b8,0x00000000f3100000)
  to   space 5120K, 0% used [0x00000000f2700000,0x00000000f2700000,0x00000000f2c00000)
 ParOldGen       total 84992K, used 21542K [0x00000000c0000000, 0x00000000c5300000, 0x00000000eab00000)
  object space 84992K, 25% used [0x00000000c0000000,0x00000000c1509900,0x00000000c5300000)
 Metaspace       used 6488K, capacity 7218K, committed 7296K, reserved 1056768K
  class space    used 598K, capacity 618K, committed 640K, reserved 1048576K
Event: 6.271 GC heap after
Heap after GC invocations=5 (full 0):
 PSYoungGen      total 132096K, used 5095K [0x00000000eab00000, 0x00000000fd800000, 0x0000000100000000)
  eden space 126976K, 0% used [0x00000000eab00000,0x00000000eab00000,0x00000000f2700000)
  from space 5120K, 99% used [0x00000000f2700000,0x00000000f2bf9ca0,0x00000000f2c00000)
  to   space 27136K, 0% used [0x00000000fbd80000,0x00000000fbd80000,0x00000000fd800000)
 ParOldGen       total 84992K, used 41580K [0x00000000c0000000, 0x00000000c5300000, 0x00000000eab00000)
  object space 84992K, 48% used [0x00000000c0000000,0x00000000c289b3f0,0x00000000c5300000)
 Metaspace       used 6488K, capacity 7218K, committed 7296K, reserved 1056768K
  class space    used 598K, capacity 618K, committed 640K, reserved 1048576K
}
Event: 6.945 GC heap before
{Heap before GC invocations=6 (full 0):
 PSYoungGen      total 132096K, used 132071K [0x00000000eab00000, 0x00000000fd800000, 0x0000000100000000)
  eden space 126976K, 100% used [0x00000000eab00000,0x00000000f2700000,0x00000000f2700000)
  from space 5120K, 99% used [0x00000000f2700000,0x00000000f2bf9ca0,0x00000000f2c00000)
  to   space 27136K, 0% used [0x00000000fbd80000,0x00000000fbd80000,0x00000000fd800000)
 ParOldGen       total 84992K, used 41580K [0x00000000c0000000, 0x00000000c5300000, 0x00000000eab00000)
  object space 84992K, 48% used [0x00000000c0000000,0x00000000c289b3f0,0x00000000c5300000)
 Metaspace       used 6527K, capacity 7218K, committed 7296K, reserved 1056768K
  class space    used 598K, capacity 618K, committed 640K, reserved 1048576K
Event: 7.063 GC heap after
Heap after GC invocations=6 (full 0):
 PSYoungGen      total 277504K, used 23659K [0x00000000eab00000, 0x00000000fdf00000, 0x0000000100000000)
  eden space 250368K, 0% used [0x00000000eab00000,0x00000000eab00000,0x00000000f9f80000)
  from space 27136K, 87% used [0x00000000fbd80000,0x00000000fd49ae98,0x00000000fd800000)
  to   space 30720K, 0% used [0x00000000f9f80000,0x00000000f9f80000,0x00000000fbd80000)
 ParOldGen       total 84992K, used 41580K [0x00000000c0000000, 0x00000000c5300000, 0x00000000eab00000)
  object space 84992K, 48% used [0x00000000c0000000,0x00000000c289b3f0,0x00000000c5300000)
 Metaspace       used 6527K, capacity 7218K, committed 7296K, reserved 1056768K
  class space    used 598K, capacity 618K, committed 640K, reserved 1048576K
}

Deoptimization events (10 events):
Event: 6.141 Thread 0x00000000166ed800 Uncommon trap: reason=bimorphic action=maybe_recompile pc=0x0000000002d0fa40 method=com.android.dx.ssa.LiteralOpUpgrader.tryReplacingWithConstant(Lcom/android/dx/ssa/NormalSsaInsn;)Z @ 62
Event: 6.146 Thread 0x00000000166ed800 Uncommon trap: reason=bimorphic action=maybe_recompile pc=0x0000000002d0fa40 method=com.android.dx.ssa.LiteralOpUpgrader.tryReplacingWithConstant(Lcom/android/dx/ssa/NormalSsaInsn;)Z @ 62
Event: 7.162 Thread 0x0000000016607000 Uncommon trap: reason=bimorphic action=maybe_recompile pc=0x0000000002e6cc58 method=com.android.dx.cf.code.BytecodeArray.parseInstruction(ILcom/android/dx/cf/code/BytecodeArray$Visitor;)I @ 939
Event: 7.162 Thread 0x0000000016607000 Uncommon trap: reason=bimorphic action=maybe_recompile pc=0x0000000002e6cc58 method=com.android.dx.cf.code.BytecodeArray.parseInstruction(ILcom/android/dx/cf/code/BytecodeArray$Visitor;)I @ 939
Event: 7.257 Thread 0x0000000016607000 Uncommon trap: reason=unstable_if action=reinterpret pc=0x0000000002cd12dc method=java.util.HashMap.resize()[Ljava/util/HashMap$Node; @ 206
Event: 7.573 Thread 0x0000000002460800 Uncommon trap: reason=class_check action=maybe_recompile pc=0x0000000002993948 method=java.util.Arrays.hashCode([Ljava/lang/Object;)I @ 43
Event: 7.573 Thread 0x0000000002460800 Uncommon trap: reason=class_check action=maybe_recompile pc=0x0000000002993948 method=java.util.Arrays.hashCode([Ljava/lang/Object;)I @ 43
Event: 7.573 Thread 0x0000000002460800 Uncommon trap: reason=class_check action=maybe_recompile pc=0x0000000002993948 method=java.util.Arrays.hashCode([Ljava/lang/Object;)I @ 43
Event: 7.573 Thread 0x0000000002460800 Uncommon trap: reason=class_check action=maybe_recompile pc=0x0000000002993948 method=java.util.Arrays.hashCode([Ljava/lang/Object;)I @ 43
Event: 7.574 Thread 0x0000000002460800 Uncommon trap: reason=class_check action=maybe_recompile pc=0x00000000029b0c74 method=java.util.Arrays.hashCode([Ljava/lang/Object;)I @ 43

Internal exceptions (7 events):
Event: 0.214 Thread 0x0000000002460800 Exception <a 'java/lang/NoSuchMethodError': Method sun.misc.Unsafe.defineClass(Ljava/lang/String;[BII)Ljava/lang/Class; name or signature does not match> (0x00000000eab07cc0) thrown at [C:\src\android\AOSP-openjdk\external\jetbrains\jdk\hotspot\src\share\vYî*ûiË?
Event: 0.214 Thread 0x0000000002460800 Exception <a 'java/lang/NoSuchMethodError': Method sun.misc.Unsafe.prefetchRead(Ljava/lang/Object;J)V name or signature does not match> (0x00000000eab07fa8) thrown at [C:\src\android\AOSP-openjdk\external\jetbrains\jdk\hotspot\src\share\vm\prims\jni.cpp, lVuù1ó9@
Event: 2.778 Thread 0x00000000166ec000 Implicit null exception at 0x00000000028cfd22 to 0x00000000028cfe29
Event: 5.317 Thread 0x00000000166ed800 Implicit null exception at 0x0000000002a9d60f to 0x0000000002a9f45d
Event: 5.972 Thread 0x0000000016607000 Exception <a 'java/lang/ArrayIndexOutOfBoundsException': 18> (0x00000000f09eb7d8) thrown at [C:\src\android\AOSP-openjdk\external\jetbrains\jdk\hotspot\src\share\vm\interpreter\interpreterRuntime.cpp, line 366]
Event: 5.973 Thread 0x0000000016607000 Exception <a 'java/lang/ArrayIndexOutOfBoundsException': 145> (0x00000000f09ed358) thrown at [C:\src\android\AOSP-openjdk\external\jetbrains\jdk\hotspot\src\share\vm\interpreter\interpreterRuntime.cpp, line 366]
Event: 5.974 Thread 0x0000000016607000 Exception <a 'java/lang/ArrayIndexOutOfBoundsException'> (0x00000000f09ee640) thrown at [C:\src\android\AOSP-openjdk\external\jetbrains\jdk\hotspot\src\share\vm\runtime\sharedRuntime.cpp, line 605]

Events (10 events):
Event: 7.574 Thread 0x0000000002460800 Uncommon trap: trap_request=0xffffffde fr.pc=0x00000000029b0c74
Event: 7.574 Thread 0x0000000002460800 DEOPT PACKING pc=0x00000000029b0c74 sp=0x000000000080ea90
Event: 7.574 Thread 0x0000000002460800 DEOPT UNPACKING pc=0x00000000025a556a sp=0x000000000080ea18 mode 2
Event: 7.574 loading class com/android/dx/rop/cst/Zeroes
Event: 7.574 loading class com/android/dx/rop/cst/Zeroes done
Event: 7.606 Thread 0x00000000166eb800 Thread exited: 0x00000000166eb800
Event: 7.639 loading class com/android/dx/dex/file/CatchStructs
Event: 7.639 loading class com/android/dx/dex/file/CatchStructs done
Event: 7.657 Thread 0x0000000002460800 DEOPT PACKING pc=0x0000000002ebfb54 sp=0x000000000080eef0
Event: 7.657 Thread 0x0000000002460800 DEOPT UNPACKING pc=0x00000000025a75bf sp=0x000000000080ec80 mode 0


Dynamic libraries:
0x00007ff75b500000 - 0x00007ff75b535000 	E:\Android\android-studio-ide-145.2915834-windows\jre\bin\java.exe
0x00007ffbe4110000 - 0x00007ffbe42d1000 	C:\Windows\SYSTEM32\ntdll.dll
0x00007ffbe2080000 - 0x00007ffbe212d000 	C:\Windows\system32\KERNEL32.DLL
0x00007ffbe0ec0000 - 0x00007ffbe10a8000 	C:\Windows\system32\KERNELBASE.dll
0x00007ffbe3c80000 - 0x00007ffbe3d27000 	C:\Windows\system32\ADVAPI32.dll
0x00007ffbe4070000 - 0x00007ffbe410d000 	C:\Windows\system32\msvcrt.dll
0x00007ffbe22d0000 - 0x00007ffbe232b000 	C:\Windows\system32\sechost.dll
0x00007ffbe1d60000 - 0x00007ffbe1e7c000 	C:\Windows\system32\RPCRT4.dll
0x00007ffbe1970000 - 0x00007ffbe1ac6000 	C:\Windows\system32\USER32.dll
0x00007ffbe2140000 - 0x00007ffbe22c6000 	C:\Windows\system32\GDI32.dll
0x00007ffbd49b0000 - 0x00007ffbd4c24000 	C:\Windows\WinSxS\amd64_microsoft.windows.common-controls_6595b64144ccf1df_6.0.10586.0_none_8c15ae12515e1c22\COMCTL32.dll
0x00007ffbe24a0000 - 0x00007ffbe271d000 	C:\Windows\system32\combase.dll
0x00007ffbe14a0000 - 0x00007ffbe150a000 	C:\Windows\system32\bcryptPrimitives.dll
0x00007ffbe1ef0000 - 0x00007ffbe1f2b000 	C:\Windows\system32\IMM32.DLL
0x000000005d820000 - 0x000000005d8f2000 	E:\Android\android-studio-ide-145.2915834-windows\jre\jre\bin\msvcr100.dll
0x000000005d900000 - 0x000000005e134000 	E:\Android\android-studio-ide-145.2915834-windows\jre\jre\bin\server\jvm.dll
0x00007ffbe1530000 - 0x00007ffbe1538000 	C:\Windows\system32\PSAPI.DLL
0x00007ffbdd900000 - 0x00007ffbdd909000 	C:\Windows\SYSTEM32\WSOCK32.dll
0x00007ffbe3d30000 - 0x00007ffbe3d9b000 	C:\Windows\system32\WS2_32.dll
0x00007ffbdea60000 - 0x00007ffbdea83000 	C:\Windows\SYSTEM32\WINMM.dll
0x00007ffbd61b0000 - 0x00007ffbd61ba000 	C:\Windows\SYSTEM32\VERSION.dll
0x00007ffbdea00000 - 0x00007ffbdea2c000 	C:\Windows\SYSTEM32\WINMMBASE.dll
0x00007ffbe1300000 - 0x00007ffbe1343000 	C:\Windows\system32\cfgmgr32.dll
0x00007ffbdbbd0000 - 0x00007ffbdbbdf000 	E:\Android\android-studio-ide-145.2915834-windows\jre\jre\bin\verify.dll
0x00007ffbdba90000 - 0x00007ffbdbab9000 	E:\Android\android-studio-ide-145.2915834-windows\jre\jre\bin\java.dll
0x00007ffbdba70000 - 0x00007ffbdba86000 	E:\Android\android-studio-ide-145.2915834-windows\jre\jre\bin\zip.dll
0x00007ffbe2720000 - 0x00007ffbe3c7c000 	C:\Windows\system32\SHELL32.dll
0x00007ffbe07c0000 - 0x00007ffbe0e05000 	C:\Windows\system32\windows.storage.dll
0x00007ffbe2440000 - 0x00007ffbe2492000 	C:\Windows\system32\shlwapi.dll
0x00007ffbe0730000 - 0x00007ffbe073f000 	C:\Windows\system32\kernel.appcore.dll
0x00007ffbe1350000 - 0x00007ffbe1405000 	C:\Windows\system32\shcore.dll
0x00007ffbe0770000 - 0x00007ffbe07bb000 	C:\Windows\system32\powrprof.dll
0x00007ffbe0740000 - 0x00007ffbe0754000 	C:\Windows\system32\profapi.dll

VM Arguments:
jvm_args: -Djava.awt.headless=true -Xmx1024M -Dfile.encoding=GBK -Duser.country=CN -Duser.language=zh -Duser.variant 
java_command: com.android.dx.command.Main --dex --num-threads=4 --output E:\Teapopo\app\build\intermediates\pre-dexed\debug\com.android.support-support-v4-23.3.0_2465d991adc87dfe13a5f478b78e3a12c58914b2.jar E:\Teapopo\app\build\intermediates\exploded-aar\com.android.support\support-v4\23.3.0\jars\classes.jar
java_class_path (initial): C:\Users\lhq\AppData\Local\Android\sdk\build-tools\23.0.3\lib\dx.jar
Launcher Type: SUN_STANDARD

Environment Variables:
JAVA_HOME=C:\Program Files\Java\jdk1.8.0_91
PATH=C:\ProgramData\Oracle\Java\javapath;C:\Windows\system32;C:\Windows;C:\Windows\System32\Wbem;C:\Windows\System32\WindowsPowerShell\v1.0\;C:\Users\lhq\AppData\Local\Android\sdk\platform-tools;C:\Users\lhq\AppData\Local\Android\sdk\tools;C:\Program Files\Java\jdk1.8.0_91\bin;C:\Program Files\Java\jdk1.8.0_91\jre\bin
USERNAME=lhq
OS=Windows_NT
PROCESSOR_IDENTIFIER=Intel64 Family 6 Model 69 Stepping 1, GenuineIntel



---------------  S Y S T E M  ---------------

OS: Windows 10.0 , 64 bit Build 10586 (10.0.10586.0)

CPU:total 4 (2 cores per cpu, 2 threads per core) family 6 model 69 stepping 1, cmov, cx8, fxsr, mmx, sse, sse2, sse3, ssse3, sse4.1, sse4.2, popcnt, avx, avx2, aes, clmul, erms, lzcnt, ht, tsc, tscinvbit, bmi1, bmi2

Memory: 4k page, physical 8067548k(1091236k free), swap 8067548k(5292k free)

vm_info: OpenJDK 64-Bit Server VM (25.76-b01) for windows-amd64 JRE (1.8.0_76-release-b01), built on May 12 2016 23:29:00 by "ralucas" with MS VC++ 10.0 (VS2010)

time: Fri Jul 15 10:53:23 2016
elapsed time: 7 seconds (0d 0h 0m 7s)

