#
# There is insufficient memory for the Java Runtime Environment to continue.
# Native memory allocation (malloc) failed to allocate 585056 bytes for Chunk::new
# Possible reasons:
#   The system is out of physical RAM or swap space
#   In 32 bit mode, the process size limit was hit
# Possible solutions:
#   Reduce memory load on the system
#   Increase physical memory or swap space
#   Check if swap backing store is full
#   Use 64 bit Java on a 64 bit OS
#   Decrease Java heap size (-Xmx/-Xms)
#   Decrease number of Java threads
#   Decrease Java thread stack sizes (-Xss)
#   Set larger code cache with -XX:ReservedCodeCacheSize=
# This output file may be truncated or incomplete.
#
#  Out of Memory Error (allocation.cpp:390), pid=6572, tid=0x000000000000189c
#
# JRE version: OpenJDK Runtime Environment (8.0_76-b01) (build 1.8.0_76-release-b01)
# Java VM: OpenJDK 64-Bit Server VM (25.76-b01 mixed mode windows-amd64 compressed oops)
# Failed to write core dump. Minidumps are not enabled by default on client versions of Windows
#

---------------  T H R E A D  ---------------

Current thread (0x0000000014d3d800):  JavaThread "C2 CompilerThread0" daemon [_thread_in_native, id=6300, stack(0x0000000016280000,0x0000000016380000)]

Stack: [0x0000000016280000,0x0000000016380000]
[error occurred during error reporting (printing stack bounds), id 0xc0000005]

Native frames: (J=compiled Java code, j=interpreted, Vv=VM code, C=native code)


Current CompileTask:
C2:   3725 1176       4       com.android.dx.ssa.SCCP::simulateBranch (666 bytes)


---------------  P R O C E S S  ---------------

Java Threads: ( => current thread )
  0x00000000166f0800 JavaThread "pool-1-thread-3" [_thread_in_Java, id=7084, stack(0x0000000016e80000,0x0000000016f80000)]
  0x00000000166e0800 JavaThread "pool-2-thread-1" [_thread_blocked, id=6812, stack(0x0000000016c80000,0x0000000016d80000)]
  0x00000000166df800 JavaThread "pool-1-thread-1" [_thread_in_Java, id=6804, stack(0x0000000016b80000,0x0000000016c80000)]
  0x00000000164de800 JavaThread "Service Thread" daemon [_thread_blocked, id=320, stack(0x0000000016980000,0x0000000016a80000)]
  0x0000000014d8e000 JavaThread "C1 CompilerThread2" daemon [_thread_blocked, id=6008, stack(0x0000000016880000,0x0000000016980000)]
  0x0000000014d8b000 JavaThread "C2 CompilerThread1" daemon [_thread_in_native, id=6456, stack(0x0000000016380000,0x0000000016480000)]
=>0x0000000014d3d800 JavaThread "C2 CompilerThread0" daemon [_thread_in_native, id=6300, stack(0x0000000016280000,0x0000000016380000)]
  0x0000000014d3c000 JavaThread "Attach Listener" daemon [_thread_blocked, id=6708, stack(0x0000000016180000,0x0000000016280000)]
  0x0000000014d3b000 JavaThread "Signal Dispatcher" daemon [_thread_blocked, id=5536, stack(0x0000000016080000,0x0000000016180000)]
  0x0000000014d18800 JavaThread "Finalizer" daemon [_thread_blocked, id=6272, stack(0x0000000015f80000,0x0000000016080000)]
  0x0000000002650000 JavaThread "Reference Handler" daemon [_thread_blocked, id=2400, stack(0x0000000015e80000,0x0000000015f80000)]
  0x0000000002560800 JavaThread "main" [_thread_blocked, id=5800, stack(0x0000000002460000,0x0000000002560000)]

Other Threads:
  0x0000000014cf5800 VMThread [stack: 0x0000000015d80000,0x0000000015e80000] [id=6968]
  0x00000000164e2000 WatcherThread [stack: 0x0000000016a80000,0x0000000016b80000] [id=1988]

VM state:not at safepoint (normal execution)

VM Mutex/Monitor currently owned by a thread: None

Heap:
 PSYoungGen      total 36864K, used 20766K [0x00000000eab00000, 0x00000000ef300000, 0x0000000100000000)
  eden space 31744K, 49% used [0x00000000eab00000,0x00000000eba4bcf8,0x00000000eca00000)
  from space 5120K, 99% used [0x00000000eca00000,0x00000000ecefbc98,0x00000000ecf00000)
  to   space 5120K, 0% used [0x00000000eee00000,0x00000000eee00000,0x00000000ef300000)
 ParOldGen       total 84992K, used 1496K [0x00000000c0000000, 0x00000000c5300000, 0x00000000eab00000)
  object space 84992K, 1% used [0x00000000c0000000,0x00000000c0176368,0x00000000c5300000)
 Metaspace       used 5955K, capacity 6896K, committed 7040K, reserved 1056768K
  class space    used 575K, capacity 616K, committed 640K, reserved 1048576K

Card table byte_map: [0x0000000011a20000,0x0000000011c30000] byte_map_base: 0x0000000011420000

Marking Bits: (ParMarkBitMap*) 0x000000005e0b9d00
 Begin Bits: [0x0000000012190000, 0x0000000013190000)
 End Bits:   [0x0000000013190000, 0x0000000014190000)

Polling page: 0x0000000001f40000

CodeCache: size=245760Kb used=5287Kb max_used=5299Kb free=240472Kb
 bounds [0x0000000002660000, 0x0000000002ba0000, 0x0000000011660000]
 total_blobs=1544 nmethods=1274 adapters=184
 compilation: enabled

Compilation events (10 events):
Event: 3.641 Thread 0x0000000014d8b000 nmethod 1278 0x0000000002b8a1d0 code [0x0000000002b8a400, 0x0000000002b8c128]
Event: 3.641 Thread 0x0000000014d8b000 1270       4       com.android.dx.ssa.SsaMethod::computeReachability (131 bytes)
Event: 3.679 Thread 0x0000000014d8b000 nmethod 1270 0x0000000002b8e990 code [0x0000000002b8eb40, 0x0000000002b8f938]
Event: 3.680 Thread 0x0000000014d8b000 1277   !   4       com.android.dx.rop.code.BasicBlock::<init> (273 bytes)
Event: 3.689 Thread 0x0000000014d8b000 nmethod 1277 0x0000000002b85fd0 code [0x0000000002b86140, 0x0000000002b86798]
Event: 3.689 Thread 0x0000000014d8b000 1261       4       com.android.dx.ssa.SsaInsn::<init> (29 bytes)
Event: 3.690 Thread 0x0000000014d8b000 nmethod 1261 0x0000000002ad0210 code [0x0000000002ad0340, 0x0000000002ad03d8]
Event: 3.690 Thread 0x0000000014d8b000 1284       4       com.android.dx.rop.cst.Constant::compareTo (33 bytes)
Event: 3.691 Thread 0x0000000014d8b000 nmethod 1284 0x0000000002b85a90 code [0x0000000002b85be0, 0x0000000002b85e18]
Event: 3.691 Thread 0x0000000014d8b000 1197   !   4       com.android.dx.cf.code.BytecodeArray::parseInstruction (2764 bytes)

GC Heap History (2 events):
Event: 3.109 GC heap before
{Heap before GC invocations=1 (full 0):
 PSYoungGen      total 36864K, used 31744K [0x00000000eab00000, 0x00000000ed400000, 0x0000000100000000)
  eden space 31744K, 100% used [0x00000000eab00000,0x00000000eca00000,0x00000000eca00000)
  from space 5120K, 0% used [0x00000000ecf00000,0x00000000ecf00000,0x00000000ed400000)
  to   space 5120K, 0% used [0x00000000eca00000,0x00000000eca00000,0x00000000ecf00000)
 ParOldGen       total 84992K, used 0K [0x00000000c0000000, 0x00000000c5300000, 0x00000000eab00000)
  object space 84992K, 0% used [0x00000000c0000000,0x00000000c0000000,0x00000000c5300000)
 Metaspace       used 5884K, capacity 6832K, committed 7040K, reserved 1056768K
  class space    used 573K, capacity 616K, committed 640K, reserved 1048576K
Event: 3.440 GC heap after
Heap after GC invocations=1 (full 0):
 PSYoungGen      total 36864K, used 5103K [0x00000000eab00000, 0x00000000ef300000, 0x0000000100000000)
  eden space 31744K, 0% used [0x00000000eab00000,0x00000000eab00000,0x00000000eca00000)
  from space 5120K, 99% used [0x00000000eca00000,0x00000000ecefbc98,0x00000000ecf00000)
  to   space 5120K, 0% used [0x00000000eee00000,0x00000000eee00000,0x00000000ef300000)
 ParOldGen       total 84992K, used 1496K [0x00000000c0000000, 0x00000000c5300000, 0x00000000eab00000)
  object space 84992K, 1% used [0x00000000c0000000,0x00000000c0176368,0x00000000c5300000)
 Metaspace       used 5884K, capacity 6832K, committed 7040K, reserved 1056768K
  class space    used 573K, capacity 616K, committed 640K, reserved 1048576K
}

Deoptimization events (7 events):
Event: 0.312 Thread 0x0000000002560800 Uncommon trap: reason=unstable_if action=reinterpret pc=0x00000000027a2a94 method=java.lang.String.indexOf(II)I @ 49
Event: 1.593 Thread 0x0000000002560800 Uncommon trap: reason=unstable_if action=reinterpret pc=0x00000000028697b8 method=java.util.HashMap.getNode(ILjava/lang/Object;)Ljava/util/HashMap$Node; @ 129
Event: 1.922 Thread 0x00000000166df800 Uncommon trap: reason=class_check action=maybe_recompile pc=0x000000000297cd18 method=com.android.dx.ssa.NormalSsaInsn.accept(Lcom/android/dx/ssa/SsaInsn$Visitor;)V @ 9
Event: 1.922 Thread 0x00000000166df800 Uncommon trap: reason=class_check action=maybe_recompile pc=0x000000000297cd18 method=com.android.dx.ssa.NormalSsaInsn.accept(Lcom/android/dx/ssa/SsaInsn$Visitor;)V @ 9
Event: 1.923 Thread 0x00000000166df800 Uncommon trap: reason=class_check action=maybe_recompile pc=0x000000000297cd18 method=com.android.dx.ssa.NormalSsaInsn.accept(Lcom/android/dx/ssa/SsaInsn$Visitor;)V @ 9
Event: 1.923 Thread 0x00000000166df800 Uncommon trap: reason=class_check action=maybe_recompile pc=0x000000000297cd18 method=com.android.dx.ssa.NormalSsaInsn.accept(Lcom/android/dx/ssa/SsaInsn$Visitor;)V @ 9
Event: 1.957 Thread 0x00000000166df800 Uncommon trap: reason=class_check action=maybe_recompile pc=0x00000000029c8ba4 method=com.android.dx.ssa.NormalSsaInsn.accept(Lcom/android/dx/ssa/SsaInsn$Visitor;)V @ 9

Internal exceptions (2 events):
Event: 0.048 Thread 0x0000000002560800 Exception <a 'java/lang/NoSuchMethodError': Method sun.misc.Unsafe.defineClass(Ljava/lang/String;[BII)Ljava/lang/Class; name or signature does not match> (0x00000000eab07cc0) thrown at [C:\src\android\AOSP-openjdk\external\jetbrains\jdk\hotspot\src\share\vl»Ž™†¨?
Event: 0.048 Thread 0x0000000002560800 Exception <a 'java/lang/NoSuchMethodError': Method sun.misc.Unsafe.prefetchRead(Ljava/lang/Object;J)V name or signature does not match> (0x00000000eab07fa8) thrown at [C:\src\android\AOSP-openjdk\external\jetbrains\jdk\hotspot\src\share\vm\prims\jni.cpp, l

Events (10 events):
Event: 3.552 Thread 0x00000000166f0800 DEOPT PACKING pc=0x0000000002955d4f sp=0x0000000016f7e730
Event: 3.552 Thread 0x00000000166f0800 DEOPT UNPACKING pc=0x00000000026a75bf sp=0x0000000016f7e510 mode 0
Event: 3.553 Thread 0x00000000166df800 DEOPT PACKING pc=0x000000000287c021 sp=0x0000000016c7eca0
Event: 3.553 Thread 0x00000000166df800 DEOPT UNPACKING pc=0x00000000026a75bf sp=0x0000000016c7ea10 mode 0
Event: 3.555 Thread 0x00000000166f1000 Thread exited: 0x00000000166f1000
Event: 3.555 Thread 0x00000000166ee000 Thread exited: 0x00000000166ee000
Event: 3.575 Thread 0x00000000166df800 DEOPT PACKING pc=0x0000000002955b65 sp=0x0000000016c7eae0
Event: 3.575 Thread 0x00000000166df800 DEOPT UNPACKING pc=0x00000000026a75bf sp=0x0000000016c7e8c0 mode 0
Event: 3.578 Thread 0x00000000166df800 DEOPT PACKING pc=0x0000000002955d4f sp=0x0000000016c7ec00
Event: 3.578 Thread 0x00000000166df800 DEOPT UNPACKING pc=0x00000000026a75bf sp=0x0000000016c7e9e0 mode 0


Dynamic libraries:
0x00007ff6012a0000 - 0x00007ff6012d5000 	E:\Android\android-studio-ide-145.2915834-windows\jre\bin\java.exe
0x00007ffbe4110000 - 0x00007ffbe42d1000 	C:\Windows\SYSTEM32\ntdll.dll
0x00007ffbe2080000 - 0x00007ffbe212d000 	C:\Windows\system32\KERNEL32.DLL
0x00007ffbe0ec0000 - 0x00007ffbe10a8000 	C:\Windows\system32\KERNELBASE.dll
0x00007ffbe3c80000 - 0x00007ffbe3d27000 	C:\Windows\system32\ADVAPI32.dll
0x00007ffbe4070000 - 0x00007ffbe410d000 	C:\Windows\system32\msvcrt.dll
0x00007ffbe22d0000 - 0x00007ffbe232b000 	C:\Windows\system32\sechost.dll
0x00007ffbe1d60000 - 0x00007ffbe1e7c000 	C:\Windows\system32\RPCRT4.dll
0x00007ffbe1970000 - 0x00007ffbe1ac6000 	C:\Windows\system32\USER32.dll
0x00007ffbe2140000 - 0x00007ffbe22c6000 	C:\Windows\system32\GDI32.dll
0x00007ffbd4c10000 - 0x00007ffbd4e84000 	C:\Windows\WinSxS\amd64_microsoft.windows.common-controls_6595b64144ccf1df_6.0.10586.0_none_8c15ae12515e1c22\COMCTL32.dll
0x00007ffbe24a0000 - 0x00007ffbe271d000 	C:\Windows\system32\combase.dll
0x00007ffbe14a0000 - 0x00007ffbe150a000 	C:\Windows\system32\bcryptPrimitives.dll
0x00007ffbe1ef0000 - 0x00007ffbe1f2b000 	C:\Windows\system32\IMM32.DLL
0x000000005d820000 - 0x000000005d8f2000 	E:\Android\android-studio-ide-145.2915834-windows\jre\jre\bin\msvcr100.dll
0x000000005d900000 - 0x000000005e134000 	E:\Android\android-studio-ide-145.2915834-windows\jre\jre\bin\server\jvm.dll
0x00007ffbe1530000 - 0x00007ffbe1538000 	C:\Windows\system32\PSAPI.DLL
0x00007ffbd92f0000 - 0x00007ffbd92f9000 	C:\Windows\SYSTEM32\WSOCK32.dll
0x00007ffbe3d30000 - 0x00007ffbe3d9b000 	C:\Windows\system32\WS2_32.dll
0x00007ffbdea60000 - 0x00007ffbdea83000 	C:\Windows\SYSTEM32\WINMM.dll
0x00007ffbd61b0000 - 0x00007ffbd61ba000 	C:\Windows\SYSTEM32\VERSION.dll
0x00007ffbdea00000 - 0x00007ffbdea2c000 	C:\Windows\SYSTEM32\WINMMBASE.dll
0x00007ffbe1300000 - 0x00007ffbe1343000 	C:\Windows\system32\cfgmgr32.dll
0x00007ffbd92e0000 - 0x00007ffbd92ef000 	E:\Android\android-studio-ide-145.2915834-windows\jre\jre\bin\verify.dll
0x00007ffbd92b0000 - 0x00007ffbd92d9000 	E:\Android\android-studio-ide-145.2915834-windows\jre\jre\bin\java.dll
0x00007ffbd9110000 - 0x00007ffbd9126000 	E:\Android\android-studio-ide-145.2915834-windows\jre\jre\bin\zip.dll
0x00007ffbe2720000 - 0x00007ffbe3c7c000 	C:\Windows\system32\SHELL32.dll
0x00007ffbe07c0000 - 0x00007ffbe0e05000 	C:\Windows\system32\windows.storage.dll
0x00007ffbe2440000 - 0x00007ffbe2492000 	C:\Windows\system32\shlwapi.dll
0x00007ffbe0730000 - 0x00007ffbe073f000 	C:\Windows\system32\kernel.appcore.dll
0x00007ffbe1350000 - 0x00007ffbe1405000 	C:\Windows\system32\shcore.dll
0x00007ffbe0770000 - 0x00007ffbe07bb000 	C:\Windows\system32\powrprof.dll
0x00007ffbe0740000 - 0x00007ffbe0754000 	C:\Windows\system32\profapi.dll

VM Arguments:
jvm_args: -Djava.awt.headless=true -Xmx1024M -Dfile.encoding=GBK -Duser.country=CN -Duser.language=zh -Duser.variant 
java_command: com.android.dx.command.Main --dex --num-threads=4 --output E:\Teapopo\app\build\intermediates\pre-dexed\debug\ShareSDK-Evernote-2.7.1_4ebec606174b8622ad6d6fa4ea3351da0bc0ad76.jar E:\Teapopo\app\libs\ShareSDK-Evernote-2.7.1.jar
java_class_path (initial): C:\Users\lhq\AppData\Local\Android\sdk\build-tools\23.0.3\lib\dx.jar
Launcher Type: SUN_STANDARD

Environment Variables:
JAVA_HOME=C:\Program Files\Java\jdk1.8.0_91
PATH=C:\ProgramData\Oracle\Java\javapath;C:\Windows\system32;C:\Windows;C:\Windows\System32\Wbem;C:\Windows\System32\WindowsPowerShell\v1.0\;C:\Users\lhq\AppData\Local\Android\sdk\platform-tools;C:\Users\lhq\AppData\Local\Android\sdk\tools;C:\Program Files\Java\jdk1.8.0_91\bin;C:\Program Files\Java\jdk1.8.0_91\jre\bin
USERNAME=lhq
OS=Windows_NT
PROCESSOR_IDENTIFIER=Intel64 Family 6 Model 69 Stepping 1, GenuineIntel



---------------  S Y S T E M  ---------------

OS: Windows 10.0 , 64 bit Build 10586 (10.0.10586.0)

CPU:total 4 (2 cores per cpu, 2 threads per core) family 6 model 69 stepping 1, cmov, cx8, fxsr, mmx, sse, sse2, sse3, ssse3, sse4.1, sse4.2, popcnt, avx, avx2, aes, clmul, erms, lzcnt, ht, tsc, tscinvbit, bmi1, bmi2

Memory: 4k page, physical 8067548k(970440k free), swap 8067548k(5432k free)

vm_info: OpenJDK 64-Bit Server VM (25.76-b01) for windows-amd64 JRE (1.8.0_76-release-b01), built on May 12 2016 23:29:00 by "ralucas" with MS VC++ 10.0 (VS2010)

time: Wed Jul 13 11:04:26 2016
elapsed time: 3 seconds (0d 0h 0m 3s)

