#
# There is insufficient memory for the Java Runtime Environment to continue.
# Native memory allocation (malloc) failed to allocate 520576 bytes for Chunk::new
# Possible reasons:
#   The system is out of physical RAM or swap space
#   In 32 bit mode, the process size limit was hit
# Possible solutions:
#   Reduce memory load on the system
#   Increase physical memory or swap space
#   Check if swap backing store is full
#   Use 64 bit Java on a 64 bit OS
#   Decrease Java heap size (-Xmx/-Xms)
#   Decrease number of Java threads
#   Decrease Java thread stack sizes (-Xss)
#   Set larger code cache with -XX:ReservedCodeCacheSize=
# This output file may be truncated or incomplete.
#
#  Out of Memory Error (allocation.cpp:390), pid=5868, tid=0x0000000000001ad8
#
# JRE version: OpenJDK Runtime Environment (8.0_76-b01) (build 1.8.0_76-release-b01)
# Java VM: OpenJDK 64-Bit Server VM (25.76-b01 mixed mode windows-amd64 compressed oops)
# Failed to write core dump. Minidumps are not enabled by default on client versions of Windows
#

---------------  T H R E A D  ---------------

Current thread (0x0000000014c0d800):  JavaThread "C2 CompilerThread0" daemon [_thread_in_native, id=6872, stack(0x00000000161b0000,0x00000000162b0000)]

Stack: [0x00000000161b0000,0x00000000162b0000]
[error occurred during error reporting (printing stack bounds), id 0xc0000005]

Native frames: (J=compiled Java code, j=interpreted, Vv=VM code, C=native code)


Current CompileTask:
C2:   3805 1260       4       com.android.dx.ssa.SCCP::simulateStmt (481 bytes)


---------------  P R O C E S S  ---------------

Java Threads: ( => current thread )
  0x0000000016541800 JavaThread "pool-1-thread-4" [_thread_in_vm, id=1676, stack(0x0000000016eb0000,0x0000000016fb0000)]
  0x0000000016565800 JavaThread "pool-1-thread-3" [_thread_blocked, id=6940, stack(0x0000000016db0000,0x0000000016eb0000)]
  0x0000000016565000 JavaThread "pool-1-thread-2" [_thread_in_Java, id=3636, stack(0x0000000016cb0000,0x0000000016db0000)]
  0x0000000016562000 JavaThread "pool-2-thread-1" [_thread_blocked, id=76, stack(0x0000000016bb0000,0x0000000016cb0000)]
  0x0000000016561800 JavaThread "pool-1-thread-1" [_thread_in_Java, id=6840, stack(0x0000000016ab0000,0x0000000016bb0000)]
  0x0000000016310000 JavaThread "Service Thread" daemon [_thread_blocked, id=5520, stack(0x00000000168b0000,0x00000000169b0000)]
  0x0000000014c5d800 JavaThread "C1 CompilerThread2" daemon [_thread_blocked, id=7028, stack(0x00000000167b0000,0x00000000168b0000)]
  0x0000000014c5d000 JavaThread "C2 CompilerThread1" daemon [_thread_in_native, id=5448, stack(0x00000000166b0000,0x00000000167b0000)]
=>0x0000000014c0d800 JavaThread "C2 CompilerThread0" daemon [_thread_in_native, id=6872, stack(0x00000000161b0000,0x00000000162b0000)]
  0x0000000014c0c000 JavaThread "Attach Listener" daemon [_thread_blocked, id=6580, stack(0x00000000160b0000,0x00000000161b0000)]
  0x0000000014c0b000 JavaThread "Signal Dispatcher" daemon [_thread_blocked, id=6692, stack(0x0000000015fb0000,0x00000000160b0000)]
  0x0000000014be8000 JavaThread "Finalizer" daemon [_thread_blocked, id=3056, stack(0x0000000015e50000,0x0000000015f50000)]
  0x0000000002520000 JavaThread "Reference Handler" daemon [_thread_blocked, id=3736, stack(0x0000000015d50000,0x0000000015e50000)]
  0x0000000002430800 JavaThread "main" [_thread_in_vm, id=5484, stack(0x0000000001f60000,0x0000000002060000)]

Other Threads:
  0x0000000014bc5800 VMThread [stack: 0x0000000015c50000,0x0000000015d50000] [id=6856]
  0x0000000016312000 WatcherThread [stack: 0x00000000169b0000,0x0000000016ab0000] [id=7012]

VM state:not at safepoint (normal execution)

VM Mutex/Monitor currently owned by a thread: None

Heap:
 PSYoungGen      total 36864K, used 12924K [0x00000000eab00000, 0x00000000ef300000, 0x0000000100000000)
  eden space 31744K, 24% used [0x00000000eab00000,0x00000000eb2a1668,0x00000000eca00000)
  from space 5120K, 99% used [0x00000000eca00000,0x00000000ecefd9a0,0x00000000ecf00000)
  to   space 5120K, 0% used [0x00000000eee00000,0x00000000eee00000,0x00000000ef300000)
 ParOldGen       total 84992K, used 146K [0x00000000c0000000, 0x00000000c5300000, 0x00000000eab00000)
  object space 84992K, 0% used [0x00000000c0000000,0x00000000c00249b0,0x00000000c5300000)
 Metaspace       used 6028K, capacity 6960K, committed 7040K, reserved 1056768K
  class space    used 574K, capacity 616K, committed 640K, reserved 1048576K

Card table byte_map: [0x00000000118f0000,0x0000000011b00000] byte_map_base: 0x00000000112f0000

Marking Bits: (ParMarkBitMap*) 0x000000005e0b9d00
 Begin Bits: [0x0000000012060000, 0x0000000013060000)
 End Bits:   [0x0000000013060000, 0x0000000014060000)

Polling page: 0x0000000001f40000

CodeCache: size=245760Kb used=5345Kb max_used=5345Kb free=240415Kb
 bounds [0x0000000002530000, 0x0000000002a70000, 0x0000000011530000]
 total_blobs=1583 nmethods=1313 adapters=184
 compilation: enabled

Compilation events (10 events):
Event: 3.796 Thread 0x0000000014c5d800 nmethod 1312 0x0000000002a68510 code [0x0000000002a686a0, 0x0000000002a68aa8]
Event: 3.796 Thread 0x0000000014c5d800 1314       3       java.util.concurrent.locks.AbstractQueuedSynchronizer$Node::predecessor (19 bytes)
Event: 3.796 Thread 0x0000000014c5d800 nmethod 1314 0x0000000002a68d50 code [0x0000000002a68ec0, 0x0000000002a69108]
Event: 3.796 Thread 0x0000000014c5d800 1313       3       com.android.dx.cf.direct.MemberListParser::parseIfNecessary (12 bytes)
Event: 3.797 Thread 0x0000000014c5d800 nmethod 1313 0x0000000002a691d0 code [0x0000000002a69340, 0x0000000002a69508]
Event: 3.800 Thread 0x0000000014c5d800 1315       3       com.android.dx.rop.annotation.Annotations::add (75 bytes)
Event: 3.802 Thread 0x0000000014c5d800 nmethod 1315 0x0000000002a69590 code [0x0000000002a69800, 0x0000000002a6a728]
Event: 3.802 Thread 0x0000000014c5d800 1316       3       java.util.concurrent.locks.AbstractQueuedSynchronizer::compareAndSetWaitStatus (13 bytes)
Event: 3.803 Thread 0x0000000014c5d800 nmethod 1316 0x0000000002a6ae10 code [0x0000000002a6af60, 0x0000000002a6b0b0]
Event: 3.803 Thread 0x0000000014c5d800 1317  s    3       com.android.dx.dex.file.TypeIdsSection::intern (60 bytes)

GC Heap History (2 events):
Event: 3.271 GC heap before
{Heap before GC invocations=1 (full 0):
 PSYoungGen      total 36864K, used 31744K [0x00000000eab00000, 0x00000000ed400000, 0x0000000100000000)
  eden space 31744K, 100% used [0x00000000eab00000,0x00000000eca00000,0x00000000eca00000)
  from space 5120K, 0% used [0x00000000ecf00000,0x00000000ecf00000,0x00000000ed400000)
  to   space 5120K, 0% used [0x00000000eca00000,0x00000000eca00000,0x00000000ecf00000)
 ParOldGen       total 84992K, used 0K [0x00000000c0000000, 0x00000000c5300000, 0x00000000eab00000)
  object space 84992K, 0% used [0x00000000c0000000,0x00000000c0000000,0x00000000c5300000)
 Metaspace       used 5891K, capacity 6832K, committed 7040K, reserved 1056768K
  class space    used 572K, capacity 616K, committed 640K, reserved 1048576K
Event: 3.562 GC heap after
Heap after GC invocations=1 (full 0):
 PSYoungGen      total 36864K, used 5110K [0x00000000eab00000, 0x00000000ef300000, 0x0000000100000000)
  eden space 31744K, 0% used [0x00000000eab00000,0x00000000eab00000,0x00000000eca00000)
  from space 5120K, 99% used [0x00000000eca00000,0x00000000ecefd9a0,0x00000000ecf00000)
  to   space 5120K, 0% used [0x00000000eee00000,0x00000000eee00000,0x00000000ef300000)
 ParOldGen       total 84992K, used 146K [0x00000000c0000000, 0x00000000c5300000, 0x00000000eab00000)
  object space 84992K, 0% used [0x00000000c0000000,0x00000000c00249b0,0x00000000c5300000)
 Metaspace       used 5891K, capacity 6832K, committed 7040K, reserved 1056768K
  class space    used 572K, capacity 616K, committed 640K, reserved 1048576K
}

Deoptimization events (8 events):
Event: 2.237 Thread 0x0000000002430800 Uncommon trap: reason=unstable_if action=reinterpret pc=0x0000000002682fd0 method=java.lang.String.indexOf(II)I @ 49
Event: 2.759 Thread 0x0000000016561800 Uncommon trap: reason=unstable_if action=reinterpret pc=0x000000000276f770 method=java.util.BitSet.nextSetBit(I)I @ 87
Event: 2.780 Thread 0x0000000016561800 Uncommon trap: reason=unstable_if action=reinterpret pc=0x00000000027591d8 method=java.util.HashMap.getNode(ILjava/lang/Object;)Ljava/util/HashMap$Node; @ 129
Event: 3.574 Thread 0x0000000016565000 Uncommon trap: reason=class_check action=maybe_recompile pc=0x0000000002894f1c method=com.android.dx.ssa.NormalSsaInsn.accept(Lcom/android/dx/ssa/SsaInsn$Visitor;)V @ 9
Event: 3.574 Thread 0x0000000016565000 Uncommon trap: reason=class_check action=maybe_recompile pc=0x00000000027d63f0 method=com.android.dx.ssa.NormalSsaInsn.accept(Lcom/android/dx/ssa/SsaInsn$Visitor;)V @ 9
Event: 3.574 Thread 0x0000000016565000 Uncommon trap: reason=class_check action=maybe_recompile pc=0x00000000027d63f0 method=com.android.dx.ssa.NormalSsaInsn.accept(Lcom/android/dx/ssa/SsaInsn$Visitor;)V @ 9
Event: 3.575 Thread 0x0000000016565000 Uncommon trap: reason=class_check action=maybe_recompile pc=0x0000000002894f1c method=com.android.dx.ssa.NormalSsaInsn.accept(Lcom/android/dx/ssa/SsaInsn$Visitor;)V @ 9
Event: 3.615 Thread 0x0000000016565000 Uncommon trap: reason=class_check action=maybe_recompile pc=0x00000000027d63f0 method=com.android.dx.ssa.NormalSsaInsn.accept(Lcom/android/dx/ssa/SsaInsn$Visitor;)V @ 9

Internal exceptions (2 events):
Event: 0.578 Thread 0x0000000002430800 Exception <a 'java/lang/NoSuchMethodError': Method sun.misc.Unsafe.defineClass(Ljava/lang/String;[BII)Ljava/lang/Class; name or signature does not match> (0x00000000eab07cc0) thrown at [C:\src\android\AOSP-openjdk\external\jetbrains\jdk\hotspot\src\share\v”ó/£†‚â?
Event: 0.578 Thread 0x0000000002430800 Exception <a 'java/lang/NoSuchMethodError': Method sun.misc.Unsafe.prefetchRead(Ljava/lang/Object;J)V name or signature does not match> (0x00000000eab07fa8) thrown at [C:\src\android\AOSP-openjdk\external\jetbrains\jdk\hotspot\src\share\vm\prims\jni.cpp, l

Events (10 events):
Event: 3.574 Thread 0x0000000016565000 DEOPT PACKING pc=0x00000000027d63f0 sp=0x0000000016daeb60
Event: 3.574 Thread 0x0000000016565000 DEOPT UNPACKING pc=0x000000000257556a sp=0x0000000016daeb00 mode 2
Event: 3.575 Thread 0x0000000016565000 Uncommon trap: trap_request=0xffffffde fr.pc=0x0000000002894f1c
Event: 3.575 Thread 0x0000000016565000 DEOPT PACKING pc=0x0000000002894f1c sp=0x0000000016daeb40
Event: 3.575 Thread 0x0000000016565000 DEOPT UNPACKING pc=0x000000000257556a sp=0x0000000016daeb10 mode 2
Event: 3.615 Thread 0x0000000016565000 Uncommon trap: trap_request=0xffffffde fr.pc=0x00000000027d63f0
Event: 3.615 Thread 0x0000000016565000 DEOPT PACKING pc=0x00000000027d63f0 sp=0x0000000016daeb60
Event: 3.615 Thread 0x0000000016565000 DEOPT UNPACKING pc=0x000000000257556a sp=0x0000000016daeb00 mode 2
Event: 3.669 loading class java/util/DualPivotQuicksort
Event: 3.670 loading class java/util/DualPivotQuicksort done


Dynamic libraries:
0x00007ff6012a0000 - 0x00007ff6012d5000 	E:\Android\android-studio-ide-145.2915834-windows\jre\bin\java.exe
0x00007ffbe4110000 - 0x00007ffbe42d1000 	C:\Windows\SYSTEM32\ntdll.dll
0x00007ffbe2080000 - 0x00007ffbe212d000 	C:\Windows\system32\KERNEL32.DLL
0x00007ffbe0ec0000 - 0x00007ffbe10a8000 	C:\Windows\system32\KERNELBASE.dll
0x00007ffbe3c80000 - 0x00007ffbe3d27000 	C:\Windows\system32\ADVAPI32.dll
0x00007ffbe4070000 - 0x00007ffbe410d000 	C:\Windows\system32\msvcrt.dll
0x00007ffbe22d0000 - 0x00007ffbe232b000 	C:\Windows\system32\sechost.dll
0x00007ffbe1d60000 - 0x00007ffbe1e7c000 	C:\Windows\system32\RPCRT4.dll
0x00007ffbe1970000 - 0x00007ffbe1ac6000 	C:\Windows\system32\USER32.dll
0x00007ffbe2140000 - 0x00007ffbe22c6000 	C:\Windows\system32\GDI32.dll
0x00007ffbd4c10000 - 0x00007ffbd4e84000 	C:\Windows\WinSxS\amd64_microsoft.windows.common-controls_6595b64144ccf1df_6.0.10586.0_none_8c15ae12515e1c22\COMCTL32.dll
0x00007ffbe24a0000 - 0x00007ffbe271d000 	C:\Windows\system32\combase.dll
0x00007ffbe14a0000 - 0x00007ffbe150a000 	C:\Windows\system32\bcryptPrimitives.dll
0x00007ffbe1ef0000 - 0x00007ffbe1f2b000 	C:\Windows\system32\IMM32.DLL
0x000000005d820000 - 0x000000005d8f2000 	E:\Android\android-studio-ide-145.2915834-windows\jre\jre\bin\msvcr100.dll
0x000000005d900000 - 0x000000005e134000 	E:\Android\android-studio-ide-145.2915834-windows\jre\jre\bin\server\jvm.dll
0x00007ffbe1530000 - 0x00007ffbe1538000 	C:\Windows\system32\PSAPI.DLL
0x00007ffbd92f0000 - 0x00007ffbd92f9000 	C:\Windows\SYSTEM32\WSOCK32.dll
0x00007ffbe3d30000 - 0x00007ffbe3d9b000 	C:\Windows\system32\WS2_32.dll
0x00007ffbdea60000 - 0x00007ffbdea83000 	C:\Windows\SYSTEM32\WINMM.dll
0x00007ffbd61b0000 - 0x00007ffbd61ba000 	C:\Windows\SYSTEM32\VERSION.dll
0x00007ffbdea00000 - 0x00007ffbdea2c000 	C:\Windows\SYSTEM32\WINMMBASE.dll
0x00007ffbe1300000 - 0x00007ffbe1343000 	C:\Windows\system32\cfgmgr32.dll
0x00007ffbd92e0000 - 0x00007ffbd92ef000 	E:\Android\android-studio-ide-145.2915834-windows\jre\jre\bin\verify.dll
0x00007ffbd92b0000 - 0x00007ffbd92d9000 	E:\Android\android-studio-ide-145.2915834-windows\jre\jre\bin\java.dll
0x00007ffbd9110000 - 0x00007ffbd9126000 	E:\Android\android-studio-ide-145.2915834-windows\jre\jre\bin\zip.dll
0x00007ffbe2720000 - 0x00007ffbe3c7c000 	C:\Windows\system32\SHELL32.dll
0x00007ffbe07c0000 - 0x00007ffbe0e05000 	C:\Windows\system32\windows.storage.dll
0x00007ffbe2440000 - 0x00007ffbe2492000 	C:\Windows\system32\shlwapi.dll
0x00007ffbe0730000 - 0x00007ffbe073f000 	C:\Windows\system32\kernel.appcore.dll
0x00007ffbe1350000 - 0x00007ffbe1405000 	C:\Windows\system32\shcore.dll
0x00007ffbe0770000 - 0x00007ffbe07bb000 	C:\Windows\system32\powrprof.dll
0x00007ffbe0740000 - 0x00007ffbe0754000 	C:\Windows\system32\profapi.dll

VM Arguments:
jvm_args: -Djava.awt.headless=true -Xmx1024M -Dfile.encoding=GBK -Duser.country=CN -Duser.language=zh -Duser.variant 
java_command: com.android.dx.command.Main --dex --num-threads=4 --output E:\Teapopo\app\build\intermediates\pre-dexed\debug\rxjava-1.1.6_d51a0e7434c5de2580b328ed5c01a26b0ed600b8.jar C:\Users\lhq\.gradle\caches\modules-2\files-2.1\io.reactivex\rxjava\1.1.6\2586312cd2b8a511e4c6236736f5a039fc0f2273\rxjava-1.1.6.jar
java_class_path (initial): C:\Users\lhq\AppData\Local\Android\sdk\build-tools\23.0.3\lib\dx.jar
Launcher Type: SUN_STANDARD

Environment Variables:
JAVA_HOME=C:\Program Files\Java\jdk1.8.0_91
PATH=C:\ProgramData\Oracle\Java\javapath;C:\Windows\system32;C:\Windows;C:\Windows\System32\Wbem;C:\Windows\System32\WindowsPowerShell\v1.0\;C:\Users\lhq\AppData\Local\Android\sdk\platform-tools;C:\Users\lhq\AppData\Local\Android\sdk\tools;C:\Program Files\Java\jdk1.8.0_91\bin;C:\Program Files\Java\jdk1.8.0_91\jre\bin
USERNAME=lhq
OS=Windows_NT
PROCESSOR_IDENTIFIER=Intel64 Family 6 Model 69 Stepping 1, GenuineIntel



---------------  S Y S T E M  ---------------

OS: Windows 10.0 , 64 bit Build 10586 (10.0.10586.0)

CPU:total 4 (2 cores per cpu, 2 threads per core) family 6 model 69 stepping 1, cmov, cx8, fxsr, mmx, sse, sse2, sse3, ssse3, sse4.1, sse4.2, popcnt, avx, avx2, aes, clmul, erms, lzcnt, ht, tsc, tscinvbit, bmi1, bmi2

Memory: 4k page, physical 8067548k(980236k free), swap 8067548k(5228k free)

vm_info: OpenJDK 64-Bit Server VM (25.76-b01) for windows-amd64 JRE (1.8.0_76-release-b01), built on May 12 2016 23:29:00 by "ralucas" with MS VC++ 10.0 (VS2010)

time: Wed Jul 13 11:04:37 2016
elapsed time: 3 seconds (0d 0h 0m 3s)

