#
# There is insufficient memory for the Java Runtime Environment to continue.
# Native memory allocation (malloc) failed to allocate 502176 bytes for Chunk::new
# Possible reasons:
#   The system is out of physical RAM or swap space
#   In 32 bit mode, the process size limit was hit
# Possible solutions:
#   Reduce memory load on the system
#   Increase physical memory or swap space
#   Check if swap backing store is full
#   Use 64 bit Java on a 64 bit OS
#   Decrease Java heap size (-Xmx/-Xms)
#   Decrease number of Java threads
#   Decrease Java thread stack sizes (-Xss)
#   Set larger code cache with -XX:ReservedCodeCacheSize=
# This output file may be truncated or incomplete.
#
#  Out of Memory Error (allocation.cpp:390), pid=102236, tid=0x00000000000189f8
#
# JRE version: OpenJDK Runtime Environment (8.0_76-b01) (build 1.8.0_76-release-b01)
# Java VM: OpenJDK 64-Bit Server VM (25.76-b01 mixed mode windows-amd64 compressed oops)
# Failed to write core dump. Minidumps are not enabled by default on client versions of Windows
#

---------------  T H R E A D  ---------------

Current thread (0x0000000014c87000):  JavaThread "C2 CompilerThread0" daemon [_thread_in_native, id=100856, stack(0x0000000016180000,0x0000000016280000)]

Stack: [0x0000000016180000,0x0000000016280000]
[error occurred during error reporting (printing stack bounds), id 0xc0000005]

Native frames: (J=compiled Java code, j=interpreted, Vv=VM code, C=native code)


Current CompileTask:
C2:   1793 1079       4       com.android.dx.ssa.SCCP::simulateStmt (481 bytes)


---------------  P R O C E S S  ---------------

Java Threads: ( => current thread )
  0x0000000016633000 JavaThread "pool-1-thread-4" [_thread_in_vm, id=103372, stack(0x0000000016e80000,0x0000000016f80000)]
  0x0000000016627000 JavaThread "pool-1-thread-2" [_thread_in_Java, id=101320, stack(0x0000000016c80000,0x0000000016d80000)]
  0x000000001650a000 JavaThread "pool-2-thread-1" [_thread_blocked, id=103292, stack(0x0000000016b80000,0x0000000016c80000)]
  0x00000000163e6800 JavaThread "Service Thread" daemon [_thread_blocked, id=102792, stack(0x0000000016880000,0x0000000016980000)]
  0x00000000163e0000 JavaThread "C1 CompilerThread2" daemon [_thread_blocked, id=103400, stack(0x0000000016780000,0x0000000016880000)]
  0x0000000014c8a800 JavaThread "C2 CompilerThread1" daemon [_thread_in_native, id=91772, stack(0x0000000016280000,0x0000000016380000)]
=>0x0000000014c87000 JavaThread "C2 CompilerThread0" daemon [_thread_in_native, id=100856, stack(0x0000000016180000,0x0000000016280000)]
  0x0000000014c3c800 JavaThread "Attach Listener" daemon [_thread_blocked, id=100768, stack(0x0000000016080000,0x0000000016180000)]
  0x0000000014c3b000 JavaThread "Signal Dispatcher" daemon [_thread_blocked, id=102500, stack(0x0000000015f80000,0x0000000016080000)]
  0x000000000255a000 JavaThread "Finalizer" daemon [_thread_blocked, id=103072, stack(0x0000000015e80000,0x0000000015f80000)]
  0x0000000002550000 JavaThread "Reference Handler" daemon [_thread_blocked, id=102936, stack(0x0000000015d80000,0x0000000015e80000)]
  0x0000000002460800 JavaThread "main" [_thread_blocked, id=98564, stack(0x0000000002360000,0x0000000002460000)]

Other Threads:
  0x0000000014bf5800 VMThread [stack: 0x0000000015c80000,0x0000000015d80000] [id=102848]
  0x00000000163ea000 WatcherThread [stack: 0x0000000016980000,0x0000000016a80000] [id=102944]

VM state:not at safepoint (normal execution)

VM Mutex/Monitor currently owned by a thread: None

Heap:
 PSYoungGen      total 36864K, used 30497K [0x00000000eab00000, 0x00000000ed400000, 0x0000000100000000)
  eden space 31744K, 96% used [0x00000000eab00000,0x00000000ec8c8670,0x00000000eca00000)
  from space 5120K, 0% used [0x00000000ecf00000,0x00000000ecf00000,0x00000000ed400000)
  to   space 5120K, 0% used [0x00000000eca00000,0x00000000eca00000,0x00000000ecf00000)
 ParOldGen       total 84992K, used 0K [0x00000000c0000000, 0x00000000c5300000, 0x00000000eab00000)
  object space 84992K, 0% used [0x00000000c0000000,0x00000000c0000000,0x00000000c5300000)
 Metaspace       used 5858K, capacity 6832K, committed 7040K, reserved 1056768K
  class space    used 575K, capacity 616K, committed 640K, reserved 1048576K

Card table byte_map: [0x0000000011920000,0x0000000011b30000] byte_map_base: 0x0000000011320000

Marking Bits: (ParMarkBitMap*) 0x000000005f499d00
 Begin Bits: [0x0000000012090000, 0x0000000013090000)
 End Bits:   [0x0000000013090000, 0x0000000014090000)

Polling page: 0x0000000001f40000

CodeCache: size=245760Kb used=4381Kb max_used=4385Kb free=241378Kb
 bounds [0x0000000002560000, 0x00000000029b0000, 0x0000000011560000]
 total_blobs=1370 nmethods=1098 adapters=184
 compilation: enabled

Compilation events (10 events):
Event: 1.769 Thread 0x00000000163e0000 1098       1       com.android.dx.rop.code.DexTranslationAdvice::getMaxOptimalRegisterCount (3 bytes)
Event: 1.769 Thread 0x00000000163e0000 nmethod 1098 0x00000000029999d0 code [0x0000000002999b20, 0x0000000002999c30]
Event: 1.769 Thread 0x00000000163e0000 1101       3       com.android.dx.cf.code.Ropper::addExceptionSetupBlocks (203 bytes)
Event: 1.772 Thread 0x00000000163e0000 nmethod 1101 0x0000000002999c90 code [0x000000000299a080, 0x000000000299c448]
Event: 1.772 Thread 0x00000000163e0000 1102       3       com.android.dx.ssa.SsaConverter::edgeSplitMoveExceptionsAndResults (157 bytes)
Event: 1.774 Thread 0x00000000163e0000 nmethod 1102 0x000000000299e050 code [0x000000000299e400, 0x00000000029a0268]
Event: 1.774 Thread 0x00000000163e0000 1103       3       com.android.dx.ssa.SCCP::run (298 bytes)
Event: 1.776 Thread 0x00000000163e0000 nmethod 1103 0x00000000029a1790 code [0x00000000029a1b80, 0x00000000029a3c48]
Event: 1.778 Thread 0x00000000163e0000 1104       1       com.android.dx.dex.file.StringIdItem::getValue (5 bytes)
Event: 1.778 Thread 0x00000000163e0000 nmethod 1104 0x00000000029a4910 code [0x00000000029a4a60, 0x00000000029a4b70]

GC Heap History (0 events):
No events

Deoptimization events (10 events):
Event: 0.397 Thread 0x0000000002460800 Uncommon trap: reason=unstable_if action=reinterpret pc=0x00000000026a0794 method=java.lang.String.indexOf(II)I @ 49
Event: 1.023 Thread 0x0000000016633000 Uncommon trap: reason=unstable_if action=reinterpret pc=0x00000000027728f4 method=java.util.BitSet.ensureCapacity(I)V @ 6
Event: 1.418 Thread 0x0000000016633000 Uncommon trap: reason=class_check action=maybe_recompile pc=0x00000000027cf0d4 method=com.android.dx.ssa.NormalSsaInsn.accept(Lcom/android/dx/ssa/SsaInsn$Visitor;)V @ 9
Event: 1.418 Thread 0x0000000016633000 Uncommon trap: reason=class_check action=maybe_recompile pc=0x00000000027c0e70 method=com.android.dx.ssa.NormalSsaInsn.accept(Lcom/android/dx/ssa/SsaInsn$Visitor;)V @ 9
Event: 1.418 Thread 0x0000000016633000 Uncommon trap: reason=class_check action=maybe_recompile pc=0x00000000027c0e70 method=com.android.dx.ssa.NormalSsaInsn.accept(Lcom/android/dx/ssa/SsaInsn$Visitor;)V @ 9
Event: 1.418 Thread 0x0000000016633000 Uncommon trap: reason=class_check action=maybe_recompile pc=0x00000000027c0e70 method=com.android.dx.ssa.NormalSsaInsn.accept(Lcom/android/dx/ssa/SsaInsn$Visitor;)V @ 9
Event: 1.476 Thread 0x0000000016627000 Uncommon trap: reason=unstable_if action=reinterpret pc=0x00000000028c0210 method=com.android.dx.ssa.NormalSsaInsn.getLocalAssignment()Lcom/android/dx/rop/code/RegisterSpec; @ 12
Event: 1.477 Thread 0x0000000016627000 Uncommon trap: reason=unstable_if action=reinterpret pc=0x000000000285f2a8 method=com.android.dx.ssa.NormalSsaInsn.getLocalAssignment()Lcom/android/dx/rop/code/RegisterSpec; @ 12
Event: 1.477 Thread 0x0000000016627000 Uncommon trap: reason=unstable_if action=reinterpret pc=0x00000000028667f0 method=com.android.dx.ssa.NormalSsaInsn.getLocalAssignment()Lcom/android/dx/rop/code/RegisterSpec; @ 12
Event: 1.775 Thread 0x0000000016633000 Uncommon trap: reason=class_check action=maybe_recompile pc=0x00000000027cf0d4 method=com.android.dx.ssa.NormalSsaInsn.accept(Lcom/android/dx/ssa/SsaInsn$Visitor;)V @ 9

Internal exceptions (2 events):
Event: 0.045 Thread 0x0000000002460800 Exception <a 'java/lang/NoSuchMethodError': Method sun.misc.Unsafe.defineClass(Ljava/lang/String;[BII)Ljava/lang/Class; name or signature does not match> (0x00000000eab07cc0) thrown at [C:\src\android\AOSP-openjdk\external\jetbrains\jdk\hotspot\src\share\vF?#AÑú¦?
Event: 0.045 Thread 0x0000000002460800 Exception <a 'java/lang/NoSuchMethodError': Method sun.misc.Unsafe.prefetchRead(Ljava/lang/Object;J)V name or signature does not match> (0x00000000eab07fa8) thrown at [C:\src\android\AOSP-openjdk\external\jetbrains\jdk\hotspot\src\share\vm\prims\jni.cpp, l

Events (10 events):
Event: 1.477 Thread 0x0000000016627000 DEOPT UNPACKING pc=0x00000000025a556a sp=0x0000000016d7e730 mode 2
Event: 1.477 Thread 0x0000000016627000 Uncommon trap: trap_request=0xffffff65 fr.pc=0x00000000028667f0
Event: 1.477 Thread 0x0000000016627000 DEOPT PACKING pc=0x00000000028667f0 sp=0x0000000016d7e790
Event: 1.477 Thread 0x0000000016627000 DEOPT UNPACKING pc=0x00000000025a556a sp=0x0000000016d7e720 mode 2
Event: 1.759 Thread 0x0000000016509800 Thread exited: 0x0000000016509800
Event: 1.761 Thread 0x0000000016633000 DEOPT PACKING pc=0x00000000028a1f7a sp=0x0000000016f7e720
Event: 1.761 Thread 0x0000000016633000 DEOPT UNPACKING pc=0x00000000025a75bf sp=0x0000000016f7e488 mode 0
Event: 1.775 Thread 0x0000000016633000 Uncommon trap: trap_request=0xffffffde fr.pc=0x00000000027cf0d4
Event: 1.775 Thread 0x0000000016633000 DEOPT PACKING pc=0x00000000027cf0d4 sp=0x0000000016f7e750
Event: 1.775 Thread 0x0000000016633000 DEOPT UNPACKING pc=0x00000000025a556a sp=0x0000000016f7e690 mode 2


Dynamic libraries:
0x00007ff6a3010000 - 0x00007ff6a3045000 	E:\Android\android-studio-ide-145.2915834-windows\jre\bin\java.exe
0x00007ffecf410000 - 0x00007ffecf5d1000 	C:\Windows\SYSTEM32\ntdll.dll
0x00007ffecef70000 - 0x00007ffecf01d000 	C:\Windows\system32\KERNEL32.DLL
0x00007ffecc330000 - 0x00007ffecc518000 	C:\Windows\system32\KERNELBASE.dll
0x00007ffecc9e0000 - 0x00007ffecca87000 	C:\Windows\system32\ADVAPI32.dll
0x00007ffece4c0000 - 0x00007ffece55d000 	C:\Windows\system32\msvcrt.dll
0x00007ffeccd10000 - 0x00007ffeccd6b000 	C:\Windows\system32\sechost.dll
0x00007ffece730000 - 0x00007ffece84c000 	C:\Windows\system32\RPCRT4.dll
0x00007ffece920000 - 0x00007ffecea76000 	C:\Windows\system32\USER32.dll
0x00007ffeccd90000 - 0x00007ffeccf16000 	C:\Windows\system32\GDI32.dll
0x00007ffebe600000 - 0x00007ffebe874000 	C:\Windows\WinSxS\amd64_microsoft.windows.common-controls_6595b64144ccf1df_6.0.10586.0_none_8c15ae12515e1c22\COMCTL32.dll
0x00007ffecca90000 - 0x00007ffeccd0d000 	C:\Windows\system32\combase.dll
0x00007ffecc520000 - 0x00007ffecc58a000 	C:\Windows\system32\bcryptPrimitives.dll
0x00007ffeccf20000 - 0x00007ffeccf5b000 	C:\Windows\system32\IMM32.DLL
0x00000000600f0000 - 0x00000000601c2000 	E:\Android\android-studio-ide-145.2915834-windows\jre\jre\bin\msvcr100.dll
0x000000005ece0000 - 0x000000005f514000 	E:\Android\android-studio-ide-145.2915834-windows\jre\jre\bin\server\jvm.dll
0x00007ffecf1d0000 - 0x00007ffecf1d8000 	C:\Windows\system32\PSAPI.DLL
0x00007ffec9c20000 - 0x00007ffec9c29000 	C:\Windows\SYSTEM32\WSOCK32.dll
0x00007ffece560000 - 0x00007ffece5cb000 	C:\Windows\system32\WS2_32.dll
0x00007ffec9d40000 - 0x00007ffec9d63000 	C:\Windows\SYSTEM32\WINMM.dll
0x00007ffec1700000 - 0x00007ffec170a000 	C:\Windows\SYSTEM32\VERSION.dll
0x00007ffec9bf0000 - 0x00007ffec9c1c000 	C:\Windows\SYSTEM32\WINMMBASE.dll
0x00007ffecbbd0000 - 0x00007ffecbc13000 	C:\Windows\system32\cfgmgr32.dll
0x00007ffec8ed0000 - 0x00007ffec8edf000 	E:\Android\android-studio-ide-145.2915834-windows\jre\jre\bin\verify.dll
0x00007ffec8d20000 - 0x00007ffec8d49000 	E:\Android\android-studio-ide-145.2915834-windows\jre\jre\bin\java.dll
0x00007ffec8d00000 - 0x00007ffec8d16000 	E:\Android\android-studio-ide-145.2915834-windows\jre\jre\bin\zip.dll
0x00007ffeccf60000 - 0x00007ffece4bc000 	C:\Windows\system32\SHELL32.dll
0x00007ffecbce0000 - 0x00007ffecc325000 	C:\Windows\system32\windows.storage.dll
0x00007ffecea80000 - 0x00007ffecead2000 	C:\Windows\system32\shlwapi.dll
0x00007ffecba90000 - 0x00007ffecba9f000 	C:\Windows\system32\kernel.appcore.dll
0x00007ffecbc20000 - 0x00007ffecbcd5000 	C:\Windows\system32\shcore.dll
0x00007ffecba30000 - 0x00007ffecba7b000 	C:\Windows\system32\powrprof.dll
0x00007ffecbaa0000 - 0x00007ffecbab4000 	C:\Windows\system32\profapi.dll

VM Arguments:
jvm_args: -Djava.awt.headless=true -Xmx1024M -Dfile.encoding=GBK -Duser.country=CN -Duser.language=zh -Duser.variant 
java_command: com.android.dx.command.Main --dex --num-threads=4 --output E:\Teapopo\app\build\intermediates\pre-dexed\debug\ShareSDK-QZone-2.7.1_8bcd2cba12eecb188ee0658262235d8ae6e0ffaf.jar E:\Teapopo\app\libs\ShareSDK-QZone-2.7.1.jar
java_class_path (initial): C:\Users\lhq\AppData\Local\Android\sdk\build-tools\23.0.3\lib\dx.jar
Launcher Type: SUN_STANDARD

Environment Variables:
JAVA_HOME=C:\Program Files\Java\jdk1.8.0_91
PATH=C:\ProgramData\Oracle\Java\javapath;C:\Windows\system32;C:\Windows;C:\Windows\System32\Wbem;C:\Windows\System32\WindowsPowerShell\v1.0\;C:\Users\lhq\AppData\Local\Android\sdk\platform-tools;C:\Users\lhq\AppData\Local\Android\sdk\tools;C:\Program Files\Java\jdk1.8.0_91\bin;C:\Program Files\Java\jdk1.8.0_91\jre\bin
USERNAME=lhq
OS=Windows_NT
PROCESSOR_IDENTIFIER=Intel64 Family 6 Model 69 Stepping 1, GenuineIntel



---------------  S Y S T E M  ---------------

OS: Windows 10.0 , 64 bit Build 10586 (10.0.10586.0)

CPU:total 4 (2 cores per cpu, 2 threads per core) family 6 model 69 stepping 1, cmov, cx8, fxsr, mmx, sse, sse2, sse3, ssse3, sse4.1, sse4.2, popcnt, avx, avx2, aes, clmul, erms, lzcnt, ht, tsc, tscinvbit, bmi1, bmi2

Memory: 4k page, physical 8067548k(1090424k free), swap 8067548k(5140k free)

vm_info: OpenJDK 64-Bit Server VM (25.76-b01) for windows-amd64 JRE (1.8.0_76-release-b01), built on May 12 2016 23:29:00 by "ralucas" with MS VC++ 10.0 (VS2010)

time: Thu Jul 07 11:07:54 2016
elapsed time: 1 seconds (0d 0h 0m 1s)

