#
# There is insufficient memory for the Java Runtime Environment to continue.
# Native memory allocation (malloc) failed to allocate 97872 bytes for Chunk::new
# Possible reasons:
#   The system is out of physical RAM or swap space
#   In 32 bit mode, the process size limit was hit
# Possible solutions:
#   Reduce memory load on the system
#   Increase physical memory or swap space
#   Check if swap backing store is full
#   Use 64 bit Java on a 64 bit OS
#   Decrease Java heap size (-Xmx/-Xms)
#   Decrease number of Java threads
#   Decrease Java thread stack sizes (-Xss)
#   Set larger code cache with -XX:ReservedCodeCacheSize=
# This output file may be truncated or incomplete.
#
#  Out of Memory Error (allocation.cpp:390), pid=3280, tid=0x00000000000013e4
#
# JRE version: OpenJDK Runtime Environment (8.0_76-b01) (build 1.8.0_76-release-b01)
# Java VM: OpenJDK 64-Bit Server VM (25.76-b01 mixed mode windows-amd64 compressed oops)
# Failed to write core dump. Minidumps are not enabled by default on client versions of Windows
#

---------------  T H R E A D  ---------------

Current thread (0x0000000014ced800):  JavaThread "C2 CompilerThread0" daemon [_thread_in_native, id=5092, stack(0x0000000016240000,0x0000000016340000)]

Stack: [0x0000000016240000,0x0000000016340000]
[error occurred during error reporting (printing stack bounds), id 0xc0000005]

Native frames: (J=compiled Java code, j=interpreted, Vv=VM code, C=native code)


Current CompileTask:
C2:   2466 1806       4       com.android.dx.ssa.DeadCodeRemover::isCircularNoSideEffect (140 bytes)


---------------  P R O C E S S  ---------------

Java Threads: ( => current thread )
  0x000000001666c000 JavaThread "pool-1-thread-4" [_thread_blocked, id=4708, stack(0x0000000016f40000,0x0000000017040000)]
  0x0000000016666000 JavaThread "pool-1-thread-3" [_thread_in_Java, id=2224, stack(0x0000000016e40000,0x0000000016f40000)]
  0x0000000016665800 JavaThread "pool-1-thread-2" [_thread_in_Java, id=2980, stack(0x0000000016d40000,0x0000000016e40000)]
  0x00000000165a8000 JavaThread "pool-2-thread-1" [_thread_blocked, id=5728, stack(0x0000000016c40000,0x0000000016d40000)]
  0x00000000165a7800 JavaThread "pool-1-thread-1" [_thread_in_Java, id=5580, stack(0x0000000016b40000,0x0000000016c40000)]
  0x00000000163a4800 JavaThread "Service Thread" daemon [_thread_blocked, id=3576, stack(0x0000000016940000,0x0000000016a40000)]
  0x000000001639b000 JavaThread "C1 CompilerThread2" daemon [_thread_blocked, id=268, stack(0x0000000016840000,0x0000000016940000)]
  0x000000001636b800 JavaThread "C2 CompilerThread1" daemon [_thread_in_native, id=4892, stack(0x0000000016740000,0x0000000016840000)]
=>0x0000000014ced800 JavaThread "C2 CompilerThread0" daemon [_thread_in_native, id=5092, stack(0x0000000016240000,0x0000000016340000)]
  0x0000000014cec000 JavaThread "Attach Listener" daemon [_thread_blocked, id=5760, stack(0x0000000016140000,0x0000000016240000)]
  0x0000000014ceb000 JavaThread "Signal Dispatcher" daemon [_thread_blocked, id=5356, stack(0x0000000016040000,0x0000000016140000)]
  0x0000000014cc8800 JavaThread "Finalizer" daemon [_thread_blocked, id=3432, stack(0x0000000015f40000,0x0000000016040000)]
  0x0000000002600000 JavaThread "Reference Handler" daemon [_thread_blocked, id=5832, stack(0x0000000015e40000,0x0000000015f40000)]
  0x0000000002510800 JavaThread "main" [_thread_blocked, id=3240, stack(0x0000000002350000,0x0000000002450000)]

Other Threads:
  0x0000000014ca5800 VMThread [stack: 0x0000000015d40000,0x0000000015e40000] [id=4452]
  0x00000000163a7000 WatcherThread [stack: 0x0000000016a40000,0x0000000016b40000] [id=5748]

VM state:not at safepoint (normal execution)

VM Mutex/Monitor currently owned by a thread: None

Heap:
 PSYoungGen      total 68608K, used 16996K [0x00000000eab00000, 0x00000000ef300000, 0x0000000100000000)
  eden space 63488K, 18% used [0x00000000eab00000,0x00000000eb69efe8,0x00000000ee900000)
  from space 5120K, 99% used [0x00000000ee900000,0x00000000eedfa400,0x00000000eee00000)
  to   space 5120K, 0% used [0x00000000eee00000,0x00000000eee00000,0x00000000ef300000)
 ParOldGen       total 84992K, used 23544K [0x00000000c0000000, 0x00000000c5300000, 0x00000000eab00000)
  object space 84992K, 27% used [0x00000000c0000000,0x00000000c16fe0e0,0x00000000c5300000)
 Metaspace       used 6334K, capacity 7090K, committed 7296K, reserved 1056768K
  class space    used 593K, capacity 618K, committed 640K, reserved 1048576K

Card table byte_map: [0x00000000119d0000,0x0000000011be0000] byte_map_base: 0x00000000113d0000

Marking Bits: (ParMarkBitMap*) 0x0000000057ac9d00
 Begin Bits: [0x0000000012140000, 0x0000000013140000)
 End Bits:   [0x0000000013140000, 0x0000000014140000)

Polling page: 0x0000000000510000

CodeCache: size=245760Kb used=6823Kb max_used=6823Kb free=238936Kb
 bounds [0x0000000002610000, 0x0000000002cd0000, 0x0000000011610000]
 total_blobs=2046 nmethods=1775 adapters=184
 compilation: enabled

Compilation events (10 events):
Event: 2.383 Thread 0x000000001636b800 nmethod 1802 0x0000000002cb6510 code [0x0000000002cb6680, 0x0000000002cb6c78]
Event: 2.383 Thread 0x000000001636b800 1813       4       com.android.dx.ssa.SsaRenamer$BlockRenamer::updateSuccessorPhis (64 bytes)
Event: 2.434 Thread 0x000000001639b000 1814       2       com.android.dx.rop.cst.CstLiteral32::getLongBits (6 bytes)
Event: 2.435 Thread 0x000000001639b000 nmethod 1814 0x0000000002c9b250 code [0x0000000002c9b3a0, 0x0000000002c9b4f0]
Event: 2.438 Thread 0x000000001639b000 1815       1       java.util.concurrent.locks.AbstractOwnableSynchronizer::setExclusiveOwnerThread (6 bytes)
Event: 2.439 Thread 0x000000001639b000 nmethod 1815 0x0000000002c9af90 code [0x0000000002c9b0e0, 0x0000000002c9b210]
Event: 2.440 Thread 0x000000001636b800 nmethod 1813 0x0000000002cbc810 code [0x0000000002cbc9c0, 0x0000000002cbd538]
Event: 2.440 Thread 0x000000001636b800 1487       4       com.android.dx.ssa.SsaRenamer$BlockRenamer::process (191 bytes)
Event: 2.444 Thread 0x000000001639b000 1816       3       com.android.dx.ssa.ConstCollector::getConstsSortedByCountUse (386 bytes)
Event: 2.449 Thread 0x000000001639b000 nmethod 1816 0x0000000002cbe710 code [0x0000000002cbed40, 0x0000000002cc3748]

GC Heap History (10 events):
Event: 1.001 GC heap before
{Heap before GC invocations=1 (full 0):
 PSYoungGen      total 36864K, used 31744K [0x00000000eab00000, 0x00000000ed400000, 0x0000000100000000)
  eden space 31744K, 100% used [0x00000000eab00000,0x00000000eca00000,0x00000000eca00000)
  from space 5120K, 0% used [0x00000000ecf00000,0x00000000ecf00000,0x00000000ed400000)
  to   space 5120K, 0% used [0x00000000eca00000,0x00000000eca00000,0x00000000ecf00000)
 ParOldGen       total 84992K, used 0K [0x00000000c0000000, 0x00000000c5300000, 0x00000000eab00000)
  object space 84992K, 0% used [0x00000000c0000000,0x00000000c0000000,0x00000000c5300000)
 Metaspace       used 5850K, capacity 6768K, committed 7040K, reserved 1056768K
  class space    used 573K, capacity 616K, committed 640K, reserved 1048576K
Event: 1.011 GC heap after
Heap after GC invocations=1 (full 0):
 PSYoungGen      total 36864K, used 5106K [0x00000000eab00000, 0x00000000ed400000, 0x0000000100000000)
  eden space 31744K, 0% used [0x00000000eab00000,0x00000000eab00000,0x00000000eca00000)
  from space 5120K, 99% used [0x00000000eca00000,0x00000000ecefcab8,0x00000000ecf00000)
  to   space 5120K, 0% used [0x00000000ecf00000,0x00000000ecf00000,0x00000000ed400000)
 ParOldGen       total 84992K, used 1760K [0x00000000c0000000, 0x00000000c5300000, 0x00000000eab00000)
  object space 84992K, 2% used [0x00000000c0000000,0x00000000c01b8348,0x00000000c5300000)
 Metaspace       used 5850K, capacity 6768K, committed 7040K, reserved 1056768K
  class space    used 573K, capacity 616K, committed 640K, reserved 1048576K
}
Event: 1.375 GC heap before
{Heap before GC invocations=2 (full 0):
 PSYoungGen      total 36864K, used 36850K [0x00000000eab00000, 0x00000000ed400000, 0x0000000100000000)
  eden space 31744K, 100% used [0x00000000eab00000,0x00000000eca00000,0x00000000eca00000)
  from space 5120K, 99% used [0x00000000eca00000,0x00000000ecefcab8,0x00000000ecf00000)
  to   space 5120K, 0% used [0x00000000ecf00000,0x00000000ecf00000,0x00000000ed400000)
 ParOldGen       total 84992K, used 1760K [0x00000000c0000000, 0x00000000c5300000, 0x00000000eab00000)
  object space 84992K, 2% used [0x00000000c0000000,0x00000000c01b8348,0x00000000c5300000)
 Metaspace       used 6156K, capacity 6962K, committed 7040K, reserved 1056768K
  class space    used 592K, capacity 618K, committed 640K, reserved 1048576K
Event: 1.390 GC heap after
Heap after GC invocations=2 (full 0):
 PSYoungGen      total 36864K, used 5119K [0x00000000eab00000, 0x00000000ef300000, 0x0000000100000000)
  eden space 31744K, 0% used [0x00000000eab00000,0x00000000eab00000,0x00000000eca00000)
  from space 5120K, 99% used [0x00000000ecf00000,0x00000000ed3ffc88,0x00000000ed400000)
  to   space 5120K, 0% used [0x00000000eca00000,0x00000000eca00000,0x00000000ecf00000)
 ParOldGen       total 84992K, used 5014K [0x00000000c0000000, 0x00000000c5300000, 0x00000000eab00000)
  object space 84992K, 5% used [0x00000000c0000000,0x00000000c04e5820,0x00000000c5300000)
 Metaspace       used 6156K, capacity 6962K, committed 7040K, reserved 1056768K
  class space    used 592K, capacity 618K, committed 640K, reserved 1048576K
}
Event: 1.640 GC heap before
{Heap before GC invocations=3 (full 0):
 PSYoungGen      total 36864K, used 36863K [0x00000000eab00000, 0x00000000ef300000, 0x0000000100000000)
  eden space 31744K, 100% used [0x00000000eab00000,0x00000000eca00000,0x00000000eca00000)
  from space 5120K, 99% used [0x00000000ecf00000,0x00000000ed3ffc88,0x00000000ed400000)
  to   space 5120K, 0% used [0x00000000eca00000,0x00000000eca00000,0x00000000ecf00000)
 ParOldGen       total 84992K, used 5014K [0x00000000c0000000, 0x00000000c5300000, 0x00000000eab00000)
  object space 84992K, 5% used [0x00000000c0000000,0x00000000c04e5820,0x00000000c5300000)
 Metaspace       used 6254K, capacity 7090K, committed 7296K, reserved 1056768K
  class space    used 593K, capacity 618K, committed 640K, reserved 1048576K
Event: 1.675 GC heap after
Heap after GC invocations=3 (full 0):
 PSYoungGen      total 36864K, used 5105K [0x00000000eab00000, 0x00000000ef300000, 0x0000000100000000)
  eden space 31744K, 0% used [0x00000000eab00000,0x00000000eab00000,0x00000000eca00000)
  from space 5120K, 99% used [0x00000000eca00000,0x00000000ecefc610,0x00000000ecf00000)
  to   space 5120K, 0% used [0x00000000eee00000,0x00000000eee00000,0x00000000ef300000)
 ParOldGen       total 84992K, used 9363K [0x00000000c0000000, 0x00000000c5300000, 0x00000000eab00000)
  object space 84992K, 11% used [0x00000000c0000000,0x00000000c0924c08,0x00000000c5300000)
 Metaspace       used 6254K, capacity 7090K, committed 7296K, reserved 1056768K
  class space    used 593K, capacity 618K, committed 640K, reserved 1048576K
}
Event: 1.933 GC heap before
{Heap before GC invocations=4 (full 0):
 PSYoungGen      total 36864K, used 36849K [0x00000000eab00000, 0x00000000ef300000, 0x0000000100000000)
  eden space 31744K, 100% used [0x00000000eab00000,0x00000000eca00000,0x00000000eca00000)
  from space 5120K, 99% used [0x00000000eca00000,0x00000000ecefc610,0x00000000ecf00000)
  to   space 5120K, 0% used [0x00000000eee00000,0x00000000eee00000,0x00000000ef300000)
 ParOldGen       total 84992K, used 9363K [0x00000000c0000000, 0x00000000c5300000, 0x00000000eab00000)
  object space 84992K, 11% used [0x00000000c0000000,0x00000000c0924c08,0x00000000c5300000)
 Metaspace       used 6286K, capacity 7090K, committed 7296K, reserved 1056768K
  class space    used 593K, capacity 618K, committed 640K, reserved 1048576K
Event: 1.965 GC heap after
Heap after GC invocations=4 (full 0):
 PSYoungGen      total 68608K, used 5110K [0x00000000eab00000, 0x00000000ef300000, 0x0000000100000000)
  eden space 63488K, 0% used [0x00000000eab00000,0x00000000eab00000,0x00000000ee900000)
  from space 5120K, 99% used [0x00000000eee00000,0x00000000ef2fdb38,0x00000000ef300000)
  to   space 5120K, 0% used [0x00000000ee900000,0x00000000ee900000,0x00000000eee00000)
 ParOldGen       total 84992K, used 13925K [0x00000000c0000000, 0x00000000c5300000, 0x00000000eab00000)
  object space 84992K, 16% used [0x00000000c0000000,0x00000000c0d994d0,0x00000000c5300000)
 Metaspace       used 6286K, capacity 7090K, committed 7296K, reserved 1056768K
  class space    used 593K, capacity 618K, committed 640K, reserved 1048576K
}
Event: 2.388 GC heap before
{Heap before GC invocations=5 (full 0):
 PSYoungGen      total 68608K, used 68598K [0x00000000eab00000, 0x00000000ef300000, 0x0000000100000000)
  eden space 63488K, 100% used [0x00000000eab00000,0x00000000ee900000,0x00000000ee900000)
  from space 5120K, 99% used [0x00000000eee00000,0x00000000ef2fdb38,0x00000000ef300000)
  to   space 5120K, 0% used [0x00000000ee900000,0x00000000ee900000,0x00000000eee00000)
 ParOldGen       total 84992K, used 13925K [0x00000000c0000000, 0x00000000c5300000, 0x00000000eab00000)
  object space 84992K, 16% used [0x00000000c0000000,0x00000000c0d994d0,0x00000000c5300000)
 Metaspace       used 6334K, capacity 7090K, committed 7296K, reserved 1056768K
  class space    used 593K, capacity 618K, committed 640K, reserved 1048576K
Event: 2.415 GC heap after
Heap after GC invocations=5 (full 0):
 PSYoungGen      total 68608K, used 5097K [0x00000000eab00000, 0x00000000ef300000, 0x0000000100000000)
  eden space 63488K, 0% used [0x00000000eab00000,0x00000000eab00000,0x00000000ee900000)
  from space 5120K, 99% used [0x00000000ee900000,0x00000000eedfa400,0x00000000eee00000)
  to   space 5120K, 0% used [0x00000000eee00000,0x00000000eee00000,0x00000000ef300000)
 ParOldGen       total 84992K, used 23544K [0x00000000c0000000, 0x00000000c5300000, 0x00000000eab00000)
  object space 84992K, 27% used [0x00000000c0000000,0x00000000c16fe0e0,0x00000000c5300000)
 Metaspace       used 6334K, capacity 7090K, committed 7296K, reserved 1056768K
  class space    used 593K, capacity 618K, committed 640K, reserved 1048576K
}

Deoptimization events (10 events):
Event: 1.032 Thread 0x0000000002510800 Uncommon trap: reason=unstable_if action=reinterpret pc=0x0000000002a284f0 method=java.util.HashMap.putVal(ILjava/lang/Object;Ljava/lang/Object;ZZ)Ljava/lang/Object; @ 94
Event: 1.198 Thread 0x00000000165a7800 Uncommon trap: reason=bimorphic action=maybe_recompile pc=0x000000000285c2f0 method=java.util.HashMap.getNode(ILjava/lang/Object;)Ljava/util/HashMap$Node; @ 126
Event: 1.235 Thread 0x0000000016666000 Uncommon trap: reason=bimorphic action=maybe_recompile pc=0x000000000285c2f0 method=java.util.HashMap.getNode(ILjava/lang/Object;)Ljava/util/HashMap$Node; @ 126
Event: 1.336 Thread 0x0000000016666000 Uncommon trap: reason=bimorphic action=maybe_recompile pc=0x0000000002890f64 method=java.util.HashMap.getNode(ILjava/lang/Object;)Ljava/util/HashMap$Node; @ 126
Event: 1.336 Thread 0x0000000016666000 Uncommon trap: reason=bimorphic action=maybe_recompile pc=0x0000000002890f64 method=java.util.HashMap.getNode(ILjava/lang/Object;)Ljava/util/HashMap$Node; @ 126
Event: 1.348 Thread 0x000000001666c000 Uncommon trap: reason=unstable_if action=reinterpret pc=0x00000000029286e4 method=java.util.HashMap.putVal(ILjava/lang/Object;Ljava/lang/Object;ZZ)Ljava/lang/Object; @ 162
Event: 1.357 Thread 0x000000001666c000 Uncommon trap: reason=unstable_if action=reinterpret pc=0x000000000285c2d8 method=java.util.HashMap.getNode(ILjava/lang/Object;)Ljava/util/HashMap$Node; @ 84
Event: 1.419 Thread 0x000000001666c000 Uncommon trap: reason=unstable_if action=reinterpret pc=0x0000000002ba854c method=com.android.dx.ssa.SCCP.simulateStmt(Lcom/android/dx/ssa/SsaInsn;)V @ 53
Event: 2.179 Thread 0x0000000002510800 Uncommon trap: reason=unstable_if action=reinterpret pc=0x0000000002c703c8 method=com.android.dx.ssa.SCCP.simulateBranch(Lcom/android/dx/ssa/SsaInsn;)V @ 548
Event: 2.196 Thread 0x0000000016665800 Uncommon trap: reason=unstable_if action=reinterpret pc=0x000000000296ae00 method=com.android.dx.rop.code.RegisterSpec.equals(ILcom/android/dx/rop/type/TypeBearer;Lcom/android/dx/rop/code/LocalItem;)Z @ 42

Internal exceptions (6 events):
Event: 0.043 Thread 0x0000000002510800 Exception <a 'java/lang/NoSuchMethodError': Method sun.misc.Unsafe.defineClass(Ljava/lang/String;[BII)Ljava/lang/Class; name or signature does not match> (0x00000000eab07cc0) thrown at [C:\src\android\AOSP-openjdk\external\jetbrains\jdk\hotspot\src\share\vå¿"u÷¦?
Event: 0.043 Thread 0x0000000002510800 Exception <a 'java/lang/NoSuchMethodError': Method sun.misc.Unsafe.prefetchRead(Ljava/lang/Object;J)V name or signature does not match> (0x00000000eab07fa8) thrown at [C:\src\android\AOSP-openjdk\external\jetbrains\jdk\hotspot\src\share\vm\prims\jni.cpp, lrÑšù‚0ë?
Event: 0.850 Thread 0x0000000016666000 Implicit null exception at 0x0000000002920514 to 0x0000000002922a9d
Event: 1.354 Thread 0x000000001666c000 Exception <a 'java/lang/ArrayIndexOutOfBoundsException': 18> (0x00000000ec77f7b8) thrown at [C:\src\android\AOSP-openjdk\external\jetbrains\jdk\hotspot\src\share\vm\interpreter\interpreterRuntime.cpp, line 366]
Event: 1.355 Thread 0x000000001666c000 Exception <a 'java/lang/ArrayIndexOutOfBoundsException': 145> (0x00000000ec781338) thrown at [C:\src\android\AOSP-openjdk\external\jetbrains\jdk\hotspot\src\share\vm\interpreter\interpreterRuntime.cpp, line 366]
Event: 1.356 Thread 0x000000001666c000 Exception <a 'java/lang/ArrayIndexOutOfBoundsException'> (0x00000000ec782620) thrown at [C:\src\android\AOSP-openjdk\external\jetbrains\jdk\hotspot\src\share\vm\runtime\sharedRuntime.cpp, line 605]

Events (10 events):
Event: 2.371 Thread 0x0000000016665800 DEOPT PACKING pc=0x0000000002b87a98 sp=0x0000000016e3e370
Event: 2.372 Thread 0x0000000016665800 DEOPT UNPACKING pc=0x00000000026575bf sp=0x0000000016e3e130 mode 0
Event: 2.387 Executing VM operation: ParallelGCFailedAllocation
Event: 2.415 Executing VM operation: ParallelGCFailedAllocation done
Event: 2.426 Thread 0x00000000165a7800 DEOPT PACKING pc=0x0000000002986141 sp=0x0000000016c3e7a0
Event: 2.426 Thread 0x00000000165a7800 DEOPT UNPACKING pc=0x00000000026575bf sp=0x0000000016c3e568 mode 0
Event: 2.435 Thread 0x00000000165a7800 DEOPT PACKING pc=0x0000000002986413 sp=0x0000000016c3e7a0
Event: 2.435 Thread 0x00000000165a7800 DEOPT UNPACKING pc=0x00000000026575bf sp=0x0000000016c3e568 mode 0
Event: 2.444 Thread 0x0000000016665800 DEOPT PACKING pc=0x0000000002b80679 sp=0x0000000016e3e490
Event: 2.444 Thread 0x0000000016665800 DEOPT UNPACKING pc=0x00000000026575bf sp=0x0000000016e3e2a8 mode 0


Dynamic libraries:
0x00007ff7dd770000 - 0x00007ff7dd7a5000 	E:\Android\android-studio-ide-145.2915834-windows\jre\bin\java.exe
0x00007ffbe4100000 - 0x00007ffbe42c1000 	C:\Windows\SYSTEM32\ntdll.dll
0x00007ffbe1510000 - 0x00007ffbe15bd000 	C:\Windows\system32\KERNEL32.DLL
0x00007ffbe1110000 - 0x00007ffbe12f8000 	C:\Windows\system32\KERNELBASE.dll
0x00007ffbe3ee0000 - 0x00007ffbe3f87000 	C:\Windows\system32\ADVAPI32.dll
0x00007ffbe3e40000 - 0x00007ffbe3edd000 	C:\Windows\system32\msvcrt.dll
0x00007ffbe3de0000 - 0x00007ffbe3e3b000 	C:\Windows\system32\sechost.dll
0x00007ffbe37b0000 - 0x00007ffbe38cc000 	C:\Windows\system32\RPCRT4.dll
0x00007ffbe3fa0000 - 0x00007ffbe40f6000 	C:\Windows\system32\USER32.dll
0x00007ffbe1c80000 - 0x00007ffbe1e06000 	C:\Windows\system32\GDI32.dll
0x00007ffbd3250000 - 0x00007ffbd34c4000 	C:\Windows\WinSxS\amd64_microsoft.windows.common-controls_6595b64144ccf1df_6.0.10586.0_none_8c15ae12515e1c22\COMCTL32.dll
0x00007ffbe39e0000 - 0x00007ffbe3c5d000 	C:\Windows\system32\combase.dll
0x00007ffbe07b0000 - 0x00007ffbe081a000 	C:\Windows\system32\bcryptPrimitives.dll
0x00007ffbe38d0000 - 0x00007ffbe390b000 	C:\Windows\system32\IMM32.DLL
0x0000000057230000 - 0x0000000057302000 	E:\Android\android-studio-ide-145.2915834-windows\jre\jre\bin\msvcr100.dll
0x0000000057310000 - 0x0000000057b44000 	E:\Android\android-studio-ide-145.2915834-windows\jre\jre\bin\server\jvm.dll
0x00007ffbe3f90000 - 0x00007ffbe3f98000 	C:\Windows\system32\PSAPI.DLL
0x00007ffbdd270000 - 0x00007ffbdd279000 	C:\Windows\SYSTEM32\WSOCK32.dll
0x00007ffbe36e0000 - 0x00007ffbe374b000 	C:\Windows\system32\WS2_32.dll
0x00007ffbdea40000 - 0x00007ffbdea63000 	C:\Windows\SYSTEM32\WINMM.dll
0x00007ffbd4250000 - 0x00007ffbd425a000 	C:\Windows\SYSTEM32\VERSION.dll
0x00007ffbde9e0000 - 0x00007ffbdea0c000 	C:\Windows\SYSTEM32\WINMMBASE.dll
0x00007ffbe13c0000 - 0x00007ffbe1403000 	C:\Windows\system32\cfgmgr32.dll
0x00007ffbdd180000 - 0x00007ffbdd18f000 	E:\Android\android-studio-ide-145.2915834-windows\jre\jre\bin\verify.dll
0x00007ffbd8020000 - 0x00007ffbd8049000 	E:\Android\android-studio-ide-145.2915834-windows\jre\jre\bin\java.dll
0x00007ffbd5550000 - 0x00007ffbd5566000 	E:\Android\android-studio-ide-145.2915834-windows\jre\jre\bin\zip.dll
0x00007ffbe2180000 - 0x00007ffbe36dc000 	C:\Windows\system32\SHELL32.dll
0x00007ffbe0aa0000 - 0x00007ffbe10e5000 	C:\Windows\system32\windows.storage.dll
0x00007ffbe1690000 - 0x00007ffbe16e2000 	C:\Windows\system32\shlwapi.dll
0x00007ffbe0720000 - 0x00007ffbe072f000 	C:\Windows\system32\kernel.appcore.dll
0x00007ffbe1300000 - 0x00007ffbe13b5000 	C:\Windows\system32\shcore.dll
0x00007ffbe0740000 - 0x00007ffbe078b000 	C:\Windows\system32\powrprof.dll
0x00007ffbe0790000 - 0x00007ffbe07a4000 	C:\Windows\system32\profapi.dll

VM Arguments:
jvm_args: -Djava.awt.headless=true -Xmx1024M -Dfile.encoding=GBK -Duser.country=CN -Duser.language=zh -Duser.variant 
java_command: com.android.dx.command.Main --dex --num-threads=4 --output E:\Teapopo\app\build\intermediates\pre-dexed\debug\okhttp-3.2.0_f55d89d5337775cc52f87f2c7b73539820543a5b.jar C:\Users\lhq\.gradle\caches\modules-2\files-2.1\com.squareup.okhttp3\okhttp\3.2.0\f7873a2ebde246a45c2a8d6f3247108b4c88a879\okhttp-3.2.0.jar
java_class_path (initial): C:\Users\lhq\AppData\Local\Android\sdk\build-tools\23.0.3\lib\dx.jar
Launcher Type: SUN_STANDARD

Environment Variables:
JAVA_HOME=C:\Program Files\Java\jdk1.8.0_91
PATH=C:\ProgramData\Oracle\Java\javapath;C:\Windows\system32;C:\Windows;C:\Windows\System32\Wbem;C:\Windows\System32\WindowsPowerShell\v1.0\;C:\Users\lhq\AppData\Local\Android\sdk\platform-tools;C:\Users\lhq\AppData\Local\Android\sdk\tools;C:\Program Files\Java\jdk1.8.0_91\bin;C:\Program Files\Java\jdk1.8.0_91\jre\bin
USERNAME=lhq
OS=Windows_NT
PROCESSOR_IDENTIFIER=Intel64 Family 6 Model 69 Stepping 1, GenuineIntel



---------------  S Y S T E M  ---------------

OS: Windows 10.0 , 64 bit Build 10586 (10.0.10586.0)

CPU:total 4 (2 cores per cpu, 2 threads per core) family 6 model 69 stepping 1, cmov, cx8, fxsr, mmx, sse, sse2, sse3, ssse3, sse4.1, sse4.2, popcnt, avx, avx2, aes, clmul, erms, lzcnt, ht, tsc, tscinvbit, bmi1, bmi2

Memory: 4k page, physical 8067548k(698180k free), swap 8067548k(3164k free)

vm_info: OpenJDK 64-Bit Server VM (25.76-b01) for windows-amd64 JRE (1.8.0_76-release-b01), built on May 12 2016 23:29:00 by "ralucas" with MS VC++ 10.0 (VS2010)

time: Thu Jun 30 10:49:13 2016
elapsed time: 2 seconds (0d 0h 0m 2s)

