#
# There is insufficient memory for the Java Runtime Environment to continue.
# Native memory allocation (malloc) failed to allocate 32744 bytes for ChunkPool::allocate
# Possible reasons:
#   The system is out of physical RAM or swap space
#   In 32 bit mode, the process size limit was hit
# Possible solutions:
#   Reduce memory load on the system
#   Increase physical memory or swap space
#   Check if swap backing store is full
#   Use 64 bit Java on a 64 bit OS
#   Decrease Java heap size (-Xmx/-Xms)
#   Decrease number of Java threads
#   Decrease Java thread stack sizes (-Xss)
#   Set larger code cache with -XX:ReservedCodeCacheSize=
# This output file may be truncated or incomplete.
#
#  Out of Memory Error (allocation.cpp:273), pid=16124, tid=0x00000000000025c0
#
# JRE version: OpenJDK Runtime Environment (8.0_76-b01) (build 1.8.0_76-release-b01)
# Java VM: OpenJDK 64-Bit Server VM (25.76-b01 mixed mode windows-amd64 compressed oops)
# Failed to write core dump. Minidumps are not enabled by default on client versions of Windows
#

---------------  T H R E A D  ---------------

Current thread (0x0000000014c7a000):  JavaThread "C2 CompilerThread1" daemon [_thread_in_native, id=9664, stack(0x00000000162d0000,0x00000000163d0000)]

Stack: [0x00000000162d0000,0x00000000163d0000]
[error occurred during error reporting (printing stack bounds), id 0xc0000005]

Native frames: (J=compiled Java code, j=interpreted, Vv=VM code, C=native code)


Current CompileTask:
C2:    601  179       4       com.android.dx.util.ByteArray::checkOffsets (66 bytes)


---------------  P R O C E S S  ---------------

Java Threads: ( => current thread )
  0x000000001658d800 JavaThread "pool-1-thread-3" [_thread_new, id=15024, stack(0x0000000000000000,0x0000000000000000)]
  0x000000001658c800 JavaThread "pool-1-thread-2" [_thread_new, id=13772, stack(0x0000000000000000,0x0000000000000000)]
  0x0000000016585000 JavaThread "pool-2-thread-1" [_thread_new, id=16296, stack(0x0000000000000000,0x0000000000000000)]
  0x0000000016584800 JavaThread "pool-1-thread-1" [_thread_new, id=4192, stack(0x0000000000000000,0x0000000000000000)]
  0x0000000016456000 JavaThread "Service Thread" daemon [_thread_blocked, id=15424, stack(0x00000000168d0000,0x00000000169d0000)]
  0x0000000016427800 JavaThread "C1 CompilerThread2" daemon [_thread_in_native, id=12680, stack(0x00000000167d0000,0x00000000168d0000)]
=>0x0000000014c7a000 JavaThread "C2 CompilerThread1" daemon [_thread_in_native, id=9664, stack(0x00000000162d0000,0x00000000163d0000)]
  0x0000000014c2d000 JavaThread "C2 CompilerThread0" daemon [_thread_blocked, id=15392, stack(0x00000000161d0000,0x00000000162d0000)]
  0x0000000014c2b800 JavaThread "Attach Listener" daemon [_thread_blocked, id=13340, stack(0x00000000160d0000,0x00000000161d0000)]
  0x0000000014c17800 JavaThread "Signal Dispatcher" daemon [_thread_blocked, id=11832, stack(0x0000000015fd0000,0x00000000160d0000)]
  0x0000000014c08000 JavaThread "Finalizer" daemon [_thread_blocked, id=11276, stack(0x0000000015e70000,0x0000000015f70000)]
  0x0000000002540000 JavaThread "Reference Handler" daemon [_thread_blocked, id=14624, stack(0x0000000015d70000,0x0000000015e70000)]
  0x0000000002450800 JavaThread "main" [_thread_in_vm, id=15968, stack(0x0000000002320000,0x0000000002420000)]

Other Threads:
  0x0000000014be5800 VMThread [stack: 0x0000000015c70000,0x0000000015d70000] [id=5124]
  0x0000000016458000 WatcherThread [stack: 0x00000000169d0000,0x0000000016ad0000] [id=13920]

VM state:not at safepoint (normal execution)

VM Mutex/Monitor currently owned by a thread: None

Heap:
 PSYoungGen      total 36864K, used 4459K [0x00000000eab00000, 0x00000000ed400000, 0x0000000100000000)
  eden space 31744K, 14% used [0x00000000eab00000,0x00000000eaf5af00,0x00000000eca00000)
  from space 5120K, 0% used [0x00000000ecf00000,0x00000000ecf00000,0x00000000ed400000)
  to   space 5120K, 0% used [0x00000000eca00000,0x00000000eca00000,0x00000000ecf00000)
 ParOldGen       total 84992K, used 0K [0x00000000c0000000, 0x00000000c5300000, 0x00000000eab00000)
  object space 84992K, 0% used [0x00000000c0000000,0x00000000c0000000,0x00000000c5300000)
 Metaspace       used 3870K, capacity 5104K, committed 5376K, reserved 1056768K
  class space    used 421K, capacity 488K, committed 512K, reserved 1048576K

Card table byte_map: [0x0000000011910000,0x0000000011b20000] byte_map_base: 0x0000000011310000

Marking Bits: (ParMarkBitMap*) 0x000000005e0b9d00
 Begin Bits: [0x0000000012080000, 0x0000000013080000)
 End Bits:   [0x0000000013080000, 0x0000000014080000)

Polling page: 0x0000000000450000

CodeCache: size=245760Kb used=1410Kb max_used=1410Kb free=244349Kb
 bounds [0x0000000002550000, 0x00000000027c0000, 0x0000000011550000]
 total_blobs=432 nmethods=174 adapters=172
 compilation: enabled

Compilation events (10 events):
Event: 0.591 Thread 0x0000000016427800  171   !   3       java.util.zip.InflaterInputStream::read (138 bytes)
Event: 0.592 Thread 0x0000000016427800 nmethod 171 0x00000000026accd0 code [0x00000000026acf40, 0x00000000026ae048]
Event: 0.592 Thread 0x0000000016427800  173       3       java.util.WeakHashMap::remove (133 bytes)
Event: 0.593 Thread 0x0000000016427800 nmethod 173 0x00000000026ae950 code [0x00000000026aeb40, 0x00000000026af608]
Event: 0.593 Thread 0x0000000016427800  172   !   3       java.util.zip.ZipFile$ZipFileInputStream::close (110 bytes)
Event: 0.594 Thread 0x0000000016427800 nmethod 172 0x00000000026afa90 code [0x00000000026afc40, 0x00000000026b0458]
Event: 0.595 Thread 0x0000000016427800  174   !   3       java.util.zip.Inflater::ended (32 bytes)
Event: 0.595 Thread 0x0000000016427800 nmethod 174 0x00000000026b07d0 code [0x00000000026b0940, 0x00000000026b0d10]
Event: 0.597 Thread 0x0000000016427800  175   !   3       com.android.dx.cf.cst.ConstantPoolParser::parse0 (731 bytes)
Event: 0.599 Thread 0x0000000014c7a000  179       4       com.android.dx.util.ByteArray::checkOffsets (66 bytes)

GC Heap History (0 events):
No events

Deoptimization events (1 events):
Event: 0.583 Thread 0x0000000002450800 Uncommon trap: reason=unstable_if action=reinterpret pc=0x0000000002693450 method=java.lang.String.indexOf(II)I @ 49

Internal exceptions (2 events):
Event: 0.196 Thread 0x0000000002450800 Exception <a 'java/lang/NoSuchMethodError': Method sun.misc.Unsafe.defineClass(Ljava/lang/String;[BII)Ljava/lang/Class; name or signature does not match> (0x00000000eab07cc0) thrown at [C:\src\android\AOSP-openjdk\external\jetbrains\jdk\hotspot\src\share\v(
Ø‚W"…?
Event: 0.196 Thread 0x0000000002450800 Exception <a 'java/lang/NoSuchMethodError': Method sun.misc.Unsafe.prefetchRead(Ljava/lang/Object;J)V name or signature does not match> (0x00000000eab07fa8) thrown at [C:\src\android\AOSP-openjdk\external\jetbrains\jdk\hotspot\src\share\vm\prims\jni.cpp, l

Events (10 events):
Event: 0.586 loading class com/android/dx/cf/attrib/InnerClassList
Event: 0.586 loading class com/android/dx/cf/attrib/InnerClassList done
Event: 0.586 loading class com/android/dx/cf/attrib/InnerClassList$Item
Event: 0.586 loading class com/android/dx/cf/attrib/InnerClassList$Item done
Event: 0.590 loading class com/android/dx/cf/attrib/AttInnerClasses
Event: 0.590 loading class com/android/dx/cf/attrib/AttInnerClasses done
Event: 0.594 Thread 0x000000001658c800 Thread added: 0x000000001658c800
Event: 0.597 loading class com/android/dx/cf/attrib/AttEnclosingMethod
Event: 0.597 loading class com/android/dx/cf/attrib/AttEnclosingMethod done
Event: 0.598 Thread 0x000000001658d800 Thread added: 0x000000001658d800


Dynamic libraries:
0x00007ff75b500000 - 0x00007ff75b535000 	E:\Android\android-studio-ide-145.2915834-windows\jre\bin\java.exe
0x00007ffbe4110000 - 0x00007ffbe42d1000 	C:\Windows\SYSTEM32\ntdll.dll
0x00007ffbe2080000 - 0x00007ffbe212d000 	C:\Windows\system32\KERNEL32.DLL
0x00007ffbe0ec0000 - 0x00007ffbe10a8000 	C:\Windows\system32\KERNELBASE.dll
0x00007ffbe3c80000 - 0x00007ffbe3d27000 	C:\Windows\system32\ADVAPI32.dll
0x00007ffbe4070000 - 0x00007ffbe410d000 	C:\Windows\system32\msvcrt.dll
0x00007ffbe22d0000 - 0x00007ffbe232b000 	C:\Windows\system32\sechost.dll
0x00007ffbe1d60000 - 0x00007ffbe1e7c000 	C:\Windows\system32\RPCRT4.dll
0x00007ffbe1970000 - 0x00007ffbe1ac6000 	C:\Windows\system32\USER32.dll
0x00007ffbe2140000 - 0x00007ffbe22c6000 	C:\Windows\system32\GDI32.dll
0x00007ffbd49b0000 - 0x00007ffbd4c24000 	C:\Windows\WinSxS\amd64_microsoft.windows.common-controls_6595b64144ccf1df_6.0.10586.0_none_8c15ae12515e1c22\COMCTL32.dll
0x00007ffbe24a0000 - 0x00007ffbe271d000 	C:\Windows\system32\combase.dll
0x00007ffbe14a0000 - 0x00007ffbe150a000 	C:\Windows\system32\bcryptPrimitives.dll
0x00007ffbe1ef0000 - 0x00007ffbe1f2b000 	C:\Windows\system32\IMM32.DLL
0x000000005d820000 - 0x000000005d8f2000 	E:\Android\android-studio-ide-145.2915834-windows\jre\jre\bin\msvcr100.dll
0x000000005d900000 - 0x000000005e134000 	E:\Android\android-studio-ide-145.2915834-windows\jre\jre\bin\server\jvm.dll
0x00007ffbe1530000 - 0x00007ffbe1538000 	C:\Windows\system32\PSAPI.DLL
0x00007ffbdd900000 - 0x00007ffbdd909000 	C:\Windows\SYSTEM32\WSOCK32.dll
0x00007ffbe3d30000 - 0x00007ffbe3d9b000 	C:\Windows\system32\WS2_32.dll
0x00007ffbdea60000 - 0x00007ffbdea83000 	C:\Windows\SYSTEM32\WINMM.dll
0x00007ffbd61b0000 - 0x00007ffbd61ba000 	C:\Windows\SYSTEM32\VERSION.dll
0x00007ffbdea00000 - 0x00007ffbdea2c000 	C:\Windows\SYSTEM32\WINMMBASE.dll
0x00007ffbe1300000 - 0x00007ffbe1343000 	C:\Windows\system32\cfgmgr32.dll
0x00007ffbdbbd0000 - 0x00007ffbdbbdf000 	E:\Android\android-studio-ide-145.2915834-windows\jre\jre\bin\verify.dll
0x00007ffbdba90000 - 0x00007ffbdbab9000 	E:\Android\android-studio-ide-145.2915834-windows\jre\jre\bin\java.dll
0x00007ffbdba70000 - 0x00007ffbdba86000 	E:\Android\android-studio-ide-145.2915834-windows\jre\jre\bin\zip.dll
0x00007ffbe2720000 - 0x00007ffbe3c7c000 	C:\Windows\system32\SHELL32.dll
0x00007ffbe07c0000 - 0x00007ffbe0e05000 	C:\Windows\system32\windows.storage.dll
0x00007ffbe2440000 - 0x00007ffbe2492000 	C:\Windows\system32\shlwapi.dll
0x00007ffbe0730000 - 0x00007ffbe073f000 	C:\Windows\system32\kernel.appcore.dll
0x00007ffbe1350000 - 0x00007ffbe1405000 	C:\Windows\system32\shcore.dll
0x00007ffbe0770000 - 0x00007ffbe07bb000 	C:\Windows\system32\powrprof.dll
0x00007ffbe0740000 - 0x00007ffbe0754000 	C:\Windows\system32\profapi.dll

VM Arguments:
jvm_args: -Djava.awt.headless=true -Xmx1024M -Dfile.encoding=GBK -Duser.country=CN -Duser.language=zh -Duser.variant 
java_command: com.android.dx.command.Main --dex --num-threads=4 --output E:\Teapopo\app\build\intermediates\pre-dexed\debug\com.yancy.imageselector-imageselector-1.3.3_062200494e1bdc26fa6f999e9b814e017ed40d14.jar E:\Teapopo\app\build\intermediates\exploded-aar\com.yancy.imageselector\imageselector\1.3.3\jars\classes.jar
java_class_path (initial): C:\Users\lhq\AppData\Local\Android\sdk\build-tools\23.0.3\lib\dx.jar
Launcher Type: SUN_STANDARD

Environment Variables:
JAVA_HOME=C:\Program Files\Java\jdk1.8.0_91
PATH=C:\ProgramData\Oracle\Java\javapath;C:\Windows\system32;C:\Windows;C:\Windows\System32\Wbem;C:\Windows\System32\WindowsPowerShell\v1.0\;C:\Users\lhq\AppData\Local\Android\sdk\platform-tools;C:\Users\lhq\AppData\Local\Android\sdk\tools;C:\Program Files\Java\jdk1.8.0_91\bin;C:\Program Files\Java\jdk1.8.0_91\jre\bin
USERNAME=lhq
OS=Windows_NT
PROCESSOR_IDENTIFIER=Intel64 Family 6 Model 69 Stepping 1, GenuineIntel



---------------  S Y S T E M  ---------------

OS: Windows 10.0 , 64 bit Build 10586 (10.0.10586.0)

CPU:total 4 (2 cores per cpu, 2 threads per core) family 6 model 69 stepping 1, cmov, cx8, fxsr, mmx, sse, sse2, sse3, ssse3, sse4.1, sse4.2, popcnt, avx, avx2, aes, clmul, erms, lzcnt, ht, tsc, tscinvbit, bmi1, bmi2

Memory: 4k page, physical 8067548k(1195856k free), swap 8067548k(2076k free)

vm_info: OpenJDK 64-Bit Server VM (25.76-b01) for windows-amd64 JRE (1.8.0_76-release-b01), built on May 12 2016 23:29:00 by "ralucas" with MS VC++ 10.0 (VS2010)

time: Fri Jul 15 16:50:04 2016
elapsed time: 0 seconds (0d 0h 0m 0s)

