#
# There is insufficient memory for the Java Runtime Environment to continue.
# Native memory allocation (malloc) failed to allocate 87216 bytes for Chunk::new
# Possible reasons:
#   The system is out of physical RAM or swap space
#   In 32 bit mode, the process size limit was hit
# Possible solutions:
#   Reduce memory load on the system
#   Increase physical memory or swap space
#   Check if swap backing store is full
#   Use 64 bit Java on a 64 bit OS
#   Decrease Java heap size (-Xmx/-Xms)
#   Decrease number of Java threads
#   Decrease Java thread stack sizes (-Xss)
#   Set larger code cache with -XX:ReservedCodeCacheSize=
# This output file may be truncated or incomplete.
#
#  Out of Memory Error (allocation.cpp:390), pid=16428, tid=0x0000000000004398
#
# JRE version: OpenJDK Runtime Environment (8.0_76-b01) (build 1.8.0_76-release-b01)
# Java VM: OpenJDK 64-Bit Server VM (25.76-b01 mixed mode windows-amd64 compressed oops)
# Failed to write core dump. Minidumps are not enabled by default on client versions of Windows
#

---------------  T H R E A D  ---------------

Current thread (0x0000000014c7b000):  JavaThread "C2 CompilerThread1" daemon [_thread_in_native, id=17304, stack(0x00000000162d0000,0x00000000163d0000)]

Stack: [0x00000000162d0000,0x00000000163d0000]
[error occurred during error reporting (printing stack bounds), id 0xc0000005]

Native frames: (J=compiled Java code, j=interpreted, Vv=VM code, C=native code)


Current CompileTask:
C2:   2818 1061       4       com.android.dx.dex.code.OutputFinisher::addConstants (93 bytes)


---------------  P R O C E S S  ---------------

Java Threads: ( => current thread )
  0x000000001642f000 JavaThread "Service Thread" daemon [_thread_blocked, id=17300, stack(0x00000000168d0000,0x00000000169d0000)]
  0x0000000016425000 JavaThread "C1 CompilerThread2" daemon [_thread_blocked, id=17308, stack(0x00000000167d0000,0x00000000168d0000)]
=>0x0000000014c7b000 JavaThread "C2 CompilerThread1" daemon [_thread_in_native, id=17304, stack(0x00000000162d0000,0x00000000163d0000)]
  0x0000000014c2d000 JavaThread "C2 CompilerThread0" daemon [_thread_blocked, id=17344, stack(0x00000000161d0000,0x00000000162d0000)]
  0x0000000014c2b800 JavaThread "Attach Listener" daemon [_thread_blocked, id=17284, stack(0x00000000160d0000,0x00000000161d0000)]
  0x0000000014c17800 JavaThread "Signal Dispatcher" daemon [_thread_blocked, id=13004, stack(0x0000000015fd0000,0x00000000160d0000)]
  0x0000000014c08000 JavaThread "Finalizer" daemon [_thread_blocked, id=16272, stack(0x0000000015e70000,0x0000000015f70000)]
  0x0000000002510000 JavaThread "Reference Handler" daemon [_thread_blocked, id=15476, stack(0x0000000015d70000,0x0000000015e70000)]
  0x0000000002420800 JavaThread "main" [_thread_in_Java, id=16076, stack(0x0000000001fc0000,0x00000000020c0000)]

Other Threads:
  0x0000000014be5800 VMThread [stack: 0x0000000015c70000,0x0000000015d70000] [id=14160]
  0x0000000016432000 WatcherThread [stack: 0x00000000169d0000,0x0000000016ad0000] [id=17184]

VM state:not at safepoint (normal execution)

VM Mutex/Monitor currently owned by a thread: None

Heap:
 PSYoungGen      total 36864K, used 23787K [0x00000000eab00000, 0x00000000ed400000, 0x0000000100000000)
  eden space 31744K, 74% used [0x00000000eab00000,0x00000000ec23af90,0x00000000eca00000)
  from space 5120K, 0% used [0x00000000ecf00000,0x00000000ecf00000,0x00000000ed400000)
  to   space 5120K, 0% used [0x00000000eca00000,0x00000000eca00000,0x00000000ecf00000)
 ParOldGen       total 84992K, used 0K [0x00000000c0000000, 0x00000000c5300000, 0x00000000eab00000)
  object space 84992K, 0% used [0x00000000c0000000,0x00000000c0000000,0x00000000c5300000)
 Metaspace       used 5971K, capacity 6896K, committed 7040K, reserved 1056768K
  class space    used 588K, capacity 616K, committed 640K, reserved 1048576K

Card table byte_map: [0x0000000011910000,0x0000000011b20000] byte_map_base: 0x0000000011310000

Marking Bits: (ParMarkBitMap*) 0x000000005e0b9d00
 Begin Bits: [0x0000000012080000, 0x0000000013080000)
 End Bits:   [0x0000000013080000, 0x0000000014080000)

Polling page: 0x0000000000520000

CodeCache: size=245760Kb used=4309Kb max_used=4322Kb free=241450Kb
 bounds [0x0000000002550000, 0x0000000002990000, 0x0000000011550000]
 total_blobs=1387 nmethods=1117 adapters=184
 compilation: enabled

Compilation events (10 events):
Event: 2.796 Thread 0x0000000016425000 nmethod 1114 0x0000000002986490 code [0x0000000002986600, 0x0000000002986848]
Event: 2.796 Thread 0x0000000016425000 1115       3       com.android.dx.dex.file.Section::throwIfNotPrepared (18 bytes)
Event: 2.797 Thread 0x0000000016425000 nmethod 1115 0x0000000002986910 code [0x0000000002986a80, 0x0000000002986cc8]
Event: 2.797 Thread 0x0000000016425000 1118       3       com.android.dx.dex.code.InsnFormat::unsignedFitsInNibble (14 bytes)
Event: 2.797 Thread 0x0000000016425000 nmethod 1118 0x0000000002986d90 code [0x0000000002986ee0, 0x0000000002987070]
Event: 2.797 Thread 0x0000000016425000 1117       3       com.android.dx.dex.code.CstInsn::setIndex (37 bytes)
Event: 2.797 Thread 0x0000000016425000 nmethod 1117 0x0000000002987110 code [0x00000000029872a0, 0x00000000029875d8]
Event: 2.805 Thread 0x0000000014c2d000 nmethod 1112 0x000000000298abd0 code [0x000000000298ad60, 0x000000000298b5f8]
Event: 2.805 Thread 0x0000000014c2d000 1116       4       java.util.TreeMap::getEntry (84 bytes)
Event: 2.817 Thread 0x0000000014c2d000 nmethod 1116 0x000000000298c0d0 code [0x000000000298c240, 0x000000000298c858]

GC Heap History (0 events):
No events

Deoptimization events (4 events):
Event: 2.789 Thread 0x0000000002420800 Uncommon trap: reason=class_check action=maybe_recompile pc=0x00000000028d4b28 method=java.util.Arrays.equals([Ljava/lang/Object;[Ljava/lang/Object;)Z @ 62
Event: 2.790 Thread 0x0000000002420800 Uncommon trap: reason=class_check action=maybe_recompile pc=0x00000000028d4b28 method=java.util.Arrays.equals([Ljava/lang/Object;[Ljava/lang/Object;)Z @ 62
Event: 2.790 Thread 0x0000000002420800 Uncommon trap: reason=class_check action=maybe_recompile pc=0x00000000028d4b28 method=java.util.Arrays.equals([Ljava/lang/Object;[Ljava/lang/Object;)Z @ 62
Event: 2.790 Thread 0x0000000002420800 Uncommon trap: reason=class_check action=maybe_recompile pc=0x00000000028d4b28 method=java.util.Arrays.equals([Ljava/lang/Object;[Ljava/lang/Object;)Z @ 62

Internal exceptions (2 events):
Event: 0.259 Thread 0x0000000002420800 Exception <a 'java/lang/NoSuchMethodError': Method sun.misc.Unsafe.defineClass(Ljava/lang/String;[BII)Ljava/lang/Class; name or signature does not match> (0x00000000eab07cc0) thrown at [C:\src\android\AOSP-openjdk\external\jetbrains\jdk\hotspot\src\share\v“6.™‘Ð?
Event: 0.259 Thread 0x0000000002420800 Exception <a 'java/lang/NoSuchMethodError': Method sun.misc.Unsafe.prefetchRead(Ljava/lang/Object;J)V name or signature does not match> (0x00000000eab07fa8) thrown at [C:\src\android\AOSP-openjdk\external\jetbrains\jdk\hotspot\src\share\vm\prims\jni.cpp, l

Events (10 events):
Event: 2.790 Thread 0x0000000002420800 Uncommon trap: trap_request=0xffffffde fr.pc=0x00000000028d4b28
Event: 2.790 Thread 0x0000000002420800 DEOPT PACKING pc=0x00000000028d4b28 sp=0x00000000020bee60
Event: 2.790 Thread 0x0000000002420800 DEOPT UNPACKING pc=0x000000000259556a sp=0x00000000020bede0 mode 2
Event: 2.790 Thread 0x0000000002420800 Uncommon trap: trap_request=0xffffffde fr.pc=0x00000000028d4b28
Event: 2.790 Thread 0x0000000002420800 DEOPT PACKING pc=0x00000000028d4b28 sp=0x00000000020bee60
Event: 2.790 Thread 0x0000000002420800 DEOPT UNPACKING pc=0x000000000259556a sp=0x00000000020bede0 mode 2
Event: 2.790 loading class com/android/dx/dex/code/CatchTable$Entry
Event: 2.790 loading class com/android/dx/dex/code/CatchTable$Entry done
Event: 2.791 loading class com/android/dx/util/ByteArrayAnnotatedOutput
Event: 2.791 loading class com/android/dx/util/ByteArrayAnnotatedOutput done


Dynamic libraries:
0x00007ff75b500000 - 0x00007ff75b535000 	E:\Android\android-studio-ide-145.2915834-windows\jre\bin\java.exe
0x00007ffbe4110000 - 0x00007ffbe42d1000 	C:\Windows\SYSTEM32\ntdll.dll
0x00007ffbe2080000 - 0x00007ffbe212d000 	C:\Windows\system32\KERNEL32.DLL
0x00007ffbe0ec0000 - 0x00007ffbe10a8000 	C:\Windows\system32\KERNELBASE.dll
0x00007ffbe3c80000 - 0x00007ffbe3d27000 	C:\Windows\system32\ADVAPI32.dll
0x00007ffbe4070000 - 0x00007ffbe410d000 	C:\Windows\system32\msvcrt.dll
0x00007ffbe22d0000 - 0x00007ffbe232b000 	C:\Windows\system32\sechost.dll
0x00007ffbe1d60000 - 0x00007ffbe1e7c000 	C:\Windows\system32\RPCRT4.dll
0x00007ffbe1970000 - 0x00007ffbe1ac6000 	C:\Windows\system32\USER32.dll
0x00007ffbe2140000 - 0x00007ffbe22c6000 	C:\Windows\system32\GDI32.dll
0x00007ffbd49b0000 - 0x00007ffbd4c24000 	C:\Windows\WinSxS\amd64_microsoft.windows.common-controls_6595b64144ccf1df_6.0.10586.0_none_8c15ae12515e1c22\COMCTL32.dll
0x00007ffbe24a0000 - 0x00007ffbe271d000 	C:\Windows\system32\combase.dll
0x00007ffbe14a0000 - 0x00007ffbe150a000 	C:\Windows\system32\bcryptPrimitives.dll
0x00007ffbe1ef0000 - 0x00007ffbe1f2b000 	C:\Windows\system32\IMM32.DLL
0x000000005d820000 - 0x000000005d8f2000 	E:\Android\android-studio-ide-145.2915834-windows\jre\jre\bin\msvcr100.dll
0x000000005d900000 - 0x000000005e134000 	E:\Android\android-studio-ide-145.2915834-windows\jre\jre\bin\server\jvm.dll
0x00007ffbe1530000 - 0x00007ffbe1538000 	C:\Windows\system32\PSAPI.DLL
0x00007ffbdd900000 - 0x00007ffbdd909000 	C:\Windows\SYSTEM32\WSOCK32.dll
0x00007ffbe3d30000 - 0x00007ffbe3d9b000 	C:\Windows\system32\WS2_32.dll
0x00007ffbdea60000 - 0x00007ffbdea83000 	C:\Windows\SYSTEM32\WINMM.dll
0x00007ffbd61b0000 - 0x00007ffbd61ba000 	C:\Windows\SYSTEM32\VERSION.dll
0x00007ffbdea00000 - 0x00007ffbdea2c000 	C:\Windows\SYSTEM32\WINMMBASE.dll
0x00007ffbe1300000 - 0x00007ffbe1343000 	C:\Windows\system32\cfgmgr32.dll
0x00007ffbdbbd0000 - 0x00007ffbdbbdf000 	E:\Android\android-studio-ide-145.2915834-windows\jre\jre\bin\verify.dll
0x00007ffbdba90000 - 0x00007ffbdbab9000 	E:\Android\android-studio-ide-145.2915834-windows\jre\jre\bin\java.dll
0x00007ffbdba70000 - 0x00007ffbdba86000 	E:\Android\android-studio-ide-145.2915834-windows\jre\jre\bin\zip.dll
0x00007ffbe2720000 - 0x00007ffbe3c7c000 	C:\Windows\system32\SHELL32.dll
0x00007ffbe07c0000 - 0x00007ffbe0e05000 	C:\Windows\system32\windows.storage.dll
0x00007ffbe2440000 - 0x00007ffbe2492000 	C:\Windows\system32\shlwapi.dll
0x00007ffbe0730000 - 0x00007ffbe073f000 	C:\Windows\system32\kernel.appcore.dll
0x00007ffbe1350000 - 0x00007ffbe1405000 	C:\Windows\system32\shcore.dll
0x00007ffbe0770000 - 0x00007ffbe07bb000 	C:\Windows\system32\powrprof.dll
0x00007ffbe0740000 - 0x00007ffbe0754000 	C:\Windows\system32\profapi.dll

VM Arguments:
jvm_args: -Djava.awt.headless=true -Xmx1024M -Dfile.encoding=GBK -Duser.country=CN -Duser.language=zh -Duser.variant 
java_command: com.android.dx.command.Main --dex --num-threads=4 --output E:\Teapopo\app\build\intermediates\pre-dexed\debug\ShareSDK-Linkedin-2.7.1_db46b731d0a8806e92c8c3c135244dd89ee220a5.jar E:\Teapopo\app\libs\ShareSDK-Linkedin-2.7.1.jar
java_class_path (initial): C:\Users\lhq\AppData\Local\Android\sdk\build-tools\23.0.3\lib\dx.jar
Launcher Type: SUN_STANDARD

Environment Variables:
JAVA_HOME=C:\Program Files\Java\jdk1.8.0_91
PATH=C:\ProgramData\Oracle\Java\javapath;C:\Windows\system32;C:\Windows;C:\Windows\System32\Wbem;C:\Windows\System32\WindowsPowerShell\v1.0\;C:\Users\lhq\AppData\Local\Android\sdk\platform-tools;C:\Users\lhq\AppData\Local\Android\sdk\tools;C:\Program Files\Java\jdk1.8.0_91\bin;C:\Program Files\Java\jdk1.8.0_91\jre\bin
USERNAME=lhq
OS=Windows_NT
PROCESSOR_IDENTIFIER=Intel64 Family 6 Model 69 Stepping 1, GenuineIntel



---------------  S Y S T E M  ---------------

OS: Windows 10.0 , 64 bit Build 10586 (10.0.10586.0)

CPU:total 4 (2 cores per cpu, 2 threads per core) family 6 model 69 stepping 1, cmov, cx8, fxsr, mmx, sse, sse2, sse3, ssse3, sse4.1, sse4.2, popcnt, avx, avx2, aes, clmul, erms, lzcnt, ht, tsc, tscinvbit, bmi1, bmi2

Memory: 4k page, physical 8067548k(1116272k free), swap 8067548k(3768k free)

vm_info: OpenJDK 64-Bit Server VM (25.76-b01) for windows-amd64 JRE (1.8.0_76-release-b01), built on May 12 2016 23:29:00 by "ralucas" with MS VC++ 10.0 (VS2010)

time: Fri Jul 15 16:50:12 2016
elapsed time: 2 seconds (0d 0h 0m 2s)

