#
# There is insufficient memory for the Java Runtime Environment to continue.
# Native memory allocation (malloc) failed to allocate 553936 bytes for Chunk::new
# Possible reasons:
#   The system is out of physical RAM or swap space
#   In 32 bit mode, the process size limit was hit
# Possible solutions:
#   Reduce memory load on the system
#   Increase physical memory or swap space
#   Check if swap backing store is full
#   Use 64 bit Java on a 64 bit OS
#   Decrease Java heap size (-Xmx/-Xms)
#   Decrease number of Java threads
#   Decrease Java thread stack sizes (-Xss)
#   Set larger code cache with -XX:ReservedCodeCacheSize=
# This output file may be truncated or incomplete.
#
#  Out of Memory Error (allocation.cpp:390), pid=102872, tid=0x0000000000019020
#
# JRE version: OpenJDK Runtime Environment (8.0_76-b01) (build 1.8.0_76-release-b01)
# Java VM: OpenJDK 64-Bit Server VM (25.76-b01 mixed mode windows-amd64 compressed oops)
# Failed to write core dump. Minidumps are not enabled by default on client versions of Windows
#

---------------  T H R E A D  ---------------

Current thread (0x0000000014d8a800):  JavaThread "C2 CompilerThread1" daemon [_thread_in_native, id=102432, stack(0x0000000016390000,0x0000000016490000)]

Stack: [0x0000000016390000,0x0000000016490000]
[error occurred during error reporting (printing stack bounds), id 0xc0000005]

Native frames: (J=compiled Java code, j=interpreted, Vv=VM code, C=native code)


Current CompileTask:
C2:   2400 1142       4       com.android.dx.ssa.SCCP::simulateStmt (481 bytes)


---------------  P R O C E S S  ---------------

Java Threads: ( => current thread )
  0x0000000016727000 JavaThread "pool-1-thread-4" [_thread_in_Java, id=31220, stack(0x0000000016f90000,0x0000000017090000)]
  0x0000000016723000 JavaThread "pool-2-thread-1" [_thread_blocked, id=91152, stack(0x0000000016c90000,0x0000000016d90000)]
  0x00000000164e9000 JavaThread "Service Thread" daemon [_thread_blocked, id=100992, stack(0x0000000016990000,0x0000000016a90000)]
  0x00000000164e4800 JavaThread "C1 CompilerThread2" daemon [_thread_blocked, id=101320, stack(0x0000000016890000,0x0000000016990000)]
=>0x0000000014d8a800 JavaThread "C2 CompilerThread1" daemon [_thread_in_native, id=102432, stack(0x0000000016390000,0x0000000016490000)]
  0x0000000014d3d800 JavaThread "C2 CompilerThread0" daemon [_thread_in_native, id=101640, stack(0x0000000016290000,0x0000000016390000)]
  0x0000000014d3c000 JavaThread "Attach Listener" daemon [_thread_blocked, id=103388, stack(0x0000000016190000,0x0000000016290000)]
  0x0000000014d3b000 JavaThread "Signal Dispatcher" daemon [_thread_blocked, id=103400, stack(0x0000000016090000,0x0000000016190000)]
  0x0000000014d18800 JavaThread "Finalizer" daemon [_thread_blocked, id=102424, stack(0x0000000015f90000,0x0000000016090000)]
  0x0000000002650000 JavaThread "Reference Handler" daemon [_thread_blocked, id=101832, stack(0x0000000015e90000,0x0000000015f90000)]
  0x0000000002560800 JavaThread "main" [_thread_blocked, id=100692, stack(0x0000000002050000,0x0000000002150000)]

Other Threads:
  0x0000000014cf5800 VMThread [stack: 0x0000000015d90000,0x0000000015e90000] [id=91772]
  0x00000000164eb800 WatcherThread [stack: 0x0000000016a90000,0x0000000016b90000] [id=91164]

VM state:not at safepoint (normal execution)

VM Mutex/Monitor currently owned by a thread: None

Heap:
 PSYoungGen      total 36864K, used 15967K [0x00000000eab00000, 0x00000000ef300000, 0x0000000100000000)
  eden space 31744K, 34% used [0x00000000eab00000,0x00000000eb59acd8,0x00000000eca00000)
  from space 5120K, 99% used [0x00000000eca00000,0x00000000ecefcf28,0x00000000ecf00000)
  to   space 5120K, 0% used [0x00000000eee00000,0x00000000eee00000,0x00000000ef300000)
 ParOldGen       total 84992K, used 1403K [0x00000000c0000000, 0x00000000c5300000, 0x00000000eab00000)
  object space 84992K, 1% used [0x00000000c0000000,0x00000000c015ee30,0x00000000c5300000)
 Metaspace       used 5950K, capacity 6896K, committed 7040K, reserved 1056768K
  class space    used 575K, capacity 616K, committed 640K, reserved 1048576K

Card table byte_map: [0x0000000011a20000,0x0000000011c30000] byte_map_base: 0x0000000011420000

Marking Bits: (ParMarkBitMap*) 0x000000005f499d00
 Begin Bits: [0x0000000012190000, 0x0000000013190000)
 End Bits:   [0x0000000013190000, 0x0000000014190000)

Polling page: 0x0000000000510000

CodeCache: size=245760Kb used=4886Kb max_used=4886Kb free=240873Kb
 bounds [0x0000000002660000, 0x0000000002b30000, 0x0000000011660000]
 total_blobs=1469 nmethods=1199 adapters=184
 compilation: enabled

Compilation events (10 events):
Event: 2.354 Thread 0x00000000164e4800 1214       3       com.android.dx.rop.cst.CstNat::equals (48 bytes)
Event: 2.354 Thread 0x00000000164e4800 nmethod 1214 0x0000000002b25c90 code [0x0000000002b25e60, 0x0000000002b26858]
Event: 2.354 Thread 0x00000000164e4800 1211       3       com.android.dx.dex.file.Section::throwIfPrepared (18 bytes)
Event: 2.355 Thread 0x00000000164e4800 nmethod 1211 0x0000000002b26ad0 code [0x0000000002b26c40, 0x0000000002b26e88]
Event: 2.355 Thread 0x00000000164e4800 1212       3       com.android.dx.ssa.BasicRegisterMapper::<init> (17 bytes)
Event: 2.355 Thread 0x00000000164e4800 nmethod 1212 0x0000000002b26f50 code [0x0000000002b270c0, 0x0000000002b27388]
Event: 2.355 Thread 0x00000000164e4800 1207       3       com.android.dx.ssa.back.FirstFitLocalCombiningAllocator::tryMapReg (41 bytes)
Event: 2.356 Thread 0x00000000164e4800 nmethod 1207 0x0000000002b274d0 code [0x0000000002b27700, 0x0000000002b284c8]
Event: 2.356 Thread 0x00000000164e4800 1205       3       java.util.HashMap::tableSizeFor (59 bytes)
Event: 2.356 Thread 0x00000000164e4800 nmethod 1205 0x0000000002b28b90 code [0x0000000002b28d00, 0x0000000002b28f10]

GC Heap History (2 events):
Event: 1.998 GC heap before
{Heap before GC invocations=1 (full 0):
 PSYoungGen      total 36864K, used 31744K [0x00000000eab00000, 0x00000000ed400000, 0x0000000100000000)
  eden space 31744K, 100% used [0x00000000eab00000,0x00000000eca00000,0x00000000eca00000)
  from space 5120K, 0% used [0x00000000ecf00000,0x00000000ecf00000,0x00000000ed400000)
  to   space 5120K, 0% used [0x00000000eca00000,0x00000000eca00000,0x00000000ecf00000)
 ParOldGen       total 84992K, used 0K [0x00000000c0000000, 0x00000000c5300000, 0x00000000eab00000)
  object space 84992K, 0% used [0x00000000c0000000,0x00000000c0000000,0x00000000c5300000)
 Metaspace       used 5897K, capacity 6896K, committed 7040K, reserved 1056768K
  class space    used 574K, capacity 616K, committed 640K, reserved 1048576K
Event: 2.048 GC heap after
Heap after GC invocations=1 (full 0):
 PSYoungGen      total 36864K, used 5107K [0x00000000eab00000, 0x00000000ef300000, 0x0000000100000000)
  eden space 31744K, 0% used [0x00000000eab00000,0x00000000eab00000,0x00000000eca00000)
  from space 5120K, 99% used [0x00000000eca00000,0x00000000ecefcf28,0x00000000ecf00000)
  to   space 5120K, 0% used [0x00000000eee00000,0x00000000eee00000,0x00000000ef300000)
 ParOldGen       total 84992K, used 1403K [0x00000000c0000000, 0x00000000c5300000, 0x00000000eab00000)
  object space 84992K, 1% used [0x00000000c0000000,0x00000000c015ee30,0x00000000c5300000)
 Metaspace       used 5897K, capacity 6896K, committed 7040K, reserved 1056768K
  class space    used 574K, capacity 616K, committed 640K, reserved 1048576K
}

Deoptimization events (10 events):
Event: 1.141 Thread 0x0000000016725800 Uncommon trap: reason=unstable_if action=reinterpret pc=0x00000000028580b8 method=java.util.HashMap.getNode(ILjava/lang/Object;)Ljava/util/HashMap$Node; @ 62
Event: 1.447 Thread 0x0000000016727000 Uncommon trap: reason=null_check action=make_not_entrant pc=0x000000000293290c method=com.android.dx.ssa.SsaRenamer.getLocalForNewReg(I)Lcom/android/dx/rop/code/LocalItem; @ 19
Event: 1.847 Thread 0x0000000016727000 Uncommon trap: reason=unstable_if action=reinterpret pc=0x00000000029c2d14 method=com.android.dx.rop.code.LocalItem.hashCode()I @ 25
Event: 1.847 Thread 0x0000000016727000 Uncommon trap: reason=unstable_if action=reinterpret pc=0x000000000293c508 method=com.android.dx.rop.code.LocalItem.hashCode()I @ 25
Event: 1.847 Thread 0x0000000002560800 Uncommon trap: reason=unstable_if action=reinterpret pc=0x0000000002859aa8 method=java.util.HashMap.getNode(ILjava/lang/Object;)Ljava/util/HashMap$Node; @ 62
Event: 1.852 Thread 0x0000000016722000 Uncommon trap: reason=unstable_if action=reinterpret pc=0x000000000292954c method=com.android.dx.rop.code.RegisterSpec.equals(ILcom/android/dx/rop/type/TypeBearer;Lcom/android/dx/rop/code/LocalItem;)Z @ 42
Event: 1.852 Thread 0x0000000016722000 Uncommon trap: reason=unstable_if action=reinterpret pc=0x00000000029cc8f8 method=com.android.dx.rop.code.RegisterSpec.equals(ILcom/android/dx/rop/type/TypeBearer;Lcom/android/dx/rop/code/LocalItem;)Z @ 42
Event: 2.206 Thread 0x0000000016727000 Uncommon trap: reason=unstable_if action=reinterpret pc=0x00000000029d9160 method=com.android.dx.rop.code.LocalItem.hashCode()I @ 25
Event: 2.215 Thread 0x0000000016727000 Uncommon trap: reason=bimorphic action=maybe_recompile pc=0x00000000028da5a0 method=java.util.HashMap.getNode(ILjava/lang/Object;)Ljava/util/HashMap$Node; @ 126
Event: 2.215 Thread 0x0000000016727000 Uncommon trap: reason=class_check action=maybe_recompile pc=0x0000000002a46a54 method=java.util.HashMap.putVal(ILjava/lang/Object;Ljava/lang/Object;ZZ)Ljava/lang/Object; @ 203

Internal exceptions (3 events):
Event: 0.217 Thread 0x0000000002560800 Exception <a 'java/lang/NoSuchMethodError': Method sun.misc.Unsafe.defineClass(Ljava/lang/String;[BII)Ljava/lang/Class; name or signature does not match> (0x00000000eab07cc0) thrown at [C:\src\android\AOSP-openjdk\external\jetbrains\jdk\hotspot\src\share\v…y÷ÛG¿À?
Event: 0.217 Thread 0x0000000002560800 Exception <a 'java/lang/NoSuchMethodError': Method sun.misc.Unsafe.prefetchRead(Ljava/lang/Object;J)V name or signature does not match> (0x00000000eab07fa8) thrown at [C:\src\android\AOSP-openjdk\external\jetbrains\jdk\hotspot\src\share\vm\prims\jni.cpp, l:⁄'˜?
Event: 1.447 Thread 0x0000000016727000 Implicit null exception at 0x0000000002930231 to 0x00000000029328c1

Events (10 events):
Event: 2.206 Thread 0x0000000016727000 DEOPT PACKING pc=0x00000000029d9160 sp=0x000000001708e8e0
Event: 2.206 Thread 0x0000000016727000 DEOPT UNPACKING pc=0x00000000026a556a sp=0x000000001708e4a0 mode 2
Event: 2.215 Thread 0x0000000016727000 Uncommon trap: trap_request=0xffffffc6 fr.pc=0x00000000028da5a0
Event: 2.215 Thread 0x0000000016727000 DEOPT PACKING pc=0x00000000028da5a0 sp=0x000000001708e9a0
Event: 2.215 Thread 0x0000000016727000 DEOPT UNPACKING pc=0x00000000026a556a sp=0x000000001708e920 mode 2
Event: 2.215 Thread 0x0000000016727000 Uncommon trap: trap_request=0xffffffde fr.pc=0x0000000002a46a54
Event: 2.215 Thread 0x0000000016727000 DEOPT PACKING pc=0x0000000002a46a54 sp=0x000000001708e9c0
Event: 2.215 Thread 0x0000000016727000 DEOPT UNPACKING pc=0x00000000026a556a sp=0x000000001708e8e8 mode 2
Event: 2.223 Thread 0x0000000016725800 Thread exited: 0x0000000016725800
Event: 2.312 Thread 0x0000000016722000 Thread exited: 0x0000000016722000


Dynamic libraries:
0x00007ff6a3010000 - 0x00007ff6a3045000 	E:\Android\android-studio-ide-145.2915834-windows\jre\bin\java.exe
0x00007ffecf410000 - 0x00007ffecf5d1000 	C:\Windows\SYSTEM32\ntdll.dll
0x00007ffecef70000 - 0x00007ffecf01d000 	C:\Windows\system32\KERNEL32.DLL
0x00007ffecc330000 - 0x00007ffecc518000 	C:\Windows\system32\KERNELBASE.dll
0x00007ffecc9e0000 - 0x00007ffecca87000 	C:\Windows\system32\ADVAPI32.dll
0x00007ffece4c0000 - 0x00007ffece55d000 	C:\Windows\system32\msvcrt.dll
0x00007ffeccd10000 - 0x00007ffeccd6b000 	C:\Windows\system32\sechost.dll
0x00007ffece730000 - 0x00007ffece84c000 	C:\Windows\system32\RPCRT4.dll
0x00007ffece920000 - 0x00007ffecea76000 	C:\Windows\system32\USER32.dll
0x00007ffeccd90000 - 0x00007ffeccf16000 	C:\Windows\system32\GDI32.dll
0x00007ffebe600000 - 0x00007ffebe874000 	C:\Windows\WinSxS\amd64_microsoft.windows.common-controls_6595b64144ccf1df_6.0.10586.0_none_8c15ae12515e1c22\COMCTL32.dll
0x00007ffecca90000 - 0x00007ffeccd0d000 	C:\Windows\system32\combase.dll
0x00007ffecc520000 - 0x00007ffecc58a000 	C:\Windows\system32\bcryptPrimitives.dll
0x00007ffeccf20000 - 0x00007ffeccf5b000 	C:\Windows\system32\IMM32.DLL
0x00000000600f0000 - 0x00000000601c2000 	E:\Android\android-studio-ide-145.2915834-windows\jre\jre\bin\msvcr100.dll
0x000000005ece0000 - 0x000000005f514000 	E:\Android\android-studio-ide-145.2915834-windows\jre\jre\bin\server\jvm.dll
0x00007ffecf1d0000 - 0x00007ffecf1d8000 	C:\Windows\system32\PSAPI.DLL
0x00007ffec9c20000 - 0x00007ffec9c29000 	C:\Windows\SYSTEM32\WSOCK32.dll
0x00007ffece560000 - 0x00007ffece5cb000 	C:\Windows\system32\WS2_32.dll
0x00007ffec9d40000 - 0x00007ffec9d63000 	C:\Windows\SYSTEM32\WINMM.dll
0x00007ffec1700000 - 0x00007ffec170a000 	C:\Windows\SYSTEM32\VERSION.dll
0x00007ffec9bf0000 - 0x00007ffec9c1c000 	C:\Windows\SYSTEM32\WINMMBASE.dll
0x00007ffecbbd0000 - 0x00007ffecbc13000 	C:\Windows\system32\cfgmgr32.dll
0x00007ffec8ed0000 - 0x00007ffec8edf000 	E:\Android\android-studio-ide-145.2915834-windows\jre\jre\bin\verify.dll
0x00007ffec8d20000 - 0x00007ffec8d49000 	E:\Android\android-studio-ide-145.2915834-windows\jre\jre\bin\java.dll
0x00007ffec8d00000 - 0x00007ffec8d16000 	E:\Android\android-studio-ide-145.2915834-windows\jre\jre\bin\zip.dll
0x00007ffeccf60000 - 0x00007ffece4bc000 	C:\Windows\system32\SHELL32.dll
0x00007ffecbce0000 - 0x00007ffecc325000 	C:\Windows\system32\windows.storage.dll
0x00007ffecea80000 - 0x00007ffecead2000 	C:\Windows\system32\shlwapi.dll
0x00007ffecba90000 - 0x00007ffecba9f000 	C:\Windows\system32\kernel.appcore.dll
0x00007ffecbc20000 - 0x00007ffecbcd5000 	C:\Windows\system32\shcore.dll
0x00007ffecba30000 - 0x00007ffecba7b000 	C:\Windows\system32\powrprof.dll
0x00007ffecbaa0000 - 0x00007ffecbab4000 	C:\Windows\system32\profapi.dll

VM Arguments:
jvm_args: -Djava.awt.headless=true -Xmx1024M -Dfile.encoding=GBK -Duser.country=CN -Duser.language=zh -Duser.variant 
java_command: com.android.dx.command.Main --dex --num-threads=4 --output E:\Teapopo\app\build\intermediates\pre-dexed\debug\com.mcxiaoke.viewpagerindicator-library-2.4.1_2b5ce2e16f5c8951c06b9dd1280659dcdfd6be56.jar E:\Teapopo\app\build\intermediates\exploded-aar\com.mcxiaoke.viewpagerindicator\library\2.4.1\jars\classes.jar
java_class_path (initial): C:\Users\lhq\AppData\Local\Android\sdk\build-tools\23.0.3\lib\dx.jar
Launcher Type: SUN_STANDARD

Environment Variables:
JAVA_HOME=C:\Program Files\Java\jdk1.8.0_91
PATH=C:\ProgramData\Oracle\Java\javapath;C:\Windows\system32;C:\Windows;C:\Windows\System32\Wbem;C:\Windows\System32\WindowsPowerShell\v1.0\;C:\Users\lhq\AppData\Local\Android\sdk\platform-tools;C:\Users\lhq\AppData\Local\Android\sdk\tools;C:\Program Files\Java\jdk1.8.0_91\bin;C:\Program Files\Java\jdk1.8.0_91\jre\bin
USERNAME=lhq
OS=Windows_NT
PROCESSOR_IDENTIFIER=Intel64 Family 6 Model 69 Stepping 1, GenuineIntel



---------------  S Y S T E M  ---------------

OS: Windows 10.0 , 64 bit Build 10586 (10.0.10586.0)

CPU:total 4 (2 cores per cpu, 2 threads per core) family 6 model 69 stepping 1, cmov, cx8, fxsr, mmx, sse, sse2, sse3, ssse3, sse4.1, sse4.2, popcnt, avx, avx2, aes, clmul, erms, lzcnt, ht, tsc, tscinvbit, bmi1, bmi2

Memory: 4k page, physical 8067548k(1150492k free), swap 8067548k(5424k free)

vm_info: OpenJDK 64-Bit Server VM (25.76-b01) for windows-amd64 JRE (1.8.0_76-release-b01), built on May 12 2016 23:29:00 by "ralucas" with MS VC++ 10.0 (VS2010)

time: Thu Jul 07 11:07:38 2016
elapsed time: 2 seconds (0d 0h 0m 2s)

